/home/minh/Documents/UTU-Doctorate/control_theory/hls4ml-tutorial/model_5_pynq/conifer_jettag/solution1/.autopilot/db/BDT.pp.0.cpp:2271:5: warning: Added loop label VITIS_LOOP_676_1:   [xilinx-label-all-loops]
    for (unsigned i = low; i != high+1; ++i) {
    ^~~
    VITIS_LOOP_676_1: 
/home/minh/Documents/UTU-Doctorate/control_theory/hls4ml-tutorial/model_5_pynq/conifer_jettag/solution1/.autopilot/db/BDT.pp.0.cpp:2271:5: note: FIX-IT applied suggested code changes
/home/minh/Documents/UTU-Doctorate/control_theory/hls4ml-tutorial/model_5_pynq/conifer_jettag/solution1/.autopilot/db/BDT.pp.0.cpp:2285:5: warning: Added loop label VITIS_LOOP_690_1:   [xilinx-label-all-loops]
    for (unsigned i = low; i != high+1; ++i) {
    ^~~
    VITIS_LOOP_690_1: 
/home/minh/Documents/UTU-Doctorate/control_theory/hls4ml-tutorial/model_5_pynq/conifer_jettag/solution1/.autopilot/db/BDT.pp.0.cpp:2285:5: note: FIX-IT applied suggested code changes
/home/minh/Documents/UTU-Doctorate/control_theory/hls4ml-tutorial/model_5_pynq/conifer_jettag/solution1/.autopilot/db/BDT.pp.0.cpp:2299:5: warning: Added loop label VITIS_LOOP_704_1:   [xilinx-label-all-loops]
    for (unsigned i = low; i != high+1; ++i) {
    ^~~
    VITIS_LOOP_704_1: 
/home/minh/Documents/UTU-Doctorate/control_theory/hls4ml-tutorial/model_5_pynq/conifer_jettag/solution1/.autopilot/db/BDT.pp.0.cpp:2299:5: note: FIX-IT applied suggested code changes
/home/minh/Documents/UTU-Doctorate/control_theory/hls4ml-tutorial/model_5_pynq/conifer_jettag/solution1/.autopilot/db/BDT.pp.0.cpp:3921:7: warning: Added loop label VITIS_LOOP_1248_1:   [xilinx-label-all-loops]
      for (i = 0; i < __N - 1; ++i) {
      ^~~
      VITIS_LOOP_1248_1: 
/home/minh/Documents/UTU-Doctorate/control_theory/hls4ml-tutorial/model_5_pynq/conifer_jettag/solution1/.autopilot/db/BDT.pp.0.cpp:3921:7: note: FIX-IT applied suggested code changes
/home/minh/Documents/UTU-Doctorate/control_theory/hls4ml-tutorial/model_5_pynq/conifer_jettag/solution1/.autopilot/db/BDT.pp.0.cpp:5794:5: warning: Added loop label VITIS_LOOP_116_1:   [xilinx-label-all-loops]
    for(int i = 0; i < n_leaves; i++){
    ^~~
    VITIS_LOOP_116_1: 
/home/minh/Documents/UTU-Doctorate/control_theory/hls4ml-tutorial/model_5_pynq/conifer_jettag/solution1/.autopilot/db/BDT.pp.0.cpp:5794:5: note: FIX-IT applied suggested code changes
/home/minh/Documents/UTU-Doctorate/control_theory/hls4ml-tutorial/model_5_pynq/conifer_jettag/solution1/.autopilot/db/BDT.pp.0.cpp:5827:5: warning: Added loop label VITIS_LOOP_149_1:   [xilinx-label-all-loops]
    for(int j = 0; j < fn_classes(n_classes); j++){
    ^~~
    VITIS_LOOP_149_1: 
/home/minh/Documents/UTU-Doctorate/control_theory/hls4ml-tutorial/model_5_pynq/conifer_jettag/solution1/.autopilot/db/BDT.pp.0.cpp:5827:5: note: FIX-IT applied suggested code changes
