

================================================================
== Vitis HLS Report for 'decision_function_98'
================================================================
* Date:           Tue Mar 11 16:22:20 2025

* Version:        2024.2 (Build 5238294 on Nov  8 2024)
* Project:        conifer_jettag
* Solution:       solution1 (Vivado IP Flow Target)
* Product family: zynq
* Target device:  xc7z020-clg400-1


================================================================
== Performance Estimates
================================================================
+ Timing: 
    * Summary: 
    +--------+---------+----------+------------+
    |  Clock |  Target | Estimated| Uncertainty|
    +--------+---------+----------+------------+
    |ap_clk  |  5.00 ns|  3.645 ns|     1.35 ns|
    +--------+---------+----------+------------+

+ Latency: 
    * Summary: 
    +---------+---------+-----------+-----------+-----+-----+---------+
    |  Latency (cycles) |   Latency (absolute)  |  Interval | Pipeline|
    |   min   |   max   |    min    |    max    | min | max |   Type  |
    +---------+---------+-----------+-----------+-----+-----+---------+
    |        7|        7|  35.000 ns|  35.000 ns|    1|    1|      yes|
    +---------+---------+-----------+-----------+-----+-----+---------+

    + Detail: 
        * Instance: 
        N/A

        * Loop: 
        N/A

============================================================
+ Verbose Summary: Synthesis Manager
============================================================
InlineROM: 1
ExposeGlobal: 0
============================================================
+ Verbose Summary: CDFG Model
============================================================
IsTopModel: 0
ResetActiveHigh: 1
IsCombinational: 0
IsDatapathOnly: 0
HasWiredReturn: 1
HasMFsm: 2
HasVarLatency: 0
IsPipeline: 1
IsRtlPipelined: 1
IsInstanceOverlapped: 0
IsDontTouch: 0
HasImplIP: 0
IsGatedGlobalClock: 0

+ Individual pipeline summary: 
  * Pipeline-0: initiation interval (II) = 1, depth = 8


============================================================
+ Verbose Summary: Schedule
============================================================
* Number of FSM states : 8
* Pipeline : 1
  Pipeline-0 : II = 1, D = 8, States = { 1 2 3 4 5 6 7 8 }
* Dataflow Pipeline: 0

* FSM state transitions: 
1 --> 2 
2 --> 3 
3 --> 4 
4 --> 5 
5 --> 6 
6 --> 7 
7 --> 8 
8 --> 

* FSM state operations: 

State 1 <SV = 0> <Delay = 3.11>
ST_1 : Operation 9 [1/1] (0.00ns)   --->   "%p_read = read i18 @_ssdm_op_Read.ap_auto.i18, i18 %p_read14" [firmware/BDT.h:86]   --->   Operation 9 'read' 'p_read' <Predicate = true> <Delay = 0.00>
ST_1 : Operation 10 [1/1] (0.00ns)   --->   "%p_read_18 = read i18 @_ssdm_op_Read.ap_auto.i18, i18 %p_read13" [firmware/BDT.h:86]   --->   Operation 10 'read' 'p_read_18' <Predicate = true> <Delay = 0.00>
ST_1 : Operation 11 [1/1] (0.00ns)   --->   "%p_read_19 = read i18 @_ssdm_op_Read.ap_auto.i18, i18 %p_read12" [firmware/BDT.h:86]   --->   Operation 11 'read' 'p_read_19' <Predicate = true> <Delay = 0.00>
ST_1 : Operation 12 [1/1] (0.00ns)   --->   "%p_read_20 = read i18 @_ssdm_op_Read.ap_auto.i18, i18 %p_read11" [firmware/BDT.h:86]   --->   Operation 12 'read' 'p_read_20' <Predicate = true> <Delay = 0.00>
ST_1 : Operation 13 [1/1] (0.00ns)   --->   "%p_read1014 = read i18 @_ssdm_op_Read.ap_auto.i18, i18 %p_read10" [firmware/BDT.h:86]   --->   Operation 13 'read' 'p_read1014' <Predicate = true> <Delay = 0.00>
ST_1 : Operation 14 [1/1] (0.00ns)   --->   "%p_read913 = read i18 @_ssdm_op_Read.ap_auto.i18, i18 %p_read9" [firmware/BDT.h:86]   --->   Operation 14 'read' 'p_read913' <Predicate = true> <Delay = 0.00>
ST_1 : Operation 15 [1/1] (0.00ns)   --->   "%p_read812 = read i18 @_ssdm_op_Read.ap_auto.i18, i18 %p_read8" [firmware/BDT.h:86]   --->   Operation 15 'read' 'p_read812' <Predicate = true> <Delay = 0.00>
ST_1 : Operation 16 [1/1] (0.00ns)   --->   "%p_read711 = read i18 @_ssdm_op_Read.ap_auto.i18, i18 %p_read7" [firmware/BDT.h:86]   --->   Operation 16 'read' 'p_read711' <Predicate = true> <Delay = 0.00>
ST_1 : Operation 17 [1/1] (0.00ns)   --->   "%p_read610 = read i18 @_ssdm_op_Read.ap_auto.i18, i18 %p_read6" [firmware/BDT.h:86]   --->   Operation 17 'read' 'p_read610' <Predicate = true> <Delay = 0.00>
ST_1 : Operation 18 [1/1] (0.00ns)   --->   "%p_read59 = read i18 @_ssdm_op_Read.ap_auto.i18, i18 %p_read5" [firmware/BDT.h:86]   --->   Operation 18 'read' 'p_read59' <Predicate = true> <Delay = 0.00>
ST_1 : Operation 19 [1/1] (0.00ns)   --->   "%p_read48 = read i18 @_ssdm_op_Read.ap_auto.i18, i18 %p_read4" [firmware/BDT.h:86]   --->   Operation 19 'read' 'p_read48' <Predicate = true> <Delay = 0.00>
ST_1 : Operation 20 [1/1] (0.00ns)   --->   "%p_read37 = read i18 @_ssdm_op_Read.ap_auto.i18, i18 %p_read3" [firmware/BDT.h:86]   --->   Operation 20 'read' 'p_read37' <Predicate = true> <Delay = 0.00>
ST_1 : Operation 21 [1/1] (0.00ns)   --->   "%p_read26 = read i18 @_ssdm_op_Read.ap_auto.i18, i18 %p_read2" [firmware/BDT.h:86]   --->   Operation 21 'read' 'p_read26' <Predicate = true> <Delay = 0.00>
ST_1 : Operation 22 [1/1] (0.00ns)   --->   "%p_read15 = read i18 @_ssdm_op_Read.ap_auto.i18, i18 %p_read1" [firmware/BDT.h:86]   --->   Operation 22 'read' 'p_read15' <Predicate = true> <Delay = 0.00>
ST_1 : Operation 23 [1/1] (2.13ns)   --->   "%icmp_ln86 = icmp_slt  i18 %p_read812, i18 906" [firmware/BDT.h:86]   --->   Operation 23 'icmp' 'icmp_ln86' <Predicate = true> <Delay = 2.13> <CoreInst = "Cmp">   --->   Core 9 'Cmp' <Latency = 0> <II = 1> <Delay = 2.13> <FuncUnit> <Opcode : 'seteq' 'setne' 'setle' 'setge' 'setlt' 'setgt'> <InPorts = 2> <OutPorts = 1>
ST_1 : Operation 24 [1/1] (2.13ns)   --->   "%icmp_ln86_31 = icmp_slt  i18 %p_read711, i18 379" [firmware/BDT.h:86]   --->   Operation 24 'icmp' 'icmp_ln86_31' <Predicate = true> <Delay = 2.13> <CoreInst = "Cmp">   --->   Core 9 'Cmp' <Latency = 0> <II = 1> <Delay = 2.13> <FuncUnit> <Opcode : 'seteq' 'setne' 'setle' 'setge' 'setlt' 'setgt'> <InPorts = 2> <OutPorts = 1>
ST_1 : Operation 25 [1/1] (2.13ns)   --->   "%icmp_ln86_32 = icmp_slt  i18 %p_read_20, i18 1242" [firmware/BDT.h:86]   --->   Operation 25 'icmp' 'icmp_ln86_32' <Predicate = true> <Delay = 2.13> <CoreInst = "Cmp">   --->   Core 9 'Cmp' <Latency = 0> <II = 1> <Delay = 2.13> <FuncUnit> <Opcode : 'seteq' 'setne' 'setle' 'setge' 'setlt' 'setgt'> <InPorts = 2> <OutPorts = 1>
ST_1 : Operation 26 [1/1] (2.13ns)   --->   "%icmp_ln86_33 = icmp_slt  i18 %p_read, i18 1918" [firmware/BDT.h:86]   --->   Operation 26 'icmp' 'icmp_ln86_33' <Predicate = true> <Delay = 2.13> <CoreInst = "Cmp">   --->   Core 9 'Cmp' <Latency = 0> <II = 1> <Delay = 2.13> <FuncUnit> <Opcode : 'seteq' 'setne' 'setle' 'setge' 'setlt' 'setgt'> <InPorts = 2> <OutPorts = 1>
ST_1 : Operation 27 [1/1] (2.13ns)   --->   "%icmp_ln86_34 = icmp_slt  i18 %p_read59, i18 1515" [firmware/BDT.h:86]   --->   Operation 27 'icmp' 'icmp_ln86_34' <Predicate = true> <Delay = 2.13> <CoreInst = "Cmp">   --->   Core 9 'Cmp' <Latency = 0> <II = 1> <Delay = 2.13> <FuncUnit> <Opcode : 'seteq' 'setne' 'setle' 'setge' 'setlt' 'setgt'> <InPorts = 2> <OutPorts = 1>
ST_1 : Operation 28 [1/1] (2.13ns)   --->   "%icmp_ln86_35 = icmp_slt  i18 %p_read15, i18 851" [firmware/BDT.h:86]   --->   Operation 28 'icmp' 'icmp_ln86_35' <Predicate = true> <Delay = 2.13> <CoreInst = "Cmp">   --->   Core 9 'Cmp' <Latency = 0> <II = 1> <Delay = 2.13> <FuncUnit> <Opcode : 'seteq' 'setne' 'setle' 'setge' 'setlt' 'setgt'> <InPorts = 2> <OutPorts = 1>
ST_1 : Operation 29 [1/1] (2.13ns)   --->   "%icmp_ln86_36 = icmp_slt  i18 %p_read37, i18 261371" [firmware/BDT.h:86]   --->   Operation 29 'icmp' 'icmp_ln86_36' <Predicate = true> <Delay = 2.13> <CoreInst = "Cmp">   --->   Core 9 'Cmp' <Latency = 0> <II = 1> <Delay = 2.13> <FuncUnit> <Opcode : 'seteq' 'setne' 'setle' 'setge' 'setlt' 'setgt'> <InPorts = 2> <OutPorts = 1>
ST_1 : Operation 30 [1/1] (2.13ns)   --->   "%icmp_ln86_37 = icmp_slt  i18 %p_read48, i18 3025" [firmware/BDT.h:86]   --->   Operation 30 'icmp' 'icmp_ln86_37' <Predicate = true> <Delay = 2.13> <CoreInst = "Cmp">   --->   Core 9 'Cmp' <Latency = 0> <II = 1> <Delay = 2.13> <FuncUnit> <Opcode : 'seteq' 'setne' 'setle' 'setge' 'setlt' 'setgt'> <InPorts = 2> <OutPorts = 1>
ST_1 : Operation 31 [1/1] (2.13ns)   --->   "%icmp_ln86_38 = icmp_slt  i18 %p_read_18, i18 527" [firmware/BDT.h:86]   --->   Operation 31 'icmp' 'icmp_ln86_38' <Predicate = true> <Delay = 2.13> <CoreInst = "Cmp">   --->   Core 9 'Cmp' <Latency = 0> <II = 1> <Delay = 2.13> <FuncUnit> <Opcode : 'seteq' 'setne' 'setle' 'setge' 'setlt' 'setgt'> <InPorts = 2> <OutPorts = 1>
ST_1 : Operation 32 [1/1] (2.13ns)   --->   "%icmp_ln86_39 = icmp_slt  i18 %p_read_18, i18 1251" [firmware/BDT.h:86]   --->   Operation 32 'icmp' 'icmp_ln86_39' <Predicate = true> <Delay = 2.13> <CoreInst = "Cmp">   --->   Core 9 'Cmp' <Latency = 0> <II = 1> <Delay = 2.13> <FuncUnit> <Opcode : 'seteq' 'setne' 'setle' 'setge' 'setlt' 'setgt'> <InPorts = 2> <OutPorts = 1>
ST_1 : Operation 33 [1/1] (2.13ns)   --->   "%icmp_ln86_40 = icmp_slt  i18 %p_read_18, i18 1495" [firmware/BDT.h:86]   --->   Operation 33 'icmp' 'icmp_ln86_40' <Predicate = true> <Delay = 2.13> <CoreInst = "Cmp">   --->   Core 9 'Cmp' <Latency = 0> <II = 1> <Delay = 2.13> <FuncUnit> <Opcode : 'seteq' 'setne' 'setle' 'setge' 'setlt' 'setgt'> <InPorts = 2> <OutPorts = 1>
ST_1 : Operation 34 [1/1] (2.13ns)   --->   "%icmp_ln86_41 = icmp_slt  i18 %p_read26, i18 261953" [firmware/BDT.h:86]   --->   Operation 34 'icmp' 'icmp_ln86_41' <Predicate = true> <Delay = 2.13> <CoreInst = "Cmp">   --->   Core 9 'Cmp' <Latency = 0> <II = 1> <Delay = 2.13> <FuncUnit> <Opcode : 'seteq' 'setne' 'setle' 'setge' 'setlt' 'setgt'> <InPorts = 2> <OutPorts = 1>
ST_1 : Operation 35 [1/1] (2.13ns)   --->   "%icmp_ln86_42 = icmp_slt  i18 %p_read_20, i18 262056" [firmware/BDT.h:86]   --->   Operation 35 'icmp' 'icmp_ln86_42' <Predicate = true> <Delay = 2.13> <CoreInst = "Cmp">   --->   Core 9 'Cmp' <Latency = 0> <II = 1> <Delay = 2.13> <FuncUnit> <Opcode : 'seteq' 'setne' 'setle' 'setge' 'setlt' 'setgt'> <InPorts = 2> <OutPorts = 1>
ST_1 : Operation 36 [1/1] (2.13ns)   --->   "%icmp_ln86_43 = icmp_slt  i18 %p_read_18, i18 261006" [firmware/BDT.h:86]   --->   Operation 36 'icmp' 'icmp_ln86_43' <Predicate = true> <Delay = 2.13> <CoreInst = "Cmp">   --->   Core 9 'Cmp' <Latency = 0> <II = 1> <Delay = 2.13> <FuncUnit> <Opcode : 'seteq' 'setne' 'setle' 'setge' 'setlt' 'setgt'> <InPorts = 2> <OutPorts = 1>
ST_1 : Operation 37 [1/1] (2.13ns)   --->   "%icmp_ln86_44 = icmp_slt  i18 %p_read_20, i18 1277" [firmware/BDT.h:86]   --->   Operation 37 'icmp' 'icmp_ln86_44' <Predicate = true> <Delay = 2.13> <CoreInst = "Cmp">   --->   Core 9 'Cmp' <Latency = 0> <II = 1> <Delay = 2.13> <FuncUnit> <Opcode : 'seteq' 'setne' 'setle' 'setge' 'setlt' 'setgt'> <InPorts = 2> <OutPorts = 1>
ST_1 : Operation 38 [1/1] (2.13ns)   --->   "%icmp_ln86_45 = icmp_slt  i18 %p_read_18, i18 1750" [firmware/BDT.h:86]   --->   Operation 38 'icmp' 'icmp_ln86_45' <Predicate = true> <Delay = 2.13> <CoreInst = "Cmp">   --->   Core 9 'Cmp' <Latency = 0> <II = 1> <Delay = 2.13> <FuncUnit> <Opcode : 'seteq' 'setne' 'setle' 'setge' 'setlt' 'setgt'> <InPorts = 2> <OutPorts = 1>
ST_1 : Operation 39 [1/1] (2.13ns)   --->   "%icmp_ln86_46 = icmp_slt  i18 %p_read_18, i18 2121" [firmware/BDT.h:86]   --->   Operation 39 'icmp' 'icmp_ln86_46' <Predicate = true> <Delay = 2.13> <CoreInst = "Cmp">   --->   Core 9 'Cmp' <Latency = 0> <II = 1> <Delay = 2.13> <FuncUnit> <Opcode : 'seteq' 'setne' 'setle' 'setge' 'setlt' 'setgt'> <InPorts = 2> <OutPorts = 1>
ST_1 : Operation 40 [1/1] (2.13ns)   --->   "%icmp_ln86_47 = icmp_slt  i18 %p_read610, i18 261880" [firmware/BDT.h:86]   --->   Operation 40 'icmp' 'icmp_ln86_47' <Predicate = true> <Delay = 2.13> <CoreInst = "Cmp">   --->   Core 9 'Cmp' <Latency = 0> <II = 1> <Delay = 2.13> <FuncUnit> <Opcode : 'seteq' 'setne' 'setle' 'setge' 'setlt' 'setgt'> <InPorts = 2> <OutPorts = 1>
ST_1 : Operation 41 [1/1] (2.13ns)   --->   "%icmp_ln86_48 = icmp_slt  i18 %p_read37, i18 1668" [firmware/BDT.h:86]   --->   Operation 41 'icmp' 'icmp_ln86_48' <Predicate = true> <Delay = 2.13> <CoreInst = "Cmp">   --->   Core 9 'Cmp' <Latency = 0> <II = 1> <Delay = 2.13> <FuncUnit> <Opcode : 'seteq' 'setne' 'setle' 'setge' 'setlt' 'setgt'> <InPorts = 2> <OutPorts = 1>
ST_1 : Operation 42 [1/1] (2.13ns)   --->   "%icmp_ln86_49 = icmp_slt  i18 %p_read_20, i18 1606" [firmware/BDT.h:86]   --->   Operation 42 'icmp' 'icmp_ln86_49' <Predicate = true> <Delay = 2.13> <CoreInst = "Cmp">   --->   Core 9 'Cmp' <Latency = 0> <II = 1> <Delay = 2.13> <FuncUnit> <Opcode : 'seteq' 'setne' 'setle' 'setge' 'setlt' 'setgt'> <InPorts = 2> <OutPorts = 1>
ST_1 : Operation 43 [1/1] (2.13ns)   --->   "%icmp_ln86_50 = icmp_slt  i18 %p_read48, i18 1584" [firmware/BDT.h:86]   --->   Operation 43 'icmp' 'icmp_ln86_50' <Predicate = true> <Delay = 2.13> <CoreInst = "Cmp">   --->   Core 9 'Cmp' <Latency = 0> <II = 1> <Delay = 2.13> <FuncUnit> <Opcode : 'seteq' 'setne' 'setle' 'setge' 'setlt' 'setgt'> <InPorts = 2> <OutPorts = 1>
ST_1 : Operation 44 [1/1] (2.13ns)   --->   "%icmp_ln86_51 = icmp_slt  i18 %p_read1014, i18 261351" [firmware/BDT.h:86]   --->   Operation 44 'icmp' 'icmp_ln86_51' <Predicate = true> <Delay = 2.13> <CoreInst = "Cmp">   --->   Core 9 'Cmp' <Latency = 0> <II = 1> <Delay = 2.13> <FuncUnit> <Opcode : 'seteq' 'setne' 'setle' 'setge' 'setlt' 'setgt'> <InPorts = 2> <OutPorts = 1>
ST_1 : Operation 45 [1/1] (2.13ns)   --->   "%icmp_ln86_52 = icmp_slt  i18 %p_read26, i18 261917" [firmware/BDT.h:86]   --->   Operation 45 'icmp' 'icmp_ln86_52' <Predicate = true> <Delay = 2.13> <CoreInst = "Cmp">   --->   Core 9 'Cmp' <Latency = 0> <II = 1> <Delay = 2.13> <FuncUnit> <Opcode : 'seteq' 'setne' 'setle' 'setge' 'setlt' 'setgt'> <InPorts = 2> <OutPorts = 1>
ST_1 : Operation 46 [1/1] (2.13ns)   --->   "%icmp_ln86_53 = icmp_slt  i18 %p_read812, i18 2503" [firmware/BDT.h:86]   --->   Operation 46 'icmp' 'icmp_ln86_53' <Predicate = true> <Delay = 2.13> <CoreInst = "Cmp">   --->   Core 9 'Cmp' <Latency = 0> <II = 1> <Delay = 2.13> <FuncUnit> <Opcode : 'seteq' 'setne' 'setle' 'setge' 'setlt' 'setgt'> <InPorts = 2> <OutPorts = 1>
ST_1 : Operation 47 [1/1] (2.13ns)   --->   "%icmp_ln86_54 = icmp_slt  i18 %p_read15, i18 838" [firmware/BDT.h:86]   --->   Operation 47 'icmp' 'icmp_ln86_54' <Predicate = true> <Delay = 2.13> <CoreInst = "Cmp">   --->   Core 9 'Cmp' <Latency = 0> <II = 1> <Delay = 2.13> <FuncUnit> <Opcode : 'seteq' 'setne' 'setle' 'setge' 'setlt' 'setgt'> <InPorts = 2> <OutPorts = 1>
ST_1 : Operation 48 [1/1] (2.13ns)   --->   "%icmp_ln86_55 = icmp_slt  i18 %p_read26, i18 259986" [firmware/BDT.h:86]   --->   Operation 48 'icmp' 'icmp_ln86_55' <Predicate = true> <Delay = 2.13> <CoreInst = "Cmp">   --->   Core 9 'Cmp' <Latency = 0> <II = 1> <Delay = 2.13> <FuncUnit> <Opcode : 'seteq' 'setne' 'setle' 'setge' 'setlt' 'setgt'> <InPorts = 2> <OutPorts = 1>
ST_1 : Operation 49 [1/1] (2.13ns)   --->   "%icmp_ln86_56 = icmp_slt  i18 %p_read913, i18 1552" [firmware/BDT.h:86]   --->   Operation 49 'icmp' 'icmp_ln86_56' <Predicate = true> <Delay = 2.13> <CoreInst = "Cmp">   --->   Core 9 'Cmp' <Latency = 0> <II = 1> <Delay = 2.13> <FuncUnit> <Opcode : 'seteq' 'setne' 'setle' 'setge' 'setlt' 'setgt'> <InPorts = 2> <OutPorts = 1>
ST_1 : Operation 50 [1/1] (2.13ns)   --->   "%icmp_ln86_57 = icmp_slt  i18 %p_read_19, i18 1342" [firmware/BDT.h:86]   --->   Operation 50 'icmp' 'icmp_ln86_57' <Predicate = true> <Delay = 2.13> <CoreInst = "Cmp">   --->   Core 9 'Cmp' <Latency = 0> <II = 1> <Delay = 2.13> <FuncUnit> <Opcode : 'seteq' 'setne' 'setle' 'setge' 'setlt' 'setgt'> <InPorts = 2> <OutPorts = 1>
ST_1 : Operation 51 [1/1] (2.13ns)   --->   "%icmp_ln86_58 = icmp_slt  i18 %p_read48, i18 261296" [firmware/BDT.h:86]   --->   Operation 51 'icmp' 'icmp_ln86_58' <Predicate = true> <Delay = 2.13> <CoreInst = "Cmp">   --->   Core 9 'Cmp' <Latency = 0> <II = 1> <Delay = 2.13> <FuncUnit> <Opcode : 'seteq' 'setne' 'setle' 'setge' 'setlt' 'setgt'> <InPorts = 2> <OutPorts = 1>
ST_1 : Operation 52 [1/1] (2.13ns)   --->   "%icmp_ln86_59 = icmp_slt  i18 %p_read913, i18 1467" [firmware/BDT.h:86]   --->   Operation 52 'icmp' 'icmp_ln86_59' <Predicate = true> <Delay = 2.13> <CoreInst = "Cmp">   --->   Core 9 'Cmp' <Latency = 0> <II = 1> <Delay = 2.13> <FuncUnit> <Opcode : 'seteq' 'setne' 'setle' 'setge' 'setlt' 'setgt'> <InPorts = 2> <OutPorts = 1>
ST_1 : Operation 53 [1/1] (2.13ns)   --->   "%icmp_ln86_60 = icmp_slt  i18 %p_read_20, i18 1288" [firmware/BDT.h:86]   --->   Operation 53 'icmp' 'icmp_ln86_60' <Predicate = true> <Delay = 2.13> <CoreInst = "Cmp">   --->   Core 9 'Cmp' <Latency = 0> <II = 1> <Delay = 2.13> <FuncUnit> <Opcode : 'seteq' 'setne' 'setle' 'setge' 'setlt' 'setgt'> <InPorts = 2> <OutPorts = 1>
ST_1 : Operation 54 [1/1] (0.97ns)   --->   "%and_ln102 = and i1 %icmp_ln86_31, i1 %icmp_ln86" [firmware/BDT.h:102]   --->   Operation 54 'and' 'and_ln102' <Predicate = true> <Delay = 0.97> <CoreInst = "LogicGate">   --->   Core 74 'LogicGate' <Latency = 0> <II = 1> <Delay = 0.97> <FuncUnit> <Opcode : 'and' 'or' 'xor'> <InPorts = 2> <OutPorts = 1>

State 2 <SV = 1> <Delay = 2.93>
ST_2 : Operation 55 [1/1] (0.00ns) (grouped into LUT with out node and_ln104)   --->   "%xor_ln104_15 = xor i1 %icmp_ln86_31, i1 1" [firmware/BDT.h:104]   --->   Operation 55 'xor' 'xor_ln104_15' <Predicate = (icmp_ln86)> <Delay = 0.00> <CoreInst = "LogicGate">   --->   Core 74 'LogicGate' <Latency = 0> <II = 1> <Delay = 0.97> <FuncUnit> <Opcode : 'and' 'or' 'xor'> <InPorts = 2> <OutPorts = 1>
ST_2 : Operation 56 [1/1] (0.97ns) (out node of the LUT)   --->   "%and_ln104 = and i1 %icmp_ln86, i1 %xor_ln104_15" [firmware/BDT.h:104]   --->   Operation 56 'and' 'and_ln104' <Predicate = (icmp_ln86)> <Delay = 0.97> <CoreInst = "LogicGate">   --->   Core 74 'LogicGate' <Latency = 0> <II = 1> <Delay = 0.97> <FuncUnit> <Opcode : 'and' 'or' 'xor'> <InPorts = 2> <OutPorts = 1>
ST_2 : Operation 57 [1/1] (0.97ns)   --->   "%and_ln102_39 = and i1 %icmp_ln86_33, i1 %and_ln102" [firmware/BDT.h:102]   --->   Operation 57 'and' 'and_ln102_39' <Predicate = (and_ln102 & icmp_ln86)> <Delay = 0.97> <CoreInst = "LogicGate">   --->   Core 74 'LogicGate' <Latency = 0> <II = 1> <Delay = 0.97> <FuncUnit> <Opcode : 'and' 'or' 'xor'> <InPorts = 2> <OutPorts = 1>
ST_2 : Operation 58 [1/1] (0.00ns) (grouped into LUT with out node and_ln104_7)   --->   "%xor_ln104_17 = xor i1 %icmp_ln86_33, i1 1" [firmware/BDT.h:104]   --->   Operation 58 'xor' 'xor_ln104_17' <Predicate = (and_ln102 & icmp_ln86)> <Delay = 0.00> <CoreInst = "LogicGate">   --->   Core 74 'LogicGate' <Latency = 0> <II = 1> <Delay = 0.97> <FuncUnit> <Opcode : 'and' 'or' 'xor'> <InPorts = 2> <OutPorts = 1>
ST_2 : Operation 59 [1/1] (0.97ns) (out node of the LUT)   --->   "%and_ln104_7 = and i1 %and_ln102, i1 %xor_ln104_17" [firmware/BDT.h:104]   --->   Operation 59 'and' 'and_ln104_7' <Predicate = (and_ln102 & icmp_ln86)> <Delay = 0.97> <CoreInst = "LogicGate">   --->   Core 74 'LogicGate' <Latency = 0> <II = 1> <Delay = 0.97> <FuncUnit> <Opcode : 'and' 'or' 'xor'> <InPorts = 2> <OutPorts = 1>
ST_2 : Operation 60 [1/1] (0.97ns)   --->   "%and_ln102_43 = and i1 %icmp_ln86_37, i1 %and_ln102_39" [firmware/BDT.h:102]   --->   Operation 60 'and' 'and_ln102_43' <Predicate = (and_ln102 & icmp_ln86)> <Delay = 0.97> <CoreInst = "LogicGate">   --->   Core 74 'LogicGate' <Latency = 0> <II = 1> <Delay = 0.97> <FuncUnit> <Opcode : 'and' 'or' 'xor'> <InPorts = 2> <OutPorts = 1>
ST_2 : Operation 61 [1/1] (0.00ns) (grouped into LUT with out node or_ln117)   --->   "%xor_ln104_21 = xor i1 %icmp_ln86_37, i1 1" [firmware/BDT.h:104]   --->   Operation 61 'xor' 'xor_ln104_21' <Predicate = (and_ln102 & icmp_ln86)> <Delay = 0.00> <CoreInst = "LogicGate">   --->   Core 74 'LogicGate' <Latency = 0> <II = 1> <Delay = 0.97> <FuncUnit> <Opcode : 'and' 'or' 'xor'> <InPorts = 2> <OutPorts = 1>
ST_2 : Operation 62 [1/1] (0.97ns)   --->   "%and_ln102_44 = and i1 %icmp_ln86_38, i1 %and_ln104_7" [firmware/BDT.h:102]   --->   Operation 62 'and' 'and_ln102_44' <Predicate = (and_ln102 & icmp_ln86)> <Delay = 0.97> <CoreInst = "LogicGate">   --->   Core 74 'LogicGate' <Latency = 0> <II = 1> <Delay = 0.97> <FuncUnit> <Opcode : 'and' 'or' 'xor'> <InPorts = 2> <OutPorts = 1>
ST_2 : Operation 63 [1/1] (0.00ns) (grouped into LUT with out node or_ln117)   --->   "%and_ln102_52 = and i1 %icmp_ln86_46, i1 %xor_ln104_21" [firmware/BDT.h:102]   --->   Operation 63 'and' 'and_ln102_52' <Predicate = (and_ln102 & icmp_ln86)> <Delay = 0.00> <CoreInst = "LogicGate">   --->   Core 74 'LogicGate' <Latency = 0> <II = 1> <Delay = 0.97> <FuncUnit> <Opcode : 'and' 'or' 'xor'> <InPorts = 2> <OutPorts = 1>
ST_2 : Operation 64 [1/1] (0.00ns) (grouped into LUT with out node or_ln117)   --->   "%and_ln102_53 = and i1 %and_ln102_52, i1 %and_ln102_39" [firmware/BDT.h:102]   --->   Operation 64 'and' 'and_ln102_53' <Predicate = (and_ln102 & icmp_ln86)> <Delay = 0.00> <CoreInst = "LogicGate">   --->   Core 74 'LogicGate' <Latency = 0> <II = 1> <Delay = 0.97> <FuncUnit> <Opcode : 'and' 'or' 'xor'> <InPorts = 2> <OutPorts = 1>
ST_2 : Operation 65 [1/1] (0.97ns) (out node of the LUT)   --->   "%or_ln117 = or i1 %and_ln102_43, i1 %and_ln102_53" [firmware/BDT.h:117]   --->   Operation 65 'or' 'or_ln117' <Predicate = (and_ln102 & icmp_ln86)> <Delay = 0.97> <CoreInst = "LogicGate">   --->   Core 74 'LogicGate' <Latency = 0> <II = 1> <Delay = 0.97> <FuncUnit> <Opcode : 'and' 'or' 'xor'> <InPorts = 2> <OutPorts = 1>

State 3 <SV = 2> <Delay = 2.99>
ST_3 : Operation 66 [1/1] (0.97ns)   --->   "%xor_ln104 = xor i1 %icmp_ln86, i1 1" [firmware/BDT.h:104]   --->   Operation 66 'xor' 'xor_ln104' <Predicate = true> <Delay = 0.97> <CoreInst = "LogicGate">   --->   Core 74 'LogicGate' <Latency = 0> <II = 1> <Delay = 0.97> <FuncUnit> <Opcode : 'and' 'or' 'xor'> <InPorts = 2> <OutPorts = 1>
ST_3 : Operation 67 [1/1] (0.97ns)   --->   "%and_ln102_40 = and i1 %icmp_ln86_34, i1 %and_ln104" [firmware/BDT.h:102]   --->   Operation 67 'and' 'and_ln102_40' <Predicate = (icmp_ln86)> <Delay = 0.97> <CoreInst = "LogicGate">   --->   Core 74 'LogicGate' <Latency = 0> <II = 1> <Delay = 0.97> <FuncUnit> <Opcode : 'and' 'or' 'xor'> <InPorts = 2> <OutPorts = 1>
ST_3 : Operation 68 [1/1] (0.00ns) (grouped into LUT with out node and_ln104_8)   --->   "%xor_ln104_18 = xor i1 %icmp_ln86_34, i1 1" [firmware/BDT.h:104]   --->   Operation 68 'xor' 'xor_ln104_18' <Predicate = (icmp_ln86)> <Delay = 0.00> <CoreInst = "LogicGate">   --->   Core 74 'LogicGate' <Latency = 0> <II = 1> <Delay = 0.97> <FuncUnit> <Opcode : 'and' 'or' 'xor'> <InPorts = 2> <OutPorts = 1>
ST_3 : Operation 69 [1/1] (0.97ns) (out node of the LUT)   --->   "%and_ln104_8 = and i1 %and_ln104, i1 %xor_ln104_18" [firmware/BDT.h:104]   --->   Operation 69 'and' 'and_ln104_8' <Predicate = (icmp_ln86)> <Delay = 0.97> <CoreInst = "LogicGate">   --->   Core 74 'LogicGate' <Latency = 0> <II = 1> <Delay = 0.97> <FuncUnit> <Opcode : 'and' 'or' 'xor'> <InPorts = 2> <OutPorts = 1>
ST_3 : Operation 70 [1/1] (0.00ns) (grouped into LUT with out node select_ln117_35)   --->   "%xor_ln104_22 = xor i1 %icmp_ln86_38, i1 1" [firmware/BDT.h:104]   --->   Operation 70 'xor' 'xor_ln104_22' <Predicate = (and_ln102 & icmp_ln86)> <Delay = 0.00> <CoreInst = "LogicGate">   --->   Core 74 'LogicGate' <Latency = 0> <II = 1> <Delay = 0.97> <FuncUnit> <Opcode : 'and' 'or' 'xor'> <InPorts = 2> <OutPorts = 1>
ST_3 : Operation 71 [1/1] (0.97ns)   --->   "%and_ln102_45 = and i1 %icmp_ln86_39, i1 %and_ln102_40" [firmware/BDT.h:102]   --->   Operation 71 'and' 'and_ln102_45' <Predicate = (icmp_ln86)> <Delay = 0.97> <CoreInst = "LogicGate">   --->   Core 74 'LogicGate' <Latency = 0> <II = 1> <Delay = 0.97> <FuncUnit> <Opcode : 'and' 'or' 'xor'> <InPorts = 2> <OutPorts = 1>
ST_3 : Operation 72 [1/1] (0.00ns) (grouped into LUT with out node select_ln117_31)   --->   "%and_ln102_51 = and i1 %icmp_ln86_45, i1 %and_ln102_43" [firmware/BDT.h:102]   --->   Operation 72 'and' 'and_ln102_51' <Predicate = (and_ln102_43 & and_ln102_39 & and_ln102 & icmp_ln86 & or_ln117)> <Delay = 0.00> <CoreInst = "LogicGate">   --->   Core 74 'LogicGate' <Latency = 0> <II = 1> <Delay = 0.97> <FuncUnit> <Opcode : 'and' 'or' 'xor'> <InPorts = 2> <OutPorts = 1>
ST_3 : Operation 73 [1/1] (0.00ns) (grouped into LUT with out node select_ln117_33)   --->   "%and_ln102_54 = and i1 %icmp_ln86_47, i1 %and_ln102_44" [firmware/BDT.h:102]   --->   Operation 73 'and' 'and_ln102_54' <Predicate = (and_ln102 & icmp_ln86)> <Delay = 0.00> <CoreInst = "LogicGate">   --->   Core 74 'LogicGate' <Latency = 0> <II = 1> <Delay = 0.97> <FuncUnit> <Opcode : 'and' 'or' 'xor'> <InPorts = 2> <OutPorts = 1>
ST_3 : Operation 74 [1/1] (0.00ns) (grouped into LUT with out node select_ln117_35)   --->   "%and_ln102_55 = and i1 %icmp_ln86_48, i1 %xor_ln104_22" [firmware/BDT.h:102]   --->   Operation 74 'and' 'and_ln102_55' <Predicate = (and_ln102 & icmp_ln86)> <Delay = 0.00> <CoreInst = "LogicGate">   --->   Core 74 'LogicGate' <Latency = 0> <II = 1> <Delay = 0.97> <FuncUnit> <Opcode : 'and' 'or' 'xor'> <InPorts = 2> <OutPorts = 1>
ST_3 : Operation 75 [1/1] (0.00ns) (grouped into LUT with out node select_ln117_35)   --->   "%and_ln102_56 = and i1 %and_ln102_55, i1 %and_ln104_7" [firmware/BDT.h:102]   --->   Operation 75 'and' 'and_ln102_56' <Predicate = (and_ln102 & icmp_ln86)> <Delay = 0.00> <CoreInst = "LogicGate">   --->   Core 74 'LogicGate' <Latency = 0> <II = 1> <Delay = 0.97> <FuncUnit> <Opcode : 'and' 'or' 'xor'> <InPorts = 2> <OutPorts = 1>
ST_3 : Operation 76 [1/1] (0.00ns) (grouped into LUT with out node select_ln117_31)   --->   "%xor_ln117 = xor i1 %and_ln102_51, i1 1" [firmware/BDT.h:117]   --->   Operation 76 'xor' 'xor_ln117' <Predicate = (and_ln102_43 & and_ln102_39 & and_ln102 & icmp_ln86 & or_ln117)> <Delay = 0.00> <CoreInst = "LogicGate">   --->   Core 74 'LogicGate' <Latency = 0> <II = 1> <Delay = 0.97> <FuncUnit> <Opcode : 'and' 'or' 'xor'> <InPorts = 2> <OutPorts = 1>
ST_3 : Operation 77 [1/1] (0.00ns) (grouped into LUT with out node select_ln117_31)   --->   "%zext_ln117 = zext i1 %xor_ln117" [firmware/BDT.h:117]   --->   Operation 77 'zext' 'zext_ln117' <Predicate = (and_ln102_43 & and_ln102_39 & and_ln102 & icmp_ln86 & or_ln117)> <Delay = 0.00>
ST_3 : Operation 78 [1/1] (0.00ns) (grouped into LUT with out node select_ln117_31)   --->   "%select_ln117 = select i1 %and_ln102_43, i2 %zext_ln117, i2 2" [firmware/BDT.h:117]   --->   Operation 78 'select' 'select_ln117' <Predicate = (and_ln102_39 & and_ln102 & icmp_ln86 & or_ln117)> <Delay = 0.00> <CoreInst = "Sel">   --->   Core 73 'Sel' <Latency = 0> <II = 1> <Delay = 0.99> <FuncUnit> <Opcode : 'select'> <InPorts = 3> <OutPorts = 1>
ST_3 : Operation 79 [1/1] (0.00ns) (grouped into LUT with out node select_ln117_31)   --->   "%select_ln117_30 = select i1 %or_ln117, i2 %select_ln117, i2 3" [firmware/BDT.h:117]   --->   Operation 79 'select' 'select_ln117_30' <Predicate = (and_ln102_39 & and_ln102 & icmp_ln86)> <Delay = 0.00> <CoreInst = "Sel">   --->   Core 73 'Sel' <Latency = 0> <II = 1> <Delay = 0.99> <FuncUnit> <Opcode : 'select'> <InPorts = 3> <OutPorts = 1>
ST_3 : Operation 80 [1/1] (0.00ns) (grouped into LUT with out node select_ln117_31)   --->   "%zext_ln117_4 = zext i2 %select_ln117_30" [firmware/BDT.h:117]   --->   Operation 80 'zext' 'zext_ln117_4' <Predicate = (and_ln102_39 & and_ln102 & icmp_ln86)> <Delay = 0.00>
ST_3 : Operation 81 [1/1] (0.00ns) (grouped into LUT with out node select_ln117_33)   --->   "%or_ln117_26 = or i1 %and_ln102_39, i1 %and_ln102_54" [firmware/BDT.h:117]   --->   Operation 81 'or' 'or_ln117_26' <Predicate = (and_ln102 & icmp_ln86)> <Delay = 0.00> <CoreInst = "LogicGate">   --->   Core 74 'LogicGate' <Latency = 0> <II = 1> <Delay = 0.97> <FuncUnit> <Opcode : 'and' 'or' 'xor'> <InPorts = 2> <OutPorts = 1>
ST_3 : Operation 82 [1/1] (0.99ns) (out node of the LUT)   --->   "%select_ln117_31 = select i1 %and_ln102_39, i3 %zext_ln117_4, i3 4" [firmware/BDT.h:117]   --->   Operation 82 'select' 'select_ln117_31' <Predicate = (and_ln102 & icmp_ln86)> <Delay = 0.99> <CoreInst = "Sel">   --->   Core 73 'Sel' <Latency = 0> <II = 1> <Delay = 0.98> <FuncUnit> <Opcode : 'select'> <InPorts = 3> <OutPorts = 1>
ST_3 : Operation 83 [1/1] (0.97ns)   --->   "%or_ln117_27 = or i1 %and_ln102_39, i1 %and_ln102_44" [firmware/BDT.h:117]   --->   Operation 83 'or' 'or_ln117_27' <Predicate = (and_ln102 & icmp_ln86)> <Delay = 0.97> <CoreInst = "LogicGate">   --->   Core 74 'LogicGate' <Latency = 0> <II = 1> <Delay = 0.97> <FuncUnit> <Opcode : 'and' 'or' 'xor'> <InPorts = 2> <OutPorts = 1>
ST_3 : Operation 84 [1/1] (0.00ns) (grouped into LUT with out node select_ln117_33)   --->   "%select_ln117_32 = select i1 %or_ln117_26, i3 %select_ln117_31, i3 5" [firmware/BDT.h:117]   --->   Operation 84 'select' 'select_ln117_32' <Predicate = (and_ln102 & icmp_ln86)> <Delay = 0.00> <CoreInst = "Sel">   --->   Core 73 'Sel' <Latency = 0> <II = 1> <Delay = 0.98> <FuncUnit> <Opcode : 'select'> <InPorts = 3> <OutPorts = 1>
ST_3 : Operation 85 [1/1] (0.00ns) (grouped into LUT with out node select_ln117_35)   --->   "%or_ln117_28 = or i1 %or_ln117_27, i1 %and_ln102_56" [firmware/BDT.h:117]   --->   Operation 85 'or' 'or_ln117_28' <Predicate = (and_ln102 & icmp_ln86)> <Delay = 0.00> <CoreInst = "LogicGate">   --->   Core 74 'LogicGate' <Latency = 0> <II = 1> <Delay = 0.97> <FuncUnit> <Opcode : 'and' 'or' 'xor'> <InPorts = 2> <OutPorts = 1>
ST_3 : Operation 86 [1/1] (0.98ns) (out node of the LUT)   --->   "%select_ln117_33 = select i1 %or_ln117_27, i3 %select_ln117_32, i3 6" [firmware/BDT.h:117]   --->   Operation 86 'select' 'select_ln117_33' <Predicate = (and_ln102 & icmp_ln86)> <Delay = 0.98> <CoreInst = "Sel">   --->   Core 73 'Sel' <Latency = 0> <II = 1> <Delay = 0.98> <FuncUnit> <Opcode : 'select'> <InPorts = 3> <OutPorts = 1>
ST_3 : Operation 87 [1/1] (0.00ns) (grouped into LUT with out node select_ln117_35)   --->   "%select_ln117_34 = select i1 %or_ln117_28, i3 %select_ln117_33, i3 7" [firmware/BDT.h:117]   --->   Operation 87 'select' 'select_ln117_34' <Predicate = (and_ln102 & icmp_ln86)> <Delay = 0.00> <CoreInst = "Sel">   --->   Core 73 'Sel' <Latency = 0> <II = 1> <Delay = 0.98> <FuncUnit> <Opcode : 'select'> <InPorts = 3> <OutPorts = 1>
ST_3 : Operation 88 [1/1] (0.00ns) (grouped into LUT with out node select_ln117_35)   --->   "%zext_ln117_5 = zext i3 %select_ln117_34" [firmware/BDT.h:117]   --->   Operation 88 'zext' 'zext_ln117_5' <Predicate = (and_ln102 & icmp_ln86)> <Delay = 0.00>
ST_3 : Operation 89 [1/1] (1.02ns) (out node of the LUT)   --->   "%select_ln117_35 = select i1 %and_ln102, i4 %zext_ln117_5, i4 8" [firmware/BDT.h:117]   --->   Operation 89 'select' 'select_ln117_35' <Predicate = (icmp_ln86)> <Delay = 1.02> <CoreInst = "Sel">   --->   Core 73 'Sel' <Latency = 0> <II = 1> <Delay = 1.02> <FuncUnit> <Opcode : 'select'> <InPorts = 3> <OutPorts = 1>
ST_3 : Operation 90 [1/1] (0.97ns)   --->   "%or_ln117_30 = or i1 %and_ln102, i1 %and_ln102_45" [firmware/BDT.h:117]   --->   Operation 90 'or' 'or_ln117_30' <Predicate = (icmp_ln86)> <Delay = 0.97> <CoreInst = "LogicGate">   --->   Core 74 'LogicGate' <Latency = 0> <II = 1> <Delay = 0.97> <FuncUnit> <Opcode : 'and' 'or' 'xor'> <InPorts = 2> <OutPorts = 1>

State 4 <SV = 3> <Delay = 3.07>
ST_4 : Operation 91 [1/1] (0.97ns)   --->   "%and_ln102_38 = and i1 %icmp_ln86_32, i1 %xor_ln104" [firmware/BDT.h:102]   --->   Operation 91 'and' 'and_ln102_38' <Predicate = true> <Delay = 0.97> <CoreInst = "LogicGate">   --->   Core 74 'LogicGate' <Latency = 0> <II = 1> <Delay = 0.97> <FuncUnit> <Opcode : 'and' 'or' 'xor'> <InPorts = 2> <OutPorts = 1>
ST_4 : Operation 92 [1/1] (0.00ns) (grouped into LUT with out node and_ln104_6)   --->   "%xor_ln104_16 = xor i1 %icmp_ln86_32, i1 1" [firmware/BDT.h:104]   --->   Operation 92 'xor' 'xor_ln104_16' <Predicate = true> <Delay = 0.00> <CoreInst = "LogicGate">   --->   Core 74 'LogicGate' <Latency = 0> <II = 1> <Delay = 0.97> <FuncUnit> <Opcode : 'and' 'or' 'xor'> <InPorts = 2> <OutPorts = 1>
ST_4 : Operation 93 [1/1] (0.97ns) (out node of the LUT)   --->   "%and_ln104_6 = and i1 %xor_ln104_16, i1 %xor_ln104" [firmware/BDT.h:104]   --->   Operation 93 'and' 'and_ln104_6' <Predicate = true> <Delay = 0.97> <CoreInst = "LogicGate">   --->   Core 74 'LogicGate' <Latency = 0> <II = 1> <Delay = 0.97> <FuncUnit> <Opcode : 'and' 'or' 'xor'> <InPorts = 2> <OutPorts = 1>
ST_4 : Operation 94 [1/1] (0.97ns)   --->   "%and_ln102_41 = and i1 %icmp_ln86_35, i1 %and_ln102_38" [firmware/BDT.h:102]   --->   Operation 94 'and' 'and_ln102_41' <Predicate = true> <Delay = 0.97> <CoreInst = "LogicGate">   --->   Core 74 'LogicGate' <Latency = 0> <II = 1> <Delay = 0.97> <FuncUnit> <Opcode : 'and' 'or' 'xor'> <InPorts = 2> <OutPorts = 1>
ST_4 : Operation 95 [1/1] (0.00ns) (grouped into LUT with out node select_ln117_39)   --->   "%xor_ln104_23 = xor i1 %icmp_ln86_39, i1 1" [firmware/BDT.h:104]   --->   Operation 95 'xor' 'xor_ln104_23' <Predicate = (icmp_ln86)> <Delay = 0.00> <CoreInst = "LogicGate">   --->   Core 74 'LogicGate' <Latency = 0> <II = 1> <Delay = 0.97> <FuncUnit> <Opcode : 'and' 'or' 'xor'> <InPorts = 2> <OutPorts = 1>
ST_4 : Operation 96 [1/1] (0.97ns)   --->   "%and_ln102_46 = and i1 %icmp_ln86_40, i1 %and_ln104_8" [firmware/BDT.h:102]   --->   Operation 96 'and' 'and_ln102_46' <Predicate = (icmp_ln86)> <Delay = 0.97> <CoreInst = "LogicGate">   --->   Core 74 'LogicGate' <Latency = 0> <II = 1> <Delay = 0.97> <FuncUnit> <Opcode : 'and' 'or' 'xor'> <InPorts = 2> <OutPorts = 1>
ST_4 : Operation 97 [1/1] (0.97ns)   --->   "%and_ln102_47 = and i1 %icmp_ln86_41, i1 %and_ln102_41" [firmware/BDT.h:102]   --->   Operation 97 'and' 'and_ln102_47' <Predicate = true> <Delay = 0.97> <CoreInst = "LogicGate">   --->   Core 74 'LogicGate' <Latency = 0> <II = 1> <Delay = 0.97> <FuncUnit> <Opcode : 'and' 'or' 'xor'> <InPorts = 2> <OutPorts = 1>
ST_4 : Operation 98 [1/1] (0.00ns) (grouped into LUT with out node select_ln117_37)   --->   "%and_ln102_57 = and i1 %icmp_ln86_49, i1 %and_ln102_45" [firmware/BDT.h:102]   --->   Operation 98 'and' 'and_ln102_57' <Predicate = (icmp_ln86 & or_ln117_30)> <Delay = 0.00> <CoreInst = "LogicGate">   --->   Core 74 'LogicGate' <Latency = 0> <II = 1> <Delay = 0.97> <FuncUnit> <Opcode : 'and' 'or' 'xor'> <InPorts = 2> <OutPorts = 1>
ST_4 : Operation 99 [1/1] (0.00ns) (grouped into LUT with out node select_ln117_39)   --->   "%and_ln102_58 = and i1 %icmp_ln86_50, i1 %xor_ln104_23" [firmware/BDT.h:102]   --->   Operation 99 'and' 'and_ln102_58' <Predicate = (icmp_ln86)> <Delay = 0.00> <CoreInst = "LogicGate">   --->   Core 74 'LogicGate' <Latency = 0> <II = 1> <Delay = 0.97> <FuncUnit> <Opcode : 'and' 'or' 'xor'> <InPorts = 2> <OutPorts = 1>
ST_4 : Operation 100 [1/1] (0.00ns) (grouped into LUT with out node select_ln117_39)   --->   "%and_ln102_59 = and i1 %and_ln102_58, i1 %and_ln102_40" [firmware/BDT.h:102]   --->   Operation 100 'and' 'and_ln102_59' <Predicate = (icmp_ln86)> <Delay = 0.00> <CoreInst = "LogicGate">   --->   Core 74 'LogicGate' <Latency = 0> <II = 1> <Delay = 0.97> <FuncUnit> <Opcode : 'and' 'or' 'xor'> <InPorts = 2> <OutPorts = 1>
ST_4 : Operation 101 [1/1] (0.00ns) (grouped into LUT with out node select_ln117_41)   --->   "%and_ln102_60 = and i1 %icmp_ln86_51, i1 %and_ln102_46" [firmware/BDT.h:102]   --->   Operation 101 'and' 'and_ln102_60' <Predicate = (icmp_ln86)> <Delay = 0.00> <CoreInst = "LogicGate">   --->   Core 74 'LogicGate' <Latency = 0> <II = 1> <Delay = 0.97> <FuncUnit> <Opcode : 'and' 'or' 'xor'> <InPorts = 2> <OutPorts = 1>
ST_4 : Operation 102 [1/1] (0.00ns) (grouped into LUT with out node select_ln117_37)   --->   "%or_ln117_29 = or i1 %and_ln102, i1 %and_ln102_57" [firmware/BDT.h:117]   --->   Operation 102 'or' 'or_ln117_29' <Predicate = (icmp_ln86 & or_ln117_30)> <Delay = 0.00> <CoreInst = "LogicGate">   --->   Core 74 'LogicGate' <Latency = 0> <II = 1> <Delay = 0.97> <FuncUnit> <Opcode : 'and' 'or' 'xor'> <InPorts = 2> <OutPorts = 1>
ST_4 : Operation 103 [1/1] (0.00ns) (grouped into LUT with out node select_ln117_37)   --->   "%select_ln117_36 = select i1 %or_ln117_29, i4 %select_ln117_35, i4 9" [firmware/BDT.h:117]   --->   Operation 103 'select' 'select_ln117_36' <Predicate = (icmp_ln86 & or_ln117_30)> <Delay = 0.00> <CoreInst = "Sel">   --->   Core 73 'Sel' <Latency = 0> <II = 1> <Delay = 1.02> <FuncUnit> <Opcode : 'select'> <InPorts = 3> <OutPorts = 1>
ST_4 : Operation 104 [1/1] (0.00ns) (grouped into LUT with out node select_ln117_39)   --->   "%or_ln117_31 = or i1 %or_ln117_30, i1 %and_ln102_59" [firmware/BDT.h:117]   --->   Operation 104 'or' 'or_ln117_31' <Predicate = (icmp_ln86)> <Delay = 0.00> <CoreInst = "LogicGate">   --->   Core 74 'LogicGate' <Latency = 0> <II = 1> <Delay = 0.97> <FuncUnit> <Opcode : 'and' 'or' 'xor'> <InPorts = 2> <OutPorts = 1>
ST_4 : Operation 105 [1/1] (1.02ns) (out node of the LUT)   --->   "%select_ln117_37 = select i1 %or_ln117_30, i4 %select_ln117_36, i4 10" [firmware/BDT.h:117]   --->   Operation 105 'select' 'select_ln117_37' <Predicate = (icmp_ln86)> <Delay = 1.02> <CoreInst = "Sel">   --->   Core 73 'Sel' <Latency = 0> <II = 1> <Delay = 1.02> <FuncUnit> <Opcode : 'select'> <InPorts = 3> <OutPorts = 1>
ST_4 : Operation 106 [1/1] (0.97ns)   --->   "%or_ln117_32 = or i1 %and_ln102, i1 %and_ln102_40" [firmware/BDT.h:117]   --->   Operation 106 'or' 'or_ln117_32' <Predicate = (icmp_ln86)> <Delay = 0.97> <CoreInst = "LogicGate">   --->   Core 74 'LogicGate' <Latency = 0> <II = 1> <Delay = 0.97> <FuncUnit> <Opcode : 'and' 'or' 'xor'> <InPorts = 2> <OutPorts = 1>
ST_4 : Operation 107 [1/1] (0.00ns) (grouped into LUT with out node select_ln117_39)   --->   "%select_ln117_38 = select i1 %or_ln117_31, i4 %select_ln117_37, i4 11" [firmware/BDT.h:117]   --->   Operation 107 'select' 'select_ln117_38' <Predicate = (icmp_ln86)> <Delay = 0.00> <CoreInst = "Sel">   --->   Core 73 'Sel' <Latency = 0> <II = 1> <Delay = 1.02> <FuncUnit> <Opcode : 'select'> <InPorts = 3> <OutPorts = 1>
ST_4 : Operation 108 [1/1] (0.00ns) (grouped into LUT with out node select_ln117_41)   --->   "%or_ln117_33 = or i1 %or_ln117_32, i1 %and_ln102_60" [firmware/BDT.h:117]   --->   Operation 108 'or' 'or_ln117_33' <Predicate = (icmp_ln86)> <Delay = 0.00> <CoreInst = "LogicGate">   --->   Core 74 'LogicGate' <Latency = 0> <II = 1> <Delay = 0.97> <FuncUnit> <Opcode : 'and' 'or' 'xor'> <InPorts = 2> <OutPorts = 1>
ST_4 : Operation 109 [1/1] (1.02ns) (out node of the LUT)   --->   "%select_ln117_39 = select i1 %or_ln117_32, i4 %select_ln117_38, i4 12" [firmware/BDT.h:117]   --->   Operation 109 'select' 'select_ln117_39' <Predicate = (icmp_ln86)> <Delay = 1.02> <CoreInst = "Sel">   --->   Core 73 'Sel' <Latency = 0> <II = 1> <Delay = 1.02> <FuncUnit> <Opcode : 'select'> <InPorts = 3> <OutPorts = 1>
ST_4 : Operation 110 [1/1] (0.97ns)   --->   "%or_ln117_34 = or i1 %or_ln117_32, i1 %and_ln102_46" [firmware/BDT.h:117]   --->   Operation 110 'or' 'or_ln117_34' <Predicate = (icmp_ln86)> <Delay = 0.97> <CoreInst = "LogicGate">   --->   Core 74 'LogicGate' <Latency = 0> <II = 1> <Delay = 0.97> <FuncUnit> <Opcode : 'and' 'or' 'xor'> <InPorts = 2> <OutPorts = 1>
ST_4 : Operation 111 [1/1] (0.00ns) (grouped into LUT with out node select_ln117_41)   --->   "%select_ln117_40 = select i1 %or_ln117_33, i4 %select_ln117_39, i4 13" [firmware/BDT.h:117]   --->   Operation 111 'select' 'select_ln117_40' <Predicate = (icmp_ln86)> <Delay = 0.00> <CoreInst = "Sel">   --->   Core 73 'Sel' <Latency = 0> <II = 1> <Delay = 1.02> <FuncUnit> <Opcode : 'select'> <InPorts = 3> <OutPorts = 1>
ST_4 : Operation 112 [1/1] (1.02ns) (out node of the LUT)   --->   "%select_ln117_41 = select i1 %or_ln117_34, i4 %select_ln117_40, i4 14" [firmware/BDT.h:117]   --->   Operation 112 'select' 'select_ln117_41' <Predicate = (icmp_ln86)> <Delay = 1.02> <CoreInst = "Sel">   --->   Core 73 'Sel' <Latency = 0> <II = 1> <Delay = 1.02> <FuncUnit> <Opcode : 'select'> <InPorts = 3> <OutPorts = 1>

State 5 <SV = 4> <Delay = 3.64>
ST_5 : Operation 113 [1/1] (0.00ns) (grouped into LUT with out node and_ln104_9)   --->   "%xor_ln104_19 = xor i1 %icmp_ln86_35, i1 1" [firmware/BDT.h:104]   --->   Operation 113 'xor' 'xor_ln104_19' <Predicate = true> <Delay = 0.00> <CoreInst = "LogicGate">   --->   Core 74 'LogicGate' <Latency = 0> <II = 1> <Delay = 0.97> <FuncUnit> <Opcode : 'and' 'or' 'xor'> <InPorts = 2> <OutPorts = 1>
ST_5 : Operation 114 [1/1] (0.97ns) (out node of the LUT)   --->   "%and_ln104_9 = and i1 %and_ln102_38, i1 %xor_ln104_19" [firmware/BDT.h:104]   --->   Operation 114 'and' 'and_ln104_9' <Predicate = true> <Delay = 0.97> <CoreInst = "LogicGate">   --->   Core 74 'LogicGate' <Latency = 0> <II = 1> <Delay = 0.97> <FuncUnit> <Opcode : 'and' 'or' 'xor'> <InPorts = 2> <OutPorts = 1>
ST_5 : Operation 115 [1/1] (0.97ns)   --->   "%and_ln102_42 = and i1 %icmp_ln86_36, i1 %and_ln104_6" [firmware/BDT.h:102]   --->   Operation 115 'and' 'and_ln102_42' <Predicate = true> <Delay = 0.97> <CoreInst = "LogicGate">   --->   Core 74 'LogicGate' <Latency = 0> <II = 1> <Delay = 0.97> <FuncUnit> <Opcode : 'and' 'or' 'xor'> <InPorts = 2> <OutPorts = 1>
ST_5 : Operation 116 [1/1] (0.00ns) (grouped into LUT with out node and_ln104_10)   --->   "%xor_ln104_20 = xor i1 %icmp_ln86_36, i1 1" [firmware/BDT.h:104]   --->   Operation 116 'xor' 'xor_ln104_20' <Predicate = true> <Delay = 0.00> <CoreInst = "LogicGate">   --->   Core 74 'LogicGate' <Latency = 0> <II = 1> <Delay = 0.97> <FuncUnit> <Opcode : 'and' 'or' 'xor'> <InPorts = 2> <OutPorts = 1>
ST_5 : Operation 117 [1/1] (0.97ns) (out node of the LUT)   --->   "%and_ln104_10 = and i1 %and_ln104_6, i1 %xor_ln104_20" [firmware/BDT.h:104]   --->   Operation 117 'and' 'and_ln104_10' <Predicate = true> <Delay = 0.97> <CoreInst = "LogicGate">   --->   Core 74 'LogicGate' <Latency = 0> <II = 1> <Delay = 0.97> <FuncUnit> <Opcode : 'and' 'or' 'xor'> <InPorts = 2> <OutPorts = 1>
ST_5 : Operation 118 [1/1] (0.00ns) (grouped into LUT with out node select_ln117_43)   --->   "%xor_ln104_24 = xor i1 %icmp_ln86_40, i1 1" [firmware/BDT.h:104]   --->   Operation 118 'xor' 'xor_ln104_24' <Predicate = (icmp_ln86)> <Delay = 0.00> <CoreInst = "LogicGate">   --->   Core 74 'LogicGate' <Latency = 0> <II = 1> <Delay = 0.97> <FuncUnit> <Opcode : 'and' 'or' 'xor'> <InPorts = 2> <OutPorts = 1>
ST_5 : Operation 119 [1/1] (0.00ns) (grouped into LUT with out node select_ln117_47)   --->   "%xor_ln104_25 = xor i1 %icmp_ln86_41, i1 1" [firmware/BDT.h:104]   --->   Operation 119 'xor' 'xor_ln104_25' <Predicate = true> <Delay = 0.00> <CoreInst = "LogicGate">   --->   Core 74 'LogicGate' <Latency = 0> <II = 1> <Delay = 0.97> <FuncUnit> <Opcode : 'and' 'or' 'xor'> <InPorts = 2> <OutPorts = 1>
ST_5 : Operation 120 [1/1] (0.97ns)   --->   "%and_ln102_48 = and i1 %icmp_ln86_42, i1 %and_ln104_9" [firmware/BDT.h:102]   --->   Operation 120 'and' 'and_ln102_48' <Predicate = true> <Delay = 0.97> <CoreInst = "LogicGate">   --->   Core 74 'LogicGate' <Latency = 0> <II = 1> <Delay = 0.97> <FuncUnit> <Opcode : 'and' 'or' 'xor'> <InPorts = 2> <OutPorts = 1>
ST_5 : Operation 121 [1/1] (0.00ns) (grouped into LUT with out node select_ln117_43)   --->   "%and_ln102_61 = and i1 %icmp_ln86_52, i1 %xor_ln104_24" [firmware/BDT.h:102]   --->   Operation 121 'and' 'and_ln102_61' <Predicate = (icmp_ln86)> <Delay = 0.00> <CoreInst = "LogicGate">   --->   Core 74 'LogicGate' <Latency = 0> <II = 1> <Delay = 0.97> <FuncUnit> <Opcode : 'and' 'or' 'xor'> <InPorts = 2> <OutPorts = 1>
ST_5 : Operation 122 [1/1] (0.00ns) (grouped into LUT with out node select_ln117_43)   --->   "%and_ln102_62 = and i1 %and_ln102_61, i1 %and_ln104_8" [firmware/BDT.h:102]   --->   Operation 122 'and' 'and_ln102_62' <Predicate = (icmp_ln86)> <Delay = 0.00> <CoreInst = "LogicGate">   --->   Core 74 'LogicGate' <Latency = 0> <II = 1> <Delay = 0.97> <FuncUnit> <Opcode : 'and' 'or' 'xor'> <InPorts = 2> <OutPorts = 1>
ST_5 : Operation 123 [1/1] (0.00ns) (grouped into LUT with out node select_ln117_45)   --->   "%and_ln102_63 = and i1 %icmp_ln86_53, i1 %and_ln102_47" [firmware/BDT.h:102]   --->   Operation 123 'and' 'and_ln102_63' <Predicate = true> <Delay = 0.00> <CoreInst = "LogicGate">   --->   Core 74 'LogicGate' <Latency = 0> <II = 1> <Delay = 0.97> <FuncUnit> <Opcode : 'and' 'or' 'xor'> <InPorts = 2> <OutPorts = 1>
ST_5 : Operation 124 [1/1] (0.00ns) (grouped into LUT with out node select_ln117_47)   --->   "%and_ln102_64 = and i1 %icmp_ln86_54, i1 %xor_ln104_25" [firmware/BDT.h:102]   --->   Operation 124 'and' 'and_ln102_64' <Predicate = true> <Delay = 0.00> <CoreInst = "LogicGate">   --->   Core 74 'LogicGate' <Latency = 0> <II = 1> <Delay = 0.97> <FuncUnit> <Opcode : 'and' 'or' 'xor'> <InPorts = 2> <OutPorts = 1>
ST_5 : Operation 125 [1/1] (0.00ns) (grouped into LUT with out node select_ln117_47)   --->   "%and_ln102_65 = and i1 %and_ln102_64, i1 %and_ln102_41" [firmware/BDT.h:102]   --->   Operation 125 'and' 'and_ln102_65' <Predicate = true> <Delay = 0.00> <CoreInst = "LogicGate">   --->   Core 74 'LogicGate' <Latency = 0> <II = 1> <Delay = 0.97> <FuncUnit> <Opcode : 'and' 'or' 'xor'> <InPorts = 2> <OutPorts = 1>
ST_5 : Operation 126 [1/1] (0.00ns) (grouped into LUT with out node select_ln117_43)   --->   "%or_ln117_35 = or i1 %or_ln117_34, i1 %and_ln102_62" [firmware/BDT.h:117]   --->   Operation 126 'or' 'or_ln117_35' <Predicate = (icmp_ln86)> <Delay = 0.00> <CoreInst = "LogicGate">   --->   Core 74 'LogicGate' <Latency = 0> <II = 1> <Delay = 0.97> <FuncUnit> <Opcode : 'and' 'or' 'xor'> <InPorts = 2> <OutPorts = 1>
ST_5 : Operation 127 [1/1] (0.00ns) (grouped into LUT with out node select_ln117_43)   --->   "%select_ln117_42 = select i1 %or_ln117_35, i4 %select_ln117_41, i4 15" [firmware/BDT.h:117]   --->   Operation 127 'select' 'select_ln117_42' <Predicate = (icmp_ln86)> <Delay = 0.00> <CoreInst = "Sel">   --->   Core 73 'Sel' <Latency = 0> <II = 1> <Delay = 1.02> <FuncUnit> <Opcode : 'select'> <InPorts = 3> <OutPorts = 1>
ST_5 : Operation 128 [1/1] (0.00ns) (grouped into LUT with out node select_ln117_43)   --->   "%zext_ln117_6 = zext i4 %select_ln117_42" [firmware/BDT.h:117]   --->   Operation 128 'zext' 'zext_ln117_6' <Predicate = (icmp_ln86)> <Delay = 0.00>
ST_5 : Operation 129 [1/1] (0.00ns) (grouped into LUT with out node select_ln117_45)   --->   "%or_ln117_36 = or i1 %icmp_ln86, i1 %and_ln102_63" [firmware/BDT.h:117]   --->   Operation 129 'or' 'or_ln117_36' <Predicate = true> <Delay = 0.00> <CoreInst = "LogicGate">   --->   Core 74 'LogicGate' <Latency = 0> <II = 1> <Delay = 0.97> <FuncUnit> <Opcode : 'and' 'or' 'xor'> <InPorts = 2> <OutPorts = 1>
ST_5 : Operation 130 [1/1] (1.21ns) (out node of the LUT)   --->   "%select_ln117_43 = select i1 %icmp_ln86, i5 %zext_ln117_6, i5 16" [firmware/BDT.h:117]   --->   Operation 130 'select' 'select_ln117_43' <Predicate = true> <Delay = 1.21> <CoreInst = "Sel">   --->   Core 73 'Sel' <Latency = 0> <II = 1> <Delay = 1.21> <FuncUnit> <Opcode : 'select'> <InPorts = 3> <OutPorts = 1>
ST_5 : Operation 131 [1/1] (0.97ns)   --->   "%or_ln117_37 = or i1 %icmp_ln86, i1 %and_ln102_47" [firmware/BDT.h:117]   --->   Operation 131 'or' 'or_ln117_37' <Predicate = true> <Delay = 0.97> <CoreInst = "LogicGate">   --->   Core 74 'LogicGate' <Latency = 0> <II = 1> <Delay = 0.97> <FuncUnit> <Opcode : 'and' 'or' 'xor'> <InPorts = 2> <OutPorts = 1>
ST_5 : Operation 132 [1/1] (0.00ns) (grouped into LUT with out node select_ln117_45)   --->   "%select_ln117_44 = select i1 %or_ln117_36, i5 %select_ln117_43, i5 17" [firmware/BDT.h:117]   --->   Operation 132 'select' 'select_ln117_44' <Predicate = true> <Delay = 0.00> <CoreInst = "Sel">   --->   Core 73 'Sel' <Latency = 0> <II = 1> <Delay = 1.21> <FuncUnit> <Opcode : 'select'> <InPorts = 3> <OutPorts = 1>
ST_5 : Operation 133 [1/1] (0.00ns) (grouped into LUT with out node select_ln117_47)   --->   "%or_ln117_38 = or i1 %or_ln117_37, i1 %and_ln102_65" [firmware/BDT.h:117]   --->   Operation 133 'or' 'or_ln117_38' <Predicate = true> <Delay = 0.00> <CoreInst = "LogicGate">   --->   Core 74 'LogicGate' <Latency = 0> <II = 1> <Delay = 0.97> <FuncUnit> <Opcode : 'and' 'or' 'xor'> <InPorts = 2> <OutPorts = 1>
ST_5 : Operation 134 [1/1] (1.21ns) (out node of the LUT)   --->   "%select_ln117_45 = select i1 %or_ln117_37, i5 %select_ln117_44, i5 18" [firmware/BDT.h:117]   --->   Operation 134 'select' 'select_ln117_45' <Predicate = true> <Delay = 1.21> <CoreInst = "Sel">   --->   Core 73 'Sel' <Latency = 0> <II = 1> <Delay = 1.21> <FuncUnit> <Opcode : 'select'> <InPorts = 3> <OutPorts = 1>
ST_5 : Operation 135 [1/1] (0.97ns)   --->   "%or_ln117_39 = or i1 %icmp_ln86, i1 %and_ln102_41" [firmware/BDT.h:117]   --->   Operation 135 'or' 'or_ln117_39' <Predicate = true> <Delay = 0.97> <CoreInst = "LogicGate">   --->   Core 74 'LogicGate' <Latency = 0> <II = 1> <Delay = 0.97> <FuncUnit> <Opcode : 'and' 'or' 'xor'> <InPorts = 2> <OutPorts = 1>
ST_5 : Operation 136 [1/1] (0.00ns) (grouped into LUT with out node select_ln117_47)   --->   "%select_ln117_46 = select i1 %or_ln117_38, i5 %select_ln117_45, i5 19" [firmware/BDT.h:117]   --->   Operation 136 'select' 'select_ln117_46' <Predicate = true> <Delay = 0.00> <CoreInst = "Sel">   --->   Core 73 'Sel' <Latency = 0> <II = 1> <Delay = 1.21> <FuncUnit> <Opcode : 'select'> <InPorts = 3> <OutPorts = 1>
ST_5 : Operation 137 [1/1] (1.21ns) (out node of the LUT)   --->   "%select_ln117_47 = select i1 %or_ln117_39, i5 %select_ln117_46, i5 20" [firmware/BDT.h:117]   --->   Operation 137 'select' 'select_ln117_47' <Predicate = true> <Delay = 1.21> <CoreInst = "Sel">   --->   Core 73 'Sel' <Latency = 0> <II = 1> <Delay = 1.21> <FuncUnit> <Opcode : 'select'> <InPorts = 3> <OutPorts = 1>
ST_5 : Operation 138 [1/1] (0.97ns)   --->   "%or_ln117_41 = or i1 %or_ln117_39, i1 %and_ln102_48" [firmware/BDT.h:117]   --->   Operation 138 'or' 'or_ln117_41' <Predicate = true> <Delay = 0.97> <CoreInst = "LogicGate">   --->   Core 74 'LogicGate' <Latency = 0> <II = 1> <Delay = 0.97> <FuncUnit> <Opcode : 'and' 'or' 'xor'> <InPorts = 2> <OutPorts = 1>
ST_5 : Operation 139 [1/1] (0.97ns)   --->   "%or_ln117_43 = or i1 %icmp_ln86, i1 %and_ln102_38" [firmware/BDT.h:117]   --->   Operation 139 'or' 'or_ln117_43' <Predicate = true> <Delay = 0.97> <CoreInst = "LogicGate">   --->   Core 74 'LogicGate' <Latency = 0> <II = 1> <Delay = 0.97> <FuncUnit> <Opcode : 'and' 'or' 'xor'> <InPorts = 2> <OutPorts = 1>

State 6 <SV = 5> <Delay = 3.64>
ST_6 : Operation 140 [1/1] (0.00ns) (grouped into LUT with out node select_ln117_51)   --->   "%xor_ln104_26 = xor i1 %icmp_ln86_42, i1 1" [firmware/BDT.h:104]   --->   Operation 140 'xor' 'xor_ln104_26' <Predicate = (or_ln117_43)> <Delay = 0.00> <CoreInst = "LogicGate">   --->   Core 74 'LogicGate' <Latency = 0> <II = 1> <Delay = 0.97> <FuncUnit> <Opcode : 'and' 'or' 'xor'> <InPorts = 2> <OutPorts = 1>
ST_6 : Operation 141 [1/1] (0.97ns)   --->   "%and_ln102_49 = and i1 %icmp_ln86_43, i1 %and_ln102_42" [firmware/BDT.h:102]   --->   Operation 141 'and' 'and_ln102_49' <Predicate = true> <Delay = 0.97> <CoreInst = "LogicGate">   --->   Core 74 'LogicGate' <Latency = 0> <II = 1> <Delay = 0.97> <FuncUnit> <Opcode : 'and' 'or' 'xor'> <InPorts = 2> <OutPorts = 1>
ST_6 : Operation 142 [1/1] (0.00ns) (grouped into LUT with out node select_ln117_49)   --->   "%and_ln102_66 = and i1 %icmp_ln86_55, i1 %and_ln102_48" [firmware/BDT.h:102]   --->   Operation 142 'and' 'and_ln102_66' <Predicate = (or_ln117_41 & or_ln117_43)> <Delay = 0.00> <CoreInst = "LogicGate">   --->   Core 74 'LogicGate' <Latency = 0> <II = 1> <Delay = 0.97> <FuncUnit> <Opcode : 'and' 'or' 'xor'> <InPorts = 2> <OutPorts = 1>
ST_6 : Operation 143 [1/1] (0.00ns) (grouped into LUT with out node select_ln117_51)   --->   "%and_ln102_67 = and i1 %icmp_ln86_56, i1 %xor_ln104_26" [firmware/BDT.h:102]   --->   Operation 143 'and' 'and_ln102_67' <Predicate = (or_ln117_43)> <Delay = 0.00> <CoreInst = "LogicGate">   --->   Core 74 'LogicGate' <Latency = 0> <II = 1> <Delay = 0.97> <FuncUnit> <Opcode : 'and' 'or' 'xor'> <InPorts = 2> <OutPorts = 1>
ST_6 : Operation 144 [1/1] (0.00ns) (grouped into LUT with out node select_ln117_51)   --->   "%and_ln102_68 = and i1 %and_ln102_67, i1 %and_ln104_9" [firmware/BDT.h:102]   --->   Operation 144 'and' 'and_ln102_68' <Predicate = (or_ln117_43)> <Delay = 0.00> <CoreInst = "LogicGate">   --->   Core 74 'LogicGate' <Latency = 0> <II = 1> <Delay = 0.97> <FuncUnit> <Opcode : 'and' 'or' 'xor'> <InPorts = 2> <OutPorts = 1>
ST_6 : Operation 145 [1/1] (0.00ns) (grouped into LUT with out node select_ln117_53)   --->   "%and_ln102_69 = and i1 %icmp_ln86_57, i1 %and_ln102_49" [firmware/BDT.h:102]   --->   Operation 145 'and' 'and_ln102_69' <Predicate = true> <Delay = 0.00> <CoreInst = "LogicGate">   --->   Core 74 'LogicGate' <Latency = 0> <II = 1> <Delay = 0.97> <FuncUnit> <Opcode : 'and' 'or' 'xor'> <InPorts = 2> <OutPorts = 1>
ST_6 : Operation 146 [1/1] (0.00ns) (grouped into LUT with out node select_ln117_49)   --->   "%or_ln117_40 = or i1 %or_ln117_39, i1 %and_ln102_66" [firmware/BDT.h:117]   --->   Operation 146 'or' 'or_ln117_40' <Predicate = (or_ln117_41 & or_ln117_43)> <Delay = 0.00> <CoreInst = "LogicGate">   --->   Core 74 'LogicGate' <Latency = 0> <II = 1> <Delay = 0.97> <FuncUnit> <Opcode : 'and' 'or' 'xor'> <InPorts = 2> <OutPorts = 1>
ST_6 : Operation 147 [1/1] (0.00ns) (grouped into LUT with out node select_ln117_49)   --->   "%select_ln117_48 = select i1 %or_ln117_40, i5 %select_ln117_47, i5 21" [firmware/BDT.h:117]   --->   Operation 147 'select' 'select_ln117_48' <Predicate = (or_ln117_41 & or_ln117_43)> <Delay = 0.00> <CoreInst = "Sel">   --->   Core 73 'Sel' <Latency = 0> <II = 1> <Delay = 1.21> <FuncUnit> <Opcode : 'select'> <InPorts = 3> <OutPorts = 1>
ST_6 : Operation 148 [1/1] (0.00ns) (grouped into LUT with out node select_ln117_51)   --->   "%or_ln117_42 = or i1 %or_ln117_41, i1 %and_ln102_68" [firmware/BDT.h:117]   --->   Operation 148 'or' 'or_ln117_42' <Predicate = (or_ln117_43)> <Delay = 0.00> <CoreInst = "LogicGate">   --->   Core 74 'LogicGate' <Latency = 0> <II = 1> <Delay = 0.97> <FuncUnit> <Opcode : 'and' 'or' 'xor'> <InPorts = 2> <OutPorts = 1>
ST_6 : Operation 149 [1/1] (1.21ns) (out node of the LUT)   --->   "%select_ln117_49 = select i1 %or_ln117_41, i5 %select_ln117_48, i5 22" [firmware/BDT.h:117]   --->   Operation 149 'select' 'select_ln117_49' <Predicate = (or_ln117_43)> <Delay = 1.21> <CoreInst = "Sel">   --->   Core 73 'Sel' <Latency = 0> <II = 1> <Delay = 1.21> <FuncUnit> <Opcode : 'select'> <InPorts = 3> <OutPorts = 1>
ST_6 : Operation 150 [1/1] (0.00ns) (grouped into LUT with out node select_ln117_51)   --->   "%select_ln117_50 = select i1 %or_ln117_42, i5 %select_ln117_49, i5 23" [firmware/BDT.h:117]   --->   Operation 150 'select' 'select_ln117_50' <Predicate = (or_ln117_43)> <Delay = 0.00> <CoreInst = "Sel">   --->   Core 73 'Sel' <Latency = 0> <II = 1> <Delay = 1.21> <FuncUnit> <Opcode : 'select'> <InPorts = 3> <OutPorts = 1>
ST_6 : Operation 151 [1/1] (0.00ns) (grouped into LUT with out node select_ln117_53)   --->   "%or_ln117_44 = or i1 %or_ln117_43, i1 %and_ln102_69" [firmware/BDT.h:117]   --->   Operation 151 'or' 'or_ln117_44' <Predicate = true> <Delay = 0.00> <CoreInst = "LogicGate">   --->   Core 74 'LogicGate' <Latency = 0> <II = 1> <Delay = 0.97> <FuncUnit> <Opcode : 'and' 'or' 'xor'> <InPorts = 2> <OutPorts = 1>
ST_6 : Operation 152 [1/1] (1.21ns) (out node of the LUT)   --->   "%select_ln117_51 = select i1 %or_ln117_43, i5 %select_ln117_50, i5 24" [firmware/BDT.h:117]   --->   Operation 152 'select' 'select_ln117_51' <Predicate = true> <Delay = 1.21> <CoreInst = "Sel">   --->   Core 73 'Sel' <Latency = 0> <II = 1> <Delay = 1.21> <FuncUnit> <Opcode : 'select'> <InPorts = 3> <OutPorts = 1>
ST_6 : Operation 153 [1/1] (0.97ns)   --->   "%or_ln117_45 = or i1 %or_ln117_43, i1 %and_ln102_49" [firmware/BDT.h:117]   --->   Operation 153 'or' 'or_ln117_45' <Predicate = true> <Delay = 0.97> <CoreInst = "LogicGate">   --->   Core 74 'LogicGate' <Latency = 0> <II = 1> <Delay = 0.97> <FuncUnit> <Opcode : 'and' 'or' 'xor'> <InPorts = 2> <OutPorts = 1>
ST_6 : Operation 154 [1/1] (0.00ns) (grouped into LUT with out node select_ln117_53)   --->   "%select_ln117_52 = select i1 %or_ln117_44, i5 %select_ln117_51, i5 25" [firmware/BDT.h:117]   --->   Operation 154 'select' 'select_ln117_52' <Predicate = true> <Delay = 0.00> <CoreInst = "Sel">   --->   Core 73 'Sel' <Latency = 0> <II = 1> <Delay = 1.21> <FuncUnit> <Opcode : 'select'> <InPorts = 3> <OutPorts = 1>
ST_6 : Operation 155 [1/1] (1.21ns) (out node of the LUT)   --->   "%select_ln117_53 = select i1 %or_ln117_45, i5 %select_ln117_52, i5 26" [firmware/BDT.h:117]   --->   Operation 155 'select' 'select_ln117_53' <Predicate = true> <Delay = 1.21> <CoreInst = "Sel">   --->   Core 73 'Sel' <Latency = 0> <II = 1> <Delay = 1.21> <FuncUnit> <Opcode : 'select'> <InPorts = 3> <OutPorts = 1>

State 7 <SV = 6> <Delay = 3.40>
ST_7 : Operation 156 [1/1] (0.00ns) (grouped into LUT with out node select_ln117_55)   --->   "%xor_ln104_27 = xor i1 %icmp_ln86_43, i1 1" [firmware/BDT.h:104]   --->   Operation 156 'xor' 'xor_ln104_27' <Predicate = true> <Delay = 0.00> <CoreInst = "LogicGate">   --->   Core 74 'LogicGate' <Latency = 0> <II = 1> <Delay = 0.97> <FuncUnit> <Opcode : 'and' 'or' 'xor'> <InPorts = 2> <OutPorts = 1>
ST_7 : Operation 157 [1/1] (0.97ns)   --->   "%and_ln102_50 = and i1 %icmp_ln86_44, i1 %and_ln104_10" [firmware/BDT.h:102]   --->   Operation 157 'and' 'and_ln102_50' <Predicate = true> <Delay = 0.97> <CoreInst = "LogicGate">   --->   Core 74 'LogicGate' <Latency = 0> <II = 1> <Delay = 0.97> <FuncUnit> <Opcode : 'and' 'or' 'xor'> <InPorts = 2> <OutPorts = 1>
ST_7 : Operation 158 [1/1] (0.00ns) (grouped into LUT with out node select_ln117_55)   --->   "%and_ln102_70 = and i1 %icmp_ln86_58, i1 %xor_ln104_27" [firmware/BDT.h:102]   --->   Operation 158 'and' 'and_ln102_70' <Predicate = true> <Delay = 0.00> <CoreInst = "LogicGate">   --->   Core 74 'LogicGate' <Latency = 0> <II = 1> <Delay = 0.97> <FuncUnit> <Opcode : 'and' 'or' 'xor'> <InPorts = 2> <OutPorts = 1>
ST_7 : Operation 159 [1/1] (0.00ns) (grouped into LUT with out node select_ln117_55)   --->   "%and_ln102_71 = and i1 %and_ln102_70, i1 %and_ln102_42" [firmware/BDT.h:102]   --->   Operation 159 'and' 'and_ln102_71' <Predicate = true> <Delay = 0.00> <CoreInst = "LogicGate">   --->   Core 74 'LogicGate' <Latency = 0> <II = 1> <Delay = 0.97> <FuncUnit> <Opcode : 'and' 'or' 'xor'> <InPorts = 2> <OutPorts = 1>
ST_7 : Operation 160 [1/1] (0.00ns) (grouped into LUT with out node select_ln117_57)   --->   "%and_ln102_72 = and i1 %icmp_ln86_59, i1 %and_ln102_50" [firmware/BDT.h:102]   --->   Operation 160 'and' 'and_ln102_72' <Predicate = true> <Delay = 0.00> <CoreInst = "LogicGate">   --->   Core 74 'LogicGate' <Latency = 0> <II = 1> <Delay = 0.97> <FuncUnit> <Opcode : 'and' 'or' 'xor'> <InPorts = 2> <OutPorts = 1>
ST_7 : Operation 161 [1/1] (0.00ns) (grouped into LUT with out node select_ln117_55)   --->   "%or_ln117_46 = or i1 %or_ln117_45, i1 %and_ln102_71" [firmware/BDT.h:117]   --->   Operation 161 'or' 'or_ln117_46' <Predicate = true> <Delay = 0.00> <CoreInst = "LogicGate">   --->   Core 74 'LogicGate' <Latency = 0> <II = 1> <Delay = 0.97> <FuncUnit> <Opcode : 'and' 'or' 'xor'> <InPorts = 2> <OutPorts = 1>
ST_7 : Operation 162 [1/1] (0.97ns)   --->   "%or_ln117_47 = or i1 %or_ln117_43, i1 %and_ln102_42" [firmware/BDT.h:117]   --->   Operation 162 'or' 'or_ln117_47' <Predicate = true> <Delay = 0.97> <CoreInst = "LogicGate">   --->   Core 74 'LogicGate' <Latency = 0> <II = 1> <Delay = 0.97> <FuncUnit> <Opcode : 'and' 'or' 'xor'> <InPorts = 2> <OutPorts = 1>
ST_7 : Operation 163 [1/1] (0.00ns) (grouped into LUT with out node select_ln117_55)   --->   "%select_ln117_54 = select i1 %or_ln117_46, i5 %select_ln117_53, i5 27" [firmware/BDT.h:117]   --->   Operation 163 'select' 'select_ln117_54' <Predicate = true> <Delay = 0.00> <CoreInst = "Sel">   --->   Core 73 'Sel' <Latency = 0> <II = 1> <Delay = 1.21> <FuncUnit> <Opcode : 'select'> <InPorts = 3> <OutPorts = 1>
ST_7 : Operation 164 [1/1] (0.00ns) (grouped into LUT with out node select_ln117_57)   --->   "%or_ln117_48 = or i1 %or_ln117_47, i1 %and_ln102_72" [firmware/BDT.h:117]   --->   Operation 164 'or' 'or_ln117_48' <Predicate = true> <Delay = 0.00> <CoreInst = "LogicGate">   --->   Core 74 'LogicGate' <Latency = 0> <II = 1> <Delay = 0.97> <FuncUnit> <Opcode : 'and' 'or' 'xor'> <InPorts = 2> <OutPorts = 1>
ST_7 : Operation 165 [1/1] (1.21ns) (out node of the LUT)   --->   "%select_ln117_55 = select i1 %or_ln117_47, i5 %select_ln117_54, i5 28" [firmware/BDT.h:117]   --->   Operation 165 'select' 'select_ln117_55' <Predicate = true> <Delay = 1.21> <CoreInst = "Sel">   --->   Core 73 'Sel' <Latency = 0> <II = 1> <Delay = 1.21> <FuncUnit> <Opcode : 'select'> <InPorts = 3> <OutPorts = 1>
ST_7 : Operation 166 [1/1] (0.97ns)   --->   "%or_ln117_49 = or i1 %or_ln117_47, i1 %and_ln102_50" [firmware/BDT.h:117]   --->   Operation 166 'or' 'or_ln117_49' <Predicate = true> <Delay = 0.97> <CoreInst = "LogicGate">   --->   Core 74 'LogicGate' <Latency = 0> <II = 1> <Delay = 0.97> <FuncUnit> <Opcode : 'and' 'or' 'xor'> <InPorts = 2> <OutPorts = 1>
ST_7 : Operation 167 [1/1] (0.00ns) (grouped into LUT with out node select_ln117_57)   --->   "%select_ln117_56 = select i1 %or_ln117_48, i5 %select_ln117_55, i5 29" [firmware/BDT.h:117]   --->   Operation 167 'select' 'select_ln117_56' <Predicate = true> <Delay = 0.00> <CoreInst = "Sel">   --->   Core 73 'Sel' <Latency = 0> <II = 1> <Delay = 1.21> <FuncUnit> <Opcode : 'select'> <InPorts = 3> <OutPorts = 1>
ST_7 : Operation 168 [1/1] (1.21ns) (out node of the LUT)   --->   "%select_ln117_57 = select i1 %or_ln117_49, i5 %select_ln117_56, i5 30" [firmware/BDT.h:117]   --->   Operation 168 'select' 'select_ln117_57' <Predicate = true> <Delay = 1.21> <CoreInst = "Sel">   --->   Core 73 'Sel' <Latency = 0> <II = 1> <Delay = 1.21> <FuncUnit> <Opcode : 'select'> <InPorts = 3> <OutPorts = 1>

State 8 <SV = 7> <Delay = 3.20>
ST_8 : Operation 169 [1/1] (0.00ns)   --->   "%specpipeline_ln53 = specpipeline void @_ssdm_op_SpecPipeline, i32 1, i32 0, i32 0, i32 0, void @empty_13" [firmware/BDT.h:53]   --->   Operation 169 'specpipeline' 'specpipeline_ln53' <Predicate = true> <Delay = 0.00>
ST_8 : Operation 170 [1/1] (0.00ns) (grouped into LUT with out node agg_result)   --->   "%xor_ln104_28 = xor i1 %icmp_ln86_44, i1 1" [firmware/BDT.h:104]   --->   Operation 170 'xor' 'xor_ln104_28' <Predicate = true> <Delay = 0.00> <CoreInst = "LogicGate">   --->   Core 74 'LogicGate' <Latency = 0> <II = 1> <Delay = 0.97> <FuncUnit> <Opcode : 'and' 'or' 'xor'> <InPorts = 2> <OutPorts = 1>
ST_8 : Operation 171 [1/1] (0.00ns) (grouped into LUT with out node agg_result)   --->   "%and_ln102_73 = and i1 %icmp_ln86_60, i1 %xor_ln104_28" [firmware/BDT.h:102]   --->   Operation 171 'and' 'and_ln102_73' <Predicate = true> <Delay = 0.00> <CoreInst = "LogicGate">   --->   Core 74 'LogicGate' <Latency = 0> <II = 1> <Delay = 0.97> <FuncUnit> <Opcode : 'and' 'or' 'xor'> <InPorts = 2> <OutPorts = 1>
ST_8 : Operation 172 [1/1] (0.00ns) (grouped into LUT with out node agg_result)   --->   "%and_ln102_74 = and i1 %and_ln102_73, i1 %and_ln104_10" [firmware/BDT.h:102]   --->   Operation 172 'and' 'and_ln102_74' <Predicate = true> <Delay = 0.00> <CoreInst = "LogicGate">   --->   Core 74 'LogicGate' <Latency = 0> <II = 1> <Delay = 0.97> <FuncUnit> <Opcode : 'and' 'or' 'xor'> <InPorts = 2> <OutPorts = 1>
ST_8 : Operation 173 [1/1] (0.00ns) (grouped into LUT with out node agg_result)   --->   "%or_ln117_50 = or i1 %or_ln117_49, i1 %and_ln102_74" [firmware/BDT.h:117]   --->   Operation 173 'or' 'or_ln117_50' <Predicate = true> <Delay = 0.00> <CoreInst = "LogicGate">   --->   Core 74 'LogicGate' <Latency = 0> <II = 1> <Delay = 0.97> <FuncUnit> <Opcode : 'and' 'or' 'xor'> <InPorts = 2> <OutPorts = 1>
ST_8 : Operation 174 [1/1] (0.00ns) (grouped into LUT with out node agg_result)   --->   "%select_ln117_58 = select i1 %or_ln117_50, i5 %select_ln117_57, i5 31" [firmware/BDT.h:117]   --->   Operation 174 'select' 'select_ln117_58' <Predicate = true> <Delay = 0.00> <CoreInst = "Sel">   --->   Core 73 'Sel' <Latency = 0> <II = 1> <Delay = 1.21> <FuncUnit> <Opcode : 'select'> <InPorts = 3> <OutPorts = 1>
ST_8 : Operation 175 [1/1] (3.20ns) (out node of the LUT)   --->   "%agg_result = sparsemux i11 @_ssdm_op_SparseMux.ap_auto.32i11.i11.i5, i5 0, i11 1, i5 1, i11 1972, i5 2, i11 1862, i5 3, i11 213, i5 4, i11 1880, i5 5, i11 171, i5 6, i11 1879, i5 7, i11 2044, i5 8, i11 15, i5 9, i11 255, i5 10, i11 1747, i5 11, i11 559, i5 12, i11 2044, i5 13, i11 266, i5 14, i11 737, i5 15, i11 1975, i5 16, i11 1985, i5 17, i11 1838, i5 18, i11 2023, i5 19, i11 844, i5 20, i11 2010, i5 21, i11 1736, i5 22, i11 6, i5 23, i11 1328, i5 24, i11 97, i5 25, i11 2047, i5 26, i11 1881, i5 27, i11 2013, i5 28, i11 246, i5 29, i11 1854, i5 30, i11 1871, i5 31, i11 57, i11 0, i5 %select_ln117_58" [firmware/BDT.h:118]   --->   Operation 175 'sparsemux' 'agg_result' <Predicate = true> <Delay = 3.20> <CoreInst = "BinarySparseMux_DontCare">   --->   Core 137 'BinarySparseMux_DontCare' <Latency = 0> <II = 1> <Delay = 3.20> <FuncUnit> <Opcode : 'sparsemux'> <InPorts = 2> <OutPorts = 1>
ST_8 : Operation 176 [1/1] (0.00ns)   --->   "%ret_ln122 = ret i11 %agg_result" [firmware/BDT.h:122]   --->   Operation 176 'ret' 'ret_ln122' <Predicate = true> <Delay = 0.00>


============================================================
+ Verbose Summary: Timing violations
============================================================
Target clock period: 5.000ns, clock uncertainty: 1.350ns.

 <State 1>: 3.114ns
The critical path consists of the following:
	wire read operation ('p_read812', firmware/BDT.h:86) on port 'p_read8' (firmware/BDT.h:86) [22]  (0.000 ns)
	'icmp' operation 1 bit ('icmp_ln86', firmware/BDT.h:86) [30]  (2.136 ns)
	'and' operation 1 bit ('and_ln102', firmware/BDT.h:102) [62]  (0.978 ns)

 <State 2>: 2.934ns
The critical path consists of the following:
	'and' operation 1 bit ('and_ln102_39', firmware/BDT.h:102) [68]  (0.978 ns)
	'and' operation 1 bit ('and_ln102_43', firmware/BDT.h:102) [80]  (0.978 ns)
	'or' operation 1 bit ('or_ln117', firmware/BDT.h:117) [122]  (0.978 ns)

 <State 3>: 2.997ns
The critical path consists of the following:
	'and' operation 1 bit ('and_ln102_51', firmware/BDT.h:102) [96]  (0.000 ns)
	'xor' operation 1 bit ('xor_ln117', firmware/BDT.h:117) [120]  (0.000 ns)
	'select' operation 2 bit ('select_ln117', firmware/BDT.h:117) [123]  (0.000 ns)
	'select' operation 2 bit ('select_ln117_30', firmware/BDT.h:117) [124]  (0.000 ns)
	'select' operation 3 bit ('select_ln117_31', firmware/BDT.h:117) [127]  (0.993 ns)
	'select' operation 3 bit ('select_ln117_32', firmware/BDT.h:117) [129]  (0.000 ns)
	'select' operation 3 bit ('select_ln117_33', firmware/BDT.h:117) [131]  (0.980 ns)
	'select' operation 3 bit ('select_ln117_34', firmware/BDT.h:117) [132]  (0.000 ns)
	'select' operation 4 bit ('select_ln117_35', firmware/BDT.h:117) [135]  (1.024 ns)

 <State 4>: 3.072ns
The critical path consists of the following:
	'and' operation 1 bit ('and_ln102_57', firmware/BDT.h:102) [102]  (0.000 ns)
	'or' operation 1 bit ('or_ln117_29', firmware/BDT.h:117) [134]  (0.000 ns)
	'select' operation 4 bit ('select_ln117_36', firmware/BDT.h:117) [137]  (0.000 ns)
	'select' operation 4 bit ('select_ln117_37', firmware/BDT.h:117) [139]  (1.024 ns)
	'select' operation 4 bit ('select_ln117_38', firmware/BDT.h:117) [141]  (0.000 ns)
	'select' operation 4 bit ('select_ln117_39', firmware/BDT.h:117) [143]  (1.024 ns)
	'select' operation 4 bit ('select_ln117_40', firmware/BDT.h:117) [145]  (0.000 ns)
	'select' operation 4 bit ('select_ln117_41', firmware/BDT.h:117) [147]  (1.024 ns)

 <State 5>: 3.645ns
The critical path consists of the following:
	'xor' operation 1 bit ('xor_ln104_24', firmware/BDT.h:104) [87]  (0.000 ns)
	'and' operation 1 bit ('and_ln102_61', firmware/BDT.h:102) [106]  (0.000 ns)
	'and' operation 1 bit ('and_ln102_62', firmware/BDT.h:102) [107]  (0.000 ns)
	'or' operation 1 bit ('or_ln117_35', firmware/BDT.h:117) [146]  (0.000 ns)
	'select' operation 4 bit ('select_ln117_42', firmware/BDT.h:117) [148]  (0.000 ns)
	'select' operation 5 bit ('select_ln117_43', firmware/BDT.h:117) [151]  (1.215 ns)
	'select' operation 5 bit ('select_ln117_44', firmware/BDT.h:117) [153]  (0.000 ns)
	'select' operation 5 bit ('select_ln117_45', firmware/BDT.h:117) [155]  (1.215 ns)
	'select' operation 5 bit ('select_ln117_46', firmware/BDT.h:117) [157]  (0.000 ns)
	'select' operation 5 bit ('select_ln117_47', firmware/BDT.h:117) [159]  (1.215 ns)

 <State 6>: 3.645ns
The critical path consists of the following:
	'and' operation 1 bit ('and_ln102_66', firmware/BDT.h:102) [111]  (0.000 ns)
	'or' operation 1 bit ('or_ln117_40', firmware/BDT.h:117) [158]  (0.000 ns)
	'select' operation 5 bit ('select_ln117_48', firmware/BDT.h:117) [161]  (0.000 ns)
	'select' operation 5 bit ('select_ln117_49', firmware/BDT.h:117) [163]  (1.215 ns)
	'select' operation 5 bit ('select_ln117_50', firmware/BDT.h:117) [165]  (0.000 ns)
	'select' operation 5 bit ('select_ln117_51', firmware/BDT.h:117) [167]  (1.215 ns)
	'select' operation 5 bit ('select_ln117_52', firmware/BDT.h:117) [169]  (0.000 ns)
	'select' operation 5 bit ('select_ln117_53', firmware/BDT.h:117) [171]  (1.215 ns)

 <State 7>: 3.408ns
The critical path consists of the following:
	'or' operation 1 bit ('or_ln117_47', firmware/BDT.h:117) [172]  (0.978 ns)
	'select' operation 5 bit ('select_ln117_55', firmware/BDT.h:117) [175]  (1.215 ns)
	'select' operation 5 bit ('select_ln117_56', firmware/BDT.h:117) [177]  (0.000 ns)
	'select' operation 5 bit ('select_ln117_57', firmware/BDT.h:117) [179]  (1.215 ns)

 <State 8>: 3.205ns
The critical path consists of the following:
	'xor' operation 1 bit ('xor_ln104_28', firmware/BDT.h:104) [95]  (0.000 ns)
	'and' operation 1 bit ('and_ln102_73', firmware/BDT.h:102) [118]  (0.000 ns)
	'and' operation 1 bit ('and_ln102_74', firmware/BDT.h:102) [119]  (0.000 ns)
	'or' operation 1 bit ('or_ln117_50', firmware/BDT.h:117) [178]  (0.000 ns)
	'select' operation 5 bit ('select_ln117_58', firmware/BDT.h:117) [180]  (0.000 ns)
	'sparsemux' operation 11 bit ('agg_result', firmware/BDT.h:118) [181]  (3.205 ns)


============================================================
+ Verbose Summary: Binding
============================================================
N/A
* FSMD analyzer results:
  - Output states:
 - Input state : 
  - Chain level:
	State 1
	State 2
	State 3
	State 4
	State 5
	State 6
	State 7
	State 8


============================================================
+ Verbose Summary: Datapath Resource usage 
============================================================
N/A
