

================================================================
== Vitis HLS Report for 'decision_function_53'
================================================================
* Date:           Tue Mar 11 16:22:01 2025

* Version:        2024.2 (Build 5238294 on Nov  8 2024)
* Project:        conifer_jettag
* Solution:       solution1 (Vivado IP Flow Target)
* Product family: zynq
* Target device:  xc7z020-clg400-1


================================================================
== Performance Estimates
================================================================
+ Timing: 
    * Summary: 
    +--------+---------+----------+------------+
    |  Clock |  Target | Estimated| Uncertainty|
    +--------+---------+----------+------------+
    |ap_clk  |  5.00 ns|  3.645 ns|     1.35 ns|
    +--------+---------+----------+------------+

+ Latency: 
    * Summary: 
    +---------+---------+-----------+-----------+-----+-----+---------+
    |  Latency (cycles) |   Latency (absolute)  |  Interval | Pipeline|
    |   min   |   max   |    min    |    max    | min | max |   Type  |
    +---------+---------+-----------+-----------+-----+-----+---------+
    |        7|        7|  35.000 ns|  35.000 ns|    1|    1|      yes|
    +---------+---------+-----------+-----------+-----+-----+---------+

    + Detail: 
        * Instance: 
        N/A

        * Loop: 
        N/A

============================================================
+ Verbose Summary: Synthesis Manager
============================================================
InlineROM: 1
ExposeGlobal: 0
============================================================
+ Verbose Summary: CDFG Model
============================================================
IsTopModel: 0
ResetActiveHigh: 1
IsCombinational: 0
IsDatapathOnly: 0
HasWiredReturn: 1
HasMFsm: 2
HasVarLatency: 0
IsPipeline: 1
IsRtlPipelined: 1
IsInstanceOverlapped: 0
IsDontTouch: 0
HasImplIP: 0
IsGatedGlobalClock: 0

+ Individual pipeline summary: 
  * Pipeline-0: initiation interval (II) = 1, depth = 8


============================================================
+ Verbose Summary: Schedule
============================================================
* Number of FSM states : 8
* Pipeline : 1
  Pipeline-0 : II = 1, D = 8, States = { 1 2 3 4 5 6 7 8 }
* Dataflow Pipeline: 0

* FSM state transitions: 
1 --> 2 
2 --> 3 
3 --> 4 
4 --> 5 
5 --> 6 
6 --> 7 
7 --> 8 
8 --> 

* FSM state operations: 

State 1 <SV = 0> <Delay = 3.11>
ST_1 : Operation 9 [1/1] (0.00ns)   --->   "%p_read = read i18 @_ssdm_op_Read.ap_auto.i18, i18 %p_read11" [firmware/BDT.h:86]   --->   Operation 9 'read' 'p_read' <Predicate = true> <Delay = 0.00>
ST_1 : Operation 10 [1/1] (0.00ns)   --->   "%p_read1011 = read i18 @_ssdm_op_Read.ap_auto.i18, i18 %p_read10" [firmware/BDT.h:86]   --->   Operation 10 'read' 'p_read1011' <Predicate = true> <Delay = 0.00>
ST_1 : Operation 11 [1/1] (0.00ns)   --->   "%p_read910 = read i18 @_ssdm_op_Read.ap_auto.i18, i18 %p_read9" [firmware/BDT.h:86]   --->   Operation 11 'read' 'p_read910' <Predicate = true> <Delay = 0.00>
ST_1 : Operation 12 [1/1] (0.00ns)   --->   "%p_read89 = read i18 @_ssdm_op_Read.ap_auto.i18, i18 %p_read8" [firmware/BDT.h:86]   --->   Operation 12 'read' 'p_read89' <Predicate = true> <Delay = 0.00>
ST_1 : Operation 13 [1/1] (0.00ns)   --->   "%p_read78 = read i18 @_ssdm_op_Read.ap_auto.i18, i18 %p_read7" [firmware/BDT.h:86]   --->   Operation 13 'read' 'p_read78' <Predicate = true> <Delay = 0.00>
ST_1 : Operation 14 [1/1] (0.00ns)   --->   "%p_read67 = read i18 @_ssdm_op_Read.ap_auto.i18, i18 %p_read6" [firmware/BDT.h:86]   --->   Operation 14 'read' 'p_read67' <Predicate = true> <Delay = 0.00>
ST_1 : Operation 15 [1/1] (0.00ns)   --->   "%p_read56 = read i18 @_ssdm_op_Read.ap_auto.i18, i18 %p_read5" [firmware/BDT.h:86]   --->   Operation 15 'read' 'p_read56' <Predicate = true> <Delay = 0.00>
ST_1 : Operation 16 [1/1] (0.00ns)   --->   "%p_read45 = read i18 @_ssdm_op_Read.ap_auto.i18, i18 %p_read4" [firmware/BDT.h:86]   --->   Operation 16 'read' 'p_read45' <Predicate = true> <Delay = 0.00>
ST_1 : Operation 17 [1/1] (0.00ns)   --->   "%p_read34 = read i18 @_ssdm_op_Read.ap_auto.i18, i18 %p_read3" [firmware/BDT.h:86]   --->   Operation 17 'read' 'p_read34' <Predicate = true> <Delay = 0.00>
ST_1 : Operation 18 [1/1] (0.00ns)   --->   "%p_read23 = read i18 @_ssdm_op_Read.ap_auto.i18, i18 %p_read2" [firmware/BDT.h:86]   --->   Operation 18 'read' 'p_read23' <Predicate = true> <Delay = 0.00>
ST_1 : Operation 19 [1/1] (0.00ns)   --->   "%p_read12 = read i18 @_ssdm_op_Read.ap_auto.i18, i18 %p_read1" [firmware/BDT.h:86]   --->   Operation 19 'read' 'p_read12' <Predicate = true> <Delay = 0.00>
ST_1 : Operation 20 [1/1] (2.13ns)   --->   "%icmp_ln86 = icmp_slt  i18 %p_read, i18 261417" [firmware/BDT.h:86]   --->   Operation 20 'icmp' 'icmp_ln86' <Predicate = true> <Delay = 2.13> <CoreInst = "Cmp">   --->   Core 9 'Cmp' <Latency = 0> <II = 1> <Delay = 2.13> <FuncUnit> <Opcode : 'seteq' 'setne' 'setle' 'setge' 'setlt' 'setgt'> <InPorts = 2> <OutPorts = 1>
ST_1 : Operation 21 [1/1] (2.13ns)   --->   "%icmp_ln86_1350 = icmp_slt  i18 %p_read12, i18 430" [firmware/BDT.h:86]   --->   Operation 21 'icmp' 'icmp_ln86_1350' <Predicate = true> <Delay = 2.13> <CoreInst = "Cmp">   --->   Core 9 'Cmp' <Latency = 0> <II = 1> <Delay = 2.13> <FuncUnit> <Opcode : 'seteq' 'setne' 'setle' 'setge' 'setlt' 'setgt'> <InPorts = 2> <OutPorts = 1>
ST_1 : Operation 22 [1/1] (2.13ns)   --->   "%icmp_ln86_1351 = icmp_slt  i18 %p_read34, i18 261291" [firmware/BDT.h:86]   --->   Operation 22 'icmp' 'icmp_ln86_1351' <Predicate = true> <Delay = 2.13> <CoreInst = "Cmp">   --->   Core 9 'Cmp' <Latency = 0> <II = 1> <Delay = 2.13> <FuncUnit> <Opcode : 'seteq' 'setne' 'setle' 'setge' 'setlt' 'setgt'> <InPorts = 2> <OutPorts = 1>
ST_1 : Operation 23 [1/1] (2.13ns)   --->   "%icmp_ln86_1352 = icmp_slt  i18 %p_read67, i18 220" [firmware/BDT.h:86]   --->   Operation 23 'icmp' 'icmp_ln86_1352' <Predicate = true> <Delay = 2.13> <CoreInst = "Cmp">   --->   Core 9 'Cmp' <Latency = 0> <II = 1> <Delay = 2.13> <FuncUnit> <Opcode : 'seteq' 'setne' 'setle' 'setge' 'setlt' 'setgt'> <InPorts = 2> <OutPorts = 1>
ST_1 : Operation 24 [1/1] (2.13ns)   --->   "%icmp_ln86_1353 = icmp_slt  i18 %p_read1011, i18 260920" [firmware/BDT.h:86]   --->   Operation 24 'icmp' 'icmp_ln86_1353' <Predicate = true> <Delay = 2.13> <CoreInst = "Cmp">   --->   Core 9 'Cmp' <Latency = 0> <II = 1> <Delay = 2.13> <FuncUnit> <Opcode : 'seteq' 'setne' 'setle' 'setge' 'setlt' 'setgt'> <InPorts = 2> <OutPorts = 1>
ST_1 : Operation 25 [1/1] (2.13ns)   --->   "%icmp_ln86_1354 = icmp_slt  i18 %p_read1011, i18 260971" [firmware/BDT.h:86]   --->   Operation 25 'icmp' 'icmp_ln86_1354' <Predicate = true> <Delay = 2.13> <CoreInst = "Cmp">   --->   Core 9 'Cmp' <Latency = 0> <II = 1> <Delay = 2.13> <FuncUnit> <Opcode : 'seteq' 'setne' 'setle' 'setge' 'setlt' 'setgt'> <InPorts = 2> <OutPorts = 1>
ST_1 : Operation 26 [1/1] (2.13ns)   --->   "%icmp_ln86_1355 = icmp_slt  i18 %p_read1011, i18 261050" [firmware/BDT.h:86]   --->   Operation 26 'icmp' 'icmp_ln86_1355' <Predicate = true> <Delay = 2.13> <CoreInst = "Cmp">   --->   Core 9 'Cmp' <Latency = 0> <II = 1> <Delay = 2.13> <FuncUnit> <Opcode : 'seteq' 'setne' 'setle' 'setge' 'setlt' 'setgt'> <InPorts = 2> <OutPorts = 1>
ST_1 : Operation 27 [1/1] (2.13ns)   --->   "%icmp_ln86_1356 = icmp_slt  i18 %p_read89, i18 260515" [firmware/BDT.h:86]   --->   Operation 27 'icmp' 'icmp_ln86_1356' <Predicate = true> <Delay = 2.13> <CoreInst = "Cmp">   --->   Core 9 'Cmp' <Latency = 0> <II = 1> <Delay = 2.13> <FuncUnit> <Opcode : 'seteq' 'setne' 'setle' 'setge' 'setlt' 'setgt'> <InPorts = 2> <OutPorts = 1>
ST_1 : Operation 28 [1/1] (2.13ns)   --->   "%icmp_ln86_1357 = icmp_slt  i18 %p_read56, i18 261534" [firmware/BDT.h:86]   --->   Operation 28 'icmp' 'icmp_ln86_1357' <Predicate = true> <Delay = 2.13> <CoreInst = "Cmp">   --->   Core 9 'Cmp' <Latency = 0> <II = 1> <Delay = 2.13> <FuncUnit> <Opcode : 'seteq' 'setne' 'setle' 'setge' 'setlt' 'setgt'> <InPorts = 2> <OutPorts = 1>
ST_1 : Operation 29 [1/1] (2.13ns)   --->   "%icmp_ln86_1358 = icmp_slt  i18 %p_read34, i18 261283" [firmware/BDT.h:86]   --->   Operation 29 'icmp' 'icmp_ln86_1358' <Predicate = true> <Delay = 2.13> <CoreInst = "Cmp">   --->   Core 9 'Cmp' <Latency = 0> <II = 1> <Delay = 2.13> <FuncUnit> <Opcode : 'seteq' 'setne' 'setle' 'setge' 'setlt' 'setgt'> <InPorts = 2> <OutPorts = 1>
ST_1 : Operation 30 [1/1] (2.13ns)   --->   "%icmp_ln86_1359 = icmp_slt  i18 %p_read34, i18 261611" [firmware/BDT.h:86]   --->   Operation 30 'icmp' 'icmp_ln86_1359' <Predicate = true> <Delay = 2.13> <CoreInst = "Cmp">   --->   Core 9 'Cmp' <Latency = 0> <II = 1> <Delay = 2.13> <FuncUnit> <Opcode : 'seteq' 'setne' 'setle' 'setge' 'setlt' 'setgt'> <InPorts = 2> <OutPorts = 1>
ST_1 : Operation 31 [1/1] (2.13ns)   --->   "%icmp_ln86_1360 = icmp_slt  i18 %p_read45, i18 261165" [firmware/BDT.h:86]   --->   Operation 31 'icmp' 'icmp_ln86_1360' <Predicate = true> <Delay = 2.13> <CoreInst = "Cmp">   --->   Core 9 'Cmp' <Latency = 0> <II = 1> <Delay = 2.13> <FuncUnit> <Opcode : 'seteq' 'setne' 'setle' 'setge' 'setlt' 'setgt'> <InPorts = 2> <OutPorts = 1>
ST_1 : Operation 32 [1/1] (2.13ns)   --->   "%icmp_ln86_1361 = icmp_slt  i18 %p_read34, i18 261287" [firmware/BDT.h:86]   --->   Operation 32 'icmp' 'icmp_ln86_1361' <Predicate = true> <Delay = 2.13> <CoreInst = "Cmp">   --->   Core 9 'Cmp' <Latency = 0> <II = 1> <Delay = 2.13> <FuncUnit> <Opcode : 'seteq' 'setne' 'setle' 'setge' 'setlt' 'setgt'> <InPorts = 2> <OutPorts = 1>
ST_1 : Operation 33 [1/1] (2.13ns)   --->   "%icmp_ln86_1362 = icmp_slt  i18 %p_read34, i18 261307" [firmware/BDT.h:86]   --->   Operation 33 'icmp' 'icmp_ln86_1362' <Predicate = true> <Delay = 2.13> <CoreInst = "Cmp">   --->   Core 9 'Cmp' <Latency = 0> <II = 1> <Delay = 2.13> <FuncUnit> <Opcode : 'seteq' 'setne' 'setle' 'setge' 'setlt' 'setgt'> <InPorts = 2> <OutPorts = 1>
ST_1 : Operation 34 [1/1] (2.13ns)   --->   "%icmp_ln86_1363 = icmp_slt  i18 %p_read34, i18 261302" [firmware/BDT.h:86]   --->   Operation 34 'icmp' 'icmp_ln86_1363' <Predicate = true> <Delay = 2.13> <CoreInst = "Cmp">   --->   Core 9 'Cmp' <Latency = 0> <II = 1> <Delay = 2.13> <FuncUnit> <Opcode : 'seteq' 'setne' 'setle' 'setge' 'setlt' 'setgt'> <InPorts = 2> <OutPorts = 1>
ST_1 : Operation 35 [1/1] (2.13ns)   --->   "%icmp_ln86_1364 = icmp_slt  i18 %p_read23, i18 423" [firmware/BDT.h:86]   --->   Operation 35 'icmp' 'icmp_ln86_1364' <Predicate = true> <Delay = 2.13> <CoreInst = "Cmp">   --->   Core 9 'Cmp' <Latency = 0> <II = 1> <Delay = 2.13> <FuncUnit> <Opcode : 'seteq' 'setne' 'setle' 'setge' 'setlt' 'setgt'> <InPorts = 2> <OutPorts = 1>
ST_1 : Operation 36 [1/1] (2.13ns)   --->   "%icmp_ln86_1365 = icmp_slt  i18 %p_read34, i18 261792" [firmware/BDT.h:86]   --->   Operation 36 'icmp' 'icmp_ln86_1365' <Predicate = true> <Delay = 2.13> <CoreInst = "Cmp">   --->   Core 9 'Cmp' <Latency = 0> <II = 1> <Delay = 2.13> <FuncUnit> <Opcode : 'seteq' 'setne' 'setle' 'setge' 'setlt' 'setgt'> <InPorts = 2> <OutPorts = 1>
ST_1 : Operation 37 [1/1] (2.13ns)   --->   "%icmp_ln86_1366 = icmp_slt  i18 %p_read1011, i18 261053" [firmware/BDT.h:86]   --->   Operation 37 'icmp' 'icmp_ln86_1366' <Predicate = true> <Delay = 2.13> <CoreInst = "Cmp">   --->   Core 9 'Cmp' <Latency = 0> <II = 1> <Delay = 2.13> <FuncUnit> <Opcode : 'seteq' 'setne' 'setle' 'setge' 'setlt' 'setgt'> <InPorts = 2> <OutPorts = 1>
ST_1 : Operation 38 [1/1] (2.13ns)   --->   "%icmp_ln86_1367 = icmp_slt  i18 %p_read1011, i18 260986" [firmware/BDT.h:86]   --->   Operation 38 'icmp' 'icmp_ln86_1367' <Predicate = true> <Delay = 2.13> <CoreInst = "Cmp">   --->   Core 9 'Cmp' <Latency = 0> <II = 1> <Delay = 2.13> <FuncUnit> <Opcode : 'seteq' 'setne' 'setle' 'setge' 'setlt' 'setgt'> <InPorts = 2> <OutPorts = 1>
ST_1 : Operation 39 [1/1] (2.13ns)   --->   "%icmp_ln86_1368 = icmp_slt  i18 %p_read34, i18 261278" [firmware/BDT.h:86]   --->   Operation 39 'icmp' 'icmp_ln86_1368' <Predicate = true> <Delay = 2.13> <CoreInst = "Cmp">   --->   Core 9 'Cmp' <Latency = 0> <II = 1> <Delay = 2.13> <FuncUnit> <Opcode : 'seteq' 'setne' 'setle' 'setge' 'setlt' 'setgt'> <InPorts = 2> <OutPorts = 1>
ST_1 : Operation 40 [1/1] (2.13ns)   --->   "%icmp_ln86_1369 = icmp_slt  i18 %p_read67, i18 2140" [firmware/BDT.h:86]   --->   Operation 40 'icmp' 'icmp_ln86_1369' <Predicate = true> <Delay = 2.13> <CoreInst = "Cmp">   --->   Core 9 'Cmp' <Latency = 0> <II = 1> <Delay = 2.13> <FuncUnit> <Opcode : 'seteq' 'setne' 'setle' 'setge' 'setlt' 'setgt'> <InPorts = 2> <OutPorts = 1>
ST_1 : Operation 41 [1/1] (2.13ns)   --->   "%icmp_ln86_1370 = icmp_slt  i18 %p_read910, i18 261586" [firmware/BDT.h:86]   --->   Operation 41 'icmp' 'icmp_ln86_1370' <Predicate = true> <Delay = 2.13> <CoreInst = "Cmp">   --->   Core 9 'Cmp' <Latency = 0> <II = 1> <Delay = 2.13> <FuncUnit> <Opcode : 'seteq' 'setne' 'setle' 'setge' 'setlt' 'setgt'> <InPorts = 2> <OutPorts = 1>
ST_1 : Operation 42 [1/1] (2.13ns)   --->   "%icmp_ln86_1371 = icmp_slt  i18 %p_read34, i18 29" [firmware/BDT.h:86]   --->   Operation 42 'icmp' 'icmp_ln86_1371' <Predicate = true> <Delay = 2.13> <CoreInst = "Cmp">   --->   Core 9 'Cmp' <Latency = 0> <II = 1> <Delay = 2.13> <FuncUnit> <Opcode : 'seteq' 'setne' 'setle' 'setge' 'setlt' 'setgt'> <InPorts = 2> <OutPorts = 1>
ST_1 : Operation 43 [1/1] (2.13ns)   --->   "%icmp_ln86_1372 = icmp_slt  i18 %p_read1011, i18 260923" [firmware/BDT.h:86]   --->   Operation 43 'icmp' 'icmp_ln86_1372' <Predicate = true> <Delay = 2.13> <CoreInst = "Cmp">   --->   Core 9 'Cmp' <Latency = 0> <II = 1> <Delay = 2.13> <FuncUnit> <Opcode : 'seteq' 'setne' 'setle' 'setge' 'setlt' 'setgt'> <InPorts = 2> <OutPorts = 1>
ST_1 : Operation 44 [1/1] (2.13ns)   --->   "%icmp_ln86_1373 = icmp_slt  i18 %p_read78, i18 1375" [firmware/BDT.h:86]   --->   Operation 44 'icmp' 'icmp_ln86_1373' <Predicate = true> <Delay = 2.13> <CoreInst = "Cmp">   --->   Core 9 'Cmp' <Latency = 0> <II = 1> <Delay = 2.13> <FuncUnit> <Opcode : 'seteq' 'setne' 'setle' 'setge' 'setlt' 'setgt'> <InPorts = 2> <OutPorts = 1>
ST_1 : Operation 45 [1/1] (2.13ns)   --->   "%icmp_ln86_1374 = icmp_slt  i18 %p_read1011, i18 261230" [firmware/BDT.h:86]   --->   Operation 45 'icmp' 'icmp_ln86_1374' <Predicate = true> <Delay = 2.13> <CoreInst = "Cmp">   --->   Core 9 'Cmp' <Latency = 0> <II = 1> <Delay = 2.13> <FuncUnit> <Opcode : 'seteq' 'setne' 'setle' 'setge' 'setlt' 'setgt'> <InPorts = 2> <OutPorts = 1>
ST_1 : Operation 46 [1/1] (2.13ns)   --->   "%icmp_ln86_1375 = icmp_slt  i18 %p_read1011, i18 260998" [firmware/BDT.h:86]   --->   Operation 46 'icmp' 'icmp_ln86_1375' <Predicate = true> <Delay = 2.13> <CoreInst = "Cmp">   --->   Core 9 'Cmp' <Latency = 0> <II = 1> <Delay = 2.13> <FuncUnit> <Opcode : 'seteq' 'setne' 'setle' 'setge' 'setlt' 'setgt'> <InPorts = 2> <OutPorts = 1>
ST_1 : Operation 47 [1/1] (2.13ns)   --->   "%icmp_ln86_1376 = icmp_slt  i18 %p_read1011, i18 260936" [firmware/BDT.h:86]   --->   Operation 47 'icmp' 'icmp_ln86_1376' <Predicate = true> <Delay = 2.13> <CoreInst = "Cmp">   --->   Core 9 'Cmp' <Latency = 0> <II = 1> <Delay = 2.13> <FuncUnit> <Opcode : 'seteq' 'setne' 'setle' 'setge' 'setlt' 'setgt'> <InPorts = 2> <OutPorts = 1>
ST_1 : Operation 48 [1/1] (2.13ns)   --->   "%icmp_ln86_1377 = icmp_slt  i18 %p_read, i18 261653" [firmware/BDT.h:86]   --->   Operation 48 'icmp' 'icmp_ln86_1377' <Predicate = true> <Delay = 2.13> <CoreInst = "Cmp">   --->   Core 9 'Cmp' <Latency = 0> <II = 1> <Delay = 2.13> <FuncUnit> <Opcode : 'seteq' 'setne' 'setle' 'setge' 'setlt' 'setgt'> <InPorts = 2> <OutPorts = 1>
ST_1 : Operation 49 [1/1] (2.13ns)   --->   "%icmp_ln86_1378 = icmp_slt  i18 %p_read1011, i18 261110" [firmware/BDT.h:86]   --->   Operation 49 'icmp' 'icmp_ln86_1378' <Predicate = true> <Delay = 2.13> <CoreInst = "Cmp">   --->   Core 9 'Cmp' <Latency = 0> <II = 1> <Delay = 2.13> <FuncUnit> <Opcode : 'seteq' 'setne' 'setle' 'setge' 'setlt' 'setgt'> <InPorts = 2> <OutPorts = 1>
ST_1 : Operation 50 [1/1] (2.13ns)   --->   "%icmp_ln86_1379 = icmp_slt  i18 %p_read1011, i18 261118" [firmware/BDT.h:86]   --->   Operation 50 'icmp' 'icmp_ln86_1379' <Predicate = true> <Delay = 2.13> <CoreInst = "Cmp">   --->   Core 9 'Cmp' <Latency = 0> <II = 1> <Delay = 2.13> <FuncUnit> <Opcode : 'seteq' 'setne' 'setle' 'setge' 'setlt' 'setgt'> <InPorts = 2> <OutPorts = 1>
ST_1 : Operation 51 [1/1] (0.97ns)   --->   "%and_ln102 = and i1 %icmp_ln86_1350, i1 %icmp_ln86" [firmware/BDT.h:102]   --->   Operation 51 'and' 'and_ln102' <Predicate = true> <Delay = 0.97> <CoreInst = "LogicGate">   --->   Core 74 'LogicGate' <Latency = 0> <II = 1> <Delay = 0.97> <FuncUnit> <Opcode : 'and' 'or' 'xor'> <InPorts = 2> <OutPorts = 1>

State 2 <SV = 1> <Delay = 2.93>
ST_2 : Operation 52 [1/1] (0.00ns) (grouped into LUT with out node and_ln104)   --->   "%xor_ln104_637 = xor i1 %icmp_ln86_1350, i1 1" [firmware/BDT.h:104]   --->   Operation 52 'xor' 'xor_ln104_637' <Predicate = (icmp_ln86)> <Delay = 0.00> <CoreInst = "LogicGate">   --->   Core 74 'LogicGate' <Latency = 0> <II = 1> <Delay = 0.97> <FuncUnit> <Opcode : 'and' 'or' 'xor'> <InPorts = 2> <OutPorts = 1>
ST_2 : Operation 53 [1/1] (0.97ns) (out node of the LUT)   --->   "%and_ln104 = and i1 %icmp_ln86, i1 %xor_ln104_637" [firmware/BDT.h:104]   --->   Operation 53 'and' 'and_ln104' <Predicate = (icmp_ln86)> <Delay = 0.97> <CoreInst = "LogicGate">   --->   Core 74 'LogicGate' <Latency = 0> <II = 1> <Delay = 0.97> <FuncUnit> <Opcode : 'and' 'or' 'xor'> <InPorts = 2> <OutPorts = 1>
ST_2 : Operation 54 [1/1] (0.97ns)   --->   "%and_ln102_1467 = and i1 %icmp_ln86_1352, i1 %and_ln102" [firmware/BDT.h:102]   --->   Operation 54 'and' 'and_ln102_1467' <Predicate = (and_ln102 & icmp_ln86)> <Delay = 0.97> <CoreInst = "LogicGate">   --->   Core 74 'LogicGate' <Latency = 0> <II = 1> <Delay = 0.97> <FuncUnit> <Opcode : 'and' 'or' 'xor'> <InPorts = 2> <OutPorts = 1>
ST_2 : Operation 55 [1/1] (0.00ns) (grouped into LUT with out node and_ln104_241)   --->   "%xor_ln104_639 = xor i1 %icmp_ln86_1352, i1 1" [firmware/BDT.h:104]   --->   Operation 55 'xor' 'xor_ln104_639' <Predicate = (and_ln102 & icmp_ln86)> <Delay = 0.00> <CoreInst = "LogicGate">   --->   Core 74 'LogicGate' <Latency = 0> <II = 1> <Delay = 0.97> <FuncUnit> <Opcode : 'and' 'or' 'xor'> <InPorts = 2> <OutPorts = 1>
ST_2 : Operation 56 [1/1] (0.97ns) (out node of the LUT)   --->   "%and_ln104_241 = and i1 %and_ln102, i1 %xor_ln104_639" [firmware/BDT.h:104]   --->   Operation 56 'and' 'and_ln104_241' <Predicate = (and_ln102 & icmp_ln86)> <Delay = 0.97> <CoreInst = "LogicGate">   --->   Core 74 'LogicGate' <Latency = 0> <II = 1> <Delay = 0.97> <FuncUnit> <Opcode : 'and' 'or' 'xor'> <InPorts = 2> <OutPorts = 1>
ST_2 : Operation 57 [1/1] (0.97ns)   --->   "%and_ln102_1471 = and i1 %icmp_ln86_1356, i1 %and_ln102_1467" [firmware/BDT.h:102]   --->   Operation 57 'and' 'and_ln102_1471' <Predicate = (and_ln102 & icmp_ln86)> <Delay = 0.97> <CoreInst = "LogicGate">   --->   Core 74 'LogicGate' <Latency = 0> <II = 1> <Delay = 0.97> <FuncUnit> <Opcode : 'and' 'or' 'xor'> <InPorts = 2> <OutPorts = 1>
ST_2 : Operation 58 [1/1] (0.00ns) (grouped into LUT with out node or_ln117)   --->   "%xor_ln104_643 = xor i1 %icmp_ln86_1356, i1 1" [firmware/BDT.h:104]   --->   Operation 58 'xor' 'xor_ln104_643' <Predicate = (and_ln102 & icmp_ln86)> <Delay = 0.00> <CoreInst = "LogicGate">   --->   Core 74 'LogicGate' <Latency = 0> <II = 1> <Delay = 0.97> <FuncUnit> <Opcode : 'and' 'or' 'xor'> <InPorts = 2> <OutPorts = 1>
ST_2 : Operation 59 [1/1] (0.97ns)   --->   "%and_ln102_1472 = and i1 %icmp_ln86_1357, i1 %and_ln104_241" [firmware/BDT.h:102]   --->   Operation 59 'and' 'and_ln102_1472' <Predicate = (and_ln102 & icmp_ln86)> <Delay = 0.97> <CoreInst = "LogicGate">   --->   Core 74 'LogicGate' <Latency = 0> <II = 1> <Delay = 0.97> <FuncUnit> <Opcode : 'and' 'or' 'xor'> <InPorts = 2> <OutPorts = 1>
ST_2 : Operation 60 [1/1] (0.00ns) (grouped into LUT with out node or_ln117)   --->   "%and_ln102_1495 = and i1 %icmp_ln86_1365, i1 %xor_ln104_643" [firmware/BDT.h:102]   --->   Operation 60 'and' 'and_ln102_1495' <Predicate = (and_ln102 & icmp_ln86)> <Delay = 0.00> <CoreInst = "LogicGate">   --->   Core 74 'LogicGate' <Latency = 0> <II = 1> <Delay = 0.97> <FuncUnit> <Opcode : 'and' 'or' 'xor'> <InPorts = 2> <OutPorts = 1>
ST_2 : Operation 61 [1/1] (0.00ns) (grouped into LUT with out node or_ln117)   --->   "%and_ln102_1480 = and i1 %and_ln102_1495, i1 %and_ln102_1467" [firmware/BDT.h:102]   --->   Operation 61 'and' 'and_ln102_1480' <Predicate = (and_ln102 & icmp_ln86)> <Delay = 0.00> <CoreInst = "LogicGate">   --->   Core 74 'LogicGate' <Latency = 0> <II = 1> <Delay = 0.97> <FuncUnit> <Opcode : 'and' 'or' 'xor'> <InPorts = 2> <OutPorts = 1>
ST_2 : Operation 62 [1/1] (0.97ns) (out node of the LUT)   --->   "%or_ln117 = or i1 %and_ln102_1471, i1 %and_ln102_1480" [firmware/BDT.h:117]   --->   Operation 62 'or' 'or_ln117' <Predicate = (and_ln102 & icmp_ln86)> <Delay = 0.97> <CoreInst = "LogicGate">   --->   Core 74 'LogicGate' <Latency = 0> <II = 1> <Delay = 0.97> <FuncUnit> <Opcode : 'and' 'or' 'xor'> <InPorts = 2> <OutPorts = 1>

State 3 <SV = 2> <Delay = 2.99>
ST_3 : Operation 63 [1/1] (0.97ns)   --->   "%xor_ln104 = xor i1 %icmp_ln86, i1 1" [firmware/BDT.h:104]   --->   Operation 63 'xor' 'xor_ln104' <Predicate = true> <Delay = 0.97> <CoreInst = "LogicGate">   --->   Core 74 'LogicGate' <Latency = 0> <II = 1> <Delay = 0.97> <FuncUnit> <Opcode : 'and' 'or' 'xor'> <InPorts = 2> <OutPorts = 1>
ST_3 : Operation 64 [1/1] (0.97ns)   --->   "%and_ln102_1468 = and i1 %icmp_ln86_1353, i1 %and_ln104" [firmware/BDT.h:102]   --->   Operation 64 'and' 'and_ln102_1468' <Predicate = (icmp_ln86)> <Delay = 0.97> <CoreInst = "LogicGate">   --->   Core 74 'LogicGate' <Latency = 0> <II = 1> <Delay = 0.97> <FuncUnit> <Opcode : 'and' 'or' 'xor'> <InPorts = 2> <OutPorts = 1>
ST_3 : Operation 65 [1/1] (0.00ns) (grouped into LUT with out node and_ln104_242)   --->   "%xor_ln104_640 = xor i1 %icmp_ln86_1353, i1 1" [firmware/BDT.h:104]   --->   Operation 65 'xor' 'xor_ln104_640' <Predicate = (icmp_ln86)> <Delay = 0.00> <CoreInst = "LogicGate">   --->   Core 74 'LogicGate' <Latency = 0> <II = 1> <Delay = 0.97> <FuncUnit> <Opcode : 'and' 'or' 'xor'> <InPorts = 2> <OutPorts = 1>
ST_3 : Operation 66 [1/1] (0.97ns) (out node of the LUT)   --->   "%and_ln104_242 = and i1 %and_ln104, i1 %xor_ln104_640" [firmware/BDT.h:104]   --->   Operation 66 'and' 'and_ln104_242' <Predicate = (icmp_ln86)> <Delay = 0.97> <CoreInst = "LogicGate">   --->   Core 74 'LogicGate' <Latency = 0> <II = 1> <Delay = 0.97> <FuncUnit> <Opcode : 'and' 'or' 'xor'> <InPorts = 2> <OutPorts = 1>
ST_3 : Operation 67 [1/1] (0.00ns) (grouped into LUT with out node select_ln117_1327)   --->   "%xor_ln104_644 = xor i1 %icmp_ln86_1357, i1 1" [firmware/BDT.h:104]   --->   Operation 67 'xor' 'xor_ln104_644' <Predicate = (and_ln102 & icmp_ln86)> <Delay = 0.00> <CoreInst = "LogicGate">   --->   Core 74 'LogicGate' <Latency = 0> <II = 1> <Delay = 0.97> <FuncUnit> <Opcode : 'and' 'or' 'xor'> <InPorts = 2> <OutPorts = 1>
ST_3 : Operation 68 [1/1] (0.97ns)   --->   "%and_ln102_1473 = and i1 %icmp_ln86_1358, i1 %and_ln102_1468" [firmware/BDT.h:102]   --->   Operation 68 'and' 'and_ln102_1473' <Predicate = (icmp_ln86)> <Delay = 0.97> <CoreInst = "LogicGate">   --->   Core 74 'LogicGate' <Latency = 0> <II = 1> <Delay = 0.97> <FuncUnit> <Opcode : 'and' 'or' 'xor'> <InPorts = 2> <OutPorts = 1>
ST_3 : Operation 69 [1/1] (0.00ns) (grouped into LUT with out node select_ln117_1323)   --->   "%and_ln102_1479 = and i1 %icmp_ln86_1364, i1 %and_ln102_1471" [firmware/BDT.h:102]   --->   Operation 69 'and' 'and_ln102_1479' <Predicate = (and_ln102_1471 & and_ln102_1467 & and_ln102 & icmp_ln86 & or_ln117)> <Delay = 0.00> <CoreInst = "LogicGate">   --->   Core 74 'LogicGate' <Latency = 0> <II = 1> <Delay = 0.97> <FuncUnit> <Opcode : 'and' 'or' 'xor'> <InPorts = 2> <OutPorts = 1>
ST_3 : Operation 70 [1/1] (0.00ns) (grouped into LUT with out node select_ln117_1325)   --->   "%and_ln102_1481 = and i1 %icmp_ln86_1366, i1 %and_ln102_1472" [firmware/BDT.h:102]   --->   Operation 70 'and' 'and_ln102_1481' <Predicate = (and_ln102 & icmp_ln86)> <Delay = 0.00> <CoreInst = "LogicGate">   --->   Core 74 'LogicGate' <Latency = 0> <II = 1> <Delay = 0.97> <FuncUnit> <Opcode : 'and' 'or' 'xor'> <InPorts = 2> <OutPorts = 1>
ST_3 : Operation 71 [1/1] (0.00ns) (grouped into LUT with out node select_ln117_1327)   --->   "%and_ln102_1496 = and i1 %icmp_ln86_1367, i1 %xor_ln104_644" [firmware/BDT.h:102]   --->   Operation 71 'and' 'and_ln102_1496' <Predicate = (and_ln102 & icmp_ln86)> <Delay = 0.00> <CoreInst = "LogicGate">   --->   Core 74 'LogicGate' <Latency = 0> <II = 1> <Delay = 0.97> <FuncUnit> <Opcode : 'and' 'or' 'xor'> <InPorts = 2> <OutPorts = 1>
ST_3 : Operation 72 [1/1] (0.00ns) (grouped into LUT with out node select_ln117_1327)   --->   "%and_ln102_1482 = and i1 %and_ln102_1496, i1 %and_ln104_241" [firmware/BDT.h:102]   --->   Operation 72 'and' 'and_ln102_1482' <Predicate = (and_ln102 & icmp_ln86)> <Delay = 0.00> <CoreInst = "LogicGate">   --->   Core 74 'LogicGate' <Latency = 0> <II = 1> <Delay = 0.97> <FuncUnit> <Opcode : 'and' 'or' 'xor'> <InPorts = 2> <OutPorts = 1>
ST_3 : Operation 73 [1/1] (0.00ns) (grouped into LUT with out node select_ln117_1323)   --->   "%xor_ln117 = xor i1 %and_ln102_1479, i1 1" [firmware/BDT.h:117]   --->   Operation 73 'xor' 'xor_ln117' <Predicate = (and_ln102_1471 & and_ln102_1467 & and_ln102 & icmp_ln86 & or_ln117)> <Delay = 0.00> <CoreInst = "LogicGate">   --->   Core 74 'LogicGate' <Latency = 0> <II = 1> <Delay = 0.97> <FuncUnit> <Opcode : 'and' 'or' 'xor'> <InPorts = 2> <OutPorts = 1>
ST_3 : Operation 74 [1/1] (0.00ns) (grouped into LUT with out node select_ln117_1323)   --->   "%zext_ln117 = zext i1 %xor_ln117" [firmware/BDT.h:117]   --->   Operation 74 'zext' 'zext_ln117' <Predicate = (and_ln102_1471 & and_ln102_1467 & and_ln102 & icmp_ln86 & or_ln117)> <Delay = 0.00>
ST_3 : Operation 75 [1/1] (0.00ns) (grouped into LUT with out node select_ln117_1323)   --->   "%select_ln117 = select i1 %and_ln102_1471, i2 %zext_ln117, i2 2" [firmware/BDT.h:117]   --->   Operation 75 'select' 'select_ln117' <Predicate = (and_ln102_1467 & and_ln102 & icmp_ln86 & or_ln117)> <Delay = 0.00> <CoreInst = "Sel">   --->   Core 73 'Sel' <Latency = 0> <II = 1> <Delay = 0.99> <FuncUnit> <Opcode : 'select'> <InPorts = 3> <OutPorts = 1>
ST_3 : Operation 76 [1/1] (0.00ns) (grouped into LUT with out node select_ln117_1323)   --->   "%select_ln117_1322 = select i1 %or_ln117, i2 %select_ln117, i2 3" [firmware/BDT.h:117]   --->   Operation 76 'select' 'select_ln117_1322' <Predicate = (and_ln102_1467 & and_ln102 & icmp_ln86)> <Delay = 0.00> <CoreInst = "Sel">   --->   Core 73 'Sel' <Latency = 0> <II = 1> <Delay = 0.99> <FuncUnit> <Opcode : 'select'> <InPorts = 3> <OutPorts = 1>
ST_3 : Operation 77 [1/1] (0.00ns) (grouped into LUT with out node select_ln117_1323)   --->   "%zext_ln117_139 = zext i2 %select_ln117_1322" [firmware/BDT.h:117]   --->   Operation 77 'zext' 'zext_ln117_139' <Predicate = (and_ln102_1467 & and_ln102 & icmp_ln86)> <Delay = 0.00>
ST_3 : Operation 78 [1/1] (0.00ns) (grouped into LUT with out node select_ln117_1325)   --->   "%or_ln117_1180 = or i1 %and_ln102_1467, i1 %and_ln102_1481" [firmware/BDT.h:117]   --->   Operation 78 'or' 'or_ln117_1180' <Predicate = (and_ln102 & icmp_ln86)> <Delay = 0.00> <CoreInst = "LogicGate">   --->   Core 74 'LogicGate' <Latency = 0> <II = 1> <Delay = 0.97> <FuncUnit> <Opcode : 'and' 'or' 'xor'> <InPorts = 2> <OutPorts = 1>
ST_3 : Operation 79 [1/1] (0.99ns) (out node of the LUT)   --->   "%select_ln117_1323 = select i1 %and_ln102_1467, i3 %zext_ln117_139, i3 4" [firmware/BDT.h:117]   --->   Operation 79 'select' 'select_ln117_1323' <Predicate = (and_ln102 & icmp_ln86)> <Delay = 0.99> <CoreInst = "Sel">   --->   Core 73 'Sel' <Latency = 0> <II = 1> <Delay = 0.98> <FuncUnit> <Opcode : 'select'> <InPorts = 3> <OutPorts = 1>
ST_3 : Operation 80 [1/1] (0.97ns)   --->   "%or_ln117_1181 = or i1 %and_ln102_1467, i1 %and_ln102_1472" [firmware/BDT.h:117]   --->   Operation 80 'or' 'or_ln117_1181' <Predicate = (and_ln102 & icmp_ln86)> <Delay = 0.97> <CoreInst = "LogicGate">   --->   Core 74 'LogicGate' <Latency = 0> <II = 1> <Delay = 0.97> <FuncUnit> <Opcode : 'and' 'or' 'xor'> <InPorts = 2> <OutPorts = 1>
ST_3 : Operation 81 [1/1] (0.00ns) (grouped into LUT with out node select_ln117_1325)   --->   "%select_ln117_1324 = select i1 %or_ln117_1180, i3 %select_ln117_1323, i3 5" [firmware/BDT.h:117]   --->   Operation 81 'select' 'select_ln117_1324' <Predicate = (and_ln102 & icmp_ln86)> <Delay = 0.00> <CoreInst = "Sel">   --->   Core 73 'Sel' <Latency = 0> <II = 1> <Delay = 0.98> <FuncUnit> <Opcode : 'select'> <InPorts = 3> <OutPorts = 1>
ST_3 : Operation 82 [1/1] (0.00ns) (grouped into LUT with out node select_ln117_1327)   --->   "%or_ln117_1182 = or i1 %or_ln117_1181, i1 %and_ln102_1482" [firmware/BDT.h:117]   --->   Operation 82 'or' 'or_ln117_1182' <Predicate = (and_ln102 & icmp_ln86)> <Delay = 0.00> <CoreInst = "LogicGate">   --->   Core 74 'LogicGate' <Latency = 0> <II = 1> <Delay = 0.97> <FuncUnit> <Opcode : 'and' 'or' 'xor'> <InPorts = 2> <OutPorts = 1>
ST_3 : Operation 83 [1/1] (0.98ns) (out node of the LUT)   --->   "%select_ln117_1325 = select i1 %or_ln117_1181, i3 %select_ln117_1324, i3 6" [firmware/BDT.h:117]   --->   Operation 83 'select' 'select_ln117_1325' <Predicate = (and_ln102 & icmp_ln86)> <Delay = 0.98> <CoreInst = "Sel">   --->   Core 73 'Sel' <Latency = 0> <II = 1> <Delay = 0.98> <FuncUnit> <Opcode : 'select'> <InPorts = 3> <OutPorts = 1>
ST_3 : Operation 84 [1/1] (0.00ns) (grouped into LUT with out node select_ln117_1327)   --->   "%select_ln117_1326 = select i1 %or_ln117_1182, i3 %select_ln117_1325, i3 7" [firmware/BDT.h:117]   --->   Operation 84 'select' 'select_ln117_1326' <Predicate = (and_ln102 & icmp_ln86)> <Delay = 0.00> <CoreInst = "Sel">   --->   Core 73 'Sel' <Latency = 0> <II = 1> <Delay = 0.98> <FuncUnit> <Opcode : 'select'> <InPorts = 3> <OutPorts = 1>
ST_3 : Operation 85 [1/1] (0.00ns) (grouped into LUT with out node select_ln117_1327)   --->   "%zext_ln117_140 = zext i3 %select_ln117_1326" [firmware/BDT.h:117]   --->   Operation 85 'zext' 'zext_ln117_140' <Predicate = (and_ln102 & icmp_ln86)> <Delay = 0.00>
ST_3 : Operation 86 [1/1] (1.02ns) (out node of the LUT)   --->   "%select_ln117_1327 = select i1 %and_ln102, i4 %zext_ln117_140, i4 8" [firmware/BDT.h:117]   --->   Operation 86 'select' 'select_ln117_1327' <Predicate = (icmp_ln86)> <Delay = 1.02> <CoreInst = "Sel">   --->   Core 73 'Sel' <Latency = 0> <II = 1> <Delay = 1.02> <FuncUnit> <Opcode : 'select'> <InPorts = 3> <OutPorts = 1>
ST_3 : Operation 87 [1/1] (0.97ns)   --->   "%or_ln117_1184 = or i1 %and_ln102, i1 %and_ln102_1473" [firmware/BDT.h:117]   --->   Operation 87 'or' 'or_ln117_1184' <Predicate = (icmp_ln86)> <Delay = 0.97> <CoreInst = "LogicGate">   --->   Core 74 'LogicGate' <Latency = 0> <II = 1> <Delay = 0.97> <FuncUnit> <Opcode : 'and' 'or' 'xor'> <InPorts = 2> <OutPorts = 1>

State 4 <SV = 3> <Delay = 3.07>
ST_4 : Operation 88 [1/1] (0.97ns)   --->   "%and_ln102_1466 = and i1 %icmp_ln86_1351, i1 %xor_ln104" [firmware/BDT.h:102]   --->   Operation 88 'and' 'and_ln102_1466' <Predicate = true> <Delay = 0.97> <CoreInst = "LogicGate">   --->   Core 74 'LogicGate' <Latency = 0> <II = 1> <Delay = 0.97> <FuncUnit> <Opcode : 'and' 'or' 'xor'> <InPorts = 2> <OutPorts = 1>
ST_4 : Operation 89 [1/1] (0.00ns) (grouped into LUT with out node and_ln104_240)   --->   "%xor_ln104_638 = xor i1 %icmp_ln86_1351, i1 1" [firmware/BDT.h:104]   --->   Operation 89 'xor' 'xor_ln104_638' <Predicate = true> <Delay = 0.00> <CoreInst = "LogicGate">   --->   Core 74 'LogicGate' <Latency = 0> <II = 1> <Delay = 0.97> <FuncUnit> <Opcode : 'and' 'or' 'xor'> <InPorts = 2> <OutPorts = 1>
ST_4 : Operation 90 [1/1] (0.97ns) (out node of the LUT)   --->   "%and_ln104_240 = and i1 %xor_ln104_638, i1 %xor_ln104" [firmware/BDT.h:104]   --->   Operation 90 'and' 'and_ln104_240' <Predicate = true> <Delay = 0.97> <CoreInst = "LogicGate">   --->   Core 74 'LogicGate' <Latency = 0> <II = 1> <Delay = 0.97> <FuncUnit> <Opcode : 'and' 'or' 'xor'> <InPorts = 2> <OutPorts = 1>
ST_4 : Operation 91 [1/1] (0.97ns)   --->   "%and_ln102_1469 = and i1 %icmp_ln86_1354, i1 %and_ln102_1466" [firmware/BDT.h:102]   --->   Operation 91 'and' 'and_ln102_1469' <Predicate = true> <Delay = 0.97> <CoreInst = "LogicGate">   --->   Core 74 'LogicGate' <Latency = 0> <II = 1> <Delay = 0.97> <FuncUnit> <Opcode : 'and' 'or' 'xor'> <InPorts = 2> <OutPorts = 1>
ST_4 : Operation 92 [1/1] (0.00ns) (grouped into LUT with out node select_ln117_1331)   --->   "%xor_ln104_645 = xor i1 %icmp_ln86_1358, i1 1" [firmware/BDT.h:104]   --->   Operation 92 'xor' 'xor_ln104_645' <Predicate = (icmp_ln86)> <Delay = 0.00> <CoreInst = "LogicGate">   --->   Core 74 'LogicGate' <Latency = 0> <II = 1> <Delay = 0.97> <FuncUnit> <Opcode : 'and' 'or' 'xor'> <InPorts = 2> <OutPorts = 1>
ST_4 : Operation 93 [1/1] (0.97ns)   --->   "%and_ln102_1474 = and i1 %icmp_ln86_1359, i1 %and_ln104_242" [firmware/BDT.h:102]   --->   Operation 93 'and' 'and_ln102_1474' <Predicate = (icmp_ln86)> <Delay = 0.97> <CoreInst = "LogicGate">   --->   Core 74 'LogicGate' <Latency = 0> <II = 1> <Delay = 0.97> <FuncUnit> <Opcode : 'and' 'or' 'xor'> <InPorts = 2> <OutPorts = 1>
ST_4 : Operation 94 [1/1] (0.97ns)   --->   "%and_ln102_1475 = and i1 %icmp_ln86_1360, i1 %and_ln102_1469" [firmware/BDT.h:102]   --->   Operation 94 'and' 'and_ln102_1475' <Predicate = true> <Delay = 0.97> <CoreInst = "LogicGate">   --->   Core 74 'LogicGate' <Latency = 0> <II = 1> <Delay = 0.97> <FuncUnit> <Opcode : 'and' 'or' 'xor'> <InPorts = 2> <OutPorts = 1>
ST_4 : Operation 95 [1/1] (0.00ns) (grouped into LUT with out node select_ln117_1329)   --->   "%and_ln102_1483 = and i1 %icmp_ln86_1368, i1 %and_ln102_1473" [firmware/BDT.h:102]   --->   Operation 95 'and' 'and_ln102_1483' <Predicate = (icmp_ln86 & or_ln117_1184)> <Delay = 0.00> <CoreInst = "LogicGate">   --->   Core 74 'LogicGate' <Latency = 0> <II = 1> <Delay = 0.97> <FuncUnit> <Opcode : 'and' 'or' 'xor'> <InPorts = 2> <OutPorts = 1>
ST_4 : Operation 96 [1/1] (0.00ns) (grouped into LUT with out node select_ln117_1331)   --->   "%and_ln102_1497 = and i1 %icmp_ln86_1369, i1 %xor_ln104_645" [firmware/BDT.h:102]   --->   Operation 96 'and' 'and_ln102_1497' <Predicate = (icmp_ln86)> <Delay = 0.00> <CoreInst = "LogicGate">   --->   Core 74 'LogicGate' <Latency = 0> <II = 1> <Delay = 0.97> <FuncUnit> <Opcode : 'and' 'or' 'xor'> <InPorts = 2> <OutPorts = 1>
ST_4 : Operation 97 [1/1] (0.00ns) (grouped into LUT with out node select_ln117_1331)   --->   "%and_ln102_1484 = and i1 %and_ln102_1497, i1 %and_ln102_1468" [firmware/BDT.h:102]   --->   Operation 97 'and' 'and_ln102_1484' <Predicate = (icmp_ln86)> <Delay = 0.00> <CoreInst = "LogicGate">   --->   Core 74 'LogicGate' <Latency = 0> <II = 1> <Delay = 0.97> <FuncUnit> <Opcode : 'and' 'or' 'xor'> <InPorts = 2> <OutPorts = 1>
ST_4 : Operation 98 [1/1] (0.00ns) (grouped into LUT with out node select_ln117_1333)   --->   "%and_ln102_1485 = and i1 %icmp_ln86_1370, i1 %and_ln102_1474" [firmware/BDT.h:102]   --->   Operation 98 'and' 'and_ln102_1485' <Predicate = (icmp_ln86)> <Delay = 0.00> <CoreInst = "LogicGate">   --->   Core 74 'LogicGate' <Latency = 0> <II = 1> <Delay = 0.97> <FuncUnit> <Opcode : 'and' 'or' 'xor'> <InPorts = 2> <OutPorts = 1>
ST_4 : Operation 99 [1/1] (0.00ns) (grouped into LUT with out node select_ln117_1329)   --->   "%or_ln117_1183 = or i1 %and_ln102, i1 %and_ln102_1483" [firmware/BDT.h:117]   --->   Operation 99 'or' 'or_ln117_1183' <Predicate = (icmp_ln86 & or_ln117_1184)> <Delay = 0.00> <CoreInst = "LogicGate">   --->   Core 74 'LogicGate' <Latency = 0> <II = 1> <Delay = 0.97> <FuncUnit> <Opcode : 'and' 'or' 'xor'> <InPorts = 2> <OutPorts = 1>
ST_4 : Operation 100 [1/1] (0.00ns) (grouped into LUT with out node select_ln117_1329)   --->   "%select_ln117_1328 = select i1 %or_ln117_1183, i4 %select_ln117_1327, i4 9" [firmware/BDT.h:117]   --->   Operation 100 'select' 'select_ln117_1328' <Predicate = (icmp_ln86 & or_ln117_1184)> <Delay = 0.00> <CoreInst = "Sel">   --->   Core 73 'Sel' <Latency = 0> <II = 1> <Delay = 1.02> <FuncUnit> <Opcode : 'select'> <InPorts = 3> <OutPorts = 1>
ST_4 : Operation 101 [1/1] (0.00ns) (grouped into LUT with out node select_ln117_1331)   --->   "%or_ln117_1185 = or i1 %or_ln117_1184, i1 %and_ln102_1484" [firmware/BDT.h:117]   --->   Operation 101 'or' 'or_ln117_1185' <Predicate = (icmp_ln86)> <Delay = 0.00> <CoreInst = "LogicGate">   --->   Core 74 'LogicGate' <Latency = 0> <II = 1> <Delay = 0.97> <FuncUnit> <Opcode : 'and' 'or' 'xor'> <InPorts = 2> <OutPorts = 1>
ST_4 : Operation 102 [1/1] (1.02ns) (out node of the LUT)   --->   "%select_ln117_1329 = select i1 %or_ln117_1184, i4 %select_ln117_1328, i4 10" [firmware/BDT.h:117]   --->   Operation 102 'select' 'select_ln117_1329' <Predicate = (icmp_ln86)> <Delay = 1.02> <CoreInst = "Sel">   --->   Core 73 'Sel' <Latency = 0> <II = 1> <Delay = 1.02> <FuncUnit> <Opcode : 'select'> <InPorts = 3> <OutPorts = 1>
ST_4 : Operation 103 [1/1] (0.97ns)   --->   "%or_ln117_1186 = or i1 %and_ln102, i1 %and_ln102_1468" [firmware/BDT.h:117]   --->   Operation 103 'or' 'or_ln117_1186' <Predicate = (icmp_ln86)> <Delay = 0.97> <CoreInst = "LogicGate">   --->   Core 74 'LogicGate' <Latency = 0> <II = 1> <Delay = 0.97> <FuncUnit> <Opcode : 'and' 'or' 'xor'> <InPorts = 2> <OutPorts = 1>
ST_4 : Operation 104 [1/1] (0.00ns) (grouped into LUT with out node select_ln117_1331)   --->   "%select_ln117_1330 = select i1 %or_ln117_1185, i4 %select_ln117_1329, i4 11" [firmware/BDT.h:117]   --->   Operation 104 'select' 'select_ln117_1330' <Predicate = (icmp_ln86)> <Delay = 0.00> <CoreInst = "Sel">   --->   Core 73 'Sel' <Latency = 0> <II = 1> <Delay = 1.02> <FuncUnit> <Opcode : 'select'> <InPorts = 3> <OutPorts = 1>
ST_4 : Operation 105 [1/1] (0.00ns) (grouped into LUT with out node select_ln117_1333)   --->   "%or_ln117_1187 = or i1 %or_ln117_1186, i1 %and_ln102_1485" [firmware/BDT.h:117]   --->   Operation 105 'or' 'or_ln117_1187' <Predicate = (icmp_ln86)> <Delay = 0.00> <CoreInst = "LogicGate">   --->   Core 74 'LogicGate' <Latency = 0> <II = 1> <Delay = 0.97> <FuncUnit> <Opcode : 'and' 'or' 'xor'> <InPorts = 2> <OutPorts = 1>
ST_4 : Operation 106 [1/1] (1.02ns) (out node of the LUT)   --->   "%select_ln117_1331 = select i1 %or_ln117_1186, i4 %select_ln117_1330, i4 12" [firmware/BDT.h:117]   --->   Operation 106 'select' 'select_ln117_1331' <Predicate = (icmp_ln86)> <Delay = 1.02> <CoreInst = "Sel">   --->   Core 73 'Sel' <Latency = 0> <II = 1> <Delay = 1.02> <FuncUnit> <Opcode : 'select'> <InPorts = 3> <OutPorts = 1>
ST_4 : Operation 107 [1/1] (0.97ns)   --->   "%or_ln117_1188 = or i1 %or_ln117_1186, i1 %and_ln102_1474" [firmware/BDT.h:117]   --->   Operation 107 'or' 'or_ln117_1188' <Predicate = (icmp_ln86)> <Delay = 0.97> <CoreInst = "LogicGate">   --->   Core 74 'LogicGate' <Latency = 0> <II = 1> <Delay = 0.97> <FuncUnit> <Opcode : 'and' 'or' 'xor'> <InPorts = 2> <OutPorts = 1>
ST_4 : Operation 108 [1/1] (0.00ns) (grouped into LUT with out node select_ln117_1333)   --->   "%select_ln117_1332 = select i1 %or_ln117_1187, i4 %select_ln117_1331, i4 13" [firmware/BDT.h:117]   --->   Operation 108 'select' 'select_ln117_1332' <Predicate = (icmp_ln86)> <Delay = 0.00> <CoreInst = "Sel">   --->   Core 73 'Sel' <Latency = 0> <II = 1> <Delay = 1.02> <FuncUnit> <Opcode : 'select'> <InPorts = 3> <OutPorts = 1>
ST_4 : Operation 109 [1/1] (1.02ns) (out node of the LUT)   --->   "%select_ln117_1333 = select i1 %or_ln117_1188, i4 %select_ln117_1332, i4 14" [firmware/BDT.h:117]   --->   Operation 109 'select' 'select_ln117_1333' <Predicate = (icmp_ln86)> <Delay = 1.02> <CoreInst = "Sel">   --->   Core 73 'Sel' <Latency = 0> <II = 1> <Delay = 1.02> <FuncUnit> <Opcode : 'select'> <InPorts = 3> <OutPorts = 1>

State 5 <SV = 4> <Delay = 3.64>
ST_5 : Operation 110 [1/1] (0.00ns) (grouped into LUT with out node and_ln104_243)   --->   "%xor_ln104_641 = xor i1 %icmp_ln86_1354, i1 1" [firmware/BDT.h:104]   --->   Operation 110 'xor' 'xor_ln104_641' <Predicate = true> <Delay = 0.00> <CoreInst = "LogicGate">   --->   Core 74 'LogicGate' <Latency = 0> <II = 1> <Delay = 0.97> <FuncUnit> <Opcode : 'and' 'or' 'xor'> <InPorts = 2> <OutPorts = 1>
ST_5 : Operation 111 [1/1] (0.97ns) (out node of the LUT)   --->   "%and_ln104_243 = and i1 %and_ln102_1466, i1 %xor_ln104_641" [firmware/BDT.h:104]   --->   Operation 111 'and' 'and_ln104_243' <Predicate = true> <Delay = 0.97> <CoreInst = "LogicGate">   --->   Core 74 'LogicGate' <Latency = 0> <II = 1> <Delay = 0.97> <FuncUnit> <Opcode : 'and' 'or' 'xor'> <InPorts = 2> <OutPorts = 1>
ST_5 : Operation 112 [1/1] (0.97ns)   --->   "%and_ln102_1470 = and i1 %icmp_ln86_1355, i1 %and_ln104_240" [firmware/BDT.h:102]   --->   Operation 112 'and' 'and_ln102_1470' <Predicate = true> <Delay = 0.97> <CoreInst = "LogicGate">   --->   Core 74 'LogicGate' <Latency = 0> <II = 1> <Delay = 0.97> <FuncUnit> <Opcode : 'and' 'or' 'xor'> <InPorts = 2> <OutPorts = 1>
ST_5 : Operation 113 [1/1] (0.00ns) (grouped into LUT with out node and_ln104_244)   --->   "%xor_ln104_642 = xor i1 %icmp_ln86_1355, i1 1" [firmware/BDT.h:104]   --->   Operation 113 'xor' 'xor_ln104_642' <Predicate = true> <Delay = 0.00> <CoreInst = "LogicGate">   --->   Core 74 'LogicGate' <Latency = 0> <II = 1> <Delay = 0.97> <FuncUnit> <Opcode : 'and' 'or' 'xor'> <InPorts = 2> <OutPorts = 1>
ST_5 : Operation 114 [1/1] (0.97ns) (out node of the LUT)   --->   "%and_ln104_244 = and i1 %and_ln104_240, i1 %xor_ln104_642" [firmware/BDT.h:104]   --->   Operation 114 'and' 'and_ln104_244' <Predicate = true> <Delay = 0.97> <CoreInst = "LogicGate">   --->   Core 74 'LogicGate' <Latency = 0> <II = 1> <Delay = 0.97> <FuncUnit> <Opcode : 'and' 'or' 'xor'> <InPorts = 2> <OutPorts = 1>
ST_5 : Operation 115 [1/1] (0.00ns) (grouped into LUT with out node select_ln117_1335)   --->   "%xor_ln104_646 = xor i1 %icmp_ln86_1359, i1 1" [firmware/BDT.h:104]   --->   Operation 115 'xor' 'xor_ln104_646' <Predicate = (icmp_ln86)> <Delay = 0.00> <CoreInst = "LogicGate">   --->   Core 74 'LogicGate' <Latency = 0> <II = 1> <Delay = 0.97> <FuncUnit> <Opcode : 'and' 'or' 'xor'> <InPorts = 2> <OutPorts = 1>
ST_5 : Operation 116 [1/1] (0.00ns) (grouped into LUT with out node select_ln117_1339)   --->   "%xor_ln104_647 = xor i1 %icmp_ln86_1360, i1 1" [firmware/BDT.h:104]   --->   Operation 116 'xor' 'xor_ln104_647' <Predicate = true> <Delay = 0.00> <CoreInst = "LogicGate">   --->   Core 74 'LogicGate' <Latency = 0> <II = 1> <Delay = 0.97> <FuncUnit> <Opcode : 'and' 'or' 'xor'> <InPorts = 2> <OutPorts = 1>
ST_5 : Operation 117 [1/1] (0.97ns)   --->   "%and_ln102_1476 = and i1 %icmp_ln86_1361, i1 %and_ln104_243" [firmware/BDT.h:102]   --->   Operation 117 'and' 'and_ln102_1476' <Predicate = true> <Delay = 0.97> <CoreInst = "LogicGate">   --->   Core 74 'LogicGate' <Latency = 0> <II = 1> <Delay = 0.97> <FuncUnit> <Opcode : 'and' 'or' 'xor'> <InPorts = 2> <OutPorts = 1>
ST_5 : Operation 118 [1/1] (0.00ns) (grouped into LUT with out node select_ln117_1335)   --->   "%and_ln102_1498 = and i1 %icmp_ln86_1371, i1 %xor_ln104_646" [firmware/BDT.h:102]   --->   Operation 118 'and' 'and_ln102_1498' <Predicate = (icmp_ln86)> <Delay = 0.00> <CoreInst = "LogicGate">   --->   Core 74 'LogicGate' <Latency = 0> <II = 1> <Delay = 0.97> <FuncUnit> <Opcode : 'and' 'or' 'xor'> <InPorts = 2> <OutPorts = 1>
ST_5 : Operation 119 [1/1] (0.00ns) (grouped into LUT with out node select_ln117_1335)   --->   "%and_ln102_1486 = and i1 %and_ln102_1498, i1 %and_ln104_242" [firmware/BDT.h:102]   --->   Operation 119 'and' 'and_ln102_1486' <Predicate = (icmp_ln86)> <Delay = 0.00> <CoreInst = "LogicGate">   --->   Core 74 'LogicGate' <Latency = 0> <II = 1> <Delay = 0.97> <FuncUnit> <Opcode : 'and' 'or' 'xor'> <InPorts = 2> <OutPorts = 1>
ST_5 : Operation 120 [1/1] (0.00ns) (grouped into LUT with out node select_ln117_1337)   --->   "%and_ln102_1487 = and i1 %icmp_ln86_1372, i1 %and_ln102_1475" [firmware/BDT.h:102]   --->   Operation 120 'and' 'and_ln102_1487' <Predicate = true> <Delay = 0.00> <CoreInst = "LogicGate">   --->   Core 74 'LogicGate' <Latency = 0> <II = 1> <Delay = 0.97> <FuncUnit> <Opcode : 'and' 'or' 'xor'> <InPorts = 2> <OutPorts = 1>
ST_5 : Operation 121 [1/1] (0.00ns) (grouped into LUT with out node select_ln117_1339)   --->   "%and_ln102_1499 = and i1 %icmp_ln86_1373, i1 %xor_ln104_647" [firmware/BDT.h:102]   --->   Operation 121 'and' 'and_ln102_1499' <Predicate = true> <Delay = 0.00> <CoreInst = "LogicGate">   --->   Core 74 'LogicGate' <Latency = 0> <II = 1> <Delay = 0.97> <FuncUnit> <Opcode : 'and' 'or' 'xor'> <InPorts = 2> <OutPorts = 1>
ST_5 : Operation 122 [1/1] (0.00ns) (grouped into LUT with out node select_ln117_1339)   --->   "%and_ln102_1488 = and i1 %and_ln102_1499, i1 %and_ln102_1469" [firmware/BDT.h:102]   --->   Operation 122 'and' 'and_ln102_1488' <Predicate = true> <Delay = 0.00> <CoreInst = "LogicGate">   --->   Core 74 'LogicGate' <Latency = 0> <II = 1> <Delay = 0.97> <FuncUnit> <Opcode : 'and' 'or' 'xor'> <InPorts = 2> <OutPorts = 1>
ST_5 : Operation 123 [1/1] (0.00ns) (grouped into LUT with out node select_ln117_1335)   --->   "%or_ln117_1189 = or i1 %or_ln117_1188, i1 %and_ln102_1486" [firmware/BDT.h:117]   --->   Operation 123 'or' 'or_ln117_1189' <Predicate = (icmp_ln86)> <Delay = 0.00> <CoreInst = "LogicGate">   --->   Core 74 'LogicGate' <Latency = 0> <II = 1> <Delay = 0.97> <FuncUnit> <Opcode : 'and' 'or' 'xor'> <InPorts = 2> <OutPorts = 1>
ST_5 : Operation 124 [1/1] (0.00ns) (grouped into LUT with out node select_ln117_1335)   --->   "%select_ln117_1334 = select i1 %or_ln117_1189, i4 %select_ln117_1333, i4 15" [firmware/BDT.h:117]   --->   Operation 124 'select' 'select_ln117_1334' <Predicate = (icmp_ln86)> <Delay = 0.00> <CoreInst = "Sel">   --->   Core 73 'Sel' <Latency = 0> <II = 1> <Delay = 1.02> <FuncUnit> <Opcode : 'select'> <InPorts = 3> <OutPorts = 1>
ST_5 : Operation 125 [1/1] (0.00ns) (grouped into LUT with out node select_ln117_1335)   --->   "%zext_ln117_141 = zext i4 %select_ln117_1334" [firmware/BDT.h:117]   --->   Operation 125 'zext' 'zext_ln117_141' <Predicate = (icmp_ln86)> <Delay = 0.00>
ST_5 : Operation 126 [1/1] (0.00ns) (grouped into LUT with out node select_ln117_1337)   --->   "%or_ln117_1190 = or i1 %icmp_ln86, i1 %and_ln102_1487" [firmware/BDT.h:117]   --->   Operation 126 'or' 'or_ln117_1190' <Predicate = true> <Delay = 0.00> <CoreInst = "LogicGate">   --->   Core 74 'LogicGate' <Latency = 0> <II = 1> <Delay = 0.97> <FuncUnit> <Opcode : 'and' 'or' 'xor'> <InPorts = 2> <OutPorts = 1>
ST_5 : Operation 127 [1/1] (1.21ns) (out node of the LUT)   --->   "%select_ln117_1335 = select i1 %icmp_ln86, i5 %zext_ln117_141, i5 16" [firmware/BDT.h:117]   --->   Operation 127 'select' 'select_ln117_1335' <Predicate = true> <Delay = 1.21> <CoreInst = "Sel">   --->   Core 73 'Sel' <Latency = 0> <II = 1> <Delay = 1.21> <FuncUnit> <Opcode : 'select'> <InPorts = 3> <OutPorts = 1>
ST_5 : Operation 128 [1/1] (0.97ns)   --->   "%or_ln117_1191 = or i1 %icmp_ln86, i1 %and_ln102_1475" [firmware/BDT.h:117]   --->   Operation 128 'or' 'or_ln117_1191' <Predicate = true> <Delay = 0.97> <CoreInst = "LogicGate">   --->   Core 74 'LogicGate' <Latency = 0> <II = 1> <Delay = 0.97> <FuncUnit> <Opcode : 'and' 'or' 'xor'> <InPorts = 2> <OutPorts = 1>
ST_5 : Operation 129 [1/1] (0.00ns) (grouped into LUT with out node select_ln117_1337)   --->   "%select_ln117_1336 = select i1 %or_ln117_1190, i5 %select_ln117_1335, i5 17" [firmware/BDT.h:117]   --->   Operation 129 'select' 'select_ln117_1336' <Predicate = true> <Delay = 0.00> <CoreInst = "Sel">   --->   Core 73 'Sel' <Latency = 0> <II = 1> <Delay = 1.21> <FuncUnit> <Opcode : 'select'> <InPorts = 3> <OutPorts = 1>
ST_5 : Operation 130 [1/1] (0.00ns) (grouped into LUT with out node select_ln117_1339)   --->   "%or_ln117_1192 = or i1 %or_ln117_1191, i1 %and_ln102_1488" [firmware/BDT.h:117]   --->   Operation 130 'or' 'or_ln117_1192' <Predicate = true> <Delay = 0.00> <CoreInst = "LogicGate">   --->   Core 74 'LogicGate' <Latency = 0> <II = 1> <Delay = 0.97> <FuncUnit> <Opcode : 'and' 'or' 'xor'> <InPorts = 2> <OutPorts = 1>
ST_5 : Operation 131 [1/1] (1.21ns) (out node of the LUT)   --->   "%select_ln117_1337 = select i1 %or_ln117_1191, i5 %select_ln117_1336, i5 18" [firmware/BDT.h:117]   --->   Operation 131 'select' 'select_ln117_1337' <Predicate = true> <Delay = 1.21> <CoreInst = "Sel">   --->   Core 73 'Sel' <Latency = 0> <II = 1> <Delay = 1.21> <FuncUnit> <Opcode : 'select'> <InPorts = 3> <OutPorts = 1>
ST_5 : Operation 132 [1/1] (0.97ns)   --->   "%or_ln117_1193 = or i1 %icmp_ln86, i1 %and_ln102_1469" [firmware/BDT.h:117]   --->   Operation 132 'or' 'or_ln117_1193' <Predicate = true> <Delay = 0.97> <CoreInst = "LogicGate">   --->   Core 74 'LogicGate' <Latency = 0> <II = 1> <Delay = 0.97> <FuncUnit> <Opcode : 'and' 'or' 'xor'> <InPorts = 2> <OutPorts = 1>
ST_5 : Operation 133 [1/1] (0.00ns) (grouped into LUT with out node select_ln117_1339)   --->   "%select_ln117_1338 = select i1 %or_ln117_1192, i5 %select_ln117_1337, i5 19" [firmware/BDT.h:117]   --->   Operation 133 'select' 'select_ln117_1338' <Predicate = true> <Delay = 0.00> <CoreInst = "Sel">   --->   Core 73 'Sel' <Latency = 0> <II = 1> <Delay = 1.21> <FuncUnit> <Opcode : 'select'> <InPorts = 3> <OutPorts = 1>
ST_5 : Operation 134 [1/1] (1.21ns) (out node of the LUT)   --->   "%select_ln117_1339 = select i1 %or_ln117_1193, i5 %select_ln117_1338, i5 20" [firmware/BDT.h:117]   --->   Operation 134 'select' 'select_ln117_1339' <Predicate = true> <Delay = 1.21> <CoreInst = "Sel">   --->   Core 73 'Sel' <Latency = 0> <II = 1> <Delay = 1.21> <FuncUnit> <Opcode : 'select'> <InPorts = 3> <OutPorts = 1>
ST_5 : Operation 135 [1/1] (0.97ns)   --->   "%or_ln117_1195 = or i1 %or_ln117_1193, i1 %and_ln102_1476" [firmware/BDT.h:117]   --->   Operation 135 'or' 'or_ln117_1195' <Predicate = true> <Delay = 0.97> <CoreInst = "LogicGate">   --->   Core 74 'LogicGate' <Latency = 0> <II = 1> <Delay = 0.97> <FuncUnit> <Opcode : 'and' 'or' 'xor'> <InPorts = 2> <OutPorts = 1>
ST_5 : Operation 136 [1/1] (0.97ns)   --->   "%or_ln117_1197 = or i1 %icmp_ln86, i1 %and_ln102_1466" [firmware/BDT.h:117]   --->   Operation 136 'or' 'or_ln117_1197' <Predicate = true> <Delay = 0.97> <CoreInst = "LogicGate">   --->   Core 74 'LogicGate' <Latency = 0> <II = 1> <Delay = 0.97> <FuncUnit> <Opcode : 'and' 'or' 'xor'> <InPorts = 2> <OutPorts = 1>

State 6 <SV = 5> <Delay = 3.64>
ST_6 : Operation 137 [1/1] (0.00ns) (grouped into LUT with out node select_ln117_1343)   --->   "%xor_ln104_648 = xor i1 %icmp_ln86_1361, i1 1" [firmware/BDT.h:104]   --->   Operation 137 'xor' 'xor_ln104_648' <Predicate = (or_ln117_1197)> <Delay = 0.00> <CoreInst = "LogicGate">   --->   Core 74 'LogicGate' <Latency = 0> <II = 1> <Delay = 0.97> <FuncUnit> <Opcode : 'and' 'or' 'xor'> <InPorts = 2> <OutPorts = 1>
ST_6 : Operation 138 [1/1] (0.97ns)   --->   "%and_ln102_1477 = and i1 %icmp_ln86_1362, i1 %and_ln102_1470" [firmware/BDT.h:102]   --->   Operation 138 'and' 'and_ln102_1477' <Predicate = true> <Delay = 0.97> <CoreInst = "LogicGate">   --->   Core 74 'LogicGate' <Latency = 0> <II = 1> <Delay = 0.97> <FuncUnit> <Opcode : 'and' 'or' 'xor'> <InPorts = 2> <OutPorts = 1>
ST_6 : Operation 139 [1/1] (0.00ns) (grouped into LUT with out node select_ln117_1341)   --->   "%and_ln102_1489 = and i1 %icmp_ln86_1374, i1 %and_ln102_1476" [firmware/BDT.h:102]   --->   Operation 139 'and' 'and_ln102_1489' <Predicate = (or_ln117_1195 & or_ln117_1197)> <Delay = 0.00> <CoreInst = "LogicGate">   --->   Core 74 'LogicGate' <Latency = 0> <II = 1> <Delay = 0.97> <FuncUnit> <Opcode : 'and' 'or' 'xor'> <InPorts = 2> <OutPorts = 1>
ST_6 : Operation 140 [1/1] (0.00ns) (grouped into LUT with out node select_ln117_1343)   --->   "%and_ln102_1500 = and i1 %icmp_ln86_1375, i1 %xor_ln104_648" [firmware/BDT.h:102]   --->   Operation 140 'and' 'and_ln102_1500' <Predicate = (or_ln117_1197)> <Delay = 0.00> <CoreInst = "LogicGate">   --->   Core 74 'LogicGate' <Latency = 0> <II = 1> <Delay = 0.97> <FuncUnit> <Opcode : 'and' 'or' 'xor'> <InPorts = 2> <OutPorts = 1>
ST_6 : Operation 141 [1/1] (0.00ns) (grouped into LUT with out node select_ln117_1343)   --->   "%and_ln102_1490 = and i1 %and_ln102_1500, i1 %and_ln104_243" [firmware/BDT.h:102]   --->   Operation 141 'and' 'and_ln102_1490' <Predicate = (or_ln117_1197)> <Delay = 0.00> <CoreInst = "LogicGate">   --->   Core 74 'LogicGate' <Latency = 0> <II = 1> <Delay = 0.97> <FuncUnit> <Opcode : 'and' 'or' 'xor'> <InPorts = 2> <OutPorts = 1>
ST_6 : Operation 142 [1/1] (0.00ns) (grouped into LUT with out node select_ln117_1345)   --->   "%and_ln102_1491 = and i1 %icmp_ln86_1376, i1 %and_ln102_1477" [firmware/BDT.h:102]   --->   Operation 142 'and' 'and_ln102_1491' <Predicate = true> <Delay = 0.00> <CoreInst = "LogicGate">   --->   Core 74 'LogicGate' <Latency = 0> <II = 1> <Delay = 0.97> <FuncUnit> <Opcode : 'and' 'or' 'xor'> <InPorts = 2> <OutPorts = 1>
ST_6 : Operation 143 [1/1] (0.00ns) (grouped into LUT with out node select_ln117_1341)   --->   "%or_ln117_1194 = or i1 %or_ln117_1193, i1 %and_ln102_1489" [firmware/BDT.h:117]   --->   Operation 143 'or' 'or_ln117_1194' <Predicate = (or_ln117_1195 & or_ln117_1197)> <Delay = 0.00> <CoreInst = "LogicGate">   --->   Core 74 'LogicGate' <Latency = 0> <II = 1> <Delay = 0.97> <FuncUnit> <Opcode : 'and' 'or' 'xor'> <InPorts = 2> <OutPorts = 1>
ST_6 : Operation 144 [1/1] (0.00ns) (grouped into LUT with out node select_ln117_1341)   --->   "%select_ln117_1340 = select i1 %or_ln117_1194, i5 %select_ln117_1339, i5 21" [firmware/BDT.h:117]   --->   Operation 144 'select' 'select_ln117_1340' <Predicate = (or_ln117_1195 & or_ln117_1197)> <Delay = 0.00> <CoreInst = "Sel">   --->   Core 73 'Sel' <Latency = 0> <II = 1> <Delay = 1.21> <FuncUnit> <Opcode : 'select'> <InPorts = 3> <OutPorts = 1>
ST_6 : Operation 145 [1/1] (0.00ns) (grouped into LUT with out node select_ln117_1343)   --->   "%or_ln117_1196 = or i1 %or_ln117_1195, i1 %and_ln102_1490" [firmware/BDT.h:117]   --->   Operation 145 'or' 'or_ln117_1196' <Predicate = (or_ln117_1197)> <Delay = 0.00> <CoreInst = "LogicGate">   --->   Core 74 'LogicGate' <Latency = 0> <II = 1> <Delay = 0.97> <FuncUnit> <Opcode : 'and' 'or' 'xor'> <InPorts = 2> <OutPorts = 1>
ST_6 : Operation 146 [1/1] (1.21ns) (out node of the LUT)   --->   "%select_ln117_1341 = select i1 %or_ln117_1195, i5 %select_ln117_1340, i5 22" [firmware/BDT.h:117]   --->   Operation 146 'select' 'select_ln117_1341' <Predicate = (or_ln117_1197)> <Delay = 1.21> <CoreInst = "Sel">   --->   Core 73 'Sel' <Latency = 0> <II = 1> <Delay = 1.21> <FuncUnit> <Opcode : 'select'> <InPorts = 3> <OutPorts = 1>
ST_6 : Operation 147 [1/1] (0.00ns) (grouped into LUT with out node select_ln117_1343)   --->   "%select_ln117_1342 = select i1 %or_ln117_1196, i5 %select_ln117_1341, i5 23" [firmware/BDT.h:117]   --->   Operation 147 'select' 'select_ln117_1342' <Predicate = (or_ln117_1197)> <Delay = 0.00> <CoreInst = "Sel">   --->   Core 73 'Sel' <Latency = 0> <II = 1> <Delay = 1.21> <FuncUnit> <Opcode : 'select'> <InPorts = 3> <OutPorts = 1>
ST_6 : Operation 148 [1/1] (0.00ns) (grouped into LUT with out node select_ln117_1345)   --->   "%or_ln117_1198 = or i1 %or_ln117_1197, i1 %and_ln102_1491" [firmware/BDT.h:117]   --->   Operation 148 'or' 'or_ln117_1198' <Predicate = true> <Delay = 0.00> <CoreInst = "LogicGate">   --->   Core 74 'LogicGate' <Latency = 0> <II = 1> <Delay = 0.97> <FuncUnit> <Opcode : 'and' 'or' 'xor'> <InPorts = 2> <OutPorts = 1>
ST_6 : Operation 149 [1/1] (1.21ns) (out node of the LUT)   --->   "%select_ln117_1343 = select i1 %or_ln117_1197, i5 %select_ln117_1342, i5 24" [firmware/BDT.h:117]   --->   Operation 149 'select' 'select_ln117_1343' <Predicate = true> <Delay = 1.21> <CoreInst = "Sel">   --->   Core 73 'Sel' <Latency = 0> <II = 1> <Delay = 1.21> <FuncUnit> <Opcode : 'select'> <InPorts = 3> <OutPorts = 1>
ST_6 : Operation 150 [1/1] (0.97ns)   --->   "%or_ln117_1199 = or i1 %or_ln117_1197, i1 %and_ln102_1477" [firmware/BDT.h:117]   --->   Operation 150 'or' 'or_ln117_1199' <Predicate = true> <Delay = 0.97> <CoreInst = "LogicGate">   --->   Core 74 'LogicGate' <Latency = 0> <II = 1> <Delay = 0.97> <FuncUnit> <Opcode : 'and' 'or' 'xor'> <InPorts = 2> <OutPorts = 1>
ST_6 : Operation 151 [1/1] (0.00ns) (grouped into LUT with out node select_ln117_1345)   --->   "%select_ln117_1344 = select i1 %or_ln117_1198, i5 %select_ln117_1343, i5 25" [firmware/BDT.h:117]   --->   Operation 151 'select' 'select_ln117_1344' <Predicate = true> <Delay = 0.00> <CoreInst = "Sel">   --->   Core 73 'Sel' <Latency = 0> <II = 1> <Delay = 1.21> <FuncUnit> <Opcode : 'select'> <InPorts = 3> <OutPorts = 1>
ST_6 : Operation 152 [1/1] (1.21ns) (out node of the LUT)   --->   "%select_ln117_1345 = select i1 %or_ln117_1199, i5 %select_ln117_1344, i5 26" [firmware/BDT.h:117]   --->   Operation 152 'select' 'select_ln117_1345' <Predicate = true> <Delay = 1.21> <CoreInst = "Sel">   --->   Core 73 'Sel' <Latency = 0> <II = 1> <Delay = 1.21> <FuncUnit> <Opcode : 'select'> <InPorts = 3> <OutPorts = 1>

State 7 <SV = 6> <Delay = 3.40>
ST_7 : Operation 153 [1/1] (0.00ns) (grouped into LUT with out node select_ln117_1347)   --->   "%xor_ln104_649 = xor i1 %icmp_ln86_1362, i1 1" [firmware/BDT.h:104]   --->   Operation 153 'xor' 'xor_ln104_649' <Predicate = true> <Delay = 0.00> <CoreInst = "LogicGate">   --->   Core 74 'LogicGate' <Latency = 0> <II = 1> <Delay = 0.97> <FuncUnit> <Opcode : 'and' 'or' 'xor'> <InPorts = 2> <OutPorts = 1>
ST_7 : Operation 154 [1/1] (0.97ns)   --->   "%and_ln102_1478 = and i1 %icmp_ln86_1363, i1 %and_ln104_244" [firmware/BDT.h:102]   --->   Operation 154 'and' 'and_ln102_1478' <Predicate = true> <Delay = 0.97> <CoreInst = "LogicGate">   --->   Core 74 'LogicGate' <Latency = 0> <II = 1> <Delay = 0.97> <FuncUnit> <Opcode : 'and' 'or' 'xor'> <InPorts = 2> <OutPorts = 1>
ST_7 : Operation 155 [1/1] (0.00ns) (grouped into LUT with out node select_ln117_1347)   --->   "%and_ln102_1501 = and i1 %icmp_ln86_1377, i1 %xor_ln104_649" [firmware/BDT.h:102]   --->   Operation 155 'and' 'and_ln102_1501' <Predicate = true> <Delay = 0.00> <CoreInst = "LogicGate">   --->   Core 74 'LogicGate' <Latency = 0> <II = 1> <Delay = 0.97> <FuncUnit> <Opcode : 'and' 'or' 'xor'> <InPorts = 2> <OutPorts = 1>
ST_7 : Operation 156 [1/1] (0.00ns) (grouped into LUT with out node select_ln117_1347)   --->   "%and_ln102_1492 = and i1 %and_ln102_1501, i1 %and_ln102_1470" [firmware/BDT.h:102]   --->   Operation 156 'and' 'and_ln102_1492' <Predicate = true> <Delay = 0.00> <CoreInst = "LogicGate">   --->   Core 74 'LogicGate' <Latency = 0> <II = 1> <Delay = 0.97> <FuncUnit> <Opcode : 'and' 'or' 'xor'> <InPorts = 2> <OutPorts = 1>
ST_7 : Operation 157 [1/1] (0.00ns) (grouped into LUT with out node select_ln117_1349)   --->   "%and_ln102_1493 = and i1 %icmp_ln86_1378, i1 %and_ln102_1478" [firmware/BDT.h:102]   --->   Operation 157 'and' 'and_ln102_1493' <Predicate = true> <Delay = 0.00> <CoreInst = "LogicGate">   --->   Core 74 'LogicGate' <Latency = 0> <II = 1> <Delay = 0.97> <FuncUnit> <Opcode : 'and' 'or' 'xor'> <InPorts = 2> <OutPorts = 1>
ST_7 : Operation 158 [1/1] (0.00ns) (grouped into LUT with out node select_ln117_1347)   --->   "%or_ln117_1200 = or i1 %or_ln117_1199, i1 %and_ln102_1492" [firmware/BDT.h:117]   --->   Operation 158 'or' 'or_ln117_1200' <Predicate = true> <Delay = 0.00> <CoreInst = "LogicGate">   --->   Core 74 'LogicGate' <Latency = 0> <II = 1> <Delay = 0.97> <FuncUnit> <Opcode : 'and' 'or' 'xor'> <InPorts = 2> <OutPorts = 1>
ST_7 : Operation 159 [1/1] (0.97ns)   --->   "%or_ln117_1201 = or i1 %or_ln117_1197, i1 %and_ln102_1470" [firmware/BDT.h:117]   --->   Operation 159 'or' 'or_ln117_1201' <Predicate = true> <Delay = 0.97> <CoreInst = "LogicGate">   --->   Core 74 'LogicGate' <Latency = 0> <II = 1> <Delay = 0.97> <FuncUnit> <Opcode : 'and' 'or' 'xor'> <InPorts = 2> <OutPorts = 1>
ST_7 : Operation 160 [1/1] (0.00ns) (grouped into LUT with out node select_ln117_1347)   --->   "%select_ln117_1346 = select i1 %or_ln117_1200, i5 %select_ln117_1345, i5 27" [firmware/BDT.h:117]   --->   Operation 160 'select' 'select_ln117_1346' <Predicate = true> <Delay = 0.00> <CoreInst = "Sel">   --->   Core 73 'Sel' <Latency = 0> <II = 1> <Delay = 1.21> <FuncUnit> <Opcode : 'select'> <InPorts = 3> <OutPorts = 1>
ST_7 : Operation 161 [1/1] (0.00ns) (grouped into LUT with out node select_ln117_1349)   --->   "%or_ln117_1202 = or i1 %or_ln117_1201, i1 %and_ln102_1493" [firmware/BDT.h:117]   --->   Operation 161 'or' 'or_ln117_1202' <Predicate = true> <Delay = 0.00> <CoreInst = "LogicGate">   --->   Core 74 'LogicGate' <Latency = 0> <II = 1> <Delay = 0.97> <FuncUnit> <Opcode : 'and' 'or' 'xor'> <InPorts = 2> <OutPorts = 1>
ST_7 : Operation 162 [1/1] (1.21ns) (out node of the LUT)   --->   "%select_ln117_1347 = select i1 %or_ln117_1201, i5 %select_ln117_1346, i5 28" [firmware/BDT.h:117]   --->   Operation 162 'select' 'select_ln117_1347' <Predicate = true> <Delay = 1.21> <CoreInst = "Sel">   --->   Core 73 'Sel' <Latency = 0> <II = 1> <Delay = 1.21> <FuncUnit> <Opcode : 'select'> <InPorts = 3> <OutPorts = 1>
ST_7 : Operation 163 [1/1] (0.97ns)   --->   "%or_ln117_1203 = or i1 %or_ln117_1201, i1 %and_ln102_1478" [firmware/BDT.h:117]   --->   Operation 163 'or' 'or_ln117_1203' <Predicate = true> <Delay = 0.97> <CoreInst = "LogicGate">   --->   Core 74 'LogicGate' <Latency = 0> <II = 1> <Delay = 0.97> <FuncUnit> <Opcode : 'and' 'or' 'xor'> <InPorts = 2> <OutPorts = 1>
ST_7 : Operation 164 [1/1] (0.00ns) (grouped into LUT with out node select_ln117_1349)   --->   "%select_ln117_1348 = select i1 %or_ln117_1202, i5 %select_ln117_1347, i5 29" [firmware/BDT.h:117]   --->   Operation 164 'select' 'select_ln117_1348' <Predicate = true> <Delay = 0.00> <CoreInst = "Sel">   --->   Core 73 'Sel' <Latency = 0> <II = 1> <Delay = 1.21> <FuncUnit> <Opcode : 'select'> <InPorts = 3> <OutPorts = 1>
ST_7 : Operation 165 [1/1] (1.21ns) (out node of the LUT)   --->   "%select_ln117_1349 = select i1 %or_ln117_1203, i5 %select_ln117_1348, i5 30" [firmware/BDT.h:117]   --->   Operation 165 'select' 'select_ln117_1349' <Predicate = true> <Delay = 1.21> <CoreInst = "Sel">   --->   Core 73 'Sel' <Latency = 0> <II = 1> <Delay = 1.21> <FuncUnit> <Opcode : 'select'> <InPorts = 3> <OutPorts = 1>

State 8 <SV = 7> <Delay = 3.20>
ST_8 : Operation 166 [1/1] (0.00ns)   --->   "%specpipeline_ln53 = specpipeline void @_ssdm_op_SpecPipeline, i32 1, i32 0, i32 0, i32 0, void @empty_13" [firmware/BDT.h:53]   --->   Operation 166 'specpipeline' 'specpipeline_ln53' <Predicate = true> <Delay = 0.00>
ST_8 : Operation 167 [1/1] (0.00ns) (grouped into LUT with out node agg_result)   --->   "%xor_ln104_650 = xor i1 %icmp_ln86_1363, i1 1" [firmware/BDT.h:104]   --->   Operation 167 'xor' 'xor_ln104_650' <Predicate = true> <Delay = 0.00> <CoreInst = "LogicGate">   --->   Core 74 'LogicGate' <Latency = 0> <II = 1> <Delay = 0.97> <FuncUnit> <Opcode : 'and' 'or' 'xor'> <InPorts = 2> <OutPorts = 1>
ST_8 : Operation 168 [1/1] (0.00ns) (grouped into LUT with out node agg_result)   --->   "%and_ln102_1502 = and i1 %icmp_ln86_1379, i1 %xor_ln104_650" [firmware/BDT.h:102]   --->   Operation 168 'and' 'and_ln102_1502' <Predicate = true> <Delay = 0.00> <CoreInst = "LogicGate">   --->   Core 74 'LogicGate' <Latency = 0> <II = 1> <Delay = 0.97> <FuncUnit> <Opcode : 'and' 'or' 'xor'> <InPorts = 2> <OutPorts = 1>
ST_8 : Operation 169 [1/1] (0.00ns) (grouped into LUT with out node agg_result)   --->   "%and_ln102_1494 = and i1 %and_ln102_1502, i1 %and_ln104_244" [firmware/BDT.h:102]   --->   Operation 169 'and' 'and_ln102_1494' <Predicate = true> <Delay = 0.00> <CoreInst = "LogicGate">   --->   Core 74 'LogicGate' <Latency = 0> <II = 1> <Delay = 0.97> <FuncUnit> <Opcode : 'and' 'or' 'xor'> <InPorts = 2> <OutPorts = 1>
ST_8 : Operation 170 [1/1] (0.00ns) (grouped into LUT with out node agg_result)   --->   "%or_ln117_1204 = or i1 %or_ln117_1203, i1 %and_ln102_1494" [firmware/BDT.h:117]   --->   Operation 170 'or' 'or_ln117_1204' <Predicate = true> <Delay = 0.00> <CoreInst = "LogicGate">   --->   Core 74 'LogicGate' <Latency = 0> <II = 1> <Delay = 0.97> <FuncUnit> <Opcode : 'and' 'or' 'xor'> <InPorts = 2> <OutPorts = 1>
ST_8 : Operation 171 [1/1] (0.00ns) (grouped into LUT with out node agg_result)   --->   "%select_ln117_1350 = select i1 %or_ln117_1204, i5 %select_ln117_1349, i5 31" [firmware/BDT.h:117]   --->   Operation 171 'select' 'select_ln117_1350' <Predicate = true> <Delay = 0.00> <CoreInst = "Sel">   --->   Core 73 'Sel' <Latency = 0> <II = 1> <Delay = 1.21> <FuncUnit> <Opcode : 'select'> <InPorts = 3> <OutPorts = 1>
ST_8 : Operation 172 [1/1] (3.20ns) (out node of the LUT)   --->   "%agg_result = sparsemux i13 @_ssdm_op_SparseMux.ap_auto.32i13.i13.i5, i5 0, i13 705, i5 1, i13 8054, i5 2, i13 8025, i5 3, i13 7835, i5 4, i13 8065, i5 5, i13 466, i5 6, i13 970, i5 7, i13 48, i5 8, i13 8141, i5 9, i13 8023, i5 10, i13 537, i5 11, i13 2380, i5 12, i13 399, i5 13, i13 39, i5 14, i13 7997, i5 15, i13 57, i5 16, i13 5, i5 17, i13 226, i5 18, i13 7916, i5 19, i13 8108, i5 20, i13 474, i5 21, i13 7324, i5 22, i13 8093, i5 23, i13 418, i5 24, i13 509, i5 25, i13 7976, i5 26, i13 1571, i5 27, i13 160, i5 28, i13 293, i5 29, i13 634, i5 30, i13 7962, i5 31, i13 4, i13 0, i5 %select_ln117_1350" [firmware/BDT.h:118]   --->   Operation 172 'sparsemux' 'agg_result' <Predicate = true> <Delay = 3.20> <CoreInst = "BinarySparseMux_DontCare">   --->   Core 137 'BinarySparseMux_DontCare' <Latency = 0> <II = 1> <Delay = 3.20> <FuncUnit> <Opcode : 'sparsemux'> <InPorts = 2> <OutPorts = 1>
ST_8 : Operation 173 [1/1] (0.00ns)   --->   "%ret_ln122 = ret i13 %agg_result" [firmware/BDT.h:122]   --->   Operation 173 'ret' 'ret_ln122' <Predicate = true> <Delay = 0.00>


============================================================
+ Verbose Summary: Timing violations
============================================================
Target clock period: 5.000ns, clock uncertainty: 1.350ns.

 <State 1>: 3.114ns
The critical path consists of the following:
	wire read operation ('p_read', firmware/BDT.h:86) on port 'p_read11' (firmware/BDT.h:86) [13]  (0.000 ns)
	'icmp' operation 1 bit ('icmp_ln86', firmware/BDT.h:86) [24]  (2.136 ns)
	'and' operation 1 bit ('and_ln102', firmware/BDT.h:102) [56]  (0.978 ns)

 <State 2>: 2.934ns
The critical path consists of the following:
	'and' operation 1 bit ('and_ln102_1467', firmware/BDT.h:102) [62]  (0.978 ns)
	'and' operation 1 bit ('and_ln102_1471', firmware/BDT.h:102) [74]  (0.978 ns)
	'or' operation 1 bit ('or_ln117', firmware/BDT.h:117) [116]  (0.978 ns)

 <State 3>: 2.997ns
The critical path consists of the following:
	'and' operation 1 bit ('and_ln102_1479', firmware/BDT.h:102) [90]  (0.000 ns)
	'xor' operation 1 bit ('xor_ln117', firmware/BDT.h:117) [114]  (0.000 ns)
	'select' operation 2 bit ('select_ln117', firmware/BDT.h:117) [117]  (0.000 ns)
	'select' operation 2 bit ('select_ln117_1322', firmware/BDT.h:117) [118]  (0.000 ns)
	'select' operation 3 bit ('select_ln117_1323', firmware/BDT.h:117) [121]  (0.993 ns)
	'select' operation 3 bit ('select_ln117_1324', firmware/BDT.h:117) [123]  (0.000 ns)
	'select' operation 3 bit ('select_ln117_1325', firmware/BDT.h:117) [125]  (0.980 ns)
	'select' operation 3 bit ('select_ln117_1326', firmware/BDT.h:117) [126]  (0.000 ns)
	'select' operation 4 bit ('select_ln117_1327', firmware/BDT.h:117) [129]  (1.024 ns)

 <State 4>: 3.072ns
The critical path consists of the following:
	'and' operation 1 bit ('and_ln102_1483', firmware/BDT.h:102) [96]  (0.000 ns)
	'or' operation 1 bit ('or_ln117_1183', firmware/BDT.h:117) [128]  (0.000 ns)
	'select' operation 4 bit ('select_ln117_1328', firmware/BDT.h:117) [131]  (0.000 ns)
	'select' operation 4 bit ('select_ln117_1329', firmware/BDT.h:117) [133]  (1.024 ns)
	'select' operation 4 bit ('select_ln117_1330', firmware/BDT.h:117) [135]  (0.000 ns)
	'select' operation 4 bit ('select_ln117_1331', firmware/BDT.h:117) [137]  (1.024 ns)
	'select' operation 4 bit ('select_ln117_1332', firmware/BDT.h:117) [139]  (0.000 ns)
	'select' operation 4 bit ('select_ln117_1333', firmware/BDT.h:117) [141]  (1.024 ns)

 <State 5>: 3.645ns
The critical path consists of the following:
	'xor' operation 1 bit ('xor_ln104_646', firmware/BDT.h:104) [81]  (0.000 ns)
	'and' operation 1 bit ('and_ln102_1498', firmware/BDT.h:102) [100]  (0.000 ns)
	'and' operation 1 bit ('and_ln102_1486', firmware/BDT.h:102) [101]  (0.000 ns)
	'or' operation 1 bit ('or_ln117_1189', firmware/BDT.h:117) [140]  (0.000 ns)
	'select' operation 4 bit ('select_ln117_1334', firmware/BDT.h:117) [142]  (0.000 ns)
	'select' operation 5 bit ('select_ln117_1335', firmware/BDT.h:117) [145]  (1.215 ns)
	'select' operation 5 bit ('select_ln117_1336', firmware/BDT.h:117) [147]  (0.000 ns)
	'select' operation 5 bit ('select_ln117_1337', firmware/BDT.h:117) [149]  (1.215 ns)
	'select' operation 5 bit ('select_ln117_1338', firmware/BDT.h:117) [151]  (0.000 ns)
	'select' operation 5 bit ('select_ln117_1339', firmware/BDT.h:117) [153]  (1.215 ns)

 <State 6>: 3.645ns
The critical path consists of the following:
	'and' operation 1 bit ('and_ln102_1489', firmware/BDT.h:102) [105]  (0.000 ns)
	'or' operation 1 bit ('or_ln117_1194', firmware/BDT.h:117) [152]  (0.000 ns)
	'select' operation 5 bit ('select_ln117_1340', firmware/BDT.h:117) [155]  (0.000 ns)
	'select' operation 5 bit ('select_ln117_1341', firmware/BDT.h:117) [157]  (1.215 ns)
	'select' operation 5 bit ('select_ln117_1342', firmware/BDT.h:117) [159]  (0.000 ns)
	'select' operation 5 bit ('select_ln117_1343', firmware/BDT.h:117) [161]  (1.215 ns)
	'select' operation 5 bit ('select_ln117_1344', firmware/BDT.h:117) [163]  (0.000 ns)
	'select' operation 5 bit ('select_ln117_1345', firmware/BDT.h:117) [165]  (1.215 ns)

 <State 7>: 3.408ns
The critical path consists of the following:
	'or' operation 1 bit ('or_ln117_1201', firmware/BDT.h:117) [166]  (0.978 ns)
	'select' operation 5 bit ('select_ln117_1347', firmware/BDT.h:117) [169]  (1.215 ns)
	'select' operation 5 bit ('select_ln117_1348', firmware/BDT.h:117) [171]  (0.000 ns)
	'select' operation 5 bit ('select_ln117_1349', firmware/BDT.h:117) [173]  (1.215 ns)

 <State 8>: 3.205ns
The critical path consists of the following:
	'xor' operation 1 bit ('xor_ln104_650', firmware/BDT.h:104) [89]  (0.000 ns)
	'and' operation 1 bit ('and_ln102_1502', firmware/BDT.h:102) [112]  (0.000 ns)
	'and' operation 1 bit ('and_ln102_1494', firmware/BDT.h:102) [113]  (0.000 ns)
	'or' operation 1 bit ('or_ln117_1204', firmware/BDT.h:117) [172]  (0.000 ns)
	'select' operation 5 bit ('select_ln117_1350', firmware/BDT.h:117) [174]  (0.000 ns)
	'sparsemux' operation 13 bit ('agg_result', firmware/BDT.h:118) [175]  (3.205 ns)


============================================================
+ Verbose Summary: Binding
============================================================
N/A
* FSMD analyzer results:
  - Output states:
 - Input state : 
  - Chain level:
	State 1
	State 2
	State 3
	State 4
	State 5
	State 6
	State 7
	State 8


============================================================
+ Verbose Summary: Datapath Resource usage 
============================================================
N/A
