

================================================================
== Vitis HLS Report for 'decision_function_41'
================================================================
* Date:           Tue Mar 11 16:22:04 2025

* Version:        2024.2 (Build 5238294 on Nov  8 2024)
* Project:        conifer_jettag
* Solution:       solution1 (Vivado IP Flow Target)
* Product family: zynq
* Target device:  xc7z020-clg400-1


================================================================
== Performance Estimates
================================================================
+ Timing: 
    * Summary: 
    +--------+---------+----------+------------+
    |  Clock |  Target | Estimated| Uncertainty|
    +--------+---------+----------+------------+
    |ap_clk  |  5.00 ns|  3.645 ns|     1.35 ns|
    +--------+---------+----------+------------+

+ Latency: 
    * Summary: 
    +---------+---------+-----------+-----------+-----+-----+---------+
    |  Latency (cycles) |   Latency (absolute)  |  Interval | Pipeline|
    |   min   |   max   |    min    |    max    | min | max |   Type  |
    +---------+---------+-----------+-----------+-----+-----+---------+
    |        7|        7|  35.000 ns|  35.000 ns|    1|    1|      yes|
    +---------+---------+-----------+-----------+-----+-----+---------+

    + Detail: 
        * Instance: 
        N/A

        * Loop: 
        N/A

============================================================
+ Verbose Summary: Synthesis Manager
============================================================
InlineROM: 1
ExposeGlobal: 0
============================================================
+ Verbose Summary: CDFG Model
============================================================
IsTopModel: 0
ResetActiveHigh: 1
IsCombinational: 0
IsDatapathOnly: 0
HasWiredReturn: 1
HasMFsm: 2
HasVarLatency: 0
IsPipeline: 1
IsRtlPipelined: 1
IsInstanceOverlapped: 0
IsDontTouch: 0
HasImplIP: 0
IsGatedGlobalClock: 0

+ Individual pipeline summary: 
  * Pipeline-0: initiation interval (II) = 1, depth = 8


============================================================
+ Verbose Summary: Schedule
============================================================
* Number of FSM states : 8
* Pipeline : 1
  Pipeline-0 : II = 1, D = 8, States = { 1 2 3 4 5 6 7 8 }
* Dataflow Pipeline: 0

* FSM state transitions: 
1 --> 2 
2 --> 3 
3 --> 4 
4 --> 5 
5 --> 6 
6 --> 7 
7 --> 8 
8 --> 

* FSM state operations: 

State 1 <SV = 0> <Delay = 3.11>
ST_1 : Operation 9 [1/1] (0.00ns)   --->   "%p_read = read i18 @_ssdm_op_Read.ap_auto.i18, i18 %p_read12" [firmware/BDT.h:86]   --->   Operation 9 'read' 'p_read' <Predicate = true> <Delay = 0.00>
ST_1 : Operation 10 [1/1] (0.00ns)   --->   "%p_read_50 = read i18 @_ssdm_op_Read.ap_auto.i18, i18 %p_read11" [firmware/BDT.h:86]   --->   Operation 10 'read' 'p_read_50' <Predicate = true> <Delay = 0.00>
ST_1 : Operation 11 [1/1] (0.00ns)   --->   "%p_read1012 = read i18 @_ssdm_op_Read.ap_auto.i18, i18 %p_read10" [firmware/BDT.h:86]   --->   Operation 11 'read' 'p_read1012' <Predicate = true> <Delay = 0.00>
ST_1 : Operation 12 [1/1] (0.00ns)   --->   "%p_read911 = read i18 @_ssdm_op_Read.ap_auto.i18, i18 %p_read9" [firmware/BDT.h:86]   --->   Operation 12 'read' 'p_read911' <Predicate = true> <Delay = 0.00>
ST_1 : Operation 13 [1/1] (0.00ns)   --->   "%p_read810 = read i18 @_ssdm_op_Read.ap_auto.i18, i18 %p_read8" [firmware/BDT.h:86]   --->   Operation 13 'read' 'p_read810' <Predicate = true> <Delay = 0.00>
ST_1 : Operation 14 [1/1] (0.00ns)   --->   "%p_read79 = read i18 @_ssdm_op_Read.ap_auto.i18, i18 %p_read7" [firmware/BDT.h:86]   --->   Operation 14 'read' 'p_read79' <Predicate = true> <Delay = 0.00>
ST_1 : Operation 15 [1/1] (0.00ns)   --->   "%p_read68 = read i18 @_ssdm_op_Read.ap_auto.i18, i18 %p_read6" [firmware/BDT.h:86]   --->   Operation 15 'read' 'p_read68' <Predicate = true> <Delay = 0.00>
ST_1 : Operation 16 [1/1] (0.00ns)   --->   "%p_read57 = read i18 @_ssdm_op_Read.ap_auto.i18, i18 %p_read5" [firmware/BDT.h:86]   --->   Operation 16 'read' 'p_read57' <Predicate = true> <Delay = 0.00>
ST_1 : Operation 17 [1/1] (0.00ns)   --->   "%p_read46 = read i18 @_ssdm_op_Read.ap_auto.i18, i18 %p_read4" [firmware/BDT.h:86]   --->   Operation 17 'read' 'p_read46' <Predicate = true> <Delay = 0.00>
ST_1 : Operation 18 [1/1] (0.00ns)   --->   "%p_read35 = read i18 @_ssdm_op_Read.ap_auto.i18, i18 %p_read3" [firmware/BDT.h:86]   --->   Operation 18 'read' 'p_read35' <Predicate = true> <Delay = 0.00>
ST_1 : Operation 19 [1/1] (0.00ns)   --->   "%p_read24 = read i18 @_ssdm_op_Read.ap_auto.i18, i18 %p_read2" [firmware/BDT.h:86]   --->   Operation 19 'read' 'p_read24' <Predicate = true> <Delay = 0.00>
ST_1 : Operation 20 [1/1] (0.00ns)   --->   "%p_read13 = read i18 @_ssdm_op_Read.ap_auto.i18, i18 %p_read1" [firmware/BDT.h:86]   --->   Operation 20 'read' 'p_read13' <Predicate = true> <Delay = 0.00>
ST_1 : Operation 21 [1/1] (2.13ns)   --->   "%icmp_ln86 = icmp_slt  i18 %p_read35, i18 261985" [firmware/BDT.h:86]   --->   Operation 21 'icmp' 'icmp_ln86' <Predicate = true> <Delay = 2.13> <CoreInst = "Cmp">   --->   Core 9 'Cmp' <Latency = 0> <II = 1> <Delay = 2.13> <FuncUnit> <Opcode : 'seteq' 'setne' 'setle' 'setge' 'setlt' 'setgt'> <InPorts = 2> <OutPorts = 1>
ST_1 : Operation 22 [1/1] (2.13ns)   --->   "%icmp_ln86_1162 = icmp_slt  i18 %p_read_50, i18 65" [firmware/BDT.h:86]   --->   Operation 22 'icmp' 'icmp_ln86_1162' <Predicate = true> <Delay = 2.13> <CoreInst = "Cmp">   --->   Core 9 'Cmp' <Latency = 0> <II = 1> <Delay = 2.13> <FuncUnit> <Opcode : 'seteq' 'setne' 'setle' 'setge' 'setlt' 'setgt'> <InPorts = 2> <OutPorts = 1>
ST_1 : Operation 23 [1/1] (2.13ns)   --->   "%icmp_ln86_1163 = icmp_slt  i18 %p_read35, i18 262049" [firmware/BDT.h:86]   --->   Operation 23 'icmp' 'icmp_ln86_1163' <Predicate = true> <Delay = 2.13> <CoreInst = "Cmp">   --->   Core 9 'Cmp' <Latency = 0> <II = 1> <Delay = 2.13> <FuncUnit> <Opcode : 'seteq' 'setne' 'setle' 'setge' 'setlt' 'setgt'> <InPorts = 2> <OutPorts = 1>
ST_1 : Operation 24 [1/1] (2.13ns)   --->   "%icmp_ln86_1164 = icmp_slt  i18 %p_read810, i18 261554" [firmware/BDT.h:86]   --->   Operation 24 'icmp' 'icmp_ln86_1164' <Predicate = true> <Delay = 2.13> <CoreInst = "Cmp">   --->   Core 9 'Cmp' <Latency = 0> <II = 1> <Delay = 2.13> <FuncUnit> <Opcode : 'seteq' 'setne' 'setle' 'setge' 'setlt' 'setgt'> <InPorts = 2> <OutPorts = 1>
ST_1 : Operation 25 [1/1] (2.13ns)   --->   "%icmp_ln86_1165 = icmp_slt  i18 %p_read, i18 261559" [firmware/BDT.h:86]   --->   Operation 25 'icmp' 'icmp_ln86_1165' <Predicate = true> <Delay = 2.13> <CoreInst = "Cmp">   --->   Core 9 'Cmp' <Latency = 0> <II = 1> <Delay = 2.13> <FuncUnit> <Opcode : 'seteq' 'setne' 'setle' 'setge' 'setlt' 'setgt'> <InPorts = 2> <OutPorts = 1>
ST_1 : Operation 26 [1/1] (2.13ns)   --->   "%icmp_ln86_1166 = icmp_slt  i18 %p_read_50, i18 262" [firmware/BDT.h:86]   --->   Operation 26 'icmp' 'icmp_ln86_1166' <Predicate = true> <Delay = 2.13> <CoreInst = "Cmp">   --->   Core 9 'Cmp' <Latency = 0> <II = 1> <Delay = 2.13> <FuncUnit> <Opcode : 'seteq' 'setne' 'setle' 'setge' 'setlt' 'setgt'> <InPorts = 2> <OutPorts = 1>
ST_1 : Operation 27 [1/1] (2.13ns)   --->   "%icmp_ln86_1167 = icmp_slt  i18 %p_read_50, i18 261953" [firmware/BDT.h:86]   --->   Operation 27 'icmp' 'icmp_ln86_1167' <Predicate = true> <Delay = 2.13> <CoreInst = "Cmp">   --->   Core 9 'Cmp' <Latency = 0> <II = 1> <Delay = 2.13> <FuncUnit> <Opcode : 'seteq' 'setne' 'setle' 'setge' 'setlt' 'setgt'> <InPorts = 2> <OutPorts = 1>
ST_1 : Operation 28 [1/1] (2.13ns)   --->   "%icmp_ln86_1168 = icmp_slt  i18 %p_read13, i18 262069" [firmware/BDT.h:86]   --->   Operation 28 'icmp' 'icmp_ln86_1168' <Predicate = true> <Delay = 2.13> <CoreInst = "Cmp">   --->   Core 9 'Cmp' <Latency = 0> <II = 1> <Delay = 2.13> <FuncUnit> <Opcode : 'seteq' 'setne' 'setle' 'setge' 'setlt' 'setgt'> <InPorts = 2> <OutPorts = 1>
ST_1 : Operation 29 [1/1] (2.13ns)   --->   "%icmp_ln86_1169 = icmp_slt  i18 %p_read1012, i18 261542" [firmware/BDT.h:86]   --->   Operation 29 'icmp' 'icmp_ln86_1169' <Predicate = true> <Delay = 2.13> <CoreInst = "Cmp">   --->   Core 9 'Cmp' <Latency = 0> <II = 1> <Delay = 2.13> <FuncUnit> <Opcode : 'seteq' 'setne' 'setle' 'setge' 'setlt' 'setgt'> <InPorts = 2> <OutPorts = 1>
ST_1 : Operation 30 [1/1] (2.13ns)   --->   "%icmp_ln86_1170 = icmp_slt  i18 %p_read79, i18 260235" [firmware/BDT.h:86]   --->   Operation 30 'icmp' 'icmp_ln86_1170' <Predicate = true> <Delay = 2.13> <CoreInst = "Cmp">   --->   Core 9 'Cmp' <Latency = 0> <II = 1> <Delay = 2.13> <FuncUnit> <Opcode : 'seteq' 'setne' 'setle' 'setge' 'setlt' 'setgt'> <InPorts = 2> <OutPorts = 1>
ST_1 : Operation 31 [1/1] (2.13ns)   --->   "%icmp_ln86_1171 = icmp_slt  i18 %p_read79, i18 261656" [firmware/BDT.h:86]   --->   Operation 31 'icmp' 'icmp_ln86_1171' <Predicate = true> <Delay = 2.13> <CoreInst = "Cmp">   --->   Core 9 'Cmp' <Latency = 0> <II = 1> <Delay = 2.13> <FuncUnit> <Opcode : 'seteq' 'setne' 'setle' 'setge' 'setlt' 'setgt'> <InPorts = 2> <OutPorts = 1>
ST_1 : Operation 32 [1/1] (2.13ns)   --->   "%icmp_ln86_1172 = icmp_slt  i18 %p_read_50, i18 124" [firmware/BDT.h:86]   --->   Operation 32 'icmp' 'icmp_ln86_1172' <Predicate = true> <Delay = 2.13> <CoreInst = "Cmp">   --->   Core 9 'Cmp' <Latency = 0> <II = 1> <Delay = 2.13> <FuncUnit> <Opcode : 'seteq' 'setne' 'setle' 'setge' 'setlt' 'setgt'> <InPorts = 2> <OutPorts = 1>
ST_1 : Operation 33 [1/1] (2.13ns)   --->   "%icmp_ln86_1173 = icmp_slt  i18 %p_read911, i18 42" [firmware/BDT.h:86]   --->   Operation 33 'icmp' 'icmp_ln86_1173' <Predicate = true> <Delay = 2.13> <CoreInst = "Cmp">   --->   Core 9 'Cmp' <Latency = 0> <II = 1> <Delay = 2.13> <FuncUnit> <Opcode : 'seteq' 'setne' 'setle' 'setge' 'setlt' 'setgt'> <InPorts = 2> <OutPorts = 1>
ST_1 : Operation 34 [1/1] (2.13ns)   --->   "%icmp_ln86_1174 = icmp_slt  i18 %p_read68, i18 1785" [firmware/BDT.h:86]   --->   Operation 34 'icmp' 'icmp_ln86_1174' <Predicate = true> <Delay = 2.13> <CoreInst = "Cmp">   --->   Core 9 'Cmp' <Latency = 0> <II = 1> <Delay = 2.13> <FuncUnit> <Opcode : 'seteq' 'setne' 'setle' 'setge' 'setlt' 'setgt'> <InPorts = 2> <OutPorts = 1>
ST_1 : Operation 35 [1/1] (2.13ns)   --->   "%icmp_ln86_1175 = icmp_slt  i18 %p_read_50, i18 163" [firmware/BDT.h:86]   --->   Operation 35 'icmp' 'icmp_ln86_1175' <Predicate = true> <Delay = 2.13> <CoreInst = "Cmp">   --->   Core 9 'Cmp' <Latency = 0> <II = 1> <Delay = 2.13> <FuncUnit> <Opcode : 'seteq' 'setne' 'setle' 'setge' 'setlt' 'setgt'> <InPorts = 2> <OutPorts = 1>
ST_1 : Operation 36 [1/1] (2.13ns)   --->   "%icmp_ln86_1176 = icmp_slt  i18 %p_read_50, i18 262106" [firmware/BDT.h:86]   --->   Operation 36 'icmp' 'icmp_ln86_1176' <Predicate = true> <Delay = 2.13> <CoreInst = "Cmp">   --->   Core 9 'Cmp' <Latency = 0> <II = 1> <Delay = 2.13> <FuncUnit> <Opcode : 'seteq' 'setne' 'setle' 'setge' 'setlt' 'setgt'> <InPorts = 2> <OutPorts = 1>
ST_1 : Operation 37 [1/1] (2.13ns)   --->   "%icmp_ln86_1177 = icmp_slt  i18 %p_read_50, i18 261810" [firmware/BDT.h:86]   --->   Operation 37 'icmp' 'icmp_ln86_1177' <Predicate = true> <Delay = 2.13> <CoreInst = "Cmp">   --->   Core 9 'Cmp' <Latency = 0> <II = 1> <Delay = 2.13> <FuncUnit> <Opcode : 'seteq' 'setne' 'setle' 'setge' 'setlt' 'setgt'> <InPorts = 2> <OutPorts = 1>
ST_1 : Operation 38 [1/1] (2.13ns)   --->   "%icmp_ln86_1178 = icmp_slt  i18 %p_read46, i18 261319" [firmware/BDT.h:86]   --->   Operation 38 'icmp' 'icmp_ln86_1178' <Predicate = true> <Delay = 2.13> <CoreInst = "Cmp">   --->   Core 9 'Cmp' <Latency = 0> <II = 1> <Delay = 2.13> <FuncUnit> <Opcode : 'seteq' 'setne' 'setle' 'setge' 'setlt' 'setgt'> <InPorts = 2> <OutPorts = 1>
ST_1 : Operation 39 [1/1] (2.13ns)   --->   "%icmp_ln86_1179 = icmp_slt  i18 %p_read35, i18 261928" [firmware/BDT.h:86]   --->   Operation 39 'icmp' 'icmp_ln86_1179' <Predicate = true> <Delay = 2.13> <CoreInst = "Cmp">   --->   Core 9 'Cmp' <Latency = 0> <II = 1> <Delay = 2.13> <FuncUnit> <Opcode : 'seteq' 'setne' 'setle' 'setge' 'setlt' 'setgt'> <InPorts = 2> <OutPorts = 1>
ST_1 : Operation 40 [1/1] (2.13ns)   --->   "%icmp_ln86_1180 = icmp_slt  i18 %p_read1012, i18 260731" [firmware/BDT.h:86]   --->   Operation 40 'icmp' 'icmp_ln86_1180' <Predicate = true> <Delay = 2.13> <CoreInst = "Cmp">   --->   Core 9 'Cmp' <Latency = 0> <II = 1> <Delay = 2.13> <FuncUnit> <Opcode : 'seteq' 'setne' 'setle' 'setge' 'setlt' 'setgt'> <InPorts = 2> <OutPorts = 1>
ST_1 : Operation 41 [1/1] (2.13ns)   --->   "%icmp_ln86_1181 = icmp_slt  i18 %p_read1012, i18 261084" [firmware/BDT.h:86]   --->   Operation 41 'icmp' 'icmp_ln86_1181' <Predicate = true> <Delay = 2.13> <CoreInst = "Cmp">   --->   Core 9 'Cmp' <Latency = 0> <II = 1> <Delay = 2.13> <FuncUnit> <Opcode : 'seteq' 'setne' 'setle' 'setge' 'setlt' 'setgt'> <InPorts = 2> <OutPorts = 1>
ST_1 : Operation 42 [1/1] (2.13ns)   --->   "%icmp_ln86_1182 = icmp_slt  i18 %p_read_50, i18 152" [firmware/BDT.h:86]   --->   Operation 42 'icmp' 'icmp_ln86_1182' <Predicate = true> <Delay = 2.13> <CoreInst = "Cmp">   --->   Core 9 'Cmp' <Latency = 0> <II = 1> <Delay = 2.13> <FuncUnit> <Opcode : 'seteq' 'setne' 'setle' 'setge' 'setlt' 'setgt'> <InPorts = 2> <OutPorts = 1>
ST_1 : Operation 43 [1/1] (2.13ns)   --->   "%icmp_ln86_1183 = icmp_slt  i18 %p_read57, i18 699" [firmware/BDT.h:86]   --->   Operation 43 'icmp' 'icmp_ln86_1183' <Predicate = true> <Delay = 2.13> <CoreInst = "Cmp">   --->   Core 9 'Cmp' <Latency = 0> <II = 1> <Delay = 2.13> <FuncUnit> <Opcode : 'seteq' 'setne' 'setle' 'setge' 'setlt' 'setgt'> <InPorts = 2> <OutPorts = 1>
ST_1 : Operation 44 [1/1] (2.13ns)   --->   "%icmp_ln86_1184 = icmp_slt  i18 %p_read57, i18 261737" [firmware/BDT.h:86]   --->   Operation 44 'icmp' 'icmp_ln86_1184' <Predicate = true> <Delay = 2.13> <CoreInst = "Cmp">   --->   Core 9 'Cmp' <Latency = 0> <II = 1> <Delay = 2.13> <FuncUnit> <Opcode : 'seteq' 'setne' 'setle' 'setge' 'setlt' 'setgt'> <InPorts = 2> <OutPorts = 1>
ST_1 : Operation 45 [1/1] (2.13ns)   --->   "%icmp_ln86_1185 = icmp_slt  i18 %p_read911, i18 261824" [firmware/BDT.h:86]   --->   Operation 45 'icmp' 'icmp_ln86_1185' <Predicate = true> <Delay = 2.13> <CoreInst = "Cmp">   --->   Core 9 'Cmp' <Latency = 0> <II = 1> <Delay = 2.13> <FuncUnit> <Opcode : 'seteq' 'setne' 'setle' 'setge' 'setlt' 'setgt'> <InPorts = 2> <OutPorts = 1>
ST_1 : Operation 46 [1/1] (2.13ns)   --->   "%icmp_ln86_1186 = icmp_slt  i18 %p_read911, i18 35" [firmware/BDT.h:86]   --->   Operation 46 'icmp' 'icmp_ln86_1186' <Predicate = true> <Delay = 2.13> <CoreInst = "Cmp">   --->   Core 9 'Cmp' <Latency = 0> <II = 1> <Delay = 2.13> <FuncUnit> <Opcode : 'seteq' 'setne' 'setle' 'setge' 'setlt' 'setgt'> <InPorts = 2> <OutPorts = 1>
ST_1 : Operation 47 [1/1] (2.13ns)   --->   "%icmp_ln86_1187 = icmp_slt  i18 %p_read46, i18 1093" [firmware/BDT.h:86]   --->   Operation 47 'icmp' 'icmp_ln86_1187' <Predicate = true> <Delay = 2.13> <CoreInst = "Cmp">   --->   Core 9 'Cmp' <Latency = 0> <II = 1> <Delay = 2.13> <FuncUnit> <Opcode : 'seteq' 'setne' 'setle' 'setge' 'setlt' 'setgt'> <InPorts = 2> <OutPorts = 1>
ST_1 : Operation 48 [1/1] (2.13ns)   --->   "%icmp_ln86_1188 = icmp_slt  i18 %p_read35, i18 478" [firmware/BDT.h:86]   --->   Operation 48 'icmp' 'icmp_ln86_1188' <Predicate = true> <Delay = 2.13> <CoreInst = "Cmp">   --->   Core 9 'Cmp' <Latency = 0> <II = 1> <Delay = 2.13> <FuncUnit> <Opcode : 'seteq' 'setne' 'setle' 'setge' 'setlt' 'setgt'> <InPorts = 2> <OutPorts = 1>
ST_1 : Operation 49 [1/1] (2.13ns)   --->   "%icmp_ln86_1189 = icmp_slt  i18 %p_read24, i18 262106" [firmware/BDT.h:86]   --->   Operation 49 'icmp' 'icmp_ln86_1189' <Predicate = true> <Delay = 2.13> <CoreInst = "Cmp">   --->   Core 9 'Cmp' <Latency = 0> <II = 1> <Delay = 2.13> <FuncUnit> <Opcode : 'seteq' 'setne' 'setle' 'setge' 'setlt' 'setgt'> <InPorts = 2> <OutPorts = 1>
ST_1 : Operation 50 [1/1] (2.13ns)   --->   "%icmp_ln86_1190 = icmp_slt  i18 %p_read46, i18 662" [firmware/BDT.h:86]   --->   Operation 50 'icmp' 'icmp_ln86_1190' <Predicate = true> <Delay = 2.13> <CoreInst = "Cmp">   --->   Core 9 'Cmp' <Latency = 0> <II = 1> <Delay = 2.13> <FuncUnit> <Opcode : 'seteq' 'setne' 'setle' 'setge' 'setlt' 'setgt'> <InPorts = 2> <OutPorts = 1>
ST_1 : Operation 51 [1/1] (2.13ns)   --->   "%icmp_ln86_1191 = icmp_slt  i18 %p_read57, i18 261822" [firmware/BDT.h:86]   --->   Operation 51 'icmp' 'icmp_ln86_1191' <Predicate = true> <Delay = 2.13> <CoreInst = "Cmp">   --->   Core 9 'Cmp' <Latency = 0> <II = 1> <Delay = 2.13> <FuncUnit> <Opcode : 'seteq' 'setne' 'setle' 'setge' 'setlt' 'setgt'> <InPorts = 2> <OutPorts = 1>
ST_1 : Operation 52 [1/1] (0.97ns)   --->   "%and_ln102 = and i1 %icmp_ln86_1162, i1 %icmp_ln86" [firmware/BDT.h:102]   --->   Operation 52 'and' 'and_ln102' <Predicate = true> <Delay = 0.97> <CoreInst = "LogicGate">   --->   Core 74 'LogicGate' <Latency = 0> <II = 1> <Delay = 0.97> <FuncUnit> <Opcode : 'and' 'or' 'xor'> <InPorts = 2> <OutPorts = 1>

State 2 <SV = 1> <Delay = 2.93>
ST_2 : Operation 53 [1/1] (0.00ns) (grouped into LUT with out node and_ln104)   --->   "%xor_ln104_559 = xor i1 %icmp_ln86_1162, i1 1" [firmware/BDT.h:104]   --->   Operation 53 'xor' 'xor_ln104_559' <Predicate = (icmp_ln86)> <Delay = 0.00> <CoreInst = "LogicGate">   --->   Core 74 'LogicGate' <Latency = 0> <II = 1> <Delay = 0.97> <FuncUnit> <Opcode : 'and' 'or' 'xor'> <InPorts = 2> <OutPorts = 1>
ST_2 : Operation 54 [1/1] (0.97ns) (out node of the LUT)   --->   "%and_ln104 = and i1 %icmp_ln86, i1 %xor_ln104_559" [firmware/BDT.h:104]   --->   Operation 54 'and' 'and_ln104' <Predicate = (icmp_ln86)> <Delay = 0.97> <CoreInst = "LogicGate">   --->   Core 74 'LogicGate' <Latency = 0> <II = 1> <Delay = 0.97> <FuncUnit> <Opcode : 'and' 'or' 'xor'> <InPorts = 2> <OutPorts = 1>
ST_2 : Operation 55 [1/1] (0.97ns)   --->   "%and_ln102_1124 = and i1 %icmp_ln86_1164, i1 %and_ln102" [firmware/BDT.h:102]   --->   Operation 55 'and' 'and_ln102_1124' <Predicate = (and_ln102 & icmp_ln86)> <Delay = 0.97> <CoreInst = "LogicGate">   --->   Core 74 'LogicGate' <Latency = 0> <II = 1> <Delay = 0.97> <FuncUnit> <Opcode : 'and' 'or' 'xor'> <InPorts = 2> <OutPorts = 1>
ST_2 : Operation 56 [1/1] (0.00ns) (grouped into LUT with out node and_ln104_226)   --->   "%xor_ln104_561 = xor i1 %icmp_ln86_1164, i1 1" [firmware/BDT.h:104]   --->   Operation 56 'xor' 'xor_ln104_561' <Predicate = (and_ln102 & icmp_ln86)> <Delay = 0.00> <CoreInst = "LogicGate">   --->   Core 74 'LogicGate' <Latency = 0> <II = 1> <Delay = 0.97> <FuncUnit> <Opcode : 'and' 'or' 'xor'> <InPorts = 2> <OutPorts = 1>
ST_2 : Operation 57 [1/1] (0.97ns) (out node of the LUT)   --->   "%and_ln104_226 = and i1 %and_ln102, i1 %xor_ln104_561" [firmware/BDT.h:104]   --->   Operation 57 'and' 'and_ln104_226' <Predicate = (and_ln102 & icmp_ln86)> <Delay = 0.97> <CoreInst = "LogicGate">   --->   Core 74 'LogicGate' <Latency = 0> <II = 1> <Delay = 0.97> <FuncUnit> <Opcode : 'and' 'or' 'xor'> <InPorts = 2> <OutPorts = 1>
ST_2 : Operation 58 [1/1] (0.97ns)   --->   "%and_ln102_1128 = and i1 %icmp_ln86_1168, i1 %and_ln102_1124" [firmware/BDT.h:102]   --->   Operation 58 'and' 'and_ln102_1128' <Predicate = (and_ln102 & icmp_ln86)> <Delay = 0.97> <CoreInst = "LogicGate">   --->   Core 74 'LogicGate' <Latency = 0> <II = 1> <Delay = 0.97> <FuncUnit> <Opcode : 'and' 'or' 'xor'> <InPorts = 2> <OutPorts = 1>
ST_2 : Operation 59 [1/1] (0.00ns) (grouped into LUT with out node or_ln117)   --->   "%xor_ln104_565 = xor i1 %icmp_ln86_1168, i1 1" [firmware/BDT.h:104]   --->   Operation 59 'xor' 'xor_ln104_565' <Predicate = (and_ln102 & icmp_ln86)> <Delay = 0.00> <CoreInst = "LogicGate">   --->   Core 74 'LogicGate' <Latency = 0> <II = 1> <Delay = 0.97> <FuncUnit> <Opcode : 'and' 'or' 'xor'> <InPorts = 2> <OutPorts = 1>
ST_2 : Operation 60 [1/1] (0.97ns)   --->   "%and_ln102_1129 = and i1 %icmp_ln86_1169, i1 %and_ln104_226" [firmware/BDT.h:102]   --->   Operation 60 'and' 'and_ln102_1129' <Predicate = (and_ln102 & icmp_ln86)> <Delay = 0.97> <CoreInst = "LogicGate">   --->   Core 74 'LogicGate' <Latency = 0> <II = 1> <Delay = 0.97> <FuncUnit> <Opcode : 'and' 'or' 'xor'> <InPorts = 2> <OutPorts = 1>
ST_2 : Operation 61 [1/1] (0.00ns) (grouped into LUT with out node or_ln117)   --->   "%and_ln102_1152 = and i1 %icmp_ln86_1177, i1 %xor_ln104_565" [firmware/BDT.h:102]   --->   Operation 61 'and' 'and_ln102_1152' <Predicate = (and_ln102 & icmp_ln86)> <Delay = 0.00> <CoreInst = "LogicGate">   --->   Core 74 'LogicGate' <Latency = 0> <II = 1> <Delay = 0.97> <FuncUnit> <Opcode : 'and' 'or' 'xor'> <InPorts = 2> <OutPorts = 1>
ST_2 : Operation 62 [1/1] (0.00ns) (grouped into LUT with out node or_ln117)   --->   "%and_ln102_1137 = and i1 %and_ln102_1152, i1 %and_ln102_1124" [firmware/BDT.h:102]   --->   Operation 62 'and' 'and_ln102_1137' <Predicate = (and_ln102 & icmp_ln86)> <Delay = 0.00> <CoreInst = "LogicGate">   --->   Core 74 'LogicGate' <Latency = 0> <II = 1> <Delay = 0.97> <FuncUnit> <Opcode : 'and' 'or' 'xor'> <InPorts = 2> <OutPorts = 1>
ST_2 : Operation 63 [1/1] (0.97ns) (out node of the LUT)   --->   "%or_ln117 = or i1 %and_ln102_1128, i1 %and_ln102_1137" [firmware/BDT.h:117]   --->   Operation 63 'or' 'or_ln117' <Predicate = (and_ln102 & icmp_ln86)> <Delay = 0.97> <CoreInst = "LogicGate">   --->   Core 74 'LogicGate' <Latency = 0> <II = 1> <Delay = 0.97> <FuncUnit> <Opcode : 'and' 'or' 'xor'> <InPorts = 2> <OutPorts = 1>

State 3 <SV = 2> <Delay = 2.99>
ST_3 : Operation 64 [1/1] (0.97ns)   --->   "%xor_ln104 = xor i1 %icmp_ln86, i1 1" [firmware/BDT.h:104]   --->   Operation 64 'xor' 'xor_ln104' <Predicate = true> <Delay = 0.97> <CoreInst = "LogicGate">   --->   Core 74 'LogicGate' <Latency = 0> <II = 1> <Delay = 0.97> <FuncUnit> <Opcode : 'and' 'or' 'xor'> <InPorts = 2> <OutPorts = 1>
ST_3 : Operation 65 [1/1] (0.97ns)   --->   "%and_ln102_1125 = and i1 %icmp_ln86_1165, i1 %and_ln104" [firmware/BDT.h:102]   --->   Operation 65 'and' 'and_ln102_1125' <Predicate = (icmp_ln86)> <Delay = 0.97> <CoreInst = "LogicGate">   --->   Core 74 'LogicGate' <Latency = 0> <II = 1> <Delay = 0.97> <FuncUnit> <Opcode : 'and' 'or' 'xor'> <InPorts = 2> <OutPorts = 1>
ST_3 : Operation 66 [1/1] (0.00ns) (grouped into LUT with out node and_ln104_227)   --->   "%xor_ln104_562 = xor i1 %icmp_ln86_1165, i1 1" [firmware/BDT.h:104]   --->   Operation 66 'xor' 'xor_ln104_562' <Predicate = (icmp_ln86)> <Delay = 0.00> <CoreInst = "LogicGate">   --->   Core 74 'LogicGate' <Latency = 0> <II = 1> <Delay = 0.97> <FuncUnit> <Opcode : 'and' 'or' 'xor'> <InPorts = 2> <OutPorts = 1>
ST_3 : Operation 67 [1/1] (0.97ns) (out node of the LUT)   --->   "%and_ln104_227 = and i1 %and_ln104, i1 %xor_ln104_562" [firmware/BDT.h:104]   --->   Operation 67 'and' 'and_ln104_227' <Predicate = (icmp_ln86)> <Delay = 0.97> <CoreInst = "LogicGate">   --->   Core 74 'LogicGate' <Latency = 0> <II = 1> <Delay = 0.97> <FuncUnit> <Opcode : 'and' 'or' 'xor'> <InPorts = 2> <OutPorts = 1>
ST_3 : Operation 68 [1/1] (0.00ns) (grouped into LUT with out node select_ln117_1132)   --->   "%xor_ln104_566 = xor i1 %icmp_ln86_1169, i1 1" [firmware/BDT.h:104]   --->   Operation 68 'xor' 'xor_ln104_566' <Predicate = (and_ln102 & icmp_ln86)> <Delay = 0.00> <CoreInst = "LogicGate">   --->   Core 74 'LogicGate' <Latency = 0> <II = 1> <Delay = 0.97> <FuncUnit> <Opcode : 'and' 'or' 'xor'> <InPorts = 2> <OutPorts = 1>
ST_3 : Operation 69 [1/1] (0.97ns)   --->   "%and_ln102_1130 = and i1 %icmp_ln86_1170, i1 %and_ln102_1125" [firmware/BDT.h:102]   --->   Operation 69 'and' 'and_ln102_1130' <Predicate = (icmp_ln86)> <Delay = 0.97> <CoreInst = "LogicGate">   --->   Core 74 'LogicGate' <Latency = 0> <II = 1> <Delay = 0.97> <FuncUnit> <Opcode : 'and' 'or' 'xor'> <InPorts = 2> <OutPorts = 1>
ST_3 : Operation 70 [1/1] (0.00ns) (grouped into LUT with out node select_ln117_1128)   --->   "%and_ln102_1136 = and i1 %icmp_ln86_1176, i1 %and_ln102_1128" [firmware/BDT.h:102]   --->   Operation 70 'and' 'and_ln102_1136' <Predicate = (and_ln102_1128 & and_ln102_1124 & and_ln102 & icmp_ln86 & or_ln117)> <Delay = 0.00> <CoreInst = "LogicGate">   --->   Core 74 'LogicGate' <Latency = 0> <II = 1> <Delay = 0.97> <FuncUnit> <Opcode : 'and' 'or' 'xor'> <InPorts = 2> <OutPorts = 1>
ST_3 : Operation 71 [1/1] (0.00ns) (grouped into LUT with out node select_ln117_1130)   --->   "%and_ln102_1138 = and i1 %icmp_ln86_1178, i1 %and_ln102_1129" [firmware/BDT.h:102]   --->   Operation 71 'and' 'and_ln102_1138' <Predicate = (and_ln102 & icmp_ln86)> <Delay = 0.00> <CoreInst = "LogicGate">   --->   Core 74 'LogicGate' <Latency = 0> <II = 1> <Delay = 0.97> <FuncUnit> <Opcode : 'and' 'or' 'xor'> <InPorts = 2> <OutPorts = 1>
ST_3 : Operation 72 [1/1] (0.00ns) (grouped into LUT with out node select_ln117_1132)   --->   "%and_ln102_1153 = and i1 %icmp_ln86_1179, i1 %xor_ln104_566" [firmware/BDT.h:102]   --->   Operation 72 'and' 'and_ln102_1153' <Predicate = (and_ln102 & icmp_ln86)> <Delay = 0.00> <CoreInst = "LogicGate">   --->   Core 74 'LogicGate' <Latency = 0> <II = 1> <Delay = 0.97> <FuncUnit> <Opcode : 'and' 'or' 'xor'> <InPorts = 2> <OutPorts = 1>
ST_3 : Operation 73 [1/1] (0.00ns) (grouped into LUT with out node select_ln117_1132)   --->   "%and_ln102_1139 = and i1 %and_ln102_1153, i1 %and_ln104_226" [firmware/BDT.h:102]   --->   Operation 73 'and' 'and_ln102_1139' <Predicate = (and_ln102 & icmp_ln86)> <Delay = 0.00> <CoreInst = "LogicGate">   --->   Core 74 'LogicGate' <Latency = 0> <II = 1> <Delay = 0.97> <FuncUnit> <Opcode : 'and' 'or' 'xor'> <InPorts = 2> <OutPorts = 1>
ST_3 : Operation 74 [1/1] (0.00ns) (grouped into LUT with out node select_ln117_1128)   --->   "%xor_ln117 = xor i1 %and_ln102_1136, i1 1" [firmware/BDT.h:117]   --->   Operation 74 'xor' 'xor_ln117' <Predicate = (and_ln102_1128 & and_ln102_1124 & and_ln102 & icmp_ln86 & or_ln117)> <Delay = 0.00> <CoreInst = "LogicGate">   --->   Core 74 'LogicGate' <Latency = 0> <II = 1> <Delay = 0.97> <FuncUnit> <Opcode : 'and' 'or' 'xor'> <InPorts = 2> <OutPorts = 1>
ST_3 : Operation 75 [1/1] (0.00ns) (grouped into LUT with out node select_ln117_1128)   --->   "%zext_ln117 = zext i1 %xor_ln117" [firmware/BDT.h:117]   --->   Operation 75 'zext' 'zext_ln117' <Predicate = (and_ln102_1128 & and_ln102_1124 & and_ln102 & icmp_ln86 & or_ln117)> <Delay = 0.00>
ST_3 : Operation 76 [1/1] (0.00ns) (grouped into LUT with out node select_ln117_1128)   --->   "%select_ln117 = select i1 %and_ln102_1128, i2 %zext_ln117, i2 2" [firmware/BDT.h:117]   --->   Operation 76 'select' 'select_ln117' <Predicate = (and_ln102_1124 & and_ln102 & icmp_ln86 & or_ln117)> <Delay = 0.00> <CoreInst = "Sel">   --->   Core 73 'Sel' <Latency = 0> <II = 1> <Delay = 0.99> <FuncUnit> <Opcode : 'select'> <InPorts = 3> <OutPorts = 1>
ST_3 : Operation 77 [1/1] (0.00ns) (grouped into LUT with out node select_ln117_1128)   --->   "%select_ln117_1127 = select i1 %or_ln117, i2 %select_ln117, i2 3" [firmware/BDT.h:117]   --->   Operation 77 'select' 'select_ln117_1127' <Predicate = (and_ln102_1124 & and_ln102 & icmp_ln86)> <Delay = 0.00> <CoreInst = "Sel">   --->   Core 73 'Sel' <Latency = 0> <II = 1> <Delay = 0.99> <FuncUnit> <Opcode : 'select'> <InPorts = 3> <OutPorts = 1>
ST_3 : Operation 78 [1/1] (0.00ns) (grouped into LUT with out node select_ln117_1128)   --->   "%zext_ln117_124 = zext i2 %select_ln117_1127" [firmware/BDT.h:117]   --->   Operation 78 'zext' 'zext_ln117_124' <Predicate = (and_ln102_1124 & and_ln102 & icmp_ln86)> <Delay = 0.00>
ST_3 : Operation 79 [1/1] (0.00ns) (grouped into LUT with out node select_ln117_1130)   --->   "%or_ln117_1056 = or i1 %and_ln102_1124, i1 %and_ln102_1138" [firmware/BDT.h:117]   --->   Operation 79 'or' 'or_ln117_1056' <Predicate = (and_ln102 & icmp_ln86)> <Delay = 0.00> <CoreInst = "LogicGate">   --->   Core 74 'LogicGate' <Latency = 0> <II = 1> <Delay = 0.97> <FuncUnit> <Opcode : 'and' 'or' 'xor'> <InPorts = 2> <OutPorts = 1>
ST_3 : Operation 80 [1/1] (0.99ns) (out node of the LUT)   --->   "%select_ln117_1128 = select i1 %and_ln102_1124, i3 %zext_ln117_124, i3 4" [firmware/BDT.h:117]   --->   Operation 80 'select' 'select_ln117_1128' <Predicate = (and_ln102 & icmp_ln86)> <Delay = 0.99> <CoreInst = "Sel">   --->   Core 73 'Sel' <Latency = 0> <II = 1> <Delay = 0.98> <FuncUnit> <Opcode : 'select'> <InPorts = 3> <OutPorts = 1>
ST_3 : Operation 81 [1/1] (0.97ns)   --->   "%or_ln117_1057 = or i1 %and_ln102_1124, i1 %and_ln102_1129" [firmware/BDT.h:117]   --->   Operation 81 'or' 'or_ln117_1057' <Predicate = (and_ln102 & icmp_ln86)> <Delay = 0.97> <CoreInst = "LogicGate">   --->   Core 74 'LogicGate' <Latency = 0> <II = 1> <Delay = 0.97> <FuncUnit> <Opcode : 'and' 'or' 'xor'> <InPorts = 2> <OutPorts = 1>
ST_3 : Operation 82 [1/1] (0.00ns) (grouped into LUT with out node select_ln117_1130)   --->   "%select_ln117_1129 = select i1 %or_ln117_1056, i3 %select_ln117_1128, i3 5" [firmware/BDT.h:117]   --->   Operation 82 'select' 'select_ln117_1129' <Predicate = (and_ln102 & icmp_ln86)> <Delay = 0.00> <CoreInst = "Sel">   --->   Core 73 'Sel' <Latency = 0> <II = 1> <Delay = 0.98> <FuncUnit> <Opcode : 'select'> <InPorts = 3> <OutPorts = 1>
ST_3 : Operation 83 [1/1] (0.00ns) (grouped into LUT with out node select_ln117_1132)   --->   "%or_ln117_1058 = or i1 %or_ln117_1057, i1 %and_ln102_1139" [firmware/BDT.h:117]   --->   Operation 83 'or' 'or_ln117_1058' <Predicate = (and_ln102 & icmp_ln86)> <Delay = 0.00> <CoreInst = "LogicGate">   --->   Core 74 'LogicGate' <Latency = 0> <II = 1> <Delay = 0.97> <FuncUnit> <Opcode : 'and' 'or' 'xor'> <InPorts = 2> <OutPorts = 1>
ST_3 : Operation 84 [1/1] (0.98ns) (out node of the LUT)   --->   "%select_ln117_1130 = select i1 %or_ln117_1057, i3 %select_ln117_1129, i3 6" [firmware/BDT.h:117]   --->   Operation 84 'select' 'select_ln117_1130' <Predicate = (and_ln102 & icmp_ln86)> <Delay = 0.98> <CoreInst = "Sel">   --->   Core 73 'Sel' <Latency = 0> <II = 1> <Delay = 0.98> <FuncUnit> <Opcode : 'select'> <InPorts = 3> <OutPorts = 1>
ST_3 : Operation 85 [1/1] (0.00ns) (grouped into LUT with out node select_ln117_1132)   --->   "%select_ln117_1131 = select i1 %or_ln117_1058, i3 %select_ln117_1130, i3 7" [firmware/BDT.h:117]   --->   Operation 85 'select' 'select_ln117_1131' <Predicate = (and_ln102 & icmp_ln86)> <Delay = 0.00> <CoreInst = "Sel">   --->   Core 73 'Sel' <Latency = 0> <II = 1> <Delay = 0.98> <FuncUnit> <Opcode : 'select'> <InPorts = 3> <OutPorts = 1>
ST_3 : Operation 86 [1/1] (0.00ns) (grouped into LUT with out node select_ln117_1132)   --->   "%zext_ln117_125 = zext i3 %select_ln117_1131" [firmware/BDT.h:117]   --->   Operation 86 'zext' 'zext_ln117_125' <Predicate = (and_ln102 & icmp_ln86)> <Delay = 0.00>
ST_3 : Operation 87 [1/1] (1.02ns) (out node of the LUT)   --->   "%select_ln117_1132 = select i1 %and_ln102, i4 %zext_ln117_125, i4 8" [firmware/BDT.h:117]   --->   Operation 87 'select' 'select_ln117_1132' <Predicate = (icmp_ln86)> <Delay = 1.02> <CoreInst = "Sel">   --->   Core 73 'Sel' <Latency = 0> <II = 1> <Delay = 1.02> <FuncUnit> <Opcode : 'select'> <InPorts = 3> <OutPorts = 1>
ST_3 : Operation 88 [1/1] (0.97ns)   --->   "%or_ln117_1060 = or i1 %and_ln102, i1 %and_ln102_1130" [firmware/BDT.h:117]   --->   Operation 88 'or' 'or_ln117_1060' <Predicate = (icmp_ln86)> <Delay = 0.97> <CoreInst = "LogicGate">   --->   Core 74 'LogicGate' <Latency = 0> <II = 1> <Delay = 0.97> <FuncUnit> <Opcode : 'and' 'or' 'xor'> <InPorts = 2> <OutPorts = 1>

State 4 <SV = 3> <Delay = 3.07>
ST_4 : Operation 89 [1/1] (0.97ns)   --->   "%and_ln102_1123 = and i1 %icmp_ln86_1163, i1 %xor_ln104" [firmware/BDT.h:102]   --->   Operation 89 'and' 'and_ln102_1123' <Predicate = true> <Delay = 0.97> <CoreInst = "LogicGate">   --->   Core 74 'LogicGate' <Latency = 0> <II = 1> <Delay = 0.97> <FuncUnit> <Opcode : 'and' 'or' 'xor'> <InPorts = 2> <OutPorts = 1>
ST_4 : Operation 90 [1/1] (0.00ns) (grouped into LUT with out node and_ln104_225)   --->   "%xor_ln104_560 = xor i1 %icmp_ln86_1163, i1 1" [firmware/BDT.h:104]   --->   Operation 90 'xor' 'xor_ln104_560' <Predicate = true> <Delay = 0.00> <CoreInst = "LogicGate">   --->   Core 74 'LogicGate' <Latency = 0> <II = 1> <Delay = 0.97> <FuncUnit> <Opcode : 'and' 'or' 'xor'> <InPorts = 2> <OutPorts = 1>
ST_4 : Operation 91 [1/1] (0.97ns) (out node of the LUT)   --->   "%and_ln104_225 = and i1 %xor_ln104_560, i1 %xor_ln104" [firmware/BDT.h:104]   --->   Operation 91 'and' 'and_ln104_225' <Predicate = true> <Delay = 0.97> <CoreInst = "LogicGate">   --->   Core 74 'LogicGate' <Latency = 0> <II = 1> <Delay = 0.97> <FuncUnit> <Opcode : 'and' 'or' 'xor'> <InPorts = 2> <OutPorts = 1>
ST_4 : Operation 92 [1/1] (0.97ns)   --->   "%and_ln102_1126 = and i1 %icmp_ln86_1166, i1 %and_ln102_1123" [firmware/BDT.h:102]   --->   Operation 92 'and' 'and_ln102_1126' <Predicate = true> <Delay = 0.97> <CoreInst = "LogicGate">   --->   Core 74 'LogicGate' <Latency = 0> <II = 1> <Delay = 0.97> <FuncUnit> <Opcode : 'and' 'or' 'xor'> <InPorts = 2> <OutPorts = 1>
ST_4 : Operation 93 [1/1] (0.00ns) (grouped into LUT with out node select_ln117_1136)   --->   "%xor_ln104_567 = xor i1 %icmp_ln86_1170, i1 1" [firmware/BDT.h:104]   --->   Operation 93 'xor' 'xor_ln104_567' <Predicate = (icmp_ln86)> <Delay = 0.00> <CoreInst = "LogicGate">   --->   Core 74 'LogicGate' <Latency = 0> <II = 1> <Delay = 0.97> <FuncUnit> <Opcode : 'and' 'or' 'xor'> <InPorts = 2> <OutPorts = 1>
ST_4 : Operation 94 [1/1] (0.97ns)   --->   "%and_ln102_1131 = and i1 %icmp_ln86_1171, i1 %and_ln104_227" [firmware/BDT.h:102]   --->   Operation 94 'and' 'and_ln102_1131' <Predicate = (icmp_ln86)> <Delay = 0.97> <CoreInst = "LogicGate">   --->   Core 74 'LogicGate' <Latency = 0> <II = 1> <Delay = 0.97> <FuncUnit> <Opcode : 'and' 'or' 'xor'> <InPorts = 2> <OutPorts = 1>
ST_4 : Operation 95 [1/1] (0.97ns)   --->   "%and_ln102_1132 = and i1 %icmp_ln86_1172, i1 %and_ln102_1126" [firmware/BDT.h:102]   --->   Operation 95 'and' 'and_ln102_1132' <Predicate = true> <Delay = 0.97> <CoreInst = "LogicGate">   --->   Core 74 'LogicGate' <Latency = 0> <II = 1> <Delay = 0.97> <FuncUnit> <Opcode : 'and' 'or' 'xor'> <InPorts = 2> <OutPorts = 1>
ST_4 : Operation 96 [1/1] (0.00ns) (grouped into LUT with out node select_ln117_1134)   --->   "%and_ln102_1140 = and i1 %icmp_ln86_1180, i1 %and_ln102_1130" [firmware/BDT.h:102]   --->   Operation 96 'and' 'and_ln102_1140' <Predicate = (icmp_ln86 & or_ln117_1060)> <Delay = 0.00> <CoreInst = "LogicGate">   --->   Core 74 'LogicGate' <Latency = 0> <II = 1> <Delay = 0.97> <FuncUnit> <Opcode : 'and' 'or' 'xor'> <InPorts = 2> <OutPorts = 1>
ST_4 : Operation 97 [1/1] (0.00ns) (grouped into LUT with out node select_ln117_1136)   --->   "%and_ln102_1154 = and i1 %icmp_ln86_1181, i1 %xor_ln104_567" [firmware/BDT.h:102]   --->   Operation 97 'and' 'and_ln102_1154' <Predicate = (icmp_ln86)> <Delay = 0.00> <CoreInst = "LogicGate">   --->   Core 74 'LogicGate' <Latency = 0> <II = 1> <Delay = 0.97> <FuncUnit> <Opcode : 'and' 'or' 'xor'> <InPorts = 2> <OutPorts = 1>
ST_4 : Operation 98 [1/1] (0.00ns) (grouped into LUT with out node select_ln117_1136)   --->   "%and_ln102_1141 = and i1 %and_ln102_1154, i1 %and_ln102_1125" [firmware/BDT.h:102]   --->   Operation 98 'and' 'and_ln102_1141' <Predicate = (icmp_ln86)> <Delay = 0.00> <CoreInst = "LogicGate">   --->   Core 74 'LogicGate' <Latency = 0> <II = 1> <Delay = 0.97> <FuncUnit> <Opcode : 'and' 'or' 'xor'> <InPorts = 2> <OutPorts = 1>
ST_4 : Operation 99 [1/1] (0.00ns) (grouped into LUT with out node select_ln117_1138)   --->   "%and_ln102_1142 = and i1 %icmp_ln86_1182, i1 %and_ln102_1131" [firmware/BDT.h:102]   --->   Operation 99 'and' 'and_ln102_1142' <Predicate = (icmp_ln86)> <Delay = 0.00> <CoreInst = "LogicGate">   --->   Core 74 'LogicGate' <Latency = 0> <II = 1> <Delay = 0.97> <FuncUnit> <Opcode : 'and' 'or' 'xor'> <InPorts = 2> <OutPorts = 1>
ST_4 : Operation 100 [1/1] (0.00ns) (grouped into LUT with out node select_ln117_1134)   --->   "%or_ln117_1059 = or i1 %and_ln102, i1 %and_ln102_1140" [firmware/BDT.h:117]   --->   Operation 100 'or' 'or_ln117_1059' <Predicate = (icmp_ln86 & or_ln117_1060)> <Delay = 0.00> <CoreInst = "LogicGate">   --->   Core 74 'LogicGate' <Latency = 0> <II = 1> <Delay = 0.97> <FuncUnit> <Opcode : 'and' 'or' 'xor'> <InPorts = 2> <OutPorts = 1>
ST_4 : Operation 101 [1/1] (0.00ns) (grouped into LUT with out node select_ln117_1134)   --->   "%select_ln117_1133 = select i1 %or_ln117_1059, i4 %select_ln117_1132, i4 9" [firmware/BDT.h:117]   --->   Operation 101 'select' 'select_ln117_1133' <Predicate = (icmp_ln86 & or_ln117_1060)> <Delay = 0.00> <CoreInst = "Sel">   --->   Core 73 'Sel' <Latency = 0> <II = 1> <Delay = 1.02> <FuncUnit> <Opcode : 'select'> <InPorts = 3> <OutPorts = 1>
ST_4 : Operation 102 [1/1] (0.00ns) (grouped into LUT with out node select_ln117_1136)   --->   "%or_ln117_1061 = or i1 %or_ln117_1060, i1 %and_ln102_1141" [firmware/BDT.h:117]   --->   Operation 102 'or' 'or_ln117_1061' <Predicate = (icmp_ln86)> <Delay = 0.00> <CoreInst = "LogicGate">   --->   Core 74 'LogicGate' <Latency = 0> <II = 1> <Delay = 0.97> <FuncUnit> <Opcode : 'and' 'or' 'xor'> <InPorts = 2> <OutPorts = 1>
ST_4 : Operation 103 [1/1] (1.02ns) (out node of the LUT)   --->   "%select_ln117_1134 = select i1 %or_ln117_1060, i4 %select_ln117_1133, i4 10" [firmware/BDT.h:117]   --->   Operation 103 'select' 'select_ln117_1134' <Predicate = (icmp_ln86)> <Delay = 1.02> <CoreInst = "Sel">   --->   Core 73 'Sel' <Latency = 0> <II = 1> <Delay = 1.02> <FuncUnit> <Opcode : 'select'> <InPorts = 3> <OutPorts = 1>
ST_4 : Operation 104 [1/1] (0.97ns)   --->   "%or_ln117_1062 = or i1 %and_ln102, i1 %and_ln102_1125" [firmware/BDT.h:117]   --->   Operation 104 'or' 'or_ln117_1062' <Predicate = (icmp_ln86)> <Delay = 0.97> <CoreInst = "LogicGate">   --->   Core 74 'LogicGate' <Latency = 0> <II = 1> <Delay = 0.97> <FuncUnit> <Opcode : 'and' 'or' 'xor'> <InPorts = 2> <OutPorts = 1>
ST_4 : Operation 105 [1/1] (0.00ns) (grouped into LUT with out node select_ln117_1136)   --->   "%select_ln117_1135 = select i1 %or_ln117_1061, i4 %select_ln117_1134, i4 11" [firmware/BDT.h:117]   --->   Operation 105 'select' 'select_ln117_1135' <Predicate = (icmp_ln86)> <Delay = 0.00> <CoreInst = "Sel">   --->   Core 73 'Sel' <Latency = 0> <II = 1> <Delay = 1.02> <FuncUnit> <Opcode : 'select'> <InPorts = 3> <OutPorts = 1>
ST_4 : Operation 106 [1/1] (0.00ns) (grouped into LUT with out node select_ln117_1138)   --->   "%or_ln117_1063 = or i1 %or_ln117_1062, i1 %and_ln102_1142" [firmware/BDT.h:117]   --->   Operation 106 'or' 'or_ln117_1063' <Predicate = (icmp_ln86)> <Delay = 0.00> <CoreInst = "LogicGate">   --->   Core 74 'LogicGate' <Latency = 0> <II = 1> <Delay = 0.97> <FuncUnit> <Opcode : 'and' 'or' 'xor'> <InPorts = 2> <OutPorts = 1>
ST_4 : Operation 107 [1/1] (1.02ns) (out node of the LUT)   --->   "%select_ln117_1136 = select i1 %or_ln117_1062, i4 %select_ln117_1135, i4 12" [firmware/BDT.h:117]   --->   Operation 107 'select' 'select_ln117_1136' <Predicate = (icmp_ln86)> <Delay = 1.02> <CoreInst = "Sel">   --->   Core 73 'Sel' <Latency = 0> <II = 1> <Delay = 1.02> <FuncUnit> <Opcode : 'select'> <InPorts = 3> <OutPorts = 1>
ST_4 : Operation 108 [1/1] (0.97ns)   --->   "%or_ln117_1064 = or i1 %or_ln117_1062, i1 %and_ln102_1131" [firmware/BDT.h:117]   --->   Operation 108 'or' 'or_ln117_1064' <Predicate = (icmp_ln86)> <Delay = 0.97> <CoreInst = "LogicGate">   --->   Core 74 'LogicGate' <Latency = 0> <II = 1> <Delay = 0.97> <FuncUnit> <Opcode : 'and' 'or' 'xor'> <InPorts = 2> <OutPorts = 1>
ST_4 : Operation 109 [1/1] (0.00ns) (grouped into LUT with out node select_ln117_1138)   --->   "%select_ln117_1137 = select i1 %or_ln117_1063, i4 %select_ln117_1136, i4 13" [firmware/BDT.h:117]   --->   Operation 109 'select' 'select_ln117_1137' <Predicate = (icmp_ln86)> <Delay = 0.00> <CoreInst = "Sel">   --->   Core 73 'Sel' <Latency = 0> <II = 1> <Delay = 1.02> <FuncUnit> <Opcode : 'select'> <InPorts = 3> <OutPorts = 1>
ST_4 : Operation 110 [1/1] (1.02ns) (out node of the LUT)   --->   "%select_ln117_1138 = select i1 %or_ln117_1064, i4 %select_ln117_1137, i4 14" [firmware/BDT.h:117]   --->   Operation 110 'select' 'select_ln117_1138' <Predicate = (icmp_ln86)> <Delay = 1.02> <CoreInst = "Sel">   --->   Core 73 'Sel' <Latency = 0> <II = 1> <Delay = 1.02> <FuncUnit> <Opcode : 'select'> <InPorts = 3> <OutPorts = 1>

State 5 <SV = 4> <Delay = 3.64>
ST_5 : Operation 111 [1/1] (0.00ns) (grouped into LUT with out node and_ln104_228)   --->   "%xor_ln104_563 = xor i1 %icmp_ln86_1166, i1 1" [firmware/BDT.h:104]   --->   Operation 111 'xor' 'xor_ln104_563' <Predicate = true> <Delay = 0.00> <CoreInst = "LogicGate">   --->   Core 74 'LogicGate' <Latency = 0> <II = 1> <Delay = 0.97> <FuncUnit> <Opcode : 'and' 'or' 'xor'> <InPorts = 2> <OutPorts = 1>
ST_5 : Operation 112 [1/1] (0.97ns) (out node of the LUT)   --->   "%and_ln104_228 = and i1 %and_ln102_1123, i1 %xor_ln104_563" [firmware/BDT.h:104]   --->   Operation 112 'and' 'and_ln104_228' <Predicate = true> <Delay = 0.97> <CoreInst = "LogicGate">   --->   Core 74 'LogicGate' <Latency = 0> <II = 1> <Delay = 0.97> <FuncUnit> <Opcode : 'and' 'or' 'xor'> <InPorts = 2> <OutPorts = 1>
ST_5 : Operation 113 [1/1] (0.97ns)   --->   "%and_ln102_1127 = and i1 %icmp_ln86_1167, i1 %and_ln104_225" [firmware/BDT.h:102]   --->   Operation 113 'and' 'and_ln102_1127' <Predicate = true> <Delay = 0.97> <CoreInst = "LogicGate">   --->   Core 74 'LogicGate' <Latency = 0> <II = 1> <Delay = 0.97> <FuncUnit> <Opcode : 'and' 'or' 'xor'> <InPorts = 2> <OutPorts = 1>
ST_5 : Operation 114 [1/1] (0.00ns) (grouped into LUT with out node and_ln104_229)   --->   "%xor_ln104_564 = xor i1 %icmp_ln86_1167, i1 1" [firmware/BDT.h:104]   --->   Operation 114 'xor' 'xor_ln104_564' <Predicate = true> <Delay = 0.00> <CoreInst = "LogicGate">   --->   Core 74 'LogicGate' <Latency = 0> <II = 1> <Delay = 0.97> <FuncUnit> <Opcode : 'and' 'or' 'xor'> <InPorts = 2> <OutPorts = 1>
ST_5 : Operation 115 [1/1] (0.97ns) (out node of the LUT)   --->   "%and_ln104_229 = and i1 %and_ln104_225, i1 %xor_ln104_564" [firmware/BDT.h:104]   --->   Operation 115 'and' 'and_ln104_229' <Predicate = true> <Delay = 0.97> <CoreInst = "LogicGate">   --->   Core 74 'LogicGate' <Latency = 0> <II = 1> <Delay = 0.97> <FuncUnit> <Opcode : 'and' 'or' 'xor'> <InPorts = 2> <OutPorts = 1>
ST_5 : Operation 116 [1/1] (0.00ns) (grouped into LUT with out node select_ln117_1140)   --->   "%xor_ln104_568 = xor i1 %icmp_ln86_1171, i1 1" [firmware/BDT.h:104]   --->   Operation 116 'xor' 'xor_ln104_568' <Predicate = (icmp_ln86)> <Delay = 0.00> <CoreInst = "LogicGate">   --->   Core 74 'LogicGate' <Latency = 0> <II = 1> <Delay = 0.97> <FuncUnit> <Opcode : 'and' 'or' 'xor'> <InPorts = 2> <OutPorts = 1>
ST_5 : Operation 117 [1/1] (0.00ns) (grouped into LUT with out node select_ln117_1144)   --->   "%xor_ln104_569 = xor i1 %icmp_ln86_1172, i1 1" [firmware/BDT.h:104]   --->   Operation 117 'xor' 'xor_ln104_569' <Predicate = true> <Delay = 0.00> <CoreInst = "LogicGate">   --->   Core 74 'LogicGate' <Latency = 0> <II = 1> <Delay = 0.97> <FuncUnit> <Opcode : 'and' 'or' 'xor'> <InPorts = 2> <OutPorts = 1>
ST_5 : Operation 118 [1/1] (0.97ns)   --->   "%and_ln102_1133 = and i1 %icmp_ln86_1173, i1 %and_ln104_228" [firmware/BDT.h:102]   --->   Operation 118 'and' 'and_ln102_1133' <Predicate = true> <Delay = 0.97> <CoreInst = "LogicGate">   --->   Core 74 'LogicGate' <Latency = 0> <II = 1> <Delay = 0.97> <FuncUnit> <Opcode : 'and' 'or' 'xor'> <InPorts = 2> <OutPorts = 1>
ST_5 : Operation 119 [1/1] (0.00ns) (grouped into LUT with out node select_ln117_1140)   --->   "%and_ln102_1155 = and i1 %icmp_ln86_1183, i1 %xor_ln104_568" [firmware/BDT.h:102]   --->   Operation 119 'and' 'and_ln102_1155' <Predicate = (icmp_ln86)> <Delay = 0.00> <CoreInst = "LogicGate">   --->   Core 74 'LogicGate' <Latency = 0> <II = 1> <Delay = 0.97> <FuncUnit> <Opcode : 'and' 'or' 'xor'> <InPorts = 2> <OutPorts = 1>
ST_5 : Operation 120 [1/1] (0.00ns) (grouped into LUT with out node select_ln117_1140)   --->   "%and_ln102_1143 = and i1 %and_ln102_1155, i1 %and_ln104_227" [firmware/BDT.h:102]   --->   Operation 120 'and' 'and_ln102_1143' <Predicate = (icmp_ln86)> <Delay = 0.00> <CoreInst = "LogicGate">   --->   Core 74 'LogicGate' <Latency = 0> <II = 1> <Delay = 0.97> <FuncUnit> <Opcode : 'and' 'or' 'xor'> <InPorts = 2> <OutPorts = 1>
ST_5 : Operation 121 [1/1] (0.00ns) (grouped into LUT with out node select_ln117_1142)   --->   "%and_ln102_1144 = and i1 %icmp_ln86_1184, i1 %and_ln102_1132" [firmware/BDT.h:102]   --->   Operation 121 'and' 'and_ln102_1144' <Predicate = true> <Delay = 0.00> <CoreInst = "LogicGate">   --->   Core 74 'LogicGate' <Latency = 0> <II = 1> <Delay = 0.97> <FuncUnit> <Opcode : 'and' 'or' 'xor'> <InPorts = 2> <OutPorts = 1>
ST_5 : Operation 122 [1/1] (0.00ns) (grouped into LUT with out node select_ln117_1144)   --->   "%and_ln102_1156 = and i1 %icmp_ln86_1185, i1 %xor_ln104_569" [firmware/BDT.h:102]   --->   Operation 122 'and' 'and_ln102_1156' <Predicate = true> <Delay = 0.00> <CoreInst = "LogicGate">   --->   Core 74 'LogicGate' <Latency = 0> <II = 1> <Delay = 0.97> <FuncUnit> <Opcode : 'and' 'or' 'xor'> <InPorts = 2> <OutPorts = 1>
ST_5 : Operation 123 [1/1] (0.00ns) (grouped into LUT with out node select_ln117_1144)   --->   "%and_ln102_1145 = and i1 %and_ln102_1156, i1 %and_ln102_1126" [firmware/BDT.h:102]   --->   Operation 123 'and' 'and_ln102_1145' <Predicate = true> <Delay = 0.00> <CoreInst = "LogicGate">   --->   Core 74 'LogicGate' <Latency = 0> <II = 1> <Delay = 0.97> <FuncUnit> <Opcode : 'and' 'or' 'xor'> <InPorts = 2> <OutPorts = 1>
ST_5 : Operation 124 [1/1] (0.00ns) (grouped into LUT with out node select_ln117_1140)   --->   "%or_ln117_1065 = or i1 %or_ln117_1064, i1 %and_ln102_1143" [firmware/BDT.h:117]   --->   Operation 124 'or' 'or_ln117_1065' <Predicate = (icmp_ln86)> <Delay = 0.00> <CoreInst = "LogicGate">   --->   Core 74 'LogicGate' <Latency = 0> <II = 1> <Delay = 0.97> <FuncUnit> <Opcode : 'and' 'or' 'xor'> <InPorts = 2> <OutPorts = 1>
ST_5 : Operation 125 [1/1] (0.00ns) (grouped into LUT with out node select_ln117_1140)   --->   "%select_ln117_1139 = select i1 %or_ln117_1065, i4 %select_ln117_1138, i4 15" [firmware/BDT.h:117]   --->   Operation 125 'select' 'select_ln117_1139' <Predicate = (icmp_ln86)> <Delay = 0.00> <CoreInst = "Sel">   --->   Core 73 'Sel' <Latency = 0> <II = 1> <Delay = 1.02> <FuncUnit> <Opcode : 'select'> <InPorts = 3> <OutPorts = 1>
ST_5 : Operation 126 [1/1] (0.00ns) (grouped into LUT with out node select_ln117_1140)   --->   "%zext_ln117_126 = zext i4 %select_ln117_1139" [firmware/BDT.h:117]   --->   Operation 126 'zext' 'zext_ln117_126' <Predicate = (icmp_ln86)> <Delay = 0.00>
ST_5 : Operation 127 [1/1] (0.00ns) (grouped into LUT with out node select_ln117_1142)   --->   "%or_ln117_1066 = or i1 %icmp_ln86, i1 %and_ln102_1144" [firmware/BDT.h:117]   --->   Operation 127 'or' 'or_ln117_1066' <Predicate = true> <Delay = 0.00> <CoreInst = "LogicGate">   --->   Core 74 'LogicGate' <Latency = 0> <II = 1> <Delay = 0.97> <FuncUnit> <Opcode : 'and' 'or' 'xor'> <InPorts = 2> <OutPorts = 1>
ST_5 : Operation 128 [1/1] (1.21ns) (out node of the LUT)   --->   "%select_ln117_1140 = select i1 %icmp_ln86, i5 %zext_ln117_126, i5 16" [firmware/BDT.h:117]   --->   Operation 128 'select' 'select_ln117_1140' <Predicate = true> <Delay = 1.21> <CoreInst = "Sel">   --->   Core 73 'Sel' <Latency = 0> <II = 1> <Delay = 1.21> <FuncUnit> <Opcode : 'select'> <InPorts = 3> <OutPorts = 1>
ST_5 : Operation 129 [1/1] (0.97ns)   --->   "%or_ln117_1067 = or i1 %icmp_ln86, i1 %and_ln102_1132" [firmware/BDT.h:117]   --->   Operation 129 'or' 'or_ln117_1067' <Predicate = true> <Delay = 0.97> <CoreInst = "LogicGate">   --->   Core 74 'LogicGate' <Latency = 0> <II = 1> <Delay = 0.97> <FuncUnit> <Opcode : 'and' 'or' 'xor'> <InPorts = 2> <OutPorts = 1>
ST_5 : Operation 130 [1/1] (0.00ns) (grouped into LUT with out node select_ln117_1142)   --->   "%select_ln117_1141 = select i1 %or_ln117_1066, i5 %select_ln117_1140, i5 17" [firmware/BDT.h:117]   --->   Operation 130 'select' 'select_ln117_1141' <Predicate = true> <Delay = 0.00> <CoreInst = "Sel">   --->   Core 73 'Sel' <Latency = 0> <II = 1> <Delay = 1.21> <FuncUnit> <Opcode : 'select'> <InPorts = 3> <OutPorts = 1>
ST_5 : Operation 131 [1/1] (0.00ns) (grouped into LUT with out node select_ln117_1144)   --->   "%or_ln117_1068 = or i1 %or_ln117_1067, i1 %and_ln102_1145" [firmware/BDT.h:117]   --->   Operation 131 'or' 'or_ln117_1068' <Predicate = true> <Delay = 0.00> <CoreInst = "LogicGate">   --->   Core 74 'LogicGate' <Latency = 0> <II = 1> <Delay = 0.97> <FuncUnit> <Opcode : 'and' 'or' 'xor'> <InPorts = 2> <OutPorts = 1>
ST_5 : Operation 132 [1/1] (1.21ns) (out node of the LUT)   --->   "%select_ln117_1142 = select i1 %or_ln117_1067, i5 %select_ln117_1141, i5 18" [firmware/BDT.h:117]   --->   Operation 132 'select' 'select_ln117_1142' <Predicate = true> <Delay = 1.21> <CoreInst = "Sel">   --->   Core 73 'Sel' <Latency = 0> <II = 1> <Delay = 1.21> <FuncUnit> <Opcode : 'select'> <InPorts = 3> <OutPorts = 1>
ST_5 : Operation 133 [1/1] (0.97ns)   --->   "%or_ln117_1069 = or i1 %icmp_ln86, i1 %and_ln102_1126" [firmware/BDT.h:117]   --->   Operation 133 'or' 'or_ln117_1069' <Predicate = true> <Delay = 0.97> <CoreInst = "LogicGate">   --->   Core 74 'LogicGate' <Latency = 0> <II = 1> <Delay = 0.97> <FuncUnit> <Opcode : 'and' 'or' 'xor'> <InPorts = 2> <OutPorts = 1>
ST_5 : Operation 134 [1/1] (0.00ns) (grouped into LUT with out node select_ln117_1144)   --->   "%select_ln117_1143 = select i1 %or_ln117_1068, i5 %select_ln117_1142, i5 19" [firmware/BDT.h:117]   --->   Operation 134 'select' 'select_ln117_1143' <Predicate = true> <Delay = 0.00> <CoreInst = "Sel">   --->   Core 73 'Sel' <Latency = 0> <II = 1> <Delay = 1.21> <FuncUnit> <Opcode : 'select'> <InPorts = 3> <OutPorts = 1>
ST_5 : Operation 135 [1/1] (1.21ns) (out node of the LUT)   --->   "%select_ln117_1144 = select i1 %or_ln117_1069, i5 %select_ln117_1143, i5 20" [firmware/BDT.h:117]   --->   Operation 135 'select' 'select_ln117_1144' <Predicate = true> <Delay = 1.21> <CoreInst = "Sel">   --->   Core 73 'Sel' <Latency = 0> <II = 1> <Delay = 1.21> <FuncUnit> <Opcode : 'select'> <InPorts = 3> <OutPorts = 1>
ST_5 : Operation 136 [1/1] (0.97ns)   --->   "%or_ln117_1071 = or i1 %or_ln117_1069, i1 %and_ln102_1133" [firmware/BDT.h:117]   --->   Operation 136 'or' 'or_ln117_1071' <Predicate = true> <Delay = 0.97> <CoreInst = "LogicGate">   --->   Core 74 'LogicGate' <Latency = 0> <II = 1> <Delay = 0.97> <FuncUnit> <Opcode : 'and' 'or' 'xor'> <InPorts = 2> <OutPorts = 1>
ST_5 : Operation 137 [1/1] (0.97ns)   --->   "%or_ln117_1073 = or i1 %icmp_ln86, i1 %and_ln102_1123" [firmware/BDT.h:117]   --->   Operation 137 'or' 'or_ln117_1073' <Predicate = true> <Delay = 0.97> <CoreInst = "LogicGate">   --->   Core 74 'LogicGate' <Latency = 0> <II = 1> <Delay = 0.97> <FuncUnit> <Opcode : 'and' 'or' 'xor'> <InPorts = 2> <OutPorts = 1>

State 6 <SV = 5> <Delay = 3.64>
ST_6 : Operation 138 [1/1] (0.00ns) (grouped into LUT with out node select_ln117_1148)   --->   "%xor_ln104_570 = xor i1 %icmp_ln86_1173, i1 1" [firmware/BDT.h:104]   --->   Operation 138 'xor' 'xor_ln104_570' <Predicate = (or_ln117_1073)> <Delay = 0.00> <CoreInst = "LogicGate">   --->   Core 74 'LogicGate' <Latency = 0> <II = 1> <Delay = 0.97> <FuncUnit> <Opcode : 'and' 'or' 'xor'> <InPorts = 2> <OutPorts = 1>
ST_6 : Operation 139 [1/1] (0.97ns)   --->   "%and_ln102_1134 = and i1 %icmp_ln86_1174, i1 %and_ln102_1127" [firmware/BDT.h:102]   --->   Operation 139 'and' 'and_ln102_1134' <Predicate = true> <Delay = 0.97> <CoreInst = "LogicGate">   --->   Core 74 'LogicGate' <Latency = 0> <II = 1> <Delay = 0.97> <FuncUnit> <Opcode : 'and' 'or' 'xor'> <InPorts = 2> <OutPorts = 1>
ST_6 : Operation 140 [1/1] (0.00ns) (grouped into LUT with out node select_ln117_1146)   --->   "%and_ln102_1146 = and i1 %icmp_ln86_1186, i1 %and_ln102_1133" [firmware/BDT.h:102]   --->   Operation 140 'and' 'and_ln102_1146' <Predicate = (or_ln117_1071 & or_ln117_1073)> <Delay = 0.00> <CoreInst = "LogicGate">   --->   Core 74 'LogicGate' <Latency = 0> <II = 1> <Delay = 0.97> <FuncUnit> <Opcode : 'and' 'or' 'xor'> <InPorts = 2> <OutPorts = 1>
ST_6 : Operation 141 [1/1] (0.00ns) (grouped into LUT with out node select_ln117_1148)   --->   "%and_ln102_1157 = and i1 %icmp_ln86_1187, i1 %xor_ln104_570" [firmware/BDT.h:102]   --->   Operation 141 'and' 'and_ln102_1157' <Predicate = (or_ln117_1073)> <Delay = 0.00> <CoreInst = "LogicGate">   --->   Core 74 'LogicGate' <Latency = 0> <II = 1> <Delay = 0.97> <FuncUnit> <Opcode : 'and' 'or' 'xor'> <InPorts = 2> <OutPorts = 1>
ST_6 : Operation 142 [1/1] (0.00ns) (grouped into LUT with out node select_ln117_1148)   --->   "%and_ln102_1147 = and i1 %and_ln102_1157, i1 %and_ln104_228" [firmware/BDT.h:102]   --->   Operation 142 'and' 'and_ln102_1147' <Predicate = (or_ln117_1073)> <Delay = 0.00> <CoreInst = "LogicGate">   --->   Core 74 'LogicGate' <Latency = 0> <II = 1> <Delay = 0.97> <FuncUnit> <Opcode : 'and' 'or' 'xor'> <InPorts = 2> <OutPorts = 1>
ST_6 : Operation 143 [1/1] (0.00ns) (grouped into LUT with out node select_ln117_1150)   --->   "%and_ln102_1148 = and i1 %icmp_ln86_1188, i1 %and_ln102_1134" [firmware/BDT.h:102]   --->   Operation 143 'and' 'and_ln102_1148' <Predicate = true> <Delay = 0.00> <CoreInst = "LogicGate">   --->   Core 74 'LogicGate' <Latency = 0> <II = 1> <Delay = 0.97> <FuncUnit> <Opcode : 'and' 'or' 'xor'> <InPorts = 2> <OutPorts = 1>
ST_6 : Operation 144 [1/1] (0.00ns) (grouped into LUT with out node select_ln117_1146)   --->   "%or_ln117_1070 = or i1 %or_ln117_1069, i1 %and_ln102_1146" [firmware/BDT.h:117]   --->   Operation 144 'or' 'or_ln117_1070' <Predicate = (or_ln117_1071 & or_ln117_1073)> <Delay = 0.00> <CoreInst = "LogicGate">   --->   Core 74 'LogicGate' <Latency = 0> <II = 1> <Delay = 0.97> <FuncUnit> <Opcode : 'and' 'or' 'xor'> <InPorts = 2> <OutPorts = 1>
ST_6 : Operation 145 [1/1] (0.00ns) (grouped into LUT with out node select_ln117_1146)   --->   "%select_ln117_1145 = select i1 %or_ln117_1070, i5 %select_ln117_1144, i5 21" [firmware/BDT.h:117]   --->   Operation 145 'select' 'select_ln117_1145' <Predicate = (or_ln117_1071 & or_ln117_1073)> <Delay = 0.00> <CoreInst = "Sel">   --->   Core 73 'Sel' <Latency = 0> <II = 1> <Delay = 1.21> <FuncUnit> <Opcode : 'select'> <InPorts = 3> <OutPorts = 1>
ST_6 : Operation 146 [1/1] (0.00ns) (grouped into LUT with out node select_ln117_1148)   --->   "%or_ln117_1072 = or i1 %or_ln117_1071, i1 %and_ln102_1147" [firmware/BDT.h:117]   --->   Operation 146 'or' 'or_ln117_1072' <Predicate = (or_ln117_1073)> <Delay = 0.00> <CoreInst = "LogicGate">   --->   Core 74 'LogicGate' <Latency = 0> <II = 1> <Delay = 0.97> <FuncUnit> <Opcode : 'and' 'or' 'xor'> <InPorts = 2> <OutPorts = 1>
ST_6 : Operation 147 [1/1] (1.21ns) (out node of the LUT)   --->   "%select_ln117_1146 = select i1 %or_ln117_1071, i5 %select_ln117_1145, i5 22" [firmware/BDT.h:117]   --->   Operation 147 'select' 'select_ln117_1146' <Predicate = (or_ln117_1073)> <Delay = 1.21> <CoreInst = "Sel">   --->   Core 73 'Sel' <Latency = 0> <II = 1> <Delay = 1.21> <FuncUnit> <Opcode : 'select'> <InPorts = 3> <OutPorts = 1>
ST_6 : Operation 148 [1/1] (0.00ns) (grouped into LUT with out node select_ln117_1148)   --->   "%select_ln117_1147 = select i1 %or_ln117_1072, i5 %select_ln117_1146, i5 23" [firmware/BDT.h:117]   --->   Operation 148 'select' 'select_ln117_1147' <Predicate = (or_ln117_1073)> <Delay = 0.00> <CoreInst = "Sel">   --->   Core 73 'Sel' <Latency = 0> <II = 1> <Delay = 1.21> <FuncUnit> <Opcode : 'select'> <InPorts = 3> <OutPorts = 1>
ST_6 : Operation 149 [1/1] (0.00ns) (grouped into LUT with out node select_ln117_1150)   --->   "%or_ln117_1074 = or i1 %or_ln117_1073, i1 %and_ln102_1148" [firmware/BDT.h:117]   --->   Operation 149 'or' 'or_ln117_1074' <Predicate = true> <Delay = 0.00> <CoreInst = "LogicGate">   --->   Core 74 'LogicGate' <Latency = 0> <II = 1> <Delay = 0.97> <FuncUnit> <Opcode : 'and' 'or' 'xor'> <InPorts = 2> <OutPorts = 1>
ST_6 : Operation 150 [1/1] (1.21ns) (out node of the LUT)   --->   "%select_ln117_1148 = select i1 %or_ln117_1073, i5 %select_ln117_1147, i5 24" [firmware/BDT.h:117]   --->   Operation 150 'select' 'select_ln117_1148' <Predicate = true> <Delay = 1.21> <CoreInst = "Sel">   --->   Core 73 'Sel' <Latency = 0> <II = 1> <Delay = 1.21> <FuncUnit> <Opcode : 'select'> <InPorts = 3> <OutPorts = 1>
ST_6 : Operation 151 [1/1] (0.97ns)   --->   "%or_ln117_1075 = or i1 %or_ln117_1073, i1 %and_ln102_1134" [firmware/BDT.h:117]   --->   Operation 151 'or' 'or_ln117_1075' <Predicate = true> <Delay = 0.97> <CoreInst = "LogicGate">   --->   Core 74 'LogicGate' <Latency = 0> <II = 1> <Delay = 0.97> <FuncUnit> <Opcode : 'and' 'or' 'xor'> <InPorts = 2> <OutPorts = 1>
ST_6 : Operation 152 [1/1] (0.00ns) (grouped into LUT with out node select_ln117_1150)   --->   "%select_ln117_1149 = select i1 %or_ln117_1074, i5 %select_ln117_1148, i5 25" [firmware/BDT.h:117]   --->   Operation 152 'select' 'select_ln117_1149' <Predicate = true> <Delay = 0.00> <CoreInst = "Sel">   --->   Core 73 'Sel' <Latency = 0> <II = 1> <Delay = 1.21> <FuncUnit> <Opcode : 'select'> <InPorts = 3> <OutPorts = 1>
ST_6 : Operation 153 [1/1] (1.21ns) (out node of the LUT)   --->   "%select_ln117_1150 = select i1 %or_ln117_1075, i5 %select_ln117_1149, i5 26" [firmware/BDT.h:117]   --->   Operation 153 'select' 'select_ln117_1150' <Predicate = true> <Delay = 1.21> <CoreInst = "Sel">   --->   Core 73 'Sel' <Latency = 0> <II = 1> <Delay = 1.21> <FuncUnit> <Opcode : 'select'> <InPorts = 3> <OutPorts = 1>

State 7 <SV = 6> <Delay = 3.40>
ST_7 : Operation 154 [1/1] (0.00ns) (grouped into LUT with out node select_ln117_1152)   --->   "%xor_ln104_571 = xor i1 %icmp_ln86_1174, i1 1" [firmware/BDT.h:104]   --->   Operation 154 'xor' 'xor_ln104_571' <Predicate = true> <Delay = 0.00> <CoreInst = "LogicGate">   --->   Core 74 'LogicGate' <Latency = 0> <II = 1> <Delay = 0.97> <FuncUnit> <Opcode : 'and' 'or' 'xor'> <InPorts = 2> <OutPorts = 1>
ST_7 : Operation 155 [1/1] (0.97ns)   --->   "%and_ln102_1135 = and i1 %icmp_ln86_1175, i1 %and_ln104_229" [firmware/BDT.h:102]   --->   Operation 155 'and' 'and_ln102_1135' <Predicate = true> <Delay = 0.97> <CoreInst = "LogicGate">   --->   Core 74 'LogicGate' <Latency = 0> <II = 1> <Delay = 0.97> <FuncUnit> <Opcode : 'and' 'or' 'xor'> <InPorts = 2> <OutPorts = 1>
ST_7 : Operation 156 [1/1] (0.00ns) (grouped into LUT with out node select_ln117_1152)   --->   "%and_ln102_1158 = and i1 %icmp_ln86_1189, i1 %xor_ln104_571" [firmware/BDT.h:102]   --->   Operation 156 'and' 'and_ln102_1158' <Predicate = true> <Delay = 0.00> <CoreInst = "LogicGate">   --->   Core 74 'LogicGate' <Latency = 0> <II = 1> <Delay = 0.97> <FuncUnit> <Opcode : 'and' 'or' 'xor'> <InPorts = 2> <OutPorts = 1>
ST_7 : Operation 157 [1/1] (0.00ns) (grouped into LUT with out node select_ln117_1152)   --->   "%and_ln102_1149 = and i1 %and_ln102_1158, i1 %and_ln102_1127" [firmware/BDT.h:102]   --->   Operation 157 'and' 'and_ln102_1149' <Predicate = true> <Delay = 0.00> <CoreInst = "LogicGate">   --->   Core 74 'LogicGate' <Latency = 0> <II = 1> <Delay = 0.97> <FuncUnit> <Opcode : 'and' 'or' 'xor'> <InPorts = 2> <OutPorts = 1>
ST_7 : Operation 158 [1/1] (0.00ns) (grouped into LUT with out node select_ln117_1154)   --->   "%and_ln102_1150 = and i1 %icmp_ln86_1190, i1 %and_ln102_1135" [firmware/BDT.h:102]   --->   Operation 158 'and' 'and_ln102_1150' <Predicate = true> <Delay = 0.00> <CoreInst = "LogicGate">   --->   Core 74 'LogicGate' <Latency = 0> <II = 1> <Delay = 0.97> <FuncUnit> <Opcode : 'and' 'or' 'xor'> <InPorts = 2> <OutPorts = 1>
ST_7 : Operation 159 [1/1] (0.00ns) (grouped into LUT with out node select_ln117_1152)   --->   "%or_ln117_1076 = or i1 %or_ln117_1075, i1 %and_ln102_1149" [firmware/BDT.h:117]   --->   Operation 159 'or' 'or_ln117_1076' <Predicate = true> <Delay = 0.00> <CoreInst = "LogicGate">   --->   Core 74 'LogicGate' <Latency = 0> <II = 1> <Delay = 0.97> <FuncUnit> <Opcode : 'and' 'or' 'xor'> <InPorts = 2> <OutPorts = 1>
ST_7 : Operation 160 [1/1] (0.97ns)   --->   "%or_ln117_1077 = or i1 %or_ln117_1073, i1 %and_ln102_1127" [firmware/BDT.h:117]   --->   Operation 160 'or' 'or_ln117_1077' <Predicate = true> <Delay = 0.97> <CoreInst = "LogicGate">   --->   Core 74 'LogicGate' <Latency = 0> <II = 1> <Delay = 0.97> <FuncUnit> <Opcode : 'and' 'or' 'xor'> <InPorts = 2> <OutPorts = 1>
ST_7 : Operation 161 [1/1] (0.00ns) (grouped into LUT with out node select_ln117_1152)   --->   "%select_ln117_1151 = select i1 %or_ln117_1076, i5 %select_ln117_1150, i5 27" [firmware/BDT.h:117]   --->   Operation 161 'select' 'select_ln117_1151' <Predicate = true> <Delay = 0.00> <CoreInst = "Sel">   --->   Core 73 'Sel' <Latency = 0> <II = 1> <Delay = 1.21> <FuncUnit> <Opcode : 'select'> <InPorts = 3> <OutPorts = 1>
ST_7 : Operation 162 [1/1] (0.00ns) (grouped into LUT with out node select_ln117_1154)   --->   "%or_ln117_1078 = or i1 %or_ln117_1077, i1 %and_ln102_1150" [firmware/BDT.h:117]   --->   Operation 162 'or' 'or_ln117_1078' <Predicate = true> <Delay = 0.00> <CoreInst = "LogicGate">   --->   Core 74 'LogicGate' <Latency = 0> <II = 1> <Delay = 0.97> <FuncUnit> <Opcode : 'and' 'or' 'xor'> <InPorts = 2> <OutPorts = 1>
ST_7 : Operation 163 [1/1] (1.21ns) (out node of the LUT)   --->   "%select_ln117_1152 = select i1 %or_ln117_1077, i5 %select_ln117_1151, i5 28" [firmware/BDT.h:117]   --->   Operation 163 'select' 'select_ln117_1152' <Predicate = true> <Delay = 1.21> <CoreInst = "Sel">   --->   Core 73 'Sel' <Latency = 0> <II = 1> <Delay = 1.21> <FuncUnit> <Opcode : 'select'> <InPorts = 3> <OutPorts = 1>
ST_7 : Operation 164 [1/1] (0.97ns)   --->   "%or_ln117_1079 = or i1 %or_ln117_1077, i1 %and_ln102_1135" [firmware/BDT.h:117]   --->   Operation 164 'or' 'or_ln117_1079' <Predicate = true> <Delay = 0.97> <CoreInst = "LogicGate">   --->   Core 74 'LogicGate' <Latency = 0> <II = 1> <Delay = 0.97> <FuncUnit> <Opcode : 'and' 'or' 'xor'> <InPorts = 2> <OutPorts = 1>
ST_7 : Operation 165 [1/1] (0.00ns) (grouped into LUT with out node select_ln117_1154)   --->   "%select_ln117_1153 = select i1 %or_ln117_1078, i5 %select_ln117_1152, i5 29" [firmware/BDT.h:117]   --->   Operation 165 'select' 'select_ln117_1153' <Predicate = true> <Delay = 0.00> <CoreInst = "Sel">   --->   Core 73 'Sel' <Latency = 0> <II = 1> <Delay = 1.21> <FuncUnit> <Opcode : 'select'> <InPorts = 3> <OutPorts = 1>
ST_7 : Operation 166 [1/1] (1.21ns) (out node of the LUT)   --->   "%select_ln117_1154 = select i1 %or_ln117_1079, i5 %select_ln117_1153, i5 30" [firmware/BDT.h:117]   --->   Operation 166 'select' 'select_ln117_1154' <Predicate = true> <Delay = 1.21> <CoreInst = "Sel">   --->   Core 73 'Sel' <Latency = 0> <II = 1> <Delay = 1.21> <FuncUnit> <Opcode : 'select'> <InPorts = 3> <OutPorts = 1>

State 8 <SV = 7> <Delay = 3.20>
ST_8 : Operation 167 [1/1] (0.00ns)   --->   "%specpipeline_ln53 = specpipeline void @_ssdm_op_SpecPipeline, i32 1, i32 0, i32 0, i32 0, void @empty_13" [firmware/BDT.h:53]   --->   Operation 167 'specpipeline' 'specpipeline_ln53' <Predicate = true> <Delay = 0.00>
ST_8 : Operation 168 [1/1] (0.00ns) (grouped into LUT with out node agg_result)   --->   "%xor_ln104_572 = xor i1 %icmp_ln86_1175, i1 1" [firmware/BDT.h:104]   --->   Operation 168 'xor' 'xor_ln104_572' <Predicate = true> <Delay = 0.00> <CoreInst = "LogicGate">   --->   Core 74 'LogicGate' <Latency = 0> <II = 1> <Delay = 0.97> <FuncUnit> <Opcode : 'and' 'or' 'xor'> <InPorts = 2> <OutPorts = 1>
ST_8 : Operation 169 [1/1] (0.00ns) (grouped into LUT with out node agg_result)   --->   "%and_ln102_1159 = and i1 %icmp_ln86_1191, i1 %xor_ln104_572" [firmware/BDT.h:102]   --->   Operation 169 'and' 'and_ln102_1159' <Predicate = true> <Delay = 0.00> <CoreInst = "LogicGate">   --->   Core 74 'LogicGate' <Latency = 0> <II = 1> <Delay = 0.97> <FuncUnit> <Opcode : 'and' 'or' 'xor'> <InPorts = 2> <OutPorts = 1>
ST_8 : Operation 170 [1/1] (0.00ns) (grouped into LUT with out node agg_result)   --->   "%and_ln102_1151 = and i1 %and_ln102_1159, i1 %and_ln104_229" [firmware/BDT.h:102]   --->   Operation 170 'and' 'and_ln102_1151' <Predicate = true> <Delay = 0.00> <CoreInst = "LogicGate">   --->   Core 74 'LogicGate' <Latency = 0> <II = 1> <Delay = 0.97> <FuncUnit> <Opcode : 'and' 'or' 'xor'> <InPorts = 2> <OutPorts = 1>
ST_8 : Operation 171 [1/1] (0.00ns) (grouped into LUT with out node agg_result)   --->   "%or_ln117_1080 = or i1 %or_ln117_1079, i1 %and_ln102_1151" [firmware/BDT.h:117]   --->   Operation 171 'or' 'or_ln117_1080' <Predicate = true> <Delay = 0.00> <CoreInst = "LogicGate">   --->   Core 74 'LogicGate' <Latency = 0> <II = 1> <Delay = 0.97> <FuncUnit> <Opcode : 'and' 'or' 'xor'> <InPorts = 2> <OutPorts = 1>
ST_8 : Operation 172 [1/1] (0.00ns) (grouped into LUT with out node agg_result)   --->   "%select_ln117_1155 = select i1 %or_ln117_1080, i5 %select_ln117_1154, i5 31" [firmware/BDT.h:117]   --->   Operation 172 'select' 'select_ln117_1155' <Predicate = true> <Delay = 0.00> <CoreInst = "Sel">   --->   Core 73 'Sel' <Latency = 0> <II = 1> <Delay = 1.21> <FuncUnit> <Opcode : 'select'> <InPorts = 3> <OutPorts = 1>
ST_8 : Operation 173 [1/1] (3.20ns) (out node of the LUT)   --->   "%agg_result = sparsemux i13 @_ssdm_op_SparseMux.ap_auto.32i13.i13.i5, i5 0, i13 8039, i5 1, i13 91, i5 2, i13 8156, i5 3, i13 43, i5 4, i13 29, i5 5, i13 154, i5 6, i13 4, i5 7, i13 234, i5 8, i13 8170, i5 9, i13 2355, i5 10, i13 7767, i5 11, i13 7970, i5 12, i13 8160, i5 13, i13 192, i5 14, i13 8007, i5 15, i13 158, i5 16, i13 7885, i5 17, i13 107, i5 18, i13 598, i5 19, i13 330, i5 20, i13 91, i5 21, i13 1957, i5 22, i13 7918, i5 23, i13 189, i5 24, i13 825, i5 25, i13 2025, i5 26, i13 617, i5 27, i13 7830, i5 28, i13 7997, i5 29, i13 36, i5 30, i13 128, i5 31, i13 8, i13 0, i5 %select_ln117_1155" [firmware/BDT.h:118]   --->   Operation 173 'sparsemux' 'agg_result' <Predicate = true> <Delay = 3.20> <CoreInst = "BinarySparseMux_DontCare">   --->   Core 137 'BinarySparseMux_DontCare' <Latency = 0> <II = 1> <Delay = 3.20> <FuncUnit> <Opcode : 'sparsemux'> <InPorts = 2> <OutPorts = 1>
ST_8 : Operation 174 [1/1] (0.00ns)   --->   "%ret_ln122 = ret i13 %agg_result" [firmware/BDT.h:122]   --->   Operation 174 'ret' 'ret_ln122' <Predicate = true> <Delay = 0.00>


============================================================
+ Verbose Summary: Timing violations
============================================================
Target clock period: 5.000ns, clock uncertainty: 1.350ns.

 <State 1>: 3.114ns
The critical path consists of the following:
	wire read operation ('p_read_50', firmware/BDT.h:86) on port 'p_read11' (firmware/BDT.h:86) [15]  (0.000 ns)
	'icmp' operation 1 bit ('icmp_ln86_1162', firmware/BDT.h:86) [27]  (2.136 ns)
	'and' operation 1 bit ('and_ln102', firmware/BDT.h:102) [58]  (0.978 ns)

 <State 2>: 2.934ns
The critical path consists of the following:
	'and' operation 1 bit ('and_ln102_1124', firmware/BDT.h:102) [64]  (0.978 ns)
	'and' operation 1 bit ('and_ln102_1128', firmware/BDT.h:102) [76]  (0.978 ns)
	'or' operation 1 bit ('or_ln117', firmware/BDT.h:117) [118]  (0.978 ns)

 <State 3>: 2.997ns
The critical path consists of the following:
	'and' operation 1 bit ('and_ln102_1136', firmware/BDT.h:102) [92]  (0.000 ns)
	'xor' operation 1 bit ('xor_ln117', firmware/BDT.h:117) [116]  (0.000 ns)
	'select' operation 2 bit ('select_ln117', firmware/BDT.h:117) [119]  (0.000 ns)
	'select' operation 2 bit ('select_ln117_1127', firmware/BDT.h:117) [120]  (0.000 ns)
	'select' operation 3 bit ('select_ln117_1128', firmware/BDT.h:117) [123]  (0.993 ns)
	'select' operation 3 bit ('select_ln117_1129', firmware/BDT.h:117) [125]  (0.000 ns)
	'select' operation 3 bit ('select_ln117_1130', firmware/BDT.h:117) [127]  (0.980 ns)
	'select' operation 3 bit ('select_ln117_1131', firmware/BDT.h:117) [128]  (0.000 ns)
	'select' operation 4 bit ('select_ln117_1132', firmware/BDT.h:117) [131]  (1.024 ns)

 <State 4>: 3.072ns
The critical path consists of the following:
	'and' operation 1 bit ('and_ln102_1140', firmware/BDT.h:102) [98]  (0.000 ns)
	'or' operation 1 bit ('or_ln117_1059', firmware/BDT.h:117) [130]  (0.000 ns)
	'select' operation 4 bit ('select_ln117_1133', firmware/BDT.h:117) [133]  (0.000 ns)
	'select' operation 4 bit ('select_ln117_1134', firmware/BDT.h:117) [135]  (1.024 ns)
	'select' operation 4 bit ('select_ln117_1135', firmware/BDT.h:117) [137]  (0.000 ns)
	'select' operation 4 bit ('select_ln117_1136', firmware/BDT.h:117) [139]  (1.024 ns)
	'select' operation 4 bit ('select_ln117_1137', firmware/BDT.h:117) [141]  (0.000 ns)
	'select' operation 4 bit ('select_ln117_1138', firmware/BDT.h:117) [143]  (1.024 ns)

 <State 5>: 3.645ns
The critical path consists of the following:
	'xor' operation 1 bit ('xor_ln104_568', firmware/BDT.h:104) [83]  (0.000 ns)
	'and' operation 1 bit ('and_ln102_1155', firmware/BDT.h:102) [102]  (0.000 ns)
	'and' operation 1 bit ('and_ln102_1143', firmware/BDT.h:102) [103]  (0.000 ns)
	'or' operation 1 bit ('or_ln117_1065', firmware/BDT.h:117) [142]  (0.000 ns)
	'select' operation 4 bit ('select_ln117_1139', firmware/BDT.h:117) [144]  (0.000 ns)
	'select' operation 5 bit ('select_ln117_1140', firmware/BDT.h:117) [147]  (1.215 ns)
	'select' operation 5 bit ('select_ln117_1141', firmware/BDT.h:117) [149]  (0.000 ns)
	'select' operation 5 bit ('select_ln117_1142', firmware/BDT.h:117) [151]  (1.215 ns)
	'select' operation 5 bit ('select_ln117_1143', firmware/BDT.h:117) [153]  (0.000 ns)
	'select' operation 5 bit ('select_ln117_1144', firmware/BDT.h:117) [155]  (1.215 ns)

 <State 6>: 3.645ns
The critical path consists of the following:
	'and' operation 1 bit ('and_ln102_1146', firmware/BDT.h:102) [107]  (0.000 ns)
	'or' operation 1 bit ('or_ln117_1070', firmware/BDT.h:117) [154]  (0.000 ns)
	'select' operation 5 bit ('select_ln117_1145', firmware/BDT.h:117) [157]  (0.000 ns)
	'select' operation 5 bit ('select_ln117_1146', firmware/BDT.h:117) [159]  (1.215 ns)
	'select' operation 5 bit ('select_ln117_1147', firmware/BDT.h:117) [161]  (0.000 ns)
	'select' operation 5 bit ('select_ln117_1148', firmware/BDT.h:117) [163]  (1.215 ns)
	'select' operation 5 bit ('select_ln117_1149', firmware/BDT.h:117) [165]  (0.000 ns)
	'select' operation 5 bit ('select_ln117_1150', firmware/BDT.h:117) [167]  (1.215 ns)

 <State 7>: 3.408ns
The critical path consists of the following:
	'or' operation 1 bit ('or_ln117_1077', firmware/BDT.h:117) [168]  (0.978 ns)
	'select' operation 5 bit ('select_ln117_1152', firmware/BDT.h:117) [171]  (1.215 ns)
	'select' operation 5 bit ('select_ln117_1153', firmware/BDT.h:117) [173]  (0.000 ns)
	'select' operation 5 bit ('select_ln117_1154', firmware/BDT.h:117) [175]  (1.215 ns)

 <State 8>: 3.205ns
The critical path consists of the following:
	'xor' operation 1 bit ('xor_ln104_572', firmware/BDT.h:104) [91]  (0.000 ns)
	'and' operation 1 bit ('and_ln102_1159', firmware/BDT.h:102) [114]  (0.000 ns)
	'and' operation 1 bit ('and_ln102_1151', firmware/BDT.h:102) [115]  (0.000 ns)
	'or' operation 1 bit ('or_ln117_1080', firmware/BDT.h:117) [174]  (0.000 ns)
	'select' operation 5 bit ('select_ln117_1155', firmware/BDT.h:117) [176]  (0.000 ns)
	'sparsemux' operation 13 bit ('agg_result', firmware/BDT.h:118) [177]  (3.205 ns)


============================================================
+ Verbose Summary: Binding
============================================================
N/A
* FSMD analyzer results:
  - Output states:
 - Input state : 
  - Chain level:
	State 1
	State 2
	State 3
	State 4
	State 5
	State 6
	State 7
	State 8


============================================================
+ Verbose Summary: Datapath Resource usage 
============================================================
N/A
