

================================================================
== Vitis HLS Report for 'decision_function_123'
================================================================
* Date:           Tue Mar 11 16:21:51 2025

* Version:        2024.2 (Build 5238294 on Nov  8 2024)
* Project:        conifer_jettag
* Solution:       solution1 (Vivado IP Flow Target)
* Product family: zynq
* Target device:  xc7z020-clg400-1


================================================================
== Performance Estimates
================================================================
+ Timing: 
    * Summary: 
    +--------+---------+----------+------------+
    |  Clock |  Target | Estimated| Uncertainty|
    +--------+---------+----------+------------+
    |ap_clk  |  5.00 ns|  3.645 ns|     1.35 ns|
    +--------+---------+----------+------------+

+ Latency: 
    * Summary: 
    +---------+---------+-----------+-----------+-----+-----+---------+
    |  Latency (cycles) |   Latency (absolute)  |  Interval | Pipeline|
    |   min   |   max   |    min    |    max    | min | max |   Type  |
    +---------+---------+-----------+-----------+-----+-----+---------+
    |        7|        7|  35.000 ns|  35.000 ns|    1|    1|      yes|
    +---------+---------+-----------+-----------+-----+-----+---------+

    + Detail: 
        * Instance: 
        N/A

        * Loop: 
        N/A

============================================================
+ Verbose Summary: Synthesis Manager
============================================================
InlineROM: 1
ExposeGlobal: 0
============================================================
+ Verbose Summary: CDFG Model
============================================================
IsTopModel: 0
ResetActiveHigh: 1
IsCombinational: 0
IsDatapathOnly: 0
HasWiredReturn: 1
HasMFsm: 2
HasVarLatency: 0
IsPipeline: 1
IsRtlPipelined: 1
IsInstanceOverlapped: 0
IsDontTouch: 0
HasImplIP: 0
IsGatedGlobalClock: 0

+ Individual pipeline summary: 
  * Pipeline-0: initiation interval (II) = 1, depth = 8


============================================================
+ Verbose Summary: Schedule
============================================================
* Number of FSM states : 8
* Pipeline : 1
  Pipeline-0 : II = 1, D = 8, States = { 1 2 3 4 5 6 7 8 }
* Dataflow Pipeline: 0

* FSM state transitions: 
1 --> 2 
2 --> 3 
3 --> 4 
4 --> 5 
5 --> 6 
6 --> 7 
7 --> 8 
8 --> 

* FSM state operations: 

State 1 <SV = 0> <Delay = 3.11>
ST_1 : Operation 9 [1/1] (0.00ns)   --->   "%p_read1010 = read i18 @_ssdm_op_Read.ap_auto.i18, i18 %p_read10" [firmware/BDT.h:86]   --->   Operation 9 'read' 'p_read1010' <Predicate = true> <Delay = 0.00>
ST_1 : Operation 10 [1/1] (0.00ns)   --->   "%p_read99 = read i18 @_ssdm_op_Read.ap_auto.i18, i18 %p_read9" [firmware/BDT.h:86]   --->   Operation 10 'read' 'p_read99' <Predicate = true> <Delay = 0.00>
ST_1 : Operation 11 [1/1] (0.00ns)   --->   "%p_read88 = read i18 @_ssdm_op_Read.ap_auto.i18, i18 %p_read8" [firmware/BDT.h:86]   --->   Operation 11 'read' 'p_read88' <Predicate = true> <Delay = 0.00>
ST_1 : Operation 12 [1/1] (0.00ns)   --->   "%p_read77 = read i18 @_ssdm_op_Read.ap_auto.i18, i18 %p_read7" [firmware/BDT.h:86]   --->   Operation 12 'read' 'p_read77' <Predicate = true> <Delay = 0.00>
ST_1 : Operation 13 [1/1] (0.00ns)   --->   "%p_read66 = read i18 @_ssdm_op_Read.ap_auto.i18, i18 %p_read6" [firmware/BDT.h:86]   --->   Operation 13 'read' 'p_read66' <Predicate = true> <Delay = 0.00>
ST_1 : Operation 14 [1/1] (0.00ns)   --->   "%p_read55 = read i18 @_ssdm_op_Read.ap_auto.i18, i18 %p_read5" [firmware/BDT.h:86]   --->   Operation 14 'read' 'p_read55' <Predicate = true> <Delay = 0.00>
ST_1 : Operation 15 [1/1] (0.00ns)   --->   "%p_read44 = read i18 @_ssdm_op_Read.ap_auto.i18, i18 %p_read4" [firmware/BDT.h:86]   --->   Operation 15 'read' 'p_read44' <Predicate = true> <Delay = 0.00>
ST_1 : Operation 16 [1/1] (0.00ns)   --->   "%p_read33 = read i18 @_ssdm_op_Read.ap_auto.i18, i18 %p_read3" [firmware/BDT.h:86]   --->   Operation 16 'read' 'p_read33' <Predicate = true> <Delay = 0.00>
ST_1 : Operation 17 [1/1] (0.00ns)   --->   "%p_read22 = read i18 @_ssdm_op_Read.ap_auto.i18, i18 %p_read2" [firmware/BDT.h:86]   --->   Operation 17 'read' 'p_read22' <Predicate = true> <Delay = 0.00>
ST_1 : Operation 18 [1/1] (0.00ns)   --->   "%p_read11 = read i18 @_ssdm_op_Read.ap_auto.i18, i18 %p_read1" [firmware/BDT.h:86]   --->   Operation 18 'read' 'p_read11' <Predicate = true> <Delay = 0.00>
ST_1 : Operation 19 [1/1] (2.13ns)   --->   "%icmp_ln86 = icmp_slt  i18 %p_read99, i18 261811" [firmware/BDT.h:86]   --->   Operation 19 'icmp' 'icmp_ln86' <Predicate = true> <Delay = 2.13> <CoreInst = "Cmp">   --->   Core 9 'Cmp' <Latency = 0> <II = 1> <Delay = 2.13> <FuncUnit> <Opcode : 'seteq' 'setne' 'setle' 'setge' 'setlt' 'setgt'> <InPorts = 2> <OutPorts = 1>
ST_1 : Operation 20 [1/1] (2.13ns)   --->   "%icmp_ln86_1486 = icmp_slt  i18 %p_read1010, i18 261747" [firmware/BDT.h:86]   --->   Operation 20 'icmp' 'icmp_ln86_1486' <Predicate = true> <Delay = 2.13> <CoreInst = "Cmp">   --->   Core 9 'Cmp' <Latency = 0> <II = 1> <Delay = 2.13> <FuncUnit> <Opcode : 'seteq' 'setne' 'setle' 'setge' 'setlt' 'setgt'> <InPorts = 2> <OutPorts = 1>
ST_1 : Operation 21 [1/1] (2.13ns)   --->   "%icmp_ln86_1487 = icmp_slt  i18 %p_read99, i18 262105" [firmware/BDT.h:86]   --->   Operation 21 'icmp' 'icmp_ln86_1487' <Predicate = true> <Delay = 2.13> <CoreInst = "Cmp">   --->   Core 9 'Cmp' <Latency = 0> <II = 1> <Delay = 2.13> <FuncUnit> <Opcode : 'seteq' 'setne' 'setle' 'setge' 'setlt' 'setgt'> <InPorts = 2> <OutPorts = 1>
ST_1 : Operation 22 [1/1] (2.13ns)   --->   "%icmp_ln86_1488 = icmp_slt  i18 %p_read1010, i18 261133" [firmware/BDT.h:86]   --->   Operation 22 'icmp' 'icmp_ln86_1488' <Predicate = true> <Delay = 2.13> <CoreInst = "Cmp">   --->   Core 9 'Cmp' <Latency = 0> <II = 1> <Delay = 2.13> <FuncUnit> <Opcode : 'seteq' 'setne' 'setle' 'setge' 'setlt' 'setgt'> <InPorts = 2> <OutPorts = 1>
ST_1 : Operation 23 [1/1] (2.13ns)   --->   "%icmp_ln86_1489 = icmp_slt  i18 %p_read1010, i18 170" [firmware/BDT.h:86]   --->   Operation 23 'icmp' 'icmp_ln86_1489' <Predicate = true> <Delay = 2.13> <CoreInst = "Cmp">   --->   Core 9 'Cmp' <Latency = 0> <II = 1> <Delay = 2.13> <FuncUnit> <Opcode : 'seteq' 'setne' 'setle' 'setge' 'setlt' 'setgt'> <InPorts = 2> <OutPorts = 1>
ST_1 : Operation 24 [1/1] (2.13ns)   --->   "%icmp_ln86_1490 = icmp_slt  i18 %p_read1010, i18 784" [firmware/BDT.h:86]   --->   Operation 24 'icmp' 'icmp_ln86_1490' <Predicate = true> <Delay = 2.13> <CoreInst = "Cmp">   --->   Core 9 'Cmp' <Latency = 0> <II = 1> <Delay = 2.13> <FuncUnit> <Opcode : 'seteq' 'setne' 'setle' 'setge' 'setlt' 'setgt'> <InPorts = 2> <OutPorts = 1>
ST_1 : Operation 25 [1/1] (2.13ns)   --->   "%icmp_ln86_1491 = icmp_slt  i18 %p_read44, i18 43" [firmware/BDT.h:86]   --->   Operation 25 'icmp' 'icmp_ln86_1491' <Predicate = true> <Delay = 2.13> <CoreInst = "Cmp">   --->   Core 9 'Cmp' <Latency = 0> <II = 1> <Delay = 2.13> <FuncUnit> <Opcode : 'seteq' 'setne' 'setle' 'setge' 'setlt' 'setgt'> <InPorts = 2> <OutPorts = 1>
ST_1 : Operation 26 [1/1] (2.13ns)   --->   "%icmp_ln86_1492 = icmp_slt  i18 %p_read1010, i18 260803" [firmware/BDT.h:86]   --->   Operation 26 'icmp' 'icmp_ln86_1492' <Predicate = true> <Delay = 2.13> <CoreInst = "Cmp">   --->   Core 9 'Cmp' <Latency = 0> <II = 1> <Delay = 2.13> <FuncUnit> <Opcode : 'seteq' 'setne' 'setle' 'setge' 'setlt' 'setgt'> <InPorts = 2> <OutPorts = 1>
ST_1 : Operation 27 [1/1] (2.13ns)   --->   "%icmp_ln86_1493 = icmp_slt  i18 %p_read1010, i18 261464" [firmware/BDT.h:86]   --->   Operation 27 'icmp' 'icmp_ln86_1493' <Predicate = true> <Delay = 2.13> <CoreInst = "Cmp">   --->   Core 9 'Cmp' <Latency = 0> <II = 1> <Delay = 2.13> <FuncUnit> <Opcode : 'seteq' 'setne' 'setle' 'setge' 'setlt' 'setgt'> <InPorts = 2> <OutPorts = 1>
ST_1 : Operation 28 [1/1] (2.13ns)   --->   "%icmp_ln86_1494 = icmp_slt  i18 %p_read88, i18 1126" [firmware/BDT.h:86]   --->   Operation 28 'icmp' 'icmp_ln86_1494' <Predicate = true> <Delay = 2.13> <CoreInst = "Cmp">   --->   Core 9 'Cmp' <Latency = 0> <II = 1> <Delay = 2.13> <FuncUnit> <Opcode : 'seteq' 'setne' 'setle' 'setge' 'setlt' 'setgt'> <InPorts = 2> <OutPorts = 1>
ST_1 : Operation 29 [1/1] (2.13ns)   --->   "%icmp_ln86_1495 = icmp_slt  i18 %p_read1010, i18 690" [firmware/BDT.h:86]   --->   Operation 29 'icmp' 'icmp_ln86_1495' <Predicate = true> <Delay = 2.13> <CoreInst = "Cmp">   --->   Core 9 'Cmp' <Latency = 0> <II = 1> <Delay = 2.13> <FuncUnit> <Opcode : 'seteq' 'setne' 'setle' 'setge' 'setlt' 'setgt'> <InPorts = 2> <OutPorts = 1>
ST_1 : Operation 30 [1/1] (2.13ns)   --->   "%icmp_ln86_1496 = icmp_slt  i18 %p_read66, i18 520" [firmware/BDT.h:86]   --->   Operation 30 'icmp' 'icmp_ln86_1496' <Predicate = true> <Delay = 2.13> <CoreInst = "Cmp">   --->   Core 9 'Cmp' <Latency = 0> <II = 1> <Delay = 2.13> <FuncUnit> <Opcode : 'seteq' 'setne' 'setle' 'setge' 'setlt' 'setgt'> <InPorts = 2> <OutPorts = 1>
ST_1 : Operation 31 [1/1] (2.13ns)   --->   "%icmp_ln86_1497 = icmp_slt  i18 %p_read44, i18 261637" [firmware/BDT.h:86]   --->   Operation 31 'icmp' 'icmp_ln86_1497' <Predicate = true> <Delay = 2.13> <CoreInst = "Cmp">   --->   Core 9 'Cmp' <Latency = 0> <II = 1> <Delay = 2.13> <FuncUnit> <Opcode : 'seteq' 'setne' 'setle' 'setge' 'setlt' 'setgt'> <InPorts = 2> <OutPorts = 1>
ST_1 : Operation 32 [1/1] (2.13ns)   --->   "%icmp_ln86_1498 = icmp_slt  i18 %p_read77, i18 261877" [firmware/BDT.h:86]   --->   Operation 32 'icmp' 'icmp_ln86_1498' <Predicate = true> <Delay = 2.13> <CoreInst = "Cmp">   --->   Core 9 'Cmp' <Latency = 0> <II = 1> <Delay = 2.13> <FuncUnit> <Opcode : 'seteq' 'setne' 'setle' 'setge' 'setlt' 'setgt'> <InPorts = 2> <OutPorts = 1>
ST_1 : Operation 33 [1/1] (2.13ns)   --->   "%icmp_ln86_1499 = icmp_slt  i18 %p_read55, i18 1065" [firmware/BDT.h:86]   --->   Operation 33 'icmp' 'icmp_ln86_1499' <Predicate = true> <Delay = 2.13> <CoreInst = "Cmp">   --->   Core 9 'Cmp' <Latency = 0> <II = 1> <Delay = 2.13> <FuncUnit> <Opcode : 'seteq' 'setne' 'setle' 'setge' 'setlt' 'setgt'> <InPorts = 2> <OutPorts = 1>
ST_1 : Operation 34 [1/1] (2.13ns)   --->   "%icmp_ln86_1500 = icmp_slt  i18 %p_read1010, i18 260614" [firmware/BDT.h:86]   --->   Operation 34 'icmp' 'icmp_ln86_1500' <Predicate = true> <Delay = 2.13> <CoreInst = "Cmp">   --->   Core 9 'Cmp' <Latency = 0> <II = 1> <Delay = 2.13> <FuncUnit> <Opcode : 'seteq' 'setne' 'setle' 'setge' 'setlt' 'setgt'> <InPorts = 2> <OutPorts = 1>
ST_1 : Operation 35 [1/1] (2.13ns)   --->   "%icmp_ln86_1501 = icmp_slt  i18 %p_read1010, i18 260944" [firmware/BDT.h:86]   --->   Operation 35 'icmp' 'icmp_ln86_1501' <Predicate = true> <Delay = 2.13> <CoreInst = "Cmp">   --->   Core 9 'Cmp' <Latency = 0> <II = 1> <Delay = 2.13> <FuncUnit> <Opcode : 'seteq' 'setne' 'setle' 'setge' 'setlt' 'setgt'> <InPorts = 2> <OutPorts = 1>
ST_1 : Operation 36 [1/1] (2.13ns)   --->   "%icmp_ln86_1502 = icmp_slt  i18 %p_read55, i18 261513" [firmware/BDT.h:86]   --->   Operation 36 'icmp' 'icmp_ln86_1502' <Predicate = true> <Delay = 2.13> <CoreInst = "Cmp">   --->   Core 9 'Cmp' <Latency = 0> <II = 1> <Delay = 2.13> <FuncUnit> <Opcode : 'seteq' 'setne' 'setle' 'setge' 'setlt' 'setgt'> <InPorts = 2> <OutPorts = 1>
ST_1 : Operation 37 [1/1] (2.13ns)   --->   "%icmp_ln86_1503 = icmp_slt  i18 %p_read44, i18 261290" [firmware/BDT.h:86]   --->   Operation 37 'icmp' 'icmp_ln86_1503' <Predicate = true> <Delay = 2.13> <CoreInst = "Cmp">   --->   Core 9 'Cmp' <Latency = 0> <II = 1> <Delay = 2.13> <FuncUnit> <Opcode : 'seteq' 'setne' 'setle' 'setge' 'setlt' 'setgt'> <InPorts = 2> <OutPorts = 1>
ST_1 : Operation 38 [1/1] (2.13ns)   --->   "%icmp_ln86_1504 = icmp_slt  i18 %p_read1010, i18 262125" [firmware/BDT.h:86]   --->   Operation 38 'icmp' 'icmp_ln86_1504' <Predicate = true> <Delay = 2.13> <CoreInst = "Cmp">   --->   Core 9 'Cmp' <Latency = 0> <II = 1> <Delay = 2.13> <FuncUnit> <Opcode : 'seteq' 'setne' 'setle' 'setge' 'setlt' 'setgt'> <InPorts = 2> <OutPorts = 1>
ST_1 : Operation 39 [1/1] (2.13ns)   --->   "%icmp_ln86_1505 = icmp_slt  i18 %p_read33, i18 261160" [firmware/BDT.h:86]   --->   Operation 39 'icmp' 'icmp_ln86_1505' <Predicate = true> <Delay = 2.13> <CoreInst = "Cmp">   --->   Core 9 'Cmp' <Latency = 0> <II = 1> <Delay = 2.13> <FuncUnit> <Opcode : 'seteq' 'setne' 'setle' 'setge' 'setlt' 'setgt'> <InPorts = 2> <OutPorts = 1>
ST_1 : Operation 40 [1/1] (2.13ns)   --->   "%icmp_ln86_1506 = icmp_slt  i18 %p_read44, i18 261334" [firmware/BDT.h:86]   --->   Operation 40 'icmp' 'icmp_ln86_1506' <Predicate = true> <Delay = 2.13> <CoreInst = "Cmp">   --->   Core 9 'Cmp' <Latency = 0> <II = 1> <Delay = 2.13> <FuncUnit> <Opcode : 'seteq' 'setne' 'setle' 'setge' 'setlt' 'setgt'> <InPorts = 2> <OutPorts = 1>
ST_1 : Operation 41 [1/1] (2.13ns)   --->   "%icmp_ln86_1507 = icmp_slt  i18 %p_read44, i18 261469" [firmware/BDT.h:86]   --->   Operation 41 'icmp' 'icmp_ln86_1507' <Predicate = true> <Delay = 2.13> <CoreInst = "Cmp">   --->   Core 9 'Cmp' <Latency = 0> <II = 1> <Delay = 2.13> <FuncUnit> <Opcode : 'seteq' 'setne' 'setle' 'setge' 'setlt' 'setgt'> <InPorts = 2> <OutPorts = 1>
ST_1 : Operation 42 [1/1] (2.13ns)   --->   "%icmp_ln86_1508 = icmp_slt  i18 %p_read44, i18 261741" [firmware/BDT.h:86]   --->   Operation 42 'icmp' 'icmp_ln86_1508' <Predicate = true> <Delay = 2.13> <CoreInst = "Cmp">   --->   Core 9 'Cmp' <Latency = 0> <II = 1> <Delay = 2.13> <FuncUnit> <Opcode : 'seteq' 'setne' 'setle' 'setge' 'setlt' 'setgt'> <InPorts = 2> <OutPorts = 1>
ST_1 : Operation 43 [1/1] (2.13ns)   --->   "%icmp_ln86_1509 = icmp_slt  i18 %p_read11, i18 259" [firmware/BDT.h:86]   --->   Operation 43 'icmp' 'icmp_ln86_1509' <Predicate = true> <Delay = 2.13> <CoreInst = "Cmp">   --->   Core 9 'Cmp' <Latency = 0> <II = 1> <Delay = 2.13> <FuncUnit> <Opcode : 'seteq' 'setne' 'setle' 'setge' 'setlt' 'setgt'> <InPorts = 2> <OutPorts = 1>
ST_1 : Operation 44 [1/1] (2.13ns)   --->   "%icmp_ln86_1510 = icmp_slt  i18 %p_read1010, i18 1257" [firmware/BDT.h:86]   --->   Operation 44 'icmp' 'icmp_ln86_1510' <Predicate = true> <Delay = 2.13> <CoreInst = "Cmp">   --->   Core 9 'Cmp' <Latency = 0> <II = 1> <Delay = 2.13> <FuncUnit> <Opcode : 'seteq' 'setne' 'setle' 'setge' 'setlt' 'setgt'> <InPorts = 2> <OutPorts = 1>
ST_1 : Operation 45 [1/1] (2.13ns)   --->   "%icmp_ln86_1511 = icmp_slt  i18 %p_read11, i18 260987" [firmware/BDT.h:86]   --->   Operation 45 'icmp' 'icmp_ln86_1511' <Predicate = true> <Delay = 2.13> <CoreInst = "Cmp">   --->   Core 9 'Cmp' <Latency = 0> <II = 1> <Delay = 2.13> <FuncUnit> <Opcode : 'seteq' 'setne' 'setle' 'setge' 'setlt' 'setgt'> <InPorts = 2> <OutPorts = 1>
ST_1 : Operation 46 [1/1] (2.13ns)   --->   "%icmp_ln86_1512 = icmp_slt  i18 %p_read1010, i18 76" [firmware/BDT.h:86]   --->   Operation 46 'icmp' 'icmp_ln86_1512' <Predicate = true> <Delay = 2.13> <CoreInst = "Cmp">   --->   Core 9 'Cmp' <Latency = 0> <II = 1> <Delay = 2.13> <FuncUnit> <Opcode : 'seteq' 'setne' 'setle' 'setge' 'setlt' 'setgt'> <InPorts = 2> <OutPorts = 1>
ST_1 : Operation 47 [1/1] (2.13ns)   --->   "%icmp_ln86_1513 = icmp_slt  i18 %p_read66, i18 1969" [firmware/BDT.h:86]   --->   Operation 47 'icmp' 'icmp_ln86_1513' <Predicate = true> <Delay = 2.13> <CoreInst = "Cmp">   --->   Core 9 'Cmp' <Latency = 0> <II = 1> <Delay = 2.13> <FuncUnit> <Opcode : 'seteq' 'setne' 'setle' 'setge' 'setlt' 'setgt'> <InPorts = 2> <OutPorts = 1>
ST_1 : Operation 48 [1/1] (2.13ns)   --->   "%icmp_ln86_1514 = icmp_slt  i18 %p_read22, i18 212" [firmware/BDT.h:86]   --->   Operation 48 'icmp' 'icmp_ln86_1514' <Predicate = true> <Delay = 2.13> <CoreInst = "Cmp">   --->   Core 9 'Cmp' <Latency = 0> <II = 1> <Delay = 2.13> <FuncUnit> <Opcode : 'seteq' 'setne' 'setle' 'setge' 'setlt' 'setgt'> <InPorts = 2> <OutPorts = 1>
ST_1 : Operation 49 [1/1] (2.13ns)   --->   "%icmp_ln86_1515 = icmp_slt  i18 %p_read99, i18 1218" [firmware/BDT.h:86]   --->   Operation 49 'icmp' 'icmp_ln86_1515' <Predicate = true> <Delay = 2.13> <CoreInst = "Cmp">   --->   Core 9 'Cmp' <Latency = 0> <II = 1> <Delay = 2.13> <FuncUnit> <Opcode : 'seteq' 'setne' 'setle' 'setge' 'setlt' 'setgt'> <InPorts = 2> <OutPorts = 1>
ST_1 : Operation 50 [1/1] (0.97ns)   --->   "%and_ln102 = and i1 %icmp_ln86_1486, i1 %icmp_ln86" [firmware/BDT.h:102]   --->   Operation 50 'and' 'and_ln102' <Predicate = true> <Delay = 0.97> <CoreInst = "LogicGate">   --->   Core 74 'LogicGate' <Latency = 0> <II = 1> <Delay = 0.97> <FuncUnit> <Opcode : 'and' 'or' 'xor'> <InPorts = 2> <OutPorts = 1>

State 2 <SV = 1> <Delay = 2.93>
ST_2 : Operation 51 [1/1] (0.00ns) (grouped into LUT with out node and_ln104)   --->   "%xor_ln104_705 = xor i1 %icmp_ln86_1486, i1 1" [firmware/BDT.h:104]   --->   Operation 51 'xor' 'xor_ln104_705' <Predicate = (icmp_ln86)> <Delay = 0.00> <CoreInst = "LogicGate">   --->   Core 74 'LogicGate' <Latency = 0> <II = 1> <Delay = 0.97> <FuncUnit> <Opcode : 'and' 'or' 'xor'> <InPorts = 2> <OutPorts = 1>
ST_2 : Operation 52 [1/1] (0.97ns) (out node of the LUT)   --->   "%and_ln104 = and i1 %icmp_ln86, i1 %xor_ln104_705" [firmware/BDT.h:104]   --->   Operation 52 'and' 'and_ln104' <Predicate = (icmp_ln86)> <Delay = 0.97> <CoreInst = "LogicGate">   --->   Core 74 'LogicGate' <Latency = 0> <II = 1> <Delay = 0.97> <FuncUnit> <Opcode : 'and' 'or' 'xor'> <InPorts = 2> <OutPorts = 1>
ST_2 : Operation 53 [1/1] (0.97ns)   --->   "%and_ln102_1624 = and i1 %icmp_ln86_1488, i1 %and_ln102" [firmware/BDT.h:102]   --->   Operation 53 'and' 'and_ln102_1624' <Predicate = (and_ln102 & icmp_ln86)> <Delay = 0.97> <CoreInst = "LogicGate">   --->   Core 74 'LogicGate' <Latency = 0> <II = 1> <Delay = 0.97> <FuncUnit> <Opcode : 'and' 'or' 'xor'> <InPorts = 2> <OutPorts = 1>
ST_2 : Operation 54 [1/1] (0.00ns) (grouped into LUT with out node and_ln104_272)   --->   "%xor_ln104_707 = xor i1 %icmp_ln86_1488, i1 1" [firmware/BDT.h:104]   --->   Operation 54 'xor' 'xor_ln104_707' <Predicate = (and_ln102 & icmp_ln86)> <Delay = 0.00> <CoreInst = "LogicGate">   --->   Core 74 'LogicGate' <Latency = 0> <II = 1> <Delay = 0.97> <FuncUnit> <Opcode : 'and' 'or' 'xor'> <InPorts = 2> <OutPorts = 1>
ST_2 : Operation 55 [1/1] (0.97ns) (out node of the LUT)   --->   "%and_ln104_272 = and i1 %and_ln102, i1 %xor_ln104_707" [firmware/BDT.h:104]   --->   Operation 55 'and' 'and_ln104_272' <Predicate = (and_ln102 & icmp_ln86)> <Delay = 0.97> <CoreInst = "LogicGate">   --->   Core 74 'LogicGate' <Latency = 0> <II = 1> <Delay = 0.97> <FuncUnit> <Opcode : 'and' 'or' 'xor'> <InPorts = 2> <OutPorts = 1>
ST_2 : Operation 56 [1/1] (0.97ns)   --->   "%and_ln102_1628 = and i1 %icmp_ln86_1492, i1 %and_ln102_1624" [firmware/BDT.h:102]   --->   Operation 56 'and' 'and_ln102_1628' <Predicate = (and_ln102 & icmp_ln86)> <Delay = 0.97> <CoreInst = "LogicGate">   --->   Core 74 'LogicGate' <Latency = 0> <II = 1> <Delay = 0.97> <FuncUnit> <Opcode : 'and' 'or' 'xor'> <InPorts = 2> <OutPorts = 1>
ST_2 : Operation 57 [1/1] (0.00ns) (grouped into LUT with out node or_ln117)   --->   "%xor_ln104_711 = xor i1 %icmp_ln86_1492, i1 1" [firmware/BDT.h:104]   --->   Operation 57 'xor' 'xor_ln104_711' <Predicate = (and_ln102 & icmp_ln86)> <Delay = 0.00> <CoreInst = "LogicGate">   --->   Core 74 'LogicGate' <Latency = 0> <II = 1> <Delay = 0.97> <FuncUnit> <Opcode : 'and' 'or' 'xor'> <InPorts = 2> <OutPorts = 1>
ST_2 : Operation 58 [1/1] (0.97ns)   --->   "%and_ln102_1629 = and i1 %icmp_ln86_1493, i1 %and_ln104_272" [firmware/BDT.h:102]   --->   Operation 58 'and' 'and_ln102_1629' <Predicate = (and_ln102 & icmp_ln86)> <Delay = 0.97> <CoreInst = "LogicGate">   --->   Core 74 'LogicGate' <Latency = 0> <II = 1> <Delay = 0.97> <FuncUnit> <Opcode : 'and' 'or' 'xor'> <InPorts = 2> <OutPorts = 1>
ST_2 : Operation 59 [1/1] (0.00ns) (grouped into LUT with out node or_ln117)   --->   "%and_ln102_1637 = and i1 %icmp_ln86_1501, i1 %xor_ln104_711" [firmware/BDT.h:102]   --->   Operation 59 'and' 'and_ln102_1637' <Predicate = (and_ln102 & icmp_ln86)> <Delay = 0.00> <CoreInst = "LogicGate">   --->   Core 74 'LogicGate' <Latency = 0> <II = 1> <Delay = 0.97> <FuncUnit> <Opcode : 'and' 'or' 'xor'> <InPorts = 2> <OutPorts = 1>
ST_2 : Operation 60 [1/1] (0.00ns) (grouped into LUT with out node or_ln117)   --->   "%and_ln102_1638 = and i1 %and_ln102_1637, i1 %and_ln102_1624" [firmware/BDT.h:102]   --->   Operation 60 'and' 'and_ln102_1638' <Predicate = (and_ln102 & icmp_ln86)> <Delay = 0.00> <CoreInst = "LogicGate">   --->   Core 74 'LogicGate' <Latency = 0> <II = 1> <Delay = 0.97> <FuncUnit> <Opcode : 'and' 'or' 'xor'> <InPorts = 2> <OutPorts = 1>
ST_2 : Operation 61 [1/1] (0.97ns) (out node of the LUT)   --->   "%or_ln117 = or i1 %and_ln102_1628, i1 %and_ln102_1638" [firmware/BDT.h:117]   --->   Operation 61 'or' 'or_ln117' <Predicate = (and_ln102 & icmp_ln86)> <Delay = 0.97> <CoreInst = "LogicGate">   --->   Core 74 'LogicGate' <Latency = 0> <II = 1> <Delay = 0.97> <FuncUnit> <Opcode : 'and' 'or' 'xor'> <InPorts = 2> <OutPorts = 1>

State 3 <SV = 2> <Delay = 2.99>
ST_3 : Operation 62 [1/1] (0.97ns)   --->   "%xor_ln104 = xor i1 %icmp_ln86, i1 1" [firmware/BDT.h:104]   --->   Operation 62 'xor' 'xor_ln104' <Predicate = true> <Delay = 0.97> <CoreInst = "LogicGate">   --->   Core 74 'LogicGate' <Latency = 0> <II = 1> <Delay = 0.97> <FuncUnit> <Opcode : 'and' 'or' 'xor'> <InPorts = 2> <OutPorts = 1>
ST_3 : Operation 63 [1/1] (0.97ns)   --->   "%and_ln102_1625 = and i1 %icmp_ln86_1489, i1 %and_ln104" [firmware/BDT.h:102]   --->   Operation 63 'and' 'and_ln102_1625' <Predicate = (icmp_ln86)> <Delay = 0.97> <CoreInst = "LogicGate">   --->   Core 74 'LogicGate' <Latency = 0> <II = 1> <Delay = 0.97> <FuncUnit> <Opcode : 'and' 'or' 'xor'> <InPorts = 2> <OutPorts = 1>
ST_3 : Operation 64 [1/1] (0.00ns) (grouped into LUT with out node and_ln104_273)   --->   "%xor_ln104_708 = xor i1 %icmp_ln86_1489, i1 1" [firmware/BDT.h:104]   --->   Operation 64 'xor' 'xor_ln104_708' <Predicate = (icmp_ln86)> <Delay = 0.00> <CoreInst = "LogicGate">   --->   Core 74 'LogicGate' <Latency = 0> <II = 1> <Delay = 0.97> <FuncUnit> <Opcode : 'and' 'or' 'xor'> <InPorts = 2> <OutPorts = 1>
ST_3 : Operation 65 [1/1] (0.97ns) (out node of the LUT)   --->   "%and_ln104_273 = and i1 %and_ln104, i1 %xor_ln104_708" [firmware/BDT.h:104]   --->   Operation 65 'and' 'and_ln104_273' <Predicate = (icmp_ln86)> <Delay = 0.97> <CoreInst = "LogicGate">   --->   Core 74 'LogicGate' <Latency = 0> <II = 1> <Delay = 0.97> <FuncUnit> <Opcode : 'and' 'or' 'xor'> <InPorts = 2> <OutPorts = 1>
ST_3 : Operation 66 [1/1] (0.00ns) (grouped into LUT with out node select_ln117_1450)   --->   "%xor_ln104_712 = xor i1 %icmp_ln86_1493, i1 1" [firmware/BDT.h:104]   --->   Operation 66 'xor' 'xor_ln104_712' <Predicate = (and_ln102 & icmp_ln86)> <Delay = 0.00> <CoreInst = "LogicGate">   --->   Core 74 'LogicGate' <Latency = 0> <II = 1> <Delay = 0.97> <FuncUnit> <Opcode : 'and' 'or' 'xor'> <InPorts = 2> <OutPorts = 1>
ST_3 : Operation 67 [1/1] (0.97ns)   --->   "%and_ln102_1630 = and i1 %icmp_ln86_1494, i1 %and_ln102_1625" [firmware/BDT.h:102]   --->   Operation 67 'and' 'and_ln102_1630' <Predicate = (icmp_ln86)> <Delay = 0.97> <CoreInst = "LogicGate">   --->   Core 74 'LogicGate' <Latency = 0> <II = 1> <Delay = 0.97> <FuncUnit> <Opcode : 'and' 'or' 'xor'> <InPorts = 2> <OutPorts = 1>
ST_3 : Operation 68 [1/1] (0.00ns) (grouped into LUT with out node select_ln117_1446)   --->   "%and_ln102_1636 = and i1 %icmp_ln86_1500, i1 %and_ln102_1628" [firmware/BDT.h:102]   --->   Operation 68 'and' 'and_ln102_1636' <Predicate = (and_ln102_1628 & and_ln102_1624 & and_ln102 & icmp_ln86 & or_ln117)> <Delay = 0.00> <CoreInst = "LogicGate">   --->   Core 74 'LogicGate' <Latency = 0> <II = 1> <Delay = 0.97> <FuncUnit> <Opcode : 'and' 'or' 'xor'> <InPorts = 2> <OutPorts = 1>
ST_3 : Operation 69 [1/1] (0.00ns) (grouped into LUT with out node select_ln117_1448)   --->   "%and_ln102_1639 = and i1 %icmp_ln86_1502, i1 %and_ln102_1629" [firmware/BDT.h:102]   --->   Operation 69 'and' 'and_ln102_1639' <Predicate = (and_ln102 & icmp_ln86)> <Delay = 0.00> <CoreInst = "LogicGate">   --->   Core 74 'LogicGate' <Latency = 0> <II = 1> <Delay = 0.97> <FuncUnit> <Opcode : 'and' 'or' 'xor'> <InPorts = 2> <OutPorts = 1>
ST_3 : Operation 70 [1/1] (0.00ns) (grouped into LUT with out node select_ln117_1450)   --->   "%and_ln102_1640 = and i1 %icmp_ln86_1503, i1 %xor_ln104_712" [firmware/BDT.h:102]   --->   Operation 70 'and' 'and_ln102_1640' <Predicate = (and_ln102 & icmp_ln86)> <Delay = 0.00> <CoreInst = "LogicGate">   --->   Core 74 'LogicGate' <Latency = 0> <II = 1> <Delay = 0.97> <FuncUnit> <Opcode : 'and' 'or' 'xor'> <InPorts = 2> <OutPorts = 1>
ST_3 : Operation 71 [1/1] (0.00ns) (grouped into LUT with out node select_ln117_1450)   --->   "%and_ln102_1641 = and i1 %and_ln102_1640, i1 %and_ln104_272" [firmware/BDT.h:102]   --->   Operation 71 'and' 'and_ln102_1641' <Predicate = (and_ln102 & icmp_ln86)> <Delay = 0.00> <CoreInst = "LogicGate">   --->   Core 74 'LogicGate' <Latency = 0> <II = 1> <Delay = 0.97> <FuncUnit> <Opcode : 'and' 'or' 'xor'> <InPorts = 2> <OutPorts = 1>
ST_3 : Operation 72 [1/1] (0.00ns) (grouped into LUT with out node select_ln117_1446)   --->   "%xor_ln117 = xor i1 %and_ln102_1636, i1 1" [firmware/BDT.h:117]   --->   Operation 72 'xor' 'xor_ln117' <Predicate = (and_ln102_1628 & and_ln102_1624 & and_ln102 & icmp_ln86 & or_ln117)> <Delay = 0.00> <CoreInst = "LogicGate">   --->   Core 74 'LogicGate' <Latency = 0> <II = 1> <Delay = 0.97> <FuncUnit> <Opcode : 'and' 'or' 'xor'> <InPorts = 2> <OutPorts = 1>
ST_3 : Operation 73 [1/1] (0.00ns) (grouped into LUT with out node select_ln117_1446)   --->   "%zext_ln117 = zext i1 %xor_ln117" [firmware/BDT.h:117]   --->   Operation 73 'zext' 'zext_ln117' <Predicate = (and_ln102_1628 & and_ln102_1624 & and_ln102 & icmp_ln86 & or_ln117)> <Delay = 0.00>
ST_3 : Operation 74 [1/1] (0.00ns) (grouped into LUT with out node select_ln117_1446)   --->   "%select_ln117 = select i1 %and_ln102_1628, i2 %zext_ln117, i2 2" [firmware/BDT.h:117]   --->   Operation 74 'select' 'select_ln117' <Predicate = (and_ln102_1624 & and_ln102 & icmp_ln86 & or_ln117)> <Delay = 0.00> <CoreInst = "Sel">   --->   Core 73 'Sel' <Latency = 0> <II = 1> <Delay = 0.99> <FuncUnit> <Opcode : 'select'> <InPorts = 3> <OutPorts = 1>
ST_3 : Operation 75 [1/1] (0.00ns) (grouped into LUT with out node select_ln117_1446)   --->   "%select_ln117_1445 = select i1 %or_ln117, i2 %select_ln117, i2 3" [firmware/BDT.h:117]   --->   Operation 75 'select' 'select_ln117_1445' <Predicate = (and_ln102_1624 & and_ln102 & icmp_ln86)> <Delay = 0.00> <CoreInst = "Sel">   --->   Core 73 'Sel' <Latency = 0> <II = 1> <Delay = 0.99> <FuncUnit> <Opcode : 'select'> <InPorts = 3> <OutPorts = 1>
ST_3 : Operation 76 [1/1] (0.00ns) (grouped into LUT with out node select_ln117_1446)   --->   "%zext_ln117_154 = zext i2 %select_ln117_1445" [firmware/BDT.h:117]   --->   Operation 76 'zext' 'zext_ln117_154' <Predicate = (and_ln102_1624 & and_ln102 & icmp_ln86)> <Delay = 0.00>
ST_3 : Operation 77 [1/1] (0.00ns) (grouped into LUT with out node select_ln117_1448)   --->   "%or_ln117_1306 = or i1 %and_ln102_1624, i1 %and_ln102_1639" [firmware/BDT.h:117]   --->   Operation 77 'or' 'or_ln117_1306' <Predicate = (and_ln102 & icmp_ln86)> <Delay = 0.00> <CoreInst = "LogicGate">   --->   Core 74 'LogicGate' <Latency = 0> <II = 1> <Delay = 0.97> <FuncUnit> <Opcode : 'and' 'or' 'xor'> <InPorts = 2> <OutPorts = 1>
ST_3 : Operation 78 [1/1] (0.99ns) (out node of the LUT)   --->   "%select_ln117_1446 = select i1 %and_ln102_1624, i3 %zext_ln117_154, i3 4" [firmware/BDT.h:117]   --->   Operation 78 'select' 'select_ln117_1446' <Predicate = (and_ln102 & icmp_ln86)> <Delay = 0.99> <CoreInst = "Sel">   --->   Core 73 'Sel' <Latency = 0> <II = 1> <Delay = 0.98> <FuncUnit> <Opcode : 'select'> <InPorts = 3> <OutPorts = 1>
ST_3 : Operation 79 [1/1] (0.97ns)   --->   "%or_ln117_1307 = or i1 %and_ln102_1624, i1 %and_ln102_1629" [firmware/BDT.h:117]   --->   Operation 79 'or' 'or_ln117_1307' <Predicate = (and_ln102 & icmp_ln86)> <Delay = 0.97> <CoreInst = "LogicGate">   --->   Core 74 'LogicGate' <Latency = 0> <II = 1> <Delay = 0.97> <FuncUnit> <Opcode : 'and' 'or' 'xor'> <InPorts = 2> <OutPorts = 1>
ST_3 : Operation 80 [1/1] (0.00ns) (grouped into LUT with out node select_ln117_1448)   --->   "%select_ln117_1447 = select i1 %or_ln117_1306, i3 %select_ln117_1446, i3 5" [firmware/BDT.h:117]   --->   Operation 80 'select' 'select_ln117_1447' <Predicate = (and_ln102 & icmp_ln86)> <Delay = 0.00> <CoreInst = "Sel">   --->   Core 73 'Sel' <Latency = 0> <II = 1> <Delay = 0.98> <FuncUnit> <Opcode : 'select'> <InPorts = 3> <OutPorts = 1>
ST_3 : Operation 81 [1/1] (0.00ns) (grouped into LUT with out node select_ln117_1450)   --->   "%or_ln117_1308 = or i1 %or_ln117_1307, i1 %and_ln102_1641" [firmware/BDT.h:117]   --->   Operation 81 'or' 'or_ln117_1308' <Predicate = (and_ln102 & icmp_ln86)> <Delay = 0.00> <CoreInst = "LogicGate">   --->   Core 74 'LogicGate' <Latency = 0> <II = 1> <Delay = 0.97> <FuncUnit> <Opcode : 'and' 'or' 'xor'> <InPorts = 2> <OutPorts = 1>
ST_3 : Operation 82 [1/1] (0.98ns) (out node of the LUT)   --->   "%select_ln117_1448 = select i1 %or_ln117_1307, i3 %select_ln117_1447, i3 6" [firmware/BDT.h:117]   --->   Operation 82 'select' 'select_ln117_1448' <Predicate = (and_ln102 & icmp_ln86)> <Delay = 0.98> <CoreInst = "Sel">   --->   Core 73 'Sel' <Latency = 0> <II = 1> <Delay = 0.98> <FuncUnit> <Opcode : 'select'> <InPorts = 3> <OutPorts = 1>
ST_3 : Operation 83 [1/1] (0.00ns) (grouped into LUT with out node select_ln117_1450)   --->   "%select_ln117_1449 = select i1 %or_ln117_1308, i3 %select_ln117_1448, i3 7" [firmware/BDT.h:117]   --->   Operation 83 'select' 'select_ln117_1449' <Predicate = (and_ln102 & icmp_ln86)> <Delay = 0.00> <CoreInst = "Sel">   --->   Core 73 'Sel' <Latency = 0> <II = 1> <Delay = 0.98> <FuncUnit> <Opcode : 'select'> <InPorts = 3> <OutPorts = 1>
ST_3 : Operation 84 [1/1] (0.00ns) (grouped into LUT with out node select_ln117_1450)   --->   "%zext_ln117_155 = zext i3 %select_ln117_1449" [firmware/BDT.h:117]   --->   Operation 84 'zext' 'zext_ln117_155' <Predicate = (and_ln102 & icmp_ln86)> <Delay = 0.00>
ST_3 : Operation 85 [1/1] (1.02ns) (out node of the LUT)   --->   "%select_ln117_1450 = select i1 %and_ln102, i4 %zext_ln117_155, i4 8" [firmware/BDT.h:117]   --->   Operation 85 'select' 'select_ln117_1450' <Predicate = (icmp_ln86)> <Delay = 1.02> <CoreInst = "Sel">   --->   Core 73 'Sel' <Latency = 0> <II = 1> <Delay = 1.02> <FuncUnit> <Opcode : 'select'> <InPorts = 3> <OutPorts = 1>
ST_3 : Operation 86 [1/1] (0.97ns)   --->   "%or_ln117_1310 = or i1 %and_ln102, i1 %and_ln102_1630" [firmware/BDT.h:117]   --->   Operation 86 'or' 'or_ln117_1310' <Predicate = (icmp_ln86)> <Delay = 0.97> <CoreInst = "LogicGate">   --->   Core 74 'LogicGate' <Latency = 0> <II = 1> <Delay = 0.97> <FuncUnit> <Opcode : 'and' 'or' 'xor'> <InPorts = 2> <OutPorts = 1>

State 4 <SV = 3> <Delay = 3.07>
ST_4 : Operation 87 [1/1] (0.97ns)   --->   "%and_ln102_1623 = and i1 %icmp_ln86_1487, i1 %xor_ln104" [firmware/BDT.h:102]   --->   Operation 87 'and' 'and_ln102_1623' <Predicate = true> <Delay = 0.97> <CoreInst = "LogicGate">   --->   Core 74 'LogicGate' <Latency = 0> <II = 1> <Delay = 0.97> <FuncUnit> <Opcode : 'and' 'or' 'xor'> <InPorts = 2> <OutPorts = 1>
ST_4 : Operation 88 [1/1] (0.00ns) (grouped into LUT with out node and_ln104_271)   --->   "%xor_ln104_706 = xor i1 %icmp_ln86_1487, i1 1" [firmware/BDT.h:104]   --->   Operation 88 'xor' 'xor_ln104_706' <Predicate = true> <Delay = 0.00> <CoreInst = "LogicGate">   --->   Core 74 'LogicGate' <Latency = 0> <II = 1> <Delay = 0.97> <FuncUnit> <Opcode : 'and' 'or' 'xor'> <InPorts = 2> <OutPorts = 1>
ST_4 : Operation 89 [1/1] (0.97ns) (out node of the LUT)   --->   "%and_ln104_271 = and i1 %xor_ln104_706, i1 %xor_ln104" [firmware/BDT.h:104]   --->   Operation 89 'and' 'and_ln104_271' <Predicate = true> <Delay = 0.97> <CoreInst = "LogicGate">   --->   Core 74 'LogicGate' <Latency = 0> <II = 1> <Delay = 0.97> <FuncUnit> <Opcode : 'and' 'or' 'xor'> <InPorts = 2> <OutPorts = 1>
ST_4 : Operation 90 [1/1] (0.97ns)   --->   "%and_ln102_1626 = and i1 %icmp_ln86_1490, i1 %and_ln102_1623" [firmware/BDT.h:102]   --->   Operation 90 'and' 'and_ln102_1626' <Predicate = true> <Delay = 0.97> <CoreInst = "LogicGate">   --->   Core 74 'LogicGate' <Latency = 0> <II = 1> <Delay = 0.97> <FuncUnit> <Opcode : 'and' 'or' 'xor'> <InPorts = 2> <OutPorts = 1>
ST_4 : Operation 91 [1/1] (0.00ns) (grouped into LUT with out node select_ln117_1454)   --->   "%xor_ln104_713 = xor i1 %icmp_ln86_1494, i1 1" [firmware/BDT.h:104]   --->   Operation 91 'xor' 'xor_ln104_713' <Predicate = (icmp_ln86)> <Delay = 0.00> <CoreInst = "LogicGate">   --->   Core 74 'LogicGate' <Latency = 0> <II = 1> <Delay = 0.97> <FuncUnit> <Opcode : 'and' 'or' 'xor'> <InPorts = 2> <OutPorts = 1>
ST_4 : Operation 92 [1/1] (0.97ns)   --->   "%and_ln102_1631 = and i1 %icmp_ln86_1495, i1 %and_ln104_273" [firmware/BDT.h:102]   --->   Operation 92 'and' 'and_ln102_1631' <Predicate = (icmp_ln86)> <Delay = 0.97> <CoreInst = "LogicGate">   --->   Core 74 'LogicGate' <Latency = 0> <II = 1> <Delay = 0.97> <FuncUnit> <Opcode : 'and' 'or' 'xor'> <InPorts = 2> <OutPorts = 1>
ST_4 : Operation 93 [1/1] (0.97ns)   --->   "%and_ln102_1632 = and i1 %icmp_ln86_1496, i1 %and_ln102_1626" [firmware/BDT.h:102]   --->   Operation 93 'and' 'and_ln102_1632' <Predicate = true> <Delay = 0.97> <CoreInst = "LogicGate">   --->   Core 74 'LogicGate' <Latency = 0> <II = 1> <Delay = 0.97> <FuncUnit> <Opcode : 'and' 'or' 'xor'> <InPorts = 2> <OutPorts = 1>
ST_4 : Operation 94 [1/1] (0.00ns) (grouped into LUT with out node select_ln117_1452)   --->   "%and_ln102_1642 = and i1 %icmp_ln86_1504, i1 %and_ln102_1630" [firmware/BDT.h:102]   --->   Operation 94 'and' 'and_ln102_1642' <Predicate = (icmp_ln86 & or_ln117_1310)> <Delay = 0.00> <CoreInst = "LogicGate">   --->   Core 74 'LogicGate' <Latency = 0> <II = 1> <Delay = 0.97> <FuncUnit> <Opcode : 'and' 'or' 'xor'> <InPorts = 2> <OutPorts = 1>
ST_4 : Operation 95 [1/1] (0.00ns) (grouped into LUT with out node select_ln117_1454)   --->   "%and_ln102_1643 = and i1 %icmp_ln86_1505, i1 %xor_ln104_713" [firmware/BDT.h:102]   --->   Operation 95 'and' 'and_ln102_1643' <Predicate = (icmp_ln86)> <Delay = 0.00> <CoreInst = "LogicGate">   --->   Core 74 'LogicGate' <Latency = 0> <II = 1> <Delay = 0.97> <FuncUnit> <Opcode : 'and' 'or' 'xor'> <InPorts = 2> <OutPorts = 1>
ST_4 : Operation 96 [1/1] (0.00ns) (grouped into LUT with out node select_ln117_1454)   --->   "%and_ln102_1644 = and i1 %and_ln102_1643, i1 %and_ln102_1625" [firmware/BDT.h:102]   --->   Operation 96 'and' 'and_ln102_1644' <Predicate = (icmp_ln86)> <Delay = 0.00> <CoreInst = "LogicGate">   --->   Core 74 'LogicGate' <Latency = 0> <II = 1> <Delay = 0.97> <FuncUnit> <Opcode : 'and' 'or' 'xor'> <InPorts = 2> <OutPorts = 1>
ST_4 : Operation 97 [1/1] (0.00ns) (grouped into LUT with out node select_ln117_1456)   --->   "%and_ln102_1645 = and i1 %icmp_ln86_1506, i1 %and_ln102_1631" [firmware/BDT.h:102]   --->   Operation 97 'and' 'and_ln102_1645' <Predicate = (icmp_ln86)> <Delay = 0.00> <CoreInst = "LogicGate">   --->   Core 74 'LogicGate' <Latency = 0> <II = 1> <Delay = 0.97> <FuncUnit> <Opcode : 'and' 'or' 'xor'> <InPorts = 2> <OutPorts = 1>
ST_4 : Operation 98 [1/1] (0.00ns) (grouped into LUT with out node select_ln117_1452)   --->   "%or_ln117_1309 = or i1 %and_ln102, i1 %and_ln102_1642" [firmware/BDT.h:117]   --->   Operation 98 'or' 'or_ln117_1309' <Predicate = (icmp_ln86 & or_ln117_1310)> <Delay = 0.00> <CoreInst = "LogicGate">   --->   Core 74 'LogicGate' <Latency = 0> <II = 1> <Delay = 0.97> <FuncUnit> <Opcode : 'and' 'or' 'xor'> <InPorts = 2> <OutPorts = 1>
ST_4 : Operation 99 [1/1] (0.00ns) (grouped into LUT with out node select_ln117_1452)   --->   "%select_ln117_1451 = select i1 %or_ln117_1309, i4 %select_ln117_1450, i4 9" [firmware/BDT.h:117]   --->   Operation 99 'select' 'select_ln117_1451' <Predicate = (icmp_ln86 & or_ln117_1310)> <Delay = 0.00> <CoreInst = "Sel">   --->   Core 73 'Sel' <Latency = 0> <II = 1> <Delay = 1.02> <FuncUnit> <Opcode : 'select'> <InPorts = 3> <OutPorts = 1>
ST_4 : Operation 100 [1/1] (0.00ns) (grouped into LUT with out node select_ln117_1454)   --->   "%or_ln117_1311 = or i1 %or_ln117_1310, i1 %and_ln102_1644" [firmware/BDT.h:117]   --->   Operation 100 'or' 'or_ln117_1311' <Predicate = (icmp_ln86)> <Delay = 0.00> <CoreInst = "LogicGate">   --->   Core 74 'LogicGate' <Latency = 0> <II = 1> <Delay = 0.97> <FuncUnit> <Opcode : 'and' 'or' 'xor'> <InPorts = 2> <OutPorts = 1>
ST_4 : Operation 101 [1/1] (1.02ns) (out node of the LUT)   --->   "%select_ln117_1452 = select i1 %or_ln117_1310, i4 %select_ln117_1451, i4 10" [firmware/BDT.h:117]   --->   Operation 101 'select' 'select_ln117_1452' <Predicate = (icmp_ln86)> <Delay = 1.02> <CoreInst = "Sel">   --->   Core 73 'Sel' <Latency = 0> <II = 1> <Delay = 1.02> <FuncUnit> <Opcode : 'select'> <InPorts = 3> <OutPorts = 1>
ST_4 : Operation 102 [1/1] (0.97ns)   --->   "%or_ln117_1312 = or i1 %and_ln102, i1 %and_ln102_1625" [firmware/BDT.h:117]   --->   Operation 102 'or' 'or_ln117_1312' <Predicate = (icmp_ln86)> <Delay = 0.97> <CoreInst = "LogicGate">   --->   Core 74 'LogicGate' <Latency = 0> <II = 1> <Delay = 0.97> <FuncUnit> <Opcode : 'and' 'or' 'xor'> <InPorts = 2> <OutPorts = 1>
ST_4 : Operation 103 [1/1] (0.00ns) (grouped into LUT with out node select_ln117_1454)   --->   "%select_ln117_1453 = select i1 %or_ln117_1311, i4 %select_ln117_1452, i4 11" [firmware/BDT.h:117]   --->   Operation 103 'select' 'select_ln117_1453' <Predicate = (icmp_ln86)> <Delay = 0.00> <CoreInst = "Sel">   --->   Core 73 'Sel' <Latency = 0> <II = 1> <Delay = 1.02> <FuncUnit> <Opcode : 'select'> <InPorts = 3> <OutPorts = 1>
ST_4 : Operation 104 [1/1] (0.00ns) (grouped into LUT with out node select_ln117_1456)   --->   "%or_ln117_1313 = or i1 %or_ln117_1312, i1 %and_ln102_1645" [firmware/BDT.h:117]   --->   Operation 104 'or' 'or_ln117_1313' <Predicate = (icmp_ln86)> <Delay = 0.00> <CoreInst = "LogicGate">   --->   Core 74 'LogicGate' <Latency = 0> <II = 1> <Delay = 0.97> <FuncUnit> <Opcode : 'and' 'or' 'xor'> <InPorts = 2> <OutPorts = 1>
ST_4 : Operation 105 [1/1] (1.02ns) (out node of the LUT)   --->   "%select_ln117_1454 = select i1 %or_ln117_1312, i4 %select_ln117_1453, i4 12" [firmware/BDT.h:117]   --->   Operation 105 'select' 'select_ln117_1454' <Predicate = (icmp_ln86)> <Delay = 1.02> <CoreInst = "Sel">   --->   Core 73 'Sel' <Latency = 0> <II = 1> <Delay = 1.02> <FuncUnit> <Opcode : 'select'> <InPorts = 3> <OutPorts = 1>
ST_4 : Operation 106 [1/1] (0.97ns)   --->   "%or_ln117_1314 = or i1 %or_ln117_1312, i1 %and_ln102_1631" [firmware/BDT.h:117]   --->   Operation 106 'or' 'or_ln117_1314' <Predicate = (icmp_ln86)> <Delay = 0.97> <CoreInst = "LogicGate">   --->   Core 74 'LogicGate' <Latency = 0> <II = 1> <Delay = 0.97> <FuncUnit> <Opcode : 'and' 'or' 'xor'> <InPorts = 2> <OutPorts = 1>
ST_4 : Operation 107 [1/1] (0.00ns) (grouped into LUT with out node select_ln117_1456)   --->   "%select_ln117_1455 = select i1 %or_ln117_1313, i4 %select_ln117_1454, i4 13" [firmware/BDT.h:117]   --->   Operation 107 'select' 'select_ln117_1455' <Predicate = (icmp_ln86)> <Delay = 0.00> <CoreInst = "Sel">   --->   Core 73 'Sel' <Latency = 0> <II = 1> <Delay = 1.02> <FuncUnit> <Opcode : 'select'> <InPorts = 3> <OutPorts = 1>
ST_4 : Operation 108 [1/1] (1.02ns) (out node of the LUT)   --->   "%select_ln117_1456 = select i1 %or_ln117_1314, i4 %select_ln117_1455, i4 14" [firmware/BDT.h:117]   --->   Operation 108 'select' 'select_ln117_1456' <Predicate = (icmp_ln86)> <Delay = 1.02> <CoreInst = "Sel">   --->   Core 73 'Sel' <Latency = 0> <II = 1> <Delay = 1.02> <FuncUnit> <Opcode : 'select'> <InPorts = 3> <OutPorts = 1>

State 5 <SV = 4> <Delay = 3.64>
ST_5 : Operation 109 [1/1] (0.00ns) (grouped into LUT with out node and_ln104_274)   --->   "%xor_ln104_709 = xor i1 %icmp_ln86_1490, i1 1" [firmware/BDT.h:104]   --->   Operation 109 'xor' 'xor_ln104_709' <Predicate = true> <Delay = 0.00> <CoreInst = "LogicGate">   --->   Core 74 'LogicGate' <Latency = 0> <II = 1> <Delay = 0.97> <FuncUnit> <Opcode : 'and' 'or' 'xor'> <InPorts = 2> <OutPorts = 1>
ST_5 : Operation 110 [1/1] (0.97ns) (out node of the LUT)   --->   "%and_ln104_274 = and i1 %and_ln102_1623, i1 %xor_ln104_709" [firmware/BDT.h:104]   --->   Operation 110 'and' 'and_ln104_274' <Predicate = true> <Delay = 0.97> <CoreInst = "LogicGate">   --->   Core 74 'LogicGate' <Latency = 0> <II = 1> <Delay = 0.97> <FuncUnit> <Opcode : 'and' 'or' 'xor'> <InPorts = 2> <OutPorts = 1>
ST_5 : Operation 111 [1/1] (0.97ns)   --->   "%and_ln102_1627 = and i1 %icmp_ln86_1491, i1 %and_ln104_271" [firmware/BDT.h:102]   --->   Operation 111 'and' 'and_ln102_1627' <Predicate = true> <Delay = 0.97> <CoreInst = "LogicGate">   --->   Core 74 'LogicGate' <Latency = 0> <II = 1> <Delay = 0.97> <FuncUnit> <Opcode : 'and' 'or' 'xor'> <InPorts = 2> <OutPorts = 1>
ST_5 : Operation 112 [1/1] (0.00ns) (grouped into LUT with out node and_ln104_275)   --->   "%xor_ln104_710 = xor i1 %icmp_ln86_1491, i1 1" [firmware/BDT.h:104]   --->   Operation 112 'xor' 'xor_ln104_710' <Predicate = true> <Delay = 0.00> <CoreInst = "LogicGate">   --->   Core 74 'LogicGate' <Latency = 0> <II = 1> <Delay = 0.97> <FuncUnit> <Opcode : 'and' 'or' 'xor'> <InPorts = 2> <OutPorts = 1>
ST_5 : Operation 113 [1/1] (0.97ns) (out node of the LUT)   --->   "%and_ln104_275 = and i1 %and_ln104_271, i1 %xor_ln104_710" [firmware/BDT.h:104]   --->   Operation 113 'and' 'and_ln104_275' <Predicate = true> <Delay = 0.97> <CoreInst = "LogicGate">   --->   Core 74 'LogicGate' <Latency = 0> <II = 1> <Delay = 0.97> <FuncUnit> <Opcode : 'and' 'or' 'xor'> <InPorts = 2> <OutPorts = 1>
ST_5 : Operation 114 [1/1] (0.00ns) (grouped into LUT with out node select_ln117_1458)   --->   "%xor_ln104_714 = xor i1 %icmp_ln86_1495, i1 1" [firmware/BDT.h:104]   --->   Operation 114 'xor' 'xor_ln104_714' <Predicate = (icmp_ln86)> <Delay = 0.00> <CoreInst = "LogicGate">   --->   Core 74 'LogicGate' <Latency = 0> <II = 1> <Delay = 0.97> <FuncUnit> <Opcode : 'and' 'or' 'xor'> <InPorts = 2> <OutPorts = 1>
ST_5 : Operation 115 [1/1] (0.00ns) (grouped into LUT with out node select_ln117_1462)   --->   "%xor_ln104_715 = xor i1 %icmp_ln86_1496, i1 1" [firmware/BDT.h:104]   --->   Operation 115 'xor' 'xor_ln104_715' <Predicate = true> <Delay = 0.00> <CoreInst = "LogicGate">   --->   Core 74 'LogicGate' <Latency = 0> <II = 1> <Delay = 0.97> <FuncUnit> <Opcode : 'and' 'or' 'xor'> <InPorts = 2> <OutPorts = 1>
ST_5 : Operation 116 [1/1] (0.97ns)   --->   "%and_ln102_1633 = and i1 %icmp_ln86_1497, i1 %and_ln104_274" [firmware/BDT.h:102]   --->   Operation 116 'and' 'and_ln102_1633' <Predicate = true> <Delay = 0.97> <CoreInst = "LogicGate">   --->   Core 74 'LogicGate' <Latency = 0> <II = 1> <Delay = 0.97> <FuncUnit> <Opcode : 'and' 'or' 'xor'> <InPorts = 2> <OutPorts = 1>
ST_5 : Operation 117 [1/1] (0.00ns) (grouped into LUT with out node select_ln117_1458)   --->   "%and_ln102_1646 = and i1 %icmp_ln86_1507, i1 %xor_ln104_714" [firmware/BDT.h:102]   --->   Operation 117 'and' 'and_ln102_1646' <Predicate = (icmp_ln86)> <Delay = 0.00> <CoreInst = "LogicGate">   --->   Core 74 'LogicGate' <Latency = 0> <II = 1> <Delay = 0.97> <FuncUnit> <Opcode : 'and' 'or' 'xor'> <InPorts = 2> <OutPorts = 1>
ST_5 : Operation 118 [1/1] (0.00ns) (grouped into LUT with out node select_ln117_1458)   --->   "%and_ln102_1647 = and i1 %and_ln102_1646, i1 %and_ln104_273" [firmware/BDT.h:102]   --->   Operation 118 'and' 'and_ln102_1647' <Predicate = (icmp_ln86)> <Delay = 0.00> <CoreInst = "LogicGate">   --->   Core 74 'LogicGate' <Latency = 0> <II = 1> <Delay = 0.97> <FuncUnit> <Opcode : 'and' 'or' 'xor'> <InPorts = 2> <OutPorts = 1>
ST_5 : Operation 119 [1/1] (0.00ns) (grouped into LUT with out node select_ln117_1460)   --->   "%and_ln102_1648 = and i1 %icmp_ln86_1508, i1 %and_ln102_1632" [firmware/BDT.h:102]   --->   Operation 119 'and' 'and_ln102_1648' <Predicate = true> <Delay = 0.00> <CoreInst = "LogicGate">   --->   Core 74 'LogicGate' <Latency = 0> <II = 1> <Delay = 0.97> <FuncUnit> <Opcode : 'and' 'or' 'xor'> <InPorts = 2> <OutPorts = 1>
ST_5 : Operation 120 [1/1] (0.00ns) (grouped into LUT with out node select_ln117_1462)   --->   "%and_ln102_1649 = and i1 %icmp_ln86_1509, i1 %xor_ln104_715" [firmware/BDT.h:102]   --->   Operation 120 'and' 'and_ln102_1649' <Predicate = true> <Delay = 0.00> <CoreInst = "LogicGate">   --->   Core 74 'LogicGate' <Latency = 0> <II = 1> <Delay = 0.97> <FuncUnit> <Opcode : 'and' 'or' 'xor'> <InPorts = 2> <OutPorts = 1>
ST_5 : Operation 121 [1/1] (0.00ns) (grouped into LUT with out node select_ln117_1462)   --->   "%and_ln102_1650 = and i1 %and_ln102_1649, i1 %and_ln102_1626" [firmware/BDT.h:102]   --->   Operation 121 'and' 'and_ln102_1650' <Predicate = true> <Delay = 0.00> <CoreInst = "LogicGate">   --->   Core 74 'LogicGate' <Latency = 0> <II = 1> <Delay = 0.97> <FuncUnit> <Opcode : 'and' 'or' 'xor'> <InPorts = 2> <OutPorts = 1>
ST_5 : Operation 122 [1/1] (0.00ns) (grouped into LUT with out node select_ln117_1458)   --->   "%or_ln117_1315 = or i1 %or_ln117_1314, i1 %and_ln102_1647" [firmware/BDT.h:117]   --->   Operation 122 'or' 'or_ln117_1315' <Predicate = (icmp_ln86)> <Delay = 0.00> <CoreInst = "LogicGate">   --->   Core 74 'LogicGate' <Latency = 0> <II = 1> <Delay = 0.97> <FuncUnit> <Opcode : 'and' 'or' 'xor'> <InPorts = 2> <OutPorts = 1>
ST_5 : Operation 123 [1/1] (0.00ns) (grouped into LUT with out node select_ln117_1458)   --->   "%select_ln117_1457 = select i1 %or_ln117_1315, i4 %select_ln117_1456, i4 15" [firmware/BDT.h:117]   --->   Operation 123 'select' 'select_ln117_1457' <Predicate = (icmp_ln86)> <Delay = 0.00> <CoreInst = "Sel">   --->   Core 73 'Sel' <Latency = 0> <II = 1> <Delay = 1.02> <FuncUnit> <Opcode : 'select'> <InPorts = 3> <OutPorts = 1>
ST_5 : Operation 124 [1/1] (0.00ns) (grouped into LUT with out node select_ln117_1458)   --->   "%zext_ln117_156 = zext i4 %select_ln117_1457" [firmware/BDT.h:117]   --->   Operation 124 'zext' 'zext_ln117_156' <Predicate = (icmp_ln86)> <Delay = 0.00>
ST_5 : Operation 125 [1/1] (0.00ns) (grouped into LUT with out node select_ln117_1460)   --->   "%or_ln117_1316 = or i1 %icmp_ln86, i1 %and_ln102_1648" [firmware/BDT.h:117]   --->   Operation 125 'or' 'or_ln117_1316' <Predicate = true> <Delay = 0.00> <CoreInst = "LogicGate">   --->   Core 74 'LogicGate' <Latency = 0> <II = 1> <Delay = 0.97> <FuncUnit> <Opcode : 'and' 'or' 'xor'> <InPorts = 2> <OutPorts = 1>
ST_5 : Operation 126 [1/1] (1.21ns) (out node of the LUT)   --->   "%select_ln117_1458 = select i1 %icmp_ln86, i5 %zext_ln117_156, i5 16" [firmware/BDT.h:117]   --->   Operation 126 'select' 'select_ln117_1458' <Predicate = true> <Delay = 1.21> <CoreInst = "Sel">   --->   Core 73 'Sel' <Latency = 0> <II = 1> <Delay = 1.21> <FuncUnit> <Opcode : 'select'> <InPorts = 3> <OutPorts = 1>
ST_5 : Operation 127 [1/1] (0.97ns)   --->   "%or_ln117_1317 = or i1 %icmp_ln86, i1 %and_ln102_1632" [firmware/BDT.h:117]   --->   Operation 127 'or' 'or_ln117_1317' <Predicate = true> <Delay = 0.97> <CoreInst = "LogicGate">   --->   Core 74 'LogicGate' <Latency = 0> <II = 1> <Delay = 0.97> <FuncUnit> <Opcode : 'and' 'or' 'xor'> <InPorts = 2> <OutPorts = 1>
ST_5 : Operation 128 [1/1] (0.00ns) (grouped into LUT with out node select_ln117_1460)   --->   "%select_ln117_1459 = select i1 %or_ln117_1316, i5 %select_ln117_1458, i5 17" [firmware/BDT.h:117]   --->   Operation 128 'select' 'select_ln117_1459' <Predicate = true> <Delay = 0.00> <CoreInst = "Sel">   --->   Core 73 'Sel' <Latency = 0> <II = 1> <Delay = 1.21> <FuncUnit> <Opcode : 'select'> <InPorts = 3> <OutPorts = 1>
ST_5 : Operation 129 [1/1] (0.00ns) (grouped into LUT with out node select_ln117_1462)   --->   "%or_ln117_1318 = or i1 %or_ln117_1317, i1 %and_ln102_1650" [firmware/BDT.h:117]   --->   Operation 129 'or' 'or_ln117_1318' <Predicate = true> <Delay = 0.00> <CoreInst = "LogicGate">   --->   Core 74 'LogicGate' <Latency = 0> <II = 1> <Delay = 0.97> <FuncUnit> <Opcode : 'and' 'or' 'xor'> <InPorts = 2> <OutPorts = 1>
ST_5 : Operation 130 [1/1] (1.21ns) (out node of the LUT)   --->   "%select_ln117_1460 = select i1 %or_ln117_1317, i5 %select_ln117_1459, i5 18" [firmware/BDT.h:117]   --->   Operation 130 'select' 'select_ln117_1460' <Predicate = true> <Delay = 1.21> <CoreInst = "Sel">   --->   Core 73 'Sel' <Latency = 0> <II = 1> <Delay = 1.21> <FuncUnit> <Opcode : 'select'> <InPorts = 3> <OutPorts = 1>
ST_5 : Operation 131 [1/1] (0.97ns)   --->   "%or_ln117_1319 = or i1 %icmp_ln86, i1 %and_ln102_1626" [firmware/BDT.h:117]   --->   Operation 131 'or' 'or_ln117_1319' <Predicate = true> <Delay = 0.97> <CoreInst = "LogicGate">   --->   Core 74 'LogicGate' <Latency = 0> <II = 1> <Delay = 0.97> <FuncUnit> <Opcode : 'and' 'or' 'xor'> <InPorts = 2> <OutPorts = 1>
ST_5 : Operation 132 [1/1] (0.00ns) (grouped into LUT with out node select_ln117_1462)   --->   "%select_ln117_1461 = select i1 %or_ln117_1318, i5 %select_ln117_1460, i5 19" [firmware/BDT.h:117]   --->   Operation 132 'select' 'select_ln117_1461' <Predicate = true> <Delay = 0.00> <CoreInst = "Sel">   --->   Core 73 'Sel' <Latency = 0> <II = 1> <Delay = 1.21> <FuncUnit> <Opcode : 'select'> <InPorts = 3> <OutPorts = 1>
ST_5 : Operation 133 [1/1] (1.21ns) (out node of the LUT)   --->   "%select_ln117_1462 = select i1 %or_ln117_1319, i5 %select_ln117_1461, i5 20" [firmware/BDT.h:117]   --->   Operation 133 'select' 'select_ln117_1462' <Predicate = true> <Delay = 1.21> <CoreInst = "Sel">   --->   Core 73 'Sel' <Latency = 0> <II = 1> <Delay = 1.21> <FuncUnit> <Opcode : 'select'> <InPorts = 3> <OutPorts = 1>
ST_5 : Operation 134 [1/1] (0.97ns)   --->   "%or_ln117_1321 = or i1 %or_ln117_1319, i1 %and_ln102_1633" [firmware/BDT.h:117]   --->   Operation 134 'or' 'or_ln117_1321' <Predicate = true> <Delay = 0.97> <CoreInst = "LogicGate">   --->   Core 74 'LogicGate' <Latency = 0> <II = 1> <Delay = 0.97> <FuncUnit> <Opcode : 'and' 'or' 'xor'> <InPorts = 2> <OutPorts = 1>
ST_5 : Operation 135 [1/1] (0.97ns)   --->   "%or_ln117_1323 = or i1 %icmp_ln86, i1 %and_ln102_1623" [firmware/BDT.h:117]   --->   Operation 135 'or' 'or_ln117_1323' <Predicate = true> <Delay = 0.97> <CoreInst = "LogicGate">   --->   Core 74 'LogicGate' <Latency = 0> <II = 1> <Delay = 0.97> <FuncUnit> <Opcode : 'and' 'or' 'xor'> <InPorts = 2> <OutPorts = 1>

State 6 <SV = 5> <Delay = 3.64>
ST_6 : Operation 136 [1/1] (0.00ns) (grouped into LUT with out node select_ln117_1466)   --->   "%xor_ln104_716 = xor i1 %icmp_ln86_1497, i1 1" [firmware/BDT.h:104]   --->   Operation 136 'xor' 'xor_ln104_716' <Predicate = (or_ln117_1323)> <Delay = 0.00> <CoreInst = "LogicGate">   --->   Core 74 'LogicGate' <Latency = 0> <II = 1> <Delay = 0.97> <FuncUnit> <Opcode : 'and' 'or' 'xor'> <InPorts = 2> <OutPorts = 1>
ST_6 : Operation 137 [1/1] (0.97ns)   --->   "%and_ln102_1634 = and i1 %icmp_ln86_1498, i1 %and_ln102_1627" [firmware/BDT.h:102]   --->   Operation 137 'and' 'and_ln102_1634' <Predicate = true> <Delay = 0.97> <CoreInst = "LogicGate">   --->   Core 74 'LogicGate' <Latency = 0> <II = 1> <Delay = 0.97> <FuncUnit> <Opcode : 'and' 'or' 'xor'> <InPorts = 2> <OutPorts = 1>
ST_6 : Operation 138 [1/1] (0.00ns) (grouped into LUT with out node select_ln117_1464)   --->   "%and_ln102_1651 = and i1 %icmp_ln86_1510, i1 %and_ln102_1633" [firmware/BDT.h:102]   --->   Operation 138 'and' 'and_ln102_1651' <Predicate = (or_ln117_1321 & or_ln117_1323)> <Delay = 0.00> <CoreInst = "LogicGate">   --->   Core 74 'LogicGate' <Latency = 0> <II = 1> <Delay = 0.97> <FuncUnit> <Opcode : 'and' 'or' 'xor'> <InPorts = 2> <OutPorts = 1>
ST_6 : Operation 139 [1/1] (0.00ns) (grouped into LUT with out node select_ln117_1466)   --->   "%and_ln102_1652 = and i1 %icmp_ln86_1511, i1 %xor_ln104_716" [firmware/BDT.h:102]   --->   Operation 139 'and' 'and_ln102_1652' <Predicate = (or_ln117_1323)> <Delay = 0.00> <CoreInst = "LogicGate">   --->   Core 74 'LogicGate' <Latency = 0> <II = 1> <Delay = 0.97> <FuncUnit> <Opcode : 'and' 'or' 'xor'> <InPorts = 2> <OutPorts = 1>
ST_6 : Operation 140 [1/1] (0.00ns) (grouped into LUT with out node select_ln117_1466)   --->   "%and_ln102_1653 = and i1 %and_ln102_1652, i1 %and_ln104_274" [firmware/BDT.h:102]   --->   Operation 140 'and' 'and_ln102_1653' <Predicate = (or_ln117_1323)> <Delay = 0.00> <CoreInst = "LogicGate">   --->   Core 74 'LogicGate' <Latency = 0> <II = 1> <Delay = 0.97> <FuncUnit> <Opcode : 'and' 'or' 'xor'> <InPorts = 2> <OutPorts = 1>
ST_6 : Operation 141 [1/1] (0.00ns) (grouped into LUT with out node select_ln117_1468)   --->   "%and_ln102_1654 = and i1 %icmp_ln86_1512, i1 %and_ln102_1634" [firmware/BDT.h:102]   --->   Operation 141 'and' 'and_ln102_1654' <Predicate = true> <Delay = 0.00> <CoreInst = "LogicGate">   --->   Core 74 'LogicGate' <Latency = 0> <II = 1> <Delay = 0.97> <FuncUnit> <Opcode : 'and' 'or' 'xor'> <InPorts = 2> <OutPorts = 1>
ST_6 : Operation 142 [1/1] (0.00ns) (grouped into LUT with out node select_ln117_1464)   --->   "%or_ln117_1320 = or i1 %or_ln117_1319, i1 %and_ln102_1651" [firmware/BDT.h:117]   --->   Operation 142 'or' 'or_ln117_1320' <Predicate = (or_ln117_1321 & or_ln117_1323)> <Delay = 0.00> <CoreInst = "LogicGate">   --->   Core 74 'LogicGate' <Latency = 0> <II = 1> <Delay = 0.97> <FuncUnit> <Opcode : 'and' 'or' 'xor'> <InPorts = 2> <OutPorts = 1>
ST_6 : Operation 143 [1/1] (0.00ns) (grouped into LUT with out node select_ln117_1464)   --->   "%select_ln117_1463 = select i1 %or_ln117_1320, i5 %select_ln117_1462, i5 21" [firmware/BDT.h:117]   --->   Operation 143 'select' 'select_ln117_1463' <Predicate = (or_ln117_1321 & or_ln117_1323)> <Delay = 0.00> <CoreInst = "Sel">   --->   Core 73 'Sel' <Latency = 0> <II = 1> <Delay = 1.21> <FuncUnit> <Opcode : 'select'> <InPorts = 3> <OutPorts = 1>
ST_6 : Operation 144 [1/1] (0.00ns) (grouped into LUT with out node select_ln117_1466)   --->   "%or_ln117_1322 = or i1 %or_ln117_1321, i1 %and_ln102_1653" [firmware/BDT.h:117]   --->   Operation 144 'or' 'or_ln117_1322' <Predicate = (or_ln117_1323)> <Delay = 0.00> <CoreInst = "LogicGate">   --->   Core 74 'LogicGate' <Latency = 0> <II = 1> <Delay = 0.97> <FuncUnit> <Opcode : 'and' 'or' 'xor'> <InPorts = 2> <OutPorts = 1>
ST_6 : Operation 145 [1/1] (1.21ns) (out node of the LUT)   --->   "%select_ln117_1464 = select i1 %or_ln117_1321, i5 %select_ln117_1463, i5 22" [firmware/BDT.h:117]   --->   Operation 145 'select' 'select_ln117_1464' <Predicate = (or_ln117_1323)> <Delay = 1.21> <CoreInst = "Sel">   --->   Core 73 'Sel' <Latency = 0> <II = 1> <Delay = 1.21> <FuncUnit> <Opcode : 'select'> <InPorts = 3> <OutPorts = 1>
ST_6 : Operation 146 [1/1] (0.00ns) (grouped into LUT with out node select_ln117_1466)   --->   "%select_ln117_1465 = select i1 %or_ln117_1322, i5 %select_ln117_1464, i5 23" [firmware/BDT.h:117]   --->   Operation 146 'select' 'select_ln117_1465' <Predicate = (or_ln117_1323)> <Delay = 0.00> <CoreInst = "Sel">   --->   Core 73 'Sel' <Latency = 0> <II = 1> <Delay = 1.21> <FuncUnit> <Opcode : 'select'> <InPorts = 3> <OutPorts = 1>
ST_6 : Operation 147 [1/1] (0.00ns) (grouped into LUT with out node select_ln117_1468)   --->   "%or_ln117_1324 = or i1 %or_ln117_1323, i1 %and_ln102_1654" [firmware/BDT.h:117]   --->   Operation 147 'or' 'or_ln117_1324' <Predicate = true> <Delay = 0.00> <CoreInst = "LogicGate">   --->   Core 74 'LogicGate' <Latency = 0> <II = 1> <Delay = 0.97> <FuncUnit> <Opcode : 'and' 'or' 'xor'> <InPorts = 2> <OutPorts = 1>
ST_6 : Operation 148 [1/1] (1.21ns) (out node of the LUT)   --->   "%select_ln117_1466 = select i1 %or_ln117_1323, i5 %select_ln117_1465, i5 24" [firmware/BDT.h:117]   --->   Operation 148 'select' 'select_ln117_1466' <Predicate = true> <Delay = 1.21> <CoreInst = "Sel">   --->   Core 73 'Sel' <Latency = 0> <II = 1> <Delay = 1.21> <FuncUnit> <Opcode : 'select'> <InPorts = 3> <OutPorts = 1>
ST_6 : Operation 149 [1/1] (0.97ns)   --->   "%or_ln117_1325 = or i1 %or_ln117_1323, i1 %and_ln102_1634" [firmware/BDT.h:117]   --->   Operation 149 'or' 'or_ln117_1325' <Predicate = true> <Delay = 0.97> <CoreInst = "LogicGate">   --->   Core 74 'LogicGate' <Latency = 0> <II = 1> <Delay = 0.97> <FuncUnit> <Opcode : 'and' 'or' 'xor'> <InPorts = 2> <OutPorts = 1>
ST_6 : Operation 150 [1/1] (0.00ns) (grouped into LUT with out node select_ln117_1468)   --->   "%select_ln117_1467 = select i1 %or_ln117_1324, i5 %select_ln117_1466, i5 25" [firmware/BDT.h:117]   --->   Operation 150 'select' 'select_ln117_1467' <Predicate = true> <Delay = 0.00> <CoreInst = "Sel">   --->   Core 73 'Sel' <Latency = 0> <II = 1> <Delay = 1.21> <FuncUnit> <Opcode : 'select'> <InPorts = 3> <OutPorts = 1>
ST_6 : Operation 151 [1/1] (1.21ns) (out node of the LUT)   --->   "%select_ln117_1468 = select i1 %or_ln117_1325, i5 %select_ln117_1467, i5 26" [firmware/BDT.h:117]   --->   Operation 151 'select' 'select_ln117_1468' <Predicate = true> <Delay = 1.21> <CoreInst = "Sel">   --->   Core 73 'Sel' <Latency = 0> <II = 1> <Delay = 1.21> <FuncUnit> <Opcode : 'select'> <InPorts = 3> <OutPorts = 1>

State 7 <SV = 6> <Delay = 3.40>
ST_7 : Operation 152 [1/1] (0.00ns) (grouped into LUT with out node select_ln117_1470)   --->   "%xor_ln104_717 = xor i1 %icmp_ln86_1498, i1 1" [firmware/BDT.h:104]   --->   Operation 152 'xor' 'xor_ln104_717' <Predicate = true> <Delay = 0.00> <CoreInst = "LogicGate">   --->   Core 74 'LogicGate' <Latency = 0> <II = 1> <Delay = 0.97> <FuncUnit> <Opcode : 'and' 'or' 'xor'> <InPorts = 2> <OutPorts = 1>
ST_7 : Operation 153 [1/1] (0.97ns)   --->   "%and_ln102_1635 = and i1 %icmp_ln86_1499, i1 %and_ln104_275" [firmware/BDT.h:102]   --->   Operation 153 'and' 'and_ln102_1635' <Predicate = true> <Delay = 0.97> <CoreInst = "LogicGate">   --->   Core 74 'LogicGate' <Latency = 0> <II = 1> <Delay = 0.97> <FuncUnit> <Opcode : 'and' 'or' 'xor'> <InPorts = 2> <OutPorts = 1>
ST_7 : Operation 154 [1/1] (0.00ns) (grouped into LUT with out node select_ln117_1470)   --->   "%and_ln102_1655 = and i1 %icmp_ln86_1513, i1 %xor_ln104_717" [firmware/BDT.h:102]   --->   Operation 154 'and' 'and_ln102_1655' <Predicate = true> <Delay = 0.00> <CoreInst = "LogicGate">   --->   Core 74 'LogicGate' <Latency = 0> <II = 1> <Delay = 0.97> <FuncUnit> <Opcode : 'and' 'or' 'xor'> <InPorts = 2> <OutPorts = 1>
ST_7 : Operation 155 [1/1] (0.00ns) (grouped into LUT with out node select_ln117_1470)   --->   "%and_ln102_1656 = and i1 %and_ln102_1655, i1 %and_ln102_1627" [firmware/BDT.h:102]   --->   Operation 155 'and' 'and_ln102_1656' <Predicate = true> <Delay = 0.00> <CoreInst = "LogicGate">   --->   Core 74 'LogicGate' <Latency = 0> <II = 1> <Delay = 0.97> <FuncUnit> <Opcode : 'and' 'or' 'xor'> <InPorts = 2> <OutPorts = 1>
ST_7 : Operation 156 [1/1] (0.00ns) (grouped into LUT with out node select_ln117_1472)   --->   "%and_ln102_1657 = and i1 %icmp_ln86_1514, i1 %and_ln102_1635" [firmware/BDT.h:102]   --->   Operation 156 'and' 'and_ln102_1657' <Predicate = true> <Delay = 0.00> <CoreInst = "LogicGate">   --->   Core 74 'LogicGate' <Latency = 0> <II = 1> <Delay = 0.97> <FuncUnit> <Opcode : 'and' 'or' 'xor'> <InPorts = 2> <OutPorts = 1>
ST_7 : Operation 157 [1/1] (0.00ns) (grouped into LUT with out node select_ln117_1470)   --->   "%or_ln117_1326 = or i1 %or_ln117_1325, i1 %and_ln102_1656" [firmware/BDT.h:117]   --->   Operation 157 'or' 'or_ln117_1326' <Predicate = true> <Delay = 0.00> <CoreInst = "LogicGate">   --->   Core 74 'LogicGate' <Latency = 0> <II = 1> <Delay = 0.97> <FuncUnit> <Opcode : 'and' 'or' 'xor'> <InPorts = 2> <OutPorts = 1>
ST_7 : Operation 158 [1/1] (0.97ns)   --->   "%or_ln117_1327 = or i1 %or_ln117_1323, i1 %and_ln102_1627" [firmware/BDT.h:117]   --->   Operation 158 'or' 'or_ln117_1327' <Predicate = true> <Delay = 0.97> <CoreInst = "LogicGate">   --->   Core 74 'LogicGate' <Latency = 0> <II = 1> <Delay = 0.97> <FuncUnit> <Opcode : 'and' 'or' 'xor'> <InPorts = 2> <OutPorts = 1>
ST_7 : Operation 159 [1/1] (0.00ns) (grouped into LUT with out node select_ln117_1470)   --->   "%select_ln117_1469 = select i1 %or_ln117_1326, i5 %select_ln117_1468, i5 27" [firmware/BDT.h:117]   --->   Operation 159 'select' 'select_ln117_1469' <Predicate = true> <Delay = 0.00> <CoreInst = "Sel">   --->   Core 73 'Sel' <Latency = 0> <II = 1> <Delay = 1.21> <FuncUnit> <Opcode : 'select'> <InPorts = 3> <OutPorts = 1>
ST_7 : Operation 160 [1/1] (0.00ns) (grouped into LUT with out node select_ln117_1472)   --->   "%or_ln117_1328 = or i1 %or_ln117_1327, i1 %and_ln102_1657" [firmware/BDT.h:117]   --->   Operation 160 'or' 'or_ln117_1328' <Predicate = true> <Delay = 0.00> <CoreInst = "LogicGate">   --->   Core 74 'LogicGate' <Latency = 0> <II = 1> <Delay = 0.97> <FuncUnit> <Opcode : 'and' 'or' 'xor'> <InPorts = 2> <OutPorts = 1>
ST_7 : Operation 161 [1/1] (1.21ns) (out node of the LUT)   --->   "%select_ln117_1470 = select i1 %or_ln117_1327, i5 %select_ln117_1469, i5 28" [firmware/BDT.h:117]   --->   Operation 161 'select' 'select_ln117_1470' <Predicate = true> <Delay = 1.21> <CoreInst = "Sel">   --->   Core 73 'Sel' <Latency = 0> <II = 1> <Delay = 1.21> <FuncUnit> <Opcode : 'select'> <InPorts = 3> <OutPorts = 1>
ST_7 : Operation 162 [1/1] (0.97ns)   --->   "%or_ln117_1329 = or i1 %or_ln117_1327, i1 %and_ln102_1635" [firmware/BDT.h:117]   --->   Operation 162 'or' 'or_ln117_1329' <Predicate = true> <Delay = 0.97> <CoreInst = "LogicGate">   --->   Core 74 'LogicGate' <Latency = 0> <II = 1> <Delay = 0.97> <FuncUnit> <Opcode : 'and' 'or' 'xor'> <InPorts = 2> <OutPorts = 1>
ST_7 : Operation 163 [1/1] (0.00ns) (grouped into LUT with out node select_ln117_1472)   --->   "%select_ln117_1471 = select i1 %or_ln117_1328, i5 %select_ln117_1470, i5 29" [firmware/BDT.h:117]   --->   Operation 163 'select' 'select_ln117_1471' <Predicate = true> <Delay = 0.00> <CoreInst = "Sel">   --->   Core 73 'Sel' <Latency = 0> <II = 1> <Delay = 1.21> <FuncUnit> <Opcode : 'select'> <InPorts = 3> <OutPorts = 1>
ST_7 : Operation 164 [1/1] (1.21ns) (out node of the LUT)   --->   "%select_ln117_1472 = select i1 %or_ln117_1329, i5 %select_ln117_1471, i5 30" [firmware/BDT.h:117]   --->   Operation 164 'select' 'select_ln117_1472' <Predicate = true> <Delay = 1.21> <CoreInst = "Sel">   --->   Core 73 'Sel' <Latency = 0> <II = 1> <Delay = 1.21> <FuncUnit> <Opcode : 'select'> <InPorts = 3> <OutPorts = 1>

State 8 <SV = 7> <Delay = 3.20>
ST_8 : Operation 165 [1/1] (0.00ns)   --->   "%specpipeline_ln53 = specpipeline void @_ssdm_op_SpecPipeline, i32 1, i32 0, i32 0, i32 0, void @empty_13" [firmware/BDT.h:53]   --->   Operation 165 'specpipeline' 'specpipeline_ln53' <Predicate = true> <Delay = 0.00>
ST_8 : Operation 166 [1/1] (0.00ns) (grouped into LUT with out node agg_result)   --->   "%xor_ln104_718 = xor i1 %icmp_ln86_1499, i1 1" [firmware/BDT.h:104]   --->   Operation 166 'xor' 'xor_ln104_718' <Predicate = true> <Delay = 0.00> <CoreInst = "LogicGate">   --->   Core 74 'LogicGate' <Latency = 0> <II = 1> <Delay = 0.97> <FuncUnit> <Opcode : 'and' 'or' 'xor'> <InPorts = 2> <OutPorts = 1>
ST_8 : Operation 167 [1/1] (0.00ns) (grouped into LUT with out node agg_result)   --->   "%and_ln102_1658 = and i1 %icmp_ln86_1515, i1 %xor_ln104_718" [firmware/BDT.h:102]   --->   Operation 167 'and' 'and_ln102_1658' <Predicate = true> <Delay = 0.00> <CoreInst = "LogicGate">   --->   Core 74 'LogicGate' <Latency = 0> <II = 1> <Delay = 0.97> <FuncUnit> <Opcode : 'and' 'or' 'xor'> <InPorts = 2> <OutPorts = 1>
ST_8 : Operation 168 [1/1] (0.00ns) (grouped into LUT with out node agg_result)   --->   "%and_ln102_1659 = and i1 %and_ln102_1658, i1 %and_ln104_275" [firmware/BDT.h:102]   --->   Operation 168 'and' 'and_ln102_1659' <Predicate = true> <Delay = 0.00> <CoreInst = "LogicGate">   --->   Core 74 'LogicGate' <Latency = 0> <II = 1> <Delay = 0.97> <FuncUnit> <Opcode : 'and' 'or' 'xor'> <InPorts = 2> <OutPorts = 1>
ST_8 : Operation 169 [1/1] (0.00ns) (grouped into LUT with out node agg_result)   --->   "%or_ln117_1330 = or i1 %or_ln117_1329, i1 %and_ln102_1659" [firmware/BDT.h:117]   --->   Operation 169 'or' 'or_ln117_1330' <Predicate = true> <Delay = 0.00> <CoreInst = "LogicGate">   --->   Core 74 'LogicGate' <Latency = 0> <II = 1> <Delay = 0.97> <FuncUnit> <Opcode : 'and' 'or' 'xor'> <InPorts = 2> <OutPorts = 1>
ST_8 : Operation 170 [1/1] (0.00ns) (grouped into LUT with out node agg_result)   --->   "%select_ln117_1473 = select i1 %or_ln117_1330, i5 %select_ln117_1472, i5 31" [firmware/BDT.h:117]   --->   Operation 170 'select' 'select_ln117_1473' <Predicate = true> <Delay = 0.00> <CoreInst = "Sel">   --->   Core 73 'Sel' <Latency = 0> <II = 1> <Delay = 1.21> <FuncUnit> <Opcode : 'select'> <InPorts = 3> <OutPorts = 1>
ST_8 : Operation 171 [1/1] (3.20ns) (out node of the LUT)   --->   "%agg_result = sparsemux i12 @_ssdm_op_SparseMux.ap_auto.32i12.i12.i5, i5 0, i12 1943, i5 1, i12 1805, i5 2, i12 1659, i5 3, i12 1505, i5 4, i12 1157, i5 5, i12 1338, i5 6, i12 784, i5 7, i12 1030, i5 8, i12 629, i5 9, i12 344, i5 10, i12 108, i5 11, i12 558, i5 12, i12 3908, i5 13, i12 159, i5 14, i12 3678, i5 15, i12 3922, i5 16, i12 139, i5 17, i12 3917, i5 18, i12 162, i5 19, i12 676, i5 20, i12 3708, i5 21, i12 3523, i5 22, i12 3809, i5 23, i12 4057, i5 24, i12 3480, i5 25, i12 3600, i5 26, i12 3618, i5 27, i12 3829, i5 28, i12 126, i5 29, i12 3836, i5 30, i12 3862, i5 31, i12 3532, i12 0, i5 %select_ln117_1473" [firmware/BDT.h:118]   --->   Operation 171 'sparsemux' 'agg_result' <Predicate = true> <Delay = 3.20> <CoreInst = "BinarySparseMux_DontCare">   --->   Core 137 'BinarySparseMux_DontCare' <Latency = 0> <II = 1> <Delay = 3.20> <FuncUnit> <Opcode : 'sparsemux'> <InPorts = 2> <OutPorts = 1>
ST_8 : Operation 172 [1/1] (0.00ns)   --->   "%ret_ln122 = ret i12 %agg_result" [firmware/BDT.h:122]   --->   Operation 172 'ret' 'ret_ln122' <Predicate = true> <Delay = 0.00>


============================================================
+ Verbose Summary: Timing violations
============================================================
Target clock period: 5.000ns, clock uncertainty: 1.350ns.

 <State 1>: 3.114ns
The critical path consists of the following:
	wire read operation ('p_read1010', firmware/BDT.h:86) on port 'p_read10' (firmware/BDT.h:86) [12]  (0.000 ns)
	'icmp' operation 1 bit ('icmp_ln86_1486', firmware/BDT.h:86) [23]  (2.136 ns)
	'and' operation 1 bit ('and_ln102', firmware/BDT.h:102) [54]  (0.978 ns)

 <State 2>: 2.934ns
The critical path consists of the following:
	'and' operation 1 bit ('and_ln102_1624', firmware/BDT.h:102) [60]  (0.978 ns)
	'and' operation 1 bit ('and_ln102_1628', firmware/BDT.h:102) [72]  (0.978 ns)
	'or' operation 1 bit ('or_ln117', firmware/BDT.h:117) [114]  (0.978 ns)

 <State 3>: 2.997ns
The critical path consists of the following:
	'and' operation 1 bit ('and_ln102_1636', firmware/BDT.h:102) [88]  (0.000 ns)
	'xor' operation 1 bit ('xor_ln117', firmware/BDT.h:117) [112]  (0.000 ns)
	'select' operation 2 bit ('select_ln117', firmware/BDT.h:117) [115]  (0.000 ns)
	'select' operation 2 bit ('select_ln117_1445', firmware/BDT.h:117) [116]  (0.000 ns)
	'select' operation 3 bit ('select_ln117_1446', firmware/BDT.h:117) [119]  (0.993 ns)
	'select' operation 3 bit ('select_ln117_1447', firmware/BDT.h:117) [121]  (0.000 ns)
	'select' operation 3 bit ('select_ln117_1448', firmware/BDT.h:117) [123]  (0.980 ns)
	'select' operation 3 bit ('select_ln117_1449', firmware/BDT.h:117) [124]  (0.000 ns)
	'select' operation 4 bit ('select_ln117_1450', firmware/BDT.h:117) [127]  (1.024 ns)

 <State 4>: 3.072ns
The critical path consists of the following:
	'and' operation 1 bit ('and_ln102_1642', firmware/BDT.h:102) [94]  (0.000 ns)
	'or' operation 1 bit ('or_ln117_1309', firmware/BDT.h:117) [126]  (0.000 ns)
	'select' operation 4 bit ('select_ln117_1451', firmware/BDT.h:117) [129]  (0.000 ns)
	'select' operation 4 bit ('select_ln117_1452', firmware/BDT.h:117) [131]  (1.024 ns)
	'select' operation 4 bit ('select_ln117_1453', firmware/BDT.h:117) [133]  (0.000 ns)
	'select' operation 4 bit ('select_ln117_1454', firmware/BDT.h:117) [135]  (1.024 ns)
	'select' operation 4 bit ('select_ln117_1455', firmware/BDT.h:117) [137]  (0.000 ns)
	'select' operation 4 bit ('select_ln117_1456', firmware/BDT.h:117) [139]  (1.024 ns)

 <State 5>: 3.645ns
The critical path consists of the following:
	'xor' operation 1 bit ('xor_ln104_714', firmware/BDT.h:104) [79]  (0.000 ns)
	'and' operation 1 bit ('and_ln102_1646', firmware/BDT.h:102) [98]  (0.000 ns)
	'and' operation 1 bit ('and_ln102_1647', firmware/BDT.h:102) [99]  (0.000 ns)
	'or' operation 1 bit ('or_ln117_1315', firmware/BDT.h:117) [138]  (0.000 ns)
	'select' operation 4 bit ('select_ln117_1457', firmware/BDT.h:117) [140]  (0.000 ns)
	'select' operation 5 bit ('select_ln117_1458', firmware/BDT.h:117) [143]  (1.215 ns)
	'select' operation 5 bit ('select_ln117_1459', firmware/BDT.h:117) [145]  (0.000 ns)
	'select' operation 5 bit ('select_ln117_1460', firmware/BDT.h:117) [147]  (1.215 ns)
	'select' operation 5 bit ('select_ln117_1461', firmware/BDT.h:117) [149]  (0.000 ns)
	'select' operation 5 bit ('select_ln117_1462', firmware/BDT.h:117) [151]  (1.215 ns)

 <State 6>: 3.645ns
The critical path consists of the following:
	'and' operation 1 bit ('and_ln102_1651', firmware/BDT.h:102) [103]  (0.000 ns)
	'or' operation 1 bit ('or_ln117_1320', firmware/BDT.h:117) [150]  (0.000 ns)
	'select' operation 5 bit ('select_ln117_1463', firmware/BDT.h:117) [153]  (0.000 ns)
	'select' operation 5 bit ('select_ln117_1464', firmware/BDT.h:117) [155]  (1.215 ns)
	'select' operation 5 bit ('select_ln117_1465', firmware/BDT.h:117) [157]  (0.000 ns)
	'select' operation 5 bit ('select_ln117_1466', firmware/BDT.h:117) [159]  (1.215 ns)
	'select' operation 5 bit ('select_ln117_1467', firmware/BDT.h:117) [161]  (0.000 ns)
	'select' operation 5 bit ('select_ln117_1468', firmware/BDT.h:117) [163]  (1.215 ns)

 <State 7>: 3.408ns
The critical path consists of the following:
	'or' operation 1 bit ('or_ln117_1327', firmware/BDT.h:117) [164]  (0.978 ns)
	'select' operation 5 bit ('select_ln117_1470', firmware/BDT.h:117) [167]  (1.215 ns)
	'select' operation 5 bit ('select_ln117_1471', firmware/BDT.h:117) [169]  (0.000 ns)
	'select' operation 5 bit ('select_ln117_1472', firmware/BDT.h:117) [171]  (1.215 ns)

 <State 8>: 3.205ns
The critical path consists of the following:
	'xor' operation 1 bit ('xor_ln104_718', firmware/BDT.h:104) [87]  (0.000 ns)
	'and' operation 1 bit ('and_ln102_1658', firmware/BDT.h:102) [110]  (0.000 ns)
	'and' operation 1 bit ('and_ln102_1659', firmware/BDT.h:102) [111]  (0.000 ns)
	'or' operation 1 bit ('or_ln117_1330', firmware/BDT.h:117) [170]  (0.000 ns)
	'select' operation 5 bit ('select_ln117_1473', firmware/BDT.h:117) [172]  (0.000 ns)
	'sparsemux' operation 12 bit ('agg_result', firmware/BDT.h:118) [173]  (3.205 ns)


============================================================
+ Verbose Summary: Binding
============================================================
N/A
* FSMD analyzer results:
  - Output states:
 - Input state : 
  - Chain level:
	State 1
	State 2
	State 3
	State 4
	State 5
	State 6
	State 7
	State 8


============================================================
+ Verbose Summary: Datapath Resource usage 
============================================================
N/A
