

================================================================
== Vitis HLS Report for 'decision_function_86'
================================================================
* Date:           Tue Mar 11 16:21:54 2025

* Version:        2024.2 (Build 5238294 on Nov  8 2024)
* Project:        conifer_jettag
* Solution:       solution1 (Vivado IP Flow Target)
* Product family: zynq
* Target device:  xc7z020-clg400-1


================================================================
== Performance Estimates
================================================================
+ Timing: 
    * Summary: 
    +--------+---------+----------+------------+
    |  Clock |  Target | Estimated| Uncertainty|
    +--------+---------+----------+------------+
    |ap_clk  |  5.00 ns|  3.645 ns|     1.35 ns|
    +--------+---------+----------+------------+

+ Latency: 
    * Summary: 
    +---------+---------+-----------+-----------+-----+-----+---------+
    |  Latency (cycles) |   Latency (absolute)  |  Interval | Pipeline|
    |   min   |   max   |    min    |    max    | min | max |   Type  |
    +---------+---------+-----------+-----------+-----+-----+---------+
    |        7|        7|  35.000 ns|  35.000 ns|    1|    1|      yes|
    +---------+---------+-----------+-----------+-----+-----+---------+

    + Detail: 
        * Instance: 
        N/A

        * Loop: 
        N/A

============================================================
+ Verbose Summary: Synthesis Manager
============================================================
InlineROM: 1
ExposeGlobal: 0
============================================================
+ Verbose Summary: CDFG Model
============================================================
IsTopModel: 0
ResetActiveHigh: 1
IsCombinational: 0
IsDatapathOnly: 0
HasWiredReturn: 1
HasMFsm: 2
HasVarLatency: 0
IsPipeline: 1
IsRtlPipelined: 1
IsInstanceOverlapped: 0
IsDontTouch: 0
HasImplIP: 0
IsGatedGlobalClock: 0

+ Individual pipeline summary: 
  * Pipeline-0: initiation interval (II) = 1, depth = 8


============================================================
+ Verbose Summary: Schedule
============================================================
* Number of FSM states : 8
* Pipeline : 1
  Pipeline-0 : II = 1, D = 8, States = { 1 2 3 4 5 6 7 8 }
* Dataflow Pipeline: 0

* FSM state transitions: 
1 --> 2 
2 --> 3 
3 --> 4 
4 --> 5 
5 --> 6 
6 --> 7 
7 --> 8 
8 --> 

* FSM state operations: 

State 1 <SV = 0> <Delay = 3.11>
ST_1 : Operation 9 [1/1] (0.00ns)   --->   "%p_read88 = read i18 @_ssdm_op_Read.ap_auto.i18, i18 %p_read8" [firmware/BDT.h:86]   --->   Operation 9 'read' 'p_read88' <Predicate = true> <Delay = 0.00>
ST_1 : Operation 10 [1/1] (0.00ns)   --->   "%p_read77 = read i18 @_ssdm_op_Read.ap_auto.i18, i18 %p_read7" [firmware/BDT.h:86]   --->   Operation 10 'read' 'p_read77' <Predicate = true> <Delay = 0.00>
ST_1 : Operation 11 [1/1] (0.00ns)   --->   "%p_read66 = read i18 @_ssdm_op_Read.ap_auto.i18, i18 %p_read6" [firmware/BDT.h:86]   --->   Operation 11 'read' 'p_read66' <Predicate = true> <Delay = 0.00>
ST_1 : Operation 12 [1/1] (0.00ns)   --->   "%p_read55 = read i18 @_ssdm_op_Read.ap_auto.i18, i18 %p_read5" [firmware/BDT.h:86]   --->   Operation 12 'read' 'p_read55' <Predicate = true> <Delay = 0.00>
ST_1 : Operation 13 [1/1] (0.00ns)   --->   "%p_read44 = read i18 @_ssdm_op_Read.ap_auto.i18, i18 %p_read4" [firmware/BDT.h:86]   --->   Operation 13 'read' 'p_read44' <Predicate = true> <Delay = 0.00>
ST_1 : Operation 14 [1/1] (0.00ns)   --->   "%p_read33 = read i18 @_ssdm_op_Read.ap_auto.i18, i18 %p_read3" [firmware/BDT.h:86]   --->   Operation 14 'read' 'p_read33' <Predicate = true> <Delay = 0.00>
ST_1 : Operation 15 [1/1] (0.00ns)   --->   "%p_read22 = read i18 @_ssdm_op_Read.ap_auto.i18, i18 %p_read2" [firmware/BDT.h:86]   --->   Operation 15 'read' 'p_read22' <Predicate = true> <Delay = 0.00>
ST_1 : Operation 16 [1/1] (0.00ns)   --->   "%p_read11 = read i18 @_ssdm_op_Read.ap_auto.i18, i18 %p_read1" [firmware/BDT.h:86]   --->   Operation 16 'read' 'p_read11' <Predicate = true> <Delay = 0.00>
ST_1 : Operation 17 [1/1] (2.13ns)   --->   "%icmp_ln86 = icmp_slt  i18 %p_read77, i18 661" [firmware/BDT.h:86]   --->   Operation 17 'icmp' 'icmp_ln86' <Predicate = true> <Delay = 2.13> <CoreInst = "Cmp">   --->   Core 9 'Cmp' <Latency = 0> <II = 1> <Delay = 2.13> <FuncUnit> <Opcode : 'seteq' 'setne' 'setle' 'setge' 'setlt' 'setgt'> <InPorts = 2> <OutPorts = 1>
ST_1 : Operation 18 [1/1] (2.13ns)   --->   "%icmp_ln86_379 = icmp_slt  i18 %p_read11, i18 73" [firmware/BDT.h:86]   --->   Operation 18 'icmp' 'icmp_ln86_379' <Predicate = true> <Delay = 2.13> <CoreInst = "Cmp">   --->   Core 9 'Cmp' <Latency = 0> <II = 1> <Delay = 2.13> <FuncUnit> <Opcode : 'seteq' 'setne' 'setle' 'setge' 'setlt' 'setgt'> <InPorts = 2> <OutPorts = 1>
ST_1 : Operation 19 [1/1] (2.13ns)   --->   "%icmp_ln86_380 = icmp_slt  i18 %p_read22, i18 492" [firmware/BDT.h:86]   --->   Operation 19 'icmp' 'icmp_ln86_380' <Predicate = true> <Delay = 2.13> <CoreInst = "Cmp">   --->   Core 9 'Cmp' <Latency = 0> <II = 1> <Delay = 2.13> <FuncUnit> <Opcode : 'seteq' 'setne' 'setle' 'setge' 'setlt' 'setgt'> <InPorts = 2> <OutPorts = 1>
ST_1 : Operation 20 [1/1] (2.13ns)   --->   "%icmp_ln86_381 = icmp_slt  i18 %p_read77, i18 175" [firmware/BDT.h:86]   --->   Operation 20 'icmp' 'icmp_ln86_381' <Predicate = true> <Delay = 2.13> <CoreInst = "Cmp">   --->   Core 9 'Cmp' <Latency = 0> <II = 1> <Delay = 2.13> <FuncUnit> <Opcode : 'seteq' 'setne' 'setle' 'setge' 'setlt' 'setgt'> <InPorts = 2> <OutPorts = 1>
ST_1 : Operation 21 [1/1] (2.13ns)   --->   "%icmp_ln86_382 = icmp_slt  i18 %p_read77, i18 261964" [firmware/BDT.h:86]   --->   Operation 21 'icmp' 'icmp_ln86_382' <Predicate = true> <Delay = 2.13> <CoreInst = "Cmp">   --->   Core 9 'Cmp' <Latency = 0> <II = 1> <Delay = 2.13> <FuncUnit> <Opcode : 'seteq' 'setne' 'setle' 'setge' 'setlt' 'setgt'> <InPorts = 2> <OutPorts = 1>
ST_1 : Operation 22 [1/1] (2.13ns)   --->   "%icmp_ln86_383 = icmp_slt  i18 %p_read88, i18 973" [firmware/BDT.h:86]   --->   Operation 22 'icmp' 'icmp_ln86_383' <Predicate = true> <Delay = 2.13> <CoreInst = "Cmp">   --->   Core 9 'Cmp' <Latency = 0> <II = 1> <Delay = 2.13> <FuncUnit> <Opcode : 'seteq' 'setne' 'setle' 'setge' 'setlt' 'setgt'> <InPorts = 2> <OutPorts = 1>
ST_1 : Operation 23 [1/1] (2.13ns)   --->   "%icmp_ln86_384 = icmp_slt  i18 %p_read77, i18 980" [firmware/BDT.h:86]   --->   Operation 23 'icmp' 'icmp_ln86_384' <Predicate = true> <Delay = 2.13> <CoreInst = "Cmp">   --->   Core 9 'Cmp' <Latency = 0> <II = 1> <Delay = 2.13> <FuncUnit> <Opcode : 'seteq' 'setne' 'setle' 'setge' 'setlt' 'setgt'> <InPorts = 2> <OutPorts = 1>
ST_1 : Operation 24 [1/1] (2.13ns)   --->   "%icmp_ln86_385 = icmp_slt  i18 %p_read55, i18 157" [firmware/BDT.h:86]   --->   Operation 24 'icmp' 'icmp_ln86_385' <Predicate = true> <Delay = 2.13> <CoreInst = "Cmp">   --->   Core 9 'Cmp' <Latency = 0> <II = 1> <Delay = 2.13> <FuncUnit> <Opcode : 'seteq' 'setne' 'setle' 'setge' 'setlt' 'setgt'> <InPorts = 2> <OutPorts = 1>
ST_1 : Operation 25 [1/1] (2.13ns)   --->   "%icmp_ln86_386 = icmp_slt  i18 %p_read88, i18 261747" [firmware/BDT.h:86]   --->   Operation 25 'icmp' 'icmp_ln86_386' <Predicate = true> <Delay = 2.13> <CoreInst = "Cmp">   --->   Core 9 'Cmp' <Latency = 0> <II = 1> <Delay = 2.13> <FuncUnit> <Opcode : 'seteq' 'setne' 'setle' 'setge' 'setlt' 'setgt'> <InPorts = 2> <OutPorts = 1>
ST_1 : Operation 26 [1/1] (2.13ns)   --->   "%icmp_ln86_387 = icmp_slt  i18 %p_read88, i18 1068" [firmware/BDT.h:86]   --->   Operation 26 'icmp' 'icmp_ln86_387' <Predicate = true> <Delay = 2.13> <CoreInst = "Cmp">   --->   Core 9 'Cmp' <Latency = 0> <II = 1> <Delay = 2.13> <FuncUnit> <Opcode : 'seteq' 'setne' 'setle' 'setge' 'setlt' 'setgt'> <InPorts = 2> <OutPorts = 1>
ST_1 : Operation 27 [1/1] (2.13ns)   --->   "%icmp_ln86_388 = icmp_slt  i18 %p_read22, i18 997" [firmware/BDT.h:86]   --->   Operation 27 'icmp' 'icmp_ln86_388' <Predicate = true> <Delay = 2.13> <CoreInst = "Cmp">   --->   Core 9 'Cmp' <Latency = 0> <II = 1> <Delay = 2.13> <FuncUnit> <Opcode : 'seteq' 'setne' 'setle' 'setge' 'setlt' 'setgt'> <InPorts = 2> <OutPorts = 1>
ST_1 : Operation 28 [1/1] (2.13ns)   --->   "%icmp_ln86_389 = icmp_slt  i18 %p_read77, i18 833" [firmware/BDT.h:86]   --->   Operation 28 'icmp' 'icmp_ln86_389' <Predicate = true> <Delay = 2.13> <CoreInst = "Cmp">   --->   Core 9 'Cmp' <Latency = 0> <II = 1> <Delay = 2.13> <FuncUnit> <Opcode : 'seteq' 'setne' 'setle' 'setge' 'setlt' 'setgt'> <InPorts = 2> <OutPorts = 1>
ST_1 : Operation 29 [1/1] (2.13ns)   --->   "%icmp_ln86_390 = icmp_slt  i18 %p_read77, i18 1703" [firmware/BDT.h:86]   --->   Operation 29 'icmp' 'icmp_ln86_390' <Predicate = true> <Delay = 2.13> <CoreInst = "Cmp">   --->   Core 9 'Cmp' <Latency = 0> <II = 1> <Delay = 2.13> <FuncUnit> <Opcode : 'seteq' 'setne' 'setle' 'setge' 'setlt' 'setgt'> <InPorts = 2> <OutPorts = 1>
ST_1 : Operation 30 [1/1] (2.13ns)   --->   "%icmp_ln86_391 = icmp_slt  i18 %p_read22, i18 1356" [firmware/BDT.h:86]   --->   Operation 30 'icmp' 'icmp_ln86_391' <Predicate = true> <Delay = 2.13> <CoreInst = "Cmp">   --->   Core 9 'Cmp' <Latency = 0> <II = 1> <Delay = 2.13> <FuncUnit> <Opcode : 'seteq' 'setne' 'setle' 'setge' 'setlt' 'setgt'> <InPorts = 2> <OutPorts = 1>
ST_1 : Operation 31 [1/1] (2.13ns)   --->   "%icmp_ln86_392 = icmp_slt  i18 %p_read22, i18 869" [firmware/BDT.h:86]   --->   Operation 31 'icmp' 'icmp_ln86_392' <Predicate = true> <Delay = 2.13> <CoreInst = "Cmp">   --->   Core 9 'Cmp' <Latency = 0> <II = 1> <Delay = 2.13> <FuncUnit> <Opcode : 'seteq' 'setne' 'setle' 'setge' 'setlt' 'setgt'> <InPorts = 2> <OutPorts = 1>
ST_1 : Operation 32 [1/1] (2.13ns)   --->   "%icmp_ln86_393 = icmp_slt  i18 %p_read33, i18 261630" [firmware/BDT.h:86]   --->   Operation 32 'icmp' 'icmp_ln86_393' <Predicate = true> <Delay = 2.13> <CoreInst = "Cmp">   --->   Core 9 'Cmp' <Latency = 0> <II = 1> <Delay = 2.13> <FuncUnit> <Opcode : 'seteq' 'setne' 'setle' 'setge' 'setlt' 'setgt'> <InPorts = 2> <OutPorts = 1>
ST_1 : Operation 33 [1/1] (2.13ns)   --->   "%icmp_ln86_394 = icmp_slt  i18 %p_read88, i18 1776" [firmware/BDT.h:86]   --->   Operation 33 'icmp' 'icmp_ln86_394' <Predicate = true> <Delay = 2.13> <CoreInst = "Cmp">   --->   Core 9 'Cmp' <Latency = 0> <II = 1> <Delay = 2.13> <FuncUnit> <Opcode : 'seteq' 'setne' 'setle' 'setge' 'setlt' 'setgt'> <InPorts = 2> <OutPorts = 1>
ST_1 : Operation 34 [1/1] (2.13ns)   --->   "%icmp_ln86_395 = icmp_slt  i18 %p_read77, i18 326" [firmware/BDT.h:86]   --->   Operation 34 'icmp' 'icmp_ln86_395' <Predicate = true> <Delay = 2.13> <CoreInst = "Cmp">   --->   Core 9 'Cmp' <Latency = 0> <II = 1> <Delay = 2.13> <FuncUnit> <Opcode : 'seteq' 'setne' 'setle' 'setge' 'setlt' 'setgt'> <InPorts = 2> <OutPorts = 1>
ST_1 : Operation 35 [1/1] (2.13ns)   --->   "%icmp_ln86_396 = icmp_slt  i18 %p_read22, i18 262047" [firmware/BDT.h:86]   --->   Operation 35 'icmp' 'icmp_ln86_396' <Predicate = true> <Delay = 2.13> <CoreInst = "Cmp">   --->   Core 9 'Cmp' <Latency = 0> <II = 1> <Delay = 2.13> <FuncUnit> <Opcode : 'seteq' 'setne' 'setle' 'setge' 'setlt' 'setgt'> <InPorts = 2> <OutPorts = 1>
ST_1 : Operation 36 [1/1] (2.13ns)   --->   "%icmp_ln86_397 = icmp_slt  i18 %p_read22, i18 261890" [firmware/BDT.h:86]   --->   Operation 36 'icmp' 'icmp_ln86_397' <Predicate = true> <Delay = 2.13> <CoreInst = "Cmp">   --->   Core 9 'Cmp' <Latency = 0> <II = 1> <Delay = 2.13> <FuncUnit> <Opcode : 'seteq' 'setne' 'setle' 'setge' 'setlt' 'setgt'> <InPorts = 2> <OutPorts = 1>
ST_1 : Operation 37 [1/1] (2.13ns)   --->   "%icmp_ln86_398 = icmp_slt  i18 %p_read22, i18 261886" [firmware/BDT.h:86]   --->   Operation 37 'icmp' 'icmp_ln86_398' <Predicate = true> <Delay = 2.13> <CoreInst = "Cmp">   --->   Core 9 'Cmp' <Latency = 0> <II = 1> <Delay = 2.13> <FuncUnit> <Opcode : 'seteq' 'setne' 'setle' 'setge' 'setlt' 'setgt'> <InPorts = 2> <OutPorts = 1>
ST_1 : Operation 38 [1/1] (2.13ns)   --->   "%icmp_ln86_399 = icmp_slt  i18 %p_read88, i18 262125" [firmware/BDT.h:86]   --->   Operation 38 'icmp' 'icmp_ln86_399' <Predicate = true> <Delay = 2.13> <CoreInst = "Cmp">   --->   Core 9 'Cmp' <Latency = 0> <II = 1> <Delay = 2.13> <FuncUnit> <Opcode : 'seteq' 'setne' 'setle' 'setge' 'setlt' 'setgt'> <InPorts = 2> <OutPorts = 1>
ST_1 : Operation 39 [1/1] (2.13ns)   --->   "%icmp_ln86_400 = icmp_slt  i18 %p_read11, i18 1653" [firmware/BDT.h:86]   --->   Operation 39 'icmp' 'icmp_ln86_400' <Predicate = true> <Delay = 2.13> <CoreInst = "Cmp">   --->   Core 9 'Cmp' <Latency = 0> <II = 1> <Delay = 2.13> <FuncUnit> <Opcode : 'seteq' 'setne' 'setle' 'setge' 'setlt' 'setgt'> <InPorts = 2> <OutPorts = 1>
ST_1 : Operation 40 [1/1] (2.13ns)   --->   "%icmp_ln86_401 = icmp_slt  i18 %p_read22, i18 352" [firmware/BDT.h:86]   --->   Operation 40 'icmp' 'icmp_ln86_401' <Predicate = true> <Delay = 2.13> <CoreInst = "Cmp">   --->   Core 9 'Cmp' <Latency = 0> <II = 1> <Delay = 2.13> <FuncUnit> <Opcode : 'seteq' 'setne' 'setle' 'setge' 'setlt' 'setgt'> <InPorts = 2> <OutPorts = 1>
ST_1 : Operation 41 [1/1] (2.13ns)   --->   "%icmp_ln86_402 = icmp_slt  i18 %p_read11, i18 562" [firmware/BDT.h:86]   --->   Operation 41 'icmp' 'icmp_ln86_402' <Predicate = true> <Delay = 2.13> <CoreInst = "Cmp">   --->   Core 9 'Cmp' <Latency = 0> <II = 1> <Delay = 2.13> <FuncUnit> <Opcode : 'seteq' 'setne' 'setle' 'setge' 'setlt' 'setgt'> <InPorts = 2> <OutPorts = 1>
ST_1 : Operation 42 [1/1] (2.13ns)   --->   "%icmp_ln86_403 = icmp_slt  i18 %p_read22, i18 370" [firmware/BDT.h:86]   --->   Operation 42 'icmp' 'icmp_ln86_403' <Predicate = true> <Delay = 2.13> <CoreInst = "Cmp">   --->   Core 9 'Cmp' <Latency = 0> <II = 1> <Delay = 2.13> <FuncUnit> <Opcode : 'seteq' 'setne' 'setle' 'setge' 'setlt' 'setgt'> <InPorts = 2> <OutPorts = 1>
ST_1 : Operation 43 [1/1] (2.13ns)   --->   "%icmp_ln86_404 = icmp_slt  i18 %p_read66, i18 261774" [firmware/BDT.h:86]   --->   Operation 43 'icmp' 'icmp_ln86_404' <Predicate = true> <Delay = 2.13> <CoreInst = "Cmp">   --->   Core 9 'Cmp' <Latency = 0> <II = 1> <Delay = 2.13> <FuncUnit> <Opcode : 'seteq' 'setne' 'setle' 'setge' 'setlt' 'setgt'> <InPorts = 2> <OutPorts = 1>
ST_1 : Operation 44 [1/1] (2.13ns)   --->   "%icmp_ln86_405 = icmp_slt  i18 %p_read22, i18 621" [firmware/BDT.h:86]   --->   Operation 44 'icmp' 'icmp_ln86_405' <Predicate = true> <Delay = 2.13> <CoreInst = "Cmp">   --->   Core 9 'Cmp' <Latency = 0> <II = 1> <Delay = 2.13> <FuncUnit> <Opcode : 'seteq' 'setne' 'setle' 'setge' 'setlt' 'setgt'> <InPorts = 2> <OutPorts = 1>
ST_1 : Operation 45 [1/1] (2.13ns)   --->   "%icmp_ln86_406 = icmp_slt  i18 %p_read44, i18 597" [firmware/BDT.h:86]   --->   Operation 45 'icmp' 'icmp_ln86_406' <Predicate = true> <Delay = 2.13> <CoreInst = "Cmp">   --->   Core 9 'Cmp' <Latency = 0> <II = 1> <Delay = 2.13> <FuncUnit> <Opcode : 'seteq' 'setne' 'setle' 'setge' 'setlt' 'setgt'> <InPorts = 2> <OutPorts = 1>
ST_1 : Operation 46 [1/1] (2.13ns)   --->   "%icmp_ln86_407 = icmp_slt  i18 %p_read88, i18 832" [firmware/BDT.h:86]   --->   Operation 46 'icmp' 'icmp_ln86_407' <Predicate = true> <Delay = 2.13> <CoreInst = "Cmp">   --->   Core 9 'Cmp' <Latency = 0> <II = 1> <Delay = 2.13> <FuncUnit> <Opcode : 'seteq' 'setne' 'setle' 'setge' 'setlt' 'setgt'> <InPorts = 2> <OutPorts = 1>
ST_1 : Operation 47 [1/1] (2.13ns)   --->   "%icmp_ln86_408 = icmp_slt  i18 %p_read77, i18 1218" [firmware/BDT.h:86]   --->   Operation 47 'icmp' 'icmp_ln86_408' <Predicate = true> <Delay = 2.13> <CoreInst = "Cmp">   --->   Core 9 'Cmp' <Latency = 0> <II = 1> <Delay = 2.13> <FuncUnit> <Opcode : 'seteq' 'setne' 'setle' 'setge' 'setlt' 'setgt'> <InPorts = 2> <OutPorts = 1>
ST_1 : Operation 48 [1/1] (0.97ns)   --->   "%and_ln102 = and i1 %icmp_ln86_379, i1 %icmp_ln86" [firmware/BDT.h:102]   --->   Operation 48 'and' 'and_ln102' <Predicate = true> <Delay = 0.97> <CoreInst = "LogicGate">   --->   Core 74 'LogicGate' <Latency = 0> <II = 1> <Delay = 0.97> <FuncUnit> <Opcode : 'and' 'or' 'xor'> <InPorts = 2> <OutPorts = 1>

State 2 <SV = 1> <Delay = 2.93>
ST_2 : Operation 49 [1/1] (0.00ns) (grouped into LUT with out node and_ln104)   --->   "%xor_ln104_180 = xor i1 %icmp_ln86_379, i1 1" [firmware/BDT.h:104]   --->   Operation 49 'xor' 'xor_ln104_180' <Predicate = (icmp_ln86)> <Delay = 0.00> <CoreInst = "LogicGate">   --->   Core 74 'LogicGate' <Latency = 0> <II = 1> <Delay = 0.97> <FuncUnit> <Opcode : 'and' 'or' 'xor'> <InPorts = 2> <OutPorts = 1>
ST_2 : Operation 50 [1/1] (0.97ns) (out node of the LUT)   --->   "%and_ln104 = and i1 %icmp_ln86, i1 %xor_ln104_180" [firmware/BDT.h:104]   --->   Operation 50 'and' 'and_ln104' <Predicate = (icmp_ln86)> <Delay = 0.97> <CoreInst = "LogicGate">   --->   Core 74 'LogicGate' <Latency = 0> <II = 1> <Delay = 0.97> <FuncUnit> <Opcode : 'and' 'or' 'xor'> <InPorts = 2> <OutPorts = 1>
ST_2 : Operation 51 [1/1] (0.97ns)   --->   "%and_ln102_469 = and i1 %icmp_ln86_381, i1 %and_ln102" [firmware/BDT.h:102]   --->   Operation 51 'and' 'and_ln102_469' <Predicate = (and_ln102 & icmp_ln86)> <Delay = 0.97> <CoreInst = "LogicGate">   --->   Core 74 'LogicGate' <Latency = 0> <II = 1> <Delay = 0.97> <FuncUnit> <Opcode : 'and' 'or' 'xor'> <InPorts = 2> <OutPorts = 1>
ST_2 : Operation 52 [1/1] (0.00ns) (grouped into LUT with out node and_ln104_75)   --->   "%xor_ln104_182 = xor i1 %icmp_ln86_381, i1 1" [firmware/BDT.h:104]   --->   Operation 52 'xor' 'xor_ln104_182' <Predicate = (and_ln102 & icmp_ln86)> <Delay = 0.00> <CoreInst = "LogicGate">   --->   Core 74 'LogicGate' <Latency = 0> <II = 1> <Delay = 0.97> <FuncUnit> <Opcode : 'and' 'or' 'xor'> <InPorts = 2> <OutPorts = 1>
ST_2 : Operation 53 [1/1] (0.97ns) (out node of the LUT)   --->   "%and_ln104_75 = and i1 %and_ln102, i1 %xor_ln104_182" [firmware/BDT.h:104]   --->   Operation 53 'and' 'and_ln104_75' <Predicate = (and_ln102 & icmp_ln86)> <Delay = 0.97> <CoreInst = "LogicGate">   --->   Core 74 'LogicGate' <Latency = 0> <II = 1> <Delay = 0.97> <FuncUnit> <Opcode : 'and' 'or' 'xor'> <InPorts = 2> <OutPorts = 1>
ST_2 : Operation 54 [1/1] (0.97ns)   --->   "%and_ln102_473 = and i1 %icmp_ln86_385, i1 %and_ln102_469" [firmware/BDT.h:102]   --->   Operation 54 'and' 'and_ln102_473' <Predicate = (and_ln102 & icmp_ln86)> <Delay = 0.97> <CoreInst = "LogicGate">   --->   Core 74 'LogicGate' <Latency = 0> <II = 1> <Delay = 0.97> <FuncUnit> <Opcode : 'and' 'or' 'xor'> <InPorts = 2> <OutPorts = 1>
ST_2 : Operation 55 [1/1] (0.00ns) (grouped into LUT with out node or_ln117)   --->   "%xor_ln104_186 = xor i1 %icmp_ln86_385, i1 1" [firmware/BDT.h:104]   --->   Operation 55 'xor' 'xor_ln104_186' <Predicate = (and_ln102 & icmp_ln86)> <Delay = 0.00> <CoreInst = "LogicGate">   --->   Core 74 'LogicGate' <Latency = 0> <II = 1> <Delay = 0.97> <FuncUnit> <Opcode : 'and' 'or' 'xor'> <InPorts = 2> <OutPorts = 1>
ST_2 : Operation 56 [1/1] (0.97ns)   --->   "%and_ln102_474 = and i1 %icmp_ln86_386, i1 %and_ln104_75" [firmware/BDT.h:102]   --->   Operation 56 'and' 'and_ln102_474' <Predicate = (and_ln102 & icmp_ln86)> <Delay = 0.97> <CoreInst = "LogicGate">   --->   Core 74 'LogicGate' <Latency = 0> <II = 1> <Delay = 0.97> <FuncUnit> <Opcode : 'and' 'or' 'xor'> <InPorts = 2> <OutPorts = 1>
ST_2 : Operation 57 [1/1] (0.00ns) (grouped into LUT with out node or_ln117)   --->   "%and_ln102_482 = and i1 %icmp_ln86_394, i1 %xor_ln104_186" [firmware/BDT.h:102]   --->   Operation 57 'and' 'and_ln102_482' <Predicate = (and_ln102 & icmp_ln86)> <Delay = 0.00> <CoreInst = "LogicGate">   --->   Core 74 'LogicGate' <Latency = 0> <II = 1> <Delay = 0.97> <FuncUnit> <Opcode : 'and' 'or' 'xor'> <InPorts = 2> <OutPorts = 1>
ST_2 : Operation 58 [1/1] (0.00ns) (grouped into LUT with out node or_ln117)   --->   "%and_ln102_483 = and i1 %and_ln102_482, i1 %and_ln102_469" [firmware/BDT.h:102]   --->   Operation 58 'and' 'and_ln102_483' <Predicate = (and_ln102 & icmp_ln86)> <Delay = 0.00> <CoreInst = "LogicGate">   --->   Core 74 'LogicGate' <Latency = 0> <II = 1> <Delay = 0.97> <FuncUnit> <Opcode : 'and' 'or' 'xor'> <InPorts = 2> <OutPorts = 1>
ST_2 : Operation 59 [1/1] (0.97ns) (out node of the LUT)   --->   "%or_ln117 = or i1 %and_ln102_473, i1 %and_ln102_483" [firmware/BDT.h:117]   --->   Operation 59 'or' 'or_ln117' <Predicate = (and_ln102 & icmp_ln86)> <Delay = 0.97> <CoreInst = "LogicGate">   --->   Core 74 'LogicGate' <Latency = 0> <II = 1> <Delay = 0.97> <FuncUnit> <Opcode : 'and' 'or' 'xor'> <InPorts = 2> <OutPorts = 1>

State 3 <SV = 2> <Delay = 2.99>
ST_3 : Operation 60 [1/1] (0.97ns)   --->   "%xor_ln104 = xor i1 %icmp_ln86, i1 1" [firmware/BDT.h:104]   --->   Operation 60 'xor' 'xor_ln104' <Predicate = true> <Delay = 0.97> <CoreInst = "LogicGate">   --->   Core 74 'LogicGate' <Latency = 0> <II = 1> <Delay = 0.97> <FuncUnit> <Opcode : 'and' 'or' 'xor'> <InPorts = 2> <OutPorts = 1>
ST_3 : Operation 61 [1/1] (0.97ns)   --->   "%and_ln102_470 = and i1 %icmp_ln86_382, i1 %and_ln104" [firmware/BDT.h:102]   --->   Operation 61 'and' 'and_ln102_470' <Predicate = (icmp_ln86)> <Delay = 0.97> <CoreInst = "LogicGate">   --->   Core 74 'LogicGate' <Latency = 0> <II = 1> <Delay = 0.97> <FuncUnit> <Opcode : 'and' 'or' 'xor'> <InPorts = 2> <OutPorts = 1>
ST_3 : Operation 62 [1/1] (0.00ns) (grouped into LUT with out node and_ln104_76)   --->   "%xor_ln104_183 = xor i1 %icmp_ln86_382, i1 1" [firmware/BDT.h:104]   --->   Operation 62 'xor' 'xor_ln104_183' <Predicate = (icmp_ln86)> <Delay = 0.00> <CoreInst = "LogicGate">   --->   Core 74 'LogicGate' <Latency = 0> <II = 1> <Delay = 0.97> <FuncUnit> <Opcode : 'and' 'or' 'xor'> <InPorts = 2> <OutPorts = 1>
ST_3 : Operation 63 [1/1] (0.97ns) (out node of the LUT)   --->   "%and_ln104_76 = and i1 %and_ln104, i1 %xor_ln104_183" [firmware/BDT.h:104]   --->   Operation 63 'and' 'and_ln104_76' <Predicate = (icmp_ln86)> <Delay = 0.97> <CoreInst = "LogicGate">   --->   Core 74 'LogicGate' <Latency = 0> <II = 1> <Delay = 0.97> <FuncUnit> <Opcode : 'and' 'or' 'xor'> <InPorts = 2> <OutPorts = 1>
ST_3 : Operation 64 [1/1] (0.00ns) (grouped into LUT with out node select_ln117_376)   --->   "%xor_ln104_187 = xor i1 %icmp_ln86_386, i1 1" [firmware/BDT.h:104]   --->   Operation 64 'xor' 'xor_ln104_187' <Predicate = (and_ln102 & icmp_ln86)> <Delay = 0.00> <CoreInst = "LogicGate">   --->   Core 74 'LogicGate' <Latency = 0> <II = 1> <Delay = 0.97> <FuncUnit> <Opcode : 'and' 'or' 'xor'> <InPorts = 2> <OutPorts = 1>
ST_3 : Operation 65 [1/1] (0.97ns)   --->   "%and_ln102_475 = and i1 %icmp_ln86_387, i1 %and_ln102_470" [firmware/BDT.h:102]   --->   Operation 65 'and' 'and_ln102_475' <Predicate = (icmp_ln86)> <Delay = 0.97> <CoreInst = "LogicGate">   --->   Core 74 'LogicGate' <Latency = 0> <II = 1> <Delay = 0.97> <FuncUnit> <Opcode : 'and' 'or' 'xor'> <InPorts = 2> <OutPorts = 1>
ST_3 : Operation 66 [1/1] (0.00ns) (grouped into LUT with out node select_ln117_372)   --->   "%and_ln102_481 = and i1 %icmp_ln86_393, i1 %and_ln102_473" [firmware/BDT.h:102]   --->   Operation 66 'and' 'and_ln102_481' <Predicate = (and_ln102_473 & and_ln102_469 & and_ln102 & icmp_ln86 & or_ln117)> <Delay = 0.00> <CoreInst = "LogicGate">   --->   Core 74 'LogicGate' <Latency = 0> <II = 1> <Delay = 0.97> <FuncUnit> <Opcode : 'and' 'or' 'xor'> <InPorts = 2> <OutPorts = 1>
ST_3 : Operation 67 [1/1] (0.00ns) (grouped into LUT with out node select_ln117_374)   --->   "%and_ln102_484 = and i1 %icmp_ln86_395, i1 %and_ln102_474" [firmware/BDT.h:102]   --->   Operation 67 'and' 'and_ln102_484' <Predicate = (and_ln102 & icmp_ln86)> <Delay = 0.00> <CoreInst = "LogicGate">   --->   Core 74 'LogicGate' <Latency = 0> <II = 1> <Delay = 0.97> <FuncUnit> <Opcode : 'and' 'or' 'xor'> <InPorts = 2> <OutPorts = 1>
ST_3 : Operation 68 [1/1] (0.00ns) (grouped into LUT with out node select_ln117_376)   --->   "%and_ln102_485 = and i1 %icmp_ln86_396, i1 %xor_ln104_187" [firmware/BDT.h:102]   --->   Operation 68 'and' 'and_ln102_485' <Predicate = (and_ln102 & icmp_ln86)> <Delay = 0.00> <CoreInst = "LogicGate">   --->   Core 74 'LogicGate' <Latency = 0> <II = 1> <Delay = 0.97> <FuncUnit> <Opcode : 'and' 'or' 'xor'> <InPorts = 2> <OutPorts = 1>
ST_3 : Operation 69 [1/1] (0.00ns) (grouped into LUT with out node select_ln117_376)   --->   "%and_ln102_486 = and i1 %and_ln102_485, i1 %and_ln104_75" [firmware/BDT.h:102]   --->   Operation 69 'and' 'and_ln102_486' <Predicate = (and_ln102 & icmp_ln86)> <Delay = 0.00> <CoreInst = "LogicGate">   --->   Core 74 'LogicGate' <Latency = 0> <II = 1> <Delay = 0.97> <FuncUnit> <Opcode : 'and' 'or' 'xor'> <InPorts = 2> <OutPorts = 1>
ST_3 : Operation 70 [1/1] (0.00ns) (grouped into LUT with out node select_ln117_372)   --->   "%xor_ln117 = xor i1 %and_ln102_481, i1 1" [firmware/BDT.h:117]   --->   Operation 70 'xor' 'xor_ln117' <Predicate = (and_ln102_473 & and_ln102_469 & and_ln102 & icmp_ln86 & or_ln117)> <Delay = 0.00> <CoreInst = "LogicGate">   --->   Core 74 'LogicGate' <Latency = 0> <II = 1> <Delay = 0.97> <FuncUnit> <Opcode : 'and' 'or' 'xor'> <InPorts = 2> <OutPorts = 1>
ST_3 : Operation 71 [1/1] (0.00ns) (grouped into LUT with out node select_ln117_372)   --->   "%zext_ln117 = zext i1 %xor_ln117" [firmware/BDT.h:117]   --->   Operation 71 'zext' 'zext_ln117' <Predicate = (and_ln102_473 & and_ln102_469 & and_ln102 & icmp_ln86 & or_ln117)> <Delay = 0.00>
ST_3 : Operation 72 [1/1] (0.00ns) (grouped into LUT with out node select_ln117_372)   --->   "%select_ln117 = select i1 %and_ln102_473, i2 %zext_ln117, i2 2" [firmware/BDT.h:117]   --->   Operation 72 'select' 'select_ln117' <Predicate = (and_ln102_469 & and_ln102 & icmp_ln86 & or_ln117)> <Delay = 0.00> <CoreInst = "Sel">   --->   Core 73 'Sel' <Latency = 0> <II = 1> <Delay = 0.99> <FuncUnit> <Opcode : 'select'> <InPorts = 3> <OutPorts = 1>
ST_3 : Operation 73 [1/1] (0.00ns) (grouped into LUT with out node select_ln117_372)   --->   "%select_ln117_371 = select i1 %or_ln117, i2 %select_ln117, i2 3" [firmware/BDT.h:117]   --->   Operation 73 'select' 'select_ln117_371' <Predicate = (and_ln102_469 & and_ln102 & icmp_ln86)> <Delay = 0.00> <CoreInst = "Sel">   --->   Core 73 'Sel' <Latency = 0> <II = 1> <Delay = 0.99> <FuncUnit> <Opcode : 'select'> <InPorts = 3> <OutPorts = 1>
ST_3 : Operation 74 [1/1] (0.00ns) (grouped into LUT with out node select_ln117_372)   --->   "%zext_ln117_40 = zext i2 %select_ln117_371" [firmware/BDT.h:117]   --->   Operation 74 'zext' 'zext_ln117_40' <Predicate = (and_ln102_469 & and_ln102 & icmp_ln86)> <Delay = 0.00>
ST_3 : Operation 75 [1/1] (0.00ns) (grouped into LUT with out node select_ln117_374)   --->   "%or_ln117_345 = or i1 %and_ln102_469, i1 %and_ln102_484" [firmware/BDT.h:117]   --->   Operation 75 'or' 'or_ln117_345' <Predicate = (and_ln102 & icmp_ln86)> <Delay = 0.00> <CoreInst = "LogicGate">   --->   Core 74 'LogicGate' <Latency = 0> <II = 1> <Delay = 0.97> <FuncUnit> <Opcode : 'and' 'or' 'xor'> <InPorts = 2> <OutPorts = 1>
ST_3 : Operation 76 [1/1] (0.99ns) (out node of the LUT)   --->   "%select_ln117_372 = select i1 %and_ln102_469, i3 %zext_ln117_40, i3 4" [firmware/BDT.h:117]   --->   Operation 76 'select' 'select_ln117_372' <Predicate = (and_ln102 & icmp_ln86)> <Delay = 0.99> <CoreInst = "Sel">   --->   Core 73 'Sel' <Latency = 0> <II = 1> <Delay = 0.98> <FuncUnit> <Opcode : 'select'> <InPorts = 3> <OutPorts = 1>
ST_3 : Operation 77 [1/1] (0.97ns)   --->   "%or_ln117_346 = or i1 %and_ln102_469, i1 %and_ln102_474" [firmware/BDT.h:117]   --->   Operation 77 'or' 'or_ln117_346' <Predicate = (and_ln102 & icmp_ln86)> <Delay = 0.97> <CoreInst = "LogicGate">   --->   Core 74 'LogicGate' <Latency = 0> <II = 1> <Delay = 0.97> <FuncUnit> <Opcode : 'and' 'or' 'xor'> <InPorts = 2> <OutPorts = 1>
ST_3 : Operation 78 [1/1] (0.00ns) (grouped into LUT with out node select_ln117_374)   --->   "%select_ln117_373 = select i1 %or_ln117_345, i3 %select_ln117_372, i3 5" [firmware/BDT.h:117]   --->   Operation 78 'select' 'select_ln117_373' <Predicate = (and_ln102 & icmp_ln86)> <Delay = 0.00> <CoreInst = "Sel">   --->   Core 73 'Sel' <Latency = 0> <II = 1> <Delay = 0.98> <FuncUnit> <Opcode : 'select'> <InPorts = 3> <OutPorts = 1>
ST_3 : Operation 79 [1/1] (0.00ns) (grouped into LUT with out node select_ln117_376)   --->   "%or_ln117_347 = or i1 %or_ln117_346, i1 %and_ln102_486" [firmware/BDT.h:117]   --->   Operation 79 'or' 'or_ln117_347' <Predicate = (and_ln102 & icmp_ln86)> <Delay = 0.00> <CoreInst = "LogicGate">   --->   Core 74 'LogicGate' <Latency = 0> <II = 1> <Delay = 0.97> <FuncUnit> <Opcode : 'and' 'or' 'xor'> <InPorts = 2> <OutPorts = 1>
ST_3 : Operation 80 [1/1] (0.98ns) (out node of the LUT)   --->   "%select_ln117_374 = select i1 %or_ln117_346, i3 %select_ln117_373, i3 6" [firmware/BDT.h:117]   --->   Operation 80 'select' 'select_ln117_374' <Predicate = (and_ln102 & icmp_ln86)> <Delay = 0.98> <CoreInst = "Sel">   --->   Core 73 'Sel' <Latency = 0> <II = 1> <Delay = 0.98> <FuncUnit> <Opcode : 'select'> <InPorts = 3> <OutPorts = 1>
ST_3 : Operation 81 [1/1] (0.00ns) (grouped into LUT with out node select_ln117_376)   --->   "%select_ln117_375 = select i1 %or_ln117_347, i3 %select_ln117_374, i3 7" [firmware/BDT.h:117]   --->   Operation 81 'select' 'select_ln117_375' <Predicate = (and_ln102 & icmp_ln86)> <Delay = 0.00> <CoreInst = "Sel">   --->   Core 73 'Sel' <Latency = 0> <II = 1> <Delay = 0.98> <FuncUnit> <Opcode : 'select'> <InPorts = 3> <OutPorts = 1>
ST_3 : Operation 82 [1/1] (0.00ns) (grouped into LUT with out node select_ln117_376)   --->   "%zext_ln117_41 = zext i3 %select_ln117_375" [firmware/BDT.h:117]   --->   Operation 82 'zext' 'zext_ln117_41' <Predicate = (and_ln102 & icmp_ln86)> <Delay = 0.00>
ST_3 : Operation 83 [1/1] (1.02ns) (out node of the LUT)   --->   "%select_ln117_376 = select i1 %and_ln102, i4 %zext_ln117_41, i4 8" [firmware/BDT.h:117]   --->   Operation 83 'select' 'select_ln117_376' <Predicate = (icmp_ln86)> <Delay = 1.02> <CoreInst = "Sel">   --->   Core 73 'Sel' <Latency = 0> <II = 1> <Delay = 1.02> <FuncUnit> <Opcode : 'select'> <InPorts = 3> <OutPorts = 1>
ST_3 : Operation 84 [1/1] (0.97ns)   --->   "%or_ln117_349 = or i1 %and_ln102, i1 %and_ln102_475" [firmware/BDT.h:117]   --->   Operation 84 'or' 'or_ln117_349' <Predicate = (icmp_ln86)> <Delay = 0.97> <CoreInst = "LogicGate">   --->   Core 74 'LogicGate' <Latency = 0> <II = 1> <Delay = 0.97> <FuncUnit> <Opcode : 'and' 'or' 'xor'> <InPorts = 2> <OutPorts = 1>

State 4 <SV = 3> <Delay = 3.07>
ST_4 : Operation 85 [1/1] (0.97ns)   --->   "%and_ln102_468 = and i1 %icmp_ln86_380, i1 %xor_ln104" [firmware/BDT.h:102]   --->   Operation 85 'and' 'and_ln102_468' <Predicate = true> <Delay = 0.97> <CoreInst = "LogicGate">   --->   Core 74 'LogicGate' <Latency = 0> <II = 1> <Delay = 0.97> <FuncUnit> <Opcode : 'and' 'or' 'xor'> <InPorts = 2> <OutPorts = 1>
ST_4 : Operation 86 [1/1] (0.00ns) (grouped into LUT with out node and_ln104_74)   --->   "%xor_ln104_181 = xor i1 %icmp_ln86_380, i1 1" [firmware/BDT.h:104]   --->   Operation 86 'xor' 'xor_ln104_181' <Predicate = true> <Delay = 0.00> <CoreInst = "LogicGate">   --->   Core 74 'LogicGate' <Latency = 0> <II = 1> <Delay = 0.97> <FuncUnit> <Opcode : 'and' 'or' 'xor'> <InPorts = 2> <OutPorts = 1>
ST_4 : Operation 87 [1/1] (0.97ns) (out node of the LUT)   --->   "%and_ln104_74 = and i1 %xor_ln104_181, i1 %xor_ln104" [firmware/BDT.h:104]   --->   Operation 87 'and' 'and_ln104_74' <Predicate = true> <Delay = 0.97> <CoreInst = "LogicGate">   --->   Core 74 'LogicGate' <Latency = 0> <II = 1> <Delay = 0.97> <FuncUnit> <Opcode : 'and' 'or' 'xor'> <InPorts = 2> <OutPorts = 1>
ST_4 : Operation 88 [1/1] (0.97ns)   --->   "%and_ln102_471 = and i1 %icmp_ln86_383, i1 %and_ln102_468" [firmware/BDT.h:102]   --->   Operation 88 'and' 'and_ln102_471' <Predicate = true> <Delay = 0.97> <CoreInst = "LogicGate">   --->   Core 74 'LogicGate' <Latency = 0> <II = 1> <Delay = 0.97> <FuncUnit> <Opcode : 'and' 'or' 'xor'> <InPorts = 2> <OutPorts = 1>
ST_4 : Operation 89 [1/1] (0.00ns) (grouped into LUT with out node select_ln117_380)   --->   "%xor_ln104_188 = xor i1 %icmp_ln86_387, i1 1" [firmware/BDT.h:104]   --->   Operation 89 'xor' 'xor_ln104_188' <Predicate = (icmp_ln86)> <Delay = 0.00> <CoreInst = "LogicGate">   --->   Core 74 'LogicGate' <Latency = 0> <II = 1> <Delay = 0.97> <FuncUnit> <Opcode : 'and' 'or' 'xor'> <InPorts = 2> <OutPorts = 1>
ST_4 : Operation 90 [1/1] (0.97ns)   --->   "%and_ln102_476 = and i1 %icmp_ln86_388, i1 %and_ln104_76" [firmware/BDT.h:102]   --->   Operation 90 'and' 'and_ln102_476' <Predicate = (icmp_ln86)> <Delay = 0.97> <CoreInst = "LogicGate">   --->   Core 74 'LogicGate' <Latency = 0> <II = 1> <Delay = 0.97> <FuncUnit> <Opcode : 'and' 'or' 'xor'> <InPorts = 2> <OutPorts = 1>
ST_4 : Operation 91 [1/1] (0.97ns)   --->   "%and_ln102_477 = and i1 %icmp_ln86_389, i1 %and_ln102_471" [firmware/BDT.h:102]   --->   Operation 91 'and' 'and_ln102_477' <Predicate = true> <Delay = 0.97> <CoreInst = "LogicGate">   --->   Core 74 'LogicGate' <Latency = 0> <II = 1> <Delay = 0.97> <FuncUnit> <Opcode : 'and' 'or' 'xor'> <InPorts = 2> <OutPorts = 1>
ST_4 : Operation 92 [1/1] (0.00ns) (grouped into LUT with out node select_ln117_378)   --->   "%and_ln102_487 = and i1 %icmp_ln86_397, i1 %and_ln102_475" [firmware/BDT.h:102]   --->   Operation 92 'and' 'and_ln102_487' <Predicate = (icmp_ln86 & or_ln117_349)> <Delay = 0.00> <CoreInst = "LogicGate">   --->   Core 74 'LogicGate' <Latency = 0> <II = 1> <Delay = 0.97> <FuncUnit> <Opcode : 'and' 'or' 'xor'> <InPorts = 2> <OutPorts = 1>
ST_4 : Operation 93 [1/1] (0.00ns) (grouped into LUT with out node select_ln117_380)   --->   "%and_ln102_488 = and i1 %icmp_ln86_398, i1 %xor_ln104_188" [firmware/BDT.h:102]   --->   Operation 93 'and' 'and_ln102_488' <Predicate = (icmp_ln86)> <Delay = 0.00> <CoreInst = "LogicGate">   --->   Core 74 'LogicGate' <Latency = 0> <II = 1> <Delay = 0.97> <FuncUnit> <Opcode : 'and' 'or' 'xor'> <InPorts = 2> <OutPorts = 1>
ST_4 : Operation 94 [1/1] (0.00ns) (grouped into LUT with out node select_ln117_380)   --->   "%and_ln102_489 = and i1 %and_ln102_488, i1 %and_ln102_470" [firmware/BDT.h:102]   --->   Operation 94 'and' 'and_ln102_489' <Predicate = (icmp_ln86)> <Delay = 0.00> <CoreInst = "LogicGate">   --->   Core 74 'LogicGate' <Latency = 0> <II = 1> <Delay = 0.97> <FuncUnit> <Opcode : 'and' 'or' 'xor'> <InPorts = 2> <OutPorts = 1>
ST_4 : Operation 95 [1/1] (0.00ns) (grouped into LUT with out node select_ln117_382)   --->   "%and_ln102_490 = and i1 %icmp_ln86_399, i1 %and_ln102_476" [firmware/BDT.h:102]   --->   Operation 95 'and' 'and_ln102_490' <Predicate = (icmp_ln86)> <Delay = 0.00> <CoreInst = "LogicGate">   --->   Core 74 'LogicGate' <Latency = 0> <II = 1> <Delay = 0.97> <FuncUnit> <Opcode : 'and' 'or' 'xor'> <InPorts = 2> <OutPorts = 1>
ST_4 : Operation 96 [1/1] (0.00ns) (grouped into LUT with out node select_ln117_378)   --->   "%or_ln117_348 = or i1 %and_ln102, i1 %and_ln102_487" [firmware/BDT.h:117]   --->   Operation 96 'or' 'or_ln117_348' <Predicate = (icmp_ln86 & or_ln117_349)> <Delay = 0.00> <CoreInst = "LogicGate">   --->   Core 74 'LogicGate' <Latency = 0> <II = 1> <Delay = 0.97> <FuncUnit> <Opcode : 'and' 'or' 'xor'> <InPorts = 2> <OutPorts = 1>
ST_4 : Operation 97 [1/1] (0.00ns) (grouped into LUT with out node select_ln117_378)   --->   "%select_ln117_377 = select i1 %or_ln117_348, i4 %select_ln117_376, i4 9" [firmware/BDT.h:117]   --->   Operation 97 'select' 'select_ln117_377' <Predicate = (icmp_ln86 & or_ln117_349)> <Delay = 0.00> <CoreInst = "Sel">   --->   Core 73 'Sel' <Latency = 0> <II = 1> <Delay = 1.02> <FuncUnit> <Opcode : 'select'> <InPorts = 3> <OutPorts = 1>
ST_4 : Operation 98 [1/1] (0.00ns) (grouped into LUT with out node select_ln117_380)   --->   "%or_ln117_350 = or i1 %or_ln117_349, i1 %and_ln102_489" [firmware/BDT.h:117]   --->   Operation 98 'or' 'or_ln117_350' <Predicate = (icmp_ln86)> <Delay = 0.00> <CoreInst = "LogicGate">   --->   Core 74 'LogicGate' <Latency = 0> <II = 1> <Delay = 0.97> <FuncUnit> <Opcode : 'and' 'or' 'xor'> <InPorts = 2> <OutPorts = 1>
ST_4 : Operation 99 [1/1] (1.02ns) (out node of the LUT)   --->   "%select_ln117_378 = select i1 %or_ln117_349, i4 %select_ln117_377, i4 10" [firmware/BDT.h:117]   --->   Operation 99 'select' 'select_ln117_378' <Predicate = (icmp_ln86)> <Delay = 1.02> <CoreInst = "Sel">   --->   Core 73 'Sel' <Latency = 0> <II = 1> <Delay = 1.02> <FuncUnit> <Opcode : 'select'> <InPorts = 3> <OutPorts = 1>
ST_4 : Operation 100 [1/1] (0.97ns)   --->   "%or_ln117_351 = or i1 %and_ln102, i1 %and_ln102_470" [firmware/BDT.h:117]   --->   Operation 100 'or' 'or_ln117_351' <Predicate = (icmp_ln86)> <Delay = 0.97> <CoreInst = "LogicGate">   --->   Core 74 'LogicGate' <Latency = 0> <II = 1> <Delay = 0.97> <FuncUnit> <Opcode : 'and' 'or' 'xor'> <InPorts = 2> <OutPorts = 1>
ST_4 : Operation 101 [1/1] (0.00ns) (grouped into LUT with out node select_ln117_380)   --->   "%select_ln117_379 = select i1 %or_ln117_350, i4 %select_ln117_378, i4 11" [firmware/BDT.h:117]   --->   Operation 101 'select' 'select_ln117_379' <Predicate = (icmp_ln86)> <Delay = 0.00> <CoreInst = "Sel">   --->   Core 73 'Sel' <Latency = 0> <II = 1> <Delay = 1.02> <FuncUnit> <Opcode : 'select'> <InPorts = 3> <OutPorts = 1>
ST_4 : Operation 102 [1/1] (0.00ns) (grouped into LUT with out node select_ln117_382)   --->   "%or_ln117_352 = or i1 %or_ln117_351, i1 %and_ln102_490" [firmware/BDT.h:117]   --->   Operation 102 'or' 'or_ln117_352' <Predicate = (icmp_ln86)> <Delay = 0.00> <CoreInst = "LogicGate">   --->   Core 74 'LogicGate' <Latency = 0> <II = 1> <Delay = 0.97> <FuncUnit> <Opcode : 'and' 'or' 'xor'> <InPorts = 2> <OutPorts = 1>
ST_4 : Operation 103 [1/1] (1.02ns) (out node of the LUT)   --->   "%select_ln117_380 = select i1 %or_ln117_351, i4 %select_ln117_379, i4 12" [firmware/BDT.h:117]   --->   Operation 103 'select' 'select_ln117_380' <Predicate = (icmp_ln86)> <Delay = 1.02> <CoreInst = "Sel">   --->   Core 73 'Sel' <Latency = 0> <II = 1> <Delay = 1.02> <FuncUnit> <Opcode : 'select'> <InPorts = 3> <OutPorts = 1>
ST_4 : Operation 104 [1/1] (0.97ns)   --->   "%or_ln117_353 = or i1 %or_ln117_351, i1 %and_ln102_476" [firmware/BDT.h:117]   --->   Operation 104 'or' 'or_ln117_353' <Predicate = (icmp_ln86)> <Delay = 0.97> <CoreInst = "LogicGate">   --->   Core 74 'LogicGate' <Latency = 0> <II = 1> <Delay = 0.97> <FuncUnit> <Opcode : 'and' 'or' 'xor'> <InPorts = 2> <OutPorts = 1>
ST_4 : Operation 105 [1/1] (0.00ns) (grouped into LUT with out node select_ln117_382)   --->   "%select_ln117_381 = select i1 %or_ln117_352, i4 %select_ln117_380, i4 13" [firmware/BDT.h:117]   --->   Operation 105 'select' 'select_ln117_381' <Predicate = (icmp_ln86)> <Delay = 0.00> <CoreInst = "Sel">   --->   Core 73 'Sel' <Latency = 0> <II = 1> <Delay = 1.02> <FuncUnit> <Opcode : 'select'> <InPorts = 3> <OutPorts = 1>
ST_4 : Operation 106 [1/1] (1.02ns) (out node of the LUT)   --->   "%select_ln117_382 = select i1 %or_ln117_353, i4 %select_ln117_381, i4 14" [firmware/BDT.h:117]   --->   Operation 106 'select' 'select_ln117_382' <Predicate = (icmp_ln86)> <Delay = 1.02> <CoreInst = "Sel">   --->   Core 73 'Sel' <Latency = 0> <II = 1> <Delay = 1.02> <FuncUnit> <Opcode : 'select'> <InPorts = 3> <OutPorts = 1>

State 5 <SV = 4> <Delay = 3.64>
ST_5 : Operation 107 [1/1] (0.00ns) (grouped into LUT with out node and_ln104_77)   --->   "%xor_ln104_184 = xor i1 %icmp_ln86_383, i1 1" [firmware/BDT.h:104]   --->   Operation 107 'xor' 'xor_ln104_184' <Predicate = true> <Delay = 0.00> <CoreInst = "LogicGate">   --->   Core 74 'LogicGate' <Latency = 0> <II = 1> <Delay = 0.97> <FuncUnit> <Opcode : 'and' 'or' 'xor'> <InPorts = 2> <OutPorts = 1>
ST_5 : Operation 108 [1/1] (0.97ns) (out node of the LUT)   --->   "%and_ln104_77 = and i1 %and_ln102_468, i1 %xor_ln104_184" [firmware/BDT.h:104]   --->   Operation 108 'and' 'and_ln104_77' <Predicate = true> <Delay = 0.97> <CoreInst = "LogicGate">   --->   Core 74 'LogicGate' <Latency = 0> <II = 1> <Delay = 0.97> <FuncUnit> <Opcode : 'and' 'or' 'xor'> <InPorts = 2> <OutPorts = 1>
ST_5 : Operation 109 [1/1] (0.97ns)   --->   "%and_ln102_472 = and i1 %icmp_ln86_384, i1 %and_ln104_74" [firmware/BDT.h:102]   --->   Operation 109 'and' 'and_ln102_472' <Predicate = true> <Delay = 0.97> <CoreInst = "LogicGate">   --->   Core 74 'LogicGate' <Latency = 0> <II = 1> <Delay = 0.97> <FuncUnit> <Opcode : 'and' 'or' 'xor'> <InPorts = 2> <OutPorts = 1>
ST_5 : Operation 110 [1/1] (0.00ns) (grouped into LUT with out node and_ln104_78)   --->   "%xor_ln104_185 = xor i1 %icmp_ln86_384, i1 1" [firmware/BDT.h:104]   --->   Operation 110 'xor' 'xor_ln104_185' <Predicate = true> <Delay = 0.00> <CoreInst = "LogicGate">   --->   Core 74 'LogicGate' <Latency = 0> <II = 1> <Delay = 0.97> <FuncUnit> <Opcode : 'and' 'or' 'xor'> <InPorts = 2> <OutPorts = 1>
ST_5 : Operation 111 [1/1] (0.97ns) (out node of the LUT)   --->   "%and_ln104_78 = and i1 %and_ln104_74, i1 %xor_ln104_185" [firmware/BDT.h:104]   --->   Operation 111 'and' 'and_ln104_78' <Predicate = true> <Delay = 0.97> <CoreInst = "LogicGate">   --->   Core 74 'LogicGate' <Latency = 0> <II = 1> <Delay = 0.97> <FuncUnit> <Opcode : 'and' 'or' 'xor'> <InPorts = 2> <OutPorts = 1>
ST_5 : Operation 112 [1/1] (0.00ns) (grouped into LUT with out node select_ln117_384)   --->   "%xor_ln104_189 = xor i1 %icmp_ln86_388, i1 1" [firmware/BDT.h:104]   --->   Operation 112 'xor' 'xor_ln104_189' <Predicate = (icmp_ln86)> <Delay = 0.00> <CoreInst = "LogicGate">   --->   Core 74 'LogicGate' <Latency = 0> <II = 1> <Delay = 0.97> <FuncUnit> <Opcode : 'and' 'or' 'xor'> <InPorts = 2> <OutPorts = 1>
ST_5 : Operation 113 [1/1] (0.00ns) (grouped into LUT with out node select_ln117_388)   --->   "%xor_ln104_190 = xor i1 %icmp_ln86_389, i1 1" [firmware/BDT.h:104]   --->   Operation 113 'xor' 'xor_ln104_190' <Predicate = true> <Delay = 0.00> <CoreInst = "LogicGate">   --->   Core 74 'LogicGate' <Latency = 0> <II = 1> <Delay = 0.97> <FuncUnit> <Opcode : 'and' 'or' 'xor'> <InPorts = 2> <OutPorts = 1>
ST_5 : Operation 114 [1/1] (0.97ns)   --->   "%and_ln102_478 = and i1 %icmp_ln86_390, i1 %and_ln104_77" [firmware/BDT.h:102]   --->   Operation 114 'and' 'and_ln102_478' <Predicate = true> <Delay = 0.97> <CoreInst = "LogicGate">   --->   Core 74 'LogicGate' <Latency = 0> <II = 1> <Delay = 0.97> <FuncUnit> <Opcode : 'and' 'or' 'xor'> <InPorts = 2> <OutPorts = 1>
ST_5 : Operation 115 [1/1] (0.00ns) (grouped into LUT with out node select_ln117_384)   --->   "%and_ln102_491 = and i1 %icmp_ln86_400, i1 %xor_ln104_189" [firmware/BDT.h:102]   --->   Operation 115 'and' 'and_ln102_491' <Predicate = (icmp_ln86)> <Delay = 0.00> <CoreInst = "LogicGate">   --->   Core 74 'LogicGate' <Latency = 0> <II = 1> <Delay = 0.97> <FuncUnit> <Opcode : 'and' 'or' 'xor'> <InPorts = 2> <OutPorts = 1>
ST_5 : Operation 116 [1/1] (0.00ns) (grouped into LUT with out node select_ln117_384)   --->   "%and_ln102_492 = and i1 %and_ln102_491, i1 %and_ln104_76" [firmware/BDT.h:102]   --->   Operation 116 'and' 'and_ln102_492' <Predicate = (icmp_ln86)> <Delay = 0.00> <CoreInst = "LogicGate">   --->   Core 74 'LogicGate' <Latency = 0> <II = 1> <Delay = 0.97> <FuncUnit> <Opcode : 'and' 'or' 'xor'> <InPorts = 2> <OutPorts = 1>
ST_5 : Operation 117 [1/1] (0.00ns) (grouped into LUT with out node select_ln117_386)   --->   "%and_ln102_493 = and i1 %icmp_ln86_401, i1 %and_ln102_477" [firmware/BDT.h:102]   --->   Operation 117 'and' 'and_ln102_493' <Predicate = true> <Delay = 0.00> <CoreInst = "LogicGate">   --->   Core 74 'LogicGate' <Latency = 0> <II = 1> <Delay = 0.97> <FuncUnit> <Opcode : 'and' 'or' 'xor'> <InPorts = 2> <OutPorts = 1>
ST_5 : Operation 118 [1/1] (0.00ns) (grouped into LUT with out node select_ln117_388)   --->   "%and_ln102_494 = and i1 %icmp_ln86_402, i1 %xor_ln104_190" [firmware/BDT.h:102]   --->   Operation 118 'and' 'and_ln102_494' <Predicate = true> <Delay = 0.00> <CoreInst = "LogicGate">   --->   Core 74 'LogicGate' <Latency = 0> <II = 1> <Delay = 0.97> <FuncUnit> <Opcode : 'and' 'or' 'xor'> <InPorts = 2> <OutPorts = 1>
ST_5 : Operation 119 [1/1] (0.00ns) (grouped into LUT with out node select_ln117_388)   --->   "%and_ln102_495 = and i1 %and_ln102_494, i1 %and_ln102_471" [firmware/BDT.h:102]   --->   Operation 119 'and' 'and_ln102_495' <Predicate = true> <Delay = 0.00> <CoreInst = "LogicGate">   --->   Core 74 'LogicGate' <Latency = 0> <II = 1> <Delay = 0.97> <FuncUnit> <Opcode : 'and' 'or' 'xor'> <InPorts = 2> <OutPorts = 1>
ST_5 : Operation 120 [1/1] (0.00ns) (grouped into LUT with out node select_ln117_384)   --->   "%or_ln117_354 = or i1 %or_ln117_353, i1 %and_ln102_492" [firmware/BDT.h:117]   --->   Operation 120 'or' 'or_ln117_354' <Predicate = (icmp_ln86)> <Delay = 0.00> <CoreInst = "LogicGate">   --->   Core 74 'LogicGate' <Latency = 0> <II = 1> <Delay = 0.97> <FuncUnit> <Opcode : 'and' 'or' 'xor'> <InPorts = 2> <OutPorts = 1>
ST_5 : Operation 121 [1/1] (0.00ns) (grouped into LUT with out node select_ln117_384)   --->   "%select_ln117_383 = select i1 %or_ln117_354, i4 %select_ln117_382, i4 15" [firmware/BDT.h:117]   --->   Operation 121 'select' 'select_ln117_383' <Predicate = (icmp_ln86)> <Delay = 0.00> <CoreInst = "Sel">   --->   Core 73 'Sel' <Latency = 0> <II = 1> <Delay = 1.02> <FuncUnit> <Opcode : 'select'> <InPorts = 3> <OutPorts = 1>
ST_5 : Operation 122 [1/1] (0.00ns) (grouped into LUT with out node select_ln117_384)   --->   "%zext_ln117_42 = zext i4 %select_ln117_383" [firmware/BDT.h:117]   --->   Operation 122 'zext' 'zext_ln117_42' <Predicate = (icmp_ln86)> <Delay = 0.00>
ST_5 : Operation 123 [1/1] (0.00ns) (grouped into LUT with out node select_ln117_386)   --->   "%or_ln117_355 = or i1 %icmp_ln86, i1 %and_ln102_493" [firmware/BDT.h:117]   --->   Operation 123 'or' 'or_ln117_355' <Predicate = true> <Delay = 0.00> <CoreInst = "LogicGate">   --->   Core 74 'LogicGate' <Latency = 0> <II = 1> <Delay = 0.97> <FuncUnit> <Opcode : 'and' 'or' 'xor'> <InPorts = 2> <OutPorts = 1>
ST_5 : Operation 124 [1/1] (1.21ns) (out node of the LUT)   --->   "%select_ln117_384 = select i1 %icmp_ln86, i5 %zext_ln117_42, i5 16" [firmware/BDT.h:117]   --->   Operation 124 'select' 'select_ln117_384' <Predicate = true> <Delay = 1.21> <CoreInst = "Sel">   --->   Core 73 'Sel' <Latency = 0> <II = 1> <Delay = 1.21> <FuncUnit> <Opcode : 'select'> <InPorts = 3> <OutPorts = 1>
ST_5 : Operation 125 [1/1] (0.97ns)   --->   "%or_ln117_356 = or i1 %icmp_ln86, i1 %and_ln102_477" [firmware/BDT.h:117]   --->   Operation 125 'or' 'or_ln117_356' <Predicate = true> <Delay = 0.97> <CoreInst = "LogicGate">   --->   Core 74 'LogicGate' <Latency = 0> <II = 1> <Delay = 0.97> <FuncUnit> <Opcode : 'and' 'or' 'xor'> <InPorts = 2> <OutPorts = 1>
ST_5 : Operation 126 [1/1] (0.00ns) (grouped into LUT with out node select_ln117_386)   --->   "%select_ln117_385 = select i1 %or_ln117_355, i5 %select_ln117_384, i5 17" [firmware/BDT.h:117]   --->   Operation 126 'select' 'select_ln117_385' <Predicate = true> <Delay = 0.00> <CoreInst = "Sel">   --->   Core 73 'Sel' <Latency = 0> <II = 1> <Delay = 1.21> <FuncUnit> <Opcode : 'select'> <InPorts = 3> <OutPorts = 1>
ST_5 : Operation 127 [1/1] (0.00ns) (grouped into LUT with out node select_ln117_388)   --->   "%or_ln117_357 = or i1 %or_ln117_356, i1 %and_ln102_495" [firmware/BDT.h:117]   --->   Operation 127 'or' 'or_ln117_357' <Predicate = true> <Delay = 0.00> <CoreInst = "LogicGate">   --->   Core 74 'LogicGate' <Latency = 0> <II = 1> <Delay = 0.97> <FuncUnit> <Opcode : 'and' 'or' 'xor'> <InPorts = 2> <OutPorts = 1>
ST_5 : Operation 128 [1/1] (1.21ns) (out node of the LUT)   --->   "%select_ln117_386 = select i1 %or_ln117_356, i5 %select_ln117_385, i5 18" [firmware/BDT.h:117]   --->   Operation 128 'select' 'select_ln117_386' <Predicate = true> <Delay = 1.21> <CoreInst = "Sel">   --->   Core 73 'Sel' <Latency = 0> <II = 1> <Delay = 1.21> <FuncUnit> <Opcode : 'select'> <InPorts = 3> <OutPorts = 1>
ST_5 : Operation 129 [1/1] (0.97ns)   --->   "%or_ln117_358 = or i1 %icmp_ln86, i1 %and_ln102_471" [firmware/BDT.h:117]   --->   Operation 129 'or' 'or_ln117_358' <Predicate = true> <Delay = 0.97> <CoreInst = "LogicGate">   --->   Core 74 'LogicGate' <Latency = 0> <II = 1> <Delay = 0.97> <FuncUnit> <Opcode : 'and' 'or' 'xor'> <InPorts = 2> <OutPorts = 1>
ST_5 : Operation 130 [1/1] (0.00ns) (grouped into LUT with out node select_ln117_388)   --->   "%select_ln117_387 = select i1 %or_ln117_357, i5 %select_ln117_386, i5 19" [firmware/BDT.h:117]   --->   Operation 130 'select' 'select_ln117_387' <Predicate = true> <Delay = 0.00> <CoreInst = "Sel">   --->   Core 73 'Sel' <Latency = 0> <II = 1> <Delay = 1.21> <FuncUnit> <Opcode : 'select'> <InPorts = 3> <OutPorts = 1>
ST_5 : Operation 131 [1/1] (1.21ns) (out node of the LUT)   --->   "%select_ln117_388 = select i1 %or_ln117_358, i5 %select_ln117_387, i5 20" [firmware/BDT.h:117]   --->   Operation 131 'select' 'select_ln117_388' <Predicate = true> <Delay = 1.21> <CoreInst = "Sel">   --->   Core 73 'Sel' <Latency = 0> <II = 1> <Delay = 1.21> <FuncUnit> <Opcode : 'select'> <InPorts = 3> <OutPorts = 1>
ST_5 : Operation 132 [1/1] (0.97ns)   --->   "%or_ln117_360 = or i1 %or_ln117_358, i1 %and_ln102_478" [firmware/BDT.h:117]   --->   Operation 132 'or' 'or_ln117_360' <Predicate = true> <Delay = 0.97> <CoreInst = "LogicGate">   --->   Core 74 'LogicGate' <Latency = 0> <II = 1> <Delay = 0.97> <FuncUnit> <Opcode : 'and' 'or' 'xor'> <InPorts = 2> <OutPorts = 1>
ST_5 : Operation 133 [1/1] (0.97ns)   --->   "%or_ln117_362 = or i1 %icmp_ln86, i1 %and_ln102_468" [firmware/BDT.h:117]   --->   Operation 133 'or' 'or_ln117_362' <Predicate = true> <Delay = 0.97> <CoreInst = "LogicGate">   --->   Core 74 'LogicGate' <Latency = 0> <II = 1> <Delay = 0.97> <FuncUnit> <Opcode : 'and' 'or' 'xor'> <InPorts = 2> <OutPorts = 1>

State 6 <SV = 5> <Delay = 3.64>
ST_6 : Operation 134 [1/1] (0.00ns) (grouped into LUT with out node select_ln117_392)   --->   "%xor_ln104_191 = xor i1 %icmp_ln86_390, i1 1" [firmware/BDT.h:104]   --->   Operation 134 'xor' 'xor_ln104_191' <Predicate = (or_ln117_362)> <Delay = 0.00> <CoreInst = "LogicGate">   --->   Core 74 'LogicGate' <Latency = 0> <II = 1> <Delay = 0.97> <FuncUnit> <Opcode : 'and' 'or' 'xor'> <InPorts = 2> <OutPorts = 1>
ST_6 : Operation 135 [1/1] (0.97ns)   --->   "%and_ln102_479 = and i1 %icmp_ln86_391, i1 %and_ln102_472" [firmware/BDT.h:102]   --->   Operation 135 'and' 'and_ln102_479' <Predicate = true> <Delay = 0.97> <CoreInst = "LogicGate">   --->   Core 74 'LogicGate' <Latency = 0> <II = 1> <Delay = 0.97> <FuncUnit> <Opcode : 'and' 'or' 'xor'> <InPorts = 2> <OutPorts = 1>
ST_6 : Operation 136 [1/1] (0.00ns) (grouped into LUT with out node select_ln117_390)   --->   "%and_ln102_496 = and i1 %icmp_ln86_403, i1 %and_ln102_478" [firmware/BDT.h:102]   --->   Operation 136 'and' 'and_ln102_496' <Predicate = (or_ln117_360 & or_ln117_362)> <Delay = 0.00> <CoreInst = "LogicGate">   --->   Core 74 'LogicGate' <Latency = 0> <II = 1> <Delay = 0.97> <FuncUnit> <Opcode : 'and' 'or' 'xor'> <InPorts = 2> <OutPorts = 1>
ST_6 : Operation 137 [1/1] (0.00ns) (grouped into LUT with out node select_ln117_392)   --->   "%and_ln102_497 = and i1 %icmp_ln86_404, i1 %xor_ln104_191" [firmware/BDT.h:102]   --->   Operation 137 'and' 'and_ln102_497' <Predicate = (or_ln117_362)> <Delay = 0.00> <CoreInst = "LogicGate">   --->   Core 74 'LogicGate' <Latency = 0> <II = 1> <Delay = 0.97> <FuncUnit> <Opcode : 'and' 'or' 'xor'> <InPorts = 2> <OutPorts = 1>
ST_6 : Operation 138 [1/1] (0.00ns) (grouped into LUT with out node select_ln117_392)   --->   "%and_ln102_498 = and i1 %and_ln102_497, i1 %and_ln104_77" [firmware/BDT.h:102]   --->   Operation 138 'and' 'and_ln102_498' <Predicate = (or_ln117_362)> <Delay = 0.00> <CoreInst = "LogicGate">   --->   Core 74 'LogicGate' <Latency = 0> <II = 1> <Delay = 0.97> <FuncUnit> <Opcode : 'and' 'or' 'xor'> <InPorts = 2> <OutPorts = 1>
ST_6 : Operation 139 [1/1] (0.00ns) (grouped into LUT with out node select_ln117_394)   --->   "%and_ln102_499 = and i1 %icmp_ln86_405, i1 %and_ln102_479" [firmware/BDT.h:102]   --->   Operation 139 'and' 'and_ln102_499' <Predicate = true> <Delay = 0.00> <CoreInst = "LogicGate">   --->   Core 74 'LogicGate' <Latency = 0> <II = 1> <Delay = 0.97> <FuncUnit> <Opcode : 'and' 'or' 'xor'> <InPorts = 2> <OutPorts = 1>
ST_6 : Operation 140 [1/1] (0.00ns) (grouped into LUT with out node select_ln117_390)   --->   "%or_ln117_359 = or i1 %or_ln117_358, i1 %and_ln102_496" [firmware/BDT.h:117]   --->   Operation 140 'or' 'or_ln117_359' <Predicate = (or_ln117_360 & or_ln117_362)> <Delay = 0.00> <CoreInst = "LogicGate">   --->   Core 74 'LogicGate' <Latency = 0> <II = 1> <Delay = 0.97> <FuncUnit> <Opcode : 'and' 'or' 'xor'> <InPorts = 2> <OutPorts = 1>
ST_6 : Operation 141 [1/1] (0.00ns) (grouped into LUT with out node select_ln117_390)   --->   "%select_ln117_389 = select i1 %or_ln117_359, i5 %select_ln117_388, i5 21" [firmware/BDT.h:117]   --->   Operation 141 'select' 'select_ln117_389' <Predicate = (or_ln117_360 & or_ln117_362)> <Delay = 0.00> <CoreInst = "Sel">   --->   Core 73 'Sel' <Latency = 0> <II = 1> <Delay = 1.21> <FuncUnit> <Opcode : 'select'> <InPorts = 3> <OutPorts = 1>
ST_6 : Operation 142 [1/1] (0.00ns) (grouped into LUT with out node select_ln117_392)   --->   "%or_ln117_361 = or i1 %or_ln117_360, i1 %and_ln102_498" [firmware/BDT.h:117]   --->   Operation 142 'or' 'or_ln117_361' <Predicate = (or_ln117_362)> <Delay = 0.00> <CoreInst = "LogicGate">   --->   Core 74 'LogicGate' <Latency = 0> <II = 1> <Delay = 0.97> <FuncUnit> <Opcode : 'and' 'or' 'xor'> <InPorts = 2> <OutPorts = 1>
ST_6 : Operation 143 [1/1] (1.21ns) (out node of the LUT)   --->   "%select_ln117_390 = select i1 %or_ln117_360, i5 %select_ln117_389, i5 22" [firmware/BDT.h:117]   --->   Operation 143 'select' 'select_ln117_390' <Predicate = (or_ln117_362)> <Delay = 1.21> <CoreInst = "Sel">   --->   Core 73 'Sel' <Latency = 0> <II = 1> <Delay = 1.21> <FuncUnit> <Opcode : 'select'> <InPorts = 3> <OutPorts = 1>
ST_6 : Operation 144 [1/1] (0.00ns) (grouped into LUT with out node select_ln117_392)   --->   "%select_ln117_391 = select i1 %or_ln117_361, i5 %select_ln117_390, i5 23" [firmware/BDT.h:117]   --->   Operation 144 'select' 'select_ln117_391' <Predicate = (or_ln117_362)> <Delay = 0.00> <CoreInst = "Sel">   --->   Core 73 'Sel' <Latency = 0> <II = 1> <Delay = 1.21> <FuncUnit> <Opcode : 'select'> <InPorts = 3> <OutPorts = 1>
ST_6 : Operation 145 [1/1] (0.00ns) (grouped into LUT with out node select_ln117_394)   --->   "%or_ln117_363 = or i1 %or_ln117_362, i1 %and_ln102_499" [firmware/BDT.h:117]   --->   Operation 145 'or' 'or_ln117_363' <Predicate = true> <Delay = 0.00> <CoreInst = "LogicGate">   --->   Core 74 'LogicGate' <Latency = 0> <II = 1> <Delay = 0.97> <FuncUnit> <Opcode : 'and' 'or' 'xor'> <InPorts = 2> <OutPorts = 1>
ST_6 : Operation 146 [1/1] (1.21ns) (out node of the LUT)   --->   "%select_ln117_392 = select i1 %or_ln117_362, i5 %select_ln117_391, i5 24" [firmware/BDT.h:117]   --->   Operation 146 'select' 'select_ln117_392' <Predicate = true> <Delay = 1.21> <CoreInst = "Sel">   --->   Core 73 'Sel' <Latency = 0> <II = 1> <Delay = 1.21> <FuncUnit> <Opcode : 'select'> <InPorts = 3> <OutPorts = 1>
ST_6 : Operation 147 [1/1] (0.97ns)   --->   "%or_ln117_364 = or i1 %or_ln117_362, i1 %and_ln102_479" [firmware/BDT.h:117]   --->   Operation 147 'or' 'or_ln117_364' <Predicate = true> <Delay = 0.97> <CoreInst = "LogicGate">   --->   Core 74 'LogicGate' <Latency = 0> <II = 1> <Delay = 0.97> <FuncUnit> <Opcode : 'and' 'or' 'xor'> <InPorts = 2> <OutPorts = 1>
ST_6 : Operation 148 [1/1] (0.00ns) (grouped into LUT with out node select_ln117_394)   --->   "%select_ln117_393 = select i1 %or_ln117_363, i5 %select_ln117_392, i5 25" [firmware/BDT.h:117]   --->   Operation 148 'select' 'select_ln117_393' <Predicate = true> <Delay = 0.00> <CoreInst = "Sel">   --->   Core 73 'Sel' <Latency = 0> <II = 1> <Delay = 1.21> <FuncUnit> <Opcode : 'select'> <InPorts = 3> <OutPorts = 1>
ST_6 : Operation 149 [1/1] (1.21ns) (out node of the LUT)   --->   "%select_ln117_394 = select i1 %or_ln117_364, i5 %select_ln117_393, i5 26" [firmware/BDT.h:117]   --->   Operation 149 'select' 'select_ln117_394' <Predicate = true> <Delay = 1.21> <CoreInst = "Sel">   --->   Core 73 'Sel' <Latency = 0> <II = 1> <Delay = 1.21> <FuncUnit> <Opcode : 'select'> <InPorts = 3> <OutPorts = 1>

State 7 <SV = 6> <Delay = 3.40>
ST_7 : Operation 150 [1/1] (0.00ns) (grouped into LUT with out node select_ln117_396)   --->   "%xor_ln104_192 = xor i1 %icmp_ln86_391, i1 1" [firmware/BDT.h:104]   --->   Operation 150 'xor' 'xor_ln104_192' <Predicate = true> <Delay = 0.00> <CoreInst = "LogicGate">   --->   Core 74 'LogicGate' <Latency = 0> <II = 1> <Delay = 0.97> <FuncUnit> <Opcode : 'and' 'or' 'xor'> <InPorts = 2> <OutPorts = 1>
ST_7 : Operation 151 [1/1] (0.97ns)   --->   "%and_ln102_480 = and i1 %icmp_ln86_392, i1 %and_ln104_78" [firmware/BDT.h:102]   --->   Operation 151 'and' 'and_ln102_480' <Predicate = true> <Delay = 0.97> <CoreInst = "LogicGate">   --->   Core 74 'LogicGate' <Latency = 0> <II = 1> <Delay = 0.97> <FuncUnit> <Opcode : 'and' 'or' 'xor'> <InPorts = 2> <OutPorts = 1>
ST_7 : Operation 152 [1/1] (0.00ns) (grouped into LUT with out node select_ln117_396)   --->   "%and_ln102_500 = and i1 %icmp_ln86_406, i1 %xor_ln104_192" [firmware/BDT.h:102]   --->   Operation 152 'and' 'and_ln102_500' <Predicate = true> <Delay = 0.00> <CoreInst = "LogicGate">   --->   Core 74 'LogicGate' <Latency = 0> <II = 1> <Delay = 0.97> <FuncUnit> <Opcode : 'and' 'or' 'xor'> <InPorts = 2> <OutPorts = 1>
ST_7 : Operation 153 [1/1] (0.00ns) (grouped into LUT with out node select_ln117_396)   --->   "%and_ln102_501 = and i1 %and_ln102_500, i1 %and_ln102_472" [firmware/BDT.h:102]   --->   Operation 153 'and' 'and_ln102_501' <Predicate = true> <Delay = 0.00> <CoreInst = "LogicGate">   --->   Core 74 'LogicGate' <Latency = 0> <II = 1> <Delay = 0.97> <FuncUnit> <Opcode : 'and' 'or' 'xor'> <InPorts = 2> <OutPorts = 1>
ST_7 : Operation 154 [1/1] (0.00ns) (grouped into LUT with out node select_ln117_398)   --->   "%and_ln102_502 = and i1 %icmp_ln86_407, i1 %and_ln102_480" [firmware/BDT.h:102]   --->   Operation 154 'and' 'and_ln102_502' <Predicate = true> <Delay = 0.00> <CoreInst = "LogicGate">   --->   Core 74 'LogicGate' <Latency = 0> <II = 1> <Delay = 0.97> <FuncUnit> <Opcode : 'and' 'or' 'xor'> <InPorts = 2> <OutPorts = 1>
ST_7 : Operation 155 [1/1] (0.00ns) (grouped into LUT with out node select_ln117_396)   --->   "%or_ln117_365 = or i1 %or_ln117_364, i1 %and_ln102_501" [firmware/BDT.h:117]   --->   Operation 155 'or' 'or_ln117_365' <Predicate = true> <Delay = 0.00> <CoreInst = "LogicGate">   --->   Core 74 'LogicGate' <Latency = 0> <II = 1> <Delay = 0.97> <FuncUnit> <Opcode : 'and' 'or' 'xor'> <InPorts = 2> <OutPorts = 1>
ST_7 : Operation 156 [1/1] (0.97ns)   --->   "%or_ln117_366 = or i1 %or_ln117_362, i1 %and_ln102_472" [firmware/BDT.h:117]   --->   Operation 156 'or' 'or_ln117_366' <Predicate = true> <Delay = 0.97> <CoreInst = "LogicGate">   --->   Core 74 'LogicGate' <Latency = 0> <II = 1> <Delay = 0.97> <FuncUnit> <Opcode : 'and' 'or' 'xor'> <InPorts = 2> <OutPorts = 1>
ST_7 : Operation 157 [1/1] (0.00ns) (grouped into LUT with out node select_ln117_396)   --->   "%select_ln117_395 = select i1 %or_ln117_365, i5 %select_ln117_394, i5 27" [firmware/BDT.h:117]   --->   Operation 157 'select' 'select_ln117_395' <Predicate = true> <Delay = 0.00> <CoreInst = "Sel">   --->   Core 73 'Sel' <Latency = 0> <II = 1> <Delay = 1.21> <FuncUnit> <Opcode : 'select'> <InPorts = 3> <OutPorts = 1>
ST_7 : Operation 158 [1/1] (0.00ns) (grouped into LUT with out node select_ln117_398)   --->   "%or_ln117_367 = or i1 %or_ln117_366, i1 %and_ln102_502" [firmware/BDT.h:117]   --->   Operation 158 'or' 'or_ln117_367' <Predicate = true> <Delay = 0.00> <CoreInst = "LogicGate">   --->   Core 74 'LogicGate' <Latency = 0> <II = 1> <Delay = 0.97> <FuncUnit> <Opcode : 'and' 'or' 'xor'> <InPorts = 2> <OutPorts = 1>
ST_7 : Operation 159 [1/1] (1.21ns) (out node of the LUT)   --->   "%select_ln117_396 = select i1 %or_ln117_366, i5 %select_ln117_395, i5 28" [firmware/BDT.h:117]   --->   Operation 159 'select' 'select_ln117_396' <Predicate = true> <Delay = 1.21> <CoreInst = "Sel">   --->   Core 73 'Sel' <Latency = 0> <II = 1> <Delay = 1.21> <FuncUnit> <Opcode : 'select'> <InPorts = 3> <OutPorts = 1>
ST_7 : Operation 160 [1/1] (0.97ns)   --->   "%or_ln117_368 = or i1 %or_ln117_366, i1 %and_ln102_480" [firmware/BDT.h:117]   --->   Operation 160 'or' 'or_ln117_368' <Predicate = true> <Delay = 0.97> <CoreInst = "LogicGate">   --->   Core 74 'LogicGate' <Latency = 0> <II = 1> <Delay = 0.97> <FuncUnit> <Opcode : 'and' 'or' 'xor'> <InPorts = 2> <OutPorts = 1>
ST_7 : Operation 161 [1/1] (0.00ns) (grouped into LUT with out node select_ln117_398)   --->   "%select_ln117_397 = select i1 %or_ln117_367, i5 %select_ln117_396, i5 29" [firmware/BDT.h:117]   --->   Operation 161 'select' 'select_ln117_397' <Predicate = true> <Delay = 0.00> <CoreInst = "Sel">   --->   Core 73 'Sel' <Latency = 0> <II = 1> <Delay = 1.21> <FuncUnit> <Opcode : 'select'> <InPorts = 3> <OutPorts = 1>
ST_7 : Operation 162 [1/1] (1.21ns) (out node of the LUT)   --->   "%select_ln117_398 = select i1 %or_ln117_368, i5 %select_ln117_397, i5 30" [firmware/BDT.h:117]   --->   Operation 162 'select' 'select_ln117_398' <Predicate = true> <Delay = 1.21> <CoreInst = "Sel">   --->   Core 73 'Sel' <Latency = 0> <II = 1> <Delay = 1.21> <FuncUnit> <Opcode : 'select'> <InPorts = 3> <OutPorts = 1>

State 8 <SV = 7> <Delay = 3.20>
ST_8 : Operation 163 [1/1] (0.00ns)   --->   "%specpipeline_ln53 = specpipeline void @_ssdm_op_SpecPipeline, i32 1, i32 0, i32 0, i32 0, void @empty_13" [firmware/BDT.h:53]   --->   Operation 163 'specpipeline' 'specpipeline_ln53' <Predicate = true> <Delay = 0.00>
ST_8 : Operation 164 [1/1] (0.00ns) (grouped into LUT with out node agg_result)   --->   "%xor_ln104_193 = xor i1 %icmp_ln86_392, i1 1" [firmware/BDT.h:104]   --->   Operation 164 'xor' 'xor_ln104_193' <Predicate = true> <Delay = 0.00> <CoreInst = "LogicGate">   --->   Core 74 'LogicGate' <Latency = 0> <II = 1> <Delay = 0.97> <FuncUnit> <Opcode : 'and' 'or' 'xor'> <InPorts = 2> <OutPorts = 1>
ST_8 : Operation 165 [1/1] (0.00ns) (grouped into LUT with out node agg_result)   --->   "%and_ln102_503 = and i1 %icmp_ln86_408, i1 %xor_ln104_193" [firmware/BDT.h:102]   --->   Operation 165 'and' 'and_ln102_503' <Predicate = true> <Delay = 0.00> <CoreInst = "LogicGate">   --->   Core 74 'LogicGate' <Latency = 0> <II = 1> <Delay = 0.97> <FuncUnit> <Opcode : 'and' 'or' 'xor'> <InPorts = 2> <OutPorts = 1>
ST_8 : Operation 166 [1/1] (0.00ns) (grouped into LUT with out node agg_result)   --->   "%and_ln102_504 = and i1 %and_ln102_503, i1 %and_ln104_78" [firmware/BDT.h:102]   --->   Operation 166 'and' 'and_ln102_504' <Predicate = true> <Delay = 0.00> <CoreInst = "LogicGate">   --->   Core 74 'LogicGate' <Latency = 0> <II = 1> <Delay = 0.97> <FuncUnit> <Opcode : 'and' 'or' 'xor'> <InPorts = 2> <OutPorts = 1>
ST_8 : Operation 167 [1/1] (0.00ns) (grouped into LUT with out node agg_result)   --->   "%or_ln117_369 = or i1 %or_ln117_368, i1 %and_ln102_504" [firmware/BDT.h:117]   --->   Operation 167 'or' 'or_ln117_369' <Predicate = true> <Delay = 0.00> <CoreInst = "LogicGate">   --->   Core 74 'LogicGate' <Latency = 0> <II = 1> <Delay = 0.97> <FuncUnit> <Opcode : 'and' 'or' 'xor'> <InPorts = 2> <OutPorts = 1>
ST_8 : Operation 168 [1/1] (0.00ns) (grouped into LUT with out node agg_result)   --->   "%select_ln117_399 = select i1 %or_ln117_369, i5 %select_ln117_398, i5 31" [firmware/BDT.h:117]   --->   Operation 168 'select' 'select_ln117_399' <Predicate = true> <Delay = 0.00> <CoreInst = "Sel">   --->   Core 73 'Sel' <Latency = 0> <II = 1> <Delay = 1.21> <FuncUnit> <Opcode : 'select'> <InPorts = 3> <OutPorts = 1>
ST_8 : Operation 169 [1/1] (3.20ns) (out node of the LUT)   --->   "%agg_result = sparsemux i12 @_ssdm_op_SparseMux.ap_auto.32i12.i12.i5, i5 0, i12 4083, i5 1, i12 3975, i5 2, i12 12, i5 3, i12 251, i5 4, i12 3845, i5 5, i12 100, i5 6, i12 435, i5 7, i12 92, i5 8, i12 570, i5 9, i12 1487, i5 10, i12 3950, i5 11, i12 493, i5 12, i12 3761, i5 13, i12 3964, i5 14, i12 1153, i5 15, i12 3721, i5 16, i12 711, i5 17, i12 133, i5 18, i12 711, i5 19, i12 1159, i5 20, i12 428, i5 21, i12 214, i5 22, i12 496, i5 23, i12 3223, i5 24, i12 4046, i5 25, i12 3818, i5 26, i12 311, i5 27, i12 1357, i5 28, i12 748, i5 29, i12 239, i5 30, i12 3929, i5 31, i12 83, i12 0, i5 %select_ln117_399" [firmware/BDT.h:118]   --->   Operation 169 'sparsemux' 'agg_result' <Predicate = true> <Delay = 3.20> <CoreInst = "BinarySparseMux_DontCare">   --->   Core 137 'BinarySparseMux_DontCare' <Latency = 0> <II = 1> <Delay = 3.20> <FuncUnit> <Opcode : 'sparsemux'> <InPorts = 2> <OutPorts = 1>
ST_8 : Operation 170 [1/1] (0.00ns)   --->   "%ret_ln122 = ret i12 %agg_result" [firmware/BDT.h:122]   --->   Operation 170 'ret' 'ret_ln122' <Predicate = true> <Delay = 0.00>


============================================================
+ Verbose Summary: Timing violations
============================================================
Target clock period: 5.000ns, clock uncertainty: 1.350ns.

 <State 1>: 3.114ns
The critical path consists of the following:
	wire read operation ('p_read77', firmware/BDT.h:86) on port 'p_read7' (firmware/BDT.h:86) [11]  (0.000 ns)
	'icmp' operation 1 bit ('icmp_ln86', firmware/BDT.h:86) [18]  (2.136 ns)
	'and' operation 1 bit ('and_ln102', firmware/BDT.h:102) [50]  (0.978 ns)

 <State 2>: 2.934ns
The critical path consists of the following:
	'and' operation 1 bit ('and_ln102_469', firmware/BDT.h:102) [56]  (0.978 ns)
	'and' operation 1 bit ('and_ln102_473', firmware/BDT.h:102) [68]  (0.978 ns)
	'or' operation 1 bit ('or_ln117', firmware/BDT.h:117) [110]  (0.978 ns)

 <State 3>: 2.997ns
The critical path consists of the following:
	'and' operation 1 bit ('and_ln102_481', firmware/BDT.h:102) [84]  (0.000 ns)
	'xor' operation 1 bit ('xor_ln117', firmware/BDT.h:117) [108]  (0.000 ns)
	'select' operation 2 bit ('select_ln117', firmware/BDT.h:117) [111]  (0.000 ns)
	'select' operation 2 bit ('select_ln117_371', firmware/BDT.h:117) [112]  (0.000 ns)
	'select' operation 3 bit ('select_ln117_372', firmware/BDT.h:117) [115]  (0.993 ns)
	'select' operation 3 bit ('select_ln117_373', firmware/BDT.h:117) [117]  (0.000 ns)
	'select' operation 3 bit ('select_ln117_374', firmware/BDT.h:117) [119]  (0.980 ns)
	'select' operation 3 bit ('select_ln117_375', firmware/BDT.h:117) [120]  (0.000 ns)
	'select' operation 4 bit ('select_ln117_376', firmware/BDT.h:117) [123]  (1.024 ns)

 <State 4>: 3.072ns
The critical path consists of the following:
	'and' operation 1 bit ('and_ln102_487', firmware/BDT.h:102) [90]  (0.000 ns)
	'or' operation 1 bit ('or_ln117_348', firmware/BDT.h:117) [122]  (0.000 ns)
	'select' operation 4 bit ('select_ln117_377', firmware/BDT.h:117) [125]  (0.000 ns)
	'select' operation 4 bit ('select_ln117_378', firmware/BDT.h:117) [127]  (1.024 ns)
	'select' operation 4 bit ('select_ln117_379', firmware/BDT.h:117) [129]  (0.000 ns)
	'select' operation 4 bit ('select_ln117_380', firmware/BDT.h:117) [131]  (1.024 ns)
	'select' operation 4 bit ('select_ln117_381', firmware/BDT.h:117) [133]  (0.000 ns)
	'select' operation 4 bit ('select_ln117_382', firmware/BDT.h:117) [135]  (1.024 ns)

 <State 5>: 3.645ns
The critical path consists of the following:
	'xor' operation 1 bit ('xor_ln104_189', firmware/BDT.h:104) [75]  (0.000 ns)
	'and' operation 1 bit ('and_ln102_491', firmware/BDT.h:102) [94]  (0.000 ns)
	'and' operation 1 bit ('and_ln102_492', firmware/BDT.h:102) [95]  (0.000 ns)
	'or' operation 1 bit ('or_ln117_354', firmware/BDT.h:117) [134]  (0.000 ns)
	'select' operation 4 bit ('select_ln117_383', firmware/BDT.h:117) [136]  (0.000 ns)
	'select' operation 5 bit ('select_ln117_384', firmware/BDT.h:117) [139]  (1.215 ns)
	'select' operation 5 bit ('select_ln117_385', firmware/BDT.h:117) [141]  (0.000 ns)
	'select' operation 5 bit ('select_ln117_386', firmware/BDT.h:117) [143]  (1.215 ns)
	'select' operation 5 bit ('select_ln117_387', firmware/BDT.h:117) [145]  (0.000 ns)
	'select' operation 5 bit ('select_ln117_388', firmware/BDT.h:117) [147]  (1.215 ns)

 <State 6>: 3.645ns
The critical path consists of the following:
	'and' operation 1 bit ('and_ln102_496', firmware/BDT.h:102) [99]  (0.000 ns)
	'or' operation 1 bit ('or_ln117_359', firmware/BDT.h:117) [146]  (0.000 ns)
	'select' operation 5 bit ('select_ln117_389', firmware/BDT.h:117) [149]  (0.000 ns)
	'select' operation 5 bit ('select_ln117_390', firmware/BDT.h:117) [151]  (1.215 ns)
	'select' operation 5 bit ('select_ln117_391', firmware/BDT.h:117) [153]  (0.000 ns)
	'select' operation 5 bit ('select_ln117_392', firmware/BDT.h:117) [155]  (1.215 ns)
	'select' operation 5 bit ('select_ln117_393', firmware/BDT.h:117) [157]  (0.000 ns)
	'select' operation 5 bit ('select_ln117_394', firmware/BDT.h:117) [159]  (1.215 ns)

 <State 7>: 3.408ns
The critical path consists of the following:
	'or' operation 1 bit ('or_ln117_366', firmware/BDT.h:117) [160]  (0.978 ns)
	'select' operation 5 bit ('select_ln117_396', firmware/BDT.h:117) [163]  (1.215 ns)
	'select' operation 5 bit ('select_ln117_397', firmware/BDT.h:117) [165]  (0.000 ns)
	'select' operation 5 bit ('select_ln117_398', firmware/BDT.h:117) [167]  (1.215 ns)

 <State 8>: 3.205ns
The critical path consists of the following:
	'xor' operation 1 bit ('xor_ln104_193', firmware/BDT.h:104) [83]  (0.000 ns)
	'and' operation 1 bit ('and_ln102_503', firmware/BDT.h:102) [106]  (0.000 ns)
	'and' operation 1 bit ('and_ln102_504', firmware/BDT.h:102) [107]  (0.000 ns)
	'or' operation 1 bit ('or_ln117_369', firmware/BDT.h:117) [166]  (0.000 ns)
	'select' operation 5 bit ('select_ln117_399', firmware/BDT.h:117) [168]  (0.000 ns)
	'sparsemux' operation 12 bit ('agg_result', firmware/BDT.h:118) [169]  (3.205 ns)


============================================================
+ Verbose Summary: Binding
============================================================
N/A
* FSMD analyzer results:
  - Output states:
 - Input state : 
  - Chain level:
	State 1
	State 2
	State 3
	State 4
	State 5
	State 6
	State 7
	State 8


============================================================
+ Verbose Summary: Datapath Resource usage 
============================================================
N/A
