

================================================================
== Vitis HLS Report for 'decision_function_38'
================================================================
* Date:           Tue Mar 11 16:22:04 2025

* Version:        2024.2 (Build 5238294 on Nov  8 2024)
* Project:        conifer_jettag
* Solution:       solution1 (Vivado IP Flow Target)
* Product family: zynq
* Target device:  xc7z020-clg400-1


================================================================
== Performance Estimates
================================================================
+ Timing: 
    * Summary: 
    +--------+---------+----------+------------+
    |  Clock |  Target | Estimated| Uncertainty|
    +--------+---------+----------+------------+
    |ap_clk  |  5.00 ns|  3.645 ns|     1.35 ns|
    +--------+---------+----------+------------+

+ Latency: 
    * Summary: 
    +---------+---------+-----------+-----------+-----+-----+---------+
    |  Latency (cycles) |   Latency (absolute)  |  Interval | Pipeline|
    |   min   |   max   |    min    |    max    | min | max |   Type  |
    +---------+---------+-----------+-----------+-----+-----+---------+
    |        7|        7|  35.000 ns|  35.000 ns|    1|    1|      yes|
    +---------+---------+-----------+-----------+-----+-----+---------+

    + Detail: 
        * Instance: 
        N/A

        * Loop: 
        N/A

============================================================
+ Verbose Summary: Synthesis Manager
============================================================
InlineROM: 1
ExposeGlobal: 0
============================================================
+ Verbose Summary: CDFG Model
============================================================
IsTopModel: 0
ResetActiveHigh: 1
IsCombinational: 0
IsDatapathOnly: 0
HasWiredReturn: 1
HasMFsm: 2
HasVarLatency: 0
IsPipeline: 1
IsRtlPipelined: 1
IsInstanceOverlapped: 0
IsDontTouch: 0
HasImplIP: 0
IsGatedGlobalClock: 0

+ Individual pipeline summary: 
  * Pipeline-0: initiation interval (II) = 1, depth = 8


============================================================
+ Verbose Summary: Schedule
============================================================
* Number of FSM states : 8
* Pipeline : 1
  Pipeline-0 : II = 1, D = 8, States = { 1 2 3 4 5 6 7 8 }
* Dataflow Pipeline: 0

* FSM state transitions: 
1 --> 2 
2 --> 3 
3 --> 4 
4 --> 5 
5 --> 6 
6 --> 7 
7 --> 8 
8 --> 

* FSM state operations: 

State 1 <SV = 0> <Delay = 3.11>
ST_1 : Operation 9 [1/1] (0.00ns)   --->   "%p_read = read i18 @_ssdm_op_Read.ap_auto.i18, i18 %p_read11" [firmware/BDT.h:86]   --->   Operation 9 'read' 'p_read' <Predicate = true> <Delay = 0.00>
ST_1 : Operation 10 [1/1] (0.00ns)   --->   "%p_read1011 = read i18 @_ssdm_op_Read.ap_auto.i18, i18 %p_read10" [firmware/BDT.h:86]   --->   Operation 10 'read' 'p_read1011' <Predicate = true> <Delay = 0.00>
ST_1 : Operation 11 [1/1] (0.00ns)   --->   "%p_read910 = read i18 @_ssdm_op_Read.ap_auto.i18, i18 %p_read9" [firmware/BDT.h:86]   --->   Operation 11 'read' 'p_read910' <Predicate = true> <Delay = 0.00>
ST_1 : Operation 12 [1/1] (0.00ns)   --->   "%p_read89 = read i18 @_ssdm_op_Read.ap_auto.i18, i18 %p_read8" [firmware/BDT.h:86]   --->   Operation 12 'read' 'p_read89' <Predicate = true> <Delay = 0.00>
ST_1 : Operation 13 [1/1] (0.00ns)   --->   "%p_read78 = read i18 @_ssdm_op_Read.ap_auto.i18, i18 %p_read7" [firmware/BDT.h:86]   --->   Operation 13 'read' 'p_read78' <Predicate = true> <Delay = 0.00>
ST_1 : Operation 14 [1/1] (0.00ns)   --->   "%p_read67 = read i18 @_ssdm_op_Read.ap_auto.i18, i18 %p_read6" [firmware/BDT.h:86]   --->   Operation 14 'read' 'p_read67' <Predicate = true> <Delay = 0.00>
ST_1 : Operation 15 [1/1] (0.00ns)   --->   "%p_read56 = read i18 @_ssdm_op_Read.ap_auto.i18, i18 %p_read5" [firmware/BDT.h:86]   --->   Operation 15 'read' 'p_read56' <Predicate = true> <Delay = 0.00>
ST_1 : Operation 16 [1/1] (0.00ns)   --->   "%p_read45 = read i18 @_ssdm_op_Read.ap_auto.i18, i18 %p_read4" [firmware/BDT.h:86]   --->   Operation 16 'read' 'p_read45' <Predicate = true> <Delay = 0.00>
ST_1 : Operation 17 [1/1] (0.00ns)   --->   "%p_read34 = read i18 @_ssdm_op_Read.ap_auto.i18, i18 %p_read3" [firmware/BDT.h:86]   --->   Operation 17 'read' 'p_read34' <Predicate = true> <Delay = 0.00>
ST_1 : Operation 18 [1/1] (0.00ns)   --->   "%p_read23 = read i18 @_ssdm_op_Read.ap_auto.i18, i18 %p_read2" [firmware/BDT.h:86]   --->   Operation 18 'read' 'p_read23' <Predicate = true> <Delay = 0.00>
ST_1 : Operation 19 [1/1] (0.00ns)   --->   "%p_read12 = read i18 @_ssdm_op_Read.ap_auto.i18, i18 %p_read1" [firmware/BDT.h:86]   --->   Operation 19 'read' 'p_read12' <Predicate = true> <Delay = 0.00>
ST_1 : Operation 20 [1/1] (2.13ns)   --->   "%icmp_ln86 = icmp_slt  i18 %p_read, i18 879" [firmware/BDT.h:86]   --->   Operation 20 'icmp' 'icmp_ln86' <Predicate = true> <Delay = 2.13> <CoreInst = "Cmp">   --->   Core 9 'Cmp' <Latency = 0> <II = 1> <Delay = 2.13> <FuncUnit> <Opcode : 'seteq' 'setne' 'setle' 'setge' 'setlt' 'setgt'> <InPorts = 2> <OutPorts = 1>
ST_1 : Operation 21 [1/1] (2.13ns)   --->   "%icmp_ln86_1073 = icmp_slt  i18 %p_read12, i18 260961" [firmware/BDT.h:86]   --->   Operation 21 'icmp' 'icmp_ln86_1073' <Predicate = true> <Delay = 2.13> <CoreInst = "Cmp">   --->   Core 9 'Cmp' <Latency = 0> <II = 1> <Delay = 2.13> <FuncUnit> <Opcode : 'seteq' 'setne' 'setle' 'setge' 'setlt' 'setgt'> <InPorts = 2> <OutPorts = 1>
ST_1 : Operation 22 [1/1] (2.13ns)   --->   "%icmp_ln86_1074 = icmp_slt  i18 %p_read12, i18 261112" [firmware/BDT.h:86]   --->   Operation 22 'icmp' 'icmp_ln86_1074' <Predicate = true> <Delay = 2.13> <CoreInst = "Cmp">   --->   Core 9 'Cmp' <Latency = 0> <II = 1> <Delay = 2.13> <FuncUnit> <Opcode : 'seteq' 'setne' 'setle' 'setge' 'setlt' 'setgt'> <InPorts = 2> <OutPorts = 1>
ST_1 : Operation 23 [1/1] (2.13ns)   --->   "%icmp_ln86_1075 = icmp_slt  i18 %p_read23, i18 841" [firmware/BDT.h:86]   --->   Operation 23 'icmp' 'icmp_ln86_1075' <Predicate = true> <Delay = 2.13> <CoreInst = "Cmp">   --->   Core 9 'Cmp' <Latency = 0> <II = 1> <Delay = 2.13> <FuncUnit> <Opcode : 'seteq' 'setne' 'setle' 'setge' 'setlt' 'setgt'> <InPorts = 2> <OutPorts = 1>
ST_1 : Operation 24 [1/1] (2.13ns)   --->   "%icmp_ln86_1076 = icmp_slt  i18 %p_read1011, i18 221" [firmware/BDT.h:86]   --->   Operation 24 'icmp' 'icmp_ln86_1076' <Predicate = true> <Delay = 2.13> <CoreInst = "Cmp">   --->   Core 9 'Cmp' <Latency = 0> <II = 1> <Delay = 2.13> <FuncUnit> <Opcode : 'seteq' 'setne' 'setle' 'setge' 'setlt' 'setgt'> <InPorts = 2> <OutPorts = 1>
ST_1 : Operation 25 [1/1] (2.13ns)   --->   "%icmp_ln86_1077 = icmp_slt  i18 %p_read1011, i18 316" [firmware/BDT.h:86]   --->   Operation 25 'icmp' 'icmp_ln86_1077' <Predicate = true> <Delay = 2.13> <CoreInst = "Cmp">   --->   Core 9 'Cmp' <Latency = 0> <II = 1> <Delay = 2.13> <FuncUnit> <Opcode : 'seteq' 'setne' 'setle' 'setge' 'setlt' 'setgt'> <InPorts = 2> <OutPorts = 1>
ST_1 : Operation 26 [1/1] (2.13ns)   --->   "%icmp_ln86_1078 = icmp_slt  i18 %p_read45, i18 261374" [firmware/BDT.h:86]   --->   Operation 26 'icmp' 'icmp_ln86_1078' <Predicate = true> <Delay = 2.13> <CoreInst = "Cmp">   --->   Core 9 'Cmp' <Latency = 0> <II = 1> <Delay = 2.13> <FuncUnit> <Opcode : 'seteq' 'setne' 'setle' 'setge' 'setlt' 'setgt'> <InPorts = 2> <OutPorts = 1>
ST_1 : Operation 27 [1/1] (2.13ns)   --->   "%icmp_ln86_1079 = icmp_slt  i18 %p_read, i18 737" [firmware/BDT.h:86]   --->   Operation 27 'icmp' 'icmp_ln86_1079' <Predicate = true> <Delay = 2.13> <CoreInst = "Cmp">   --->   Core 9 'Cmp' <Latency = 0> <II = 1> <Delay = 2.13> <FuncUnit> <Opcode : 'seteq' 'setne' 'setle' 'setge' 'setlt' 'setgt'> <InPorts = 2> <OutPorts = 1>
ST_1 : Operation 28 [1/1] (2.13ns)   --->   "%icmp_ln86_1080 = icmp_slt  i18 %p_read45, i18 262024" [firmware/BDT.h:86]   --->   Operation 28 'icmp' 'icmp_ln86_1080' <Predicate = true> <Delay = 2.13> <CoreInst = "Cmp">   --->   Core 9 'Cmp' <Latency = 0> <II = 1> <Delay = 2.13> <FuncUnit> <Opcode : 'seteq' 'setne' 'setle' 'setge' 'setlt' 'setgt'> <InPorts = 2> <OutPorts = 1>
ST_1 : Operation 29 [1/1] (2.13ns)   --->   "%icmp_ln86_1081 = icmp_slt  i18 %p_read45, i18 262077" [firmware/BDT.h:86]   --->   Operation 29 'icmp' 'icmp_ln86_1081' <Predicate = true> <Delay = 2.13> <CoreInst = "Cmp">   --->   Core 9 'Cmp' <Latency = 0> <II = 1> <Delay = 2.13> <FuncUnit> <Opcode : 'seteq' 'setne' 'setle' 'setge' 'setlt' 'setgt'> <InPorts = 2> <OutPorts = 1>
ST_1 : Operation 30 [1/1] (2.13ns)   --->   "%icmp_ln86_1082 = icmp_slt  i18 %p_read45, i18 262047" [firmware/BDT.h:86]   --->   Operation 30 'icmp' 'icmp_ln86_1082' <Predicate = true> <Delay = 2.13> <CoreInst = "Cmp">   --->   Core 9 'Cmp' <Latency = 0> <II = 1> <Delay = 2.13> <FuncUnit> <Opcode : 'seteq' 'setne' 'setle' 'setge' 'setlt' 'setgt'> <InPorts = 2> <OutPorts = 1>
ST_1 : Operation 31 [1/1] (2.13ns)   --->   "%icmp_ln86_1083 = icmp_slt  i18 %p_read1011, i18 217" [firmware/BDT.h:86]   --->   Operation 31 'icmp' 'icmp_ln86_1083' <Predicate = true> <Delay = 2.13> <CoreInst = "Cmp">   --->   Core 9 'Cmp' <Latency = 0> <II = 1> <Delay = 2.13> <FuncUnit> <Opcode : 'seteq' 'setne' 'setle' 'setge' 'setlt' 'setgt'> <InPorts = 2> <OutPorts = 1>
ST_1 : Operation 32 [1/1] (2.13ns)   --->   "%icmp_ln86_1084 = icmp_slt  i18 %p_read45, i18 262097" [firmware/BDT.h:86]   --->   Operation 32 'icmp' 'icmp_ln86_1084' <Predicate = true> <Delay = 2.13> <CoreInst = "Cmp">   --->   Core 9 'Cmp' <Latency = 0> <II = 1> <Delay = 2.13> <FuncUnit> <Opcode : 'seteq' 'setne' 'setle' 'setge' 'setlt' 'setgt'> <InPorts = 2> <OutPorts = 1>
ST_1 : Operation 33 [1/1] (2.13ns)   --->   "%icmp_ln86_1085 = icmp_slt  i18 %p_read1011, i18 261162" [firmware/BDT.h:86]   --->   Operation 33 'icmp' 'icmp_ln86_1085' <Predicate = true> <Delay = 2.13> <CoreInst = "Cmp">   --->   Core 9 'Cmp' <Latency = 0> <II = 1> <Delay = 2.13> <FuncUnit> <Opcode : 'seteq' 'setne' 'setle' 'setge' 'setlt' 'setgt'> <InPorts = 2> <OutPorts = 1>
ST_1 : Operation 34 [1/1] (2.13ns)   --->   "%icmp_ln86_1086 = icmp_slt  i18 %p_read45, i18 261375" [firmware/BDT.h:86]   --->   Operation 34 'icmp' 'icmp_ln86_1086' <Predicate = true> <Delay = 2.13> <CoreInst = "Cmp">   --->   Core 9 'Cmp' <Latency = 0> <II = 1> <Delay = 2.13> <FuncUnit> <Opcode : 'seteq' 'setne' 'setle' 'setge' 'setlt' 'setgt'> <InPorts = 2> <OutPorts = 1>
ST_1 : Operation 35 [1/1] (2.13ns)   --->   "%icmp_ln86_1087 = icmp_slt  i18 %p_read910, i18 448" [firmware/BDT.h:86]   --->   Operation 35 'icmp' 'icmp_ln86_1087' <Predicate = true> <Delay = 2.13> <CoreInst = "Cmp">   --->   Core 9 'Cmp' <Latency = 0> <II = 1> <Delay = 2.13> <FuncUnit> <Opcode : 'seteq' 'setne' 'setle' 'setge' 'setlt' 'setgt'> <InPorts = 2> <OutPorts = 1>
ST_1 : Operation 36 [1/1] (2.13ns)   --->   "%icmp_ln86_1088 = icmp_slt  i18 %p_read78, i18 1944" [firmware/BDT.h:86]   --->   Operation 36 'icmp' 'icmp_ln86_1088' <Predicate = true> <Delay = 2.13> <CoreInst = "Cmp">   --->   Core 9 'Cmp' <Latency = 0> <II = 1> <Delay = 2.13> <FuncUnit> <Opcode : 'seteq' 'setne' 'setle' 'setge' 'setlt' 'setgt'> <InPorts = 2> <OutPorts = 1>
ST_1 : Operation 37 [1/1] (2.13ns)   --->   "%icmp_ln86_1089 = icmp_slt  i18 %p_read56, i18 261733" [firmware/BDT.h:86]   --->   Operation 37 'icmp' 'icmp_ln86_1089' <Predicate = true> <Delay = 2.13> <CoreInst = "Cmp">   --->   Core 9 'Cmp' <Latency = 0> <II = 1> <Delay = 2.13> <FuncUnit> <Opcode : 'seteq' 'setne' 'setle' 'setge' 'setlt' 'setgt'> <InPorts = 2> <OutPorts = 1>
ST_1 : Operation 38 [1/1] (2.13ns)   --->   "%icmp_ln86_1090 = icmp_slt  i18 %p_read45, i18 152" [firmware/BDT.h:86]   --->   Operation 38 'icmp' 'icmp_ln86_1090' <Predicate = true> <Delay = 2.13> <CoreInst = "Cmp">   --->   Core 9 'Cmp' <Latency = 0> <II = 1> <Delay = 2.13> <FuncUnit> <Opcode : 'seteq' 'setne' 'setle' 'setge' 'setlt' 'setgt'> <InPorts = 2> <OutPorts = 1>
ST_1 : Operation 39 [1/1] (2.13ns)   --->   "%icmp_ln86_1091 = icmp_slt  i18 %p_read1011, i18 110" [firmware/BDT.h:86]   --->   Operation 39 'icmp' 'icmp_ln86_1091' <Predicate = true> <Delay = 2.13> <CoreInst = "Cmp">   --->   Core 9 'Cmp' <Latency = 0> <II = 1> <Delay = 2.13> <FuncUnit> <Opcode : 'seteq' 'setne' 'setle' 'setge' 'setlt' 'setgt'> <InPorts = 2> <OutPorts = 1>
ST_1 : Operation 40 [1/1] (2.13ns)   --->   "%icmp_ln86_1092 = icmp_slt  i18 %p_read1011, i18 208" [firmware/BDT.h:86]   --->   Operation 40 'icmp' 'icmp_ln86_1092' <Predicate = true> <Delay = 2.13> <CoreInst = "Cmp">   --->   Core 9 'Cmp' <Latency = 0> <II = 1> <Delay = 2.13> <FuncUnit> <Opcode : 'seteq' 'setne' 'setle' 'setge' 'setlt' 'setgt'> <InPorts = 2> <OutPorts = 1>
ST_1 : Operation 41 [1/1] (2.13ns)   --->   "%icmp_ln86_1093 = icmp_slt  i18 %p_read1011, i18 254" [firmware/BDT.h:86]   --->   Operation 41 'icmp' 'icmp_ln86_1093' <Predicate = true> <Delay = 2.13> <CoreInst = "Cmp">   --->   Core 9 'Cmp' <Latency = 0> <II = 1> <Delay = 2.13> <FuncUnit> <Opcode : 'seteq' 'setne' 'setle' 'setge' 'setlt' 'setgt'> <InPorts = 2> <OutPorts = 1>
ST_1 : Operation 42 [1/1] (2.13ns)   --->   "%icmp_ln86_1094 = icmp_slt  i18 %p_read56, i18 261680" [firmware/BDT.h:86]   --->   Operation 42 'icmp' 'icmp_ln86_1094' <Predicate = true> <Delay = 2.13> <CoreInst = "Cmp">   --->   Core 9 'Cmp' <Latency = 0> <II = 1> <Delay = 2.13> <FuncUnit> <Opcode : 'seteq' 'setne' 'setle' 'setge' 'setlt' 'setgt'> <InPorts = 2> <OutPorts = 1>
ST_1 : Operation 43 [1/1] (2.13ns)   --->   "%icmp_ln86_1095 = icmp_slt  i18 %p_read45, i18 262063" [firmware/BDT.h:86]   --->   Operation 43 'icmp' 'icmp_ln86_1095' <Predicate = true> <Delay = 2.13> <CoreInst = "Cmp">   --->   Core 9 'Cmp' <Latency = 0> <II = 1> <Delay = 2.13> <FuncUnit> <Opcode : 'seteq' 'setne' 'setle' 'setge' 'setlt' 'setgt'> <InPorts = 2> <OutPorts = 1>
ST_1 : Operation 44 [1/1] (2.13ns)   --->   "%icmp_ln86_1096 = icmp_slt  i18 %p_read89, i18 658" [firmware/BDT.h:86]   --->   Operation 44 'icmp' 'icmp_ln86_1096' <Predicate = true> <Delay = 2.13> <CoreInst = "Cmp">   --->   Core 9 'Cmp' <Latency = 0> <II = 1> <Delay = 2.13> <FuncUnit> <Opcode : 'seteq' 'setne' 'setle' 'setge' 'setlt' 'setgt'> <InPorts = 2> <OutPorts = 1>
ST_1 : Operation 45 [1/1] (2.13ns)   --->   "%icmp_ln86_1097 = icmp_slt  i18 %p_read1011, i18 904" [firmware/BDT.h:86]   --->   Operation 45 'icmp' 'icmp_ln86_1097' <Predicate = true> <Delay = 2.13> <CoreInst = "Cmp">   --->   Core 9 'Cmp' <Latency = 0> <II = 1> <Delay = 2.13> <FuncUnit> <Opcode : 'seteq' 'setne' 'setle' 'setge' 'setlt' 'setgt'> <InPorts = 2> <OutPorts = 1>
ST_1 : Operation 46 [1/1] (2.13ns)   --->   "%icmp_ln86_1098 = icmp_slt  i18 %p_read34, i18 442" [firmware/BDT.h:86]   --->   Operation 46 'icmp' 'icmp_ln86_1098' <Predicate = true> <Delay = 2.13> <CoreInst = "Cmp">   --->   Core 9 'Cmp' <Latency = 0> <II = 1> <Delay = 2.13> <FuncUnit> <Opcode : 'seteq' 'setne' 'setle' 'setge' 'setlt' 'setgt'> <InPorts = 2> <OutPorts = 1>
ST_1 : Operation 47 [1/1] (2.13ns)   --->   "%icmp_ln86_1099 = icmp_slt  i18 %p_read78, i18 177" [firmware/BDT.h:86]   --->   Operation 47 'icmp' 'icmp_ln86_1099' <Predicate = true> <Delay = 2.13> <CoreInst = "Cmp">   --->   Core 9 'Cmp' <Latency = 0> <II = 1> <Delay = 2.13> <FuncUnit> <Opcode : 'seteq' 'setne' 'setle' 'setge' 'setlt' 'setgt'> <InPorts = 2> <OutPorts = 1>
ST_1 : Operation 48 [1/1] (2.13ns)   --->   "%icmp_ln86_1100 = icmp_slt  i18 %p_read67, i18 4183" [firmware/BDT.h:86]   --->   Operation 48 'icmp' 'icmp_ln86_1100' <Predicate = true> <Delay = 2.13> <CoreInst = "Cmp">   --->   Core 9 'Cmp' <Latency = 0> <II = 1> <Delay = 2.13> <FuncUnit> <Opcode : 'seteq' 'setne' 'setle' 'setge' 'setlt' 'setgt'> <InPorts = 2> <OutPorts = 1>
ST_1 : Operation 49 [1/1] (2.13ns)   --->   "%icmp_ln86_1101 = icmp_slt  i18 %p_read78, i18 262140" [firmware/BDT.h:86]   --->   Operation 49 'icmp' 'icmp_ln86_1101' <Predicate = true> <Delay = 2.13> <CoreInst = "Cmp">   --->   Core 9 'Cmp' <Latency = 0> <II = 1> <Delay = 2.13> <FuncUnit> <Opcode : 'seteq' 'setne' 'setle' 'setge' 'setlt' 'setgt'> <InPorts = 2> <OutPorts = 1>
ST_1 : Operation 50 [1/1] (0.97ns)   --->   "%xor_ln104 = xor i1 %icmp_ln86, i1 1" [firmware/BDT.h:104]   --->   Operation 50 'xor' 'xor_ln104' <Predicate = true> <Delay = 0.97> <CoreInst = "LogicGate">   --->   Core 74 'LogicGate' <Latency = 0> <II = 1> <Delay = 0.97> <FuncUnit> <Opcode : 'and' 'or' 'xor'> <InPorts = 2> <OutPorts = 1>

State 2 <SV = 1> <Delay = 2.93>
ST_2 : Operation 51 [1/1] (0.97ns)   --->   "%and_ln102 = and i1 %icmp_ln86_1073, i1 %icmp_ln86" [firmware/BDT.h:102]   --->   Operation 51 'and' 'and_ln102' <Predicate = true> <Delay = 0.97> <CoreInst = "LogicGate">   --->   Core 74 'LogicGate' <Latency = 0> <II = 1> <Delay = 0.97> <FuncUnit> <Opcode : 'and' 'or' 'xor'> <InPorts = 2> <OutPorts = 1>
ST_2 : Operation 52 [1/1] (0.97ns)   --->   "%and_ln102_1037 = and i1 %icmp_ln86_1074, i1 %xor_ln104" [firmware/BDT.h:102]   --->   Operation 52 'and' 'and_ln102_1037' <Predicate = true> <Delay = 0.97> <CoreInst = "LogicGate">   --->   Core 74 'LogicGate' <Latency = 0> <II = 1> <Delay = 0.97> <FuncUnit> <Opcode : 'and' 'or' 'xor'> <InPorts = 2> <OutPorts = 1>
ST_2 : Operation 53 [1/1] (0.00ns) (grouped into LUT with out node and_ln104_209)   --->   "%xor_ln104_518 = xor i1 %icmp_ln86_1074, i1 1" [firmware/BDT.h:104]   --->   Operation 53 'xor' 'xor_ln104_518' <Predicate = true> <Delay = 0.00> <CoreInst = "LogicGate">   --->   Core 74 'LogicGate' <Latency = 0> <II = 1> <Delay = 0.97> <FuncUnit> <Opcode : 'and' 'or' 'xor'> <InPorts = 2> <OutPorts = 1>
ST_2 : Operation 54 [1/1] (0.97ns) (out node of the LUT)   --->   "%and_ln104_209 = and i1 %xor_ln104_518, i1 %xor_ln104" [firmware/BDT.h:104]   --->   Operation 54 'and' 'and_ln104_209' <Predicate = true> <Delay = 0.97> <CoreInst = "LogicGate">   --->   Core 74 'LogicGate' <Latency = 0> <II = 1> <Delay = 0.97> <FuncUnit> <Opcode : 'and' 'or' 'xor'> <InPorts = 2> <OutPorts = 1>
ST_2 : Operation 55 [1/1] (0.97ns)   --->   "%and_ln102_1038 = and i1 %icmp_ln86_1075, i1 %and_ln102" [firmware/BDT.h:102]   --->   Operation 55 'and' 'and_ln102_1038' <Predicate = true> <Delay = 0.97> <CoreInst = "LogicGate">   --->   Core 74 'LogicGate' <Latency = 0> <II = 1> <Delay = 0.97> <FuncUnit> <Opcode : 'and' 'or' 'xor'> <InPorts = 2> <OutPorts = 1>
ST_2 : Operation 56 [1/1] (0.97ns)   --->   "%and_ln102_1041 = and i1 %icmp_ln86_1078, i1 %and_ln104_209" [firmware/BDT.h:102]   --->   Operation 56 'and' 'and_ln102_1041' <Predicate = true> <Delay = 0.97> <CoreInst = "LogicGate">   --->   Core 74 'LogicGate' <Latency = 0> <II = 1> <Delay = 0.97> <FuncUnit> <Opcode : 'and' 'or' 'xor'> <InPorts = 2> <OutPorts = 1>
ST_2 : Operation 57 [1/1] (0.00ns) (grouped into LUT with out node and_ln104_213)   --->   "%xor_ln104_522 = xor i1 %icmp_ln86_1078, i1 1" [firmware/BDT.h:104]   --->   Operation 57 'xor' 'xor_ln104_522' <Predicate = true> <Delay = 0.00> <CoreInst = "LogicGate">   --->   Core 74 'LogicGate' <Latency = 0> <II = 1> <Delay = 0.97> <FuncUnit> <Opcode : 'and' 'or' 'xor'> <InPorts = 2> <OutPorts = 1>
ST_2 : Operation 58 [1/1] (0.97ns) (out node of the LUT)   --->   "%and_ln104_213 = and i1 %and_ln104_209, i1 %xor_ln104_522" [firmware/BDT.h:104]   --->   Operation 58 'and' 'and_ln104_213' <Predicate = true> <Delay = 0.97> <CoreInst = "LogicGate">   --->   Core 74 'LogicGate' <Latency = 0> <II = 1> <Delay = 0.97> <FuncUnit> <Opcode : 'and' 'or' 'xor'> <InPorts = 2> <OutPorts = 1>
ST_2 : Operation 59 [1/1] (0.97ns)   --->   "%and_ln102_1042 = and i1 %icmp_ln86_1079, i1 %and_ln102_1038" [firmware/BDT.h:102]   --->   Operation 59 'and' 'and_ln102_1042' <Predicate = true> <Delay = 0.97> <CoreInst = "LogicGate">   --->   Core 74 'LogicGate' <Latency = 0> <II = 1> <Delay = 0.97> <FuncUnit> <Opcode : 'and' 'or' 'xor'> <InPorts = 2> <OutPorts = 1>
ST_2 : Operation 60 [1/1] (0.97ns)   --->   "%and_ln102_1049 = and i1 %icmp_ln86_1086, i1 %and_ln104_213" [firmware/BDT.h:102]   --->   Operation 60 'and' 'and_ln102_1049' <Predicate = true> <Delay = 0.97> <CoreInst = "LogicGate">   --->   Core 74 'LogicGate' <Latency = 0> <II = 1> <Delay = 0.97> <FuncUnit> <Opcode : 'and' 'or' 'xor'> <InPorts = 2> <OutPorts = 1>
ST_2 : Operation 61 [1/1] (0.00ns) (grouped into LUT with out node and_ln104_214)   --->   "%xor_ln104_530 = xor i1 %icmp_ln86_1086, i1 1" [firmware/BDT.h:104]   --->   Operation 61 'xor' 'xor_ln104_530' <Predicate = true> <Delay = 0.00> <CoreInst = "LogicGate">   --->   Core 74 'LogicGate' <Latency = 0> <II = 1> <Delay = 0.97> <FuncUnit> <Opcode : 'and' 'or' 'xor'> <InPorts = 2> <OutPorts = 1>
ST_2 : Operation 62 [1/1] (0.97ns) (out node of the LUT)   --->   "%and_ln104_214 = and i1 %and_ln104_213, i1 %xor_ln104_530" [firmware/BDT.h:104]   --->   Operation 62 'and' 'and_ln104_214' <Predicate = true> <Delay = 0.97> <CoreInst = "LogicGate">   --->   Core 74 'LogicGate' <Latency = 0> <II = 1> <Delay = 0.97> <FuncUnit> <Opcode : 'and' 'or' 'xor'> <InPorts = 2> <OutPorts = 1>

State 3 <SV = 2> <Delay = 2.95>
ST_3 : Operation 63 [1/1] (0.00ns) (grouped into LUT with out node and_ln104)   --->   "%xor_ln104_517 = xor i1 %icmp_ln86_1073, i1 1" [firmware/BDT.h:104]   --->   Operation 63 'xor' 'xor_ln104_517' <Predicate = true> <Delay = 0.00> <CoreInst = "LogicGate">   --->   Core 74 'LogicGate' <Latency = 0> <II = 1> <Delay = 0.97> <FuncUnit> <Opcode : 'and' 'or' 'xor'> <InPorts = 2> <OutPorts = 1>
ST_3 : Operation 64 [1/1] (0.97ns) (out node of the LUT)   --->   "%and_ln104 = and i1 %icmp_ln86, i1 %xor_ln104_517" [firmware/BDT.h:104]   --->   Operation 64 'and' 'and_ln104' <Predicate = true> <Delay = 0.97> <CoreInst = "LogicGate">   --->   Core 74 'LogicGate' <Latency = 0> <II = 1> <Delay = 0.97> <FuncUnit> <Opcode : 'and' 'or' 'xor'> <InPorts = 2> <OutPorts = 1>
ST_3 : Operation 65 [1/1] (0.00ns) (grouped into LUT with out node and_ln104_210)   --->   "%xor_ln104_519 = xor i1 %icmp_ln86_1075, i1 1" [firmware/BDT.h:104]   --->   Operation 65 'xor' 'xor_ln104_519' <Predicate = true> <Delay = 0.00> <CoreInst = "LogicGate">   --->   Core 74 'LogicGate' <Latency = 0> <II = 1> <Delay = 0.97> <FuncUnit> <Opcode : 'and' 'or' 'xor'> <InPorts = 2> <OutPorts = 1>
ST_3 : Operation 66 [1/1] (0.97ns) (out node of the LUT)   --->   "%and_ln104_210 = and i1 %and_ln102, i1 %xor_ln104_519" [firmware/BDT.h:104]   --->   Operation 66 'and' 'and_ln104_210' <Predicate = true> <Delay = 0.97> <CoreInst = "LogicGate">   --->   Core 74 'LogicGate' <Latency = 0> <II = 1> <Delay = 0.97> <FuncUnit> <Opcode : 'and' 'or' 'xor'> <InPorts = 2> <OutPorts = 1>
ST_3 : Operation 67 [1/1] (0.97ns)   --->   "%and_ln102_1039 = and i1 %icmp_ln86_1076, i1 %and_ln104" [firmware/BDT.h:102]   --->   Operation 67 'and' 'and_ln102_1039' <Predicate = true> <Delay = 0.97> <CoreInst = "LogicGate">   --->   Core 74 'LogicGate' <Latency = 0> <II = 1> <Delay = 0.97> <FuncUnit> <Opcode : 'and' 'or' 'xor'> <InPorts = 2> <OutPorts = 1>
ST_3 : Operation 68 [1/1] (0.00ns) (grouped into LUT with out node and_ln104_211)   --->   "%xor_ln104_520 = xor i1 %icmp_ln86_1076, i1 1" [firmware/BDT.h:104]   --->   Operation 68 'xor' 'xor_ln104_520' <Predicate = true> <Delay = 0.00> <CoreInst = "LogicGate">   --->   Core 74 'LogicGate' <Latency = 0> <II = 1> <Delay = 0.97> <FuncUnit> <Opcode : 'and' 'or' 'xor'> <InPorts = 2> <OutPorts = 1>
ST_3 : Operation 69 [1/1] (0.97ns) (out node of the LUT)   --->   "%and_ln104_211 = and i1 %and_ln104, i1 %xor_ln104_520" [firmware/BDT.h:104]   --->   Operation 69 'and' 'and_ln104_211' <Predicate = true> <Delay = 0.97> <CoreInst = "LogicGate">   --->   Core 74 'LogicGate' <Latency = 0> <II = 1> <Delay = 0.97> <FuncUnit> <Opcode : 'and' 'or' 'xor'> <InPorts = 2> <OutPorts = 1>
ST_3 : Operation 70 [1/1] (0.00ns) (grouped into LUT with out node select_ln117_1043)   --->   "%xor_ln104_523 = xor i1 %icmp_ln86_1079, i1 1" [firmware/BDT.h:104]   --->   Operation 70 'xor' 'xor_ln104_523' <Predicate = true> <Delay = 0.00> <CoreInst = "LogicGate">   --->   Core 74 'LogicGate' <Latency = 0> <II = 1> <Delay = 0.97> <FuncUnit> <Opcode : 'and' 'or' 'xor'> <InPorts = 2> <OutPorts = 1>
ST_3 : Operation 71 [1/1] (0.97ns)   --->   "%and_ln102_1043 = and i1 %icmp_ln86_1080, i1 %and_ln104_210" [firmware/BDT.h:102]   --->   Operation 71 'and' 'and_ln102_1043' <Predicate = true> <Delay = 0.97> <CoreInst = "LogicGate">   --->   Core 74 'LogicGate' <Latency = 0> <II = 1> <Delay = 0.97> <FuncUnit> <Opcode : 'and' 'or' 'xor'> <InPorts = 2> <OutPorts = 1>
ST_3 : Operation 72 [1/1] (0.00ns) (grouped into LUT with out node select_ln117_1041)   --->   "%and_ln102_1050 = and i1 %icmp_ln86_1087, i1 %and_ln102_1042" [firmware/BDT.h:102]   --->   Operation 72 'and' 'and_ln102_1050' <Predicate = true> <Delay = 0.00> <CoreInst = "LogicGate">   --->   Core 74 'LogicGate' <Latency = 0> <II = 1> <Delay = 0.97> <FuncUnit> <Opcode : 'and' 'or' 'xor'> <InPorts = 2> <OutPorts = 1>
ST_3 : Operation 73 [1/1] (0.00ns) (grouped into LUT with out node select_ln117_1043)   --->   "%and_ln102_1065 = and i1 %icmp_ln86_1088, i1 %xor_ln104_523" [firmware/BDT.h:102]   --->   Operation 73 'and' 'and_ln102_1065' <Predicate = true> <Delay = 0.00> <CoreInst = "LogicGate">   --->   Core 74 'LogicGate' <Latency = 0> <II = 1> <Delay = 0.97> <FuncUnit> <Opcode : 'and' 'or' 'xor'> <InPorts = 2> <OutPorts = 1>
ST_3 : Operation 74 [1/1] (0.00ns) (grouped into LUT with out node select_ln117_1043)   --->   "%and_ln102_1051 = and i1 %and_ln102_1065, i1 %and_ln102_1038" [firmware/BDT.h:102]   --->   Operation 74 'and' 'and_ln102_1051' <Predicate = true> <Delay = 0.00> <CoreInst = "LogicGate">   --->   Core 74 'LogicGate' <Latency = 0> <II = 1> <Delay = 0.97> <FuncUnit> <Opcode : 'and' 'or' 'xor'> <InPorts = 2> <OutPorts = 1>
ST_3 : Operation 75 [1/1] (0.00ns) (grouped into LUT with out node select_ln117_1041)   --->   "%or_ln117 = or i1 %and_ln102_1049, i1 %and_ln102_1050" [firmware/BDT.h:117]   --->   Operation 75 'or' 'or_ln117' <Predicate = true> <Delay = 0.00> <CoreInst = "LogicGate">   --->   Core 74 'LogicGate' <Latency = 0> <II = 1> <Delay = 0.97> <FuncUnit> <Opcode : 'and' 'or' 'xor'> <InPorts = 2> <OutPorts = 1>
ST_3 : Operation 76 [1/1] (0.00ns) (grouped into LUT with out node select_ln117_1041)   --->   "%xor_ln117 = xor i1 %and_ln102_1049, i1 1" [firmware/BDT.h:117]   --->   Operation 76 'xor' 'xor_ln117' <Predicate = true> <Delay = 0.00> <CoreInst = "LogicGate">   --->   Core 74 'LogicGate' <Latency = 0> <II = 1> <Delay = 0.97> <FuncUnit> <Opcode : 'and' 'or' 'xor'> <InPorts = 2> <OutPorts = 1>
ST_3 : Operation 77 [1/1] (0.00ns) (grouped into LUT with out node select_ln117_1041)   --->   "%zext_ln117 = zext i1 %xor_ln117" [firmware/BDT.h:117]   --->   Operation 77 'zext' 'zext_ln117' <Predicate = true> <Delay = 0.00>
ST_3 : Operation 78 [1/1] (0.97ns)   --->   "%or_ln117_977 = or i1 %and_ln102_1049, i1 %and_ln102_1042" [firmware/BDT.h:117]   --->   Operation 78 'or' 'or_ln117_977' <Predicate = true> <Delay = 0.97> <CoreInst = "LogicGate">   --->   Core 74 'LogicGate' <Latency = 0> <II = 1> <Delay = 0.97> <FuncUnit> <Opcode : 'and' 'or' 'xor'> <InPorts = 2> <OutPorts = 1>
ST_3 : Operation 79 [1/1] (0.00ns) (grouped into LUT with out node select_ln117_1041)   --->   "%select_ln117 = select i1 %or_ln117, i2 %zext_ln117, i2 2" [firmware/BDT.h:117]   --->   Operation 79 'select' 'select_ln117' <Predicate = true> <Delay = 0.00> <CoreInst = "Sel">   --->   Core 73 'Sel' <Latency = 0> <II = 1> <Delay = 0.99> <FuncUnit> <Opcode : 'select'> <InPorts = 3> <OutPorts = 1>
ST_3 : Operation 80 [1/1] (0.00ns) (grouped into LUT with out node select_ln117_1043)   --->   "%or_ln117_978 = or i1 %or_ln117_977, i1 %and_ln102_1051" [firmware/BDT.h:117]   --->   Operation 80 'or' 'or_ln117_978' <Predicate = true> <Delay = 0.00> <CoreInst = "LogicGate">   --->   Core 74 'LogicGate' <Latency = 0> <II = 1> <Delay = 0.97> <FuncUnit> <Opcode : 'and' 'or' 'xor'> <InPorts = 2> <OutPorts = 1>
ST_3 : Operation 81 [1/1] (0.99ns) (out node of the LUT)   --->   "%select_ln117_1041 = select i1 %or_ln117_977, i2 %select_ln117, i2 3" [firmware/BDT.h:117]   --->   Operation 81 'select' 'select_ln117_1041' <Predicate = true> <Delay = 0.99> <CoreInst = "Sel">   --->   Core 73 'Sel' <Latency = 0> <II = 1> <Delay = 0.99> <FuncUnit> <Opcode : 'select'> <InPorts = 3> <OutPorts = 1>
ST_3 : Operation 82 [1/1] (0.00ns) (grouped into LUT with out node select_ln117_1043)   --->   "%zext_ln117_115 = zext i2 %select_ln117_1041" [firmware/BDT.h:117]   --->   Operation 82 'zext' 'zext_ln117_115' <Predicate = true> <Delay = 0.00>
ST_3 : Operation 83 [1/1] (0.97ns)   --->   "%or_ln117_979 = or i1 %and_ln102_1049, i1 %and_ln102_1038" [firmware/BDT.h:117]   --->   Operation 83 'or' 'or_ln117_979' <Predicate = true> <Delay = 0.97> <CoreInst = "LogicGate">   --->   Core 74 'LogicGate' <Latency = 0> <II = 1> <Delay = 0.97> <FuncUnit> <Opcode : 'and' 'or' 'xor'> <InPorts = 2> <OutPorts = 1>
ST_3 : Operation 84 [1/1] (0.00ns) (grouped into LUT with out node select_ln117_1043)   --->   "%select_ln117_1042 = select i1 %or_ln117_978, i3 %zext_ln117_115, i3 4" [firmware/BDT.h:117]   --->   Operation 84 'select' 'select_ln117_1042' <Predicate = true> <Delay = 0.00> <CoreInst = "Sel">   --->   Core 73 'Sel' <Latency = 0> <II = 1> <Delay = 0.98> <FuncUnit> <Opcode : 'select'> <InPorts = 3> <OutPorts = 1>
ST_3 : Operation 85 [1/1] (0.98ns) (out node of the LUT)   --->   "%select_ln117_1043 = select i1 %or_ln117_979, i3 %select_ln117_1042, i3 5" [firmware/BDT.h:117]   --->   Operation 85 'select' 'select_ln117_1043' <Predicate = true> <Delay = 0.98> <CoreInst = "Sel">   --->   Core 73 'Sel' <Latency = 0> <II = 1> <Delay = 0.98> <FuncUnit> <Opcode : 'select'> <InPorts = 3> <OutPorts = 1>
ST_3 : Operation 86 [1/1] (0.97ns)   --->   "%or_ln117_981 = or i1 %or_ln117_979, i1 %and_ln102_1043" [firmware/BDT.h:117]   --->   Operation 86 'or' 'or_ln117_981' <Predicate = true> <Delay = 0.97> <CoreInst = "LogicGate">   --->   Core 74 'LogicGate' <Latency = 0> <II = 1> <Delay = 0.97> <FuncUnit> <Opcode : 'and' 'or' 'xor'> <InPorts = 2> <OutPorts = 1>
ST_3 : Operation 87 [1/1] (0.97ns)   --->   "%or_ln117_983 = or i1 %and_ln102_1049, i1 %and_ln102" [firmware/BDT.h:117]   --->   Operation 87 'or' 'or_ln117_983' <Predicate = true> <Delay = 0.97> <CoreInst = "LogicGate">   --->   Core 74 'LogicGate' <Latency = 0> <II = 1> <Delay = 0.97> <FuncUnit> <Opcode : 'and' 'or' 'xor'> <InPorts = 2> <OutPorts = 1>
ST_3 : Operation 88 [1/1] (0.97ns)   --->   "%or_ln117_991 = or i1 %and_ln102_1049, i1 %icmp_ln86" [firmware/BDT.h:117]   --->   Operation 88 'or' 'or_ln117_991' <Predicate = true> <Delay = 0.97> <CoreInst = "LogicGate">   --->   Core 74 'LogicGate' <Latency = 0> <II = 1> <Delay = 0.97> <FuncUnit> <Opcode : 'and' 'or' 'xor'> <InPorts = 2> <OutPorts = 1>

State 4 <SV = 3> <Delay = 3.02>
ST_4 : Operation 89 [1/1] (0.00ns) (grouped into LUT with out node select_ln117_1047)   --->   "%xor_ln104_524 = xor i1 %icmp_ln86_1080, i1 1" [firmware/BDT.h:104]   --->   Operation 89 'xor' 'xor_ln104_524' <Predicate = (or_ln117_983 & or_ln117_991)> <Delay = 0.00> <CoreInst = "LogicGate">   --->   Core 74 'LogicGate' <Latency = 0> <II = 1> <Delay = 0.97> <FuncUnit> <Opcode : 'and' 'or' 'xor'> <InPorts = 2> <OutPorts = 1>
ST_4 : Operation 90 [1/1] (0.97ns)   --->   "%and_ln102_1044 = and i1 %icmp_ln86_1081, i1 %and_ln102_1039" [firmware/BDT.h:102]   --->   Operation 90 'and' 'and_ln102_1044' <Predicate = (or_ln117_991)> <Delay = 0.97> <CoreInst = "LogicGate">   --->   Core 74 'LogicGate' <Latency = 0> <II = 1> <Delay = 0.97> <FuncUnit> <Opcode : 'and' 'or' 'xor'> <InPorts = 2> <OutPorts = 1>
ST_4 : Operation 91 [1/1] (0.97ns)   --->   "%and_ln102_1045 = and i1 %icmp_ln86_1082, i1 %and_ln104_211" [firmware/BDT.h:102]   --->   Operation 91 'and' 'and_ln102_1045' <Predicate = (or_ln117_991)> <Delay = 0.97> <CoreInst = "LogicGate">   --->   Core 74 'LogicGate' <Latency = 0> <II = 1> <Delay = 0.97> <FuncUnit> <Opcode : 'and' 'or' 'xor'> <InPorts = 2> <OutPorts = 1>
ST_4 : Operation 92 [1/1] (0.00ns) (grouped into LUT with out node select_ln117_1045)   --->   "%and_ln102_1052 = and i1 %icmp_ln86_1089, i1 %and_ln102_1043" [firmware/BDT.h:102]   --->   Operation 92 'and' 'and_ln102_1052' <Predicate = (or_ln117_981 & or_ln117_983 & or_ln117_991)> <Delay = 0.00> <CoreInst = "LogicGate">   --->   Core 74 'LogicGate' <Latency = 0> <II = 1> <Delay = 0.97> <FuncUnit> <Opcode : 'and' 'or' 'xor'> <InPorts = 2> <OutPorts = 1>
ST_4 : Operation 93 [1/1] (0.00ns) (grouped into LUT with out node select_ln117_1047)   --->   "%and_ln102_1066 = and i1 %icmp_ln86_1090, i1 %xor_ln104_524" [firmware/BDT.h:102]   --->   Operation 93 'and' 'and_ln102_1066' <Predicate = (or_ln117_983 & or_ln117_991)> <Delay = 0.00> <CoreInst = "LogicGate">   --->   Core 74 'LogicGate' <Latency = 0> <II = 1> <Delay = 0.97> <FuncUnit> <Opcode : 'and' 'or' 'xor'> <InPorts = 2> <OutPorts = 1>
ST_4 : Operation 94 [1/1] (0.00ns) (grouped into LUT with out node select_ln117_1047)   --->   "%and_ln102_1053 = and i1 %and_ln102_1066, i1 %and_ln104_210" [firmware/BDT.h:102]   --->   Operation 94 'and' 'and_ln102_1053' <Predicate = (or_ln117_983 & or_ln117_991)> <Delay = 0.00> <CoreInst = "LogicGate">   --->   Core 74 'LogicGate' <Latency = 0> <II = 1> <Delay = 0.97> <FuncUnit> <Opcode : 'and' 'or' 'xor'> <InPorts = 2> <OutPorts = 1>
ST_4 : Operation 95 [1/1] (0.00ns) (grouped into LUT with out node select_ln117_1049)   --->   "%and_ln102_1054 = and i1 %icmp_ln86_1091, i1 %and_ln102_1044" [firmware/BDT.h:102]   --->   Operation 95 'and' 'and_ln102_1054' <Predicate = (or_ln117_991)> <Delay = 0.00> <CoreInst = "LogicGate">   --->   Core 74 'LogicGate' <Latency = 0> <II = 1> <Delay = 0.97> <FuncUnit> <Opcode : 'and' 'or' 'xor'> <InPorts = 2> <OutPorts = 1>
ST_4 : Operation 96 [1/1] (0.00ns) (grouped into LUT with out node select_ln117_1045)   --->   "%or_ln117_980 = or i1 %or_ln117_979, i1 %and_ln102_1052" [firmware/BDT.h:117]   --->   Operation 96 'or' 'or_ln117_980' <Predicate = (or_ln117_981 & or_ln117_983 & or_ln117_991)> <Delay = 0.00> <CoreInst = "LogicGate">   --->   Core 74 'LogicGate' <Latency = 0> <II = 1> <Delay = 0.97> <FuncUnit> <Opcode : 'and' 'or' 'xor'> <InPorts = 2> <OutPorts = 1>
ST_4 : Operation 97 [1/1] (0.00ns) (grouped into LUT with out node select_ln117_1045)   --->   "%select_ln117_1044 = select i1 %or_ln117_980, i3 %select_ln117_1043, i3 6" [firmware/BDT.h:117]   --->   Operation 97 'select' 'select_ln117_1044' <Predicate = (or_ln117_981 & or_ln117_983 & or_ln117_991)> <Delay = 0.00> <CoreInst = "Sel">   --->   Core 73 'Sel' <Latency = 0> <II = 1> <Delay = 0.98> <FuncUnit> <Opcode : 'select'> <InPorts = 3> <OutPorts = 1>
ST_4 : Operation 98 [1/1] (0.00ns) (grouped into LUT with out node select_ln117_1047)   --->   "%or_ln117_982 = or i1 %or_ln117_981, i1 %and_ln102_1053" [firmware/BDT.h:117]   --->   Operation 98 'or' 'or_ln117_982' <Predicate = (or_ln117_983 & or_ln117_991)> <Delay = 0.00> <CoreInst = "LogicGate">   --->   Core 74 'LogicGate' <Latency = 0> <II = 1> <Delay = 0.97> <FuncUnit> <Opcode : 'and' 'or' 'xor'> <InPorts = 2> <OutPorts = 1>
ST_4 : Operation 99 [1/1] (0.98ns) (out node of the LUT)   --->   "%select_ln117_1045 = select i1 %or_ln117_981, i3 %select_ln117_1044, i3 7" [firmware/BDT.h:117]   --->   Operation 99 'select' 'select_ln117_1045' <Predicate = (or_ln117_983 & or_ln117_991)> <Delay = 0.98> <CoreInst = "Sel">   --->   Core 73 'Sel' <Latency = 0> <II = 1> <Delay = 0.98> <FuncUnit> <Opcode : 'select'> <InPorts = 3> <OutPorts = 1>
ST_4 : Operation 100 [1/1] (0.00ns) (grouped into LUT with out node select_ln117_1047)   --->   "%zext_ln117_116 = zext i3 %select_ln117_1045" [firmware/BDT.h:117]   --->   Operation 100 'zext' 'zext_ln117_116' <Predicate = (or_ln117_983 & or_ln117_991)> <Delay = 0.00>
ST_4 : Operation 101 [1/1] (0.00ns) (grouped into LUT with out node select_ln117_1047)   --->   "%select_ln117_1046 = select i1 %or_ln117_982, i4 %zext_ln117_116, i4 8" [firmware/BDT.h:117]   --->   Operation 101 'select' 'select_ln117_1046' <Predicate = (or_ln117_983 & or_ln117_991)> <Delay = 0.00> <CoreInst = "Sel">   --->   Core 73 'Sel' <Latency = 0> <II = 1> <Delay = 1.02> <FuncUnit> <Opcode : 'select'> <InPorts = 3> <OutPorts = 1>
ST_4 : Operation 102 [1/1] (0.00ns) (grouped into LUT with out node select_ln117_1049)   --->   "%or_ln117_984 = or i1 %or_ln117_983, i1 %and_ln102_1054" [firmware/BDT.h:117]   --->   Operation 102 'or' 'or_ln117_984' <Predicate = (or_ln117_991)> <Delay = 0.00> <CoreInst = "LogicGate">   --->   Core 74 'LogicGate' <Latency = 0> <II = 1> <Delay = 0.97> <FuncUnit> <Opcode : 'and' 'or' 'xor'> <InPorts = 2> <OutPorts = 1>
ST_4 : Operation 103 [1/1] (1.02ns) (out node of the LUT)   --->   "%select_ln117_1047 = select i1 %or_ln117_983, i4 %select_ln117_1046, i4 9" [firmware/BDT.h:117]   --->   Operation 103 'select' 'select_ln117_1047' <Predicate = (or_ln117_991)> <Delay = 1.02> <CoreInst = "Sel">   --->   Core 73 'Sel' <Latency = 0> <II = 1> <Delay = 1.02> <FuncUnit> <Opcode : 'select'> <InPorts = 3> <OutPorts = 1>
ST_4 : Operation 104 [1/1] (0.97ns)   --->   "%or_ln117_985 = or i1 %or_ln117_983, i1 %and_ln102_1044" [firmware/BDT.h:117]   --->   Operation 104 'or' 'or_ln117_985' <Predicate = (or_ln117_991)> <Delay = 0.97> <CoreInst = "LogicGate">   --->   Core 74 'LogicGate' <Latency = 0> <II = 1> <Delay = 0.97> <FuncUnit> <Opcode : 'and' 'or' 'xor'> <InPorts = 2> <OutPorts = 1>
ST_4 : Operation 105 [1/1] (0.00ns) (grouped into LUT with out node select_ln117_1049)   --->   "%select_ln117_1048 = select i1 %or_ln117_984, i4 %select_ln117_1047, i4 10" [firmware/BDT.h:117]   --->   Operation 105 'select' 'select_ln117_1048' <Predicate = (or_ln117_991)> <Delay = 0.00> <CoreInst = "Sel">   --->   Core 73 'Sel' <Latency = 0> <II = 1> <Delay = 1.02> <FuncUnit> <Opcode : 'select'> <InPorts = 3> <OutPorts = 1>
ST_4 : Operation 106 [1/1] (1.02ns) (out node of the LUT)   --->   "%select_ln117_1049 = select i1 %or_ln117_985, i4 %select_ln117_1048, i4 11" [firmware/BDT.h:117]   --->   Operation 106 'select' 'select_ln117_1049' <Predicate = (or_ln117_991)> <Delay = 1.02> <CoreInst = "Sel">   --->   Core 73 'Sel' <Latency = 0> <II = 1> <Delay = 1.02> <FuncUnit> <Opcode : 'select'> <InPorts = 3> <OutPorts = 1>
ST_4 : Operation 107 [1/1] (0.97ns)   --->   "%or_ln117_987 = or i1 %or_ln117_983, i1 %and_ln102_1039" [firmware/BDT.h:117]   --->   Operation 107 'or' 'or_ln117_987' <Predicate = (or_ln117_991)> <Delay = 0.97> <CoreInst = "LogicGate">   --->   Core 74 'LogicGate' <Latency = 0> <II = 1> <Delay = 0.97> <FuncUnit> <Opcode : 'and' 'or' 'xor'> <InPorts = 2> <OutPorts = 1>

State 5 <SV = 4> <Delay = 3.26>
ST_5 : Operation 108 [1/1] (0.97ns)   --->   "%and_ln102_1040 = and i1 %icmp_ln86_1077, i1 %and_ln102_1037" [firmware/BDT.h:102]   --->   Operation 108 'and' 'and_ln102_1040' <Predicate = true> <Delay = 0.97> <CoreInst = "LogicGate">   --->   Core 74 'LogicGate' <Latency = 0> <II = 1> <Delay = 0.97> <FuncUnit> <Opcode : 'and' 'or' 'xor'> <InPorts = 2> <OutPorts = 1>
ST_5 : Operation 109 [1/1] (0.00ns) (grouped into LUT with out node and_ln104_212)   --->   "%xor_ln104_521 = xor i1 %icmp_ln86_1077, i1 1" [firmware/BDT.h:104]   --->   Operation 109 'xor' 'xor_ln104_521' <Predicate = true> <Delay = 0.00> <CoreInst = "LogicGate">   --->   Core 74 'LogicGate' <Latency = 0> <II = 1> <Delay = 0.97> <FuncUnit> <Opcode : 'and' 'or' 'xor'> <InPorts = 2> <OutPorts = 1>
ST_5 : Operation 110 [1/1] (0.97ns) (out node of the LUT)   --->   "%and_ln104_212 = and i1 %and_ln102_1037, i1 %xor_ln104_521" [firmware/BDT.h:104]   --->   Operation 110 'and' 'and_ln104_212' <Predicate = true> <Delay = 0.97> <CoreInst = "LogicGate">   --->   Core 74 'LogicGate' <Latency = 0> <II = 1> <Delay = 0.97> <FuncUnit> <Opcode : 'and' 'or' 'xor'> <InPorts = 2> <OutPorts = 1>
ST_5 : Operation 111 [1/1] (0.00ns) (grouped into LUT with out node select_ln117_1051)   --->   "%xor_ln104_525 = xor i1 %icmp_ln86_1081, i1 1" [firmware/BDT.h:104]   --->   Operation 111 'xor' 'xor_ln104_525' <Predicate = (or_ln117_987 & or_ln117_991)> <Delay = 0.00> <CoreInst = "LogicGate">   --->   Core 74 'LogicGate' <Latency = 0> <II = 1> <Delay = 0.97> <FuncUnit> <Opcode : 'and' 'or' 'xor'> <InPorts = 2> <OutPorts = 1>
ST_5 : Operation 112 [1/1] (0.00ns) (grouped into LUT with out node select_ln117_1055)   --->   "%xor_ln104_526 = xor i1 %icmp_ln86_1082, i1 1" [firmware/BDT.h:104]   --->   Operation 112 'xor' 'xor_ln104_526' <Predicate = (or_ln117_991)> <Delay = 0.00> <CoreInst = "LogicGate">   --->   Core 74 'LogicGate' <Latency = 0> <II = 1> <Delay = 0.97> <FuncUnit> <Opcode : 'and' 'or' 'xor'> <InPorts = 2> <OutPorts = 1>
ST_5 : Operation 113 [1/1] (0.97ns)   --->   "%and_ln102_1046 = and i1 %icmp_ln86_1083, i1 %and_ln102_1040" [firmware/BDT.h:102]   --->   Operation 113 'and' 'and_ln102_1046' <Predicate = true> <Delay = 0.97> <CoreInst = "LogicGate">   --->   Core 74 'LogicGate' <Latency = 0> <II = 1> <Delay = 0.97> <FuncUnit> <Opcode : 'and' 'or' 'xor'> <InPorts = 2> <OutPorts = 1>
ST_5 : Operation 114 [1/1] (0.00ns) (grouped into LUT with out node select_ln117_1051)   --->   "%and_ln102_1067 = and i1 %icmp_ln86_1092, i1 %xor_ln104_525" [firmware/BDT.h:102]   --->   Operation 114 'and' 'and_ln102_1067' <Predicate = (or_ln117_987 & or_ln117_991)> <Delay = 0.00> <CoreInst = "LogicGate">   --->   Core 74 'LogicGate' <Latency = 0> <II = 1> <Delay = 0.97> <FuncUnit> <Opcode : 'and' 'or' 'xor'> <InPorts = 2> <OutPorts = 1>
ST_5 : Operation 115 [1/1] (0.00ns) (grouped into LUT with out node select_ln117_1051)   --->   "%and_ln102_1055 = and i1 %and_ln102_1067, i1 %and_ln102_1039" [firmware/BDT.h:102]   --->   Operation 115 'and' 'and_ln102_1055' <Predicate = (or_ln117_987 & or_ln117_991)> <Delay = 0.00> <CoreInst = "LogicGate">   --->   Core 74 'LogicGate' <Latency = 0> <II = 1> <Delay = 0.97> <FuncUnit> <Opcode : 'and' 'or' 'xor'> <InPorts = 2> <OutPorts = 1>
ST_5 : Operation 116 [1/1] (0.00ns) (grouped into LUT with out node select_ln117_1053)   --->   "%and_ln102_1056 = and i1 %icmp_ln86_1093, i1 %and_ln102_1045" [firmware/BDT.h:102]   --->   Operation 116 'and' 'and_ln102_1056' <Predicate = (or_ln117_991)> <Delay = 0.00> <CoreInst = "LogicGate">   --->   Core 74 'LogicGate' <Latency = 0> <II = 1> <Delay = 0.97> <FuncUnit> <Opcode : 'and' 'or' 'xor'> <InPorts = 2> <OutPorts = 1>
ST_5 : Operation 117 [1/1] (0.00ns) (grouped into LUT with out node select_ln117_1055)   --->   "%and_ln102_1068 = and i1 %icmp_ln86_1094, i1 %xor_ln104_526" [firmware/BDT.h:102]   --->   Operation 117 'and' 'and_ln102_1068' <Predicate = (or_ln117_991)> <Delay = 0.00> <CoreInst = "LogicGate">   --->   Core 74 'LogicGate' <Latency = 0> <II = 1> <Delay = 0.97> <FuncUnit> <Opcode : 'and' 'or' 'xor'> <InPorts = 2> <OutPorts = 1>
ST_5 : Operation 118 [1/1] (0.00ns) (grouped into LUT with out node select_ln117_1055)   --->   "%and_ln102_1057 = and i1 %and_ln102_1068, i1 %and_ln104_211" [firmware/BDT.h:102]   --->   Operation 118 'and' 'and_ln102_1057' <Predicate = (or_ln117_991)> <Delay = 0.00> <CoreInst = "LogicGate">   --->   Core 74 'LogicGate' <Latency = 0> <II = 1> <Delay = 0.97> <FuncUnit> <Opcode : 'and' 'or' 'xor'> <InPorts = 2> <OutPorts = 1>
ST_5 : Operation 119 [1/1] (0.00ns) (grouped into LUT with out node select_ln117_1051)   --->   "%or_ln117_986 = or i1 %or_ln117_985, i1 %and_ln102_1055" [firmware/BDT.h:117]   --->   Operation 119 'or' 'or_ln117_986' <Predicate = (or_ln117_987 & or_ln117_991)> <Delay = 0.00> <CoreInst = "LogicGate">   --->   Core 74 'LogicGate' <Latency = 0> <II = 1> <Delay = 0.97> <FuncUnit> <Opcode : 'and' 'or' 'xor'> <InPorts = 2> <OutPorts = 1>
ST_5 : Operation 120 [1/1] (0.00ns) (grouped into LUT with out node select_ln117_1051)   --->   "%select_ln117_1050 = select i1 %or_ln117_986, i4 %select_ln117_1049, i4 12" [firmware/BDT.h:117]   --->   Operation 120 'select' 'select_ln117_1050' <Predicate = (or_ln117_987 & or_ln117_991)> <Delay = 0.00> <CoreInst = "Sel">   --->   Core 73 'Sel' <Latency = 0> <II = 1> <Delay = 1.02> <FuncUnit> <Opcode : 'select'> <InPorts = 3> <OutPorts = 1>
ST_5 : Operation 121 [1/1] (0.00ns) (grouped into LUT with out node select_ln117_1053)   --->   "%or_ln117_988 = or i1 %or_ln117_987, i1 %and_ln102_1056" [firmware/BDT.h:117]   --->   Operation 121 'or' 'or_ln117_988' <Predicate = (or_ln117_991)> <Delay = 0.00> <CoreInst = "LogicGate">   --->   Core 74 'LogicGate' <Latency = 0> <II = 1> <Delay = 0.97> <FuncUnit> <Opcode : 'and' 'or' 'xor'> <InPorts = 2> <OutPorts = 1>
ST_5 : Operation 122 [1/1] (1.02ns) (out node of the LUT)   --->   "%select_ln117_1051 = select i1 %or_ln117_987, i4 %select_ln117_1050, i4 13" [firmware/BDT.h:117]   --->   Operation 122 'select' 'select_ln117_1051' <Predicate = (or_ln117_991)> <Delay = 1.02> <CoreInst = "Sel">   --->   Core 73 'Sel' <Latency = 0> <II = 1> <Delay = 1.02> <FuncUnit> <Opcode : 'select'> <InPorts = 3> <OutPorts = 1>
ST_5 : Operation 123 [1/1] (0.97ns)   --->   "%or_ln117_989 = or i1 %or_ln117_987, i1 %and_ln102_1045" [firmware/BDT.h:117]   --->   Operation 123 'or' 'or_ln117_989' <Predicate = (or_ln117_991)> <Delay = 0.97> <CoreInst = "LogicGate">   --->   Core 74 'LogicGate' <Latency = 0> <II = 1> <Delay = 0.97> <FuncUnit> <Opcode : 'and' 'or' 'xor'> <InPorts = 2> <OutPorts = 1>
ST_5 : Operation 124 [1/1] (0.00ns) (grouped into LUT with out node select_ln117_1053)   --->   "%select_ln117_1052 = select i1 %or_ln117_988, i4 %select_ln117_1051, i4 14" [firmware/BDT.h:117]   --->   Operation 124 'select' 'select_ln117_1052' <Predicate = (or_ln117_991)> <Delay = 0.00> <CoreInst = "Sel">   --->   Core 73 'Sel' <Latency = 0> <II = 1> <Delay = 1.02> <FuncUnit> <Opcode : 'select'> <InPorts = 3> <OutPorts = 1>
ST_5 : Operation 125 [1/1] (0.00ns) (grouped into LUT with out node select_ln117_1055)   --->   "%or_ln117_990 = or i1 %or_ln117_989, i1 %and_ln102_1057" [firmware/BDT.h:117]   --->   Operation 125 'or' 'or_ln117_990' <Predicate = (or_ln117_991)> <Delay = 0.00> <CoreInst = "LogicGate">   --->   Core 74 'LogicGate' <Latency = 0> <II = 1> <Delay = 0.97> <FuncUnit> <Opcode : 'and' 'or' 'xor'> <InPorts = 2> <OutPorts = 1>
ST_5 : Operation 126 [1/1] (1.02ns) (out node of the LUT)   --->   "%select_ln117_1053 = select i1 %or_ln117_989, i4 %select_ln117_1052, i4 15" [firmware/BDT.h:117]   --->   Operation 126 'select' 'select_ln117_1053' <Predicate = (or_ln117_991)> <Delay = 1.02> <CoreInst = "Sel">   --->   Core 73 'Sel' <Latency = 0> <II = 1> <Delay = 1.02> <FuncUnit> <Opcode : 'select'> <InPorts = 3> <OutPorts = 1>
ST_5 : Operation 127 [1/1] (0.00ns) (grouped into LUT with out node select_ln117_1055)   --->   "%zext_ln117_117 = zext i4 %select_ln117_1053" [firmware/BDT.h:117]   --->   Operation 127 'zext' 'zext_ln117_117' <Predicate = (or_ln117_991)> <Delay = 0.00>
ST_5 : Operation 128 [1/1] (0.00ns) (grouped into LUT with out node select_ln117_1055)   --->   "%select_ln117_1054 = select i1 %or_ln117_990, i5 %zext_ln117_117, i5 16" [firmware/BDT.h:117]   --->   Operation 128 'select' 'select_ln117_1054' <Predicate = (or_ln117_991)> <Delay = 0.00> <CoreInst = "Sel">   --->   Core 73 'Sel' <Latency = 0> <II = 1> <Delay = 1.21> <FuncUnit> <Opcode : 'select'> <InPorts = 3> <OutPorts = 1>
ST_5 : Operation 129 [1/1] (1.21ns) (out node of the LUT)   --->   "%select_ln117_1055 = select i1 %or_ln117_991, i5 %select_ln117_1054, i5 17" [firmware/BDT.h:117]   --->   Operation 129 'select' 'select_ln117_1055' <Predicate = true> <Delay = 1.21> <CoreInst = "Sel">   --->   Core 73 'Sel' <Latency = 0> <II = 1> <Delay = 1.21> <FuncUnit> <Opcode : 'select'> <InPorts = 3> <OutPorts = 1>
ST_5 : Operation 130 [1/1] (0.97ns)   --->   "%or_ln117_993 = or i1 %or_ln117_991, i1 %and_ln102_1046" [firmware/BDT.h:117]   --->   Operation 130 'or' 'or_ln117_993' <Predicate = true> <Delay = 0.97> <CoreInst = "LogicGate">   --->   Core 74 'LogicGate' <Latency = 0> <II = 1> <Delay = 0.97> <FuncUnit> <Opcode : 'and' 'or' 'xor'> <InPorts = 2> <OutPorts = 1>

State 6 <SV = 5> <Delay = 3.64>
ST_6 : Operation 131 [1/1] (0.00ns) (grouped into LUT with out node select_ln117_1059)   --->   "%xor_ln104_527 = xor i1 %icmp_ln86_1083, i1 1" [firmware/BDT.h:104]   --->   Operation 131 'xor' 'xor_ln104_527' <Predicate = true> <Delay = 0.00> <CoreInst = "LogicGate">   --->   Core 74 'LogicGate' <Latency = 0> <II = 1> <Delay = 0.97> <FuncUnit> <Opcode : 'and' 'or' 'xor'> <InPorts = 2> <OutPorts = 1>
ST_6 : Operation 132 [1/1] (0.97ns)   --->   "%and_ln102_1047 = and i1 %icmp_ln86_1084, i1 %and_ln104_212" [firmware/BDT.h:102]   --->   Operation 132 'and' 'and_ln102_1047' <Predicate = true> <Delay = 0.97> <CoreInst = "LogicGate">   --->   Core 74 'LogicGate' <Latency = 0> <II = 1> <Delay = 0.97> <FuncUnit> <Opcode : 'and' 'or' 'xor'> <InPorts = 2> <OutPorts = 1>
ST_6 : Operation 133 [1/1] (0.97ns)   --->   "%and_ln102_1048 = and i1 %icmp_ln86_1085, i1 %and_ln102_1041" [firmware/BDT.h:102]   --->   Operation 133 'and' 'and_ln102_1048' <Predicate = true> <Delay = 0.97> <CoreInst = "LogicGate">   --->   Core 74 'LogicGate' <Latency = 0> <II = 1> <Delay = 0.97> <FuncUnit> <Opcode : 'and' 'or' 'xor'> <InPorts = 2> <OutPorts = 1>
ST_6 : Operation 134 [1/1] (0.00ns) (grouped into LUT with out node select_ln117_1057)   --->   "%and_ln102_1058 = and i1 %icmp_ln86_1095, i1 %and_ln102_1046" [firmware/BDT.h:102]   --->   Operation 134 'and' 'and_ln102_1058' <Predicate = (or_ln117_993)> <Delay = 0.00> <CoreInst = "LogicGate">   --->   Core 74 'LogicGate' <Latency = 0> <II = 1> <Delay = 0.97> <FuncUnit> <Opcode : 'and' 'or' 'xor'> <InPorts = 2> <OutPorts = 1>
ST_6 : Operation 135 [1/1] (0.00ns) (grouped into LUT with out node select_ln117_1059)   --->   "%and_ln102_1069 = and i1 %icmp_ln86_1096, i1 %xor_ln104_527" [firmware/BDT.h:102]   --->   Operation 135 'and' 'and_ln102_1069' <Predicate = true> <Delay = 0.00> <CoreInst = "LogicGate">   --->   Core 74 'LogicGate' <Latency = 0> <II = 1> <Delay = 0.97> <FuncUnit> <Opcode : 'and' 'or' 'xor'> <InPorts = 2> <OutPorts = 1>
ST_6 : Operation 136 [1/1] (0.00ns) (grouped into LUT with out node select_ln117_1059)   --->   "%and_ln102_1059 = and i1 %and_ln102_1069, i1 %and_ln102_1040" [firmware/BDT.h:102]   --->   Operation 136 'and' 'and_ln102_1059' <Predicate = true> <Delay = 0.00> <CoreInst = "LogicGate">   --->   Core 74 'LogicGate' <Latency = 0> <II = 1> <Delay = 0.97> <FuncUnit> <Opcode : 'and' 'or' 'xor'> <InPorts = 2> <OutPorts = 1>
ST_6 : Operation 137 [1/1] (0.00ns) (grouped into LUT with out node select_ln117_1061)   --->   "%and_ln102_1060 = and i1 %icmp_ln86_1097, i1 %and_ln102_1047" [firmware/BDT.h:102]   --->   Operation 137 'and' 'and_ln102_1060' <Predicate = true> <Delay = 0.00> <CoreInst = "LogicGate">   --->   Core 74 'LogicGate' <Latency = 0> <II = 1> <Delay = 0.97> <FuncUnit> <Opcode : 'and' 'or' 'xor'> <InPorts = 2> <OutPorts = 1>
ST_6 : Operation 138 [1/1] (0.00ns) (grouped into LUT with out node select_ln117_1057)   --->   "%or_ln117_992 = or i1 %or_ln117_991, i1 %and_ln102_1058" [firmware/BDT.h:117]   --->   Operation 138 'or' 'or_ln117_992' <Predicate = (or_ln117_993)> <Delay = 0.00> <CoreInst = "LogicGate">   --->   Core 74 'LogicGate' <Latency = 0> <II = 1> <Delay = 0.97> <FuncUnit> <Opcode : 'and' 'or' 'xor'> <InPorts = 2> <OutPorts = 1>
ST_6 : Operation 139 [1/1] (0.00ns) (grouped into LUT with out node select_ln117_1057)   --->   "%select_ln117_1056 = select i1 %or_ln117_992, i5 %select_ln117_1055, i5 18" [firmware/BDT.h:117]   --->   Operation 139 'select' 'select_ln117_1056' <Predicate = (or_ln117_993)> <Delay = 0.00> <CoreInst = "Sel">   --->   Core 73 'Sel' <Latency = 0> <II = 1> <Delay = 1.21> <FuncUnit> <Opcode : 'select'> <InPorts = 3> <OutPorts = 1>
ST_6 : Operation 140 [1/1] (0.00ns) (grouped into LUT with out node select_ln117_1059)   --->   "%or_ln117_994 = or i1 %or_ln117_993, i1 %and_ln102_1059" [firmware/BDT.h:117]   --->   Operation 140 'or' 'or_ln117_994' <Predicate = true> <Delay = 0.00> <CoreInst = "LogicGate">   --->   Core 74 'LogicGate' <Latency = 0> <II = 1> <Delay = 0.97> <FuncUnit> <Opcode : 'and' 'or' 'xor'> <InPorts = 2> <OutPorts = 1>
ST_6 : Operation 141 [1/1] (1.21ns) (out node of the LUT)   --->   "%select_ln117_1057 = select i1 %or_ln117_993, i5 %select_ln117_1056, i5 19" [firmware/BDT.h:117]   --->   Operation 141 'select' 'select_ln117_1057' <Predicate = true> <Delay = 1.21> <CoreInst = "Sel">   --->   Core 73 'Sel' <Latency = 0> <II = 1> <Delay = 1.21> <FuncUnit> <Opcode : 'select'> <InPorts = 3> <OutPorts = 1>
ST_6 : Operation 142 [1/1] (0.97ns)   --->   "%or_ln117_995 = or i1 %or_ln117_991, i1 %and_ln102_1040" [firmware/BDT.h:117]   --->   Operation 142 'or' 'or_ln117_995' <Predicate = true> <Delay = 0.97> <CoreInst = "LogicGate">   --->   Core 74 'LogicGate' <Latency = 0> <II = 1> <Delay = 0.97> <FuncUnit> <Opcode : 'and' 'or' 'xor'> <InPorts = 2> <OutPorts = 1>
ST_6 : Operation 143 [1/1] (0.00ns) (grouped into LUT with out node select_ln117_1059)   --->   "%select_ln117_1058 = select i1 %or_ln117_994, i5 %select_ln117_1057, i5 20" [firmware/BDT.h:117]   --->   Operation 143 'select' 'select_ln117_1058' <Predicate = true> <Delay = 0.00> <CoreInst = "Sel">   --->   Core 73 'Sel' <Latency = 0> <II = 1> <Delay = 1.21> <FuncUnit> <Opcode : 'select'> <InPorts = 3> <OutPorts = 1>
ST_6 : Operation 144 [1/1] (0.00ns) (grouped into LUT with out node select_ln117_1061)   --->   "%or_ln117_996 = or i1 %or_ln117_995, i1 %and_ln102_1060" [firmware/BDT.h:117]   --->   Operation 144 'or' 'or_ln117_996' <Predicate = true> <Delay = 0.00> <CoreInst = "LogicGate">   --->   Core 74 'LogicGate' <Latency = 0> <II = 1> <Delay = 0.97> <FuncUnit> <Opcode : 'and' 'or' 'xor'> <InPorts = 2> <OutPorts = 1>
ST_6 : Operation 145 [1/1] (1.21ns) (out node of the LUT)   --->   "%select_ln117_1059 = select i1 %or_ln117_995, i5 %select_ln117_1058, i5 21" [firmware/BDT.h:117]   --->   Operation 145 'select' 'select_ln117_1059' <Predicate = true> <Delay = 1.21> <CoreInst = "Sel">   --->   Core 73 'Sel' <Latency = 0> <II = 1> <Delay = 1.21> <FuncUnit> <Opcode : 'select'> <InPorts = 3> <OutPorts = 1>
ST_6 : Operation 146 [1/1] (0.97ns)   --->   "%or_ln117_997 = or i1 %or_ln117_995, i1 %and_ln102_1047" [firmware/BDT.h:117]   --->   Operation 146 'or' 'or_ln117_997' <Predicate = true> <Delay = 0.97> <CoreInst = "LogicGate">   --->   Core 74 'LogicGate' <Latency = 0> <II = 1> <Delay = 0.97> <FuncUnit> <Opcode : 'and' 'or' 'xor'> <InPorts = 2> <OutPorts = 1>
ST_6 : Operation 147 [1/1] (0.00ns) (grouped into LUT with out node select_ln117_1061)   --->   "%select_ln117_1060 = select i1 %or_ln117_996, i5 %select_ln117_1059, i5 22" [firmware/BDT.h:117]   --->   Operation 147 'select' 'select_ln117_1060' <Predicate = true> <Delay = 0.00> <CoreInst = "Sel">   --->   Core 73 'Sel' <Latency = 0> <II = 1> <Delay = 1.21> <FuncUnit> <Opcode : 'select'> <InPorts = 3> <OutPorts = 1>
ST_6 : Operation 148 [1/1] (1.21ns) (out node of the LUT)   --->   "%select_ln117_1061 = select i1 %or_ln117_997, i5 %select_ln117_1060, i5 23" [firmware/BDT.h:117]   --->   Operation 148 'select' 'select_ln117_1061' <Predicate = true> <Delay = 1.21> <CoreInst = "Sel">   --->   Core 73 'Sel' <Latency = 0> <II = 1> <Delay = 1.21> <FuncUnit> <Opcode : 'select'> <InPorts = 3> <OutPorts = 1>
ST_6 : Operation 149 [1/1] (0.97ns)   --->   "%or_ln117_999 = or i1 %or_ln117_991, i1 %and_ln102_1037" [firmware/BDT.h:117]   --->   Operation 149 'or' 'or_ln117_999' <Predicate = true> <Delay = 0.97> <CoreInst = "LogicGate">   --->   Core 74 'LogicGate' <Latency = 0> <II = 1> <Delay = 0.97> <FuncUnit> <Opcode : 'and' 'or' 'xor'> <InPorts = 2> <OutPorts = 1>

State 7 <SV = 6> <Delay = 3.64>
ST_7 : Operation 150 [1/1] (0.00ns) (grouped into LUT with out node select_ln117_1063)   --->   "%xor_ln104_528 = xor i1 %icmp_ln86_1084, i1 1" [firmware/BDT.h:104]   --->   Operation 150 'xor' 'xor_ln104_528' <Predicate = (or_ln117_999)> <Delay = 0.00> <CoreInst = "LogicGate">   --->   Core 74 'LogicGate' <Latency = 0> <II = 1> <Delay = 0.97> <FuncUnit> <Opcode : 'and' 'or' 'xor'> <InPorts = 2> <OutPorts = 1>
ST_7 : Operation 151 [1/1] (0.00ns) (grouped into LUT with out node select_ln117_1067)   --->   "%xor_ln104_529 = xor i1 %icmp_ln86_1085, i1 1" [firmware/BDT.h:104]   --->   Operation 151 'xor' 'xor_ln104_529' <Predicate = true> <Delay = 0.00> <CoreInst = "LogicGate">   --->   Core 74 'LogicGate' <Latency = 0> <II = 1> <Delay = 0.97> <FuncUnit> <Opcode : 'and' 'or' 'xor'> <InPorts = 2> <OutPorts = 1>
ST_7 : Operation 152 [1/1] (0.00ns) (grouped into LUT with out node select_ln117_1063)   --->   "%and_ln102_1070 = and i1 %icmp_ln86_1098, i1 %xor_ln104_528" [firmware/BDT.h:102]   --->   Operation 152 'and' 'and_ln102_1070' <Predicate = (or_ln117_999)> <Delay = 0.00> <CoreInst = "LogicGate">   --->   Core 74 'LogicGate' <Latency = 0> <II = 1> <Delay = 0.97> <FuncUnit> <Opcode : 'and' 'or' 'xor'> <InPorts = 2> <OutPorts = 1>
ST_7 : Operation 153 [1/1] (0.00ns) (grouped into LUT with out node select_ln117_1063)   --->   "%and_ln102_1061 = and i1 %and_ln102_1070, i1 %and_ln104_212" [firmware/BDT.h:102]   --->   Operation 153 'and' 'and_ln102_1061' <Predicate = (or_ln117_999)> <Delay = 0.00> <CoreInst = "LogicGate">   --->   Core 74 'LogicGate' <Latency = 0> <II = 1> <Delay = 0.97> <FuncUnit> <Opcode : 'and' 'or' 'xor'> <InPorts = 2> <OutPorts = 1>
ST_7 : Operation 154 [1/1] (0.00ns) (grouped into LUT with out node select_ln117_1065)   --->   "%and_ln102_1062 = and i1 %icmp_ln86_1099, i1 %and_ln102_1048" [firmware/BDT.h:102]   --->   Operation 154 'and' 'and_ln102_1062' <Predicate = true> <Delay = 0.00> <CoreInst = "LogicGate">   --->   Core 74 'LogicGate' <Latency = 0> <II = 1> <Delay = 0.97> <FuncUnit> <Opcode : 'and' 'or' 'xor'> <InPorts = 2> <OutPorts = 1>
ST_7 : Operation 155 [1/1] (0.00ns) (grouped into LUT with out node select_ln117_1067)   --->   "%and_ln102_1071 = and i1 %icmp_ln86_1100, i1 %xor_ln104_529" [firmware/BDT.h:102]   --->   Operation 155 'and' 'and_ln102_1071' <Predicate = true> <Delay = 0.00> <CoreInst = "LogicGate">   --->   Core 74 'LogicGate' <Latency = 0> <II = 1> <Delay = 0.97> <FuncUnit> <Opcode : 'and' 'or' 'xor'> <InPorts = 2> <OutPorts = 1>
ST_7 : Operation 156 [1/1] (0.00ns) (grouped into LUT with out node select_ln117_1067)   --->   "%and_ln102_1063 = and i1 %and_ln102_1071, i1 %and_ln102_1041" [firmware/BDT.h:102]   --->   Operation 156 'and' 'and_ln102_1063' <Predicate = true> <Delay = 0.00> <CoreInst = "LogicGate">   --->   Core 74 'LogicGate' <Latency = 0> <II = 1> <Delay = 0.97> <FuncUnit> <Opcode : 'and' 'or' 'xor'> <InPorts = 2> <OutPorts = 1>
ST_7 : Operation 157 [1/1] (0.00ns) (grouped into LUT with out node select_ln117_1063)   --->   "%or_ln117_998 = or i1 %or_ln117_997, i1 %and_ln102_1061" [firmware/BDT.h:117]   --->   Operation 157 'or' 'or_ln117_998' <Predicate = (or_ln117_999)> <Delay = 0.00> <CoreInst = "LogicGate">   --->   Core 74 'LogicGate' <Latency = 0> <II = 1> <Delay = 0.97> <FuncUnit> <Opcode : 'and' 'or' 'xor'> <InPorts = 2> <OutPorts = 1>
ST_7 : Operation 158 [1/1] (0.00ns) (grouped into LUT with out node select_ln117_1063)   --->   "%select_ln117_1062 = select i1 %or_ln117_998, i5 %select_ln117_1061, i5 24" [firmware/BDT.h:117]   --->   Operation 158 'select' 'select_ln117_1062' <Predicate = (or_ln117_999)> <Delay = 0.00> <CoreInst = "Sel">   --->   Core 73 'Sel' <Latency = 0> <II = 1> <Delay = 1.21> <FuncUnit> <Opcode : 'select'> <InPorts = 3> <OutPorts = 1>
ST_7 : Operation 159 [1/1] (0.00ns) (grouped into LUT with out node select_ln117_1065)   --->   "%or_ln117_1000 = or i1 %or_ln117_999, i1 %and_ln102_1062" [firmware/BDT.h:117]   --->   Operation 159 'or' 'or_ln117_1000' <Predicate = true> <Delay = 0.00> <CoreInst = "LogicGate">   --->   Core 74 'LogicGate' <Latency = 0> <II = 1> <Delay = 0.97> <FuncUnit> <Opcode : 'and' 'or' 'xor'> <InPorts = 2> <OutPorts = 1>
ST_7 : Operation 160 [1/1] (1.21ns) (out node of the LUT)   --->   "%select_ln117_1063 = select i1 %or_ln117_999, i5 %select_ln117_1062, i5 25" [firmware/BDT.h:117]   --->   Operation 160 'select' 'select_ln117_1063' <Predicate = true> <Delay = 1.21> <CoreInst = "Sel">   --->   Core 73 'Sel' <Latency = 0> <II = 1> <Delay = 1.21> <FuncUnit> <Opcode : 'select'> <InPorts = 3> <OutPorts = 1>
ST_7 : Operation 161 [1/1] (0.97ns)   --->   "%or_ln117_1001 = or i1 %or_ln117_999, i1 %and_ln102_1048" [firmware/BDT.h:117]   --->   Operation 161 'or' 'or_ln117_1001' <Predicate = true> <Delay = 0.97> <CoreInst = "LogicGate">   --->   Core 74 'LogicGate' <Latency = 0> <II = 1> <Delay = 0.97> <FuncUnit> <Opcode : 'and' 'or' 'xor'> <InPorts = 2> <OutPorts = 1>
ST_7 : Operation 162 [1/1] (0.00ns) (grouped into LUT with out node select_ln117_1065)   --->   "%select_ln117_1064 = select i1 %or_ln117_1000, i5 %select_ln117_1063, i5 26" [firmware/BDT.h:117]   --->   Operation 162 'select' 'select_ln117_1064' <Predicate = true> <Delay = 0.00> <CoreInst = "Sel">   --->   Core 73 'Sel' <Latency = 0> <II = 1> <Delay = 1.21> <FuncUnit> <Opcode : 'select'> <InPorts = 3> <OutPorts = 1>
ST_7 : Operation 163 [1/1] (0.00ns) (grouped into LUT with out node select_ln117_1067)   --->   "%or_ln117_1002 = or i1 %or_ln117_1001, i1 %and_ln102_1063" [firmware/BDT.h:117]   --->   Operation 163 'or' 'or_ln117_1002' <Predicate = true> <Delay = 0.00> <CoreInst = "LogicGate">   --->   Core 74 'LogicGate' <Latency = 0> <II = 1> <Delay = 0.97> <FuncUnit> <Opcode : 'and' 'or' 'xor'> <InPorts = 2> <OutPorts = 1>
ST_7 : Operation 164 [1/1] (1.21ns) (out node of the LUT)   --->   "%select_ln117_1065 = select i1 %or_ln117_1001, i5 %select_ln117_1064, i5 27" [firmware/BDT.h:117]   --->   Operation 164 'select' 'select_ln117_1065' <Predicate = true> <Delay = 1.21> <CoreInst = "Sel">   --->   Core 73 'Sel' <Latency = 0> <II = 1> <Delay = 1.21> <FuncUnit> <Opcode : 'select'> <InPorts = 3> <OutPorts = 1>
ST_7 : Operation 165 [1/1] (0.97ns)   --->   "%or_ln117_1003 = or i1 %or_ln117_999, i1 %and_ln102_1041" [firmware/BDT.h:117]   --->   Operation 165 'or' 'or_ln117_1003' <Predicate = true> <Delay = 0.97> <CoreInst = "LogicGate">   --->   Core 74 'LogicGate' <Latency = 0> <II = 1> <Delay = 0.97> <FuncUnit> <Opcode : 'and' 'or' 'xor'> <InPorts = 2> <OutPorts = 1>
ST_7 : Operation 166 [1/1] (0.00ns) (grouped into LUT with out node select_ln117_1067)   --->   "%select_ln117_1066 = select i1 %or_ln117_1002, i5 %select_ln117_1065, i5 28" [firmware/BDT.h:117]   --->   Operation 166 'select' 'select_ln117_1066' <Predicate = true> <Delay = 0.00> <CoreInst = "Sel">   --->   Core 73 'Sel' <Latency = 0> <II = 1> <Delay = 1.21> <FuncUnit> <Opcode : 'select'> <InPorts = 3> <OutPorts = 1>
ST_7 : Operation 167 [1/1] (1.21ns) (out node of the LUT)   --->   "%select_ln117_1067 = select i1 %or_ln117_1003, i5 %select_ln117_1066, i5 29" [firmware/BDT.h:117]   --->   Operation 167 'select' 'select_ln117_1067' <Predicate = true> <Delay = 1.21> <CoreInst = "Sel">   --->   Core 73 'Sel' <Latency = 0> <II = 1> <Delay = 1.21> <FuncUnit> <Opcode : 'select'> <InPorts = 3> <OutPorts = 1>

State 8 <SV = 7> <Delay = 3.20>
ST_8 : Operation 168 [1/1] (0.00ns)   --->   "%specpipeline_ln53 = specpipeline void @_ssdm_op_SpecPipeline, i32 1, i32 0, i32 0, i32 0, void @empty_13" [firmware/BDT.h:53]   --->   Operation 168 'specpipeline' 'specpipeline_ln53' <Predicate = true> <Delay = 0.00>
ST_8 : Operation 169 [1/1] (0.00ns) (grouped into LUT with out node agg_result_0)   --->   "%and_ln102_1064 = and i1 %icmp_ln86_1101, i1 %and_ln104_214" [firmware/BDT.h:102]   --->   Operation 169 'and' 'and_ln102_1064' <Predicate = true> <Delay = 0.00> <CoreInst = "LogicGate">   --->   Core 74 'LogicGate' <Latency = 0> <II = 1> <Delay = 0.97> <FuncUnit> <Opcode : 'and' 'or' 'xor'> <InPorts = 2> <OutPorts = 1>
ST_8 : Operation 170 [1/1] (0.00ns) (grouped into LUT with out node agg_result_0)   --->   "%or_ln117_1004 = or i1 %or_ln117_1003, i1 %and_ln102_1064" [firmware/BDT.h:117]   --->   Operation 170 'or' 'or_ln117_1004' <Predicate = true> <Delay = 0.00> <CoreInst = "LogicGate">   --->   Core 74 'LogicGate' <Latency = 0> <II = 1> <Delay = 0.97> <FuncUnit> <Opcode : 'and' 'or' 'xor'> <InPorts = 2> <OutPorts = 1>
ST_8 : Operation 171 [1/1] (0.00ns) (grouped into LUT with out node agg_result_0)   --->   "%or_ln117_1005 = or i1 %or_ln117_1003, i1 %and_ln104_214" [firmware/BDT.h:117]   --->   Operation 171 'or' 'or_ln117_1005' <Predicate = true> <Delay = 0.00> <CoreInst = "LogicGate">   --->   Core 74 'LogicGate' <Latency = 0> <II = 1> <Delay = 0.97> <FuncUnit> <Opcode : 'and' 'or' 'xor'> <InPorts = 2> <OutPorts = 1>
ST_8 : Operation 172 [1/1] (0.00ns) (grouped into LUT with out node agg_result_0)   --->   "%select_ln117_1068 = select i1 %or_ln117_1004, i5 %select_ln117_1067, i5 30" [firmware/BDT.h:117]   --->   Operation 172 'select' 'select_ln117_1068' <Predicate = true> <Delay = 0.00> <CoreInst = "Sel">   --->   Core 73 'Sel' <Latency = 0> <II = 1> <Delay = 1.21> <FuncUnit> <Opcode : 'select'> <InPorts = 3> <OutPorts = 1>
ST_8 : Operation 173 [1/1] (0.00ns) (grouped into LUT with out node agg_result_0)   --->   "%tmp = sparsemux i12 @_ssdm_op_SparseMux.ap_auto.31i12.i12.i5, i5 0, i12 1644, i5 1, i12 893, i5 2, i12 290, i5 3, i12 78, i5 4, i12 729, i5 5, i12 294, i5 6, i12 3958, i5 7, i12 282, i5 8, i12 3789, i5 9, i12 1, i5 10, i12 101, i5 11, i12 3803, i5 12, i12 117, i5 13, i12 3835, i5 14, i12 4028, i5 15, i12 186, i5 16, i12 4092, i5 17, i12 4077, i5 18, i12 3691, i5 19, i12 4052, i5 20, i12 238, i5 21, i12 3686, i5 22, i12 1275, i5 23, i12 253, i5 24, i12 3934, i5 25, i12 206, i5 26, i12 3860, i5 27, i12 3706, i5 28, i12 756, i5 29, i12 3944, i5 30, i12 4058, i12 0, i5 %select_ln117_1068" [firmware/BDT.h:118]   --->   Operation 173 'sparsemux' 'tmp' <Predicate = true> <Delay = 0.00> <CoreInst = "BinarySparseMux_DontCare">   --->   Core 137 'BinarySparseMux_DontCare' <Latency = 0> <II = 1> <Delay = 3.20> <FuncUnit> <Opcode : 'sparsemux'> <InPorts = 2> <OutPorts = 1>
ST_8 : Operation 174 [1/1] (3.20ns) (out node of the LUT)   --->   "%agg_result_0 = select i1 %or_ln117_1005, i12 %tmp, i12 0" [firmware/BDT.h:117]   --->   Operation 174 'select' 'agg_result_0' <Predicate = true> <Delay = 3.20> <CoreInst = "Sel">   --->   Core 73 'Sel' <Latency = 0> <II = 1> <Delay = 0.69> <FuncUnit> <Opcode : 'select'> <InPorts = 3> <OutPorts = 1>
ST_8 : Operation 175 [1/1] (0.00ns)   --->   "%ret_ln122 = ret i12 %agg_result_0" [firmware/BDT.h:122]   --->   Operation 175 'ret' 'ret_ln122' <Predicate = true> <Delay = 0.00>


============================================================
+ Verbose Summary: Timing violations
============================================================
Target clock period: 5.000ns, clock uncertainty: 1.350ns.

 <State 1>: 3.114ns
The critical path consists of the following:
	wire read operation ('p_read', firmware/BDT.h:86) on port 'p_read11' (firmware/BDT.h:86) [13]  (0.000 ns)
	'icmp' operation 1 bit ('icmp_ln86', firmware/BDT.h:86) [24]  (2.136 ns)
	'xor' operation 1 bit ('xor_ln104', firmware/BDT.h:104) [54]  (0.978 ns)

 <State 2>: 2.934ns
The critical path consists of the following:
	'and' operation 1 bit ('and_ln102', firmware/BDT.h:102) [55]  (0.978 ns)
	'and' operation 1 bit ('and_ln102_1038', firmware/BDT.h:102) [61]  (0.978 ns)
	'and' operation 1 bit ('and_ln102_1042', firmware/BDT.h:102) [73]  (0.978 ns)

 <State 3>: 2.951ns
The critical path consists of the following:
	'or' operation 1 bit ('or_ln117_977', firmware/BDT.h:117) [115]  (0.978 ns)
	'select' operation 2 bit ('select_ln117_1041', firmware/BDT.h:117) [118]  (0.993 ns)
	'select' operation 3 bit ('select_ln117_1042', firmware/BDT.h:117) [121]  (0.000 ns)
	'select' operation 3 bit ('select_ln117_1043', firmware/BDT.h:117) [123]  (0.980 ns)

 <State 4>: 3.028ns
The critical path consists of the following:
	'and' operation 1 bit ('and_ln102_1052', firmware/BDT.h:102) [93]  (0.000 ns)
	'or' operation 1 bit ('or_ln117_980', firmware/BDT.h:117) [122]  (0.000 ns)
	'select' operation 3 bit ('select_ln117_1044', firmware/BDT.h:117) [125]  (0.000 ns)
	'select' operation 3 bit ('select_ln117_1045', firmware/BDT.h:117) [127]  (0.980 ns)
	'select' operation 4 bit ('select_ln117_1046', firmware/BDT.h:117) [130]  (0.000 ns)
	'select' operation 4 bit ('select_ln117_1047', firmware/BDT.h:117) [132]  (1.024 ns)
	'select' operation 4 bit ('select_ln117_1048', firmware/BDT.h:117) [134]  (0.000 ns)
	'select' operation 4 bit ('select_ln117_1049', firmware/BDT.h:117) [136]  (1.024 ns)

 <State 5>: 3.263ns
The critical path consists of the following:
	'xor' operation 1 bit ('xor_ln104_525', firmware/BDT.h:104) [78]  (0.000 ns)
	'and' operation 1 bit ('and_ln102_1067', firmware/BDT.h:102) [97]  (0.000 ns)
	'and' operation 1 bit ('and_ln102_1055', firmware/BDT.h:102) [98]  (0.000 ns)
	'or' operation 1 bit ('or_ln117_986', firmware/BDT.h:117) [135]  (0.000 ns)
	'select' operation 4 bit ('select_ln117_1050', firmware/BDT.h:117) [138]  (0.000 ns)
	'select' operation 4 bit ('select_ln117_1051', firmware/BDT.h:117) [140]  (1.024 ns)
	'select' operation 4 bit ('select_ln117_1052', firmware/BDT.h:117) [142]  (0.000 ns)
	'select' operation 4 bit ('select_ln117_1053', firmware/BDT.h:117) [144]  (1.024 ns)
	'select' operation 5 bit ('select_ln117_1054', firmware/BDT.h:117) [147]  (0.000 ns)
	'select' operation 5 bit ('select_ln117_1055', firmware/BDT.h:117) [149]  (1.215 ns)

 <State 6>: 3.645ns
The critical path consists of the following:
	'and' operation 1 bit ('and_ln102_1058', firmware/BDT.h:102) [102]  (0.000 ns)
	'or' operation 1 bit ('or_ln117_992', firmware/BDT.h:117) [148]  (0.000 ns)
	'select' operation 5 bit ('select_ln117_1056', firmware/BDT.h:117) [151]  (0.000 ns)
	'select' operation 5 bit ('select_ln117_1057', firmware/BDT.h:117) [153]  (1.215 ns)
	'select' operation 5 bit ('select_ln117_1058', firmware/BDT.h:117) [155]  (0.000 ns)
	'select' operation 5 bit ('select_ln117_1059', firmware/BDT.h:117) [157]  (1.215 ns)
	'select' operation 5 bit ('select_ln117_1060', firmware/BDT.h:117) [159]  (0.000 ns)
	'select' operation 5 bit ('select_ln117_1061', firmware/BDT.h:117) [161]  (1.215 ns)

 <State 7>: 3.645ns
The critical path consists of the following:
	'xor' operation 1 bit ('xor_ln104_528', firmware/BDT.h:104) [84]  (0.000 ns)
	'and' operation 1 bit ('and_ln102_1070', firmware/BDT.h:102) [106]  (0.000 ns)
	'and' operation 1 bit ('and_ln102_1061', firmware/BDT.h:102) [107]  (0.000 ns)
	'or' operation 1 bit ('or_ln117_998', firmware/BDT.h:117) [160]  (0.000 ns)
	'select' operation 5 bit ('select_ln117_1062', firmware/BDT.h:117) [163]  (0.000 ns)
	'select' operation 5 bit ('select_ln117_1063', firmware/BDT.h:117) [165]  (1.215 ns)
	'select' operation 5 bit ('select_ln117_1064', firmware/BDT.h:117) [167]  (0.000 ns)
	'select' operation 5 bit ('select_ln117_1065', firmware/BDT.h:117) [169]  (1.215 ns)
	'select' operation 5 bit ('select_ln117_1066', firmware/BDT.h:117) [171]  (0.000 ns)
	'select' operation 5 bit ('select_ln117_1067', firmware/BDT.h:117) [173]  (1.215 ns)

 <State 8>: 3.205ns
The critical path consists of the following:
	'and' operation 1 bit ('and_ln102_1064', firmware/BDT.h:102) [111]  (0.000 ns)
	'or' operation 1 bit ('or_ln117_1004', firmware/BDT.h:117) [172]  (0.000 ns)
	'select' operation 5 bit ('select_ln117_1068', firmware/BDT.h:117) [175]  (0.000 ns)
	'sparsemux' operation 12 bit ('tmp', firmware/BDT.h:118) [176]  (0.000 ns)
	'select' operation 12 bit ('agg_result_0', firmware/BDT.h:117) [177]  (3.205 ns)


============================================================
+ Verbose Summary: Binding
============================================================
N/A
* FSMD analyzer results:
  - Output states:
 - Input state : 
  - Chain level:
	State 1
	State 2
	State 3
	State 4
	State 5
	State 6
	State 7
	State 8


============================================================
+ Verbose Summary: Datapath Resource usage 
============================================================
N/A
