

================================================================
== Vitis HLS Report for 'relu_ap_fixed_12_8_5_3_0_ap_ufixed_10_6_5_3_0_ReLU_config6_s'
================================================================
* Date:           Mon Mar 10 19:11:48 2025

* Version:        2024.2 (Build 5238294 on Nov  8 2024)
* Project:        myproject_prj
* Solution:       solution1 (Vivado IP Flow Target)
* Product family: zynq
* Target device:  xc7z020-clg400-1


================================================================
== Performance Estimates
================================================================
+ Timing: 
    * Summary: 
    +--------+---------+----------+------------+
    |  Clock |  Target | Estimated| Uncertainty|
    +--------+---------+----------+------------+
    |ap_clk  |  5.00 ns|  2.234 ns|     1.35 ns|
    +--------+---------+----------+------------+

+ Latency: 
    * Summary: 
    +---------+---------+----------+----------+-----+-----+---------+
    |  Latency (cycles) |  Latency (absolute) |  Interval | Pipeline|
    |   min   |   max   |    min   |    max   | min | max |   Type  |
    +---------+---------+----------+----------+-----+-----+---------+
    |        0|        0|      0 ns|      0 ns|    1|    1|      yes|
    +---------+---------+----------+----------+-----+-----+---------+

    + Detail: 
        * Instance: 
        N/A

        * Loop: 
        N/A



================================================================
== Utilization Estimates
================================================================
* Summary: 
+-----------------+---------+-----+--------+-------+-----+
|       Name      | BRAM_18K| DSP |   FF   |  LUT  | URAM|
+-----------------+---------+-----+--------+-------+-----+
|DSP              |        -|    -|       -|      -|    -|
|Expression       |        -|    -|       0|    638|    -|
|FIFO             |        -|    -|       -|      -|    -|
|Instance         |        -|    -|       -|      -|    -|
|Memory           |        -|    -|       -|      -|    -|
|Multiplexer      |        -|    -|       -|      -|    -|
|Register         |        -|    -|       -|      -|    -|
+-----------------+---------+-----+--------+-------+-----+
|Total            |        0|    0|       0|    638|    0|
+-----------------+---------+-----+--------+-------+-----+
|Available        |      280|  220|  106400|  53200|    0|
+-----------------+---------+-----+--------+-------+-----+
|Utilization (%)  |        0|    0|       0|      1|    0|
+-----------------+---------+-----+--------+-------+-----+

+ Detail: 
    * Instance: 
    N/A

    * DSP: 
    N/A

    * Memory: 
    N/A

    * FIFO: 
    N/A

    * Expression: 
    +--------------------------+----------+----+---+----+------------+------------+
    |       Variable Name      | Operation| DSP| FF| LUT| Bitwidth P0| Bitwidth P1|
    +--------------------------+----------+----+---+----+------------+------------+
    |icmp_ln45_10_fu_428_p2    |      icmp|   0|  0|  12|          12|           1|
    |icmp_ln45_11_fu_446_p2    |      icmp|   0|  0|  12|          12|           1|
    |icmp_ln45_12_fu_464_p2    |      icmp|   0|  0|  12|          12|           1|
    |icmp_ln45_13_fu_482_p2    |      icmp|   0|  0|  12|          12|           1|
    |icmp_ln45_14_fu_500_p2    |      icmp|   0|  0|  12|          12|           1|
    |icmp_ln45_15_fu_518_p2    |      icmp|   0|  0|  12|          12|           1|
    |icmp_ln45_16_fu_536_p2    |      icmp|   0|  0|  12|          12|           1|
    |icmp_ln45_17_fu_554_p2    |      icmp|   0|  0|  12|          12|           1|
    |icmp_ln45_18_fu_572_p2    |      icmp|   0|  0|  12|          12|           1|
    |icmp_ln45_19_fu_590_p2    |      icmp|   0|  0|  12|          12|           1|
    |icmp_ln45_1_fu_266_p2     |      icmp|   0|  0|  12|          12|           1|
    |icmp_ln45_20_fu_608_p2    |      icmp|   0|  0|  12|          12|           1|
    |icmp_ln45_21_fu_626_p2    |      icmp|   0|  0|  12|          12|           1|
    |icmp_ln45_22_fu_644_p2    |      icmp|   0|  0|  12|          12|           1|
    |icmp_ln45_23_fu_662_p2    |      icmp|   0|  0|  12|          12|           1|
    |icmp_ln45_24_fu_680_p2    |      icmp|   0|  0|  12|          12|           1|
    |icmp_ln45_25_fu_698_p2    |      icmp|   0|  0|  12|          12|           1|
    |icmp_ln45_26_fu_716_p2    |      icmp|   0|  0|  12|          12|           1|
    |icmp_ln45_27_fu_734_p2    |      icmp|   0|  0|  12|          12|           1|
    |icmp_ln45_28_fu_752_p2    |      icmp|   0|  0|  12|          12|           1|
    |icmp_ln45_2_fu_284_p2     |      icmp|   0|  0|  12|          12|           1|
    |icmp_ln45_3_fu_302_p2     |      icmp|   0|  0|  12|          12|           1|
    |icmp_ln45_4_fu_320_p2     |      icmp|   0|  0|  12|          12|           1|
    |icmp_ln45_5_fu_338_p2     |      icmp|   0|  0|  12|          12|           1|
    |icmp_ln45_6_fu_356_p2     |      icmp|   0|  0|  12|          12|           1|
    |icmp_ln45_7_fu_374_p2     |      icmp|   0|  0|  12|          12|           1|
    |icmp_ln45_8_fu_392_p2     |      icmp|   0|  0|  12|          12|           1|
    |icmp_ln45_9_fu_410_p2     |      icmp|   0|  0|  12|          12|           1|
    |icmp_ln45_fu_248_p2       |      icmp|   0|  0|  12|          12|           1|
    |select_ln45_10_fu_438_p3  |    select|   0|  0|  10|           1|          10|
    |select_ln45_11_fu_456_p3  |    select|   0|  0|  10|           1|          10|
    |select_ln45_12_fu_474_p3  |    select|   0|  0|  10|           1|          10|
    |select_ln45_13_fu_492_p3  |    select|   0|  0|  10|           1|          10|
    |select_ln45_14_fu_510_p3  |    select|   0|  0|  10|           1|          10|
    |select_ln45_15_fu_528_p3  |    select|   0|  0|  10|           1|          10|
    |select_ln45_16_fu_546_p3  |    select|   0|  0|  10|           1|          10|
    |select_ln45_17_fu_564_p3  |    select|   0|  0|  10|           1|          10|
    |select_ln45_18_fu_582_p3  |    select|   0|  0|  10|           1|          10|
    |select_ln45_19_fu_600_p3  |    select|   0|  0|  10|           1|          10|
    |select_ln45_1_fu_276_p3   |    select|   0|  0|  10|           1|          10|
    |select_ln45_20_fu_618_p3  |    select|   0|  0|  10|           1|          10|
    |select_ln45_21_fu_636_p3  |    select|   0|  0|  10|           1|          10|
    |select_ln45_22_fu_654_p3  |    select|   0|  0|  10|           1|          10|
    |select_ln45_23_fu_672_p3  |    select|   0|  0|  10|           1|          10|
    |select_ln45_24_fu_690_p3  |    select|   0|  0|  10|           1|          10|
    |select_ln45_25_fu_708_p3  |    select|   0|  0|  10|           1|          10|
    |select_ln45_26_fu_726_p3  |    select|   0|  0|  10|           1|          10|
    |select_ln45_27_fu_744_p3  |    select|   0|  0|  10|           1|          10|
    |select_ln45_28_fu_762_p3  |    select|   0|  0|  10|           1|          10|
    |select_ln45_2_fu_294_p3   |    select|   0|  0|  10|           1|          10|
    |select_ln45_3_fu_312_p3   |    select|   0|  0|  10|           1|          10|
    |select_ln45_4_fu_330_p3   |    select|   0|  0|  10|           1|          10|
    |select_ln45_5_fu_348_p3   |    select|   0|  0|  10|           1|          10|
    |select_ln45_6_fu_366_p3   |    select|   0|  0|  10|           1|          10|
    |select_ln45_7_fu_384_p3   |    select|   0|  0|  10|           1|          10|
    |select_ln45_8_fu_402_p3   |    select|   0|  0|  10|           1|          10|
    |select_ln45_9_fu_420_p3   |    select|   0|  0|  10|           1|          10|
    |select_ln45_fu_258_p3     |    select|   0|  0|  10|           1|          10|
    +--------------------------+----------+----+---+----+------------+------------+
    |Total                     |          |   0|  0| 638|         377|         319|
    +--------------------------+----------+----+---+----+------------+------------+

    * Multiplexer: 
    N/A

    * Register: 
    N/A



================================================================
== Interface
================================================================
* Summary: 
+-------------------+-----+-----+------------+-------------------------------------------------------------------------+--------------+
|     RTL Ports     | Dir | Bits|  Protocol  |                              Source Object                              |    C Type    |
+-------------------+-----+-----+------------+-------------------------------------------------------------------------+--------------+
|ap_ready           |  out|    1|  ap_ctrl_hs|  relu<ap_fixed<12, 8, 5, 3, 0>, ap_ufixed<10, 6, 5, 3, 0>, ReLU_config6>|  return value|
|ap_return_0        |  out|   10|  ap_ctrl_hs|  relu<ap_fixed<12, 8, 5, 3, 0>, ap_ufixed<10, 6, 5, 3, 0>, ReLU_config6>|  return value|
|ap_return_1        |  out|   10|  ap_ctrl_hs|  relu<ap_fixed<12, 8, 5, 3, 0>, ap_ufixed<10, 6, 5, 3, 0>, ReLU_config6>|  return value|
|ap_return_2        |  out|   10|  ap_ctrl_hs|  relu<ap_fixed<12, 8, 5, 3, 0>, ap_ufixed<10, 6, 5, 3, 0>, ReLU_config6>|  return value|
|ap_return_3        |  out|   10|  ap_ctrl_hs|  relu<ap_fixed<12, 8, 5, 3, 0>, ap_ufixed<10, 6, 5, 3, 0>, ReLU_config6>|  return value|
|ap_return_4        |  out|   10|  ap_ctrl_hs|  relu<ap_fixed<12, 8, 5, 3, 0>, ap_ufixed<10, 6, 5, 3, 0>, ReLU_config6>|  return value|
|ap_return_5        |  out|   10|  ap_ctrl_hs|  relu<ap_fixed<12, 8, 5, 3, 0>, ap_ufixed<10, 6, 5, 3, 0>, ReLU_config6>|  return value|
|ap_return_6        |  out|   10|  ap_ctrl_hs|  relu<ap_fixed<12, 8, 5, 3, 0>, ap_ufixed<10, 6, 5, 3, 0>, ReLU_config6>|  return value|
|ap_return_7        |  out|   10|  ap_ctrl_hs|  relu<ap_fixed<12, 8, 5, 3, 0>, ap_ufixed<10, 6, 5, 3, 0>, ReLU_config6>|  return value|
|ap_return_8        |  out|   10|  ap_ctrl_hs|  relu<ap_fixed<12, 8, 5, 3, 0>, ap_ufixed<10, 6, 5, 3, 0>, ReLU_config6>|  return value|
|ap_return_9        |  out|   10|  ap_ctrl_hs|  relu<ap_fixed<12, 8, 5, 3, 0>, ap_ufixed<10, 6, 5, 3, 0>, ReLU_config6>|  return value|
|ap_return_10       |  out|   10|  ap_ctrl_hs|  relu<ap_fixed<12, 8, 5, 3, 0>, ap_ufixed<10, 6, 5, 3, 0>, ReLU_config6>|  return value|
|ap_return_11       |  out|   10|  ap_ctrl_hs|  relu<ap_fixed<12, 8, 5, 3, 0>, ap_ufixed<10, 6, 5, 3, 0>, ReLU_config6>|  return value|
|ap_return_12       |  out|   10|  ap_ctrl_hs|  relu<ap_fixed<12, 8, 5, 3, 0>, ap_ufixed<10, 6, 5, 3, 0>, ReLU_config6>|  return value|
|ap_return_13       |  out|   10|  ap_ctrl_hs|  relu<ap_fixed<12, 8, 5, 3, 0>, ap_ufixed<10, 6, 5, 3, 0>, ReLU_config6>|  return value|
|ap_return_14       |  out|   10|  ap_ctrl_hs|  relu<ap_fixed<12, 8, 5, 3, 0>, ap_ufixed<10, 6, 5, 3, 0>, ReLU_config6>|  return value|
|ap_return_15       |  out|   10|  ap_ctrl_hs|  relu<ap_fixed<12, 8, 5, 3, 0>, ap_ufixed<10, 6, 5, 3, 0>, ReLU_config6>|  return value|
|ap_return_16       |  out|   10|  ap_ctrl_hs|  relu<ap_fixed<12, 8, 5, 3, 0>, ap_ufixed<10, 6, 5, 3, 0>, ReLU_config6>|  return value|
|ap_return_17       |  out|   10|  ap_ctrl_hs|  relu<ap_fixed<12, 8, 5, 3, 0>, ap_ufixed<10, 6, 5, 3, 0>, ReLU_config6>|  return value|
|ap_return_18       |  out|   10|  ap_ctrl_hs|  relu<ap_fixed<12, 8, 5, 3, 0>, ap_ufixed<10, 6, 5, 3, 0>, ReLU_config6>|  return value|
|ap_return_19       |  out|   10|  ap_ctrl_hs|  relu<ap_fixed<12, 8, 5, 3, 0>, ap_ufixed<10, 6, 5, 3, 0>, ReLU_config6>|  return value|
|ap_return_20       |  out|   10|  ap_ctrl_hs|  relu<ap_fixed<12, 8, 5, 3, 0>, ap_ufixed<10, 6, 5, 3, 0>, ReLU_config6>|  return value|
|ap_return_21       |  out|   10|  ap_ctrl_hs|  relu<ap_fixed<12, 8, 5, 3, 0>, ap_ufixed<10, 6, 5, 3, 0>, ReLU_config6>|  return value|
|ap_return_22       |  out|   10|  ap_ctrl_hs|  relu<ap_fixed<12, 8, 5, 3, 0>, ap_ufixed<10, 6, 5, 3, 0>, ReLU_config6>|  return value|
|ap_return_23       |  out|   10|  ap_ctrl_hs|  relu<ap_fixed<12, 8, 5, 3, 0>, ap_ufixed<10, 6, 5, 3, 0>, ReLU_config6>|  return value|
|ap_return_24       |  out|   10|  ap_ctrl_hs|  relu<ap_fixed<12, 8, 5, 3, 0>, ap_ufixed<10, 6, 5, 3, 0>, ReLU_config6>|  return value|
|ap_return_25       |  out|   10|  ap_ctrl_hs|  relu<ap_fixed<12, 8, 5, 3, 0>, ap_ufixed<10, 6, 5, 3, 0>, ReLU_config6>|  return value|
|ap_return_26       |  out|   10|  ap_ctrl_hs|  relu<ap_fixed<12, 8, 5, 3, 0>, ap_ufixed<10, 6, 5, 3, 0>, ReLU_config6>|  return value|
|ap_return_27       |  out|   10|  ap_ctrl_hs|  relu<ap_fixed<12, 8, 5, 3, 0>, ap_ufixed<10, 6, 5, 3, 0>, ReLU_config6>|  return value|
|ap_return_28       |  out|   10|  ap_ctrl_hs|  relu<ap_fixed<12, 8, 5, 3, 0>, ap_ufixed<10, 6, 5, 3, 0>, ReLU_config6>|  return value|
|ap_rst             |   in|    1|  ap_ctrl_hs|  relu<ap_fixed<12, 8, 5, 3, 0>, ap_ufixed<10, 6, 5, 3, 0>, ReLU_config6>|  return value|
|layer3_out_0_val   |   in|   12|     ap_none|                                                         layer3_out_0_val|        scalar|
|layer3_out_2_val   |   in|   12|     ap_none|                                                         layer3_out_2_val|        scalar|
|layer3_out_4_val   |   in|   12|     ap_none|                                                         layer3_out_4_val|        scalar|
|layer3_out_5_val   |   in|   12|     ap_none|                                                         layer3_out_5_val|        scalar|
|layer3_out_7_val   |   in|   12|     ap_none|                                                         layer3_out_7_val|        scalar|
|layer3_out_8_val   |   in|   12|     ap_none|                                                         layer3_out_8_val|        scalar|
|layer3_out_9_val   |   in|   12|     ap_none|                                                         layer3_out_9_val|        scalar|
|layer3_out_10_val  |   in|   12|     ap_none|                                                        layer3_out_10_val|        scalar|
|layer3_out_12_val  |   in|   12|     ap_none|                                                        layer3_out_12_val|        scalar|
|layer3_out_14_val  |   in|   12|     ap_none|                                                        layer3_out_14_val|        scalar|
|layer3_out_23_val  |   in|   12|     ap_none|                                                        layer3_out_23_val|        scalar|
|layer3_out_24_val  |   in|   12|     ap_none|                                                        layer3_out_24_val|        scalar|
|layer3_out_26_val  |   in|   12|     ap_none|                                                        layer3_out_26_val|        scalar|
|layer3_out_27_val  |   in|   12|     ap_none|                                                        layer3_out_27_val|        scalar|
|layer3_out_28_val  |   in|   12|     ap_none|                                                        layer3_out_28_val|        scalar|
|layer3_out_31_val  |   in|   12|     ap_none|                                                        layer3_out_31_val|        scalar|
|layer3_out_34_val  |   in|   12|     ap_none|                                                        layer3_out_34_val|        scalar|
|layer3_out_35_val  |   in|   12|     ap_none|                                                        layer3_out_35_val|        scalar|
|layer3_out_37_val  |   in|   12|     ap_none|                                                        layer3_out_37_val|        scalar|
|layer3_out_40_val  |   in|   12|     ap_none|                                                        layer3_out_40_val|        scalar|
|layer3_out_43_val  |   in|   12|     ap_none|                                                        layer3_out_43_val|        scalar|
|layer3_out_44_val  |   in|   12|     ap_none|                                                        layer3_out_44_val|        scalar|
|layer3_out_47_val  |   in|   12|     ap_none|                                                        layer3_out_47_val|        scalar|
|layer3_out_48_val  |   in|   12|     ap_none|                                                        layer3_out_48_val|        scalar|
|layer3_out_49_val  |   in|   12|     ap_none|                                                        layer3_out_49_val|        scalar|
|layer3_out_52_val  |   in|   12|     ap_none|                                                        layer3_out_52_val|        scalar|
|layer3_out_58_val  |   in|   12|     ap_none|                                                        layer3_out_58_val|        scalar|
|layer3_out_59_val  |   in|   12|     ap_none|                                                        layer3_out_59_val|        scalar|
|layer3_out_61_val  |   in|   12|     ap_none|                                                        layer3_out_61_val|        scalar|
+-------------------+-----+-----+------------+-------------------------------------------------------------------------+--------------+

