

================================================================
== Vitis HLS Report for 'decision_function_52'
================================================================
* Date:           Tue Mar 11 16:16:27 2025

* Version:        2024.2 (Build 5238294 on Nov  8 2024)
* Project:        my_prj
* Solution:       solution1 (Vivado IP Flow Target)
* Product family: zynq
* Target device:  xc7z020-clg400-1


================================================================
== Performance Estimates
================================================================
+ Timing: 
    * Summary: 
    +--------+---------+----------+------------+
    |  Clock |  Target | Estimated| Uncertainty|
    +--------+---------+----------+------------+
    |ap_clk  |  5.00 ns|  3.645 ns|     1.35 ns|
    +--------+---------+----------+------------+

+ Latency: 
    * Summary: 
    +---------+---------+-----------+-----------+-----+-----+---------+
    |  Latency (cycles) |   Latency (absolute)  |  Interval | Pipeline|
    |   min   |   max   |    min    |    max    | min | max |   Type  |
    +---------+---------+-----------+-----------+-----+-----+---------+
    |        7|        7|  35.000 ns|  35.000 ns|    1|    1|      yes|
    +---------+---------+-----------+-----------+-----+-----+---------+

    + Detail: 
        * Instance: 
        N/A

        * Loop: 
        N/A

============================================================
+ Verbose Summary: Synthesis Manager
============================================================
InlineROM: 1
ExposeGlobal: 0
============================================================
+ Verbose Summary: CDFG Model
============================================================
IsTopModel: 0
ResetActiveHigh: 1
IsCombinational: 0
IsDatapathOnly: 0
HasWiredReturn: 1
HasMFsm: 2
HasVarLatency: 0
IsPipeline: 1
IsRtlPipelined: 1
IsInstanceOverlapped: 0
IsDontTouch: 0
HasImplIP: 0
IsGatedGlobalClock: 0

+ Individual pipeline summary: 
  * Pipeline-0: initiation interval (II) = 1, depth = 8


============================================================
+ Verbose Summary: Schedule
============================================================
* Number of FSM states : 8
* Pipeline : 1
  Pipeline-0 : II = 1, D = 8, States = { 1 2 3 4 5 6 7 8 }
* Dataflow Pipeline: 0

* FSM state transitions: 
1 --> 2 
2 --> 3 
3 --> 4 
4 --> 5 
5 --> 6 
6 --> 7 
7 --> 8 
8 --> 

* FSM state operations: 

State 1 <SV = 0> <Delay = 3.11>
ST_1 : Operation 9 [1/1] (0.00ns)   --->   "%x_15_val_read = read i18 @_ssdm_op_Read.ap_auto.i18, i18 %x_15_val" [firmware/BDT.h:86]   --->   Operation 9 'read' 'x_15_val_read' <Predicate = true> <Delay = 0.00>
ST_1 : Operation 10 [1/1] (0.00ns)   --->   "%x_14_val_read = read i18 @_ssdm_op_Read.ap_auto.i18, i18 %x_14_val" [firmware/BDT.h:86]   --->   Operation 10 'read' 'x_14_val_read' <Predicate = true> <Delay = 0.00>
ST_1 : Operation 11 [1/1] (0.00ns)   --->   "%x_12_val_read = read i18 @_ssdm_op_Read.ap_auto.i18, i18 %x_12_val" [firmware/BDT.h:86]   --->   Operation 11 'read' 'x_12_val_read' <Predicate = true> <Delay = 0.00>
ST_1 : Operation 12 [1/1] (0.00ns)   --->   "%x_11_val_read = read i18 @_ssdm_op_Read.ap_auto.i18, i18 %x_11_val" [firmware/BDT.h:86]   --->   Operation 12 'read' 'x_11_val_read' <Predicate = true> <Delay = 0.00>
ST_1 : Operation 13 [1/1] (0.00ns)   --->   "%x_9_val_read = read i18 @_ssdm_op_Read.ap_auto.i18, i18 %x_9_val" [firmware/BDT.h:86]   --->   Operation 13 'read' 'x_9_val_read' <Predicate = true> <Delay = 0.00>
ST_1 : Operation 14 [1/1] (0.00ns)   --->   "%x_7_val_read = read i18 @_ssdm_op_Read.ap_auto.i18, i18 %x_7_val" [firmware/BDT.h:86]   --->   Operation 14 'read' 'x_7_val_read' <Predicate = true> <Delay = 0.00>
ST_1 : Operation 15 [1/1] (0.00ns)   --->   "%x_6_val_read = read i18 @_ssdm_op_Read.ap_auto.i18, i18 %x_6_val" [firmware/BDT.h:86]   --->   Operation 15 'read' 'x_6_val_read' <Predicate = true> <Delay = 0.00>
ST_1 : Operation 16 [1/1] (0.00ns)   --->   "%x_5_val_read = read i18 @_ssdm_op_Read.ap_auto.i18, i18 %x_5_val" [firmware/BDT.h:86]   --->   Operation 16 'read' 'x_5_val_read' <Predicate = true> <Delay = 0.00>
ST_1 : Operation 17 [1/1] (0.00ns)   --->   "%x_4_val_read = read i18 @_ssdm_op_Read.ap_auto.i18, i18 %x_4_val" [firmware/BDT.h:86]   --->   Operation 17 'read' 'x_4_val_read' <Predicate = true> <Delay = 0.00>
ST_1 : Operation 18 [1/1] (0.00ns)   --->   "%x_3_val_read = read i18 @_ssdm_op_Read.ap_auto.i18, i18 %x_3_val" [firmware/BDT.h:86]   --->   Operation 18 'read' 'x_3_val_read' <Predicate = true> <Delay = 0.00>
ST_1 : Operation 19 [1/1] (0.00ns)   --->   "%x_2_val_read = read i18 @_ssdm_op_Read.ap_auto.i18, i18 %x_2_val" [firmware/BDT.h:86]   --->   Operation 19 'read' 'x_2_val_read' <Predicate = true> <Delay = 0.00>
ST_1 : Operation 20 [1/1] (0.00ns)   --->   "%x_1_val_read = read i18 @_ssdm_op_Read.ap_auto.i18, i18 %x_1_val" [firmware/BDT.h:86]   --->   Operation 20 'read' 'x_1_val_read' <Predicate = true> <Delay = 0.00>
ST_1 : Operation 21 [1/1] (0.00ns)   --->   "%x_0_val_read = read i18 @_ssdm_op_Read.ap_auto.i18, i18 %x_0_val" [firmware/BDT.h:86]   --->   Operation 21 'read' 'x_0_val_read' <Predicate = true> <Delay = 0.00>
ST_1 : Operation 22 [1/1] (2.13ns)   --->   "%icmp_ln86 = icmp_slt  i18 %x_7_val_read, i18 261743" [firmware/BDT.h:86]   --->   Operation 22 'icmp' 'icmp_ln86' <Predicate = true> <Delay = 2.13> <CoreInst = "Cmp">   --->   Core 9 'Cmp' <Latency = 0> <II = 1> <Delay = 2.13> <FuncUnit> <Opcode : 'seteq' 'setne' 'setle' 'setge' 'setlt' 'setgt'> <InPorts = 2> <OutPorts = 1>
ST_1 : Operation 23 [1/1] (2.13ns)   --->   "%icmp_ln86_1380 = icmp_slt  i18 %x_11_val_read, i18 261187" [firmware/BDT.h:86]   --->   Operation 23 'icmp' 'icmp_ln86_1380' <Predicate = true> <Delay = 2.13> <CoreInst = "Cmp">   --->   Core 9 'Cmp' <Latency = 0> <II = 1> <Delay = 2.13> <FuncUnit> <Opcode : 'seteq' 'setne' 'setle' 'setge' 'setlt' 'setgt'> <InPorts = 2> <OutPorts = 1>
ST_1 : Operation 24 [1/1] (2.13ns)   --->   "%icmp_ln86_1381 = icmp_slt  i18 %x_12_val_read, i18 124" [firmware/BDT.h:86]   --->   Operation 24 'icmp' 'icmp_ln86_1381' <Predicate = true> <Delay = 2.13> <CoreInst = "Cmp">   --->   Core 9 'Cmp' <Latency = 0> <II = 1> <Delay = 2.13> <FuncUnit> <Opcode : 'seteq' 'setne' 'setle' 'setge' 'setlt' 'setgt'> <InPorts = 2> <OutPorts = 1>
ST_1 : Operation 25 [1/1] (2.13ns)   --->   "%icmp_ln86_1382 = icmp_slt  i18 %x_4_val_read, i18 518" [firmware/BDT.h:86]   --->   Operation 25 'icmp' 'icmp_ln86_1382' <Predicate = true> <Delay = 2.13> <CoreInst = "Cmp">   --->   Core 9 'Cmp' <Latency = 0> <II = 1> <Delay = 2.13> <FuncUnit> <Opcode : 'seteq' 'setne' 'setle' 'setge' 'setlt' 'setgt'> <InPorts = 2> <OutPorts = 1>
ST_1 : Operation 26 [1/1] (2.13ns)   --->   "%icmp_ln86_1383 = icmp_slt  i18 %x_5_val_read, i18 559" [firmware/BDT.h:86]   --->   Operation 26 'icmp' 'icmp_ln86_1383' <Predicate = true> <Delay = 2.13> <CoreInst = "Cmp">   --->   Core 9 'Cmp' <Latency = 0> <II = 1> <Delay = 2.13> <FuncUnit> <Opcode : 'seteq' 'setne' 'setle' 'setge' 'setlt' 'setgt'> <InPorts = 2> <OutPorts = 1>
ST_1 : Operation 27 [1/1] (2.13ns)   --->   "%icmp_ln86_1384 = icmp_slt  i18 %x_0_val_read, i18 1974" [firmware/BDT.h:86]   --->   Operation 27 'icmp' 'icmp_ln86_1384' <Predicate = true> <Delay = 2.13> <CoreInst = "Cmp">   --->   Core 9 'Cmp' <Latency = 0> <II = 1> <Delay = 2.13> <FuncUnit> <Opcode : 'seteq' 'setne' 'setle' 'setge' 'setlt' 'setgt'> <InPorts = 2> <OutPorts = 1>
ST_1 : Operation 28 [1/1] (2.13ns)   --->   "%icmp_ln86_1385 = icmp_slt  i18 %x_0_val_read, i18 1595" [firmware/BDT.h:86]   --->   Operation 28 'icmp' 'icmp_ln86_1385' <Predicate = true> <Delay = 2.13> <CoreInst = "Cmp">   --->   Core 9 'Cmp' <Latency = 0> <II = 1> <Delay = 2.13> <FuncUnit> <Opcode : 'seteq' 'setne' 'setle' 'setge' 'setlt' 'setgt'> <InPorts = 2> <OutPorts = 1>
ST_1 : Operation 29 [1/1] (2.13ns)   --->   "%icmp_ln86_1386 = icmp_slt  i18 %x_9_val_read, i18 261196" [firmware/BDT.h:86]   --->   Operation 29 'icmp' 'icmp_ln86_1386' <Predicate = true> <Delay = 2.13> <CoreInst = "Cmp">   --->   Core 9 'Cmp' <Latency = 0> <II = 1> <Delay = 2.13> <FuncUnit> <Opcode : 'seteq' 'setne' 'setle' 'setge' 'setlt' 'setgt'> <InPorts = 2> <OutPorts = 1>
ST_1 : Operation 30 [1/1] (2.13ns)   --->   "%icmp_ln86_1387 = icmp_slt  i18 %x_7_val_read, i18 261234" [firmware/BDT.h:86]   --->   Operation 30 'icmp' 'icmp_ln86_1387' <Predicate = true> <Delay = 2.13> <CoreInst = "Cmp">   --->   Core 9 'Cmp' <Latency = 0> <II = 1> <Delay = 2.13> <FuncUnit> <Opcode : 'seteq' 'setne' 'setle' 'setge' 'setlt' 'setgt'> <InPorts = 2> <OutPorts = 1>
ST_1 : Operation 31 [1/1] (2.13ns)   --->   "%icmp_ln86_1388 = icmp_slt  i18 %x_4_val_read, i18 261296" [firmware/BDT.h:86]   --->   Operation 31 'icmp' 'icmp_ln86_1388' <Predicate = true> <Delay = 2.13> <CoreInst = "Cmp">   --->   Core 9 'Cmp' <Latency = 0> <II = 1> <Delay = 2.13> <FuncUnit> <Opcode : 'seteq' 'setne' 'setle' 'setge' 'setlt' 'setgt'> <InPorts = 2> <OutPorts = 1>
ST_1 : Operation 32 [1/1] (2.13ns)   --->   "%icmp_ln86_1389 = icmp_slt  i18 %x_15_val_read, i18 501" [firmware/BDT.h:86]   --->   Operation 32 'icmp' 'icmp_ln86_1389' <Predicate = true> <Delay = 2.13> <CoreInst = "Cmp">   --->   Core 9 'Cmp' <Latency = 0> <II = 1> <Delay = 2.13> <FuncUnit> <Opcode : 'seteq' 'setne' 'setle' 'setge' 'setlt' 'setgt'> <InPorts = 2> <OutPorts = 1>
ST_1 : Operation 33 [1/1] (2.13ns)   --->   "%icmp_ln86_1390 = icmp_slt  i18 %x_12_val_read, i18 261608" [firmware/BDT.h:86]   --->   Operation 33 'icmp' 'icmp_ln86_1390' <Predicate = true> <Delay = 2.13> <CoreInst = "Cmp">   --->   Core 9 'Cmp' <Latency = 0> <II = 1> <Delay = 2.13> <FuncUnit> <Opcode : 'seteq' 'setne' 'setle' 'setge' 'setlt' 'setgt'> <InPorts = 2> <OutPorts = 1>
ST_1 : Operation 34 [1/1] (2.13ns)   --->   "%icmp_ln86_1391 = icmp_slt  i18 %x_1_val_read, i18 259200" [firmware/BDT.h:86]   --->   Operation 34 'icmp' 'icmp_ln86_1391' <Predicate = true> <Delay = 2.13> <CoreInst = "Cmp">   --->   Core 9 'Cmp' <Latency = 0> <II = 1> <Delay = 2.13> <FuncUnit> <Opcode : 'seteq' 'setne' 'setle' 'setge' 'setlt' 'setgt'> <InPorts = 2> <OutPorts = 1>
ST_1 : Operation 35 [1/1] (2.13ns)   --->   "%icmp_ln86_1392 = icmp_slt  i18 %x_1_val_read, i18 261054" [firmware/BDT.h:86]   --->   Operation 35 'icmp' 'icmp_ln86_1392' <Predicate = true> <Delay = 2.13> <CoreInst = "Cmp">   --->   Core 9 'Cmp' <Latency = 0> <II = 1> <Delay = 2.13> <FuncUnit> <Opcode : 'seteq' 'setne' 'setle' 'setge' 'setlt' 'setgt'> <InPorts = 2> <OutPorts = 1>
ST_1 : Operation 36 [1/1] (2.13ns)   --->   "%icmp_ln86_1393 = icmp_slt  i18 %x_1_val_read, i18 259928" [firmware/BDT.h:86]   --->   Operation 36 'icmp' 'icmp_ln86_1393' <Predicate = true> <Delay = 2.13> <CoreInst = "Cmp">   --->   Core 9 'Cmp' <Latency = 0> <II = 1> <Delay = 2.13> <FuncUnit> <Opcode : 'seteq' 'setne' 'setle' 'setge' 'setlt' 'setgt'> <InPorts = 2> <OutPorts = 1>
ST_1 : Operation 37 [1/1] (2.13ns)   --->   "%icmp_ln86_1394 = icmp_slt  i18 %x_7_val_read, i18 261167" [firmware/BDT.h:86]   --->   Operation 37 'icmp' 'icmp_ln86_1394' <Predicate = true> <Delay = 2.13> <CoreInst = "Cmp">   --->   Core 9 'Cmp' <Latency = 0> <II = 1> <Delay = 2.13> <FuncUnit> <Opcode : 'seteq' 'setne' 'setle' 'setge' 'setlt' 'setgt'> <InPorts = 2> <OutPorts = 1>
ST_1 : Operation 38 [1/1] (2.13ns)   --->   "%icmp_ln86_1395 = icmp_slt  i18 %x_6_val_read, i18 66" [firmware/BDT.h:86]   --->   Operation 38 'icmp' 'icmp_ln86_1395' <Predicate = true> <Delay = 2.13> <CoreInst = "Cmp">   --->   Core 9 'Cmp' <Latency = 0> <II = 1> <Delay = 2.13> <FuncUnit> <Opcode : 'seteq' 'setne' 'setle' 'setge' 'setlt' 'setgt'> <InPorts = 2> <OutPorts = 1>
ST_1 : Operation 39 [1/1] (2.13ns)   --->   "%icmp_ln86_1396 = icmp_slt  i18 %x_14_val_read, i18 1705" [firmware/BDT.h:86]   --->   Operation 39 'icmp' 'icmp_ln86_1396' <Predicate = true> <Delay = 2.13> <CoreInst = "Cmp">   --->   Core 9 'Cmp' <Latency = 0> <II = 1> <Delay = 2.13> <FuncUnit> <Opcode : 'seteq' 'setne' 'setle' 'setge' 'setlt' 'setgt'> <InPorts = 2> <OutPorts = 1>
ST_1 : Operation 40 [1/1] (2.13ns)   --->   "%icmp_ln86_1397 = icmp_slt  i18 %x_15_val_read, i18 359" [firmware/BDT.h:86]   --->   Operation 40 'icmp' 'icmp_ln86_1397' <Predicate = true> <Delay = 2.13> <CoreInst = "Cmp">   --->   Core 9 'Cmp' <Latency = 0> <II = 1> <Delay = 2.13> <FuncUnit> <Opcode : 'seteq' 'setne' 'setle' 'setge' 'setlt' 'setgt'> <InPorts = 2> <OutPorts = 1>
ST_1 : Operation 41 [1/1] (2.13ns)   --->   "%icmp_ln86_1398 = icmp_slt  i18 %x_14_val_read, i18 261156" [firmware/BDT.h:86]   --->   Operation 41 'icmp' 'icmp_ln86_1398' <Predicate = true> <Delay = 2.13> <CoreInst = "Cmp">   --->   Core 9 'Cmp' <Latency = 0> <II = 1> <Delay = 2.13> <FuncUnit> <Opcode : 'seteq' 'setne' 'setle' 'setge' 'setlt' 'setgt'> <InPorts = 2> <OutPorts = 1>
ST_1 : Operation 42 [1/1] (2.13ns)   --->   "%icmp_ln86_1399 = icmp_slt  i18 %x_0_val_read, i18 260942" [firmware/BDT.h:86]   --->   Operation 42 'icmp' 'icmp_ln86_1399' <Predicate = true> <Delay = 2.13> <CoreInst = "Cmp">   --->   Core 9 'Cmp' <Latency = 0> <II = 1> <Delay = 2.13> <FuncUnit> <Opcode : 'seteq' 'setne' 'setle' 'setge' 'setlt' 'setgt'> <InPorts = 2> <OutPorts = 1>
ST_1 : Operation 43 [1/1] (2.13ns)   --->   "%icmp_ln86_1400 = icmp_slt  i18 %x_14_val_read, i18 1051" [firmware/BDT.h:86]   --->   Operation 43 'icmp' 'icmp_ln86_1400' <Predicate = true> <Delay = 2.13> <CoreInst = "Cmp">   --->   Core 9 'Cmp' <Latency = 0> <II = 1> <Delay = 2.13> <FuncUnit> <Opcode : 'seteq' 'setne' 'setle' 'setge' 'setlt' 'setgt'> <InPorts = 2> <OutPorts = 1>
ST_1 : Operation 44 [1/1] (2.13ns)   --->   "%icmp_ln86_1401 = icmp_slt  i18 %x_14_val_read, i18 2863" [firmware/BDT.h:86]   --->   Operation 44 'icmp' 'icmp_ln86_1401' <Predicate = true> <Delay = 2.13> <CoreInst = "Cmp">   --->   Core 9 'Cmp' <Latency = 0> <II = 1> <Delay = 2.13> <FuncUnit> <Opcode : 'seteq' 'setne' 'setle' 'setge' 'setlt' 'setgt'> <InPorts = 2> <OutPorts = 1>
ST_1 : Operation 45 [1/1] (2.13ns)   --->   "%icmp_ln86_1402 = icmp_slt  i18 %x_3_val_read, i18 1847" [firmware/BDT.h:86]   --->   Operation 45 'icmp' 'icmp_ln86_1402' <Predicate = true> <Delay = 2.13> <CoreInst = "Cmp">   --->   Core 9 'Cmp' <Latency = 0> <II = 1> <Delay = 2.13> <FuncUnit> <Opcode : 'seteq' 'setne' 'setle' 'setge' 'setlt' 'setgt'> <InPorts = 2> <OutPorts = 1>
ST_1 : Operation 46 [1/1] (2.13ns)   --->   "%icmp_ln86_1403 = icmp_slt  i18 %x_14_val_read, i18 261694" [firmware/BDT.h:86]   --->   Operation 46 'icmp' 'icmp_ln86_1403' <Predicate = true> <Delay = 2.13> <CoreInst = "Cmp">   --->   Core 9 'Cmp' <Latency = 0> <II = 1> <Delay = 2.13> <FuncUnit> <Opcode : 'seteq' 'setne' 'setle' 'setge' 'setlt' 'setgt'> <InPorts = 2> <OutPorts = 1>
ST_1 : Operation 47 [1/1] (2.13ns)   --->   "%icmp_ln86_1404 = icmp_slt  i18 %x_1_val_read, i18 259177" [firmware/BDT.h:86]   --->   Operation 47 'icmp' 'icmp_ln86_1404' <Predicate = true> <Delay = 2.13> <CoreInst = "Cmp">   --->   Core 9 'Cmp' <Latency = 0> <II = 1> <Delay = 2.13> <FuncUnit> <Opcode : 'seteq' 'setne' 'setle' 'setge' 'setlt' 'setgt'> <InPorts = 2> <OutPorts = 1>
ST_1 : Operation 48 [1/1] (2.13ns)   --->   "%icmp_ln86_1405 = icmp_slt  i18 %x_2_val_read, i18 260858" [firmware/BDT.h:86]   --->   Operation 48 'icmp' 'icmp_ln86_1405' <Predicate = true> <Delay = 2.13> <CoreInst = "Cmp">   --->   Core 9 'Cmp' <Latency = 0> <II = 1> <Delay = 2.13> <FuncUnit> <Opcode : 'seteq' 'setne' 'setle' 'setge' 'setlt' 'setgt'> <InPorts = 2> <OutPorts = 1>
ST_1 : Operation 49 [1/1] (2.13ns)   --->   "%icmp_ln86_1406 = icmp_slt  i18 %x_0_val_read, i18 1154" [firmware/BDT.h:86]   --->   Operation 49 'icmp' 'icmp_ln86_1406' <Predicate = true> <Delay = 2.13> <CoreInst = "Cmp">   --->   Core 9 'Cmp' <Latency = 0> <II = 1> <Delay = 2.13> <FuncUnit> <Opcode : 'seteq' 'setne' 'setle' 'setge' 'setlt' 'setgt'> <InPorts = 2> <OutPorts = 1>
ST_1 : Operation 50 [1/1] (2.13ns)   --->   "%icmp_ln86_1407 = icmp_slt  i18 %x_0_val_read, i18 628" [firmware/BDT.h:86]   --->   Operation 50 'icmp' 'icmp_ln86_1407' <Predicate = true> <Delay = 2.13> <CoreInst = "Cmp">   --->   Core 9 'Cmp' <Latency = 0> <II = 1> <Delay = 2.13> <FuncUnit> <Opcode : 'seteq' 'setne' 'setle' 'setge' 'setlt' 'setgt'> <InPorts = 2> <OutPorts = 1>
ST_1 : Operation 51 [1/1] (2.13ns)   --->   "%icmp_ln86_1408 = icmp_slt  i18 %x_0_val_read, i18 2142" [firmware/BDT.h:86]   --->   Operation 51 'icmp' 'icmp_ln86_1408' <Predicate = true> <Delay = 2.13> <CoreInst = "Cmp">   --->   Core 9 'Cmp' <Latency = 0> <II = 1> <Delay = 2.13> <FuncUnit> <Opcode : 'seteq' 'setne' 'setle' 'setge' 'setlt' 'setgt'> <InPorts = 2> <OutPorts = 1>
ST_1 : Operation 52 [1/1] (2.13ns)   --->   "%icmp_ln86_1409 = icmp_slt  i18 %x_15_val_read, i18 261133" [firmware/BDT.h:86]   --->   Operation 52 'icmp' 'icmp_ln86_1409' <Predicate = true> <Delay = 2.13> <CoreInst = "Cmp">   --->   Core 9 'Cmp' <Latency = 0> <II = 1> <Delay = 2.13> <FuncUnit> <Opcode : 'seteq' 'setne' 'setle' 'setge' 'setlt' 'setgt'> <InPorts = 2> <OutPorts = 1>
ST_1 : Operation 53 [1/1] (0.97ns)   --->   "%and_ln102 = and i1 %icmp_ln86_1380, i1 %icmp_ln86" [firmware/BDT.h:102]   --->   Operation 53 'and' 'and_ln102' <Predicate = true> <Delay = 0.97> <CoreInst = "LogicGate">   --->   Core 74 'LogicGate' <Latency = 0> <II = 1> <Delay = 0.97> <FuncUnit> <Opcode : 'and' 'or' 'xor'> <InPorts = 2> <OutPorts = 1>

State 2 <SV = 1> <Delay = 2.93>
ST_2 : Operation 54 [1/1] (0.00ns) (grouped into LUT with out node and_ln104)   --->   "%xor_ln104_651 = xor i1 %icmp_ln86_1380, i1 1" [firmware/BDT.h:104]   --->   Operation 54 'xor' 'xor_ln104_651' <Predicate = (icmp_ln86)> <Delay = 0.00> <CoreInst = "LogicGate">   --->   Core 74 'LogicGate' <Latency = 0> <II = 1> <Delay = 0.97> <FuncUnit> <Opcode : 'and' 'or' 'xor'> <InPorts = 2> <OutPorts = 1>
ST_2 : Operation 55 [1/1] (0.97ns) (out node of the LUT)   --->   "%and_ln104 = and i1 %icmp_ln86, i1 %xor_ln104_651" [firmware/BDT.h:104]   --->   Operation 55 'and' 'and_ln104' <Predicate = (icmp_ln86)> <Delay = 0.97> <CoreInst = "LogicGate">   --->   Core 74 'LogicGate' <Latency = 0> <II = 1> <Delay = 0.97> <FuncUnit> <Opcode : 'and' 'or' 'xor'> <InPorts = 2> <OutPorts = 1>
ST_2 : Operation 56 [1/1] (0.97ns)   --->   "%and_ln102_1438 = and i1 %icmp_ln86_1382, i1 %and_ln102" [firmware/BDT.h:102]   --->   Operation 56 'and' 'and_ln102_1438' <Predicate = (and_ln102 & icmp_ln86)> <Delay = 0.97> <CoreInst = "LogicGate">   --->   Core 74 'LogicGate' <Latency = 0> <II = 1> <Delay = 0.97> <FuncUnit> <Opcode : 'and' 'or' 'xor'> <InPorts = 2> <OutPorts = 1>
ST_2 : Operation 57 [1/1] (0.00ns) (grouped into LUT with out node and_ln104_246)   --->   "%xor_ln104_653 = xor i1 %icmp_ln86_1382, i1 1" [firmware/BDT.h:104]   --->   Operation 57 'xor' 'xor_ln104_653' <Predicate = (and_ln102 & icmp_ln86)> <Delay = 0.00> <CoreInst = "LogicGate">   --->   Core 74 'LogicGate' <Latency = 0> <II = 1> <Delay = 0.97> <FuncUnit> <Opcode : 'and' 'or' 'xor'> <InPorts = 2> <OutPorts = 1>
ST_2 : Operation 58 [1/1] (0.97ns) (out node of the LUT)   --->   "%and_ln104_246 = and i1 %and_ln102, i1 %xor_ln104_653" [firmware/BDT.h:104]   --->   Operation 58 'and' 'and_ln104_246' <Predicate = (and_ln102 & icmp_ln86)> <Delay = 0.97> <CoreInst = "LogicGate">   --->   Core 74 'LogicGate' <Latency = 0> <II = 1> <Delay = 0.97> <FuncUnit> <Opcode : 'and' 'or' 'xor'> <InPorts = 2> <OutPorts = 1>
ST_2 : Operation 59 [1/1] (0.97ns)   --->   "%and_ln102_1442 = and i1 %icmp_ln86_1386, i1 %and_ln102_1438" [firmware/BDT.h:102]   --->   Operation 59 'and' 'and_ln102_1442' <Predicate = (and_ln102 & icmp_ln86)> <Delay = 0.97> <CoreInst = "LogicGate">   --->   Core 74 'LogicGate' <Latency = 0> <II = 1> <Delay = 0.97> <FuncUnit> <Opcode : 'and' 'or' 'xor'> <InPorts = 2> <OutPorts = 1>
ST_2 : Operation 60 [1/1] (0.00ns) (grouped into LUT with out node or_ln117)   --->   "%xor_ln104_657 = xor i1 %icmp_ln86_1386, i1 1" [firmware/BDT.h:104]   --->   Operation 60 'xor' 'xor_ln104_657' <Predicate = (and_ln102 & icmp_ln86)> <Delay = 0.00> <CoreInst = "LogicGate">   --->   Core 74 'LogicGate' <Latency = 0> <II = 1> <Delay = 0.97> <FuncUnit> <Opcode : 'and' 'or' 'xor'> <InPorts = 2> <OutPorts = 1>
ST_2 : Operation 61 [1/1] (0.97ns)   --->   "%and_ln102_1443 = and i1 %icmp_ln86_1387, i1 %and_ln104_246" [firmware/BDT.h:102]   --->   Operation 61 'and' 'and_ln102_1443' <Predicate = (and_ln102 & icmp_ln86)> <Delay = 0.97> <CoreInst = "LogicGate">   --->   Core 74 'LogicGate' <Latency = 0> <II = 1> <Delay = 0.97> <FuncUnit> <Opcode : 'and' 'or' 'xor'> <InPorts = 2> <OutPorts = 1>
ST_2 : Operation 62 [1/1] (0.00ns) (grouped into LUT with out node or_ln117)   --->   "%and_ln102_1466 = and i1 %icmp_ln86_1395, i1 %xor_ln104_657" [firmware/BDT.h:102]   --->   Operation 62 'and' 'and_ln102_1466' <Predicate = (and_ln102 & icmp_ln86)> <Delay = 0.00> <CoreInst = "LogicGate">   --->   Core 74 'LogicGate' <Latency = 0> <II = 1> <Delay = 0.97> <FuncUnit> <Opcode : 'and' 'or' 'xor'> <InPorts = 2> <OutPorts = 1>
ST_2 : Operation 63 [1/1] (0.00ns) (grouped into LUT with out node or_ln117)   --->   "%and_ln102_1451 = and i1 %and_ln102_1466, i1 %and_ln102_1438" [firmware/BDT.h:102]   --->   Operation 63 'and' 'and_ln102_1451' <Predicate = (and_ln102 & icmp_ln86)> <Delay = 0.00> <CoreInst = "LogicGate">   --->   Core 74 'LogicGate' <Latency = 0> <II = 1> <Delay = 0.97> <FuncUnit> <Opcode : 'and' 'or' 'xor'> <InPorts = 2> <OutPorts = 1>
ST_2 : Operation 64 [1/1] (0.97ns) (out node of the LUT)   --->   "%or_ln117 = or i1 %and_ln102_1442, i1 %and_ln102_1451" [firmware/BDT.h:117]   --->   Operation 64 'or' 'or_ln117' <Predicate = (and_ln102 & icmp_ln86)> <Delay = 0.97> <CoreInst = "LogicGate">   --->   Core 74 'LogicGate' <Latency = 0> <II = 1> <Delay = 0.97> <FuncUnit> <Opcode : 'and' 'or' 'xor'> <InPorts = 2> <OutPorts = 1>

State 3 <SV = 2> <Delay = 2.99>
ST_3 : Operation 65 [1/1] (0.97ns)   --->   "%xor_ln104 = xor i1 %icmp_ln86, i1 1" [firmware/BDT.h:104]   --->   Operation 65 'xor' 'xor_ln104' <Predicate = true> <Delay = 0.97> <CoreInst = "LogicGate">   --->   Core 74 'LogicGate' <Latency = 0> <II = 1> <Delay = 0.97> <FuncUnit> <Opcode : 'and' 'or' 'xor'> <InPorts = 2> <OutPorts = 1>
ST_3 : Operation 66 [1/1] (0.97ns)   --->   "%and_ln102_1439 = and i1 %icmp_ln86_1383, i1 %and_ln104" [firmware/BDT.h:102]   --->   Operation 66 'and' 'and_ln102_1439' <Predicate = (icmp_ln86)> <Delay = 0.97> <CoreInst = "LogicGate">   --->   Core 74 'LogicGate' <Latency = 0> <II = 1> <Delay = 0.97> <FuncUnit> <Opcode : 'and' 'or' 'xor'> <InPorts = 2> <OutPorts = 1>
ST_3 : Operation 67 [1/1] (0.00ns) (grouped into LUT with out node and_ln104_247)   --->   "%xor_ln104_654 = xor i1 %icmp_ln86_1383, i1 1" [firmware/BDT.h:104]   --->   Operation 67 'xor' 'xor_ln104_654' <Predicate = (icmp_ln86)> <Delay = 0.00> <CoreInst = "LogicGate">   --->   Core 74 'LogicGate' <Latency = 0> <II = 1> <Delay = 0.97> <FuncUnit> <Opcode : 'and' 'or' 'xor'> <InPorts = 2> <OutPorts = 1>
ST_3 : Operation 68 [1/1] (0.97ns) (out node of the LUT)   --->   "%and_ln104_247 = and i1 %and_ln104, i1 %xor_ln104_654" [firmware/BDT.h:104]   --->   Operation 68 'and' 'and_ln104_247' <Predicate = (icmp_ln86)> <Delay = 0.97> <CoreInst = "LogicGate">   --->   Core 74 'LogicGate' <Latency = 0> <II = 1> <Delay = 0.97> <FuncUnit> <Opcode : 'and' 'or' 'xor'> <InPorts = 2> <OutPorts = 1>
ST_3 : Operation 69 [1/1] (0.00ns) (grouped into LUT with out node select_ln117_1356)   --->   "%xor_ln104_658 = xor i1 %icmp_ln86_1387, i1 1" [firmware/BDT.h:104]   --->   Operation 69 'xor' 'xor_ln104_658' <Predicate = (and_ln102 & icmp_ln86)> <Delay = 0.00> <CoreInst = "LogicGate">   --->   Core 74 'LogicGate' <Latency = 0> <II = 1> <Delay = 0.97> <FuncUnit> <Opcode : 'and' 'or' 'xor'> <InPorts = 2> <OutPorts = 1>
ST_3 : Operation 70 [1/1] (0.97ns)   --->   "%and_ln102_1444 = and i1 %icmp_ln86_1388, i1 %and_ln102_1439" [firmware/BDT.h:102]   --->   Operation 70 'and' 'and_ln102_1444' <Predicate = (icmp_ln86)> <Delay = 0.97> <CoreInst = "LogicGate">   --->   Core 74 'LogicGate' <Latency = 0> <II = 1> <Delay = 0.97> <FuncUnit> <Opcode : 'and' 'or' 'xor'> <InPorts = 2> <OutPorts = 1>
ST_3 : Operation 71 [1/1] (0.00ns) (grouped into LUT with out node select_ln117_1352)   --->   "%and_ln102_1450 = and i1 %icmp_ln86_1394, i1 %and_ln102_1442" [firmware/BDT.h:102]   --->   Operation 71 'and' 'and_ln102_1450' <Predicate = (and_ln102_1442 & and_ln102_1438 & and_ln102 & icmp_ln86 & or_ln117)> <Delay = 0.00> <CoreInst = "LogicGate">   --->   Core 74 'LogicGate' <Latency = 0> <II = 1> <Delay = 0.97> <FuncUnit> <Opcode : 'and' 'or' 'xor'> <InPorts = 2> <OutPorts = 1>
ST_3 : Operation 72 [1/1] (0.00ns) (grouped into LUT with out node select_ln117_1354)   --->   "%and_ln102_1452 = and i1 %icmp_ln86_1396, i1 %and_ln102_1443" [firmware/BDT.h:102]   --->   Operation 72 'and' 'and_ln102_1452' <Predicate = (and_ln102 & icmp_ln86)> <Delay = 0.00> <CoreInst = "LogicGate">   --->   Core 74 'LogicGate' <Latency = 0> <II = 1> <Delay = 0.97> <FuncUnit> <Opcode : 'and' 'or' 'xor'> <InPorts = 2> <OutPorts = 1>
ST_3 : Operation 73 [1/1] (0.00ns) (grouped into LUT with out node select_ln117_1356)   --->   "%and_ln102_1467 = and i1 %icmp_ln86_1397, i1 %xor_ln104_658" [firmware/BDT.h:102]   --->   Operation 73 'and' 'and_ln102_1467' <Predicate = (and_ln102 & icmp_ln86)> <Delay = 0.00> <CoreInst = "LogicGate">   --->   Core 74 'LogicGate' <Latency = 0> <II = 1> <Delay = 0.97> <FuncUnit> <Opcode : 'and' 'or' 'xor'> <InPorts = 2> <OutPorts = 1>
ST_3 : Operation 74 [1/1] (0.00ns) (grouped into LUT with out node select_ln117_1356)   --->   "%and_ln102_1453 = and i1 %and_ln102_1467, i1 %and_ln104_246" [firmware/BDT.h:102]   --->   Operation 74 'and' 'and_ln102_1453' <Predicate = (and_ln102 & icmp_ln86)> <Delay = 0.00> <CoreInst = "LogicGate">   --->   Core 74 'LogicGate' <Latency = 0> <II = 1> <Delay = 0.97> <FuncUnit> <Opcode : 'and' 'or' 'xor'> <InPorts = 2> <OutPorts = 1>
ST_3 : Operation 75 [1/1] (0.00ns) (grouped into LUT with out node select_ln117_1352)   --->   "%xor_ln117 = xor i1 %and_ln102_1450, i1 1" [firmware/BDT.h:117]   --->   Operation 75 'xor' 'xor_ln117' <Predicate = (and_ln102_1442 & and_ln102_1438 & and_ln102 & icmp_ln86 & or_ln117)> <Delay = 0.00> <CoreInst = "LogicGate">   --->   Core 74 'LogicGate' <Latency = 0> <II = 1> <Delay = 0.97> <FuncUnit> <Opcode : 'and' 'or' 'xor'> <InPorts = 2> <OutPorts = 1>
ST_3 : Operation 76 [1/1] (0.00ns) (grouped into LUT with out node select_ln117_1352)   --->   "%zext_ln117 = zext i1 %xor_ln117" [firmware/BDT.h:117]   --->   Operation 76 'zext' 'zext_ln117' <Predicate = (and_ln102_1442 & and_ln102_1438 & and_ln102 & icmp_ln86 & or_ln117)> <Delay = 0.00>
ST_3 : Operation 77 [1/1] (0.00ns) (grouped into LUT with out node select_ln117_1352)   --->   "%select_ln117 = select i1 %and_ln102_1442, i2 %zext_ln117, i2 2" [firmware/BDT.h:117]   --->   Operation 77 'select' 'select_ln117' <Predicate = (and_ln102_1438 & and_ln102 & icmp_ln86 & or_ln117)> <Delay = 0.00> <CoreInst = "Sel">   --->   Core 73 'Sel' <Latency = 0> <II = 1> <Delay = 0.99> <FuncUnit> <Opcode : 'select'> <InPorts = 3> <OutPorts = 1>
ST_3 : Operation 78 [1/1] (0.00ns) (grouped into LUT with out node select_ln117_1352)   --->   "%select_ln117_1351 = select i1 %or_ln117, i2 %select_ln117, i2 3" [firmware/BDT.h:117]   --->   Operation 78 'select' 'select_ln117_1351' <Predicate = (and_ln102_1438 & and_ln102 & icmp_ln86)> <Delay = 0.00> <CoreInst = "Sel">   --->   Core 73 'Sel' <Latency = 0> <II = 1> <Delay = 0.99> <FuncUnit> <Opcode : 'select'> <InPorts = 3> <OutPorts = 1>
ST_3 : Operation 79 [1/1] (0.00ns) (grouped into LUT with out node select_ln117_1352)   --->   "%zext_ln117_142 = zext i2 %select_ln117_1351" [firmware/BDT.h:117]   --->   Operation 79 'zext' 'zext_ln117_142' <Predicate = (and_ln102_1438 & and_ln102 & icmp_ln86)> <Delay = 0.00>
ST_3 : Operation 80 [1/1] (0.00ns) (grouped into LUT with out node select_ln117_1354)   --->   "%or_ln117_1205 = or i1 %and_ln102_1438, i1 %and_ln102_1452" [firmware/BDT.h:117]   --->   Operation 80 'or' 'or_ln117_1205' <Predicate = (and_ln102 & icmp_ln86)> <Delay = 0.00> <CoreInst = "LogicGate">   --->   Core 74 'LogicGate' <Latency = 0> <II = 1> <Delay = 0.97> <FuncUnit> <Opcode : 'and' 'or' 'xor'> <InPorts = 2> <OutPorts = 1>
ST_3 : Operation 81 [1/1] (0.99ns) (out node of the LUT)   --->   "%select_ln117_1352 = select i1 %and_ln102_1438, i3 %zext_ln117_142, i3 4" [firmware/BDT.h:117]   --->   Operation 81 'select' 'select_ln117_1352' <Predicate = (and_ln102 & icmp_ln86)> <Delay = 0.99> <CoreInst = "Sel">   --->   Core 73 'Sel' <Latency = 0> <II = 1> <Delay = 0.98> <FuncUnit> <Opcode : 'select'> <InPorts = 3> <OutPorts = 1>
ST_3 : Operation 82 [1/1] (0.97ns)   --->   "%or_ln117_1206 = or i1 %and_ln102_1438, i1 %and_ln102_1443" [firmware/BDT.h:117]   --->   Operation 82 'or' 'or_ln117_1206' <Predicate = (and_ln102 & icmp_ln86)> <Delay = 0.97> <CoreInst = "LogicGate">   --->   Core 74 'LogicGate' <Latency = 0> <II = 1> <Delay = 0.97> <FuncUnit> <Opcode : 'and' 'or' 'xor'> <InPorts = 2> <OutPorts = 1>
ST_3 : Operation 83 [1/1] (0.00ns) (grouped into LUT with out node select_ln117_1354)   --->   "%select_ln117_1353 = select i1 %or_ln117_1205, i3 %select_ln117_1352, i3 5" [firmware/BDT.h:117]   --->   Operation 83 'select' 'select_ln117_1353' <Predicate = (and_ln102 & icmp_ln86)> <Delay = 0.00> <CoreInst = "Sel">   --->   Core 73 'Sel' <Latency = 0> <II = 1> <Delay = 0.98> <FuncUnit> <Opcode : 'select'> <InPorts = 3> <OutPorts = 1>
ST_3 : Operation 84 [1/1] (0.00ns) (grouped into LUT with out node select_ln117_1356)   --->   "%or_ln117_1207 = or i1 %or_ln117_1206, i1 %and_ln102_1453" [firmware/BDT.h:117]   --->   Operation 84 'or' 'or_ln117_1207' <Predicate = (and_ln102 & icmp_ln86)> <Delay = 0.00> <CoreInst = "LogicGate">   --->   Core 74 'LogicGate' <Latency = 0> <II = 1> <Delay = 0.97> <FuncUnit> <Opcode : 'and' 'or' 'xor'> <InPorts = 2> <OutPorts = 1>
ST_3 : Operation 85 [1/1] (0.98ns) (out node of the LUT)   --->   "%select_ln117_1354 = select i1 %or_ln117_1206, i3 %select_ln117_1353, i3 6" [firmware/BDT.h:117]   --->   Operation 85 'select' 'select_ln117_1354' <Predicate = (and_ln102 & icmp_ln86)> <Delay = 0.98> <CoreInst = "Sel">   --->   Core 73 'Sel' <Latency = 0> <II = 1> <Delay = 0.98> <FuncUnit> <Opcode : 'select'> <InPorts = 3> <OutPorts = 1>
ST_3 : Operation 86 [1/1] (0.00ns) (grouped into LUT with out node select_ln117_1356)   --->   "%select_ln117_1355 = select i1 %or_ln117_1207, i3 %select_ln117_1354, i3 7" [firmware/BDT.h:117]   --->   Operation 86 'select' 'select_ln117_1355' <Predicate = (and_ln102 & icmp_ln86)> <Delay = 0.00> <CoreInst = "Sel">   --->   Core 73 'Sel' <Latency = 0> <II = 1> <Delay = 0.98> <FuncUnit> <Opcode : 'select'> <InPorts = 3> <OutPorts = 1>
ST_3 : Operation 87 [1/1] (0.00ns) (grouped into LUT with out node select_ln117_1356)   --->   "%zext_ln117_143 = zext i3 %select_ln117_1355" [firmware/BDT.h:117]   --->   Operation 87 'zext' 'zext_ln117_143' <Predicate = (and_ln102 & icmp_ln86)> <Delay = 0.00>
ST_3 : Operation 88 [1/1] (1.02ns) (out node of the LUT)   --->   "%select_ln117_1356 = select i1 %and_ln102, i4 %zext_ln117_143, i4 8" [firmware/BDT.h:117]   --->   Operation 88 'select' 'select_ln117_1356' <Predicate = (icmp_ln86)> <Delay = 1.02> <CoreInst = "Sel">   --->   Core 73 'Sel' <Latency = 0> <II = 1> <Delay = 1.02> <FuncUnit> <Opcode : 'select'> <InPorts = 3> <OutPorts = 1>
ST_3 : Operation 89 [1/1] (0.97ns)   --->   "%or_ln117_1209 = or i1 %and_ln102, i1 %and_ln102_1444" [firmware/BDT.h:117]   --->   Operation 89 'or' 'or_ln117_1209' <Predicate = (icmp_ln86)> <Delay = 0.97> <CoreInst = "LogicGate">   --->   Core 74 'LogicGate' <Latency = 0> <II = 1> <Delay = 0.97> <FuncUnit> <Opcode : 'and' 'or' 'xor'> <InPorts = 2> <OutPorts = 1>

State 4 <SV = 3> <Delay = 3.07>
ST_4 : Operation 90 [1/1] (0.97ns)   --->   "%and_ln102_1437 = and i1 %icmp_ln86_1381, i1 %xor_ln104" [firmware/BDT.h:102]   --->   Operation 90 'and' 'and_ln102_1437' <Predicate = true> <Delay = 0.97> <CoreInst = "LogicGate">   --->   Core 74 'LogicGate' <Latency = 0> <II = 1> <Delay = 0.97> <FuncUnit> <Opcode : 'and' 'or' 'xor'> <InPorts = 2> <OutPorts = 1>
ST_4 : Operation 91 [1/1] (0.00ns) (grouped into LUT with out node and_ln104_245)   --->   "%xor_ln104_652 = xor i1 %icmp_ln86_1381, i1 1" [firmware/BDT.h:104]   --->   Operation 91 'xor' 'xor_ln104_652' <Predicate = true> <Delay = 0.00> <CoreInst = "LogicGate">   --->   Core 74 'LogicGate' <Latency = 0> <II = 1> <Delay = 0.97> <FuncUnit> <Opcode : 'and' 'or' 'xor'> <InPorts = 2> <OutPorts = 1>
ST_4 : Operation 92 [1/1] (0.97ns) (out node of the LUT)   --->   "%and_ln104_245 = and i1 %xor_ln104_652, i1 %xor_ln104" [firmware/BDT.h:104]   --->   Operation 92 'and' 'and_ln104_245' <Predicate = true> <Delay = 0.97> <CoreInst = "LogicGate">   --->   Core 74 'LogicGate' <Latency = 0> <II = 1> <Delay = 0.97> <FuncUnit> <Opcode : 'and' 'or' 'xor'> <InPorts = 2> <OutPorts = 1>
ST_4 : Operation 93 [1/1] (0.97ns)   --->   "%and_ln102_1440 = and i1 %icmp_ln86_1384, i1 %and_ln102_1437" [firmware/BDT.h:102]   --->   Operation 93 'and' 'and_ln102_1440' <Predicate = true> <Delay = 0.97> <CoreInst = "LogicGate">   --->   Core 74 'LogicGate' <Latency = 0> <II = 1> <Delay = 0.97> <FuncUnit> <Opcode : 'and' 'or' 'xor'> <InPorts = 2> <OutPorts = 1>
ST_4 : Operation 94 [1/1] (0.00ns) (grouped into LUT with out node select_ln117_1360)   --->   "%xor_ln104_659 = xor i1 %icmp_ln86_1388, i1 1" [firmware/BDT.h:104]   --->   Operation 94 'xor' 'xor_ln104_659' <Predicate = (icmp_ln86)> <Delay = 0.00> <CoreInst = "LogicGate">   --->   Core 74 'LogicGate' <Latency = 0> <II = 1> <Delay = 0.97> <FuncUnit> <Opcode : 'and' 'or' 'xor'> <InPorts = 2> <OutPorts = 1>
ST_4 : Operation 95 [1/1] (0.97ns)   --->   "%and_ln102_1445 = and i1 %icmp_ln86_1389, i1 %and_ln104_247" [firmware/BDT.h:102]   --->   Operation 95 'and' 'and_ln102_1445' <Predicate = (icmp_ln86)> <Delay = 0.97> <CoreInst = "LogicGate">   --->   Core 74 'LogicGate' <Latency = 0> <II = 1> <Delay = 0.97> <FuncUnit> <Opcode : 'and' 'or' 'xor'> <InPorts = 2> <OutPorts = 1>
ST_4 : Operation 96 [1/1] (0.97ns)   --->   "%and_ln102_1446 = and i1 %icmp_ln86_1390, i1 %and_ln102_1440" [firmware/BDT.h:102]   --->   Operation 96 'and' 'and_ln102_1446' <Predicate = true> <Delay = 0.97> <CoreInst = "LogicGate">   --->   Core 74 'LogicGate' <Latency = 0> <II = 1> <Delay = 0.97> <FuncUnit> <Opcode : 'and' 'or' 'xor'> <InPorts = 2> <OutPorts = 1>
ST_4 : Operation 97 [1/1] (0.00ns) (grouped into LUT with out node select_ln117_1358)   --->   "%and_ln102_1454 = and i1 %icmp_ln86_1398, i1 %and_ln102_1444" [firmware/BDT.h:102]   --->   Operation 97 'and' 'and_ln102_1454' <Predicate = (icmp_ln86 & or_ln117_1209)> <Delay = 0.00> <CoreInst = "LogicGate">   --->   Core 74 'LogicGate' <Latency = 0> <II = 1> <Delay = 0.97> <FuncUnit> <Opcode : 'and' 'or' 'xor'> <InPorts = 2> <OutPorts = 1>
ST_4 : Operation 98 [1/1] (0.00ns) (grouped into LUT with out node select_ln117_1360)   --->   "%and_ln102_1468 = and i1 %icmp_ln86_1399, i1 %xor_ln104_659" [firmware/BDT.h:102]   --->   Operation 98 'and' 'and_ln102_1468' <Predicate = (icmp_ln86)> <Delay = 0.00> <CoreInst = "LogicGate">   --->   Core 74 'LogicGate' <Latency = 0> <II = 1> <Delay = 0.97> <FuncUnit> <Opcode : 'and' 'or' 'xor'> <InPorts = 2> <OutPorts = 1>
ST_4 : Operation 99 [1/1] (0.00ns) (grouped into LUT with out node select_ln117_1360)   --->   "%and_ln102_1455 = and i1 %and_ln102_1468, i1 %and_ln102_1439" [firmware/BDT.h:102]   --->   Operation 99 'and' 'and_ln102_1455' <Predicate = (icmp_ln86)> <Delay = 0.00> <CoreInst = "LogicGate">   --->   Core 74 'LogicGate' <Latency = 0> <II = 1> <Delay = 0.97> <FuncUnit> <Opcode : 'and' 'or' 'xor'> <InPorts = 2> <OutPorts = 1>
ST_4 : Operation 100 [1/1] (0.00ns) (grouped into LUT with out node select_ln117_1362)   --->   "%and_ln102_1456 = and i1 %icmp_ln86_1400, i1 %and_ln102_1445" [firmware/BDT.h:102]   --->   Operation 100 'and' 'and_ln102_1456' <Predicate = (icmp_ln86)> <Delay = 0.00> <CoreInst = "LogicGate">   --->   Core 74 'LogicGate' <Latency = 0> <II = 1> <Delay = 0.97> <FuncUnit> <Opcode : 'and' 'or' 'xor'> <InPorts = 2> <OutPorts = 1>
ST_4 : Operation 101 [1/1] (0.00ns) (grouped into LUT with out node select_ln117_1358)   --->   "%or_ln117_1208 = or i1 %and_ln102, i1 %and_ln102_1454" [firmware/BDT.h:117]   --->   Operation 101 'or' 'or_ln117_1208' <Predicate = (icmp_ln86 & or_ln117_1209)> <Delay = 0.00> <CoreInst = "LogicGate">   --->   Core 74 'LogicGate' <Latency = 0> <II = 1> <Delay = 0.97> <FuncUnit> <Opcode : 'and' 'or' 'xor'> <InPorts = 2> <OutPorts = 1>
ST_4 : Operation 102 [1/1] (0.00ns) (grouped into LUT with out node select_ln117_1358)   --->   "%select_ln117_1357 = select i1 %or_ln117_1208, i4 %select_ln117_1356, i4 9" [firmware/BDT.h:117]   --->   Operation 102 'select' 'select_ln117_1357' <Predicate = (icmp_ln86 & or_ln117_1209)> <Delay = 0.00> <CoreInst = "Sel">   --->   Core 73 'Sel' <Latency = 0> <II = 1> <Delay = 1.02> <FuncUnit> <Opcode : 'select'> <InPorts = 3> <OutPorts = 1>
ST_4 : Operation 103 [1/1] (0.00ns) (grouped into LUT with out node select_ln117_1360)   --->   "%or_ln117_1210 = or i1 %or_ln117_1209, i1 %and_ln102_1455" [firmware/BDT.h:117]   --->   Operation 103 'or' 'or_ln117_1210' <Predicate = (icmp_ln86)> <Delay = 0.00> <CoreInst = "LogicGate">   --->   Core 74 'LogicGate' <Latency = 0> <II = 1> <Delay = 0.97> <FuncUnit> <Opcode : 'and' 'or' 'xor'> <InPorts = 2> <OutPorts = 1>
ST_4 : Operation 104 [1/1] (1.02ns) (out node of the LUT)   --->   "%select_ln117_1358 = select i1 %or_ln117_1209, i4 %select_ln117_1357, i4 10" [firmware/BDT.h:117]   --->   Operation 104 'select' 'select_ln117_1358' <Predicate = (icmp_ln86)> <Delay = 1.02> <CoreInst = "Sel">   --->   Core 73 'Sel' <Latency = 0> <II = 1> <Delay = 1.02> <FuncUnit> <Opcode : 'select'> <InPorts = 3> <OutPorts = 1>
ST_4 : Operation 105 [1/1] (0.97ns)   --->   "%or_ln117_1211 = or i1 %and_ln102, i1 %and_ln102_1439" [firmware/BDT.h:117]   --->   Operation 105 'or' 'or_ln117_1211' <Predicate = (icmp_ln86)> <Delay = 0.97> <CoreInst = "LogicGate">   --->   Core 74 'LogicGate' <Latency = 0> <II = 1> <Delay = 0.97> <FuncUnit> <Opcode : 'and' 'or' 'xor'> <InPorts = 2> <OutPorts = 1>
ST_4 : Operation 106 [1/1] (0.00ns) (grouped into LUT with out node select_ln117_1360)   --->   "%select_ln117_1359 = select i1 %or_ln117_1210, i4 %select_ln117_1358, i4 11" [firmware/BDT.h:117]   --->   Operation 106 'select' 'select_ln117_1359' <Predicate = (icmp_ln86)> <Delay = 0.00> <CoreInst = "Sel">   --->   Core 73 'Sel' <Latency = 0> <II = 1> <Delay = 1.02> <FuncUnit> <Opcode : 'select'> <InPorts = 3> <OutPorts = 1>
ST_4 : Operation 107 [1/1] (0.00ns) (grouped into LUT with out node select_ln117_1362)   --->   "%or_ln117_1212 = or i1 %or_ln117_1211, i1 %and_ln102_1456" [firmware/BDT.h:117]   --->   Operation 107 'or' 'or_ln117_1212' <Predicate = (icmp_ln86)> <Delay = 0.00> <CoreInst = "LogicGate">   --->   Core 74 'LogicGate' <Latency = 0> <II = 1> <Delay = 0.97> <FuncUnit> <Opcode : 'and' 'or' 'xor'> <InPorts = 2> <OutPorts = 1>
ST_4 : Operation 108 [1/1] (1.02ns) (out node of the LUT)   --->   "%select_ln117_1360 = select i1 %or_ln117_1211, i4 %select_ln117_1359, i4 12" [firmware/BDT.h:117]   --->   Operation 108 'select' 'select_ln117_1360' <Predicate = (icmp_ln86)> <Delay = 1.02> <CoreInst = "Sel">   --->   Core 73 'Sel' <Latency = 0> <II = 1> <Delay = 1.02> <FuncUnit> <Opcode : 'select'> <InPorts = 3> <OutPorts = 1>
ST_4 : Operation 109 [1/1] (0.97ns)   --->   "%or_ln117_1213 = or i1 %or_ln117_1211, i1 %and_ln102_1445" [firmware/BDT.h:117]   --->   Operation 109 'or' 'or_ln117_1213' <Predicate = (icmp_ln86)> <Delay = 0.97> <CoreInst = "LogicGate">   --->   Core 74 'LogicGate' <Latency = 0> <II = 1> <Delay = 0.97> <FuncUnit> <Opcode : 'and' 'or' 'xor'> <InPorts = 2> <OutPorts = 1>
ST_4 : Operation 110 [1/1] (0.00ns) (grouped into LUT with out node select_ln117_1362)   --->   "%select_ln117_1361 = select i1 %or_ln117_1212, i4 %select_ln117_1360, i4 13" [firmware/BDT.h:117]   --->   Operation 110 'select' 'select_ln117_1361' <Predicate = (icmp_ln86)> <Delay = 0.00> <CoreInst = "Sel">   --->   Core 73 'Sel' <Latency = 0> <II = 1> <Delay = 1.02> <FuncUnit> <Opcode : 'select'> <InPorts = 3> <OutPorts = 1>
ST_4 : Operation 111 [1/1] (1.02ns) (out node of the LUT)   --->   "%select_ln117_1362 = select i1 %or_ln117_1213, i4 %select_ln117_1361, i4 14" [firmware/BDT.h:117]   --->   Operation 111 'select' 'select_ln117_1362' <Predicate = (icmp_ln86)> <Delay = 1.02> <CoreInst = "Sel">   --->   Core 73 'Sel' <Latency = 0> <II = 1> <Delay = 1.02> <FuncUnit> <Opcode : 'select'> <InPorts = 3> <OutPorts = 1>

State 5 <SV = 4> <Delay = 3.64>
ST_5 : Operation 112 [1/1] (0.00ns) (grouped into LUT with out node and_ln104_248)   --->   "%xor_ln104_655 = xor i1 %icmp_ln86_1384, i1 1" [firmware/BDT.h:104]   --->   Operation 112 'xor' 'xor_ln104_655' <Predicate = true> <Delay = 0.00> <CoreInst = "LogicGate">   --->   Core 74 'LogicGate' <Latency = 0> <II = 1> <Delay = 0.97> <FuncUnit> <Opcode : 'and' 'or' 'xor'> <InPorts = 2> <OutPorts = 1>
ST_5 : Operation 113 [1/1] (0.97ns) (out node of the LUT)   --->   "%and_ln104_248 = and i1 %and_ln102_1437, i1 %xor_ln104_655" [firmware/BDT.h:104]   --->   Operation 113 'and' 'and_ln104_248' <Predicate = true> <Delay = 0.97> <CoreInst = "LogicGate">   --->   Core 74 'LogicGate' <Latency = 0> <II = 1> <Delay = 0.97> <FuncUnit> <Opcode : 'and' 'or' 'xor'> <InPorts = 2> <OutPorts = 1>
ST_5 : Operation 114 [1/1] (0.97ns)   --->   "%and_ln102_1441 = and i1 %icmp_ln86_1385, i1 %and_ln104_245" [firmware/BDT.h:102]   --->   Operation 114 'and' 'and_ln102_1441' <Predicate = true> <Delay = 0.97> <CoreInst = "LogicGate">   --->   Core 74 'LogicGate' <Latency = 0> <II = 1> <Delay = 0.97> <FuncUnit> <Opcode : 'and' 'or' 'xor'> <InPorts = 2> <OutPorts = 1>
ST_5 : Operation 115 [1/1] (0.00ns) (grouped into LUT with out node and_ln104_249)   --->   "%xor_ln104_656 = xor i1 %icmp_ln86_1385, i1 1" [firmware/BDT.h:104]   --->   Operation 115 'xor' 'xor_ln104_656' <Predicate = true> <Delay = 0.00> <CoreInst = "LogicGate">   --->   Core 74 'LogicGate' <Latency = 0> <II = 1> <Delay = 0.97> <FuncUnit> <Opcode : 'and' 'or' 'xor'> <InPorts = 2> <OutPorts = 1>
ST_5 : Operation 116 [1/1] (0.97ns) (out node of the LUT)   --->   "%and_ln104_249 = and i1 %and_ln104_245, i1 %xor_ln104_656" [firmware/BDT.h:104]   --->   Operation 116 'and' 'and_ln104_249' <Predicate = true> <Delay = 0.97> <CoreInst = "LogicGate">   --->   Core 74 'LogicGate' <Latency = 0> <II = 1> <Delay = 0.97> <FuncUnit> <Opcode : 'and' 'or' 'xor'> <InPorts = 2> <OutPorts = 1>
ST_5 : Operation 117 [1/1] (0.00ns) (grouped into LUT with out node select_ln117_1364)   --->   "%xor_ln104_660 = xor i1 %icmp_ln86_1389, i1 1" [firmware/BDT.h:104]   --->   Operation 117 'xor' 'xor_ln104_660' <Predicate = (icmp_ln86)> <Delay = 0.00> <CoreInst = "LogicGate">   --->   Core 74 'LogicGate' <Latency = 0> <II = 1> <Delay = 0.97> <FuncUnit> <Opcode : 'and' 'or' 'xor'> <InPorts = 2> <OutPorts = 1>
ST_5 : Operation 118 [1/1] (0.00ns) (grouped into LUT with out node select_ln117_1368)   --->   "%xor_ln104_661 = xor i1 %icmp_ln86_1390, i1 1" [firmware/BDT.h:104]   --->   Operation 118 'xor' 'xor_ln104_661' <Predicate = true> <Delay = 0.00> <CoreInst = "LogicGate">   --->   Core 74 'LogicGate' <Latency = 0> <II = 1> <Delay = 0.97> <FuncUnit> <Opcode : 'and' 'or' 'xor'> <InPorts = 2> <OutPorts = 1>
ST_5 : Operation 119 [1/1] (0.97ns)   --->   "%and_ln102_1447 = and i1 %icmp_ln86_1391, i1 %and_ln104_248" [firmware/BDT.h:102]   --->   Operation 119 'and' 'and_ln102_1447' <Predicate = true> <Delay = 0.97> <CoreInst = "LogicGate">   --->   Core 74 'LogicGate' <Latency = 0> <II = 1> <Delay = 0.97> <FuncUnit> <Opcode : 'and' 'or' 'xor'> <InPorts = 2> <OutPorts = 1>
ST_5 : Operation 120 [1/1] (0.00ns) (grouped into LUT with out node select_ln117_1364)   --->   "%and_ln102_1469 = and i1 %icmp_ln86_1401, i1 %xor_ln104_660" [firmware/BDT.h:102]   --->   Operation 120 'and' 'and_ln102_1469' <Predicate = (icmp_ln86)> <Delay = 0.00> <CoreInst = "LogicGate">   --->   Core 74 'LogicGate' <Latency = 0> <II = 1> <Delay = 0.97> <FuncUnit> <Opcode : 'and' 'or' 'xor'> <InPorts = 2> <OutPorts = 1>
ST_5 : Operation 121 [1/1] (0.00ns) (grouped into LUT with out node select_ln117_1364)   --->   "%and_ln102_1457 = and i1 %and_ln102_1469, i1 %and_ln104_247" [firmware/BDT.h:102]   --->   Operation 121 'and' 'and_ln102_1457' <Predicate = (icmp_ln86)> <Delay = 0.00> <CoreInst = "LogicGate">   --->   Core 74 'LogicGate' <Latency = 0> <II = 1> <Delay = 0.97> <FuncUnit> <Opcode : 'and' 'or' 'xor'> <InPorts = 2> <OutPorts = 1>
ST_5 : Operation 122 [1/1] (0.00ns) (grouped into LUT with out node select_ln117_1366)   --->   "%and_ln102_1458 = and i1 %icmp_ln86_1402, i1 %and_ln102_1446" [firmware/BDT.h:102]   --->   Operation 122 'and' 'and_ln102_1458' <Predicate = true> <Delay = 0.00> <CoreInst = "LogicGate">   --->   Core 74 'LogicGate' <Latency = 0> <II = 1> <Delay = 0.97> <FuncUnit> <Opcode : 'and' 'or' 'xor'> <InPorts = 2> <OutPorts = 1>
ST_5 : Operation 123 [1/1] (0.00ns) (grouped into LUT with out node select_ln117_1368)   --->   "%and_ln102_1470 = and i1 %icmp_ln86_1403, i1 %xor_ln104_661" [firmware/BDT.h:102]   --->   Operation 123 'and' 'and_ln102_1470' <Predicate = true> <Delay = 0.00> <CoreInst = "LogicGate">   --->   Core 74 'LogicGate' <Latency = 0> <II = 1> <Delay = 0.97> <FuncUnit> <Opcode : 'and' 'or' 'xor'> <InPorts = 2> <OutPorts = 1>
ST_5 : Operation 124 [1/1] (0.00ns) (grouped into LUT with out node select_ln117_1368)   --->   "%and_ln102_1459 = and i1 %and_ln102_1470, i1 %and_ln102_1440" [firmware/BDT.h:102]   --->   Operation 124 'and' 'and_ln102_1459' <Predicate = true> <Delay = 0.00> <CoreInst = "LogicGate">   --->   Core 74 'LogicGate' <Latency = 0> <II = 1> <Delay = 0.97> <FuncUnit> <Opcode : 'and' 'or' 'xor'> <InPorts = 2> <OutPorts = 1>
ST_5 : Operation 125 [1/1] (0.00ns) (grouped into LUT with out node select_ln117_1364)   --->   "%or_ln117_1214 = or i1 %or_ln117_1213, i1 %and_ln102_1457" [firmware/BDT.h:117]   --->   Operation 125 'or' 'or_ln117_1214' <Predicate = (icmp_ln86)> <Delay = 0.00> <CoreInst = "LogicGate">   --->   Core 74 'LogicGate' <Latency = 0> <II = 1> <Delay = 0.97> <FuncUnit> <Opcode : 'and' 'or' 'xor'> <InPorts = 2> <OutPorts = 1>
ST_5 : Operation 126 [1/1] (0.00ns) (grouped into LUT with out node select_ln117_1364)   --->   "%select_ln117_1363 = select i1 %or_ln117_1214, i4 %select_ln117_1362, i4 15" [firmware/BDT.h:117]   --->   Operation 126 'select' 'select_ln117_1363' <Predicate = (icmp_ln86)> <Delay = 0.00> <CoreInst = "Sel">   --->   Core 73 'Sel' <Latency = 0> <II = 1> <Delay = 1.02> <FuncUnit> <Opcode : 'select'> <InPorts = 3> <OutPorts = 1>
ST_5 : Operation 127 [1/1] (0.00ns) (grouped into LUT with out node select_ln117_1364)   --->   "%zext_ln117_144 = zext i4 %select_ln117_1363" [firmware/BDT.h:117]   --->   Operation 127 'zext' 'zext_ln117_144' <Predicate = (icmp_ln86)> <Delay = 0.00>
ST_5 : Operation 128 [1/1] (0.00ns) (grouped into LUT with out node select_ln117_1366)   --->   "%or_ln117_1215 = or i1 %icmp_ln86, i1 %and_ln102_1458" [firmware/BDT.h:117]   --->   Operation 128 'or' 'or_ln117_1215' <Predicate = true> <Delay = 0.00> <CoreInst = "LogicGate">   --->   Core 74 'LogicGate' <Latency = 0> <II = 1> <Delay = 0.97> <FuncUnit> <Opcode : 'and' 'or' 'xor'> <InPorts = 2> <OutPorts = 1>
ST_5 : Operation 129 [1/1] (1.21ns) (out node of the LUT)   --->   "%select_ln117_1364 = select i1 %icmp_ln86, i5 %zext_ln117_144, i5 16" [firmware/BDT.h:117]   --->   Operation 129 'select' 'select_ln117_1364' <Predicate = true> <Delay = 1.21> <CoreInst = "Sel">   --->   Core 73 'Sel' <Latency = 0> <II = 1> <Delay = 1.21> <FuncUnit> <Opcode : 'select'> <InPorts = 3> <OutPorts = 1>
ST_5 : Operation 130 [1/1] (0.97ns)   --->   "%or_ln117_1216 = or i1 %icmp_ln86, i1 %and_ln102_1446" [firmware/BDT.h:117]   --->   Operation 130 'or' 'or_ln117_1216' <Predicate = true> <Delay = 0.97> <CoreInst = "LogicGate">   --->   Core 74 'LogicGate' <Latency = 0> <II = 1> <Delay = 0.97> <FuncUnit> <Opcode : 'and' 'or' 'xor'> <InPorts = 2> <OutPorts = 1>
ST_5 : Operation 131 [1/1] (0.00ns) (grouped into LUT with out node select_ln117_1366)   --->   "%select_ln117_1365 = select i1 %or_ln117_1215, i5 %select_ln117_1364, i5 17" [firmware/BDT.h:117]   --->   Operation 131 'select' 'select_ln117_1365' <Predicate = true> <Delay = 0.00> <CoreInst = "Sel">   --->   Core 73 'Sel' <Latency = 0> <II = 1> <Delay = 1.21> <FuncUnit> <Opcode : 'select'> <InPorts = 3> <OutPorts = 1>
ST_5 : Operation 132 [1/1] (0.00ns) (grouped into LUT with out node select_ln117_1368)   --->   "%or_ln117_1217 = or i1 %or_ln117_1216, i1 %and_ln102_1459" [firmware/BDT.h:117]   --->   Operation 132 'or' 'or_ln117_1217' <Predicate = true> <Delay = 0.00> <CoreInst = "LogicGate">   --->   Core 74 'LogicGate' <Latency = 0> <II = 1> <Delay = 0.97> <FuncUnit> <Opcode : 'and' 'or' 'xor'> <InPorts = 2> <OutPorts = 1>
ST_5 : Operation 133 [1/1] (1.21ns) (out node of the LUT)   --->   "%select_ln117_1366 = select i1 %or_ln117_1216, i5 %select_ln117_1365, i5 18" [firmware/BDT.h:117]   --->   Operation 133 'select' 'select_ln117_1366' <Predicate = true> <Delay = 1.21> <CoreInst = "Sel">   --->   Core 73 'Sel' <Latency = 0> <II = 1> <Delay = 1.21> <FuncUnit> <Opcode : 'select'> <InPorts = 3> <OutPorts = 1>
ST_5 : Operation 134 [1/1] (0.97ns)   --->   "%or_ln117_1218 = or i1 %icmp_ln86, i1 %and_ln102_1440" [firmware/BDT.h:117]   --->   Operation 134 'or' 'or_ln117_1218' <Predicate = true> <Delay = 0.97> <CoreInst = "LogicGate">   --->   Core 74 'LogicGate' <Latency = 0> <II = 1> <Delay = 0.97> <FuncUnit> <Opcode : 'and' 'or' 'xor'> <InPorts = 2> <OutPorts = 1>
ST_5 : Operation 135 [1/1] (0.00ns) (grouped into LUT with out node select_ln117_1368)   --->   "%select_ln117_1367 = select i1 %or_ln117_1217, i5 %select_ln117_1366, i5 19" [firmware/BDT.h:117]   --->   Operation 135 'select' 'select_ln117_1367' <Predicate = true> <Delay = 0.00> <CoreInst = "Sel">   --->   Core 73 'Sel' <Latency = 0> <II = 1> <Delay = 1.21> <FuncUnit> <Opcode : 'select'> <InPorts = 3> <OutPorts = 1>
ST_5 : Operation 136 [1/1] (1.21ns) (out node of the LUT)   --->   "%select_ln117_1368 = select i1 %or_ln117_1218, i5 %select_ln117_1367, i5 20" [firmware/BDT.h:117]   --->   Operation 136 'select' 'select_ln117_1368' <Predicate = true> <Delay = 1.21> <CoreInst = "Sel">   --->   Core 73 'Sel' <Latency = 0> <II = 1> <Delay = 1.21> <FuncUnit> <Opcode : 'select'> <InPorts = 3> <OutPorts = 1>
ST_5 : Operation 137 [1/1] (0.97ns)   --->   "%or_ln117_1220 = or i1 %or_ln117_1218, i1 %and_ln102_1447" [firmware/BDT.h:117]   --->   Operation 137 'or' 'or_ln117_1220' <Predicate = true> <Delay = 0.97> <CoreInst = "LogicGate">   --->   Core 74 'LogicGate' <Latency = 0> <II = 1> <Delay = 0.97> <FuncUnit> <Opcode : 'and' 'or' 'xor'> <InPorts = 2> <OutPorts = 1>
ST_5 : Operation 138 [1/1] (0.97ns)   --->   "%or_ln117_1222 = or i1 %icmp_ln86, i1 %and_ln102_1437" [firmware/BDT.h:117]   --->   Operation 138 'or' 'or_ln117_1222' <Predicate = true> <Delay = 0.97> <CoreInst = "LogicGate">   --->   Core 74 'LogicGate' <Latency = 0> <II = 1> <Delay = 0.97> <FuncUnit> <Opcode : 'and' 'or' 'xor'> <InPorts = 2> <OutPorts = 1>

State 6 <SV = 5> <Delay = 3.64>
ST_6 : Operation 139 [1/1] (0.00ns) (grouped into LUT with out node select_ln117_1372)   --->   "%xor_ln104_662 = xor i1 %icmp_ln86_1391, i1 1" [firmware/BDT.h:104]   --->   Operation 139 'xor' 'xor_ln104_662' <Predicate = (or_ln117_1222)> <Delay = 0.00> <CoreInst = "LogicGate">   --->   Core 74 'LogicGate' <Latency = 0> <II = 1> <Delay = 0.97> <FuncUnit> <Opcode : 'and' 'or' 'xor'> <InPorts = 2> <OutPorts = 1>
ST_6 : Operation 140 [1/1] (0.97ns)   --->   "%and_ln102_1448 = and i1 %icmp_ln86_1392, i1 %and_ln102_1441" [firmware/BDT.h:102]   --->   Operation 140 'and' 'and_ln102_1448' <Predicate = true> <Delay = 0.97> <CoreInst = "LogicGate">   --->   Core 74 'LogicGate' <Latency = 0> <II = 1> <Delay = 0.97> <FuncUnit> <Opcode : 'and' 'or' 'xor'> <InPorts = 2> <OutPorts = 1>
ST_6 : Operation 141 [1/1] (0.00ns) (grouped into LUT with out node select_ln117_1370)   --->   "%and_ln102_1460 = and i1 %icmp_ln86_1404, i1 %and_ln102_1447" [firmware/BDT.h:102]   --->   Operation 141 'and' 'and_ln102_1460' <Predicate = (or_ln117_1220 & or_ln117_1222)> <Delay = 0.00> <CoreInst = "LogicGate">   --->   Core 74 'LogicGate' <Latency = 0> <II = 1> <Delay = 0.97> <FuncUnit> <Opcode : 'and' 'or' 'xor'> <InPorts = 2> <OutPorts = 1>
ST_6 : Operation 142 [1/1] (0.00ns) (grouped into LUT with out node select_ln117_1372)   --->   "%and_ln102_1471 = and i1 %icmp_ln86_1405, i1 %xor_ln104_662" [firmware/BDT.h:102]   --->   Operation 142 'and' 'and_ln102_1471' <Predicate = (or_ln117_1222)> <Delay = 0.00> <CoreInst = "LogicGate">   --->   Core 74 'LogicGate' <Latency = 0> <II = 1> <Delay = 0.97> <FuncUnit> <Opcode : 'and' 'or' 'xor'> <InPorts = 2> <OutPorts = 1>
ST_6 : Operation 143 [1/1] (0.00ns) (grouped into LUT with out node select_ln117_1372)   --->   "%and_ln102_1461 = and i1 %and_ln102_1471, i1 %and_ln104_248" [firmware/BDT.h:102]   --->   Operation 143 'and' 'and_ln102_1461' <Predicate = (or_ln117_1222)> <Delay = 0.00> <CoreInst = "LogicGate">   --->   Core 74 'LogicGate' <Latency = 0> <II = 1> <Delay = 0.97> <FuncUnit> <Opcode : 'and' 'or' 'xor'> <InPorts = 2> <OutPorts = 1>
ST_6 : Operation 144 [1/1] (0.00ns) (grouped into LUT with out node select_ln117_1374)   --->   "%and_ln102_1462 = and i1 %icmp_ln86_1406, i1 %and_ln102_1448" [firmware/BDT.h:102]   --->   Operation 144 'and' 'and_ln102_1462' <Predicate = true> <Delay = 0.00> <CoreInst = "LogicGate">   --->   Core 74 'LogicGate' <Latency = 0> <II = 1> <Delay = 0.97> <FuncUnit> <Opcode : 'and' 'or' 'xor'> <InPorts = 2> <OutPorts = 1>
ST_6 : Operation 145 [1/1] (0.00ns) (grouped into LUT with out node select_ln117_1370)   --->   "%or_ln117_1219 = or i1 %or_ln117_1218, i1 %and_ln102_1460" [firmware/BDT.h:117]   --->   Operation 145 'or' 'or_ln117_1219' <Predicate = (or_ln117_1220 & or_ln117_1222)> <Delay = 0.00> <CoreInst = "LogicGate">   --->   Core 74 'LogicGate' <Latency = 0> <II = 1> <Delay = 0.97> <FuncUnit> <Opcode : 'and' 'or' 'xor'> <InPorts = 2> <OutPorts = 1>
ST_6 : Operation 146 [1/1] (0.00ns) (grouped into LUT with out node select_ln117_1370)   --->   "%select_ln117_1369 = select i1 %or_ln117_1219, i5 %select_ln117_1368, i5 21" [firmware/BDT.h:117]   --->   Operation 146 'select' 'select_ln117_1369' <Predicate = (or_ln117_1220 & or_ln117_1222)> <Delay = 0.00> <CoreInst = "Sel">   --->   Core 73 'Sel' <Latency = 0> <II = 1> <Delay = 1.21> <FuncUnit> <Opcode : 'select'> <InPorts = 3> <OutPorts = 1>
ST_6 : Operation 147 [1/1] (0.00ns) (grouped into LUT with out node select_ln117_1372)   --->   "%or_ln117_1221 = or i1 %or_ln117_1220, i1 %and_ln102_1461" [firmware/BDT.h:117]   --->   Operation 147 'or' 'or_ln117_1221' <Predicate = (or_ln117_1222)> <Delay = 0.00> <CoreInst = "LogicGate">   --->   Core 74 'LogicGate' <Latency = 0> <II = 1> <Delay = 0.97> <FuncUnit> <Opcode : 'and' 'or' 'xor'> <InPorts = 2> <OutPorts = 1>
ST_6 : Operation 148 [1/1] (1.21ns) (out node of the LUT)   --->   "%select_ln117_1370 = select i1 %or_ln117_1220, i5 %select_ln117_1369, i5 22" [firmware/BDT.h:117]   --->   Operation 148 'select' 'select_ln117_1370' <Predicate = (or_ln117_1222)> <Delay = 1.21> <CoreInst = "Sel">   --->   Core 73 'Sel' <Latency = 0> <II = 1> <Delay = 1.21> <FuncUnit> <Opcode : 'select'> <InPorts = 3> <OutPorts = 1>
ST_6 : Operation 149 [1/1] (0.00ns) (grouped into LUT with out node select_ln117_1372)   --->   "%select_ln117_1371 = select i1 %or_ln117_1221, i5 %select_ln117_1370, i5 23" [firmware/BDT.h:117]   --->   Operation 149 'select' 'select_ln117_1371' <Predicate = (or_ln117_1222)> <Delay = 0.00> <CoreInst = "Sel">   --->   Core 73 'Sel' <Latency = 0> <II = 1> <Delay = 1.21> <FuncUnit> <Opcode : 'select'> <InPorts = 3> <OutPorts = 1>
ST_6 : Operation 150 [1/1] (0.00ns) (grouped into LUT with out node select_ln117_1374)   --->   "%or_ln117_1223 = or i1 %or_ln117_1222, i1 %and_ln102_1462" [firmware/BDT.h:117]   --->   Operation 150 'or' 'or_ln117_1223' <Predicate = true> <Delay = 0.00> <CoreInst = "LogicGate">   --->   Core 74 'LogicGate' <Latency = 0> <II = 1> <Delay = 0.97> <FuncUnit> <Opcode : 'and' 'or' 'xor'> <InPorts = 2> <OutPorts = 1>
ST_6 : Operation 151 [1/1] (1.21ns) (out node of the LUT)   --->   "%select_ln117_1372 = select i1 %or_ln117_1222, i5 %select_ln117_1371, i5 24" [firmware/BDT.h:117]   --->   Operation 151 'select' 'select_ln117_1372' <Predicate = true> <Delay = 1.21> <CoreInst = "Sel">   --->   Core 73 'Sel' <Latency = 0> <II = 1> <Delay = 1.21> <FuncUnit> <Opcode : 'select'> <InPorts = 3> <OutPorts = 1>
ST_6 : Operation 152 [1/1] (0.97ns)   --->   "%or_ln117_1224 = or i1 %or_ln117_1222, i1 %and_ln102_1448" [firmware/BDT.h:117]   --->   Operation 152 'or' 'or_ln117_1224' <Predicate = true> <Delay = 0.97> <CoreInst = "LogicGate">   --->   Core 74 'LogicGate' <Latency = 0> <II = 1> <Delay = 0.97> <FuncUnit> <Opcode : 'and' 'or' 'xor'> <InPorts = 2> <OutPorts = 1>
ST_6 : Operation 153 [1/1] (0.00ns) (grouped into LUT with out node select_ln117_1374)   --->   "%select_ln117_1373 = select i1 %or_ln117_1223, i5 %select_ln117_1372, i5 25" [firmware/BDT.h:117]   --->   Operation 153 'select' 'select_ln117_1373' <Predicate = true> <Delay = 0.00> <CoreInst = "Sel">   --->   Core 73 'Sel' <Latency = 0> <II = 1> <Delay = 1.21> <FuncUnit> <Opcode : 'select'> <InPorts = 3> <OutPorts = 1>
ST_6 : Operation 154 [1/1] (1.21ns) (out node of the LUT)   --->   "%select_ln117_1374 = select i1 %or_ln117_1224, i5 %select_ln117_1373, i5 26" [firmware/BDT.h:117]   --->   Operation 154 'select' 'select_ln117_1374' <Predicate = true> <Delay = 1.21> <CoreInst = "Sel">   --->   Core 73 'Sel' <Latency = 0> <II = 1> <Delay = 1.21> <FuncUnit> <Opcode : 'select'> <InPorts = 3> <OutPorts = 1>

State 7 <SV = 6> <Delay = 3.40>
ST_7 : Operation 155 [1/1] (0.00ns) (grouped into LUT with out node select_ln117_1376)   --->   "%xor_ln104_663 = xor i1 %icmp_ln86_1392, i1 1" [firmware/BDT.h:104]   --->   Operation 155 'xor' 'xor_ln104_663' <Predicate = true> <Delay = 0.00> <CoreInst = "LogicGate">   --->   Core 74 'LogicGate' <Latency = 0> <II = 1> <Delay = 0.97> <FuncUnit> <Opcode : 'and' 'or' 'xor'> <InPorts = 2> <OutPorts = 1>
ST_7 : Operation 156 [1/1] (0.97ns)   --->   "%and_ln102_1449 = and i1 %icmp_ln86_1393, i1 %and_ln104_249" [firmware/BDT.h:102]   --->   Operation 156 'and' 'and_ln102_1449' <Predicate = true> <Delay = 0.97> <CoreInst = "LogicGate">   --->   Core 74 'LogicGate' <Latency = 0> <II = 1> <Delay = 0.97> <FuncUnit> <Opcode : 'and' 'or' 'xor'> <InPorts = 2> <OutPorts = 1>
ST_7 : Operation 157 [1/1] (0.00ns) (grouped into LUT with out node select_ln117_1376)   --->   "%and_ln102_1472 = and i1 %icmp_ln86_1407, i1 %xor_ln104_663" [firmware/BDT.h:102]   --->   Operation 157 'and' 'and_ln102_1472' <Predicate = true> <Delay = 0.00> <CoreInst = "LogicGate">   --->   Core 74 'LogicGate' <Latency = 0> <II = 1> <Delay = 0.97> <FuncUnit> <Opcode : 'and' 'or' 'xor'> <InPorts = 2> <OutPorts = 1>
ST_7 : Operation 158 [1/1] (0.00ns) (grouped into LUT with out node select_ln117_1376)   --->   "%and_ln102_1463 = and i1 %and_ln102_1472, i1 %and_ln102_1441" [firmware/BDT.h:102]   --->   Operation 158 'and' 'and_ln102_1463' <Predicate = true> <Delay = 0.00> <CoreInst = "LogicGate">   --->   Core 74 'LogicGate' <Latency = 0> <II = 1> <Delay = 0.97> <FuncUnit> <Opcode : 'and' 'or' 'xor'> <InPorts = 2> <OutPorts = 1>
ST_7 : Operation 159 [1/1] (0.00ns) (grouped into LUT with out node select_ln117_1378)   --->   "%and_ln102_1464 = and i1 %icmp_ln86_1408, i1 %and_ln102_1449" [firmware/BDT.h:102]   --->   Operation 159 'and' 'and_ln102_1464' <Predicate = true> <Delay = 0.00> <CoreInst = "LogicGate">   --->   Core 74 'LogicGate' <Latency = 0> <II = 1> <Delay = 0.97> <FuncUnit> <Opcode : 'and' 'or' 'xor'> <InPorts = 2> <OutPorts = 1>
ST_7 : Operation 160 [1/1] (0.00ns) (grouped into LUT with out node select_ln117_1376)   --->   "%or_ln117_1225 = or i1 %or_ln117_1224, i1 %and_ln102_1463" [firmware/BDT.h:117]   --->   Operation 160 'or' 'or_ln117_1225' <Predicate = true> <Delay = 0.00> <CoreInst = "LogicGate">   --->   Core 74 'LogicGate' <Latency = 0> <II = 1> <Delay = 0.97> <FuncUnit> <Opcode : 'and' 'or' 'xor'> <InPorts = 2> <OutPorts = 1>
ST_7 : Operation 161 [1/1] (0.97ns)   --->   "%or_ln117_1226 = or i1 %or_ln117_1222, i1 %and_ln102_1441" [firmware/BDT.h:117]   --->   Operation 161 'or' 'or_ln117_1226' <Predicate = true> <Delay = 0.97> <CoreInst = "LogicGate">   --->   Core 74 'LogicGate' <Latency = 0> <II = 1> <Delay = 0.97> <FuncUnit> <Opcode : 'and' 'or' 'xor'> <InPorts = 2> <OutPorts = 1>
ST_7 : Operation 162 [1/1] (0.00ns) (grouped into LUT with out node select_ln117_1376)   --->   "%select_ln117_1375 = select i1 %or_ln117_1225, i5 %select_ln117_1374, i5 27" [firmware/BDT.h:117]   --->   Operation 162 'select' 'select_ln117_1375' <Predicate = true> <Delay = 0.00> <CoreInst = "Sel">   --->   Core 73 'Sel' <Latency = 0> <II = 1> <Delay = 1.21> <FuncUnit> <Opcode : 'select'> <InPorts = 3> <OutPorts = 1>
ST_7 : Operation 163 [1/1] (0.00ns) (grouped into LUT with out node select_ln117_1378)   --->   "%or_ln117_1227 = or i1 %or_ln117_1226, i1 %and_ln102_1464" [firmware/BDT.h:117]   --->   Operation 163 'or' 'or_ln117_1227' <Predicate = true> <Delay = 0.00> <CoreInst = "LogicGate">   --->   Core 74 'LogicGate' <Latency = 0> <II = 1> <Delay = 0.97> <FuncUnit> <Opcode : 'and' 'or' 'xor'> <InPorts = 2> <OutPorts = 1>
ST_7 : Operation 164 [1/1] (1.21ns) (out node of the LUT)   --->   "%select_ln117_1376 = select i1 %or_ln117_1226, i5 %select_ln117_1375, i5 28" [firmware/BDT.h:117]   --->   Operation 164 'select' 'select_ln117_1376' <Predicate = true> <Delay = 1.21> <CoreInst = "Sel">   --->   Core 73 'Sel' <Latency = 0> <II = 1> <Delay = 1.21> <FuncUnit> <Opcode : 'select'> <InPorts = 3> <OutPorts = 1>
ST_7 : Operation 165 [1/1] (0.97ns)   --->   "%or_ln117_1228 = or i1 %or_ln117_1226, i1 %and_ln102_1449" [firmware/BDT.h:117]   --->   Operation 165 'or' 'or_ln117_1228' <Predicate = true> <Delay = 0.97> <CoreInst = "LogicGate">   --->   Core 74 'LogicGate' <Latency = 0> <II = 1> <Delay = 0.97> <FuncUnit> <Opcode : 'and' 'or' 'xor'> <InPorts = 2> <OutPorts = 1>
ST_7 : Operation 166 [1/1] (0.00ns) (grouped into LUT with out node select_ln117_1378)   --->   "%select_ln117_1377 = select i1 %or_ln117_1227, i5 %select_ln117_1376, i5 29" [firmware/BDT.h:117]   --->   Operation 166 'select' 'select_ln117_1377' <Predicate = true> <Delay = 0.00> <CoreInst = "Sel">   --->   Core 73 'Sel' <Latency = 0> <II = 1> <Delay = 1.21> <FuncUnit> <Opcode : 'select'> <InPorts = 3> <OutPorts = 1>
ST_7 : Operation 167 [1/1] (1.21ns) (out node of the LUT)   --->   "%select_ln117_1378 = select i1 %or_ln117_1228, i5 %select_ln117_1377, i5 30" [firmware/BDT.h:117]   --->   Operation 167 'select' 'select_ln117_1378' <Predicate = true> <Delay = 1.21> <CoreInst = "Sel">   --->   Core 73 'Sel' <Latency = 0> <II = 1> <Delay = 1.21> <FuncUnit> <Opcode : 'select'> <InPorts = 3> <OutPorts = 1>

State 8 <SV = 7> <Delay = 3.20>
ST_8 : Operation 168 [1/1] (0.00ns)   --->   "%specpipeline_ln86 = specpipeline void @_ssdm_op_SpecPipeline, i32 1, i32 0, i32 0, i32 0, void @empty_0" [firmware/BDT.h:86]   --->   Operation 168 'specpipeline' 'specpipeline_ln86' <Predicate = true> <Delay = 0.00>
ST_8 : Operation 169 [1/1] (0.00ns) (grouped into LUT with out node agg_result)   --->   "%xor_ln104_664 = xor i1 %icmp_ln86_1393, i1 1" [firmware/BDT.h:104]   --->   Operation 169 'xor' 'xor_ln104_664' <Predicate = true> <Delay = 0.00> <CoreInst = "LogicGate">   --->   Core 74 'LogicGate' <Latency = 0> <II = 1> <Delay = 0.97> <FuncUnit> <Opcode : 'and' 'or' 'xor'> <InPorts = 2> <OutPorts = 1>
ST_8 : Operation 170 [1/1] (0.00ns) (grouped into LUT with out node agg_result)   --->   "%and_ln102_1473 = and i1 %icmp_ln86_1409, i1 %xor_ln104_664" [firmware/BDT.h:102]   --->   Operation 170 'and' 'and_ln102_1473' <Predicate = true> <Delay = 0.00> <CoreInst = "LogicGate">   --->   Core 74 'LogicGate' <Latency = 0> <II = 1> <Delay = 0.97> <FuncUnit> <Opcode : 'and' 'or' 'xor'> <InPorts = 2> <OutPorts = 1>
ST_8 : Operation 171 [1/1] (0.00ns) (grouped into LUT with out node agg_result)   --->   "%and_ln102_1465 = and i1 %and_ln102_1473, i1 %and_ln104_249" [firmware/BDT.h:102]   --->   Operation 171 'and' 'and_ln102_1465' <Predicate = true> <Delay = 0.00> <CoreInst = "LogicGate">   --->   Core 74 'LogicGate' <Latency = 0> <II = 1> <Delay = 0.97> <FuncUnit> <Opcode : 'and' 'or' 'xor'> <InPorts = 2> <OutPorts = 1>
ST_8 : Operation 172 [1/1] (0.00ns) (grouped into LUT with out node agg_result)   --->   "%or_ln117_1229 = or i1 %or_ln117_1228, i1 %and_ln102_1465" [firmware/BDT.h:117]   --->   Operation 172 'or' 'or_ln117_1229' <Predicate = true> <Delay = 0.00> <CoreInst = "LogicGate">   --->   Core 74 'LogicGate' <Latency = 0> <II = 1> <Delay = 0.97> <FuncUnit> <Opcode : 'and' 'or' 'xor'> <InPorts = 2> <OutPorts = 1>
ST_8 : Operation 173 [1/1] (0.00ns) (grouped into LUT with out node agg_result)   --->   "%select_ln117_1379 = select i1 %or_ln117_1229, i5 %select_ln117_1378, i5 31" [firmware/BDT.h:117]   --->   Operation 173 'select' 'select_ln117_1379' <Predicate = true> <Delay = 0.00> <CoreInst = "Sel">   --->   Core 73 'Sel' <Latency = 0> <II = 1> <Delay = 1.21> <FuncUnit> <Opcode : 'select'> <InPorts = 3> <OutPorts = 1>
ST_8 : Operation 174 [1/1] (3.20ns) (out node of the LUT)   --->   "%agg_result = sparsemux i11 @_ssdm_op_SparseMux.ap_auto.32i11.i11.i5, i5 0, i11 9, i5 1, i11 1976, i5 2, i11 1808, i5 3, i11 1999, i5 4, i11 492, i5 5, i11 156, i5 6, i11 157, i5 7, i11 1931, i5 8, i11 21, i5 9, i11 1791, i5 10, i11 2000, i5 11, i11 83, i5 12, i11 412, i5 13, i11 1809, i5 14, i11 9, i5 15, i11 1742, i5 16, i11 1898, i5 17, i11 412, i5 18, i11 1968, i5 19, i11 2033, i5 20, i11 13, i5 21, i11 1530, i5 22, i11 243, i5 23, i11 62, i5 24, i11 1955, i5 25, i11 2037, i5 26, i11 2044, i5 27, i11 38, i5 28, i11 2002, i5 29, i11 87, i5 30, i11 66, i5 31, i11 187, i11 0, i5 %select_ln117_1379" [firmware/BDT.h:118]   --->   Operation 174 'sparsemux' 'agg_result' <Predicate = true> <Delay = 3.20> <CoreInst = "BinarySparseMux_DontCare">   --->   Core 137 'BinarySparseMux_DontCare' <Latency = 0> <II = 1> <Delay = 3.20> <FuncUnit> <Opcode : 'sparsemux'> <InPorts = 2> <OutPorts = 1>
ST_8 : Operation 175 [1/1] (0.00ns)   --->   "%ret_ln122 = ret i11 %agg_result" [firmware/BDT.h:122]   --->   Operation 175 'ret' 'ret_ln122' <Predicate = true> <Delay = 0.00>


============================================================
+ Verbose Summary: Timing violations
============================================================
Target clock period: 5.000ns, clock uncertainty: 1.350ns.

 <State 1>: 3.114ns
The critical path consists of the following:
	wire read operation ('x_11_val_read', firmware/BDT.h:86) on port 'x_11_val' (firmware/BDT.h:86) [18]  (0.000 ns)
	'icmp' operation 1 bit ('icmp_ln86_1380', firmware/BDT.h:86) [29]  (2.136 ns)
	'and' operation 1 bit ('and_ln102', firmware/BDT.h:102) [60]  (0.978 ns)

 <State 2>: 2.934ns
The critical path consists of the following:
	'and' operation 1 bit ('and_ln102_1438', firmware/BDT.h:102) [66]  (0.978 ns)
	'and' operation 1 bit ('and_ln102_1442', firmware/BDT.h:102) [78]  (0.978 ns)
	'or' operation 1 bit ('or_ln117', firmware/BDT.h:117) [120]  (0.978 ns)

 <State 3>: 2.997ns
The critical path consists of the following:
	'and' operation 1 bit ('and_ln102_1450', firmware/BDT.h:102) [94]  (0.000 ns)
	'xor' operation 1 bit ('xor_ln117', firmware/BDT.h:117) [118]  (0.000 ns)
	'select' operation 2 bit ('select_ln117', firmware/BDT.h:117) [121]  (0.000 ns)
	'select' operation 2 bit ('select_ln117_1351', firmware/BDT.h:117) [122]  (0.000 ns)
	'select' operation 3 bit ('select_ln117_1352', firmware/BDT.h:117) [125]  (0.993 ns)
	'select' operation 3 bit ('select_ln117_1353', firmware/BDT.h:117) [127]  (0.000 ns)
	'select' operation 3 bit ('select_ln117_1354', firmware/BDT.h:117) [129]  (0.980 ns)
	'select' operation 3 bit ('select_ln117_1355', firmware/BDT.h:117) [130]  (0.000 ns)
	'select' operation 4 bit ('select_ln117_1356', firmware/BDT.h:117) [133]  (1.024 ns)

 <State 4>: 3.072ns
The critical path consists of the following:
	'and' operation 1 bit ('and_ln102_1454', firmware/BDT.h:102) [100]  (0.000 ns)
	'or' operation 1 bit ('or_ln117_1208', firmware/BDT.h:117) [132]  (0.000 ns)
	'select' operation 4 bit ('select_ln117_1357', firmware/BDT.h:117) [135]  (0.000 ns)
	'select' operation 4 bit ('select_ln117_1358', firmware/BDT.h:117) [137]  (1.024 ns)
	'select' operation 4 bit ('select_ln117_1359', firmware/BDT.h:117) [139]  (0.000 ns)
	'select' operation 4 bit ('select_ln117_1360', firmware/BDT.h:117) [141]  (1.024 ns)
	'select' operation 4 bit ('select_ln117_1361', firmware/BDT.h:117) [143]  (0.000 ns)
	'select' operation 4 bit ('select_ln117_1362', firmware/BDT.h:117) [145]  (1.024 ns)

 <State 5>: 3.645ns
The critical path consists of the following:
	'xor' operation 1 bit ('xor_ln104_660', firmware/BDT.h:104) [85]  (0.000 ns)
	'and' operation 1 bit ('and_ln102_1469', firmware/BDT.h:102) [104]  (0.000 ns)
	'and' operation 1 bit ('and_ln102_1457', firmware/BDT.h:102) [105]  (0.000 ns)
	'or' operation 1 bit ('or_ln117_1214', firmware/BDT.h:117) [144]  (0.000 ns)
	'select' operation 4 bit ('select_ln117_1363', firmware/BDT.h:117) [146]  (0.000 ns)
	'select' operation 5 bit ('select_ln117_1364', firmware/BDT.h:117) [149]  (1.215 ns)
	'select' operation 5 bit ('select_ln117_1365', firmware/BDT.h:117) [151]  (0.000 ns)
	'select' operation 5 bit ('select_ln117_1366', firmware/BDT.h:117) [153]  (1.215 ns)
	'select' operation 5 bit ('select_ln117_1367', firmware/BDT.h:117) [155]  (0.000 ns)
	'select' operation 5 bit ('select_ln117_1368', firmware/BDT.h:117) [157]  (1.215 ns)

 <State 6>: 3.645ns
The critical path consists of the following:
	'and' operation 1 bit ('and_ln102_1460', firmware/BDT.h:102) [109]  (0.000 ns)
	'or' operation 1 bit ('or_ln117_1219', firmware/BDT.h:117) [156]  (0.000 ns)
	'select' operation 5 bit ('select_ln117_1369', firmware/BDT.h:117) [159]  (0.000 ns)
	'select' operation 5 bit ('select_ln117_1370', firmware/BDT.h:117) [161]  (1.215 ns)
	'select' operation 5 bit ('select_ln117_1371', firmware/BDT.h:117) [163]  (0.000 ns)
	'select' operation 5 bit ('select_ln117_1372', firmware/BDT.h:117) [165]  (1.215 ns)
	'select' operation 5 bit ('select_ln117_1373', firmware/BDT.h:117) [167]  (0.000 ns)
	'select' operation 5 bit ('select_ln117_1374', firmware/BDT.h:117) [169]  (1.215 ns)

 <State 7>: 3.408ns
The critical path consists of the following:
	'or' operation 1 bit ('or_ln117_1226', firmware/BDT.h:117) [170]  (0.978 ns)
	'select' operation 5 bit ('select_ln117_1376', firmware/BDT.h:117) [173]  (1.215 ns)
	'select' operation 5 bit ('select_ln117_1377', firmware/BDT.h:117) [175]  (0.000 ns)
	'select' operation 5 bit ('select_ln117_1378', firmware/BDT.h:117) [177]  (1.215 ns)

 <State 8>: 3.205ns
The critical path consists of the following:
	'xor' operation 1 bit ('xor_ln104_664', firmware/BDT.h:104) [93]  (0.000 ns)
	'and' operation 1 bit ('and_ln102_1473', firmware/BDT.h:102) [116]  (0.000 ns)
	'and' operation 1 bit ('and_ln102_1465', firmware/BDT.h:102) [117]  (0.000 ns)
	'or' operation 1 bit ('or_ln117_1229', firmware/BDT.h:117) [176]  (0.000 ns)
	'select' operation 5 bit ('select_ln117_1379', firmware/BDT.h:117) [178]  (0.000 ns)
	'sparsemux' operation 11 bit ('agg_result', firmware/BDT.h:118) [179]  (3.205 ns)


============================================================
+ Verbose Summary: Binding
============================================================
N/A
* FSMD analyzer results:
  - Output states:
 - Input state : 
  - Chain level:
	State 1
	State 2
	State 3
	State 4
	State 5
	State 6
	State 7
	State 8


============================================================
+ Verbose Summary: Datapath Resource usage 
============================================================
N/A
