

================================================================
== Vitis HLS Report for 'decision_function_48'
================================================================
* Date:           Tue Mar 11 16:16:28 2025

* Version:        2024.2 (Build 5238294 on Nov  8 2024)
* Project:        my_prj
* Solution:       solution1 (Vivado IP Flow Target)
* Product family: zynq
* Target device:  xc7z020-clg400-1


================================================================
== Performance Estimates
================================================================
+ Timing: 
    * Summary: 
    +--------+---------+----------+------------+
    |  Clock |  Target | Estimated| Uncertainty|
    +--------+---------+----------+------------+
    |ap_clk  |  5.00 ns|  3.645 ns|     1.35 ns|
    +--------+---------+----------+------------+

+ Latency: 
    * Summary: 
    +---------+---------+-----------+-----------+-----+-----+---------+
    |  Latency (cycles) |   Latency (absolute)  |  Interval | Pipeline|
    |   min   |   max   |    min    |    max    | min | max |   Type  |
    +---------+---------+-----------+-----------+-----+-----+---------+
    |        7|        7|  35.000 ns|  35.000 ns|    1|    1|      yes|
    +---------+---------+-----------+-----------+-----+-----+---------+

    + Detail: 
        * Instance: 
        N/A

        * Loop: 
        N/A

============================================================
+ Verbose Summary: Synthesis Manager
============================================================
InlineROM: 1
ExposeGlobal: 0
============================================================
+ Verbose Summary: CDFG Model
============================================================
IsTopModel: 0
ResetActiveHigh: 1
IsCombinational: 0
IsDatapathOnly: 0
HasWiredReturn: 1
HasMFsm: 2
HasVarLatency: 0
IsPipeline: 1
IsRtlPipelined: 1
IsInstanceOverlapped: 0
IsDontTouch: 0
HasImplIP: 0
IsGatedGlobalClock: 0

+ Individual pipeline summary: 
  * Pipeline-0: initiation interval (II) = 1, depth = 8


============================================================
+ Verbose Summary: Schedule
============================================================
* Number of FSM states : 8
* Pipeline : 1
  Pipeline-0 : II = 1, D = 8, States = { 1 2 3 4 5 6 7 8 }
* Dataflow Pipeline: 0

* FSM state transitions: 
1 --> 2 
2 --> 3 
3 --> 4 
4 --> 5 
5 --> 6 
6 --> 7 
7 --> 8 
8 --> 

* FSM state operations: 

State 1 <SV = 0> <Delay = 3.11>
ST_1 : Operation 9 [1/1] (0.00ns)   --->   "%x_15_val_read = read i18 @_ssdm_op_Read.ap_auto.i18, i18 %x_15_val" [firmware/BDT.h:86]   --->   Operation 9 'read' 'x_15_val_read' <Predicate = true> <Delay = 0.00>
ST_1 : Operation 10 [1/1] (0.00ns)   --->   "%x_14_val_read = read i18 @_ssdm_op_Read.ap_auto.i18, i18 %x_14_val" [firmware/BDT.h:86]   --->   Operation 10 'read' 'x_14_val_read' <Predicate = true> <Delay = 0.00>
ST_1 : Operation 11 [1/1] (0.00ns)   --->   "%x_12_val_read = read i18 @_ssdm_op_Read.ap_auto.i18, i18 %x_12_val" [firmware/BDT.h:86]   --->   Operation 11 'read' 'x_12_val_read' <Predicate = true> <Delay = 0.00>
ST_1 : Operation 12 [1/1] (0.00ns)   --->   "%x_11_val_read = read i18 @_ssdm_op_Read.ap_auto.i18, i18 %x_11_val" [firmware/BDT.h:86]   --->   Operation 12 'read' 'x_11_val_read' <Predicate = true> <Delay = 0.00>
ST_1 : Operation 13 [1/1] (0.00ns)   --->   "%x_10_val_read = read i18 @_ssdm_op_Read.ap_auto.i18, i18 %x_10_val" [firmware/BDT.h:86]   --->   Operation 13 'read' 'x_10_val_read' <Predicate = true> <Delay = 0.00>
ST_1 : Operation 14 [1/1] (0.00ns)   --->   "%x_9_val_read = read i18 @_ssdm_op_Read.ap_auto.i18, i18 %x_9_val" [firmware/BDT.h:86]   --->   Operation 14 'read' 'x_9_val_read' <Predicate = true> <Delay = 0.00>
ST_1 : Operation 15 [1/1] (0.00ns)   --->   "%x_7_val_read = read i18 @_ssdm_op_Read.ap_auto.i18, i18 %x_7_val" [firmware/BDT.h:86]   --->   Operation 15 'read' 'x_7_val_read' <Predicate = true> <Delay = 0.00>
ST_1 : Operation 16 [1/1] (0.00ns)   --->   "%x_6_val_read = read i18 @_ssdm_op_Read.ap_auto.i18, i18 %x_6_val" [firmware/BDT.h:86]   --->   Operation 16 'read' 'x_6_val_read' <Predicate = true> <Delay = 0.00>
ST_1 : Operation 17 [1/1] (0.00ns)   --->   "%x_5_val_read = read i18 @_ssdm_op_Read.ap_auto.i18, i18 %x_5_val" [firmware/BDT.h:86]   --->   Operation 17 'read' 'x_5_val_read' <Predicate = true> <Delay = 0.00>
ST_1 : Operation 18 [1/1] (0.00ns)   --->   "%x_4_val_read = read i18 @_ssdm_op_Read.ap_auto.i18, i18 %x_4_val" [firmware/BDT.h:86]   --->   Operation 18 'read' 'x_4_val_read' <Predicate = true> <Delay = 0.00>
ST_1 : Operation 19 [1/1] (0.00ns)   --->   "%x_3_val_read = read i18 @_ssdm_op_Read.ap_auto.i18, i18 %x_3_val" [firmware/BDT.h:86]   --->   Operation 19 'read' 'x_3_val_read' <Predicate = true> <Delay = 0.00>
ST_1 : Operation 20 [1/1] (0.00ns)   --->   "%x_2_val_read = read i18 @_ssdm_op_Read.ap_auto.i18, i18 %x_2_val" [firmware/BDT.h:86]   --->   Operation 20 'read' 'x_2_val_read' <Predicate = true> <Delay = 0.00>
ST_1 : Operation 21 [1/1] (0.00ns)   --->   "%x_1_val_read = read i18 @_ssdm_op_Read.ap_auto.i18, i18 %x_1_val" [firmware/BDT.h:86]   --->   Operation 21 'read' 'x_1_val_read' <Predicate = true> <Delay = 0.00>
ST_1 : Operation 22 [1/1] (2.13ns)   --->   "%icmp_ln86 = icmp_slt  i18 %x_1_val_read, i18 42" [firmware/BDT.h:86]   --->   Operation 22 'icmp' 'icmp_ln86' <Predicate = true> <Delay = 2.13> <CoreInst = "Cmp">   --->   Core 9 'Cmp' <Latency = 0> <II = 1> <Delay = 2.13> <FuncUnit> <Opcode : 'seteq' 'setne' 'setle' 'setge' 'setlt' 'setgt'> <InPorts = 2> <OutPorts = 1>
ST_1 : Operation 23 [1/1] (2.13ns)   --->   "%icmp_ln86_1369 = icmp_slt  i18 %x_4_val_read, i18 261709" [firmware/BDT.h:86]   --->   Operation 23 'icmp' 'icmp_ln86_1369' <Predicate = true> <Delay = 2.13> <CoreInst = "Cmp">   --->   Core 9 'Cmp' <Latency = 0> <II = 1> <Delay = 2.13> <FuncUnit> <Opcode : 'seteq' 'setne' 'setle' 'setge' 'setlt' 'setgt'> <InPorts = 2> <OutPorts = 1>
ST_1 : Operation 24 [1/1] (2.13ns)   --->   "%icmp_ln86_1370 = icmp_slt  i18 %x_6_val_read, i18 1801" [firmware/BDT.h:86]   --->   Operation 24 'icmp' 'icmp_ln86_1370' <Predicate = true> <Delay = 2.13> <CoreInst = "Cmp">   --->   Core 9 'Cmp' <Latency = 0> <II = 1> <Delay = 2.13> <FuncUnit> <Opcode : 'seteq' 'setne' 'setle' 'setge' 'setlt' 'setgt'> <InPorts = 2> <OutPorts = 1>
ST_1 : Operation 25 [1/1] (2.13ns)   --->   "%icmp_ln86_1371 = icmp_slt  i18 %x_14_val_read, i18 261295" [firmware/BDT.h:86]   --->   Operation 25 'icmp' 'icmp_ln86_1371' <Predicate = true> <Delay = 2.13> <CoreInst = "Cmp">   --->   Core 9 'Cmp' <Latency = 0> <II = 1> <Delay = 2.13> <FuncUnit> <Opcode : 'seteq' 'setne' 'setle' 'setge' 'setlt' 'setgt'> <InPorts = 2> <OutPorts = 1>
ST_1 : Operation 26 [1/1] (2.13ns)   --->   "%icmp_ln86_1372 = icmp_slt  i18 %x_3_val_read, i18 47" [firmware/BDT.h:86]   --->   Operation 26 'icmp' 'icmp_ln86_1372' <Predicate = true> <Delay = 2.13> <CoreInst = "Cmp">   --->   Core 9 'Cmp' <Latency = 0> <II = 1> <Delay = 2.13> <FuncUnit> <Opcode : 'seteq' 'setne' 'setle' 'setge' 'setlt' 'setgt'> <InPorts = 2> <OutPorts = 1>
ST_1 : Operation 27 [1/1] (2.13ns)   --->   "%icmp_ln86_1373 = icmp_slt  i18 %x_2_val_read, i18 261293" [firmware/BDT.h:86]   --->   Operation 27 'icmp' 'icmp_ln86_1373' <Predicate = true> <Delay = 2.13> <CoreInst = "Cmp">   --->   Core 9 'Cmp' <Latency = 0> <II = 1> <Delay = 2.13> <FuncUnit> <Opcode : 'seteq' 'setne' 'setle' 'setge' 'setlt' 'setgt'> <InPorts = 2> <OutPorts = 1>
ST_1 : Operation 28 [1/1] (2.13ns)   --->   "%icmp_ln86_1374 = icmp_slt  i18 %x_15_val_read, i18 973" [firmware/BDT.h:86]   --->   Operation 28 'icmp' 'icmp_ln86_1374' <Predicate = true> <Delay = 2.13> <CoreInst = "Cmp">   --->   Core 9 'Cmp' <Latency = 0> <II = 1> <Delay = 2.13> <FuncUnit> <Opcode : 'seteq' 'setne' 'setle' 'setge' 'setlt' 'setgt'> <InPorts = 2> <OutPorts = 1>
ST_1 : Operation 29 [1/1] (2.13ns)   --->   "%icmp_ln86_1375 = icmp_slt  i18 %x_4_val_read, i18 261332" [firmware/BDT.h:86]   --->   Operation 29 'icmp' 'icmp_ln86_1375' <Predicate = true> <Delay = 2.13> <CoreInst = "Cmp">   --->   Core 9 'Cmp' <Latency = 0> <II = 1> <Delay = 2.13> <FuncUnit> <Opcode : 'seteq' 'setne' 'setle' 'setge' 'setlt' 'setgt'> <InPorts = 2> <OutPorts = 1>
ST_1 : Operation 30 [1/1] (2.13ns)   --->   "%icmp_ln86_1376 = icmp_slt  i18 %x_3_val_read, i18 261362" [firmware/BDT.h:86]   --->   Operation 30 'icmp' 'icmp_ln86_1376' <Predicate = true> <Delay = 2.13> <CoreInst = "Cmp">   --->   Core 9 'Cmp' <Latency = 0> <II = 1> <Delay = 2.13> <FuncUnit> <Opcode : 'seteq' 'setne' 'setle' 'setge' 'setlt' 'setgt'> <InPorts = 2> <OutPorts = 1>
ST_1 : Operation 31 [1/1] (2.13ns)   --->   "%icmp_ln86_1377 = icmp_slt  i18 %x_7_val_read, i18 1180" [firmware/BDT.h:86]   --->   Operation 31 'icmp' 'icmp_ln86_1377' <Predicate = true> <Delay = 2.13> <CoreInst = "Cmp">   --->   Core 9 'Cmp' <Latency = 0> <II = 1> <Delay = 2.13> <FuncUnit> <Opcode : 'seteq' 'setne' 'setle' 'setge' 'setlt' 'setgt'> <InPorts = 2> <OutPorts = 1>
ST_1 : Operation 32 [1/1] (2.13ns)   --->   "%icmp_ln86_1378 = icmp_slt  i18 %x_14_val_read, i18 275" [firmware/BDT.h:86]   --->   Operation 32 'icmp' 'icmp_ln86_1378' <Predicate = true> <Delay = 2.13> <CoreInst = "Cmp">   --->   Core 9 'Cmp' <Latency = 0> <II = 1> <Delay = 2.13> <FuncUnit> <Opcode : 'seteq' 'setne' 'setle' 'setge' 'setlt' 'setgt'> <InPorts = 2> <OutPorts = 1>
ST_1 : Operation 33 [1/1] (2.13ns)   --->   "%icmp_ln86_1379 = icmp_slt  i18 %x_14_val_read, i18 261216" [firmware/BDT.h:86]   --->   Operation 33 'icmp' 'icmp_ln86_1379' <Predicate = true> <Delay = 2.13> <CoreInst = "Cmp">   --->   Core 9 'Cmp' <Latency = 0> <II = 1> <Delay = 2.13> <FuncUnit> <Opcode : 'seteq' 'setne' 'setle' 'setge' 'setlt' 'setgt'> <InPorts = 2> <OutPorts = 1>
ST_1 : Operation 34 [1/1] (2.13ns)   --->   "%icmp_ln86_1380 = icmp_slt  i18 %x_14_val_read, i18 261291" [firmware/BDT.h:86]   --->   Operation 34 'icmp' 'icmp_ln86_1380' <Predicate = true> <Delay = 2.13> <CoreInst = "Cmp">   --->   Core 9 'Cmp' <Latency = 0> <II = 1> <Delay = 2.13> <FuncUnit> <Opcode : 'seteq' 'setne' 'setle' 'setge' 'setlt' 'setgt'> <InPorts = 2> <OutPorts = 1>
ST_1 : Operation 35 [1/1] (2.13ns)   --->   "%icmp_ln86_1381 = icmp_slt  i18 %x_7_val_read, i18 1519" [firmware/BDT.h:86]   --->   Operation 35 'icmp' 'icmp_ln86_1381' <Predicate = true> <Delay = 2.13> <CoreInst = "Cmp">   --->   Core 9 'Cmp' <Latency = 0> <II = 1> <Delay = 2.13> <FuncUnit> <Opcode : 'seteq' 'setne' 'setle' 'setge' 'setlt' 'setgt'> <InPorts = 2> <OutPorts = 1>
ST_1 : Operation 36 [1/1] (2.13ns)   --->   "%icmp_ln86_1382 = icmp_slt  i18 %x_12_val_read, i18 702" [firmware/BDT.h:86]   --->   Operation 36 'icmp' 'icmp_ln86_1382' <Predicate = true> <Delay = 2.13> <CoreInst = "Cmp">   --->   Core 9 'Cmp' <Latency = 0> <II = 1> <Delay = 2.13> <FuncUnit> <Opcode : 'seteq' 'setne' 'setle' 'setge' 'setlt' 'setgt'> <InPorts = 2> <OutPorts = 1>
ST_1 : Operation 37 [1/1] (2.13ns)   --->   "%icmp_ln86_1383 = icmp_slt  i18 %x_14_val_read, i18 261135" [firmware/BDT.h:86]   --->   Operation 37 'icmp' 'icmp_ln86_1383' <Predicate = true> <Delay = 2.13> <CoreInst = "Cmp">   --->   Core 9 'Cmp' <Latency = 0> <II = 1> <Delay = 2.13> <FuncUnit> <Opcode : 'seteq' 'setne' 'setle' 'setge' 'setlt' 'setgt'> <InPorts = 2> <OutPorts = 1>
ST_1 : Operation 38 [1/1] (2.13ns)   --->   "%icmp_ln86_1384 = icmp_slt  i18 %x_9_val_read, i18 516" [firmware/BDT.h:86]   --->   Operation 38 'icmp' 'icmp_ln86_1384' <Predicate = true> <Delay = 2.13> <CoreInst = "Cmp">   --->   Core 9 'Cmp' <Latency = 0> <II = 1> <Delay = 2.13> <FuncUnit> <Opcode : 'seteq' 'setne' 'setle' 'setge' 'setlt' 'setgt'> <InPorts = 2> <OutPorts = 1>
ST_1 : Operation 39 [1/1] (2.13ns)   --->   "%icmp_ln86_1385 = icmp_slt  i18 %x_12_val_read, i18 60" [firmware/BDT.h:86]   --->   Operation 39 'icmp' 'icmp_ln86_1385' <Predicate = true> <Delay = 2.13> <CoreInst = "Cmp">   --->   Core 9 'Cmp' <Latency = 0> <II = 1> <Delay = 2.13> <FuncUnit> <Opcode : 'seteq' 'setne' 'setle' 'setge' 'setlt' 'setgt'> <InPorts = 2> <OutPorts = 1>
ST_1 : Operation 40 [1/1] (2.13ns)   --->   "%icmp_ln86_1386 = icmp_slt  i18 %x_5_val_read, i18 261669" [firmware/BDT.h:86]   --->   Operation 40 'icmp' 'icmp_ln86_1386' <Predicate = true> <Delay = 2.13> <CoreInst = "Cmp">   --->   Core 9 'Cmp' <Latency = 0> <II = 1> <Delay = 2.13> <FuncUnit> <Opcode : 'seteq' 'setne' 'setle' 'setge' 'setlt' 'setgt'> <InPorts = 2> <OutPorts = 1>
ST_1 : Operation 41 [1/1] (2.13ns)   --->   "%icmp_ln86_1387 = icmp_slt  i18 %x_10_val_read, i18 260676" [firmware/BDT.h:86]   --->   Operation 41 'icmp' 'icmp_ln86_1387' <Predicate = true> <Delay = 2.13> <CoreInst = "Cmp">   --->   Core 9 'Cmp' <Latency = 0> <II = 1> <Delay = 2.13> <FuncUnit> <Opcode : 'seteq' 'setne' 'setle' 'setge' 'setlt' 'setgt'> <InPorts = 2> <OutPorts = 1>
ST_1 : Operation 42 [1/1] (2.13ns)   --->   "%icmp_ln86_1388 = icmp_slt  i18 %x_14_val_read, i18 261376" [firmware/BDT.h:86]   --->   Operation 42 'icmp' 'icmp_ln86_1388' <Predicate = true> <Delay = 2.13> <CoreInst = "Cmp">   --->   Core 9 'Cmp' <Latency = 0> <II = 1> <Delay = 2.13> <FuncUnit> <Opcode : 'seteq' 'setne' 'setle' 'setge' 'setlt' 'setgt'> <InPorts = 2> <OutPorts = 1>
ST_1 : Operation 43 [1/1] (2.13ns)   --->   "%icmp_ln86_1389 = icmp_slt  i18 %x_11_val_read, i18 261716" [firmware/BDT.h:86]   --->   Operation 43 'icmp' 'icmp_ln86_1389' <Predicate = true> <Delay = 2.13> <CoreInst = "Cmp">   --->   Core 9 'Cmp' <Latency = 0> <II = 1> <Delay = 2.13> <FuncUnit> <Opcode : 'seteq' 'setne' 'setle' 'setge' 'setlt' 'setgt'> <InPorts = 2> <OutPorts = 1>
ST_1 : Operation 44 [1/1] (2.13ns)   --->   "%icmp_ln86_1390 = icmp_slt  i18 %x_3_val_read, i18 261321" [firmware/BDT.h:86]   --->   Operation 44 'icmp' 'icmp_ln86_1390' <Predicate = true> <Delay = 2.13> <CoreInst = "Cmp">   --->   Core 9 'Cmp' <Latency = 0> <II = 1> <Delay = 2.13> <FuncUnit> <Opcode : 'seteq' 'setne' 'setle' 'setge' 'setlt' 'setgt'> <InPorts = 2> <OutPorts = 1>
ST_1 : Operation 45 [1/1] (2.13ns)   --->   "%icmp_ln86_1391 = icmp_slt  i18 %x_3_val_read, i18 261336" [firmware/BDT.h:86]   --->   Operation 45 'icmp' 'icmp_ln86_1391' <Predicate = true> <Delay = 2.13> <CoreInst = "Cmp">   --->   Core 9 'Cmp' <Latency = 0> <II = 1> <Delay = 2.13> <FuncUnit> <Opcode : 'seteq' 'setne' 'setle' 'setge' 'setlt' 'setgt'> <InPorts = 2> <OutPorts = 1>
ST_1 : Operation 46 [1/1] (2.13ns)   --->   "%icmp_ln86_1392 = icmp_slt  i18 %x_3_val_read, i18 261388" [firmware/BDT.h:86]   --->   Operation 46 'icmp' 'icmp_ln86_1392' <Predicate = true> <Delay = 2.13> <CoreInst = "Cmp">   --->   Core 9 'Cmp' <Latency = 0> <II = 1> <Delay = 2.13> <FuncUnit> <Opcode : 'seteq' 'setne' 'setle' 'setge' 'setlt' 'setgt'> <InPorts = 2> <OutPorts = 1>
ST_1 : Operation 47 [1/1] (2.13ns)   --->   "%icmp_ln86_1393 = icmp_slt  i18 %x_3_val_read, i18 261361" [firmware/BDT.h:86]   --->   Operation 47 'icmp' 'icmp_ln86_1393' <Predicate = true> <Delay = 2.13> <CoreInst = "Cmp">   --->   Core 9 'Cmp' <Latency = 0> <II = 1> <Delay = 2.13> <FuncUnit> <Opcode : 'seteq' 'setne' 'setle' 'setge' 'setlt' 'setgt'> <InPorts = 2> <OutPorts = 1>
ST_1 : Operation 48 [1/1] (2.13ns)   --->   "%icmp_ln86_1394 = icmp_slt  i18 %x_15_val_read, i18 832" [firmware/BDT.h:86]   --->   Operation 48 'icmp' 'icmp_ln86_1394' <Predicate = true> <Delay = 2.13> <CoreInst = "Cmp">   --->   Core 9 'Cmp' <Latency = 0> <II = 1> <Delay = 2.13> <FuncUnit> <Opcode : 'seteq' 'setne' 'setle' 'setge' 'setlt' 'setgt'> <InPorts = 2> <OutPorts = 1>
ST_1 : Operation 49 [1/1] (2.13ns)   --->   "%icmp_ln86_1395 = icmp_slt  i18 %x_14_val_read, i18 261209" [firmware/BDT.h:86]   --->   Operation 49 'icmp' 'icmp_ln86_1395' <Predicate = true> <Delay = 2.13> <CoreInst = "Cmp">   --->   Core 9 'Cmp' <Latency = 0> <II = 1> <Delay = 2.13> <FuncUnit> <Opcode : 'seteq' 'setne' 'setle' 'setge' 'setlt' 'setgt'> <InPorts = 2> <OutPorts = 1>
ST_1 : Operation 50 [1/1] (2.13ns)   --->   "%icmp_ln86_1396 = icmp_slt  i18 %x_14_val_read, i18 262143" [firmware/BDT.h:86]   --->   Operation 50 'icmp' 'icmp_ln86_1396' <Predicate = true> <Delay = 2.13> <CoreInst = "Cmp">   --->   Core 9 'Cmp' <Latency = 0> <II = 1> <Delay = 2.13> <FuncUnit> <Opcode : 'seteq' 'setne' 'setle' 'setge' 'setlt' 'setgt'> <InPorts = 2> <OutPorts = 1>
ST_1 : Operation 51 [1/1] (2.13ns)   --->   "%icmp_ln86_1397 = icmp_slt  i18 %x_7_val_read, i18 2930" [firmware/BDT.h:86]   --->   Operation 51 'icmp' 'icmp_ln86_1397' <Predicate = true> <Delay = 2.13> <CoreInst = "Cmp">   --->   Core 9 'Cmp' <Latency = 0> <II = 1> <Delay = 2.13> <FuncUnit> <Opcode : 'seteq' 'setne' 'setle' 'setge' 'setlt' 'setgt'> <InPorts = 2> <OutPorts = 1>
ST_1 : Operation 52 [1/1] (0.97ns)   --->   "%and_ln102 = and i1 %icmp_ln86_1369, i1 %icmp_ln86" [firmware/BDT.h:102]   --->   Operation 52 'and' 'and_ln102' <Predicate = true> <Delay = 0.97> <CoreInst = "LogicGate">   --->   Core 74 'LogicGate' <Latency = 0> <II = 1> <Delay = 0.97> <FuncUnit> <Opcode : 'and' 'or' 'xor'> <InPorts = 2> <OutPorts = 1>

State 2 <SV = 1> <Delay = 2.93>
ST_2 : Operation 53 [1/1] (0.00ns) (grouped into LUT with out node and_ln104)   --->   "%xor_ln104_654 = xor i1 %icmp_ln86_1369, i1 1" [firmware/BDT.h:104]   --->   Operation 53 'xor' 'xor_ln104_654' <Predicate = (icmp_ln86)> <Delay = 0.00> <CoreInst = "LogicGate">   --->   Core 74 'LogicGate' <Latency = 0> <II = 1> <Delay = 0.97> <FuncUnit> <Opcode : 'and' 'or' 'xor'> <InPorts = 2> <OutPorts = 1>
ST_2 : Operation 54 [1/1] (0.97ns) (out node of the LUT)   --->   "%and_ln104 = and i1 %icmp_ln86, i1 %xor_ln104_654" [firmware/BDT.h:104]   --->   Operation 54 'and' 'and_ln104' <Predicate = (icmp_ln86)> <Delay = 0.97> <CoreInst = "LogicGate">   --->   Core 74 'LogicGate' <Latency = 0> <II = 1> <Delay = 0.97> <FuncUnit> <Opcode : 'and' 'or' 'xor'> <InPorts = 2> <OutPorts = 1>
ST_2 : Operation 55 [1/1] (0.97ns)   --->   "%and_ln102_1326 = and i1 %icmp_ln86_1371, i1 %and_ln102" [firmware/BDT.h:102]   --->   Operation 55 'and' 'and_ln102_1326' <Predicate = (and_ln102 & icmp_ln86)> <Delay = 0.97> <CoreInst = "LogicGate">   --->   Core 74 'LogicGate' <Latency = 0> <II = 1> <Delay = 0.97> <FuncUnit> <Opcode : 'and' 'or' 'xor'> <InPorts = 2> <OutPorts = 1>
ST_2 : Operation 56 [1/1] (0.00ns) (grouped into LUT with out node and_ln104_260)   --->   "%xor_ln104_656 = xor i1 %icmp_ln86_1371, i1 1" [firmware/BDT.h:104]   --->   Operation 56 'xor' 'xor_ln104_656' <Predicate = (and_ln102 & icmp_ln86)> <Delay = 0.00> <CoreInst = "LogicGate">   --->   Core 74 'LogicGate' <Latency = 0> <II = 1> <Delay = 0.97> <FuncUnit> <Opcode : 'and' 'or' 'xor'> <InPorts = 2> <OutPorts = 1>
ST_2 : Operation 57 [1/1] (0.97ns) (out node of the LUT)   --->   "%and_ln104_260 = and i1 %and_ln102, i1 %xor_ln104_656" [firmware/BDT.h:104]   --->   Operation 57 'and' 'and_ln104_260' <Predicate = (and_ln102 & icmp_ln86)> <Delay = 0.97> <CoreInst = "LogicGate">   --->   Core 74 'LogicGate' <Latency = 0> <II = 1> <Delay = 0.97> <FuncUnit> <Opcode : 'and' 'or' 'xor'> <InPorts = 2> <OutPorts = 1>
ST_2 : Operation 58 [1/1] (0.97ns)   --->   "%and_ln102_1330 = and i1 %icmp_ln86_1375, i1 %and_ln102_1326" [firmware/BDT.h:102]   --->   Operation 58 'and' 'and_ln102_1330' <Predicate = (and_ln102 & icmp_ln86)> <Delay = 0.97> <CoreInst = "LogicGate">   --->   Core 74 'LogicGate' <Latency = 0> <II = 1> <Delay = 0.97> <FuncUnit> <Opcode : 'and' 'or' 'xor'> <InPorts = 2> <OutPorts = 1>
ST_2 : Operation 59 [1/1] (0.00ns) (grouped into LUT with out node or_ln117)   --->   "%xor_ln104_660 = xor i1 %icmp_ln86_1375, i1 1" [firmware/BDT.h:104]   --->   Operation 59 'xor' 'xor_ln104_660' <Predicate = (and_ln102 & icmp_ln86)> <Delay = 0.00> <CoreInst = "LogicGate">   --->   Core 74 'LogicGate' <Latency = 0> <II = 1> <Delay = 0.97> <FuncUnit> <Opcode : 'and' 'or' 'xor'> <InPorts = 2> <OutPorts = 1>
ST_2 : Operation 60 [1/1] (0.97ns)   --->   "%and_ln102_1331 = and i1 %icmp_ln86_1376, i1 %and_ln104_260" [firmware/BDT.h:102]   --->   Operation 60 'and' 'and_ln102_1331' <Predicate = (and_ln102 & icmp_ln86)> <Delay = 0.97> <CoreInst = "LogicGate">   --->   Core 74 'LogicGate' <Latency = 0> <II = 1> <Delay = 0.97> <FuncUnit> <Opcode : 'and' 'or' 'xor'> <InPorts = 2> <OutPorts = 1>
ST_2 : Operation 61 [1/1] (0.00ns) (grouped into LUT with out node or_ln117)   --->   "%and_ln102_1354 = and i1 %icmp_ln86_1384, i1 %xor_ln104_660" [firmware/BDT.h:102]   --->   Operation 61 'and' 'and_ln102_1354' <Predicate = (and_ln102 & icmp_ln86)> <Delay = 0.00> <CoreInst = "LogicGate">   --->   Core 74 'LogicGate' <Latency = 0> <II = 1> <Delay = 0.97> <FuncUnit> <Opcode : 'and' 'or' 'xor'> <InPorts = 2> <OutPorts = 1>
ST_2 : Operation 62 [1/1] (0.00ns) (grouped into LUT with out node or_ln117)   --->   "%and_ln102_1339 = and i1 %and_ln102_1354, i1 %and_ln102_1326" [firmware/BDT.h:102]   --->   Operation 62 'and' 'and_ln102_1339' <Predicate = (and_ln102 & icmp_ln86)> <Delay = 0.00> <CoreInst = "LogicGate">   --->   Core 74 'LogicGate' <Latency = 0> <II = 1> <Delay = 0.97> <FuncUnit> <Opcode : 'and' 'or' 'xor'> <InPorts = 2> <OutPorts = 1>
ST_2 : Operation 63 [1/1] (0.97ns) (out node of the LUT)   --->   "%or_ln117 = or i1 %and_ln102_1330, i1 %and_ln102_1339" [firmware/BDT.h:117]   --->   Operation 63 'or' 'or_ln117' <Predicate = (and_ln102 & icmp_ln86)> <Delay = 0.97> <CoreInst = "LogicGate">   --->   Core 74 'LogicGate' <Latency = 0> <II = 1> <Delay = 0.97> <FuncUnit> <Opcode : 'and' 'or' 'xor'> <InPorts = 2> <OutPorts = 1>

State 3 <SV = 2> <Delay = 2.99>
ST_3 : Operation 64 [1/1] (0.97ns)   --->   "%xor_ln104 = xor i1 %icmp_ln86, i1 1" [firmware/BDT.h:104]   --->   Operation 64 'xor' 'xor_ln104' <Predicate = true> <Delay = 0.97> <CoreInst = "LogicGate">   --->   Core 74 'LogicGate' <Latency = 0> <II = 1> <Delay = 0.97> <FuncUnit> <Opcode : 'and' 'or' 'xor'> <InPorts = 2> <OutPorts = 1>
ST_3 : Operation 65 [1/1] (0.97ns)   --->   "%and_ln102_1327 = and i1 %icmp_ln86_1372, i1 %and_ln104" [firmware/BDT.h:102]   --->   Operation 65 'and' 'and_ln102_1327' <Predicate = (icmp_ln86)> <Delay = 0.97> <CoreInst = "LogicGate">   --->   Core 74 'LogicGate' <Latency = 0> <II = 1> <Delay = 0.97> <FuncUnit> <Opcode : 'and' 'or' 'xor'> <InPorts = 2> <OutPorts = 1>
ST_3 : Operation 66 [1/1] (0.00ns) (grouped into LUT with out node and_ln104_261)   --->   "%xor_ln104_657 = xor i1 %icmp_ln86_1372, i1 1" [firmware/BDT.h:104]   --->   Operation 66 'xor' 'xor_ln104_657' <Predicate = (icmp_ln86)> <Delay = 0.00> <CoreInst = "LogicGate">   --->   Core 74 'LogicGate' <Latency = 0> <II = 1> <Delay = 0.97> <FuncUnit> <Opcode : 'and' 'or' 'xor'> <InPorts = 2> <OutPorts = 1>
ST_3 : Operation 67 [1/1] (0.97ns) (out node of the LUT)   --->   "%and_ln104_261 = and i1 %and_ln104, i1 %xor_ln104_657" [firmware/BDT.h:104]   --->   Operation 67 'and' 'and_ln104_261' <Predicate = (icmp_ln86)> <Delay = 0.97> <CoreInst = "LogicGate">   --->   Core 74 'LogicGate' <Latency = 0> <II = 1> <Delay = 0.97> <FuncUnit> <Opcode : 'and' 'or' 'xor'> <InPorts = 2> <OutPorts = 1>
ST_3 : Operation 68 [1/1] (0.00ns) (grouped into LUT with out node select_ln117_1334)   --->   "%xor_ln104_661 = xor i1 %icmp_ln86_1376, i1 1" [firmware/BDT.h:104]   --->   Operation 68 'xor' 'xor_ln104_661' <Predicate = (and_ln102 & icmp_ln86)> <Delay = 0.00> <CoreInst = "LogicGate">   --->   Core 74 'LogicGate' <Latency = 0> <II = 1> <Delay = 0.97> <FuncUnit> <Opcode : 'and' 'or' 'xor'> <InPorts = 2> <OutPorts = 1>
ST_3 : Operation 69 [1/1] (0.97ns)   --->   "%and_ln102_1332 = and i1 %icmp_ln86_1377, i1 %and_ln102_1327" [firmware/BDT.h:102]   --->   Operation 69 'and' 'and_ln102_1332' <Predicate = (icmp_ln86)> <Delay = 0.97> <CoreInst = "LogicGate">   --->   Core 74 'LogicGate' <Latency = 0> <II = 1> <Delay = 0.97> <FuncUnit> <Opcode : 'and' 'or' 'xor'> <InPorts = 2> <OutPorts = 1>
ST_3 : Operation 70 [1/1] (0.00ns) (grouped into LUT with out node select_ln117_1330)   --->   "%and_ln102_1338 = and i1 %icmp_ln86_1383, i1 %and_ln102_1330" [firmware/BDT.h:102]   --->   Operation 70 'and' 'and_ln102_1338' <Predicate = (and_ln102_1330 & and_ln102_1326 & and_ln102 & icmp_ln86 & or_ln117)> <Delay = 0.00> <CoreInst = "LogicGate">   --->   Core 74 'LogicGate' <Latency = 0> <II = 1> <Delay = 0.97> <FuncUnit> <Opcode : 'and' 'or' 'xor'> <InPorts = 2> <OutPorts = 1>
ST_3 : Operation 71 [1/1] (0.00ns) (grouped into LUT with out node select_ln117_1332)   --->   "%and_ln102_1340 = and i1 %icmp_ln86_1385, i1 %and_ln102_1331" [firmware/BDT.h:102]   --->   Operation 71 'and' 'and_ln102_1340' <Predicate = (and_ln102 & icmp_ln86)> <Delay = 0.00> <CoreInst = "LogicGate">   --->   Core 74 'LogicGate' <Latency = 0> <II = 1> <Delay = 0.97> <FuncUnit> <Opcode : 'and' 'or' 'xor'> <InPorts = 2> <OutPorts = 1>
ST_3 : Operation 72 [1/1] (0.00ns) (grouped into LUT with out node select_ln117_1334)   --->   "%and_ln102_1355 = and i1 %icmp_ln86_1386, i1 %xor_ln104_661" [firmware/BDT.h:102]   --->   Operation 72 'and' 'and_ln102_1355' <Predicate = (and_ln102 & icmp_ln86)> <Delay = 0.00> <CoreInst = "LogicGate">   --->   Core 74 'LogicGate' <Latency = 0> <II = 1> <Delay = 0.97> <FuncUnit> <Opcode : 'and' 'or' 'xor'> <InPorts = 2> <OutPorts = 1>
ST_3 : Operation 73 [1/1] (0.00ns) (grouped into LUT with out node select_ln117_1334)   --->   "%and_ln102_1341 = and i1 %and_ln102_1355, i1 %and_ln104_260" [firmware/BDT.h:102]   --->   Operation 73 'and' 'and_ln102_1341' <Predicate = (and_ln102 & icmp_ln86)> <Delay = 0.00> <CoreInst = "LogicGate">   --->   Core 74 'LogicGate' <Latency = 0> <II = 1> <Delay = 0.97> <FuncUnit> <Opcode : 'and' 'or' 'xor'> <InPorts = 2> <OutPorts = 1>
ST_3 : Operation 74 [1/1] (0.00ns) (grouped into LUT with out node select_ln117_1330)   --->   "%xor_ln117 = xor i1 %and_ln102_1338, i1 1" [firmware/BDT.h:117]   --->   Operation 74 'xor' 'xor_ln117' <Predicate = (and_ln102_1330 & and_ln102_1326 & and_ln102 & icmp_ln86 & or_ln117)> <Delay = 0.00> <CoreInst = "LogicGate">   --->   Core 74 'LogicGate' <Latency = 0> <II = 1> <Delay = 0.97> <FuncUnit> <Opcode : 'and' 'or' 'xor'> <InPorts = 2> <OutPorts = 1>
ST_3 : Operation 75 [1/1] (0.00ns) (grouped into LUT with out node select_ln117_1330)   --->   "%zext_ln117 = zext i1 %xor_ln117" [firmware/BDT.h:117]   --->   Operation 75 'zext' 'zext_ln117' <Predicate = (and_ln102_1330 & and_ln102_1326 & and_ln102 & icmp_ln86 & or_ln117)> <Delay = 0.00>
ST_3 : Operation 76 [1/1] (0.00ns) (grouped into LUT with out node select_ln117_1330)   --->   "%select_ln117 = select i1 %and_ln102_1330, i2 %zext_ln117, i2 2" [firmware/BDT.h:117]   --->   Operation 76 'select' 'select_ln117' <Predicate = (and_ln102_1326 & and_ln102 & icmp_ln86 & or_ln117)> <Delay = 0.00> <CoreInst = "Sel">   --->   Core 73 'Sel' <Latency = 0> <II = 1> <Delay = 0.99> <FuncUnit> <Opcode : 'select'> <InPorts = 3> <OutPorts = 1>
ST_3 : Operation 77 [1/1] (0.00ns) (grouped into LUT with out node select_ln117_1330)   --->   "%select_ln117_1329 = select i1 %or_ln117, i2 %select_ln117, i2 3" [firmware/BDT.h:117]   --->   Operation 77 'select' 'select_ln117_1329' <Predicate = (and_ln102_1326 & and_ln102 & icmp_ln86)> <Delay = 0.00> <CoreInst = "Sel">   --->   Core 73 'Sel' <Latency = 0> <II = 1> <Delay = 0.99> <FuncUnit> <Opcode : 'select'> <InPorts = 3> <OutPorts = 1>
ST_3 : Operation 78 [1/1] (0.00ns) (grouped into LUT with out node select_ln117_1330)   --->   "%zext_ln117_145 = zext i2 %select_ln117_1329" [firmware/BDT.h:117]   --->   Operation 78 'zext' 'zext_ln117_145' <Predicate = (and_ln102_1326 & and_ln102 & icmp_ln86)> <Delay = 0.00>
ST_3 : Operation 79 [1/1] (0.00ns) (grouped into LUT with out node select_ln117_1332)   --->   "%or_ln117_1230 = or i1 %and_ln102_1326, i1 %and_ln102_1340" [firmware/BDT.h:117]   --->   Operation 79 'or' 'or_ln117_1230' <Predicate = (and_ln102 & icmp_ln86)> <Delay = 0.00> <CoreInst = "LogicGate">   --->   Core 74 'LogicGate' <Latency = 0> <II = 1> <Delay = 0.97> <FuncUnit> <Opcode : 'and' 'or' 'xor'> <InPorts = 2> <OutPorts = 1>
ST_3 : Operation 80 [1/1] (0.99ns) (out node of the LUT)   --->   "%select_ln117_1330 = select i1 %and_ln102_1326, i3 %zext_ln117_145, i3 4" [firmware/BDT.h:117]   --->   Operation 80 'select' 'select_ln117_1330' <Predicate = (and_ln102 & icmp_ln86)> <Delay = 0.99> <CoreInst = "Sel">   --->   Core 73 'Sel' <Latency = 0> <II = 1> <Delay = 0.98> <FuncUnit> <Opcode : 'select'> <InPorts = 3> <OutPorts = 1>
ST_3 : Operation 81 [1/1] (0.97ns)   --->   "%or_ln117_1231 = or i1 %and_ln102_1326, i1 %and_ln102_1331" [firmware/BDT.h:117]   --->   Operation 81 'or' 'or_ln117_1231' <Predicate = (and_ln102 & icmp_ln86)> <Delay = 0.97> <CoreInst = "LogicGate">   --->   Core 74 'LogicGate' <Latency = 0> <II = 1> <Delay = 0.97> <FuncUnit> <Opcode : 'and' 'or' 'xor'> <InPorts = 2> <OutPorts = 1>
ST_3 : Operation 82 [1/1] (0.00ns) (grouped into LUT with out node select_ln117_1332)   --->   "%select_ln117_1331 = select i1 %or_ln117_1230, i3 %select_ln117_1330, i3 5" [firmware/BDT.h:117]   --->   Operation 82 'select' 'select_ln117_1331' <Predicate = (and_ln102 & icmp_ln86)> <Delay = 0.00> <CoreInst = "Sel">   --->   Core 73 'Sel' <Latency = 0> <II = 1> <Delay = 0.98> <FuncUnit> <Opcode : 'select'> <InPorts = 3> <OutPorts = 1>
ST_3 : Operation 83 [1/1] (0.00ns) (grouped into LUT with out node select_ln117_1334)   --->   "%or_ln117_1232 = or i1 %or_ln117_1231, i1 %and_ln102_1341" [firmware/BDT.h:117]   --->   Operation 83 'or' 'or_ln117_1232' <Predicate = (and_ln102 & icmp_ln86)> <Delay = 0.00> <CoreInst = "LogicGate">   --->   Core 74 'LogicGate' <Latency = 0> <II = 1> <Delay = 0.97> <FuncUnit> <Opcode : 'and' 'or' 'xor'> <InPorts = 2> <OutPorts = 1>
ST_3 : Operation 84 [1/1] (0.98ns) (out node of the LUT)   --->   "%select_ln117_1332 = select i1 %or_ln117_1231, i3 %select_ln117_1331, i3 6" [firmware/BDT.h:117]   --->   Operation 84 'select' 'select_ln117_1332' <Predicate = (and_ln102 & icmp_ln86)> <Delay = 0.98> <CoreInst = "Sel">   --->   Core 73 'Sel' <Latency = 0> <II = 1> <Delay = 0.98> <FuncUnit> <Opcode : 'select'> <InPorts = 3> <OutPorts = 1>
ST_3 : Operation 85 [1/1] (0.00ns) (grouped into LUT with out node select_ln117_1334)   --->   "%select_ln117_1333 = select i1 %or_ln117_1232, i3 %select_ln117_1332, i3 7" [firmware/BDT.h:117]   --->   Operation 85 'select' 'select_ln117_1333' <Predicate = (and_ln102 & icmp_ln86)> <Delay = 0.00> <CoreInst = "Sel">   --->   Core 73 'Sel' <Latency = 0> <II = 1> <Delay = 0.98> <FuncUnit> <Opcode : 'select'> <InPorts = 3> <OutPorts = 1>
ST_3 : Operation 86 [1/1] (0.00ns) (grouped into LUT with out node select_ln117_1334)   --->   "%zext_ln117_146 = zext i3 %select_ln117_1333" [firmware/BDT.h:117]   --->   Operation 86 'zext' 'zext_ln117_146' <Predicate = (and_ln102 & icmp_ln86)> <Delay = 0.00>
ST_3 : Operation 87 [1/1] (1.02ns) (out node of the LUT)   --->   "%select_ln117_1334 = select i1 %and_ln102, i4 %zext_ln117_146, i4 8" [firmware/BDT.h:117]   --->   Operation 87 'select' 'select_ln117_1334' <Predicate = (icmp_ln86)> <Delay = 1.02> <CoreInst = "Sel">   --->   Core 73 'Sel' <Latency = 0> <II = 1> <Delay = 1.02> <FuncUnit> <Opcode : 'select'> <InPorts = 3> <OutPorts = 1>
ST_3 : Operation 88 [1/1] (0.97ns)   --->   "%or_ln117_1234 = or i1 %and_ln102, i1 %and_ln102_1332" [firmware/BDT.h:117]   --->   Operation 88 'or' 'or_ln117_1234' <Predicate = (icmp_ln86)> <Delay = 0.97> <CoreInst = "LogicGate">   --->   Core 74 'LogicGate' <Latency = 0> <II = 1> <Delay = 0.97> <FuncUnit> <Opcode : 'and' 'or' 'xor'> <InPorts = 2> <OutPorts = 1>

State 4 <SV = 3> <Delay = 3.07>
ST_4 : Operation 89 [1/1] (0.97ns)   --->   "%and_ln102_1325 = and i1 %icmp_ln86_1370, i1 %xor_ln104" [firmware/BDT.h:102]   --->   Operation 89 'and' 'and_ln102_1325' <Predicate = true> <Delay = 0.97> <CoreInst = "LogicGate">   --->   Core 74 'LogicGate' <Latency = 0> <II = 1> <Delay = 0.97> <FuncUnit> <Opcode : 'and' 'or' 'xor'> <InPorts = 2> <OutPorts = 1>
ST_4 : Operation 90 [1/1] (0.00ns) (grouped into LUT with out node and_ln104_259)   --->   "%xor_ln104_655 = xor i1 %icmp_ln86_1370, i1 1" [firmware/BDT.h:104]   --->   Operation 90 'xor' 'xor_ln104_655' <Predicate = true> <Delay = 0.00> <CoreInst = "LogicGate">   --->   Core 74 'LogicGate' <Latency = 0> <II = 1> <Delay = 0.97> <FuncUnit> <Opcode : 'and' 'or' 'xor'> <InPorts = 2> <OutPorts = 1>
ST_4 : Operation 91 [1/1] (0.97ns) (out node of the LUT)   --->   "%and_ln104_259 = and i1 %xor_ln104_655, i1 %xor_ln104" [firmware/BDT.h:104]   --->   Operation 91 'and' 'and_ln104_259' <Predicate = true> <Delay = 0.97> <CoreInst = "LogicGate">   --->   Core 74 'LogicGate' <Latency = 0> <II = 1> <Delay = 0.97> <FuncUnit> <Opcode : 'and' 'or' 'xor'> <InPorts = 2> <OutPorts = 1>
ST_4 : Operation 92 [1/1] (0.97ns)   --->   "%and_ln102_1328 = and i1 %icmp_ln86_1373, i1 %and_ln102_1325" [firmware/BDT.h:102]   --->   Operation 92 'and' 'and_ln102_1328' <Predicate = true> <Delay = 0.97> <CoreInst = "LogicGate">   --->   Core 74 'LogicGate' <Latency = 0> <II = 1> <Delay = 0.97> <FuncUnit> <Opcode : 'and' 'or' 'xor'> <InPorts = 2> <OutPorts = 1>
ST_4 : Operation 93 [1/1] (0.00ns) (grouped into LUT with out node select_ln117_1338)   --->   "%xor_ln104_662 = xor i1 %icmp_ln86_1377, i1 1" [firmware/BDT.h:104]   --->   Operation 93 'xor' 'xor_ln104_662' <Predicate = (icmp_ln86)> <Delay = 0.00> <CoreInst = "LogicGate">   --->   Core 74 'LogicGate' <Latency = 0> <II = 1> <Delay = 0.97> <FuncUnit> <Opcode : 'and' 'or' 'xor'> <InPorts = 2> <OutPorts = 1>
ST_4 : Operation 94 [1/1] (0.97ns)   --->   "%and_ln102_1333 = and i1 %icmp_ln86_1378, i1 %and_ln104_261" [firmware/BDT.h:102]   --->   Operation 94 'and' 'and_ln102_1333' <Predicate = (icmp_ln86)> <Delay = 0.97> <CoreInst = "LogicGate">   --->   Core 74 'LogicGate' <Latency = 0> <II = 1> <Delay = 0.97> <FuncUnit> <Opcode : 'and' 'or' 'xor'> <InPorts = 2> <OutPorts = 1>
ST_4 : Operation 95 [1/1] (0.97ns)   --->   "%and_ln102_1334 = and i1 %icmp_ln86_1379, i1 %and_ln102_1328" [firmware/BDT.h:102]   --->   Operation 95 'and' 'and_ln102_1334' <Predicate = true> <Delay = 0.97> <CoreInst = "LogicGate">   --->   Core 74 'LogicGate' <Latency = 0> <II = 1> <Delay = 0.97> <FuncUnit> <Opcode : 'and' 'or' 'xor'> <InPorts = 2> <OutPorts = 1>
ST_4 : Operation 96 [1/1] (0.00ns) (grouped into LUT with out node select_ln117_1336)   --->   "%and_ln102_1342 = and i1 %icmp_ln86_1387, i1 %and_ln102_1332" [firmware/BDT.h:102]   --->   Operation 96 'and' 'and_ln102_1342' <Predicate = (icmp_ln86 & or_ln117_1234)> <Delay = 0.00> <CoreInst = "LogicGate">   --->   Core 74 'LogicGate' <Latency = 0> <II = 1> <Delay = 0.97> <FuncUnit> <Opcode : 'and' 'or' 'xor'> <InPorts = 2> <OutPorts = 1>
ST_4 : Operation 97 [1/1] (0.00ns) (grouped into LUT with out node select_ln117_1338)   --->   "%and_ln102_1356 = and i1 %icmp_ln86_1388, i1 %xor_ln104_662" [firmware/BDT.h:102]   --->   Operation 97 'and' 'and_ln102_1356' <Predicate = (icmp_ln86)> <Delay = 0.00> <CoreInst = "LogicGate">   --->   Core 74 'LogicGate' <Latency = 0> <II = 1> <Delay = 0.97> <FuncUnit> <Opcode : 'and' 'or' 'xor'> <InPorts = 2> <OutPorts = 1>
ST_4 : Operation 98 [1/1] (0.00ns) (grouped into LUT with out node select_ln117_1338)   --->   "%and_ln102_1343 = and i1 %and_ln102_1356, i1 %and_ln102_1327" [firmware/BDT.h:102]   --->   Operation 98 'and' 'and_ln102_1343' <Predicate = (icmp_ln86)> <Delay = 0.00> <CoreInst = "LogicGate">   --->   Core 74 'LogicGate' <Latency = 0> <II = 1> <Delay = 0.97> <FuncUnit> <Opcode : 'and' 'or' 'xor'> <InPorts = 2> <OutPorts = 1>
ST_4 : Operation 99 [1/1] (0.00ns) (grouped into LUT with out node select_ln117_1340)   --->   "%and_ln102_1344 = and i1 %icmp_ln86_1389, i1 %and_ln102_1333" [firmware/BDT.h:102]   --->   Operation 99 'and' 'and_ln102_1344' <Predicate = (icmp_ln86)> <Delay = 0.00> <CoreInst = "LogicGate">   --->   Core 74 'LogicGate' <Latency = 0> <II = 1> <Delay = 0.97> <FuncUnit> <Opcode : 'and' 'or' 'xor'> <InPorts = 2> <OutPorts = 1>
ST_4 : Operation 100 [1/1] (0.00ns) (grouped into LUT with out node select_ln117_1336)   --->   "%or_ln117_1233 = or i1 %and_ln102, i1 %and_ln102_1342" [firmware/BDT.h:117]   --->   Operation 100 'or' 'or_ln117_1233' <Predicate = (icmp_ln86 & or_ln117_1234)> <Delay = 0.00> <CoreInst = "LogicGate">   --->   Core 74 'LogicGate' <Latency = 0> <II = 1> <Delay = 0.97> <FuncUnit> <Opcode : 'and' 'or' 'xor'> <InPorts = 2> <OutPorts = 1>
ST_4 : Operation 101 [1/1] (0.00ns) (grouped into LUT with out node select_ln117_1336)   --->   "%select_ln117_1335 = select i1 %or_ln117_1233, i4 %select_ln117_1334, i4 9" [firmware/BDT.h:117]   --->   Operation 101 'select' 'select_ln117_1335' <Predicate = (icmp_ln86 & or_ln117_1234)> <Delay = 0.00> <CoreInst = "Sel">   --->   Core 73 'Sel' <Latency = 0> <II = 1> <Delay = 1.02> <FuncUnit> <Opcode : 'select'> <InPorts = 3> <OutPorts = 1>
ST_4 : Operation 102 [1/1] (0.00ns) (grouped into LUT with out node select_ln117_1338)   --->   "%or_ln117_1235 = or i1 %or_ln117_1234, i1 %and_ln102_1343" [firmware/BDT.h:117]   --->   Operation 102 'or' 'or_ln117_1235' <Predicate = (icmp_ln86)> <Delay = 0.00> <CoreInst = "LogicGate">   --->   Core 74 'LogicGate' <Latency = 0> <II = 1> <Delay = 0.97> <FuncUnit> <Opcode : 'and' 'or' 'xor'> <InPorts = 2> <OutPorts = 1>
ST_4 : Operation 103 [1/1] (1.02ns) (out node of the LUT)   --->   "%select_ln117_1336 = select i1 %or_ln117_1234, i4 %select_ln117_1335, i4 10" [firmware/BDT.h:117]   --->   Operation 103 'select' 'select_ln117_1336' <Predicate = (icmp_ln86)> <Delay = 1.02> <CoreInst = "Sel">   --->   Core 73 'Sel' <Latency = 0> <II = 1> <Delay = 1.02> <FuncUnit> <Opcode : 'select'> <InPorts = 3> <OutPorts = 1>
ST_4 : Operation 104 [1/1] (0.97ns)   --->   "%or_ln117_1236 = or i1 %and_ln102, i1 %and_ln102_1327" [firmware/BDT.h:117]   --->   Operation 104 'or' 'or_ln117_1236' <Predicate = (icmp_ln86)> <Delay = 0.97> <CoreInst = "LogicGate">   --->   Core 74 'LogicGate' <Latency = 0> <II = 1> <Delay = 0.97> <FuncUnit> <Opcode : 'and' 'or' 'xor'> <InPorts = 2> <OutPorts = 1>
ST_4 : Operation 105 [1/1] (0.00ns) (grouped into LUT with out node select_ln117_1338)   --->   "%select_ln117_1337 = select i1 %or_ln117_1235, i4 %select_ln117_1336, i4 11" [firmware/BDT.h:117]   --->   Operation 105 'select' 'select_ln117_1337' <Predicate = (icmp_ln86)> <Delay = 0.00> <CoreInst = "Sel">   --->   Core 73 'Sel' <Latency = 0> <II = 1> <Delay = 1.02> <FuncUnit> <Opcode : 'select'> <InPorts = 3> <OutPorts = 1>
ST_4 : Operation 106 [1/1] (0.00ns) (grouped into LUT with out node select_ln117_1340)   --->   "%or_ln117_1237 = or i1 %or_ln117_1236, i1 %and_ln102_1344" [firmware/BDT.h:117]   --->   Operation 106 'or' 'or_ln117_1237' <Predicate = (icmp_ln86)> <Delay = 0.00> <CoreInst = "LogicGate">   --->   Core 74 'LogicGate' <Latency = 0> <II = 1> <Delay = 0.97> <FuncUnit> <Opcode : 'and' 'or' 'xor'> <InPorts = 2> <OutPorts = 1>
ST_4 : Operation 107 [1/1] (1.02ns) (out node of the LUT)   --->   "%select_ln117_1338 = select i1 %or_ln117_1236, i4 %select_ln117_1337, i4 12" [firmware/BDT.h:117]   --->   Operation 107 'select' 'select_ln117_1338' <Predicate = (icmp_ln86)> <Delay = 1.02> <CoreInst = "Sel">   --->   Core 73 'Sel' <Latency = 0> <II = 1> <Delay = 1.02> <FuncUnit> <Opcode : 'select'> <InPorts = 3> <OutPorts = 1>
ST_4 : Operation 108 [1/1] (0.97ns)   --->   "%or_ln117_1238 = or i1 %or_ln117_1236, i1 %and_ln102_1333" [firmware/BDT.h:117]   --->   Operation 108 'or' 'or_ln117_1238' <Predicate = (icmp_ln86)> <Delay = 0.97> <CoreInst = "LogicGate">   --->   Core 74 'LogicGate' <Latency = 0> <II = 1> <Delay = 0.97> <FuncUnit> <Opcode : 'and' 'or' 'xor'> <InPorts = 2> <OutPorts = 1>
ST_4 : Operation 109 [1/1] (0.00ns) (grouped into LUT with out node select_ln117_1340)   --->   "%select_ln117_1339 = select i1 %or_ln117_1237, i4 %select_ln117_1338, i4 13" [firmware/BDT.h:117]   --->   Operation 109 'select' 'select_ln117_1339' <Predicate = (icmp_ln86)> <Delay = 0.00> <CoreInst = "Sel">   --->   Core 73 'Sel' <Latency = 0> <II = 1> <Delay = 1.02> <FuncUnit> <Opcode : 'select'> <InPorts = 3> <OutPorts = 1>
ST_4 : Operation 110 [1/1] (1.02ns) (out node of the LUT)   --->   "%select_ln117_1340 = select i1 %or_ln117_1238, i4 %select_ln117_1339, i4 14" [firmware/BDT.h:117]   --->   Operation 110 'select' 'select_ln117_1340' <Predicate = (icmp_ln86)> <Delay = 1.02> <CoreInst = "Sel">   --->   Core 73 'Sel' <Latency = 0> <II = 1> <Delay = 1.02> <FuncUnit> <Opcode : 'select'> <InPorts = 3> <OutPorts = 1>

State 5 <SV = 4> <Delay = 3.64>
ST_5 : Operation 111 [1/1] (0.00ns) (grouped into LUT with out node and_ln104_262)   --->   "%xor_ln104_658 = xor i1 %icmp_ln86_1373, i1 1" [firmware/BDT.h:104]   --->   Operation 111 'xor' 'xor_ln104_658' <Predicate = true> <Delay = 0.00> <CoreInst = "LogicGate">   --->   Core 74 'LogicGate' <Latency = 0> <II = 1> <Delay = 0.97> <FuncUnit> <Opcode : 'and' 'or' 'xor'> <InPorts = 2> <OutPorts = 1>
ST_5 : Operation 112 [1/1] (0.97ns) (out node of the LUT)   --->   "%and_ln104_262 = and i1 %and_ln102_1325, i1 %xor_ln104_658" [firmware/BDT.h:104]   --->   Operation 112 'and' 'and_ln104_262' <Predicate = true> <Delay = 0.97> <CoreInst = "LogicGate">   --->   Core 74 'LogicGate' <Latency = 0> <II = 1> <Delay = 0.97> <FuncUnit> <Opcode : 'and' 'or' 'xor'> <InPorts = 2> <OutPorts = 1>
ST_5 : Operation 113 [1/1] (0.97ns)   --->   "%and_ln102_1329 = and i1 %icmp_ln86_1374, i1 %and_ln104_259" [firmware/BDT.h:102]   --->   Operation 113 'and' 'and_ln102_1329' <Predicate = true> <Delay = 0.97> <CoreInst = "LogicGate">   --->   Core 74 'LogicGate' <Latency = 0> <II = 1> <Delay = 0.97> <FuncUnit> <Opcode : 'and' 'or' 'xor'> <InPorts = 2> <OutPorts = 1>
ST_5 : Operation 114 [1/1] (0.00ns) (grouped into LUT with out node and_ln104_263)   --->   "%xor_ln104_659 = xor i1 %icmp_ln86_1374, i1 1" [firmware/BDT.h:104]   --->   Operation 114 'xor' 'xor_ln104_659' <Predicate = true> <Delay = 0.00> <CoreInst = "LogicGate">   --->   Core 74 'LogicGate' <Latency = 0> <II = 1> <Delay = 0.97> <FuncUnit> <Opcode : 'and' 'or' 'xor'> <InPorts = 2> <OutPorts = 1>
ST_5 : Operation 115 [1/1] (0.97ns) (out node of the LUT)   --->   "%and_ln104_263 = and i1 %and_ln104_259, i1 %xor_ln104_659" [firmware/BDT.h:104]   --->   Operation 115 'and' 'and_ln104_263' <Predicate = true> <Delay = 0.97> <CoreInst = "LogicGate">   --->   Core 74 'LogicGate' <Latency = 0> <II = 1> <Delay = 0.97> <FuncUnit> <Opcode : 'and' 'or' 'xor'> <InPorts = 2> <OutPorts = 1>
ST_5 : Operation 116 [1/1] (0.00ns) (grouped into LUT with out node select_ln117_1342)   --->   "%xor_ln104_663 = xor i1 %icmp_ln86_1378, i1 1" [firmware/BDT.h:104]   --->   Operation 116 'xor' 'xor_ln104_663' <Predicate = (icmp_ln86)> <Delay = 0.00> <CoreInst = "LogicGate">   --->   Core 74 'LogicGate' <Latency = 0> <II = 1> <Delay = 0.97> <FuncUnit> <Opcode : 'and' 'or' 'xor'> <InPorts = 2> <OutPorts = 1>
ST_5 : Operation 117 [1/1] (0.00ns) (grouped into LUT with out node select_ln117_1346)   --->   "%xor_ln104_664 = xor i1 %icmp_ln86_1379, i1 1" [firmware/BDT.h:104]   --->   Operation 117 'xor' 'xor_ln104_664' <Predicate = true> <Delay = 0.00> <CoreInst = "LogicGate">   --->   Core 74 'LogicGate' <Latency = 0> <II = 1> <Delay = 0.97> <FuncUnit> <Opcode : 'and' 'or' 'xor'> <InPorts = 2> <OutPorts = 1>
ST_5 : Operation 118 [1/1] (0.97ns)   --->   "%and_ln102_1335 = and i1 %icmp_ln86_1380, i1 %and_ln104_262" [firmware/BDT.h:102]   --->   Operation 118 'and' 'and_ln102_1335' <Predicate = true> <Delay = 0.97> <CoreInst = "LogicGate">   --->   Core 74 'LogicGate' <Latency = 0> <II = 1> <Delay = 0.97> <FuncUnit> <Opcode : 'and' 'or' 'xor'> <InPorts = 2> <OutPorts = 1>
ST_5 : Operation 119 [1/1] (0.00ns) (grouped into LUT with out node select_ln117_1342)   --->   "%and_ln102_1357 = and i1 %icmp_ln86_1374, i1 %xor_ln104_663" [firmware/BDT.h:102]   --->   Operation 119 'and' 'and_ln102_1357' <Predicate = (icmp_ln86)> <Delay = 0.00> <CoreInst = "LogicGate">   --->   Core 74 'LogicGate' <Latency = 0> <II = 1> <Delay = 0.97> <FuncUnit> <Opcode : 'and' 'or' 'xor'> <InPorts = 2> <OutPorts = 1>
ST_5 : Operation 120 [1/1] (0.00ns) (grouped into LUT with out node select_ln117_1342)   --->   "%and_ln102_1345 = and i1 %and_ln102_1357, i1 %and_ln104_261" [firmware/BDT.h:102]   --->   Operation 120 'and' 'and_ln102_1345' <Predicate = (icmp_ln86)> <Delay = 0.00> <CoreInst = "LogicGate">   --->   Core 74 'LogicGate' <Latency = 0> <II = 1> <Delay = 0.97> <FuncUnit> <Opcode : 'and' 'or' 'xor'> <InPorts = 2> <OutPorts = 1>
ST_5 : Operation 121 [1/1] (0.00ns) (grouped into LUT with out node select_ln117_1344)   --->   "%and_ln102_1346 = and i1 %icmp_ln86_1390, i1 %and_ln102_1334" [firmware/BDT.h:102]   --->   Operation 121 'and' 'and_ln102_1346' <Predicate = true> <Delay = 0.00> <CoreInst = "LogicGate">   --->   Core 74 'LogicGate' <Latency = 0> <II = 1> <Delay = 0.97> <FuncUnit> <Opcode : 'and' 'or' 'xor'> <InPorts = 2> <OutPorts = 1>
ST_5 : Operation 122 [1/1] (0.00ns) (grouped into LUT with out node select_ln117_1346)   --->   "%and_ln102_1358 = and i1 %icmp_ln86_1391, i1 %xor_ln104_664" [firmware/BDT.h:102]   --->   Operation 122 'and' 'and_ln102_1358' <Predicate = true> <Delay = 0.00> <CoreInst = "LogicGate">   --->   Core 74 'LogicGate' <Latency = 0> <II = 1> <Delay = 0.97> <FuncUnit> <Opcode : 'and' 'or' 'xor'> <InPorts = 2> <OutPorts = 1>
ST_5 : Operation 123 [1/1] (0.00ns) (grouped into LUT with out node select_ln117_1346)   --->   "%and_ln102_1347 = and i1 %and_ln102_1358, i1 %and_ln102_1328" [firmware/BDT.h:102]   --->   Operation 123 'and' 'and_ln102_1347' <Predicate = true> <Delay = 0.00> <CoreInst = "LogicGate">   --->   Core 74 'LogicGate' <Latency = 0> <II = 1> <Delay = 0.97> <FuncUnit> <Opcode : 'and' 'or' 'xor'> <InPorts = 2> <OutPorts = 1>
ST_5 : Operation 124 [1/1] (0.00ns) (grouped into LUT with out node select_ln117_1342)   --->   "%or_ln117_1239 = or i1 %or_ln117_1238, i1 %and_ln102_1345" [firmware/BDT.h:117]   --->   Operation 124 'or' 'or_ln117_1239' <Predicate = (icmp_ln86)> <Delay = 0.00> <CoreInst = "LogicGate">   --->   Core 74 'LogicGate' <Latency = 0> <II = 1> <Delay = 0.97> <FuncUnit> <Opcode : 'and' 'or' 'xor'> <InPorts = 2> <OutPorts = 1>
ST_5 : Operation 125 [1/1] (0.00ns) (grouped into LUT with out node select_ln117_1342)   --->   "%select_ln117_1341 = select i1 %or_ln117_1239, i4 %select_ln117_1340, i4 15" [firmware/BDT.h:117]   --->   Operation 125 'select' 'select_ln117_1341' <Predicate = (icmp_ln86)> <Delay = 0.00> <CoreInst = "Sel">   --->   Core 73 'Sel' <Latency = 0> <II = 1> <Delay = 1.02> <FuncUnit> <Opcode : 'select'> <InPorts = 3> <OutPorts = 1>
ST_5 : Operation 126 [1/1] (0.00ns) (grouped into LUT with out node select_ln117_1342)   --->   "%zext_ln117_147 = zext i4 %select_ln117_1341" [firmware/BDT.h:117]   --->   Operation 126 'zext' 'zext_ln117_147' <Predicate = (icmp_ln86)> <Delay = 0.00>
ST_5 : Operation 127 [1/1] (0.00ns) (grouped into LUT with out node select_ln117_1344)   --->   "%or_ln117_1240 = or i1 %icmp_ln86, i1 %and_ln102_1346" [firmware/BDT.h:117]   --->   Operation 127 'or' 'or_ln117_1240' <Predicate = true> <Delay = 0.00> <CoreInst = "LogicGate">   --->   Core 74 'LogicGate' <Latency = 0> <II = 1> <Delay = 0.97> <FuncUnit> <Opcode : 'and' 'or' 'xor'> <InPorts = 2> <OutPorts = 1>
ST_5 : Operation 128 [1/1] (1.21ns) (out node of the LUT)   --->   "%select_ln117_1342 = select i1 %icmp_ln86, i5 %zext_ln117_147, i5 16" [firmware/BDT.h:117]   --->   Operation 128 'select' 'select_ln117_1342' <Predicate = true> <Delay = 1.21> <CoreInst = "Sel">   --->   Core 73 'Sel' <Latency = 0> <II = 1> <Delay = 1.21> <FuncUnit> <Opcode : 'select'> <InPorts = 3> <OutPorts = 1>
ST_5 : Operation 129 [1/1] (0.97ns)   --->   "%or_ln117_1241 = or i1 %icmp_ln86, i1 %and_ln102_1334" [firmware/BDT.h:117]   --->   Operation 129 'or' 'or_ln117_1241' <Predicate = true> <Delay = 0.97> <CoreInst = "LogicGate">   --->   Core 74 'LogicGate' <Latency = 0> <II = 1> <Delay = 0.97> <FuncUnit> <Opcode : 'and' 'or' 'xor'> <InPorts = 2> <OutPorts = 1>
ST_5 : Operation 130 [1/1] (0.00ns) (grouped into LUT with out node select_ln117_1344)   --->   "%select_ln117_1343 = select i1 %or_ln117_1240, i5 %select_ln117_1342, i5 17" [firmware/BDT.h:117]   --->   Operation 130 'select' 'select_ln117_1343' <Predicate = true> <Delay = 0.00> <CoreInst = "Sel">   --->   Core 73 'Sel' <Latency = 0> <II = 1> <Delay = 1.21> <FuncUnit> <Opcode : 'select'> <InPorts = 3> <OutPorts = 1>
ST_5 : Operation 131 [1/1] (0.00ns) (grouped into LUT with out node select_ln117_1346)   --->   "%or_ln117_1242 = or i1 %or_ln117_1241, i1 %and_ln102_1347" [firmware/BDT.h:117]   --->   Operation 131 'or' 'or_ln117_1242' <Predicate = true> <Delay = 0.00> <CoreInst = "LogicGate">   --->   Core 74 'LogicGate' <Latency = 0> <II = 1> <Delay = 0.97> <FuncUnit> <Opcode : 'and' 'or' 'xor'> <InPorts = 2> <OutPorts = 1>
ST_5 : Operation 132 [1/1] (1.21ns) (out node of the LUT)   --->   "%select_ln117_1344 = select i1 %or_ln117_1241, i5 %select_ln117_1343, i5 18" [firmware/BDT.h:117]   --->   Operation 132 'select' 'select_ln117_1344' <Predicate = true> <Delay = 1.21> <CoreInst = "Sel">   --->   Core 73 'Sel' <Latency = 0> <II = 1> <Delay = 1.21> <FuncUnit> <Opcode : 'select'> <InPorts = 3> <OutPorts = 1>
ST_5 : Operation 133 [1/1] (0.97ns)   --->   "%or_ln117_1243 = or i1 %icmp_ln86, i1 %and_ln102_1328" [firmware/BDT.h:117]   --->   Operation 133 'or' 'or_ln117_1243' <Predicate = true> <Delay = 0.97> <CoreInst = "LogicGate">   --->   Core 74 'LogicGate' <Latency = 0> <II = 1> <Delay = 0.97> <FuncUnit> <Opcode : 'and' 'or' 'xor'> <InPorts = 2> <OutPorts = 1>
ST_5 : Operation 134 [1/1] (0.00ns) (grouped into LUT with out node select_ln117_1346)   --->   "%select_ln117_1345 = select i1 %or_ln117_1242, i5 %select_ln117_1344, i5 19" [firmware/BDT.h:117]   --->   Operation 134 'select' 'select_ln117_1345' <Predicate = true> <Delay = 0.00> <CoreInst = "Sel">   --->   Core 73 'Sel' <Latency = 0> <II = 1> <Delay = 1.21> <FuncUnit> <Opcode : 'select'> <InPorts = 3> <OutPorts = 1>
ST_5 : Operation 135 [1/1] (1.21ns) (out node of the LUT)   --->   "%select_ln117_1346 = select i1 %or_ln117_1243, i5 %select_ln117_1345, i5 20" [firmware/BDT.h:117]   --->   Operation 135 'select' 'select_ln117_1346' <Predicate = true> <Delay = 1.21> <CoreInst = "Sel">   --->   Core 73 'Sel' <Latency = 0> <II = 1> <Delay = 1.21> <FuncUnit> <Opcode : 'select'> <InPorts = 3> <OutPorts = 1>
ST_5 : Operation 136 [1/1] (0.97ns)   --->   "%or_ln117_1245 = or i1 %or_ln117_1243, i1 %and_ln102_1335" [firmware/BDT.h:117]   --->   Operation 136 'or' 'or_ln117_1245' <Predicate = true> <Delay = 0.97> <CoreInst = "LogicGate">   --->   Core 74 'LogicGate' <Latency = 0> <II = 1> <Delay = 0.97> <FuncUnit> <Opcode : 'and' 'or' 'xor'> <InPorts = 2> <OutPorts = 1>
ST_5 : Operation 137 [1/1] (0.97ns)   --->   "%or_ln117_1247 = or i1 %icmp_ln86, i1 %and_ln102_1325" [firmware/BDT.h:117]   --->   Operation 137 'or' 'or_ln117_1247' <Predicate = true> <Delay = 0.97> <CoreInst = "LogicGate">   --->   Core 74 'LogicGate' <Latency = 0> <II = 1> <Delay = 0.97> <FuncUnit> <Opcode : 'and' 'or' 'xor'> <InPorts = 2> <OutPorts = 1>

State 6 <SV = 5> <Delay = 3.64>
ST_6 : Operation 138 [1/1] (0.00ns) (grouped into LUT with out node select_ln117_1350)   --->   "%xor_ln104_665 = xor i1 %icmp_ln86_1380, i1 1" [firmware/BDT.h:104]   --->   Operation 138 'xor' 'xor_ln104_665' <Predicate = (or_ln117_1247)> <Delay = 0.00> <CoreInst = "LogicGate">   --->   Core 74 'LogicGate' <Latency = 0> <II = 1> <Delay = 0.97> <FuncUnit> <Opcode : 'and' 'or' 'xor'> <InPorts = 2> <OutPorts = 1>
ST_6 : Operation 139 [1/1] (0.97ns)   --->   "%and_ln102_1336 = and i1 %icmp_ln86_1381, i1 %and_ln102_1329" [firmware/BDT.h:102]   --->   Operation 139 'and' 'and_ln102_1336' <Predicate = true> <Delay = 0.97> <CoreInst = "LogicGate">   --->   Core 74 'LogicGate' <Latency = 0> <II = 1> <Delay = 0.97> <FuncUnit> <Opcode : 'and' 'or' 'xor'> <InPorts = 2> <OutPorts = 1>
ST_6 : Operation 140 [1/1] (0.00ns) (grouped into LUT with out node select_ln117_1348)   --->   "%and_ln102_1348 = and i1 %icmp_ln86_1392, i1 %and_ln102_1335" [firmware/BDT.h:102]   --->   Operation 140 'and' 'and_ln102_1348' <Predicate = (or_ln117_1245 & or_ln117_1247)> <Delay = 0.00> <CoreInst = "LogicGate">   --->   Core 74 'LogicGate' <Latency = 0> <II = 1> <Delay = 0.97> <FuncUnit> <Opcode : 'and' 'or' 'xor'> <InPorts = 2> <OutPorts = 1>
ST_6 : Operation 141 [1/1] (0.00ns) (grouped into LUT with out node select_ln117_1350)   --->   "%and_ln102_1359 = and i1 %icmp_ln86_1393, i1 %xor_ln104_665" [firmware/BDT.h:102]   --->   Operation 141 'and' 'and_ln102_1359' <Predicate = (or_ln117_1247)> <Delay = 0.00> <CoreInst = "LogicGate">   --->   Core 74 'LogicGate' <Latency = 0> <II = 1> <Delay = 0.97> <FuncUnit> <Opcode : 'and' 'or' 'xor'> <InPorts = 2> <OutPorts = 1>
ST_6 : Operation 142 [1/1] (0.00ns) (grouped into LUT with out node select_ln117_1350)   --->   "%and_ln102_1349 = and i1 %and_ln102_1359, i1 %and_ln104_262" [firmware/BDT.h:102]   --->   Operation 142 'and' 'and_ln102_1349' <Predicate = (or_ln117_1247)> <Delay = 0.00> <CoreInst = "LogicGate">   --->   Core 74 'LogicGate' <Latency = 0> <II = 1> <Delay = 0.97> <FuncUnit> <Opcode : 'and' 'or' 'xor'> <InPorts = 2> <OutPorts = 1>
ST_6 : Operation 143 [1/1] (0.00ns) (grouped into LUT with out node select_ln117_1352)   --->   "%and_ln102_1350 = and i1 %icmp_ln86_1394, i1 %and_ln102_1336" [firmware/BDT.h:102]   --->   Operation 143 'and' 'and_ln102_1350' <Predicate = true> <Delay = 0.00> <CoreInst = "LogicGate">   --->   Core 74 'LogicGate' <Latency = 0> <II = 1> <Delay = 0.97> <FuncUnit> <Opcode : 'and' 'or' 'xor'> <InPorts = 2> <OutPorts = 1>
ST_6 : Operation 144 [1/1] (0.00ns) (grouped into LUT with out node select_ln117_1348)   --->   "%or_ln117_1244 = or i1 %or_ln117_1243, i1 %and_ln102_1348" [firmware/BDT.h:117]   --->   Operation 144 'or' 'or_ln117_1244' <Predicate = (or_ln117_1245 & or_ln117_1247)> <Delay = 0.00> <CoreInst = "LogicGate">   --->   Core 74 'LogicGate' <Latency = 0> <II = 1> <Delay = 0.97> <FuncUnit> <Opcode : 'and' 'or' 'xor'> <InPorts = 2> <OutPorts = 1>
ST_6 : Operation 145 [1/1] (0.00ns) (grouped into LUT with out node select_ln117_1348)   --->   "%select_ln117_1347 = select i1 %or_ln117_1244, i5 %select_ln117_1346, i5 21" [firmware/BDT.h:117]   --->   Operation 145 'select' 'select_ln117_1347' <Predicate = (or_ln117_1245 & or_ln117_1247)> <Delay = 0.00> <CoreInst = "Sel">   --->   Core 73 'Sel' <Latency = 0> <II = 1> <Delay = 1.21> <FuncUnit> <Opcode : 'select'> <InPorts = 3> <OutPorts = 1>
ST_6 : Operation 146 [1/1] (0.00ns) (grouped into LUT with out node select_ln117_1350)   --->   "%or_ln117_1246 = or i1 %or_ln117_1245, i1 %and_ln102_1349" [firmware/BDT.h:117]   --->   Operation 146 'or' 'or_ln117_1246' <Predicate = (or_ln117_1247)> <Delay = 0.00> <CoreInst = "LogicGate">   --->   Core 74 'LogicGate' <Latency = 0> <II = 1> <Delay = 0.97> <FuncUnit> <Opcode : 'and' 'or' 'xor'> <InPorts = 2> <OutPorts = 1>
ST_6 : Operation 147 [1/1] (1.21ns) (out node of the LUT)   --->   "%select_ln117_1348 = select i1 %or_ln117_1245, i5 %select_ln117_1347, i5 22" [firmware/BDT.h:117]   --->   Operation 147 'select' 'select_ln117_1348' <Predicate = (or_ln117_1247)> <Delay = 1.21> <CoreInst = "Sel">   --->   Core 73 'Sel' <Latency = 0> <II = 1> <Delay = 1.21> <FuncUnit> <Opcode : 'select'> <InPorts = 3> <OutPorts = 1>
ST_6 : Operation 148 [1/1] (0.00ns) (grouped into LUT with out node select_ln117_1350)   --->   "%select_ln117_1349 = select i1 %or_ln117_1246, i5 %select_ln117_1348, i5 23" [firmware/BDT.h:117]   --->   Operation 148 'select' 'select_ln117_1349' <Predicate = (or_ln117_1247)> <Delay = 0.00> <CoreInst = "Sel">   --->   Core 73 'Sel' <Latency = 0> <II = 1> <Delay = 1.21> <FuncUnit> <Opcode : 'select'> <InPorts = 3> <OutPorts = 1>
ST_6 : Operation 149 [1/1] (0.00ns) (grouped into LUT with out node select_ln117_1352)   --->   "%or_ln117_1248 = or i1 %or_ln117_1247, i1 %and_ln102_1350" [firmware/BDT.h:117]   --->   Operation 149 'or' 'or_ln117_1248' <Predicate = true> <Delay = 0.00> <CoreInst = "LogicGate">   --->   Core 74 'LogicGate' <Latency = 0> <II = 1> <Delay = 0.97> <FuncUnit> <Opcode : 'and' 'or' 'xor'> <InPorts = 2> <OutPorts = 1>
ST_6 : Operation 150 [1/1] (1.21ns) (out node of the LUT)   --->   "%select_ln117_1350 = select i1 %or_ln117_1247, i5 %select_ln117_1349, i5 24" [firmware/BDT.h:117]   --->   Operation 150 'select' 'select_ln117_1350' <Predicate = true> <Delay = 1.21> <CoreInst = "Sel">   --->   Core 73 'Sel' <Latency = 0> <II = 1> <Delay = 1.21> <FuncUnit> <Opcode : 'select'> <InPorts = 3> <OutPorts = 1>
ST_6 : Operation 151 [1/1] (0.97ns)   --->   "%or_ln117_1249 = or i1 %or_ln117_1247, i1 %and_ln102_1336" [firmware/BDT.h:117]   --->   Operation 151 'or' 'or_ln117_1249' <Predicate = true> <Delay = 0.97> <CoreInst = "LogicGate">   --->   Core 74 'LogicGate' <Latency = 0> <II = 1> <Delay = 0.97> <FuncUnit> <Opcode : 'and' 'or' 'xor'> <InPorts = 2> <OutPorts = 1>
ST_6 : Operation 152 [1/1] (0.00ns) (grouped into LUT with out node select_ln117_1352)   --->   "%select_ln117_1351 = select i1 %or_ln117_1248, i5 %select_ln117_1350, i5 25" [firmware/BDT.h:117]   --->   Operation 152 'select' 'select_ln117_1351' <Predicate = true> <Delay = 0.00> <CoreInst = "Sel">   --->   Core 73 'Sel' <Latency = 0> <II = 1> <Delay = 1.21> <FuncUnit> <Opcode : 'select'> <InPorts = 3> <OutPorts = 1>
ST_6 : Operation 153 [1/1] (1.21ns) (out node of the LUT)   --->   "%select_ln117_1352 = select i1 %or_ln117_1249, i5 %select_ln117_1351, i5 26" [firmware/BDT.h:117]   --->   Operation 153 'select' 'select_ln117_1352' <Predicate = true> <Delay = 1.21> <CoreInst = "Sel">   --->   Core 73 'Sel' <Latency = 0> <II = 1> <Delay = 1.21> <FuncUnit> <Opcode : 'select'> <InPorts = 3> <OutPorts = 1>

State 7 <SV = 6> <Delay = 3.40>
ST_7 : Operation 154 [1/1] (0.00ns) (grouped into LUT with out node select_ln117_1354)   --->   "%xor_ln104_666 = xor i1 %icmp_ln86_1381, i1 1" [firmware/BDT.h:104]   --->   Operation 154 'xor' 'xor_ln104_666' <Predicate = true> <Delay = 0.00> <CoreInst = "LogicGate">   --->   Core 74 'LogicGate' <Latency = 0> <II = 1> <Delay = 0.97> <FuncUnit> <Opcode : 'and' 'or' 'xor'> <InPorts = 2> <OutPorts = 1>
ST_7 : Operation 155 [1/1] (0.97ns)   --->   "%and_ln102_1337 = and i1 %icmp_ln86_1382, i1 %and_ln104_263" [firmware/BDT.h:102]   --->   Operation 155 'and' 'and_ln102_1337' <Predicate = true> <Delay = 0.97> <CoreInst = "LogicGate">   --->   Core 74 'LogicGate' <Latency = 0> <II = 1> <Delay = 0.97> <FuncUnit> <Opcode : 'and' 'or' 'xor'> <InPorts = 2> <OutPorts = 1>
ST_7 : Operation 156 [1/1] (0.00ns) (grouped into LUT with out node select_ln117_1354)   --->   "%and_ln102_1360 = and i1 %icmp_ln86_1395, i1 %xor_ln104_666" [firmware/BDT.h:102]   --->   Operation 156 'and' 'and_ln102_1360' <Predicate = true> <Delay = 0.00> <CoreInst = "LogicGate">   --->   Core 74 'LogicGate' <Latency = 0> <II = 1> <Delay = 0.97> <FuncUnit> <Opcode : 'and' 'or' 'xor'> <InPorts = 2> <OutPorts = 1>
ST_7 : Operation 157 [1/1] (0.00ns) (grouped into LUT with out node select_ln117_1354)   --->   "%and_ln102_1351 = and i1 %and_ln102_1360, i1 %and_ln102_1329" [firmware/BDT.h:102]   --->   Operation 157 'and' 'and_ln102_1351' <Predicate = true> <Delay = 0.00> <CoreInst = "LogicGate">   --->   Core 74 'LogicGate' <Latency = 0> <II = 1> <Delay = 0.97> <FuncUnit> <Opcode : 'and' 'or' 'xor'> <InPorts = 2> <OutPorts = 1>
ST_7 : Operation 158 [1/1] (0.00ns) (grouped into LUT with out node select_ln117_1356)   --->   "%and_ln102_1352 = and i1 %icmp_ln86_1396, i1 %and_ln102_1337" [firmware/BDT.h:102]   --->   Operation 158 'and' 'and_ln102_1352' <Predicate = true> <Delay = 0.00> <CoreInst = "LogicGate">   --->   Core 74 'LogicGate' <Latency = 0> <II = 1> <Delay = 0.97> <FuncUnit> <Opcode : 'and' 'or' 'xor'> <InPorts = 2> <OutPorts = 1>
ST_7 : Operation 159 [1/1] (0.00ns) (grouped into LUT with out node select_ln117_1354)   --->   "%or_ln117_1250 = or i1 %or_ln117_1249, i1 %and_ln102_1351" [firmware/BDT.h:117]   --->   Operation 159 'or' 'or_ln117_1250' <Predicate = true> <Delay = 0.00> <CoreInst = "LogicGate">   --->   Core 74 'LogicGate' <Latency = 0> <II = 1> <Delay = 0.97> <FuncUnit> <Opcode : 'and' 'or' 'xor'> <InPorts = 2> <OutPorts = 1>
ST_7 : Operation 160 [1/1] (0.97ns)   --->   "%or_ln117_1251 = or i1 %or_ln117_1247, i1 %and_ln102_1329" [firmware/BDT.h:117]   --->   Operation 160 'or' 'or_ln117_1251' <Predicate = true> <Delay = 0.97> <CoreInst = "LogicGate">   --->   Core 74 'LogicGate' <Latency = 0> <II = 1> <Delay = 0.97> <FuncUnit> <Opcode : 'and' 'or' 'xor'> <InPorts = 2> <OutPorts = 1>
ST_7 : Operation 161 [1/1] (0.00ns) (grouped into LUT with out node select_ln117_1354)   --->   "%select_ln117_1353 = select i1 %or_ln117_1250, i5 %select_ln117_1352, i5 27" [firmware/BDT.h:117]   --->   Operation 161 'select' 'select_ln117_1353' <Predicate = true> <Delay = 0.00> <CoreInst = "Sel">   --->   Core 73 'Sel' <Latency = 0> <II = 1> <Delay = 1.21> <FuncUnit> <Opcode : 'select'> <InPorts = 3> <OutPorts = 1>
ST_7 : Operation 162 [1/1] (0.00ns) (grouped into LUT with out node select_ln117_1356)   --->   "%or_ln117_1252 = or i1 %or_ln117_1251, i1 %and_ln102_1352" [firmware/BDT.h:117]   --->   Operation 162 'or' 'or_ln117_1252' <Predicate = true> <Delay = 0.00> <CoreInst = "LogicGate">   --->   Core 74 'LogicGate' <Latency = 0> <II = 1> <Delay = 0.97> <FuncUnit> <Opcode : 'and' 'or' 'xor'> <InPorts = 2> <OutPorts = 1>
ST_7 : Operation 163 [1/1] (1.21ns) (out node of the LUT)   --->   "%select_ln117_1354 = select i1 %or_ln117_1251, i5 %select_ln117_1353, i5 28" [firmware/BDT.h:117]   --->   Operation 163 'select' 'select_ln117_1354' <Predicate = true> <Delay = 1.21> <CoreInst = "Sel">   --->   Core 73 'Sel' <Latency = 0> <II = 1> <Delay = 1.21> <FuncUnit> <Opcode : 'select'> <InPorts = 3> <OutPorts = 1>
ST_7 : Operation 164 [1/1] (0.97ns)   --->   "%or_ln117_1253 = or i1 %or_ln117_1251, i1 %and_ln102_1337" [firmware/BDT.h:117]   --->   Operation 164 'or' 'or_ln117_1253' <Predicate = true> <Delay = 0.97> <CoreInst = "LogicGate">   --->   Core 74 'LogicGate' <Latency = 0> <II = 1> <Delay = 0.97> <FuncUnit> <Opcode : 'and' 'or' 'xor'> <InPorts = 2> <OutPorts = 1>
ST_7 : Operation 165 [1/1] (0.00ns) (grouped into LUT with out node select_ln117_1356)   --->   "%select_ln117_1355 = select i1 %or_ln117_1252, i5 %select_ln117_1354, i5 29" [firmware/BDT.h:117]   --->   Operation 165 'select' 'select_ln117_1355' <Predicate = true> <Delay = 0.00> <CoreInst = "Sel">   --->   Core 73 'Sel' <Latency = 0> <II = 1> <Delay = 1.21> <FuncUnit> <Opcode : 'select'> <InPorts = 3> <OutPorts = 1>
ST_7 : Operation 166 [1/1] (1.21ns) (out node of the LUT)   --->   "%select_ln117_1356 = select i1 %or_ln117_1253, i5 %select_ln117_1355, i5 30" [firmware/BDT.h:117]   --->   Operation 166 'select' 'select_ln117_1356' <Predicate = true> <Delay = 1.21> <CoreInst = "Sel">   --->   Core 73 'Sel' <Latency = 0> <II = 1> <Delay = 1.21> <FuncUnit> <Opcode : 'select'> <InPorts = 3> <OutPorts = 1>

State 8 <SV = 7> <Delay = 3.20>
ST_8 : Operation 167 [1/1] (0.00ns)   --->   "%specpipeline_ln86 = specpipeline void @_ssdm_op_SpecPipeline, i32 1, i32 0, i32 0, i32 0, void @empty_0" [firmware/BDT.h:86]   --->   Operation 167 'specpipeline' 'specpipeline_ln86' <Predicate = true> <Delay = 0.00>
ST_8 : Operation 168 [1/1] (0.00ns) (grouped into LUT with out node agg_result)   --->   "%xor_ln104_667 = xor i1 %icmp_ln86_1382, i1 1" [firmware/BDT.h:104]   --->   Operation 168 'xor' 'xor_ln104_667' <Predicate = true> <Delay = 0.00> <CoreInst = "LogicGate">   --->   Core 74 'LogicGate' <Latency = 0> <II = 1> <Delay = 0.97> <FuncUnit> <Opcode : 'and' 'or' 'xor'> <InPorts = 2> <OutPorts = 1>
ST_8 : Operation 169 [1/1] (0.00ns) (grouped into LUT with out node agg_result)   --->   "%and_ln102_1361 = and i1 %icmp_ln86_1397, i1 %xor_ln104_667" [firmware/BDT.h:102]   --->   Operation 169 'and' 'and_ln102_1361' <Predicate = true> <Delay = 0.00> <CoreInst = "LogicGate">   --->   Core 74 'LogicGate' <Latency = 0> <II = 1> <Delay = 0.97> <FuncUnit> <Opcode : 'and' 'or' 'xor'> <InPorts = 2> <OutPorts = 1>
ST_8 : Operation 170 [1/1] (0.00ns) (grouped into LUT with out node agg_result)   --->   "%and_ln102_1353 = and i1 %and_ln102_1361, i1 %and_ln104_263" [firmware/BDT.h:102]   --->   Operation 170 'and' 'and_ln102_1353' <Predicate = true> <Delay = 0.00> <CoreInst = "LogicGate">   --->   Core 74 'LogicGate' <Latency = 0> <II = 1> <Delay = 0.97> <FuncUnit> <Opcode : 'and' 'or' 'xor'> <InPorts = 2> <OutPorts = 1>
ST_8 : Operation 171 [1/1] (0.00ns) (grouped into LUT with out node agg_result)   --->   "%or_ln117_1254 = or i1 %or_ln117_1253, i1 %and_ln102_1353" [firmware/BDT.h:117]   --->   Operation 171 'or' 'or_ln117_1254' <Predicate = true> <Delay = 0.00> <CoreInst = "LogicGate">   --->   Core 74 'LogicGate' <Latency = 0> <II = 1> <Delay = 0.97> <FuncUnit> <Opcode : 'and' 'or' 'xor'> <InPorts = 2> <OutPorts = 1>
ST_8 : Operation 172 [1/1] (0.00ns) (grouped into LUT with out node agg_result)   --->   "%select_ln117_1357 = select i1 %or_ln117_1254, i5 %select_ln117_1356, i5 31" [firmware/BDT.h:117]   --->   Operation 172 'select' 'select_ln117_1357' <Predicate = true> <Delay = 0.00> <CoreInst = "Sel">   --->   Core 73 'Sel' <Latency = 0> <II = 1> <Delay = 1.21> <FuncUnit> <Opcode : 'select'> <InPorts = 3> <OutPorts = 1>
ST_8 : Operation 173 [1/1] (3.20ns) (out node of the LUT)   --->   "%agg_result = sparsemux i12 @_ssdm_op_SparseMux.ap_auto.32i12.i12.i5, i5 0, i12 4088, i5 1, i12 355, i5 2, i12 3880, i5 3, i12 4037, i5 4, i12 1136, i5 5, i12 575, i5 6, i12 4092, i5 7, i12 460, i5 8, i12 135, i5 9, i12 3915, i5 10, i12 3855, i5 11, i12 2, i5 12, i12 993, i5 13, i12 3606, i5 14, i12 9, i5 15, i12 3923, i5 16, i12 30, i5 17, i12 3919, i5 18, i12 562, i5 19, i12 263, i5 20, i12 3920, i5 21, i12 345, i5 22, i12 406, i5 23, i12 4090, i5 24, i12 4095, i5 25, i12 326, i5 26, i12 24, i5 27, i12 186, i5 28, i12 3581, i5 29, i12 4030, i5 30, i12 4093, i5 31, i12 123, i12 0, i5 %select_ln117_1357" [firmware/BDT.h:118]   --->   Operation 173 'sparsemux' 'agg_result' <Predicate = true> <Delay = 3.20> <CoreInst = "BinarySparseMux_DontCare">   --->   Core 137 'BinarySparseMux_DontCare' <Latency = 0> <II = 1> <Delay = 3.20> <FuncUnit> <Opcode : 'sparsemux'> <InPorts = 2> <OutPorts = 1>
ST_8 : Operation 174 [1/1] (0.00ns)   --->   "%ret_ln122 = ret i12 %agg_result" [firmware/BDT.h:122]   --->   Operation 174 'ret' 'ret_ln122' <Predicate = true> <Delay = 0.00>


============================================================
+ Verbose Summary: Timing violations
============================================================
Target clock period: 5.000ns, clock uncertainty: 1.350ns.

 <State 1>: 3.114ns
The critical path consists of the following:
	wire read operation ('x_4_val_read', firmware/BDT.h:86) on port 'x_4_val' (firmware/BDT.h:86) [24]  (0.000 ns)
	'icmp' operation 1 bit ('icmp_ln86_1369', firmware/BDT.h:86) [29]  (2.136 ns)
	'and' operation 1 bit ('and_ln102', firmware/BDT.h:102) [59]  (0.978 ns)

 <State 2>: 2.934ns
The critical path consists of the following:
	'and' operation 1 bit ('and_ln102_1326', firmware/BDT.h:102) [65]  (0.978 ns)
	'and' operation 1 bit ('and_ln102_1330', firmware/BDT.h:102) [77]  (0.978 ns)
	'or' operation 1 bit ('or_ln117', firmware/BDT.h:117) [119]  (0.978 ns)

 <State 3>: 2.997ns
The critical path consists of the following:
	'and' operation 1 bit ('and_ln102_1338', firmware/BDT.h:102) [93]  (0.000 ns)
	'xor' operation 1 bit ('xor_ln117', firmware/BDT.h:117) [117]  (0.000 ns)
	'select' operation 2 bit ('select_ln117', firmware/BDT.h:117) [120]  (0.000 ns)
	'select' operation 2 bit ('select_ln117_1329', firmware/BDT.h:117) [121]  (0.000 ns)
	'select' operation 3 bit ('select_ln117_1330', firmware/BDT.h:117) [124]  (0.993 ns)
	'select' operation 3 bit ('select_ln117_1331', firmware/BDT.h:117) [126]  (0.000 ns)
	'select' operation 3 bit ('select_ln117_1332', firmware/BDT.h:117) [128]  (0.980 ns)
	'select' operation 3 bit ('select_ln117_1333', firmware/BDT.h:117) [129]  (0.000 ns)
	'select' operation 4 bit ('select_ln117_1334', firmware/BDT.h:117) [132]  (1.024 ns)

 <State 4>: 3.072ns
The critical path consists of the following:
	'and' operation 1 bit ('and_ln102_1342', firmware/BDT.h:102) [99]  (0.000 ns)
	'or' operation 1 bit ('or_ln117_1233', firmware/BDT.h:117) [131]  (0.000 ns)
	'select' operation 4 bit ('select_ln117_1335', firmware/BDT.h:117) [134]  (0.000 ns)
	'select' operation 4 bit ('select_ln117_1336', firmware/BDT.h:117) [136]  (1.024 ns)
	'select' operation 4 bit ('select_ln117_1337', firmware/BDT.h:117) [138]  (0.000 ns)
	'select' operation 4 bit ('select_ln117_1338', firmware/BDT.h:117) [140]  (1.024 ns)
	'select' operation 4 bit ('select_ln117_1339', firmware/BDT.h:117) [142]  (0.000 ns)
	'select' operation 4 bit ('select_ln117_1340', firmware/BDT.h:117) [144]  (1.024 ns)

 <State 5>: 3.645ns
The critical path consists of the following:
	'xor' operation 1 bit ('xor_ln104_663', firmware/BDT.h:104) [84]  (0.000 ns)
	'and' operation 1 bit ('and_ln102_1357', firmware/BDT.h:102) [103]  (0.000 ns)
	'and' operation 1 bit ('and_ln102_1345', firmware/BDT.h:102) [104]  (0.000 ns)
	'or' operation 1 bit ('or_ln117_1239', firmware/BDT.h:117) [143]  (0.000 ns)
	'select' operation 4 bit ('select_ln117_1341', firmware/BDT.h:117) [145]  (0.000 ns)
	'select' operation 5 bit ('select_ln117_1342', firmware/BDT.h:117) [148]  (1.215 ns)
	'select' operation 5 bit ('select_ln117_1343', firmware/BDT.h:117) [150]  (0.000 ns)
	'select' operation 5 bit ('select_ln117_1344', firmware/BDT.h:117) [152]  (1.215 ns)
	'select' operation 5 bit ('select_ln117_1345', firmware/BDT.h:117) [154]  (0.000 ns)
	'select' operation 5 bit ('select_ln117_1346', firmware/BDT.h:117) [156]  (1.215 ns)

 <State 6>: 3.645ns
The critical path consists of the following:
	'and' operation 1 bit ('and_ln102_1348', firmware/BDT.h:102) [108]  (0.000 ns)
	'or' operation 1 bit ('or_ln117_1244', firmware/BDT.h:117) [155]  (0.000 ns)
	'select' operation 5 bit ('select_ln117_1347', firmware/BDT.h:117) [158]  (0.000 ns)
	'select' operation 5 bit ('select_ln117_1348', firmware/BDT.h:117) [160]  (1.215 ns)
	'select' operation 5 bit ('select_ln117_1349', firmware/BDT.h:117) [162]  (0.000 ns)
	'select' operation 5 bit ('select_ln117_1350', firmware/BDT.h:117) [164]  (1.215 ns)
	'select' operation 5 bit ('select_ln117_1351', firmware/BDT.h:117) [166]  (0.000 ns)
	'select' operation 5 bit ('select_ln117_1352', firmware/BDT.h:117) [168]  (1.215 ns)

 <State 7>: 3.408ns
The critical path consists of the following:
	'or' operation 1 bit ('or_ln117_1251', firmware/BDT.h:117) [169]  (0.978 ns)
	'select' operation 5 bit ('select_ln117_1354', firmware/BDT.h:117) [172]  (1.215 ns)
	'select' operation 5 bit ('select_ln117_1355', firmware/BDT.h:117) [174]  (0.000 ns)
	'select' operation 5 bit ('select_ln117_1356', firmware/BDT.h:117) [176]  (1.215 ns)

 <State 8>: 3.205ns
The critical path consists of the following:
	'xor' operation 1 bit ('xor_ln104_667', firmware/BDT.h:104) [92]  (0.000 ns)
	'and' operation 1 bit ('and_ln102_1361', firmware/BDT.h:102) [115]  (0.000 ns)
	'and' operation 1 bit ('and_ln102_1353', firmware/BDT.h:102) [116]  (0.000 ns)
	'or' operation 1 bit ('or_ln117_1254', firmware/BDT.h:117) [175]  (0.000 ns)
	'select' operation 5 bit ('select_ln117_1357', firmware/BDT.h:117) [177]  (0.000 ns)
	'sparsemux' operation 12 bit ('agg_result', firmware/BDT.h:118) [178]  (3.205 ns)


============================================================
+ Verbose Summary: Binding
============================================================
N/A
* FSMD analyzer results:
  - Output states:
 - Input state : 
  - Chain level:
	State 1
	State 2
	State 3
	State 4
	State 5
	State 6
	State 7
	State 8


============================================================
+ Verbose Summary: Datapath Resource usage 
============================================================
N/A
