

================================================================
== Vitis HLS Report for 'decision_function_97'
================================================================
* Date:           Tue Mar 11 16:16:48 2025

* Version:        2024.2 (Build 5238294 on Nov  8 2024)
* Project:        my_prj
* Solution:       solution1 (Vivado IP Flow Target)
* Product family: zynq
* Target device:  xc7z020-clg400-1


================================================================
== Performance Estimates
================================================================
+ Timing: 
    * Summary: 
    +--------+---------+----------+------------+
    |  Clock |  Target | Estimated| Uncertainty|
    +--------+---------+----------+------------+
    |ap_clk  |  5.00 ns|  3.645 ns|     1.35 ns|
    +--------+---------+----------+------------+

+ Latency: 
    * Summary: 
    +---------+---------+-----------+-----------+-----+-----+---------+
    |  Latency (cycles) |   Latency (absolute)  |  Interval | Pipeline|
    |   min   |   max   |    min    |    max    | min | max |   Type  |
    +---------+---------+-----------+-----------+-----+-----+---------+
    |        7|        7|  35.000 ns|  35.000 ns|    1|    1|      yes|
    +---------+---------+-----------+-----------+-----+-----+---------+

    + Detail: 
        * Instance: 
        N/A

        * Loop: 
        N/A

============================================================
+ Verbose Summary: Synthesis Manager
============================================================
InlineROM: 1
ExposeGlobal: 0
============================================================
+ Verbose Summary: CDFG Model
============================================================
IsTopModel: 0
ResetActiveHigh: 1
IsCombinational: 0
IsDatapathOnly: 0
HasWiredReturn: 1
HasMFsm: 2
HasVarLatency: 0
IsPipeline: 1
IsRtlPipelined: 1
IsInstanceOverlapped: 0
IsDontTouch: 0
HasImplIP: 0
IsGatedGlobalClock: 0

+ Individual pipeline summary: 
  * Pipeline-0: initiation interval (II) = 1, depth = 8


============================================================
+ Verbose Summary: Schedule
============================================================
* Number of FSM states : 8
* Pipeline : 1
  Pipeline-0 : II = 1, D = 8, States = { 1 2 3 4 5 6 7 8 }
* Dataflow Pipeline: 0

* FSM state transitions: 
1 --> 2 
2 --> 3 
3 --> 4 
4 --> 5 
5 --> 6 
6 --> 7 
7 --> 8 
8 --> 

* FSM state operations: 

State 1 <SV = 0> <Delay = 3.11>
ST_1 : Operation 9 [1/1] (0.00ns)   --->   "%x_15_val_read = read i18 @_ssdm_op_Read.ap_auto.i18, i18 %x_15_val" [firmware/BDT.h:86]   --->   Operation 9 'read' 'x_15_val_read' <Predicate = true> <Delay = 0.00>
ST_1 : Operation 10 [1/1] (0.00ns)   --->   "%x_14_val_read = read i18 @_ssdm_op_Read.ap_auto.i18, i18 %x_14_val" [firmware/BDT.h:86]   --->   Operation 10 'read' 'x_14_val_read' <Predicate = true> <Delay = 0.00>
ST_1 : Operation 11 [1/1] (0.00ns)   --->   "%x_12_val_read = read i18 @_ssdm_op_Read.ap_auto.i18, i18 %x_12_val" [firmware/BDT.h:86]   --->   Operation 11 'read' 'x_12_val_read' <Predicate = true> <Delay = 0.00>
ST_1 : Operation 12 [1/1] (0.00ns)   --->   "%x_11_val_read = read i18 @_ssdm_op_Read.ap_auto.i18, i18 %x_11_val" [firmware/BDT.h:86]   --->   Operation 12 'read' 'x_11_val_read' <Predicate = true> <Delay = 0.00>
ST_1 : Operation 13 [1/1] (0.00ns)   --->   "%x_9_val_read = read i18 @_ssdm_op_Read.ap_auto.i18, i18 %x_9_val" [firmware/BDT.h:86]   --->   Operation 13 'read' 'x_9_val_read' <Predicate = true> <Delay = 0.00>
ST_1 : Operation 14 [1/1] (0.00ns)   --->   "%x_7_val_read = read i18 @_ssdm_op_Read.ap_auto.i18, i18 %x_7_val" [firmware/BDT.h:86]   --->   Operation 14 'read' 'x_7_val_read' <Predicate = true> <Delay = 0.00>
ST_1 : Operation 15 [1/1] (0.00ns)   --->   "%x_6_val_read = read i18 @_ssdm_op_Read.ap_auto.i18, i18 %x_6_val" [firmware/BDT.h:86]   --->   Operation 15 'read' 'x_6_val_read' <Predicate = true> <Delay = 0.00>
ST_1 : Operation 16 [1/1] (0.00ns)   --->   "%x_3_val_read = read i18 @_ssdm_op_Read.ap_auto.i18, i18 %x_3_val" [firmware/BDT.h:86]   --->   Operation 16 'read' 'x_3_val_read' <Predicate = true> <Delay = 0.00>
ST_1 : Operation 17 [1/1] (0.00ns)   --->   "%x_2_val_read = read i18 @_ssdm_op_Read.ap_auto.i18, i18 %x_2_val" [firmware/BDT.h:86]   --->   Operation 17 'read' 'x_2_val_read' <Predicate = true> <Delay = 0.00>
ST_1 : Operation 18 [1/1] (0.00ns)   --->   "%x_1_val_read = read i18 @_ssdm_op_Read.ap_auto.i18, i18 %x_1_val" [firmware/BDT.h:86]   --->   Operation 18 'read' 'x_1_val_read' <Predicate = true> <Delay = 0.00>
ST_1 : Operation 19 [1/1] (0.00ns)   --->   "%x_0_val_read = read i18 @_ssdm_op_Read.ap_auto.i18, i18 %x_0_val" [firmware/BDT.h:86]   --->   Operation 19 'read' 'x_0_val_read' <Predicate = true> <Delay = 0.00>
ST_1 : Operation 20 [1/1] (2.13ns)   --->   "%icmp_ln86 = icmp_slt  i18 %x_12_val_read, i18 1041" [firmware/BDT.h:86]   --->   Operation 20 'icmp' 'icmp_ln86' <Predicate = true> <Delay = 2.13> <CoreInst = "Cmp">   --->   Core 9 'Cmp' <Latency = 0> <II = 1> <Delay = 2.13> <FuncUnit> <Opcode : 'seteq' 'setne' 'setle' 'setge' 'setlt' 'setgt'> <InPorts = 2> <OutPorts = 1>
ST_1 : Operation 21 [1/1] (2.13ns)   --->   "%icmp_ln86_61 = icmp_slt  i18 %x_0_val_read, i18 260523" [firmware/BDT.h:86]   --->   Operation 21 'icmp' 'icmp_ln86_61' <Predicate = true> <Delay = 2.13> <CoreInst = "Cmp">   --->   Core 9 'Cmp' <Latency = 0> <II = 1> <Delay = 2.13> <FuncUnit> <Opcode : 'seteq' 'setne' 'setle' 'setge' 'setlt' 'setgt'> <InPorts = 2> <OutPorts = 1>
ST_1 : Operation 22 [1/1] (2.13ns)   --->   "%icmp_ln86_62 = icmp_slt  i18 %x_6_val_read, i18 9" [firmware/BDT.h:86]   --->   Operation 22 'icmp' 'icmp_ln86_62' <Predicate = true> <Delay = 2.13> <CoreInst = "Cmp">   --->   Core 9 'Cmp' <Latency = 0> <II = 1> <Delay = 2.13> <FuncUnit> <Opcode : 'seteq' 'setne' 'setle' 'setge' 'setlt' 'setgt'> <InPorts = 2> <OutPorts = 1>
ST_1 : Operation 23 [1/1] (2.13ns)   --->   "%icmp_ln86_63 = icmp_slt  i18 %x_6_val_read, i18 129" [firmware/BDT.h:86]   --->   Operation 23 'icmp' 'icmp_ln86_63' <Predicate = true> <Delay = 2.13> <CoreInst = "Cmp">   --->   Core 9 'Cmp' <Latency = 0> <II = 1> <Delay = 2.13> <FuncUnit> <Opcode : 'seteq' 'setne' 'setle' 'setge' 'setlt' 'setgt'> <InPorts = 2> <OutPorts = 1>
ST_1 : Operation 24 [1/1] (2.13ns)   --->   "%icmp_ln86_64 = icmp_slt  i18 %x_7_val_read, i18 1943" [firmware/BDT.h:86]   --->   Operation 24 'icmp' 'icmp_ln86_64' <Predicate = true> <Delay = 2.13> <CoreInst = "Cmp">   --->   Core 9 'Cmp' <Latency = 0> <II = 1> <Delay = 2.13> <FuncUnit> <Opcode : 'seteq' 'setne' 'setle' 'setge' 'setlt' 'setgt'> <InPorts = 2> <OutPorts = 1>
ST_1 : Operation 25 [1/1] (2.13ns)   --->   "%icmp_ln86_65 = icmp_slt  i18 %x_1_val_read, i18 908" [firmware/BDT.h:86]   --->   Operation 25 'icmp' 'icmp_ln86_65' <Predicate = true> <Delay = 2.13> <CoreInst = "Cmp">   --->   Core 9 'Cmp' <Latency = 0> <II = 1> <Delay = 2.13> <FuncUnit> <Opcode : 'seteq' 'setne' 'setle' 'setge' 'setlt' 'setgt'> <InPorts = 2> <OutPorts = 1>
ST_1 : Operation 26 [1/1] (2.13ns)   --->   "%icmp_ln86_66 = icmp_slt  i18 %x_9_val_read, i18 1252" [firmware/BDT.h:86]   --->   Operation 26 'icmp' 'icmp_ln86_66' <Predicate = true> <Delay = 2.13> <CoreInst = "Cmp">   --->   Core 9 'Cmp' <Latency = 0> <II = 1> <Delay = 2.13> <FuncUnit> <Opcode : 'seteq' 'setne' 'setle' 'setge' 'setlt' 'setgt'> <InPorts = 2> <OutPorts = 1>
ST_1 : Operation 27 [1/1] (2.13ns)   --->   "%icmp_ln86_67 = icmp_slt  i18 %x_7_val_read, i18 261809" [firmware/BDT.h:86]   --->   Operation 27 'icmp' 'icmp_ln86_67' <Predicate = true> <Delay = 2.13> <CoreInst = "Cmp">   --->   Core 9 'Cmp' <Latency = 0> <II = 1> <Delay = 2.13> <FuncUnit> <Opcode : 'seteq' 'setne' 'setle' 'setge' 'setlt' 'setgt'> <InPorts = 2> <OutPorts = 1>
ST_1 : Operation 28 [1/1] (2.13ns)   --->   "%icmp_ln86_68 = icmp_slt  i18 %x_2_val_read, i18 1583" [firmware/BDT.h:86]   --->   Operation 28 'icmp' 'icmp_ln86_68' <Predicate = true> <Delay = 2.13> <CoreInst = "Cmp">   --->   Core 9 'Cmp' <Latency = 0> <II = 1> <Delay = 2.13> <FuncUnit> <Opcode : 'seteq' 'setne' 'setle' 'setge' 'setlt' 'setgt'> <InPorts = 2> <OutPorts = 1>
ST_1 : Operation 29 [1/1] (2.13ns)   --->   "%icmp_ln86_69 = icmp_slt  i18 %x_6_val_read, i18 1023" [firmware/BDT.h:86]   --->   Operation 29 'icmp' 'icmp_ln86_69' <Predicate = true> <Delay = 2.13> <CoreInst = "Cmp">   --->   Core 9 'Cmp' <Latency = 0> <II = 1> <Delay = 2.13> <FuncUnit> <Opcode : 'seteq' 'setne' 'setle' 'setge' 'setlt' 'setgt'> <InPorts = 2> <OutPorts = 1>
ST_1 : Operation 30 [1/1] (2.13ns)   --->   "%icmp_ln86_70 = icmp_slt  i18 %x_6_val_read, i18 3764" [firmware/BDT.h:86]   --->   Operation 30 'icmp' 'icmp_ln86_70' <Predicate = true> <Delay = 2.13> <CoreInst = "Cmp">   --->   Core 9 'Cmp' <Latency = 0> <II = 1> <Delay = 2.13> <FuncUnit> <Opcode : 'seteq' 'setne' 'setle' 'setge' 'setlt' 'setgt'> <InPorts = 2> <OutPorts = 1>
ST_1 : Operation 31 [1/1] (0.00ns)   --->   "%tmp = partselect i15 @_ssdm_op_PartSelect.i15.i18.i32.i32, i18 %x_6_val_read, i32 3, i32 17" [firmware/BDT.h:86]   --->   Operation 31 'partselect' 'tmp' <Predicate = true> <Delay = 0.00>
ST_1 : Operation 32 [1/1] (1.94ns)   --->   "%icmp_ln86_71 = icmp_slt  i15 %tmp, i15 1" [firmware/BDT.h:86]   --->   Operation 32 'icmp' 'icmp_ln86_71' <Predicate = true> <Delay = 1.94> <CoreInst = "Cmp">   --->   Core 9 'Cmp' <Latency = 0> <II = 1> <Delay = 1.94> <FuncUnit> <Opcode : 'seteq' 'setne' 'setle' 'setge' 'setlt' 'setgt'> <InPorts = 2> <OutPorts = 1>
ST_1 : Operation 33 [1/1] (2.13ns)   --->   "%icmp_ln86_72 = icmp_slt  i18 %x_14_val_read, i18 2007" [firmware/BDT.h:86]   --->   Operation 33 'icmp' 'icmp_ln86_72' <Predicate = true> <Delay = 2.13> <CoreInst = "Cmp">   --->   Core 9 'Cmp' <Latency = 0> <II = 1> <Delay = 2.13> <FuncUnit> <Opcode : 'seteq' 'setne' 'setle' 'setge' 'setlt' 'setgt'> <InPorts = 2> <OutPorts = 1>
ST_1 : Operation 34 [1/1] (2.13ns)   --->   "%icmp_ln86_73 = icmp_slt  i18 %x_14_val_read, i18 196" [firmware/BDT.h:86]   --->   Operation 34 'icmp' 'icmp_ln86_73' <Predicate = true> <Delay = 2.13> <CoreInst = "Cmp">   --->   Core 9 'Cmp' <Latency = 0> <II = 1> <Delay = 2.13> <FuncUnit> <Opcode : 'seteq' 'setne' 'setle' 'setge' 'setlt' 'setgt'> <InPorts = 2> <OutPorts = 1>
ST_1 : Operation 35 [1/1] (2.13ns)   --->   "%icmp_ln86_74 = icmp_slt  i18 %x_9_val_read, i18 1253" [firmware/BDT.h:86]   --->   Operation 35 'icmp' 'icmp_ln86_74' <Predicate = true> <Delay = 2.13> <CoreInst = "Cmp">   --->   Core 9 'Cmp' <Latency = 0> <II = 1> <Delay = 2.13> <FuncUnit> <Opcode : 'seteq' 'setne' 'setle' 'setge' 'setlt' 'setgt'> <InPorts = 2> <OutPorts = 1>
ST_1 : Operation 36 [1/1] (2.13ns)   --->   "%icmp_ln86_75 = icmp_slt  i18 %x_14_val_read, i18 1339" [firmware/BDT.h:86]   --->   Operation 36 'icmp' 'icmp_ln86_75' <Predicate = true> <Delay = 2.13> <CoreInst = "Cmp">   --->   Core 9 'Cmp' <Latency = 0> <II = 1> <Delay = 2.13> <FuncUnit> <Opcode : 'seteq' 'setne' 'setle' 'setge' 'setlt' 'setgt'> <InPorts = 2> <OutPorts = 1>
ST_1 : Operation 37 [1/1] (2.13ns)   --->   "%icmp_ln86_76 = icmp_slt  i18 %x_11_val_read, i18 1309" [firmware/BDT.h:86]   --->   Operation 37 'icmp' 'icmp_ln86_76' <Predicate = true> <Delay = 2.13> <CoreInst = "Cmp">   --->   Core 9 'Cmp' <Latency = 0> <II = 1> <Delay = 2.13> <FuncUnit> <Opcode : 'seteq' 'setne' 'setle' 'setge' 'setlt' 'setgt'> <InPorts = 2> <OutPorts = 1>
ST_1 : Operation 38 [1/1] (2.13ns)   --->   "%icmp_ln86_77 = icmp_slt  i18 %x_15_val_read, i18 3004" [firmware/BDT.h:86]   --->   Operation 38 'icmp' 'icmp_ln86_77' <Predicate = true> <Delay = 2.13> <CoreInst = "Cmp">   --->   Core 9 'Cmp' <Latency = 0> <II = 1> <Delay = 2.13> <FuncUnit> <Opcode : 'seteq' 'setne' 'setle' 'setge' 'setlt' 'setgt'> <InPorts = 2> <OutPorts = 1>
ST_1 : Operation 39 [1/1] (2.13ns)   --->   "%icmp_ln86_79 = icmp_slt  i18 %x_7_val_read, i18 994" [firmware/BDT.h:86]   --->   Operation 39 'icmp' 'icmp_ln86_79' <Predicate = true> <Delay = 2.13> <CoreInst = "Cmp">   --->   Core 9 'Cmp' <Latency = 0> <II = 1> <Delay = 2.13> <FuncUnit> <Opcode : 'seteq' 'setne' 'setle' 'setge' 'setlt' 'setgt'> <InPorts = 2> <OutPorts = 1>
ST_1 : Operation 40 [1/1] (2.13ns)   --->   "%icmp_ln86_80 = icmp_slt  i18 %x_7_val_read, i18 3437" [firmware/BDT.h:86]   --->   Operation 40 'icmp' 'icmp_ln86_80' <Predicate = true> <Delay = 2.13> <CoreInst = "Cmp">   --->   Core 9 'Cmp' <Latency = 0> <II = 1> <Delay = 2.13> <FuncUnit> <Opcode : 'seteq' 'setne' 'setle' 'setge' 'setlt' 'setgt'> <InPorts = 2> <OutPorts = 1>
ST_1 : Operation 41 [1/1] (2.13ns)   --->   "%icmp_ln86_81 = icmp_slt  i18 %x_14_val_read, i18 261553" [firmware/BDT.h:86]   --->   Operation 41 'icmp' 'icmp_ln86_81' <Predicate = true> <Delay = 2.13> <CoreInst = "Cmp">   --->   Core 9 'Cmp' <Latency = 0> <II = 1> <Delay = 2.13> <FuncUnit> <Opcode : 'seteq' 'setne' 'setle' 'setge' 'setlt' 'setgt'> <InPorts = 2> <OutPorts = 1>
ST_1 : Operation 42 [1/1] (2.13ns)   --->   "%icmp_ln86_83 = icmp_slt  i18 %x_14_val_read, i18 1632" [firmware/BDT.h:86]   --->   Operation 42 'icmp' 'icmp_ln86_83' <Predicate = true> <Delay = 2.13> <CoreInst = "Cmp">   --->   Core 9 'Cmp' <Latency = 0> <II = 1> <Delay = 2.13> <FuncUnit> <Opcode : 'seteq' 'setne' 'setle' 'setge' 'setlt' 'setgt'> <InPorts = 2> <OutPorts = 1>
ST_1 : Operation 43 [1/1] (2.13ns)   --->   "%icmp_ln86_84 = icmp_slt  i18 %x_3_val_read, i18 3694" [firmware/BDT.h:86]   --->   Operation 43 'icmp' 'icmp_ln86_84' <Predicate = true> <Delay = 2.13> <CoreInst = "Cmp">   --->   Core 9 'Cmp' <Latency = 0> <II = 1> <Delay = 2.13> <FuncUnit> <Opcode : 'seteq' 'setne' 'setle' 'setge' 'setlt' 'setgt'> <InPorts = 2> <OutPorts = 1>
ST_1 : Operation 44 [1/1] (2.13ns)   --->   "%icmp_ln86_85 = icmp_slt  i18 %x_11_val_read, i18 1540" [firmware/BDT.h:86]   --->   Operation 44 'icmp' 'icmp_ln86_85' <Predicate = true> <Delay = 2.13> <CoreInst = "Cmp">   --->   Core 9 'Cmp' <Latency = 0> <II = 1> <Delay = 2.13> <FuncUnit> <Opcode : 'seteq' 'setne' 'setle' 'setge' 'setlt' 'setgt'> <InPorts = 2> <OutPorts = 1>
ST_1 : Operation 45 [1/1] (2.13ns)   --->   "%icmp_ln86_86 = icmp_slt  i18 %x_0_val_read, i18 260307" [firmware/BDT.h:86]   --->   Operation 45 'icmp' 'icmp_ln86_86' <Predicate = true> <Delay = 2.13> <CoreInst = "Cmp">   --->   Core 9 'Cmp' <Latency = 0> <II = 1> <Delay = 2.13> <FuncUnit> <Opcode : 'seteq' 'setne' 'setle' 'setge' 'setlt' 'setgt'> <InPorts = 2> <OutPorts = 1>
ST_1 : Operation 46 [1/1] (2.13ns)   --->   "%icmp_ln86_87 = icmp_slt  i18 %x_11_val_read, i18 906" [firmware/BDT.h:86]   --->   Operation 46 'icmp' 'icmp_ln86_87' <Predicate = true> <Delay = 2.13> <CoreInst = "Cmp">   --->   Core 9 'Cmp' <Latency = 0> <II = 1> <Delay = 2.13> <FuncUnit> <Opcode : 'seteq' 'setne' 'setle' 'setge' 'setlt' 'setgt'> <InPorts = 2> <OutPorts = 1>
ST_1 : Operation 47 [1/1] (2.13ns)   --->   "%icmp_ln86_88 = icmp_slt  i18 %x_12_val_read, i18 1051" [firmware/BDT.h:86]   --->   Operation 47 'icmp' 'icmp_ln86_88' <Predicate = true> <Delay = 2.13> <CoreInst = "Cmp">   --->   Core 9 'Cmp' <Latency = 0> <II = 1> <Delay = 2.13> <FuncUnit> <Opcode : 'seteq' 'setne' 'setle' 'setge' 'setlt' 'setgt'> <InPorts = 2> <OutPorts = 1>
ST_1 : Operation 48 [1/1] (0.97ns)   --->   "%xor_ln104 = xor i1 %icmp_ln86, i1 1" [firmware/BDT.h:104]   --->   Operation 48 'xor' 'xor_ln104' <Predicate = true> <Delay = 0.97> <CoreInst = "LogicGate">   --->   Core 74 'LogicGate' <Latency = 0> <II = 1> <Delay = 0.97> <FuncUnit> <Opcode : 'and' 'or' 'xor'> <InPorts = 2> <OutPorts = 1>

State 2 <SV = 1> <Delay = 2.93>
ST_2 : Operation 49 [1/1] (0.97ns)   --->   "%and_ln102 = and i1 %icmp_ln86_61, i1 %icmp_ln86" [firmware/BDT.h:102]   --->   Operation 49 'and' 'and_ln102' <Predicate = true> <Delay = 0.97> <CoreInst = "LogicGate">   --->   Core 74 'LogicGate' <Latency = 0> <II = 1> <Delay = 0.97> <FuncUnit> <Opcode : 'and' 'or' 'xor'> <InPorts = 2> <OutPorts = 1>
ST_2 : Operation 50 [1/1] (0.97ns)   --->   "%and_ln102_75 = and i1 %icmp_ln86_62, i1 %xor_ln104" [firmware/BDT.h:102]   --->   Operation 50 'and' 'and_ln102_75' <Predicate = true> <Delay = 0.97> <CoreInst = "LogicGate">   --->   Core 74 'LogicGate' <Latency = 0> <II = 1> <Delay = 0.97> <FuncUnit> <Opcode : 'and' 'or' 'xor'> <InPorts = 2> <OutPorts = 1>
ST_2 : Operation 51 [1/1] (0.00ns) (grouped into LUT with out node and_ln104_11)   --->   "%xor_ln104_30 = xor i1 %icmp_ln86_62, i1 1" [firmware/BDT.h:104]   --->   Operation 51 'xor' 'xor_ln104_30' <Predicate = true> <Delay = 0.00> <CoreInst = "LogicGate">   --->   Core 74 'LogicGate' <Latency = 0> <II = 1> <Delay = 0.97> <FuncUnit> <Opcode : 'and' 'or' 'xor'> <InPorts = 2> <OutPorts = 1>
ST_2 : Operation 52 [1/1] (0.97ns) (out node of the LUT)   --->   "%and_ln104_11 = and i1 %xor_ln104_30, i1 %xor_ln104" [firmware/BDT.h:104]   --->   Operation 52 'and' 'and_ln104_11' <Predicate = true> <Delay = 0.97> <CoreInst = "LogicGate">   --->   Core 74 'LogicGate' <Latency = 0> <II = 1> <Delay = 0.97> <FuncUnit> <Opcode : 'and' 'or' 'xor'> <InPorts = 2> <OutPorts = 1>
ST_2 : Operation 53 [1/1] (0.97ns)   --->   "%and_ln102_76 = and i1 %icmp_ln86_63, i1 %and_ln102" [firmware/BDT.h:102]   --->   Operation 53 'and' 'and_ln102_76' <Predicate = true> <Delay = 0.97> <CoreInst = "LogicGate">   --->   Core 74 'LogicGate' <Latency = 0> <II = 1> <Delay = 0.97> <FuncUnit> <Opcode : 'and' 'or' 'xor'> <InPorts = 2> <OutPorts = 1>
ST_2 : Operation 54 [1/1] (0.97ns)   --->   "%and_ln102_78 = and i1 %icmp_ln86_65, i1 %and_ln102_75" [firmware/BDT.h:102]   --->   Operation 54 'and' 'and_ln102_78' <Predicate = true> <Delay = 0.97> <CoreInst = "LogicGate">   --->   Core 74 'LogicGate' <Latency = 0> <II = 1> <Delay = 0.97> <FuncUnit> <Opcode : 'and' 'or' 'xor'> <InPorts = 2> <OutPorts = 1>
ST_2 : Operation 55 [1/1] (0.97ns)   --->   "%and_ln102_80 = and i1 %icmp_ln86_67, i1 %and_ln102_76" [firmware/BDT.h:102]   --->   Operation 55 'and' 'and_ln102_80' <Predicate = true> <Delay = 0.97> <CoreInst = "LogicGate">   --->   Core 74 'LogicGate' <Latency = 0> <II = 1> <Delay = 0.97> <FuncUnit> <Opcode : 'and' 'or' 'xor'> <InPorts = 2> <OutPorts = 1>
ST_2 : Operation 56 [1/1] (0.00ns) (grouped into LUT with out node and_ln104_16)   --->   "%xor_ln104_39 = xor i1 %icmp_ln86_71, i1 1" [firmware/BDT.h:104]   --->   Operation 56 'xor' 'xor_ln104_39' <Predicate = true> <Delay = 0.00> <CoreInst = "LogicGate">   --->   Core 74 'LogicGate' <Latency = 0> <II = 1> <Delay = 0.97> <FuncUnit> <Opcode : 'and' 'or' 'xor'> <InPorts = 2> <OutPorts = 1>
ST_2 : Operation 57 [1/1] (0.97ns) (out node of the LUT)   --->   "%and_ln104_16 = and i1 %and_ln102_78, i1 %xor_ln104_39" [firmware/BDT.h:104]   --->   Operation 57 'and' 'and_ln104_16' <Predicate = true> <Delay = 0.97> <CoreInst = "LogicGate">   --->   Core 74 'LogicGate' <Latency = 0> <II = 1> <Delay = 0.97> <FuncUnit> <Opcode : 'and' 'or' 'xor'> <InPorts = 2> <OutPorts = 1>

State 3 <SV = 2> <Delay = 2.95>
ST_3 : Operation 58 [1/1] (2.13ns)   --->   "%icmp_ln86_78 = icmp_slt  i18 %x_1_val_read, i18 869" [firmware/BDT.h:86]   --->   Operation 58 'icmp' 'icmp_ln86_78' <Predicate = true> <Delay = 2.13> <CoreInst = "Cmp">   --->   Core 9 'Cmp' <Latency = 0> <II = 1> <Delay = 2.13> <FuncUnit> <Opcode : 'seteq' 'setne' 'setle' 'setge' 'setlt' 'setgt'> <InPorts = 2> <OutPorts = 1>
ST_3 : Operation 59 [1/1] (0.00ns) (grouped into LUT with out node and_ln104)   --->   "%xor_ln104_29 = xor i1 %icmp_ln86_61, i1 1" [firmware/BDT.h:104]   --->   Operation 59 'xor' 'xor_ln104_29' <Predicate = true> <Delay = 0.00> <CoreInst = "LogicGate">   --->   Core 74 'LogicGate' <Latency = 0> <II = 1> <Delay = 0.97> <FuncUnit> <Opcode : 'and' 'or' 'xor'> <InPorts = 2> <OutPorts = 1>
ST_3 : Operation 60 [1/1] (0.97ns) (out node of the LUT)   --->   "%and_ln104 = and i1 %icmp_ln86, i1 %xor_ln104_29" [firmware/BDT.h:104]   --->   Operation 60 'and' 'and_ln104' <Predicate = true> <Delay = 0.97> <CoreInst = "LogicGate">   --->   Core 74 'LogicGate' <Latency = 0> <II = 1> <Delay = 0.97> <FuncUnit> <Opcode : 'and' 'or' 'xor'> <InPorts = 2> <OutPorts = 1>
ST_3 : Operation 61 [1/1] (0.00ns) (grouped into LUT with out node and_ln104_12)   --->   "%xor_ln104_31 = xor i1 %icmp_ln86_63, i1 1" [firmware/BDT.h:104]   --->   Operation 61 'xor' 'xor_ln104_31' <Predicate = true> <Delay = 0.00> <CoreInst = "LogicGate">   --->   Core 74 'LogicGate' <Latency = 0> <II = 1> <Delay = 0.97> <FuncUnit> <Opcode : 'and' 'or' 'xor'> <InPorts = 2> <OutPorts = 1>
ST_3 : Operation 62 [1/1] (0.97ns) (out node of the LUT)   --->   "%and_ln104_12 = and i1 %and_ln102, i1 %xor_ln104_31" [firmware/BDT.h:104]   --->   Operation 62 'and' 'and_ln104_12' <Predicate = true> <Delay = 0.97> <CoreInst = "LogicGate">   --->   Core 74 'LogicGate' <Latency = 0> <II = 1> <Delay = 0.97> <FuncUnit> <Opcode : 'and' 'or' 'xor'> <InPorts = 2> <OutPorts = 1>
ST_3 : Operation 63 [1/1] (0.97ns)   --->   "%and_ln102_77 = and i1 %icmp_ln86_64, i1 %and_ln104" [firmware/BDT.h:102]   --->   Operation 63 'and' 'and_ln102_77' <Predicate = true> <Delay = 0.97> <CoreInst = "LogicGate">   --->   Core 74 'LogicGate' <Latency = 0> <II = 1> <Delay = 0.97> <FuncUnit> <Opcode : 'and' 'or' 'xor'> <InPorts = 2> <OutPorts = 1>
ST_3 : Operation 64 [1/1] (0.00ns) (grouped into LUT with out node and_ln104_13)   --->   "%xor_ln104_32 = xor i1 %icmp_ln86_64, i1 1" [firmware/BDT.h:104]   --->   Operation 64 'xor' 'xor_ln104_32' <Predicate = true> <Delay = 0.00> <CoreInst = "LogicGate">   --->   Core 74 'LogicGate' <Latency = 0> <II = 1> <Delay = 0.97> <FuncUnit> <Opcode : 'and' 'or' 'xor'> <InPorts = 2> <OutPorts = 1>
ST_3 : Operation 65 [1/1] (0.97ns) (out node of the LUT)   --->   "%and_ln104_13 = and i1 %and_ln104, i1 %xor_ln104_32" [firmware/BDT.h:104]   --->   Operation 65 'and' 'and_ln104_13' <Predicate = true> <Delay = 0.97> <CoreInst = "LogicGate">   --->   Core 74 'LogicGate' <Latency = 0> <II = 1> <Delay = 0.97> <FuncUnit> <Opcode : 'and' 'or' 'xor'> <InPorts = 2> <OutPorts = 1>
ST_3 : Operation 66 [1/1] (0.00ns) (grouped into LUT with out node select_ln117_61)   --->   "%xor_ln104_35 = xor i1 %icmp_ln86_67, i1 1" [firmware/BDT.h:104]   --->   Operation 66 'xor' 'xor_ln104_35' <Predicate = true> <Delay = 0.00> <CoreInst = "LogicGate">   --->   Core 74 'LogicGate' <Latency = 0> <II = 1> <Delay = 0.97> <FuncUnit> <Opcode : 'and' 'or' 'xor'> <InPorts = 2> <OutPorts = 1>
ST_3 : Operation 67 [1/1] (0.97ns)   --->   "%and_ln102_81 = and i1 %icmp_ln86_68, i1 %and_ln104_12" [firmware/BDT.h:102]   --->   Operation 67 'and' 'and_ln102_81' <Predicate = true> <Delay = 0.97> <CoreInst = "LogicGate">   --->   Core 74 'LogicGate' <Latency = 0> <II = 1> <Delay = 0.97> <FuncUnit> <Opcode : 'and' 'or' 'xor'> <InPorts = 2> <OutPorts = 1>
ST_3 : Operation 68 [1/1] (0.00ns) (grouped into LUT with out node select_ln117_59)   --->   "%and_ln102_87 = and i1 %icmp_ln86_75, i1 %and_ln102_80" [firmware/BDT.h:102]   --->   Operation 68 'and' 'and_ln102_87' <Predicate = true> <Delay = 0.00> <CoreInst = "LogicGate">   --->   Core 74 'LogicGate' <Latency = 0> <II = 1> <Delay = 0.97> <FuncUnit> <Opcode : 'and' 'or' 'xor'> <InPorts = 2> <OutPorts = 1>
ST_3 : Operation 69 [1/1] (0.00ns) (grouped into LUT with out node select_ln117_61)   --->   "%and_ln102_88 = and i1 %icmp_ln86_76, i1 %xor_ln104_35" [firmware/BDT.h:102]   --->   Operation 69 'and' 'and_ln102_88' <Predicate = true> <Delay = 0.00> <CoreInst = "LogicGate">   --->   Core 74 'LogicGate' <Latency = 0> <II = 1> <Delay = 0.97> <FuncUnit> <Opcode : 'and' 'or' 'xor'> <InPorts = 2> <OutPorts = 1>
ST_3 : Operation 70 [1/1] (0.00ns) (grouped into LUT with out node select_ln117_61)   --->   "%and_ln102_89 = and i1 %and_ln102_88, i1 %and_ln102_76" [firmware/BDT.h:102]   --->   Operation 70 'and' 'and_ln102_89' <Predicate = true> <Delay = 0.00> <CoreInst = "LogicGate">   --->   Core 74 'LogicGate' <Latency = 0> <II = 1> <Delay = 0.97> <FuncUnit> <Opcode : 'and' 'or' 'xor'> <InPorts = 2> <OutPorts = 1>
ST_3 : Operation 71 [1/1] (0.00ns) (grouped into LUT with out node select_ln117_59)   --->   "%or_ln117 = or i1 %and_ln104_16, i1 %and_ln102_87" [firmware/BDT.h:117]   --->   Operation 71 'or' 'or_ln117' <Predicate = true> <Delay = 0.00> <CoreInst = "LogicGate">   --->   Core 74 'LogicGate' <Latency = 0> <II = 1> <Delay = 0.97> <FuncUnit> <Opcode : 'and' 'or' 'xor'> <InPorts = 2> <OutPorts = 1>
ST_3 : Operation 72 [1/1] (0.00ns) (grouped into LUT with out node select_ln117_59)   --->   "%xor_ln117 = xor i1 %and_ln102_78, i1 1" [firmware/BDT.h:117]   --->   Operation 72 'xor' 'xor_ln117' <Predicate = true> <Delay = 0.00> <CoreInst = "LogicGate">   --->   Core 74 'LogicGate' <Latency = 0> <II = 1> <Delay = 0.97> <FuncUnit> <Opcode : 'and' 'or' 'xor'> <InPorts = 2> <OutPorts = 1>
ST_3 : Operation 73 [1/1] (0.00ns) (grouped into LUT with out node select_ln117_59)   --->   "%or_ln117_51 = or i1 %icmp_ln86_71, i1 %xor_ln117" [firmware/BDT.h:117]   --->   Operation 73 'or' 'or_ln117_51' <Predicate = true> <Delay = 0.00> <CoreInst = "LogicGate">   --->   Core 74 'LogicGate' <Latency = 0> <II = 1> <Delay = 0.97> <FuncUnit> <Opcode : 'and' 'or' 'xor'> <InPorts = 2> <OutPorts = 1>
ST_3 : Operation 74 [1/1] (0.00ns) (grouped into LUT with out node select_ln117_59)   --->   "%zext_ln117 = zext i1 %or_ln117_51" [firmware/BDT.h:117]   --->   Operation 74 'zext' 'zext_ln117' <Predicate = true> <Delay = 0.00>
ST_3 : Operation 75 [1/1] (0.97ns)   --->   "%or_ln117_52 = or i1 %and_ln104_16, i1 %and_ln102_80" [firmware/BDT.h:117]   --->   Operation 75 'or' 'or_ln117_52' <Predicate = true> <Delay = 0.97> <CoreInst = "LogicGate">   --->   Core 74 'LogicGate' <Latency = 0> <II = 1> <Delay = 0.97> <FuncUnit> <Opcode : 'and' 'or' 'xor'> <InPorts = 2> <OutPorts = 1>
ST_3 : Operation 76 [1/1] (0.00ns) (grouped into LUT with out node select_ln117_59)   --->   "%select_ln117 = select i1 %or_ln117, i2 %zext_ln117, i2 2" [firmware/BDT.h:117]   --->   Operation 76 'select' 'select_ln117' <Predicate = true> <Delay = 0.00> <CoreInst = "Sel">   --->   Core 73 'Sel' <Latency = 0> <II = 1> <Delay = 0.99> <FuncUnit> <Opcode : 'select'> <InPorts = 3> <OutPorts = 1>
ST_3 : Operation 77 [1/1] (0.00ns) (grouped into LUT with out node select_ln117_61)   --->   "%or_ln117_53 = or i1 %or_ln117_52, i1 %and_ln102_89" [firmware/BDT.h:117]   --->   Operation 77 'or' 'or_ln117_53' <Predicate = true> <Delay = 0.00> <CoreInst = "LogicGate">   --->   Core 74 'LogicGate' <Latency = 0> <II = 1> <Delay = 0.97> <FuncUnit> <Opcode : 'and' 'or' 'xor'> <InPorts = 2> <OutPorts = 1>
ST_3 : Operation 78 [1/1] (0.99ns) (out node of the LUT)   --->   "%select_ln117_59 = select i1 %or_ln117_52, i2 %select_ln117, i2 3" [firmware/BDT.h:117]   --->   Operation 78 'select' 'select_ln117_59' <Predicate = true> <Delay = 0.99> <CoreInst = "Sel">   --->   Core 73 'Sel' <Latency = 0> <II = 1> <Delay = 0.99> <FuncUnit> <Opcode : 'select'> <InPorts = 3> <OutPorts = 1>
ST_3 : Operation 79 [1/1] (0.00ns) (grouped into LUT with out node select_ln117_61)   --->   "%zext_ln117_7 = zext i2 %select_ln117_59" [firmware/BDT.h:117]   --->   Operation 79 'zext' 'zext_ln117_7' <Predicate = true> <Delay = 0.00>
ST_3 : Operation 80 [1/1] (0.97ns)   --->   "%or_ln117_54 = or i1 %and_ln104_16, i1 %and_ln102_76" [firmware/BDT.h:117]   --->   Operation 80 'or' 'or_ln117_54' <Predicate = true> <Delay = 0.97> <CoreInst = "LogicGate">   --->   Core 74 'LogicGate' <Latency = 0> <II = 1> <Delay = 0.97> <FuncUnit> <Opcode : 'and' 'or' 'xor'> <InPorts = 2> <OutPorts = 1>
ST_3 : Operation 81 [1/1] (0.00ns) (grouped into LUT with out node select_ln117_61)   --->   "%select_ln117_60 = select i1 %or_ln117_53, i3 %zext_ln117_7, i3 4" [firmware/BDT.h:117]   --->   Operation 81 'select' 'select_ln117_60' <Predicate = true> <Delay = 0.00> <CoreInst = "Sel">   --->   Core 73 'Sel' <Latency = 0> <II = 1> <Delay = 0.98> <FuncUnit> <Opcode : 'select'> <InPorts = 3> <OutPorts = 1>
ST_3 : Operation 82 [1/1] (0.98ns) (out node of the LUT)   --->   "%select_ln117_61 = select i1 %or_ln117_54, i3 %select_ln117_60, i3 5" [firmware/BDT.h:117]   --->   Operation 82 'select' 'select_ln117_61' <Predicate = true> <Delay = 0.98> <CoreInst = "Sel">   --->   Core 73 'Sel' <Latency = 0> <II = 1> <Delay = 0.98> <FuncUnit> <Opcode : 'select'> <InPorts = 3> <OutPorts = 1>
ST_3 : Operation 83 [1/1] (0.97ns)   --->   "%or_ln117_56 = or i1 %or_ln117_54, i1 %and_ln102_81" [firmware/BDT.h:117]   --->   Operation 83 'or' 'or_ln117_56' <Predicate = true> <Delay = 0.97> <CoreInst = "LogicGate">   --->   Core 74 'LogicGate' <Latency = 0> <II = 1> <Delay = 0.97> <FuncUnit> <Opcode : 'and' 'or' 'xor'> <InPorts = 2> <OutPorts = 1>

State 4 <SV = 3> <Delay = 3.02>
ST_4 : Operation 84 [1/1] (0.00ns) (grouped into LUT with out node select_ln117_67)   --->   "%tmp_1 = bitselect i1 @_ssdm_op_BitSelect.i1.i18.i32, i18 %x_1_val_read, i32 17" [firmware/BDT.h:86]   --->   Operation 84 'bitselect' 'tmp_1' <Predicate = true> <Delay = 0.00>
ST_4 : Operation 85 [1/1] (2.13ns)   --->   "%icmp_ln86_82 = icmp_slt  i18 %x_1_val_read, i18 885" [firmware/BDT.h:86]   --->   Operation 85 'icmp' 'icmp_ln86_82' <Predicate = true> <Delay = 2.13> <CoreInst = "Cmp">   --->   Core 9 'Cmp' <Latency = 0> <II = 1> <Delay = 2.13> <FuncUnit> <Opcode : 'seteq' 'setne' 'setle' 'setge' 'setlt' 'setgt'> <InPorts = 2> <OutPorts = 1>
ST_4 : Operation 86 [1/1] (0.00ns) (grouped into LUT with out node select_ln117_65)   --->   "%xor_ln104_36 = xor i1 %icmp_ln86_68, i1 1" [firmware/BDT.h:104]   --->   Operation 86 'xor' 'xor_ln104_36' <Predicate = true> <Delay = 0.00> <CoreInst = "LogicGate">   --->   Core 74 'LogicGate' <Latency = 0> <II = 1> <Delay = 0.97> <FuncUnit> <Opcode : 'and' 'or' 'xor'> <InPorts = 2> <OutPorts = 1>
ST_4 : Operation 87 [1/1] (0.97ns)   --->   "%and_ln102_82 = and i1 %icmp_ln86_69, i1 %and_ln102_77" [firmware/BDT.h:102]   --->   Operation 87 'and' 'and_ln102_82' <Predicate = true> <Delay = 0.97> <CoreInst = "LogicGate">   --->   Core 74 'LogicGate' <Latency = 0> <II = 1> <Delay = 0.97> <FuncUnit> <Opcode : 'and' 'or' 'xor'> <InPorts = 2> <OutPorts = 1>
ST_4 : Operation 88 [1/1] (0.97ns)   --->   "%and_ln102_83 = and i1 %icmp_ln86_70, i1 %and_ln104_13" [firmware/BDT.h:102]   --->   Operation 88 'and' 'and_ln102_83' <Predicate = true> <Delay = 0.97> <CoreInst = "LogicGate">   --->   Core 74 'LogicGate' <Latency = 0> <II = 1> <Delay = 0.97> <FuncUnit> <Opcode : 'and' 'or' 'xor'> <InPorts = 2> <OutPorts = 1>
ST_4 : Operation 89 [1/1] (0.00ns) (grouped into LUT with out node select_ln117_63)   --->   "%and_ln102_90 = and i1 %icmp_ln86_77, i1 %and_ln102_81" [firmware/BDT.h:102]   --->   Operation 89 'and' 'and_ln102_90' <Predicate = (or_ln117_56)> <Delay = 0.00> <CoreInst = "LogicGate">   --->   Core 74 'LogicGate' <Latency = 0> <II = 1> <Delay = 0.97> <FuncUnit> <Opcode : 'and' 'or' 'xor'> <InPorts = 2> <OutPorts = 1>
ST_4 : Operation 90 [1/1] (0.00ns) (grouped into LUT with out node select_ln117_65)   --->   "%and_ln102_91 = and i1 %icmp_ln86_78, i1 %xor_ln104_36" [firmware/BDT.h:102]   --->   Operation 90 'and' 'and_ln102_91' <Predicate = true> <Delay = 0.00> <CoreInst = "LogicGate">   --->   Core 74 'LogicGate' <Latency = 0> <II = 1> <Delay = 0.97> <FuncUnit> <Opcode : 'and' 'or' 'xor'> <InPorts = 2> <OutPorts = 1>
ST_4 : Operation 91 [1/1] (0.00ns) (grouped into LUT with out node select_ln117_65)   --->   "%and_ln102_92 = and i1 %and_ln102_91, i1 %and_ln104_12" [firmware/BDT.h:102]   --->   Operation 91 'and' 'and_ln102_92' <Predicate = true> <Delay = 0.00> <CoreInst = "LogicGate">   --->   Core 74 'LogicGate' <Latency = 0> <II = 1> <Delay = 0.97> <FuncUnit> <Opcode : 'and' 'or' 'xor'> <InPorts = 2> <OutPorts = 1>
ST_4 : Operation 92 [1/1] (0.00ns) (grouped into LUT with out node select_ln117_67)   --->   "%and_ln102_93 = and i1 %tmp_1, i1 %and_ln102_82" [firmware/BDT.h:102]   --->   Operation 92 'and' 'and_ln102_93' <Predicate = true> <Delay = 0.00> <CoreInst = "LogicGate">   --->   Core 74 'LogicGate' <Latency = 0> <II = 1> <Delay = 0.97> <FuncUnit> <Opcode : 'and' 'or' 'xor'> <InPorts = 2> <OutPorts = 1>
ST_4 : Operation 93 [1/1] (0.00ns) (grouped into LUT with out node select_ln117_63)   --->   "%or_ln117_55 = or i1 %or_ln117_54, i1 %and_ln102_90" [firmware/BDT.h:117]   --->   Operation 93 'or' 'or_ln117_55' <Predicate = (or_ln117_56)> <Delay = 0.00> <CoreInst = "LogicGate">   --->   Core 74 'LogicGate' <Latency = 0> <II = 1> <Delay = 0.97> <FuncUnit> <Opcode : 'and' 'or' 'xor'> <InPorts = 2> <OutPorts = 1>
ST_4 : Operation 94 [1/1] (0.00ns) (grouped into LUT with out node select_ln117_63)   --->   "%select_ln117_62 = select i1 %or_ln117_55, i3 %select_ln117_61, i3 6" [firmware/BDT.h:117]   --->   Operation 94 'select' 'select_ln117_62' <Predicate = (or_ln117_56)> <Delay = 0.00> <CoreInst = "Sel">   --->   Core 73 'Sel' <Latency = 0> <II = 1> <Delay = 0.98> <FuncUnit> <Opcode : 'select'> <InPorts = 3> <OutPorts = 1>
ST_4 : Operation 95 [1/1] (0.00ns) (grouped into LUT with out node select_ln117_65)   --->   "%or_ln117_57 = or i1 %or_ln117_56, i1 %and_ln102_92" [firmware/BDT.h:117]   --->   Operation 95 'or' 'or_ln117_57' <Predicate = true> <Delay = 0.00> <CoreInst = "LogicGate">   --->   Core 74 'LogicGate' <Latency = 0> <II = 1> <Delay = 0.97> <FuncUnit> <Opcode : 'and' 'or' 'xor'> <InPorts = 2> <OutPorts = 1>
ST_4 : Operation 96 [1/1] (0.98ns) (out node of the LUT)   --->   "%select_ln117_63 = select i1 %or_ln117_56, i3 %select_ln117_62, i3 7" [firmware/BDT.h:117]   --->   Operation 96 'select' 'select_ln117_63' <Predicate = true> <Delay = 0.98> <CoreInst = "Sel">   --->   Core 73 'Sel' <Latency = 0> <II = 1> <Delay = 0.98> <FuncUnit> <Opcode : 'select'> <InPorts = 3> <OutPorts = 1>
ST_4 : Operation 97 [1/1] (0.00ns) (grouped into LUT with out node select_ln117_65)   --->   "%zext_ln117_8 = zext i3 %select_ln117_63" [firmware/BDT.h:117]   --->   Operation 97 'zext' 'zext_ln117_8' <Predicate = true> <Delay = 0.00>
ST_4 : Operation 98 [1/1] (0.97ns)   --->   "%or_ln117_58 = or i1 %and_ln104_16, i1 %and_ln102" [firmware/BDT.h:117]   --->   Operation 98 'or' 'or_ln117_58' <Predicate = true> <Delay = 0.97> <CoreInst = "LogicGate">   --->   Core 74 'LogicGate' <Latency = 0> <II = 1> <Delay = 0.97> <FuncUnit> <Opcode : 'and' 'or' 'xor'> <InPorts = 2> <OutPorts = 1>
ST_4 : Operation 99 [1/1] (0.00ns) (grouped into LUT with out node select_ln117_65)   --->   "%select_ln117_64 = select i1 %or_ln117_57, i4 %zext_ln117_8, i4 8" [firmware/BDT.h:117]   --->   Operation 99 'select' 'select_ln117_64' <Predicate = true> <Delay = 0.00> <CoreInst = "Sel">   --->   Core 73 'Sel' <Latency = 0> <II = 1> <Delay = 1.02> <FuncUnit> <Opcode : 'select'> <InPorts = 3> <OutPorts = 1>
ST_4 : Operation 100 [1/1] (0.00ns) (grouped into LUT with out node select_ln117_67)   --->   "%or_ln117_59 = or i1 %or_ln117_58, i1 %and_ln102_93" [firmware/BDT.h:117]   --->   Operation 100 'or' 'or_ln117_59' <Predicate = true> <Delay = 0.00> <CoreInst = "LogicGate">   --->   Core 74 'LogicGate' <Latency = 0> <II = 1> <Delay = 0.97> <FuncUnit> <Opcode : 'and' 'or' 'xor'> <InPorts = 2> <OutPorts = 1>
ST_4 : Operation 101 [1/1] (1.02ns) (out node of the LUT)   --->   "%select_ln117_65 = select i1 %or_ln117_58, i4 %select_ln117_64, i4 9" [firmware/BDT.h:117]   --->   Operation 101 'select' 'select_ln117_65' <Predicate = true> <Delay = 1.02> <CoreInst = "Sel">   --->   Core 73 'Sel' <Latency = 0> <II = 1> <Delay = 1.02> <FuncUnit> <Opcode : 'select'> <InPorts = 3> <OutPorts = 1>
ST_4 : Operation 102 [1/1] (0.97ns)   --->   "%or_ln117_60 = or i1 %or_ln117_58, i1 %and_ln102_82" [firmware/BDT.h:117]   --->   Operation 102 'or' 'or_ln117_60' <Predicate = true> <Delay = 0.97> <CoreInst = "LogicGate">   --->   Core 74 'LogicGate' <Latency = 0> <II = 1> <Delay = 0.97> <FuncUnit> <Opcode : 'and' 'or' 'xor'> <InPorts = 2> <OutPorts = 1>
ST_4 : Operation 103 [1/1] (0.00ns) (grouped into LUT with out node select_ln117_67)   --->   "%select_ln117_66 = select i1 %or_ln117_59, i4 %select_ln117_65, i4 10" [firmware/BDT.h:117]   --->   Operation 103 'select' 'select_ln117_66' <Predicate = true> <Delay = 0.00> <CoreInst = "Sel">   --->   Core 73 'Sel' <Latency = 0> <II = 1> <Delay = 1.02> <FuncUnit> <Opcode : 'select'> <InPorts = 3> <OutPorts = 1>
ST_4 : Operation 104 [1/1] (1.02ns) (out node of the LUT)   --->   "%select_ln117_67 = select i1 %or_ln117_60, i4 %select_ln117_66, i4 11" [firmware/BDT.h:117]   --->   Operation 104 'select' 'select_ln117_67' <Predicate = true> <Delay = 1.02> <CoreInst = "Sel">   --->   Core 73 'Sel' <Latency = 0> <II = 1> <Delay = 1.02> <FuncUnit> <Opcode : 'select'> <InPorts = 3> <OutPorts = 1>
ST_4 : Operation 105 [1/1] (0.97ns)   --->   "%or_ln117_62 = or i1 %or_ln117_58, i1 %and_ln102_77" [firmware/BDT.h:117]   --->   Operation 105 'or' 'or_ln117_62' <Predicate = true> <Delay = 0.97> <CoreInst = "LogicGate">   --->   Core 74 'LogicGate' <Latency = 0> <II = 1> <Delay = 0.97> <FuncUnit> <Opcode : 'and' 'or' 'xor'> <InPorts = 2> <OutPorts = 1>

State 5 <SV = 4> <Delay = 3.26>
ST_5 : Operation 106 [1/1] (0.00ns) (grouped into LUT with out node and_ln104_14)   --->   "%xor_ln104_33 = xor i1 %icmp_ln86_65, i1 1" [firmware/BDT.h:104]   --->   Operation 106 'xor' 'xor_ln104_33' <Predicate = true> <Delay = 0.00> <CoreInst = "LogicGate">   --->   Core 74 'LogicGate' <Latency = 0> <II = 1> <Delay = 0.97> <FuncUnit> <Opcode : 'and' 'or' 'xor'> <InPorts = 2> <OutPorts = 1>
ST_5 : Operation 107 [1/1] (0.97ns) (out node of the LUT)   --->   "%and_ln104_14 = and i1 %and_ln102_75, i1 %xor_ln104_33" [firmware/BDT.h:104]   --->   Operation 107 'and' 'and_ln104_14' <Predicate = true> <Delay = 0.97> <CoreInst = "LogicGate">   --->   Core 74 'LogicGate' <Latency = 0> <II = 1> <Delay = 0.97> <FuncUnit> <Opcode : 'and' 'or' 'xor'> <InPorts = 2> <OutPorts = 1>
ST_5 : Operation 108 [1/1] (0.00ns) (grouped into LUT with out node select_ln117_69)   --->   "%xor_ln104_37 = xor i1 %icmp_ln86_69, i1 1" [firmware/BDT.h:104]   --->   Operation 108 'xor' 'xor_ln104_37' <Predicate = (or_ln117_62)> <Delay = 0.00> <CoreInst = "LogicGate">   --->   Core 74 'LogicGate' <Latency = 0> <II = 1> <Delay = 0.97> <FuncUnit> <Opcode : 'and' 'or' 'xor'> <InPorts = 2> <OutPorts = 1>
ST_5 : Operation 109 [1/1] (0.00ns) (grouped into LUT with out node select_ln117_73)   --->   "%xor_ln104_38 = xor i1 %icmp_ln86_70, i1 1" [firmware/BDT.h:104]   --->   Operation 109 'xor' 'xor_ln104_38' <Predicate = true> <Delay = 0.00> <CoreInst = "LogicGate">   --->   Core 74 'LogicGate' <Latency = 0> <II = 1> <Delay = 0.97> <FuncUnit> <Opcode : 'and' 'or' 'xor'> <InPorts = 2> <OutPorts = 1>
ST_5 : Operation 110 [1/1] (0.97ns)   --->   "%and_ln102_84 = and i1 %icmp_ln86_72, i1 %and_ln104_14" [firmware/BDT.h:102]   --->   Operation 110 'and' 'and_ln102_84' <Predicate = true> <Delay = 0.97> <CoreInst = "LogicGate">   --->   Core 74 'LogicGate' <Latency = 0> <II = 1> <Delay = 0.97> <FuncUnit> <Opcode : 'and' 'or' 'xor'> <InPorts = 2> <OutPorts = 1>
ST_5 : Operation 111 [1/1] (0.00ns) (grouped into LUT with out node select_ln117_69)   --->   "%and_ln102_94 = and i1 %icmp_ln86_79, i1 %xor_ln104_37" [firmware/BDT.h:102]   --->   Operation 111 'and' 'and_ln102_94' <Predicate = (or_ln117_62)> <Delay = 0.00> <CoreInst = "LogicGate">   --->   Core 74 'LogicGate' <Latency = 0> <II = 1> <Delay = 0.97> <FuncUnit> <Opcode : 'and' 'or' 'xor'> <InPorts = 2> <OutPorts = 1>
ST_5 : Operation 112 [1/1] (0.00ns) (grouped into LUT with out node select_ln117_69)   --->   "%and_ln102_95 = and i1 %and_ln102_94, i1 %and_ln102_77" [firmware/BDT.h:102]   --->   Operation 112 'and' 'and_ln102_95' <Predicate = (or_ln117_62)> <Delay = 0.00> <CoreInst = "LogicGate">   --->   Core 74 'LogicGate' <Latency = 0> <II = 1> <Delay = 0.97> <FuncUnit> <Opcode : 'and' 'or' 'xor'> <InPorts = 2> <OutPorts = 1>
ST_5 : Operation 113 [1/1] (0.00ns) (grouped into LUT with out node select_ln117_71)   --->   "%and_ln102_96 = and i1 %icmp_ln86_80, i1 %and_ln102_83" [firmware/BDT.h:102]   --->   Operation 113 'and' 'and_ln102_96' <Predicate = true> <Delay = 0.00> <CoreInst = "LogicGate">   --->   Core 74 'LogicGate' <Latency = 0> <II = 1> <Delay = 0.97> <FuncUnit> <Opcode : 'and' 'or' 'xor'> <InPorts = 2> <OutPorts = 1>
ST_5 : Operation 114 [1/1] (0.00ns) (grouped into LUT with out node select_ln117_73)   --->   "%and_ln102_97 = and i1 %icmp_ln86_81, i1 %xor_ln104_38" [firmware/BDT.h:102]   --->   Operation 114 'and' 'and_ln102_97' <Predicate = true> <Delay = 0.00> <CoreInst = "LogicGate">   --->   Core 74 'LogicGate' <Latency = 0> <II = 1> <Delay = 0.97> <FuncUnit> <Opcode : 'and' 'or' 'xor'> <InPorts = 2> <OutPorts = 1>
ST_5 : Operation 115 [1/1] (0.00ns) (grouped into LUT with out node select_ln117_73)   --->   "%and_ln102_98 = and i1 %and_ln102_97, i1 %and_ln104_13" [firmware/BDT.h:102]   --->   Operation 115 'and' 'and_ln102_98' <Predicate = true> <Delay = 0.00> <CoreInst = "LogicGate">   --->   Core 74 'LogicGate' <Latency = 0> <II = 1> <Delay = 0.97> <FuncUnit> <Opcode : 'and' 'or' 'xor'> <InPorts = 2> <OutPorts = 1>
ST_5 : Operation 116 [1/1] (0.00ns) (grouped into LUT with out node select_ln117_69)   --->   "%or_ln117_61 = or i1 %or_ln117_60, i1 %and_ln102_95" [firmware/BDT.h:117]   --->   Operation 116 'or' 'or_ln117_61' <Predicate = (or_ln117_62)> <Delay = 0.00> <CoreInst = "LogicGate">   --->   Core 74 'LogicGate' <Latency = 0> <II = 1> <Delay = 0.97> <FuncUnit> <Opcode : 'and' 'or' 'xor'> <InPorts = 2> <OutPorts = 1>
ST_5 : Operation 117 [1/1] (0.00ns) (grouped into LUT with out node select_ln117_69)   --->   "%select_ln117_68 = select i1 %or_ln117_61, i4 %select_ln117_67, i4 12" [firmware/BDT.h:117]   --->   Operation 117 'select' 'select_ln117_68' <Predicate = (or_ln117_62)> <Delay = 0.00> <CoreInst = "Sel">   --->   Core 73 'Sel' <Latency = 0> <II = 1> <Delay = 1.02> <FuncUnit> <Opcode : 'select'> <InPorts = 3> <OutPorts = 1>
ST_5 : Operation 118 [1/1] (0.00ns) (grouped into LUT with out node select_ln117_71)   --->   "%or_ln117_63 = or i1 %or_ln117_62, i1 %and_ln102_96" [firmware/BDT.h:117]   --->   Operation 118 'or' 'or_ln117_63' <Predicate = true> <Delay = 0.00> <CoreInst = "LogicGate">   --->   Core 74 'LogicGate' <Latency = 0> <II = 1> <Delay = 0.97> <FuncUnit> <Opcode : 'and' 'or' 'xor'> <InPorts = 2> <OutPorts = 1>
ST_5 : Operation 119 [1/1] (1.02ns) (out node of the LUT)   --->   "%select_ln117_69 = select i1 %or_ln117_62, i4 %select_ln117_68, i4 13" [firmware/BDT.h:117]   --->   Operation 119 'select' 'select_ln117_69' <Predicate = true> <Delay = 1.02> <CoreInst = "Sel">   --->   Core 73 'Sel' <Latency = 0> <II = 1> <Delay = 1.02> <FuncUnit> <Opcode : 'select'> <InPorts = 3> <OutPorts = 1>
ST_5 : Operation 120 [1/1] (0.97ns)   --->   "%or_ln117_64 = or i1 %or_ln117_62, i1 %and_ln102_83" [firmware/BDT.h:117]   --->   Operation 120 'or' 'or_ln117_64' <Predicate = true> <Delay = 0.97> <CoreInst = "LogicGate">   --->   Core 74 'LogicGate' <Latency = 0> <II = 1> <Delay = 0.97> <FuncUnit> <Opcode : 'and' 'or' 'xor'> <InPorts = 2> <OutPorts = 1>
ST_5 : Operation 121 [1/1] (0.00ns) (grouped into LUT with out node select_ln117_71)   --->   "%select_ln117_70 = select i1 %or_ln117_63, i4 %select_ln117_69, i4 14" [firmware/BDT.h:117]   --->   Operation 121 'select' 'select_ln117_70' <Predicate = true> <Delay = 0.00> <CoreInst = "Sel">   --->   Core 73 'Sel' <Latency = 0> <II = 1> <Delay = 1.02> <FuncUnit> <Opcode : 'select'> <InPorts = 3> <OutPorts = 1>
ST_5 : Operation 122 [1/1] (0.00ns) (grouped into LUT with out node select_ln117_73)   --->   "%or_ln117_65 = or i1 %or_ln117_64, i1 %and_ln102_98" [firmware/BDT.h:117]   --->   Operation 122 'or' 'or_ln117_65' <Predicate = true> <Delay = 0.00> <CoreInst = "LogicGate">   --->   Core 74 'LogicGate' <Latency = 0> <II = 1> <Delay = 0.97> <FuncUnit> <Opcode : 'and' 'or' 'xor'> <InPorts = 2> <OutPorts = 1>
ST_5 : Operation 123 [1/1] (1.02ns) (out node of the LUT)   --->   "%select_ln117_71 = select i1 %or_ln117_64, i4 %select_ln117_70, i4 15" [firmware/BDT.h:117]   --->   Operation 123 'select' 'select_ln117_71' <Predicate = true> <Delay = 1.02> <CoreInst = "Sel">   --->   Core 73 'Sel' <Latency = 0> <II = 1> <Delay = 1.02> <FuncUnit> <Opcode : 'select'> <InPorts = 3> <OutPorts = 1>
ST_5 : Operation 124 [1/1] (0.00ns) (grouped into LUT with out node select_ln117_73)   --->   "%zext_ln117_9 = zext i4 %select_ln117_71" [firmware/BDT.h:117]   --->   Operation 124 'zext' 'zext_ln117_9' <Predicate = true> <Delay = 0.00>
ST_5 : Operation 125 [1/1] (0.97ns)   --->   "%or_ln117_66 = or i1 %and_ln104_16, i1 %icmp_ln86" [firmware/BDT.h:117]   --->   Operation 125 'or' 'or_ln117_66' <Predicate = true> <Delay = 0.97> <CoreInst = "LogicGate">   --->   Core 74 'LogicGate' <Latency = 0> <II = 1> <Delay = 0.97> <FuncUnit> <Opcode : 'and' 'or' 'xor'> <InPorts = 2> <OutPorts = 1>
ST_5 : Operation 126 [1/1] (0.00ns) (grouped into LUT with out node select_ln117_73)   --->   "%select_ln117_72 = select i1 %or_ln117_65, i5 %zext_ln117_9, i5 16" [firmware/BDT.h:117]   --->   Operation 126 'select' 'select_ln117_72' <Predicate = true> <Delay = 0.00> <CoreInst = "Sel">   --->   Core 73 'Sel' <Latency = 0> <II = 1> <Delay = 1.21> <FuncUnit> <Opcode : 'select'> <InPorts = 3> <OutPorts = 1>
ST_5 : Operation 127 [1/1] (1.21ns) (out node of the LUT)   --->   "%select_ln117_73 = select i1 %or_ln117_66, i5 %select_ln117_72, i5 17" [firmware/BDT.h:117]   --->   Operation 127 'select' 'select_ln117_73' <Predicate = true> <Delay = 1.21> <CoreInst = "Sel">   --->   Core 73 'Sel' <Latency = 0> <II = 1> <Delay = 1.21> <FuncUnit> <Opcode : 'select'> <InPorts = 3> <OutPorts = 1>
ST_5 : Operation 128 [1/1] (0.97ns)   --->   "%or_ln117_68 = or i1 %and_ln102_78, i1 %icmp_ln86" [firmware/BDT.h:117]   --->   Operation 128 'or' 'or_ln117_68' <Predicate = true> <Delay = 0.97> <CoreInst = "LogicGate">   --->   Core 74 'LogicGate' <Latency = 0> <II = 1> <Delay = 0.97> <FuncUnit> <Opcode : 'and' 'or' 'xor'> <InPorts = 2> <OutPorts = 1>
ST_5 : Operation 129 [1/1] (0.97ns)   --->   "%or_ln117_72 = or i1 %and_ln102_75, i1 %icmp_ln86" [firmware/BDT.h:117]   --->   Operation 129 'or' 'or_ln117_72' <Predicate = true> <Delay = 0.97> <CoreInst = "LogicGate">   --->   Core 74 'LogicGate' <Latency = 0> <II = 1> <Delay = 0.97> <FuncUnit> <Opcode : 'and' 'or' 'xor'> <InPorts = 2> <OutPorts = 1>

State 6 <SV = 5> <Delay = 3.64>
ST_6 : Operation 130 [1/1] (0.97ns)   --->   "%and_ln102_79 = and i1 %icmp_ln86_66, i1 %and_ln104_11" [firmware/BDT.h:102]   --->   Operation 130 'and' 'and_ln102_79' <Predicate = true> <Delay = 0.97> <CoreInst = "LogicGate">   --->   Core 74 'LogicGate' <Latency = 0> <II = 1> <Delay = 0.97> <FuncUnit> <Opcode : 'and' 'or' 'xor'> <InPorts = 2> <OutPorts = 1>
ST_6 : Operation 131 [1/1] (0.00ns) (grouped into LUT with out node and_ln104_15)   --->   "%xor_ln104_34 = xor i1 %icmp_ln86_66, i1 1" [firmware/BDT.h:104]   --->   Operation 131 'xor' 'xor_ln104_34' <Predicate = true> <Delay = 0.00> <CoreInst = "LogicGate">   --->   Core 74 'LogicGate' <Latency = 0> <II = 1> <Delay = 0.97> <FuncUnit> <Opcode : 'and' 'or' 'xor'> <InPorts = 2> <OutPorts = 1>
ST_6 : Operation 132 [1/1] (0.97ns) (out node of the LUT)   --->   "%and_ln104_15 = and i1 %and_ln104_11, i1 %xor_ln104_34" [firmware/BDT.h:104]   --->   Operation 132 'and' 'and_ln104_15' <Predicate = true> <Delay = 0.97> <CoreInst = "LogicGate">   --->   Core 74 'LogicGate' <Latency = 0> <II = 1> <Delay = 0.97> <FuncUnit> <Opcode : 'and' 'or' 'xor'> <InPorts = 2> <OutPorts = 1>
ST_6 : Operation 133 [1/1] (0.00ns) (grouped into LUT with out node select_ln117_79)   --->   "%xor_ln104_40 = xor i1 %icmp_ln86_72, i1 1" [firmware/BDT.h:104]   --->   Operation 133 'xor' 'xor_ln104_40' <Predicate = (or_ln117_72)> <Delay = 0.00> <CoreInst = "LogicGate">   --->   Core 74 'LogicGate' <Latency = 0> <II = 1> <Delay = 0.97> <FuncUnit> <Opcode : 'and' 'or' 'xor'> <InPorts = 2> <OutPorts = 1>
ST_6 : Operation 134 [1/1] (0.97ns)   --->   "%and_ln102_85 = and i1 %icmp_ln86_73, i1 %and_ln102_79" [firmware/BDT.h:102]   --->   Operation 134 'and' 'and_ln102_85' <Predicate = true> <Delay = 0.97> <CoreInst = "LogicGate">   --->   Core 74 'LogicGate' <Latency = 0> <II = 1> <Delay = 0.97> <FuncUnit> <Opcode : 'and' 'or' 'xor'> <InPorts = 2> <OutPorts = 1>
ST_6 : Operation 135 [1/1] (0.00ns) (grouped into LUT with out node select_ln117_75)   --->   "%and_ln102_99 = and i1 %and_ln102_78, i1 %icmp_ln86_82" [firmware/BDT.h:102]   --->   Operation 135 'and' 'and_ln102_99' <Predicate = (or_ln117_68 & or_ln117_72)> <Delay = 0.00> <CoreInst = "LogicGate">   --->   Core 74 'LogicGate' <Latency = 0> <II = 1> <Delay = 0.97> <FuncUnit> <Opcode : 'and' 'or' 'xor'> <InPorts = 2> <OutPorts = 1>
ST_6 : Operation 136 [1/1] (0.00ns) (grouped into LUT with out node select_ln117_75)   --->   "%and_ln102_100 = and i1 %and_ln102_99, i1 %icmp_ln86_71" [firmware/BDT.h:102]   --->   Operation 136 'and' 'and_ln102_100' <Predicate = (or_ln117_68 & or_ln117_72)> <Delay = 0.00> <CoreInst = "LogicGate">   --->   Core 74 'LogicGate' <Latency = 0> <II = 1> <Delay = 0.97> <FuncUnit> <Opcode : 'and' 'or' 'xor'> <InPorts = 2> <OutPorts = 1>
ST_6 : Operation 137 [1/1] (0.00ns) (grouped into LUT with out node select_ln117_77)   --->   "%and_ln102_101 = and i1 %icmp_ln86_83, i1 %and_ln102_84" [firmware/BDT.h:102]   --->   Operation 137 'and' 'and_ln102_101' <Predicate = (or_ln117_72)> <Delay = 0.00> <CoreInst = "LogicGate">   --->   Core 74 'LogicGate' <Latency = 0> <II = 1> <Delay = 0.97> <FuncUnit> <Opcode : 'and' 'or' 'xor'> <InPorts = 2> <OutPorts = 1>
ST_6 : Operation 138 [1/1] (0.00ns) (grouped into LUT with out node select_ln117_79)   --->   "%and_ln102_102 = and i1 %icmp_ln86_84, i1 %xor_ln104_40" [firmware/BDT.h:102]   --->   Operation 138 'and' 'and_ln102_102' <Predicate = (or_ln117_72)> <Delay = 0.00> <CoreInst = "LogicGate">   --->   Core 74 'LogicGate' <Latency = 0> <II = 1> <Delay = 0.97> <FuncUnit> <Opcode : 'and' 'or' 'xor'> <InPorts = 2> <OutPorts = 1>
ST_6 : Operation 139 [1/1] (0.00ns) (grouped into LUT with out node select_ln117_79)   --->   "%and_ln102_103 = and i1 %and_ln102_102, i1 %and_ln104_14" [firmware/BDT.h:102]   --->   Operation 139 'and' 'and_ln102_103' <Predicate = (or_ln117_72)> <Delay = 0.00> <CoreInst = "LogicGate">   --->   Core 74 'LogicGate' <Latency = 0> <II = 1> <Delay = 0.97> <FuncUnit> <Opcode : 'and' 'or' 'xor'> <InPorts = 2> <OutPorts = 1>
ST_6 : Operation 140 [1/1] (0.00ns) (grouped into LUT with out node select_ln117_75)   --->   "%or_ln117_67 = or i1 %or_ln117_66, i1 %and_ln102_100" [firmware/BDT.h:117]   --->   Operation 140 'or' 'or_ln117_67' <Predicate = (or_ln117_68 & or_ln117_72)> <Delay = 0.00> <CoreInst = "LogicGate">   --->   Core 74 'LogicGate' <Latency = 0> <II = 1> <Delay = 0.97> <FuncUnit> <Opcode : 'and' 'or' 'xor'> <InPorts = 2> <OutPorts = 1>
ST_6 : Operation 141 [1/1] (0.00ns) (grouped into LUT with out node select_ln117_75)   --->   "%select_ln117_74 = select i1 %or_ln117_67, i5 %select_ln117_73, i5 18" [firmware/BDT.h:117]   --->   Operation 141 'select' 'select_ln117_74' <Predicate = (or_ln117_68 & or_ln117_72)> <Delay = 0.00> <CoreInst = "Sel">   --->   Core 73 'Sel' <Latency = 0> <II = 1> <Delay = 1.21> <FuncUnit> <Opcode : 'select'> <InPorts = 3> <OutPorts = 1>
ST_6 : Operation 142 [1/1] (0.00ns) (grouped into LUT with out node select_ln117_77)   --->   "%or_ln117_69 = or i1 %or_ln117_68, i1 %and_ln102_101" [firmware/BDT.h:117]   --->   Operation 142 'or' 'or_ln117_69' <Predicate = (or_ln117_72)> <Delay = 0.00> <CoreInst = "LogicGate">   --->   Core 74 'LogicGate' <Latency = 0> <II = 1> <Delay = 0.97> <FuncUnit> <Opcode : 'and' 'or' 'xor'> <InPorts = 2> <OutPorts = 1>
ST_6 : Operation 143 [1/1] (1.21ns) (out node of the LUT)   --->   "%select_ln117_75 = select i1 %or_ln117_68, i5 %select_ln117_74, i5 19" [firmware/BDT.h:117]   --->   Operation 143 'select' 'select_ln117_75' <Predicate = (or_ln117_72)> <Delay = 1.21> <CoreInst = "Sel">   --->   Core 73 'Sel' <Latency = 0> <II = 1> <Delay = 1.21> <FuncUnit> <Opcode : 'select'> <InPorts = 3> <OutPorts = 1>
ST_6 : Operation 144 [1/1] (0.97ns)   --->   "%or_ln117_70 = or i1 %or_ln117_68, i1 %and_ln102_84" [firmware/BDT.h:117]   --->   Operation 144 'or' 'or_ln117_70' <Predicate = (or_ln117_72)> <Delay = 0.97> <CoreInst = "LogicGate">   --->   Core 74 'LogicGate' <Latency = 0> <II = 1> <Delay = 0.97> <FuncUnit> <Opcode : 'and' 'or' 'xor'> <InPorts = 2> <OutPorts = 1>
ST_6 : Operation 145 [1/1] (0.00ns) (grouped into LUT with out node select_ln117_77)   --->   "%select_ln117_76 = select i1 %or_ln117_69, i5 %select_ln117_75, i5 20" [firmware/BDT.h:117]   --->   Operation 145 'select' 'select_ln117_76' <Predicate = (or_ln117_72)> <Delay = 0.00> <CoreInst = "Sel">   --->   Core 73 'Sel' <Latency = 0> <II = 1> <Delay = 1.21> <FuncUnit> <Opcode : 'select'> <InPorts = 3> <OutPorts = 1>
ST_6 : Operation 146 [1/1] (0.00ns) (grouped into LUT with out node select_ln117_79)   --->   "%or_ln117_71 = or i1 %or_ln117_70, i1 %and_ln102_103" [firmware/BDT.h:117]   --->   Operation 146 'or' 'or_ln117_71' <Predicate = (or_ln117_72)> <Delay = 0.00> <CoreInst = "LogicGate">   --->   Core 74 'LogicGate' <Latency = 0> <II = 1> <Delay = 0.97> <FuncUnit> <Opcode : 'and' 'or' 'xor'> <InPorts = 2> <OutPorts = 1>
ST_6 : Operation 147 [1/1] (1.21ns) (out node of the LUT)   --->   "%select_ln117_77 = select i1 %or_ln117_70, i5 %select_ln117_76, i5 21" [firmware/BDT.h:117]   --->   Operation 147 'select' 'select_ln117_77' <Predicate = (or_ln117_72)> <Delay = 1.21> <CoreInst = "Sel">   --->   Core 73 'Sel' <Latency = 0> <II = 1> <Delay = 1.21> <FuncUnit> <Opcode : 'select'> <InPorts = 3> <OutPorts = 1>
ST_6 : Operation 148 [1/1] (0.00ns) (grouped into LUT with out node select_ln117_79)   --->   "%select_ln117_78 = select i1 %or_ln117_71, i5 %select_ln117_77, i5 22" [firmware/BDT.h:117]   --->   Operation 148 'select' 'select_ln117_78' <Predicate = (or_ln117_72)> <Delay = 0.00> <CoreInst = "Sel">   --->   Core 73 'Sel' <Latency = 0> <II = 1> <Delay = 1.21> <FuncUnit> <Opcode : 'select'> <InPorts = 3> <OutPorts = 1>
ST_6 : Operation 149 [1/1] (1.21ns) (out node of the LUT)   --->   "%select_ln117_79 = select i1 %or_ln117_72, i5 %select_ln117_78, i5 23" [firmware/BDT.h:117]   --->   Operation 149 'select' 'select_ln117_79' <Predicate = true> <Delay = 1.21> <CoreInst = "Sel">   --->   Core 73 'Sel' <Latency = 0> <II = 1> <Delay = 1.21> <FuncUnit> <Opcode : 'select'> <InPorts = 3> <OutPorts = 1>
ST_6 : Operation 150 [1/1] (0.97ns)   --->   "%or_ln117_74 = or i1 %or_ln117_72, i1 %and_ln102_85" [firmware/BDT.h:117]   --->   Operation 150 'or' 'or_ln117_74' <Predicate = true> <Delay = 0.97> <CoreInst = "LogicGate">   --->   Core 74 'LogicGate' <Latency = 0> <II = 1> <Delay = 0.97> <FuncUnit> <Opcode : 'and' 'or' 'xor'> <InPorts = 2> <OutPorts = 1>

State 7 <SV = 6> <Delay = 3.64>
ST_7 : Operation 151 [1/1] (0.00ns) (grouped into LUT with out node select_ln117_83)   --->   "%xor_ln104_41 = xor i1 %icmp_ln86_73, i1 1" [firmware/BDT.h:104]   --->   Operation 151 'xor' 'xor_ln104_41' <Predicate = true> <Delay = 0.00> <CoreInst = "LogicGate">   --->   Core 74 'LogicGate' <Latency = 0> <II = 1> <Delay = 0.97> <FuncUnit> <Opcode : 'and' 'or' 'xor'> <InPorts = 2> <OutPorts = 1>
ST_7 : Operation 152 [1/1] (0.97ns)   --->   "%and_ln102_86 = and i1 %icmp_ln86_74, i1 %and_ln104_15" [firmware/BDT.h:102]   --->   Operation 152 'and' 'and_ln102_86' <Predicate = true> <Delay = 0.97> <CoreInst = "LogicGate">   --->   Core 74 'LogicGate' <Latency = 0> <II = 1> <Delay = 0.97> <FuncUnit> <Opcode : 'and' 'or' 'xor'> <InPorts = 2> <OutPorts = 1>
ST_7 : Operation 153 [1/1] (0.00ns) (grouped into LUT with out node select_ln117_81)   --->   "%and_ln102_104 = and i1 %icmp_ln86_85, i1 %and_ln102_85" [firmware/BDT.h:102]   --->   Operation 153 'and' 'and_ln102_104' <Predicate = (or_ln117_74)> <Delay = 0.00> <CoreInst = "LogicGate">   --->   Core 74 'LogicGate' <Latency = 0> <II = 1> <Delay = 0.97> <FuncUnit> <Opcode : 'and' 'or' 'xor'> <InPorts = 2> <OutPorts = 1>
ST_7 : Operation 154 [1/1] (0.00ns) (grouped into LUT with out node select_ln117_83)   --->   "%and_ln102_105 = and i1 %icmp_ln86_86, i1 %xor_ln104_41" [firmware/BDT.h:102]   --->   Operation 154 'and' 'and_ln102_105' <Predicate = true> <Delay = 0.00> <CoreInst = "LogicGate">   --->   Core 74 'LogicGate' <Latency = 0> <II = 1> <Delay = 0.97> <FuncUnit> <Opcode : 'and' 'or' 'xor'> <InPorts = 2> <OutPorts = 1>
ST_7 : Operation 155 [1/1] (0.00ns) (grouped into LUT with out node select_ln117_83)   --->   "%and_ln102_106 = and i1 %and_ln102_105, i1 %and_ln102_79" [firmware/BDT.h:102]   --->   Operation 155 'and' 'and_ln102_106' <Predicate = true> <Delay = 0.00> <CoreInst = "LogicGate">   --->   Core 74 'LogicGate' <Latency = 0> <II = 1> <Delay = 0.97> <FuncUnit> <Opcode : 'and' 'or' 'xor'> <InPorts = 2> <OutPorts = 1>
ST_7 : Operation 156 [1/1] (0.00ns) (grouped into LUT with out node select_ln117_85)   --->   "%and_ln102_107 = and i1 %icmp_ln86_87, i1 %and_ln102_86" [firmware/BDT.h:102]   --->   Operation 156 'and' 'and_ln102_107' <Predicate = true> <Delay = 0.00> <CoreInst = "LogicGate">   --->   Core 74 'LogicGate' <Latency = 0> <II = 1> <Delay = 0.97> <FuncUnit> <Opcode : 'and' 'or' 'xor'> <InPorts = 2> <OutPorts = 1>
ST_7 : Operation 157 [1/1] (0.00ns) (grouped into LUT with out node select_ln117_81)   --->   "%or_ln117_73 = or i1 %or_ln117_72, i1 %and_ln102_104" [firmware/BDT.h:117]   --->   Operation 157 'or' 'or_ln117_73' <Predicate = (or_ln117_74)> <Delay = 0.00> <CoreInst = "LogicGate">   --->   Core 74 'LogicGate' <Latency = 0> <II = 1> <Delay = 0.97> <FuncUnit> <Opcode : 'and' 'or' 'xor'> <InPorts = 2> <OutPorts = 1>
ST_7 : Operation 158 [1/1] (0.00ns) (grouped into LUT with out node select_ln117_81)   --->   "%select_ln117_80 = select i1 %or_ln117_73, i5 %select_ln117_79, i5 24" [firmware/BDT.h:117]   --->   Operation 158 'select' 'select_ln117_80' <Predicate = (or_ln117_74)> <Delay = 0.00> <CoreInst = "Sel">   --->   Core 73 'Sel' <Latency = 0> <II = 1> <Delay = 1.21> <FuncUnit> <Opcode : 'select'> <InPorts = 3> <OutPorts = 1>
ST_7 : Operation 159 [1/1] (0.00ns) (grouped into LUT with out node select_ln117_83)   --->   "%or_ln117_75 = or i1 %or_ln117_74, i1 %and_ln102_106" [firmware/BDT.h:117]   --->   Operation 159 'or' 'or_ln117_75' <Predicate = true> <Delay = 0.00> <CoreInst = "LogicGate">   --->   Core 74 'LogicGate' <Latency = 0> <II = 1> <Delay = 0.97> <FuncUnit> <Opcode : 'and' 'or' 'xor'> <InPorts = 2> <OutPorts = 1>
ST_7 : Operation 160 [1/1] (1.21ns) (out node of the LUT)   --->   "%select_ln117_81 = select i1 %or_ln117_74, i5 %select_ln117_80, i5 25" [firmware/BDT.h:117]   --->   Operation 160 'select' 'select_ln117_81' <Predicate = true> <Delay = 1.21> <CoreInst = "Sel">   --->   Core 73 'Sel' <Latency = 0> <II = 1> <Delay = 1.21> <FuncUnit> <Opcode : 'select'> <InPorts = 3> <OutPorts = 1>
ST_7 : Operation 161 [1/1] (0.97ns)   --->   "%or_ln117_76 = or i1 %or_ln117_72, i1 %and_ln102_79" [firmware/BDT.h:117]   --->   Operation 161 'or' 'or_ln117_76' <Predicate = true> <Delay = 0.97> <CoreInst = "LogicGate">   --->   Core 74 'LogicGate' <Latency = 0> <II = 1> <Delay = 0.97> <FuncUnit> <Opcode : 'and' 'or' 'xor'> <InPorts = 2> <OutPorts = 1>
ST_7 : Operation 162 [1/1] (0.00ns) (grouped into LUT with out node select_ln117_83)   --->   "%select_ln117_82 = select i1 %or_ln117_75, i5 %select_ln117_81, i5 26" [firmware/BDT.h:117]   --->   Operation 162 'select' 'select_ln117_82' <Predicate = true> <Delay = 0.00> <CoreInst = "Sel">   --->   Core 73 'Sel' <Latency = 0> <II = 1> <Delay = 1.21> <FuncUnit> <Opcode : 'select'> <InPorts = 3> <OutPorts = 1>
ST_7 : Operation 163 [1/1] (0.00ns) (grouped into LUT with out node select_ln117_85)   --->   "%or_ln117_77 = or i1 %or_ln117_76, i1 %and_ln102_107" [firmware/BDT.h:117]   --->   Operation 163 'or' 'or_ln117_77' <Predicate = true> <Delay = 0.00> <CoreInst = "LogicGate">   --->   Core 74 'LogicGate' <Latency = 0> <II = 1> <Delay = 0.97> <FuncUnit> <Opcode : 'and' 'or' 'xor'> <InPorts = 2> <OutPorts = 1>
ST_7 : Operation 164 [1/1] (1.21ns) (out node of the LUT)   --->   "%select_ln117_83 = select i1 %or_ln117_76, i5 %select_ln117_82, i5 27" [firmware/BDT.h:117]   --->   Operation 164 'select' 'select_ln117_83' <Predicate = true> <Delay = 1.21> <CoreInst = "Sel">   --->   Core 73 'Sel' <Latency = 0> <II = 1> <Delay = 1.21> <FuncUnit> <Opcode : 'select'> <InPorts = 3> <OutPorts = 1>
ST_7 : Operation 165 [1/1] (0.97ns)   --->   "%or_ln117_78 = or i1 %or_ln117_76, i1 %and_ln102_86" [firmware/BDT.h:117]   --->   Operation 165 'or' 'or_ln117_78' <Predicate = true> <Delay = 0.97> <CoreInst = "LogicGate">   --->   Core 74 'LogicGate' <Latency = 0> <II = 1> <Delay = 0.97> <FuncUnit> <Opcode : 'and' 'or' 'xor'> <InPorts = 2> <OutPorts = 1>
ST_7 : Operation 166 [1/1] (0.00ns) (grouped into LUT with out node select_ln117_85)   --->   "%select_ln117_84 = select i1 %or_ln117_77, i5 %select_ln117_83, i5 28" [firmware/BDT.h:117]   --->   Operation 166 'select' 'select_ln117_84' <Predicate = true> <Delay = 0.00> <CoreInst = "Sel">   --->   Core 73 'Sel' <Latency = 0> <II = 1> <Delay = 1.21> <FuncUnit> <Opcode : 'select'> <InPorts = 3> <OutPorts = 1>
ST_7 : Operation 167 [1/1] (1.21ns) (out node of the LUT)   --->   "%select_ln117_85 = select i1 %or_ln117_78, i5 %select_ln117_84, i5 29" [firmware/BDT.h:117]   --->   Operation 167 'select' 'select_ln117_85' <Predicate = true> <Delay = 1.21> <CoreInst = "Sel">   --->   Core 73 'Sel' <Latency = 0> <II = 1> <Delay = 1.21> <FuncUnit> <Opcode : 'select'> <InPorts = 3> <OutPorts = 1>

State 8 <SV = 7> <Delay = 3.20>
ST_8 : Operation 168 [1/1] (0.00ns)   --->   "%specpipeline_ln86 = specpipeline void @_ssdm_op_SpecPipeline, i32 1, i32 0, i32 0, i32 0, void @empty_0" [firmware/BDT.h:86]   --->   Operation 168 'specpipeline' 'specpipeline_ln86' <Predicate = true> <Delay = 0.00>
ST_8 : Operation 169 [1/1] (0.00ns) (grouped into LUT with out node agg_result)   --->   "%xor_ln104_42 = xor i1 %icmp_ln86_74, i1 1" [firmware/BDT.h:104]   --->   Operation 169 'xor' 'xor_ln104_42' <Predicate = true> <Delay = 0.00> <CoreInst = "LogicGate">   --->   Core 74 'LogicGate' <Latency = 0> <II = 1> <Delay = 0.97> <FuncUnit> <Opcode : 'and' 'or' 'xor'> <InPorts = 2> <OutPorts = 1>
ST_8 : Operation 170 [1/1] (0.00ns) (grouped into LUT with out node agg_result)   --->   "%and_ln102_108 = and i1 %icmp_ln86_88, i1 %xor_ln104_42" [firmware/BDT.h:102]   --->   Operation 170 'and' 'and_ln102_108' <Predicate = true> <Delay = 0.00> <CoreInst = "LogicGate">   --->   Core 74 'LogicGate' <Latency = 0> <II = 1> <Delay = 0.97> <FuncUnit> <Opcode : 'and' 'or' 'xor'> <InPorts = 2> <OutPorts = 1>
ST_8 : Operation 171 [1/1] (0.00ns) (grouped into LUT with out node agg_result)   --->   "%and_ln102_109 = and i1 %and_ln102_108, i1 %and_ln104_15" [firmware/BDT.h:102]   --->   Operation 171 'and' 'and_ln102_109' <Predicate = true> <Delay = 0.00> <CoreInst = "LogicGate">   --->   Core 74 'LogicGate' <Latency = 0> <II = 1> <Delay = 0.97> <FuncUnit> <Opcode : 'and' 'or' 'xor'> <InPorts = 2> <OutPorts = 1>
ST_8 : Operation 172 [1/1] (0.00ns) (grouped into LUT with out node agg_result)   --->   "%or_ln117_79 = or i1 %or_ln117_78, i1 %and_ln102_109" [firmware/BDT.h:117]   --->   Operation 172 'or' 'or_ln117_79' <Predicate = true> <Delay = 0.00> <CoreInst = "LogicGate">   --->   Core 74 'LogicGate' <Latency = 0> <II = 1> <Delay = 0.97> <FuncUnit> <Opcode : 'and' 'or' 'xor'> <InPorts = 2> <OutPorts = 1>
ST_8 : Operation 173 [1/1] (0.00ns) (grouped into LUT with out node agg_result)   --->   "%select_ln117_86 = select i1 %or_ln117_79, i5 %select_ln117_85, i5 30" [firmware/BDT.h:117]   --->   Operation 173 'select' 'select_ln117_86' <Predicate = true> <Delay = 0.00> <CoreInst = "Sel">   --->   Core 73 'Sel' <Latency = 0> <II = 1> <Delay = 1.21> <FuncUnit> <Opcode : 'select'> <InPorts = 3> <OutPorts = 1>
ST_8 : Operation 174 [1/1] (3.20ns) (out node of the LUT)   --->   "%agg_result = sparsemux i12 @_ssdm_op_SparseMux.ap_auto.31i12.i12.i5, i5 0, i12 1663, i5 1, i12 191, i5 2, i12 4092, i5 3, i12 4033, i5 4, i12 137, i5 5, i12 286, i5 6, i12 3890, i5 7, i12 400, i5 8, i12 51, i5 9, i12 4074, i5 10, i12 7, i5 11, i12 4029, i5 12, i12 5, i5 13, i12 80, i5 14, i12 288, i5 15, i12 235, i5 16, i12 3705, i5 17, i12 123, i5 18, i12 478, i5 19, i12 4024, i5 20, i12 316, i5 21, i12 3595, i5 22, i12 63, i5 23, i12 4077, i5 24, i12 3841, i5 25, i12 37, i5 26, i12 3940, i5 27, i12 1443, i5 28, i12 4059, i5 29, i12 3740, i5 30, i12 4087, i12 0, i5 %select_ln117_86" [firmware/BDT.h:118]   --->   Operation 174 'sparsemux' 'agg_result' <Predicate = true> <Delay = 3.20> <CoreInst = "BinarySparseMux_DontCare">   --->   Core 137 'BinarySparseMux_DontCare' <Latency = 0> <II = 1> <Delay = 3.20> <FuncUnit> <Opcode : 'sparsemux'> <InPorts = 2> <OutPorts = 1>
ST_8 : Operation 175 [1/1] (0.00ns)   --->   "%ret_ln122 = ret i12 %agg_result" [firmware/BDT.h:122]   --->   Operation 175 'ret' 'ret_ln122' <Predicate = true> <Delay = 0.00>


============================================================
+ Verbose Summary: Timing violations
============================================================
Target clock period: 5.000ns, clock uncertainty: 1.350ns.

 <State 1>: 3.114ns
The critical path consists of the following:
	wire read operation ('x_12_val_read', firmware/BDT.h:86) on port 'x_12_val' (firmware/BDT.h:86) [15]  (0.000 ns)
	'icmp' operation 1 bit ('icmp_ln86', firmware/BDT.h:86) [24]  (2.136 ns)
	'xor' operation 1 bit ('xor_ln104', firmware/BDT.h:104) [55]  (0.978 ns)

 <State 2>: 2.934ns
The critical path consists of the following:
	'and' operation 1 bit ('and_ln102', firmware/BDT.h:102) [56]  (0.978 ns)
	'and' operation 1 bit ('and_ln102_76', firmware/BDT.h:102) [62]  (0.978 ns)
	'and' operation 1 bit ('and_ln102_80', firmware/BDT.h:102) [74]  (0.978 ns)

 <State 3>: 2.951ns
The critical path consists of the following:
	'or' operation 1 bit ('or_ln117_52', firmware/BDT.h:117) [117]  (0.978 ns)
	'select' operation 2 bit ('select_ln117_59', firmware/BDT.h:117) [120]  (0.993 ns)
	'select' operation 3 bit ('select_ln117_60', firmware/BDT.h:117) [123]  (0.000 ns)
	'select' operation 3 bit ('select_ln117_61', firmware/BDT.h:117) [125]  (0.980 ns)

 <State 4>: 3.028ns
The critical path consists of the following:
	'and' operation 1 bit ('and_ln102_90', firmware/BDT.h:102) [93]  (0.000 ns)
	'or' operation 1 bit ('or_ln117_55', firmware/BDT.h:117) [124]  (0.000 ns)
	'select' operation 3 bit ('select_ln117_62', firmware/BDT.h:117) [127]  (0.000 ns)
	'select' operation 3 bit ('select_ln117_63', firmware/BDT.h:117) [129]  (0.980 ns)
	'select' operation 4 bit ('select_ln117_64', firmware/BDT.h:117) [132]  (0.000 ns)
	'select' operation 4 bit ('select_ln117_65', firmware/BDT.h:117) [134]  (1.024 ns)
	'select' operation 4 bit ('select_ln117_66', firmware/BDT.h:117) [136]  (0.000 ns)
	'select' operation 4 bit ('select_ln117_67', firmware/BDT.h:117) [138]  (1.024 ns)

 <State 5>: 3.263ns
The critical path consists of the following:
	'xor' operation 1 bit ('xor_ln104_37', firmware/BDT.h:104) [79]  (0.000 ns)
	'and' operation 1 bit ('and_ln102_94', firmware/BDT.h:102) [97]  (0.000 ns)
	'and' operation 1 bit ('and_ln102_95', firmware/BDT.h:102) [98]  (0.000 ns)
	'or' operation 1 bit ('or_ln117_61', firmware/BDT.h:117) [137]  (0.000 ns)
	'select' operation 4 bit ('select_ln117_68', firmware/BDT.h:117) [140]  (0.000 ns)
	'select' operation 4 bit ('select_ln117_69', firmware/BDT.h:117) [142]  (1.024 ns)
	'select' operation 4 bit ('select_ln117_70', firmware/BDT.h:117) [144]  (0.000 ns)
	'select' operation 4 bit ('select_ln117_71', firmware/BDT.h:117) [146]  (1.024 ns)
	'select' operation 5 bit ('select_ln117_72', firmware/BDT.h:117) [149]  (0.000 ns)
	'select' operation 5 bit ('select_ln117_73', firmware/BDT.h:117) [151]  (1.215 ns)

 <State 6>: 3.645ns
The critical path consists of the following:
	'and' operation 1 bit ('and_ln102_99', firmware/BDT.h:102) [102]  (0.000 ns)
	'and' operation 1 bit ('and_ln102_100', firmware/BDT.h:102) [103]  (0.000 ns)
	'or' operation 1 bit ('or_ln117_67', firmware/BDT.h:117) [150]  (0.000 ns)
	'select' operation 5 bit ('select_ln117_74', firmware/BDT.h:117) [153]  (0.000 ns)
	'select' operation 5 bit ('select_ln117_75', firmware/BDT.h:117) [155]  (1.215 ns)
	'select' operation 5 bit ('select_ln117_76', firmware/BDT.h:117) [157]  (0.000 ns)
	'select' operation 5 bit ('select_ln117_77', firmware/BDT.h:117) [159]  (1.215 ns)
	'select' operation 5 bit ('select_ln117_78', firmware/BDT.h:117) [161]  (0.000 ns)
	'select' operation 5 bit ('select_ln117_79', firmware/BDT.h:117) [163]  (1.215 ns)

 <State 7>: 3.645ns
The critical path consists of the following:
	'and' operation 1 bit ('and_ln102_104', firmware/BDT.h:102) [107]  (0.000 ns)
	'or' operation 1 bit ('or_ln117_73', firmware/BDT.h:117) [162]  (0.000 ns)
	'select' operation 5 bit ('select_ln117_80', firmware/BDT.h:117) [165]  (0.000 ns)
	'select' operation 5 bit ('select_ln117_81', firmware/BDT.h:117) [167]  (1.215 ns)
	'select' operation 5 bit ('select_ln117_82', firmware/BDT.h:117) [169]  (0.000 ns)
	'select' operation 5 bit ('select_ln117_83', firmware/BDT.h:117) [171]  (1.215 ns)
	'select' operation 5 bit ('select_ln117_84', firmware/BDT.h:117) [173]  (0.000 ns)
	'select' operation 5 bit ('select_ln117_85', firmware/BDT.h:117) [175]  (1.215 ns)

 <State 8>: 3.205ns
The critical path consists of the following:
	'xor' operation 1 bit ('xor_ln104_42', firmware/BDT.h:104) [89]  (0.000 ns)
	'and' operation 1 bit ('and_ln102_108', firmware/BDT.h:102) [111]  (0.000 ns)
	'and' operation 1 bit ('and_ln102_109', firmware/BDT.h:102) [112]  (0.000 ns)
	'or' operation 1 bit ('or_ln117_79', firmware/BDT.h:117) [174]  (0.000 ns)
	'select' operation 5 bit ('select_ln117_86', firmware/BDT.h:117) [176]  (0.000 ns)
	'sparsemux' operation 12 bit ('agg_result', firmware/BDT.h:118) [177]  (3.205 ns)


============================================================
+ Verbose Summary: Binding
============================================================
N/A
* FSMD analyzer results:
  - Output states:
 - Input state : 
  - Chain level:
	State 1
	State 2
	State 3
	State 4
	State 5
	State 6
	State 7
	State 8


============================================================
+ Verbose Summary: Datapath Resource usage 
============================================================
N/A
