

================================================================
== Vitis HLS Report for 'decision_function_39'
================================================================
* Date:           Tue Mar 11 16:16:30 2025

* Version:        2024.2 (Build 5238294 on Nov  8 2024)
* Project:        my_prj
* Solution:       solution1 (Vivado IP Flow Target)
* Product family: zynq
* Target device:  xc7z020-clg400-1


================================================================
== Performance Estimates
================================================================
+ Timing: 
    * Summary: 
    +--------+---------+----------+------------+
    |  Clock |  Target | Estimated| Uncertainty|
    +--------+---------+----------+------------+
    |ap_clk  |  5.00 ns|  3.645 ns|     1.35 ns|
    +--------+---------+----------+------------+

+ Latency: 
    * Summary: 
    +---------+---------+-----------+-----------+-----+-----+---------+
    |  Latency (cycles) |   Latency (absolute)  |  Interval | Pipeline|
    |   min   |   max   |    min    |    max    | min | max |   Type  |
    +---------+---------+-----------+-----------+-----+-----+---------+
    |        7|        7|  35.000 ns|  35.000 ns|    1|    1|      yes|
    +---------+---------+-----------+-----------+-----+-----+---------+

    + Detail: 
        * Instance: 
        N/A

        * Loop: 
        N/A

============================================================
+ Verbose Summary: Synthesis Manager
============================================================
InlineROM: 1
ExposeGlobal: 0
============================================================
+ Verbose Summary: CDFG Model
============================================================
IsTopModel: 0
ResetActiveHigh: 1
IsCombinational: 0
IsDatapathOnly: 0
HasWiredReturn: 1
HasMFsm: 2
HasVarLatency: 0
IsPipeline: 1
IsRtlPipelined: 1
IsInstanceOverlapped: 0
IsDontTouch: 0
HasImplIP: 0
IsGatedGlobalClock: 0

+ Individual pipeline summary: 
  * Pipeline-0: initiation interval (II) = 1, depth = 8


============================================================
+ Verbose Summary: Schedule
============================================================
* Number of FSM states : 8
* Pipeline : 1
  Pipeline-0 : II = 1, D = 8, States = { 1 2 3 4 5 6 7 8 }
* Dataflow Pipeline: 0

* FSM state transitions: 
1 --> 2 
2 --> 3 
3 --> 4 
4 --> 5 
5 --> 6 
6 --> 7 
7 --> 8 
8 --> 

* FSM state operations: 

State 1 <SV = 0> <Delay = 3.11>
ST_1 : Operation 9 [1/1] (0.00ns)   --->   "%x_15_val_read = read i18 @_ssdm_op_Read.ap_auto.i18, i18 %x_15_val" [firmware/BDT.h:86]   --->   Operation 9 'read' 'x_15_val_read' <Predicate = true> <Delay = 0.00>
ST_1 : Operation 10 [1/1] (0.00ns)   --->   "%x_14_val_read = read i18 @_ssdm_op_Read.ap_auto.i18, i18 %x_14_val" [firmware/BDT.h:86]   --->   Operation 10 'read' 'x_14_val_read' <Predicate = true> <Delay = 0.00>
ST_1 : Operation 11 [1/1] (0.00ns)   --->   "%x_11_val_read = read i18 @_ssdm_op_Read.ap_auto.i18, i18 %x_11_val" [firmware/BDT.h:86]   --->   Operation 11 'read' 'x_11_val_read' <Predicate = true> <Delay = 0.00>
ST_1 : Operation 12 [1/1] (0.00ns)   --->   "%x_10_val_read = read i18 @_ssdm_op_Read.ap_auto.i18, i18 %x_10_val" [firmware/BDT.h:86]   --->   Operation 12 'read' 'x_10_val_read' <Predicate = true> <Delay = 0.00>
ST_1 : Operation 13 [1/1] (0.00ns)   --->   "%x_7_val_read = read i18 @_ssdm_op_Read.ap_auto.i18, i18 %x_7_val" [firmware/BDT.h:86]   --->   Operation 13 'read' 'x_7_val_read' <Predicate = true> <Delay = 0.00>
ST_1 : Operation 14 [1/1] (0.00ns)   --->   "%x_6_val_read = read i18 @_ssdm_op_Read.ap_auto.i18, i18 %x_6_val" [firmware/BDT.h:86]   --->   Operation 14 'read' 'x_6_val_read' <Predicate = true> <Delay = 0.00>
ST_1 : Operation 15 [1/1] (0.00ns)   --->   "%x_5_val_read = read i18 @_ssdm_op_Read.ap_auto.i18, i18 %x_5_val" [firmware/BDT.h:86]   --->   Operation 15 'read' 'x_5_val_read' <Predicate = true> <Delay = 0.00>
ST_1 : Operation 16 [1/1] (0.00ns)   --->   "%x_4_val_read = read i18 @_ssdm_op_Read.ap_auto.i18, i18 %x_4_val" [firmware/BDT.h:86]   --->   Operation 16 'read' 'x_4_val_read' <Predicate = true> <Delay = 0.00>
ST_1 : Operation 17 [1/1] (0.00ns)   --->   "%x_3_val_read = read i18 @_ssdm_op_Read.ap_auto.i18, i18 %x_3_val" [firmware/BDT.h:86]   --->   Operation 17 'read' 'x_3_val_read' <Predicate = true> <Delay = 0.00>
ST_1 : Operation 18 [1/1] (0.00ns)   --->   "%x_2_val_read = read i18 @_ssdm_op_Read.ap_auto.i18, i18 %x_2_val" [firmware/BDT.h:86]   --->   Operation 18 'read' 'x_2_val_read' <Predicate = true> <Delay = 0.00>
ST_1 : Operation 19 [1/1] (0.00ns)   --->   "%x_1_val_read = read i18 @_ssdm_op_Read.ap_auto.i18, i18 %x_1_val" [firmware/BDT.h:86]   --->   Operation 19 'read' 'x_1_val_read' <Predicate = true> <Delay = 0.00>
ST_1 : Operation 20 [1/1] (0.00ns)   --->   "%x_0_val_read = read i18 @_ssdm_op_Read.ap_auto.i18, i18 %x_0_val" [firmware/BDT.h:86]   --->   Operation 20 'read' 'x_0_val_read' <Predicate = true> <Delay = 0.00>
ST_1 : Operation 21 [1/1] (2.13ns)   --->   "%icmp_ln86 = icmp_slt  i18 %x_7_val_read, i18 261120" [firmware/BDT.h:86]   --->   Operation 21 'icmp' 'icmp_ln86' <Predicate = true> <Delay = 2.13> <CoreInst = "Cmp">   --->   Core 9 'Cmp' <Latency = 0> <II = 1> <Delay = 2.13> <FuncUnit> <Opcode : 'seteq' 'setne' 'setle' 'setge' 'setlt' 'setgt'> <InPorts = 2> <OutPorts = 1>
ST_1 : Operation 22 [1/1] (2.13ns)   --->   "%icmp_ln86_1102 = icmp_slt  i18 %x_4_val_read, i18 261829" [firmware/BDT.h:86]   --->   Operation 22 'icmp' 'icmp_ln86_1102' <Predicate = true> <Delay = 2.13> <CoreInst = "Cmp">   --->   Core 9 'Cmp' <Latency = 0> <II = 1> <Delay = 2.13> <FuncUnit> <Opcode : 'seteq' 'setne' 'setle' 'setge' 'setlt' 'setgt'> <InPorts = 2> <OutPorts = 1>
ST_1 : Operation 23 [1/1] (2.13ns)   --->   "%icmp_ln86_1103 = icmp_slt  i18 %x_3_val_read, i18 261944" [firmware/BDT.h:86]   --->   Operation 23 'icmp' 'icmp_ln86_1103' <Predicate = true> <Delay = 2.13> <CoreInst = "Cmp">   --->   Core 9 'Cmp' <Latency = 0> <II = 1> <Delay = 2.13> <FuncUnit> <Opcode : 'seteq' 'setne' 'setle' 'setge' 'setlt' 'setgt'> <InPorts = 2> <OutPorts = 1>
ST_1 : Operation 24 [1/1] (2.13ns)   --->   "%icmp_ln86_1104 = icmp_slt  i18 %x_2_val_read, i18 104" [firmware/BDT.h:86]   --->   Operation 24 'icmp' 'icmp_ln86_1104' <Predicate = true> <Delay = 2.13> <CoreInst = "Cmp">   --->   Core 9 'Cmp' <Latency = 0> <II = 1> <Delay = 2.13> <FuncUnit> <Opcode : 'seteq' 'setne' 'setle' 'setge' 'setlt' 'setgt'> <InPorts = 2> <OutPorts = 1>
ST_1 : Operation 25 [1/1] (2.13ns)   --->   "%icmp_ln86_1105 = icmp_slt  i18 %x_14_val_read, i18 249" [firmware/BDT.h:86]   --->   Operation 25 'icmp' 'icmp_ln86_1105' <Predicate = true> <Delay = 2.13> <CoreInst = "Cmp">   --->   Core 9 'Cmp' <Latency = 0> <II = 1> <Delay = 2.13> <FuncUnit> <Opcode : 'seteq' 'setne' 'setle' 'setge' 'setlt' 'setgt'> <InPorts = 2> <OutPorts = 1>
ST_1 : Operation 26 [1/1] (2.13ns)   --->   "%icmp_ln86_1106 = icmp_slt  i18 %x_1_val_read, i18 190" [firmware/BDT.h:86]   --->   Operation 26 'icmp' 'icmp_ln86_1106' <Predicate = true> <Delay = 2.13> <CoreInst = "Cmp">   --->   Core 9 'Cmp' <Latency = 0> <II = 1> <Delay = 2.13> <FuncUnit> <Opcode : 'seteq' 'setne' 'setle' 'setge' 'setlt' 'setgt'> <InPorts = 2> <OutPorts = 1>
ST_1 : Operation 27 [1/1] (2.13ns)   --->   "%icmp_ln86_1107 = icmp_slt  i18 %x_3_val_read, i18 262006" [firmware/BDT.h:86]   --->   Operation 27 'icmp' 'icmp_ln86_1107' <Predicate = true> <Delay = 2.13> <CoreInst = "Cmp">   --->   Core 9 'Cmp' <Latency = 0> <II = 1> <Delay = 2.13> <FuncUnit> <Opcode : 'seteq' 'setne' 'setle' 'setge' 'setlt' 'setgt'> <InPorts = 2> <OutPorts = 1>
ST_1 : Operation 28 [1/1] (2.13ns)   --->   "%icmp_ln86_1108 = icmp_slt  i18 %x_4_val_read, i18 261734" [firmware/BDT.h:86]   --->   Operation 28 'icmp' 'icmp_ln86_1108' <Predicate = true> <Delay = 2.13> <CoreInst = "Cmp">   --->   Core 9 'Cmp' <Latency = 0> <II = 1> <Delay = 2.13> <FuncUnit> <Opcode : 'seteq' 'setne' 'setle' 'setge' 'setlt' 'setgt'> <InPorts = 2> <OutPorts = 1>
ST_1 : Operation 29 [1/1] (2.13ns)   --->   "%icmp_ln86_1109 = icmp_slt  i18 %x_14_val_read, i18 235" [firmware/BDT.h:86]   --->   Operation 29 'icmp' 'icmp_ln86_1109' <Predicate = true> <Delay = 2.13> <CoreInst = "Cmp">   --->   Core 9 'Cmp' <Latency = 0> <II = 1> <Delay = 2.13> <FuncUnit> <Opcode : 'seteq' 'setne' 'setle' 'setge' 'setlt' 'setgt'> <InPorts = 2> <OutPorts = 1>
ST_1 : Operation 30 [1/1] (2.13ns)   --->   "%icmp_ln86_1110 = icmp_slt  i18 %x_15_val_read, i18 406" [firmware/BDT.h:86]   --->   Operation 30 'icmp' 'icmp_ln86_1110' <Predicate = true> <Delay = 2.13> <CoreInst = "Cmp">   --->   Core 9 'Cmp' <Latency = 0> <II = 1> <Delay = 2.13> <FuncUnit> <Opcode : 'seteq' 'setne' 'setle' 'setge' 'setlt' 'setgt'> <InPorts = 2> <OutPorts = 1>
ST_1 : Operation 31 [1/1] (2.13ns)   --->   "%icmp_ln86_1111 = icmp_slt  i18 %x_3_val_read, i18 261987" [firmware/BDT.h:86]   --->   Operation 31 'icmp' 'icmp_ln86_1111' <Predicate = true> <Delay = 2.13> <CoreInst = "Cmp">   --->   Core 9 'Cmp' <Latency = 0> <II = 1> <Delay = 2.13> <FuncUnit> <Opcode : 'seteq' 'setne' 'setle' 'setge' 'setlt' 'setgt'> <InPorts = 2> <OutPorts = 1>
ST_1 : Operation 32 [1/1] (2.13ns)   --->   "%icmp_ln86_1112 = icmp_slt  i18 %x_0_val_read, i18 343" [firmware/BDT.h:86]   --->   Operation 32 'icmp' 'icmp_ln86_1112' <Predicate = true> <Delay = 2.13> <CoreInst = "Cmp">   --->   Core 9 'Cmp' <Latency = 0> <II = 1> <Delay = 2.13> <FuncUnit> <Opcode : 'seteq' 'setne' 'setle' 'setge' 'setlt' 'setgt'> <InPorts = 2> <OutPorts = 1>
ST_1 : Operation 33 [1/1] (2.13ns)   --->   "%icmp_ln86_1113 = icmp_slt  i18 %x_0_val_read, i18 261989" [firmware/BDT.h:86]   --->   Operation 33 'icmp' 'icmp_ln86_1113' <Predicate = true> <Delay = 2.13> <CoreInst = "Cmp">   --->   Core 9 'Cmp' <Latency = 0> <II = 1> <Delay = 2.13> <FuncUnit> <Opcode : 'seteq' 'setne' 'setle' 'setge' 'setlt' 'setgt'> <InPorts = 2> <OutPorts = 1>
ST_1 : Operation 34 [1/1] (2.13ns)   --->   "%icmp_ln86_1114 = icmp_slt  i18 %x_10_val_read, i18 261649" [firmware/BDT.h:86]   --->   Operation 34 'icmp' 'icmp_ln86_1114' <Predicate = true> <Delay = 2.13> <CoreInst = "Cmp">   --->   Core 9 'Cmp' <Latency = 0> <II = 1> <Delay = 2.13> <FuncUnit> <Opcode : 'seteq' 'setne' 'setle' 'setge' 'setlt' 'setgt'> <InPorts = 2> <OutPorts = 1>
ST_1 : Operation 35 [1/1] (2.13ns)   --->   "%icmp_ln86_1115 = icmp_slt  i18 %x_1_val_read, i18 655" [firmware/BDT.h:86]   --->   Operation 35 'icmp' 'icmp_ln86_1115' <Predicate = true> <Delay = 2.13> <CoreInst = "Cmp">   --->   Core 9 'Cmp' <Latency = 0> <II = 1> <Delay = 2.13> <FuncUnit> <Opcode : 'seteq' 'setne' 'setle' 'setge' 'setlt' 'setgt'> <InPorts = 2> <OutPorts = 1>
ST_1 : Operation 36 [1/1] (2.13ns)   --->   "%icmp_ln86_1116 = icmp_slt  i18 %x_14_val_read, i18 262115" [firmware/BDT.h:86]   --->   Operation 36 'icmp' 'icmp_ln86_1116' <Predicate = true> <Delay = 2.13> <CoreInst = "Cmp">   --->   Core 9 'Cmp' <Latency = 0> <II = 1> <Delay = 2.13> <FuncUnit> <Opcode : 'seteq' 'setne' 'setle' 'setge' 'setlt' 'setgt'> <InPorts = 2> <OutPorts = 1>
ST_1 : Operation 37 [1/1] (2.13ns)   --->   "%icmp_ln86_1117 = icmp_slt  i18 %x_5_val_read, i18 261608" [firmware/BDT.h:86]   --->   Operation 37 'icmp' 'icmp_ln86_1117' <Predicate = true> <Delay = 2.13> <CoreInst = "Cmp">   --->   Core 9 'Cmp' <Latency = 0> <II = 1> <Delay = 2.13> <FuncUnit> <Opcode : 'seteq' 'setne' 'setle' 'setge' 'setlt' 'setgt'> <InPorts = 2> <OutPorts = 1>
ST_1 : Operation 38 [1/1] (2.13ns)   --->   "%icmp_ln86_1118 = icmp_slt  i18 %x_5_val_read, i18 261658" [firmware/BDT.h:86]   --->   Operation 38 'icmp' 'icmp_ln86_1118' <Predicate = true> <Delay = 2.13> <CoreInst = "Cmp">   --->   Core 9 'Cmp' <Latency = 0> <II = 1> <Delay = 2.13> <FuncUnit> <Opcode : 'seteq' 'setne' 'setle' 'setge' 'setlt' 'setgt'> <InPorts = 2> <OutPorts = 1>
ST_1 : Operation 39 [1/1] (2.13ns)   --->   "%icmp_ln86_1119 = icmp_slt  i18 %x_3_val_read, i18 262028" [firmware/BDT.h:86]   --->   Operation 39 'icmp' 'icmp_ln86_1119' <Predicate = true> <Delay = 2.13> <CoreInst = "Cmp">   --->   Core 9 'Cmp' <Latency = 0> <II = 1> <Delay = 2.13> <FuncUnit> <Opcode : 'seteq' 'setne' 'setle' 'setge' 'setlt' 'setgt'> <InPorts = 2> <OutPorts = 1>
ST_1 : Operation 40 [1/1] (2.13ns)   --->   "%icmp_ln86_1120 = icmp_slt  i18 %x_6_val_read, i18 526" [firmware/BDT.h:86]   --->   Operation 40 'icmp' 'icmp_ln86_1120' <Predicate = true> <Delay = 2.13> <CoreInst = "Cmp">   --->   Core 9 'Cmp' <Latency = 0> <II = 1> <Delay = 2.13> <FuncUnit> <Opcode : 'seteq' 'setne' 'setle' 'setge' 'setlt' 'setgt'> <InPorts = 2> <OutPorts = 1>
ST_1 : Operation 41 [1/1] (2.13ns)   --->   "%icmp_ln86_1121 = icmp_slt  i18 %x_3_val_read, i18 261995" [firmware/BDT.h:86]   --->   Operation 41 'icmp' 'icmp_ln86_1121' <Predicate = true> <Delay = 2.13> <CoreInst = "Cmp">   --->   Core 9 'Cmp' <Latency = 0> <II = 1> <Delay = 2.13> <FuncUnit> <Opcode : 'seteq' 'setne' 'setle' 'setge' 'setlt' 'setgt'> <InPorts = 2> <OutPorts = 1>
ST_1 : Operation 42 [1/1] (2.13ns)   --->   "%icmp_ln86_1122 = icmp_slt  i18 %x_1_val_read, i18 597" [firmware/BDT.h:86]   --->   Operation 42 'icmp' 'icmp_ln86_1122' <Predicate = true> <Delay = 2.13> <CoreInst = "Cmp">   --->   Core 9 'Cmp' <Latency = 0> <II = 1> <Delay = 2.13> <FuncUnit> <Opcode : 'seteq' 'setne' 'setle' 'setge' 'setlt' 'setgt'> <InPorts = 2> <OutPorts = 1>
ST_1 : Operation 43 [1/1] (2.13ns)   --->   "%icmp_ln86_1123 = icmp_slt  i18 %x_15_val_read, i18 261133" [firmware/BDT.h:86]   --->   Operation 43 'icmp' 'icmp_ln86_1123' <Predicate = true> <Delay = 2.13> <CoreInst = "Cmp">   --->   Core 9 'Cmp' <Latency = 0> <II = 1> <Delay = 2.13> <FuncUnit> <Opcode : 'seteq' 'setne' 'setle' 'setge' 'setlt' 'setgt'> <InPorts = 2> <OutPorts = 1>
ST_1 : Operation 44 [1/1] (2.13ns)   --->   "%icmp_ln86_1124 = icmp_slt  i18 %x_4_val_read, i18 261106" [firmware/BDT.h:86]   --->   Operation 44 'icmp' 'icmp_ln86_1124' <Predicate = true> <Delay = 2.13> <CoreInst = "Cmp">   --->   Core 9 'Cmp' <Latency = 0> <II = 1> <Delay = 2.13> <FuncUnit> <Opcode : 'seteq' 'setne' 'setle' 'setge' 'setlt' 'setgt'> <InPorts = 2> <OutPorts = 1>
ST_1 : Operation 45 [1/1] (2.13ns)   --->   "%icmp_ln86_1125 = icmp_slt  i18 %x_1_val_read, i18 261656" [firmware/BDT.h:86]   --->   Operation 45 'icmp' 'icmp_ln86_1125' <Predicate = true> <Delay = 2.13> <CoreInst = "Cmp">   --->   Core 9 'Cmp' <Latency = 0> <II = 1> <Delay = 2.13> <FuncUnit> <Opcode : 'seteq' 'setne' 'setle' 'setge' 'setlt' 'setgt'> <InPorts = 2> <OutPorts = 1>
ST_1 : Operation 46 [1/1] (2.13ns)   --->   "%icmp_ln86_1126 = icmp_slt  i18 %x_1_val_read, i18 408" [firmware/BDT.h:86]   --->   Operation 46 'icmp' 'icmp_ln86_1126' <Predicate = true> <Delay = 2.13> <CoreInst = "Cmp">   --->   Core 9 'Cmp' <Latency = 0> <II = 1> <Delay = 2.13> <FuncUnit> <Opcode : 'seteq' 'setne' 'setle' 'setge' 'setlt' 'setgt'> <InPorts = 2> <OutPorts = 1>
ST_1 : Operation 47 [1/1] (2.13ns)   --->   "%icmp_ln86_1127 = icmp_slt  i18 %x_14_val_read, i18 10" [firmware/BDT.h:86]   --->   Operation 47 'icmp' 'icmp_ln86_1127' <Predicate = true> <Delay = 2.13> <CoreInst = "Cmp">   --->   Core 9 'Cmp' <Latency = 0> <II = 1> <Delay = 2.13> <FuncUnit> <Opcode : 'seteq' 'setne' 'setle' 'setge' 'setlt' 'setgt'> <InPorts = 2> <OutPorts = 1>
ST_1 : Operation 48 [1/1] (2.13ns)   --->   "%icmp_ln86_1128 = icmp_slt  i18 %x_14_val_read, i18 224" [firmware/BDT.h:86]   --->   Operation 48 'icmp' 'icmp_ln86_1128' <Predicate = true> <Delay = 2.13> <CoreInst = "Cmp">   --->   Core 9 'Cmp' <Latency = 0> <II = 1> <Delay = 2.13> <FuncUnit> <Opcode : 'seteq' 'setne' 'setle' 'setge' 'setlt' 'setgt'> <InPorts = 2> <OutPorts = 1>
ST_1 : Operation 49 [1/1] (2.13ns)   --->   "%icmp_ln86_1129 = icmp_slt  i18 %x_11_val_read, i18 261486" [firmware/BDT.h:86]   --->   Operation 49 'icmp' 'icmp_ln86_1129' <Predicate = true> <Delay = 2.13> <CoreInst = "Cmp">   --->   Core 9 'Cmp' <Latency = 0> <II = 1> <Delay = 2.13> <FuncUnit> <Opcode : 'seteq' 'setne' 'setle' 'setge' 'setlt' 'setgt'> <InPorts = 2> <OutPorts = 1>
ST_1 : Operation 50 [1/1] (2.13ns)   --->   "%icmp_ln86_1130 = icmp_slt  i18 %x_3_val_read, i18 262008" [firmware/BDT.h:86]   --->   Operation 50 'icmp' 'icmp_ln86_1130' <Predicate = true> <Delay = 2.13> <CoreInst = "Cmp">   --->   Core 9 'Cmp' <Latency = 0> <II = 1> <Delay = 2.13> <FuncUnit> <Opcode : 'seteq' 'setne' 'setle' 'setge' 'setlt' 'setgt'> <InPorts = 2> <OutPorts = 1>
ST_1 : Operation 51 [1/1] (2.13ns)   --->   "%icmp_ln86_1131 = icmp_slt  i18 %x_3_val_read, i18 1692" [firmware/BDT.h:86]   --->   Operation 51 'icmp' 'icmp_ln86_1131' <Predicate = true> <Delay = 2.13> <CoreInst = "Cmp">   --->   Core 9 'Cmp' <Latency = 0> <II = 1> <Delay = 2.13> <FuncUnit> <Opcode : 'seteq' 'setne' 'setle' 'setge' 'setlt' 'setgt'> <InPorts = 2> <OutPorts = 1>
ST_1 : Operation 52 [1/1] (0.97ns)   --->   "%and_ln102 = and i1 %icmp_ln86_1102, i1 %icmp_ln86" [firmware/BDT.h:102]   --->   Operation 52 'and' 'and_ln102' <Predicate = true> <Delay = 0.97> <CoreInst = "LogicGate">   --->   Core 74 'LogicGate' <Latency = 0> <II = 1> <Delay = 0.97> <FuncUnit> <Opcode : 'and' 'or' 'xor'> <InPorts = 2> <OutPorts = 1>

State 2 <SV = 1> <Delay = 2.93>
ST_2 : Operation 53 [1/1] (0.00ns) (grouped into LUT with out node and_ln104)   --->   "%xor_ln104_531 = xor i1 %icmp_ln86_1102, i1 1" [firmware/BDT.h:104]   --->   Operation 53 'xor' 'xor_ln104_531' <Predicate = (icmp_ln86)> <Delay = 0.00> <CoreInst = "LogicGate">   --->   Core 74 'LogicGate' <Latency = 0> <II = 1> <Delay = 0.97> <FuncUnit> <Opcode : 'and' 'or' 'xor'> <InPorts = 2> <OutPorts = 1>
ST_2 : Operation 54 [1/1] (0.97ns) (out node of the LUT)   --->   "%and_ln104 = and i1 %icmp_ln86, i1 %xor_ln104_531" [firmware/BDT.h:104]   --->   Operation 54 'and' 'and_ln104' <Predicate = (icmp_ln86)> <Delay = 0.97> <CoreInst = "LogicGate">   --->   Core 74 'LogicGate' <Latency = 0> <II = 1> <Delay = 0.97> <FuncUnit> <Opcode : 'and' 'or' 'xor'> <InPorts = 2> <OutPorts = 1>
ST_2 : Operation 55 [1/1] (0.97ns)   --->   "%and_ln102_1066 = and i1 %icmp_ln86_1104, i1 %and_ln102" [firmware/BDT.h:102]   --->   Operation 55 'and' 'and_ln102_1066' <Predicate = (and_ln102 & icmp_ln86)> <Delay = 0.97> <CoreInst = "LogicGate">   --->   Core 74 'LogicGate' <Latency = 0> <II = 1> <Delay = 0.97> <FuncUnit> <Opcode : 'and' 'or' 'xor'> <InPorts = 2> <OutPorts = 1>
ST_2 : Operation 56 [1/1] (0.00ns) (grouped into LUT with out node and_ln104_216)   --->   "%xor_ln104_533 = xor i1 %icmp_ln86_1104, i1 1" [firmware/BDT.h:104]   --->   Operation 56 'xor' 'xor_ln104_533' <Predicate = (and_ln102 & icmp_ln86)> <Delay = 0.00> <CoreInst = "LogicGate">   --->   Core 74 'LogicGate' <Latency = 0> <II = 1> <Delay = 0.97> <FuncUnit> <Opcode : 'and' 'or' 'xor'> <InPorts = 2> <OutPorts = 1>
ST_2 : Operation 57 [1/1] (0.97ns) (out node of the LUT)   --->   "%and_ln104_216 = and i1 %and_ln102, i1 %xor_ln104_533" [firmware/BDT.h:104]   --->   Operation 57 'and' 'and_ln104_216' <Predicate = (and_ln102 & icmp_ln86)> <Delay = 0.97> <CoreInst = "LogicGate">   --->   Core 74 'LogicGate' <Latency = 0> <II = 1> <Delay = 0.97> <FuncUnit> <Opcode : 'and' 'or' 'xor'> <InPorts = 2> <OutPorts = 1>
ST_2 : Operation 58 [1/1] (0.97ns)   --->   "%and_ln102_1070 = and i1 %icmp_ln86_1108, i1 %and_ln102_1066" [firmware/BDT.h:102]   --->   Operation 58 'and' 'and_ln102_1070' <Predicate = (and_ln102 & icmp_ln86)> <Delay = 0.97> <CoreInst = "LogicGate">   --->   Core 74 'LogicGate' <Latency = 0> <II = 1> <Delay = 0.97> <FuncUnit> <Opcode : 'and' 'or' 'xor'> <InPorts = 2> <OutPorts = 1>
ST_2 : Operation 59 [1/1] (0.00ns) (grouped into LUT with out node or_ln117)   --->   "%xor_ln104_537 = xor i1 %icmp_ln86_1108, i1 1" [firmware/BDT.h:104]   --->   Operation 59 'xor' 'xor_ln104_537' <Predicate = (and_ln102 & icmp_ln86)> <Delay = 0.00> <CoreInst = "LogicGate">   --->   Core 74 'LogicGate' <Latency = 0> <II = 1> <Delay = 0.97> <FuncUnit> <Opcode : 'and' 'or' 'xor'> <InPorts = 2> <OutPorts = 1>
ST_2 : Operation 60 [1/1] (0.97ns)   --->   "%and_ln102_1071 = and i1 %icmp_ln86_1109, i1 %and_ln104_216" [firmware/BDT.h:102]   --->   Operation 60 'and' 'and_ln102_1071' <Predicate = (and_ln102 & icmp_ln86)> <Delay = 0.97> <CoreInst = "LogicGate">   --->   Core 74 'LogicGate' <Latency = 0> <II = 1> <Delay = 0.97> <FuncUnit> <Opcode : 'and' 'or' 'xor'> <InPorts = 2> <OutPorts = 1>
ST_2 : Operation 61 [1/1] (0.00ns) (grouped into LUT with out node or_ln117)   --->   "%and_ln102_1094 = and i1 %icmp_ln86_1117, i1 %xor_ln104_537" [firmware/BDT.h:102]   --->   Operation 61 'and' 'and_ln102_1094' <Predicate = (and_ln102 & icmp_ln86)> <Delay = 0.00> <CoreInst = "LogicGate">   --->   Core 74 'LogicGate' <Latency = 0> <II = 1> <Delay = 0.97> <FuncUnit> <Opcode : 'and' 'or' 'xor'> <InPorts = 2> <OutPorts = 1>
ST_2 : Operation 62 [1/1] (0.00ns) (grouped into LUT with out node or_ln117)   --->   "%and_ln102_1079 = and i1 %and_ln102_1094, i1 %and_ln102_1066" [firmware/BDT.h:102]   --->   Operation 62 'and' 'and_ln102_1079' <Predicate = (and_ln102 & icmp_ln86)> <Delay = 0.00> <CoreInst = "LogicGate">   --->   Core 74 'LogicGate' <Latency = 0> <II = 1> <Delay = 0.97> <FuncUnit> <Opcode : 'and' 'or' 'xor'> <InPorts = 2> <OutPorts = 1>
ST_2 : Operation 63 [1/1] (0.97ns) (out node of the LUT)   --->   "%or_ln117 = or i1 %and_ln102_1070, i1 %and_ln102_1079" [firmware/BDT.h:117]   --->   Operation 63 'or' 'or_ln117' <Predicate = (and_ln102 & icmp_ln86)> <Delay = 0.97> <CoreInst = "LogicGate">   --->   Core 74 'LogicGate' <Latency = 0> <II = 1> <Delay = 0.97> <FuncUnit> <Opcode : 'and' 'or' 'xor'> <InPorts = 2> <OutPorts = 1>

State 3 <SV = 2> <Delay = 2.99>
ST_3 : Operation 64 [1/1] (0.97ns)   --->   "%xor_ln104 = xor i1 %icmp_ln86, i1 1" [firmware/BDT.h:104]   --->   Operation 64 'xor' 'xor_ln104' <Predicate = true> <Delay = 0.97> <CoreInst = "LogicGate">   --->   Core 74 'LogicGate' <Latency = 0> <II = 1> <Delay = 0.97> <FuncUnit> <Opcode : 'and' 'or' 'xor'> <InPorts = 2> <OutPorts = 1>
ST_3 : Operation 65 [1/1] (0.97ns)   --->   "%and_ln102_1067 = and i1 %icmp_ln86_1105, i1 %and_ln104" [firmware/BDT.h:102]   --->   Operation 65 'and' 'and_ln102_1067' <Predicate = (icmp_ln86)> <Delay = 0.97> <CoreInst = "LogicGate">   --->   Core 74 'LogicGate' <Latency = 0> <II = 1> <Delay = 0.97> <FuncUnit> <Opcode : 'and' 'or' 'xor'> <InPorts = 2> <OutPorts = 1>
ST_3 : Operation 66 [1/1] (0.00ns) (grouped into LUT with out node and_ln104_217)   --->   "%xor_ln104_534 = xor i1 %icmp_ln86_1105, i1 1" [firmware/BDT.h:104]   --->   Operation 66 'xor' 'xor_ln104_534' <Predicate = (icmp_ln86)> <Delay = 0.00> <CoreInst = "LogicGate">   --->   Core 74 'LogicGate' <Latency = 0> <II = 1> <Delay = 0.97> <FuncUnit> <Opcode : 'and' 'or' 'xor'> <InPorts = 2> <OutPorts = 1>
ST_3 : Operation 67 [1/1] (0.97ns) (out node of the LUT)   --->   "%and_ln104_217 = and i1 %and_ln104, i1 %xor_ln104_534" [firmware/BDT.h:104]   --->   Operation 67 'and' 'and_ln104_217' <Predicate = (icmp_ln86)> <Delay = 0.97> <CoreInst = "LogicGate">   --->   Core 74 'LogicGate' <Latency = 0> <II = 1> <Delay = 0.97> <FuncUnit> <Opcode : 'and' 'or' 'xor'> <InPorts = 2> <OutPorts = 1>
ST_3 : Operation 68 [1/1] (0.00ns) (grouped into LUT with out node select_ln117_1074)   --->   "%xor_ln104_538 = xor i1 %icmp_ln86_1109, i1 1" [firmware/BDT.h:104]   --->   Operation 68 'xor' 'xor_ln104_538' <Predicate = (and_ln102 & icmp_ln86)> <Delay = 0.00> <CoreInst = "LogicGate">   --->   Core 74 'LogicGate' <Latency = 0> <II = 1> <Delay = 0.97> <FuncUnit> <Opcode : 'and' 'or' 'xor'> <InPorts = 2> <OutPorts = 1>
ST_3 : Operation 69 [1/1] (0.97ns)   --->   "%and_ln102_1072 = and i1 %icmp_ln86_1110, i1 %and_ln102_1067" [firmware/BDT.h:102]   --->   Operation 69 'and' 'and_ln102_1072' <Predicate = (icmp_ln86)> <Delay = 0.97> <CoreInst = "LogicGate">   --->   Core 74 'LogicGate' <Latency = 0> <II = 1> <Delay = 0.97> <FuncUnit> <Opcode : 'and' 'or' 'xor'> <InPorts = 2> <OutPorts = 1>
ST_3 : Operation 70 [1/1] (0.00ns) (grouped into LUT with out node select_ln117_1070)   --->   "%and_ln102_1078 = and i1 %icmp_ln86_1116, i1 %and_ln102_1070" [firmware/BDT.h:102]   --->   Operation 70 'and' 'and_ln102_1078' <Predicate = (and_ln102_1070 & and_ln102_1066 & and_ln102 & icmp_ln86 & or_ln117)> <Delay = 0.00> <CoreInst = "LogicGate">   --->   Core 74 'LogicGate' <Latency = 0> <II = 1> <Delay = 0.97> <FuncUnit> <Opcode : 'and' 'or' 'xor'> <InPorts = 2> <OutPorts = 1>
ST_3 : Operation 71 [1/1] (0.00ns) (grouped into LUT with out node select_ln117_1072)   --->   "%and_ln102_1080 = and i1 %icmp_ln86_1118, i1 %and_ln102_1071" [firmware/BDT.h:102]   --->   Operation 71 'and' 'and_ln102_1080' <Predicate = (and_ln102 & icmp_ln86)> <Delay = 0.00> <CoreInst = "LogicGate">   --->   Core 74 'LogicGate' <Latency = 0> <II = 1> <Delay = 0.97> <FuncUnit> <Opcode : 'and' 'or' 'xor'> <InPorts = 2> <OutPorts = 1>
ST_3 : Operation 72 [1/1] (0.00ns) (grouped into LUT with out node select_ln117_1074)   --->   "%and_ln102_1095 = and i1 %icmp_ln86_1119, i1 %xor_ln104_538" [firmware/BDT.h:102]   --->   Operation 72 'and' 'and_ln102_1095' <Predicate = (and_ln102 & icmp_ln86)> <Delay = 0.00> <CoreInst = "LogicGate">   --->   Core 74 'LogicGate' <Latency = 0> <II = 1> <Delay = 0.97> <FuncUnit> <Opcode : 'and' 'or' 'xor'> <InPorts = 2> <OutPorts = 1>
ST_3 : Operation 73 [1/1] (0.00ns) (grouped into LUT with out node select_ln117_1074)   --->   "%and_ln102_1081 = and i1 %and_ln102_1095, i1 %and_ln104_216" [firmware/BDT.h:102]   --->   Operation 73 'and' 'and_ln102_1081' <Predicate = (and_ln102 & icmp_ln86)> <Delay = 0.00> <CoreInst = "LogicGate">   --->   Core 74 'LogicGate' <Latency = 0> <II = 1> <Delay = 0.97> <FuncUnit> <Opcode : 'and' 'or' 'xor'> <InPorts = 2> <OutPorts = 1>
ST_3 : Operation 74 [1/1] (0.00ns) (grouped into LUT with out node select_ln117_1070)   --->   "%xor_ln117 = xor i1 %and_ln102_1078, i1 1" [firmware/BDT.h:117]   --->   Operation 74 'xor' 'xor_ln117' <Predicate = (and_ln102_1070 & and_ln102_1066 & and_ln102 & icmp_ln86 & or_ln117)> <Delay = 0.00> <CoreInst = "LogicGate">   --->   Core 74 'LogicGate' <Latency = 0> <II = 1> <Delay = 0.97> <FuncUnit> <Opcode : 'and' 'or' 'xor'> <InPorts = 2> <OutPorts = 1>
ST_3 : Operation 75 [1/1] (0.00ns) (grouped into LUT with out node select_ln117_1070)   --->   "%zext_ln117 = zext i1 %xor_ln117" [firmware/BDT.h:117]   --->   Operation 75 'zext' 'zext_ln117' <Predicate = (and_ln102_1070 & and_ln102_1066 & and_ln102 & icmp_ln86 & or_ln117)> <Delay = 0.00>
ST_3 : Operation 76 [1/1] (0.00ns) (grouped into LUT with out node select_ln117_1070)   --->   "%select_ln117 = select i1 %and_ln102_1070, i2 %zext_ln117, i2 2" [firmware/BDT.h:117]   --->   Operation 76 'select' 'select_ln117' <Predicate = (and_ln102_1066 & and_ln102 & icmp_ln86 & or_ln117)> <Delay = 0.00> <CoreInst = "Sel">   --->   Core 73 'Sel' <Latency = 0> <II = 1> <Delay = 0.99> <FuncUnit> <Opcode : 'select'> <InPorts = 3> <OutPorts = 1>
ST_3 : Operation 77 [1/1] (0.00ns) (grouped into LUT with out node select_ln117_1070)   --->   "%select_ln117_1069 = select i1 %or_ln117, i2 %select_ln117, i2 3" [firmware/BDT.h:117]   --->   Operation 77 'select' 'select_ln117_1069' <Predicate = (and_ln102_1066 & and_ln102 & icmp_ln86)> <Delay = 0.00> <CoreInst = "Sel">   --->   Core 73 'Sel' <Latency = 0> <II = 1> <Delay = 0.99> <FuncUnit> <Opcode : 'select'> <InPorts = 3> <OutPorts = 1>
ST_3 : Operation 78 [1/1] (0.00ns) (grouped into LUT with out node select_ln117_1070)   --->   "%zext_ln117_118 = zext i2 %select_ln117_1069" [firmware/BDT.h:117]   --->   Operation 78 'zext' 'zext_ln117_118' <Predicate = (and_ln102_1066 & and_ln102 & icmp_ln86)> <Delay = 0.00>
ST_3 : Operation 79 [1/1] (0.00ns) (grouped into LUT with out node select_ln117_1072)   --->   "%or_ln117_1006 = or i1 %and_ln102_1066, i1 %and_ln102_1080" [firmware/BDT.h:117]   --->   Operation 79 'or' 'or_ln117_1006' <Predicate = (and_ln102 & icmp_ln86)> <Delay = 0.00> <CoreInst = "LogicGate">   --->   Core 74 'LogicGate' <Latency = 0> <II = 1> <Delay = 0.97> <FuncUnit> <Opcode : 'and' 'or' 'xor'> <InPorts = 2> <OutPorts = 1>
ST_3 : Operation 80 [1/1] (0.99ns) (out node of the LUT)   --->   "%select_ln117_1070 = select i1 %and_ln102_1066, i3 %zext_ln117_118, i3 4" [firmware/BDT.h:117]   --->   Operation 80 'select' 'select_ln117_1070' <Predicate = (and_ln102 & icmp_ln86)> <Delay = 0.99> <CoreInst = "Sel">   --->   Core 73 'Sel' <Latency = 0> <II = 1> <Delay = 0.98> <FuncUnit> <Opcode : 'select'> <InPorts = 3> <OutPorts = 1>
ST_3 : Operation 81 [1/1] (0.97ns)   --->   "%or_ln117_1007 = or i1 %and_ln102_1066, i1 %and_ln102_1071" [firmware/BDT.h:117]   --->   Operation 81 'or' 'or_ln117_1007' <Predicate = (and_ln102 & icmp_ln86)> <Delay = 0.97> <CoreInst = "LogicGate">   --->   Core 74 'LogicGate' <Latency = 0> <II = 1> <Delay = 0.97> <FuncUnit> <Opcode : 'and' 'or' 'xor'> <InPorts = 2> <OutPorts = 1>
ST_3 : Operation 82 [1/1] (0.00ns) (grouped into LUT with out node select_ln117_1072)   --->   "%select_ln117_1071 = select i1 %or_ln117_1006, i3 %select_ln117_1070, i3 5" [firmware/BDT.h:117]   --->   Operation 82 'select' 'select_ln117_1071' <Predicate = (and_ln102 & icmp_ln86)> <Delay = 0.00> <CoreInst = "Sel">   --->   Core 73 'Sel' <Latency = 0> <II = 1> <Delay = 0.98> <FuncUnit> <Opcode : 'select'> <InPorts = 3> <OutPorts = 1>
ST_3 : Operation 83 [1/1] (0.00ns) (grouped into LUT with out node select_ln117_1074)   --->   "%or_ln117_1008 = or i1 %or_ln117_1007, i1 %and_ln102_1081" [firmware/BDT.h:117]   --->   Operation 83 'or' 'or_ln117_1008' <Predicate = (and_ln102 & icmp_ln86)> <Delay = 0.00> <CoreInst = "LogicGate">   --->   Core 74 'LogicGate' <Latency = 0> <II = 1> <Delay = 0.97> <FuncUnit> <Opcode : 'and' 'or' 'xor'> <InPorts = 2> <OutPorts = 1>
ST_3 : Operation 84 [1/1] (0.98ns) (out node of the LUT)   --->   "%select_ln117_1072 = select i1 %or_ln117_1007, i3 %select_ln117_1071, i3 6" [firmware/BDT.h:117]   --->   Operation 84 'select' 'select_ln117_1072' <Predicate = (and_ln102 & icmp_ln86)> <Delay = 0.98> <CoreInst = "Sel">   --->   Core 73 'Sel' <Latency = 0> <II = 1> <Delay = 0.98> <FuncUnit> <Opcode : 'select'> <InPorts = 3> <OutPorts = 1>
ST_3 : Operation 85 [1/1] (0.00ns) (grouped into LUT with out node select_ln117_1074)   --->   "%select_ln117_1073 = select i1 %or_ln117_1008, i3 %select_ln117_1072, i3 7" [firmware/BDT.h:117]   --->   Operation 85 'select' 'select_ln117_1073' <Predicate = (and_ln102 & icmp_ln86)> <Delay = 0.00> <CoreInst = "Sel">   --->   Core 73 'Sel' <Latency = 0> <II = 1> <Delay = 0.98> <FuncUnit> <Opcode : 'select'> <InPorts = 3> <OutPorts = 1>
ST_3 : Operation 86 [1/1] (0.00ns) (grouped into LUT with out node select_ln117_1074)   --->   "%zext_ln117_119 = zext i3 %select_ln117_1073" [firmware/BDT.h:117]   --->   Operation 86 'zext' 'zext_ln117_119' <Predicate = (and_ln102 & icmp_ln86)> <Delay = 0.00>
ST_3 : Operation 87 [1/1] (1.02ns) (out node of the LUT)   --->   "%select_ln117_1074 = select i1 %and_ln102, i4 %zext_ln117_119, i4 8" [firmware/BDT.h:117]   --->   Operation 87 'select' 'select_ln117_1074' <Predicate = (icmp_ln86)> <Delay = 1.02> <CoreInst = "Sel">   --->   Core 73 'Sel' <Latency = 0> <II = 1> <Delay = 1.02> <FuncUnit> <Opcode : 'select'> <InPorts = 3> <OutPorts = 1>
ST_3 : Operation 88 [1/1] (0.97ns)   --->   "%or_ln117_1010 = or i1 %and_ln102, i1 %and_ln102_1072" [firmware/BDT.h:117]   --->   Operation 88 'or' 'or_ln117_1010' <Predicate = (icmp_ln86)> <Delay = 0.97> <CoreInst = "LogicGate">   --->   Core 74 'LogicGate' <Latency = 0> <II = 1> <Delay = 0.97> <FuncUnit> <Opcode : 'and' 'or' 'xor'> <InPorts = 2> <OutPorts = 1>

State 4 <SV = 3> <Delay = 3.07>
ST_4 : Operation 89 [1/1] (0.97ns)   --->   "%and_ln102_1065 = and i1 %icmp_ln86_1103, i1 %xor_ln104" [firmware/BDT.h:102]   --->   Operation 89 'and' 'and_ln102_1065' <Predicate = true> <Delay = 0.97> <CoreInst = "LogicGate">   --->   Core 74 'LogicGate' <Latency = 0> <II = 1> <Delay = 0.97> <FuncUnit> <Opcode : 'and' 'or' 'xor'> <InPorts = 2> <OutPorts = 1>
ST_4 : Operation 90 [1/1] (0.00ns) (grouped into LUT with out node and_ln104_215)   --->   "%xor_ln104_532 = xor i1 %icmp_ln86_1103, i1 1" [firmware/BDT.h:104]   --->   Operation 90 'xor' 'xor_ln104_532' <Predicate = true> <Delay = 0.00> <CoreInst = "LogicGate">   --->   Core 74 'LogicGate' <Latency = 0> <II = 1> <Delay = 0.97> <FuncUnit> <Opcode : 'and' 'or' 'xor'> <InPorts = 2> <OutPorts = 1>
ST_4 : Operation 91 [1/1] (0.97ns) (out node of the LUT)   --->   "%and_ln104_215 = and i1 %xor_ln104_532, i1 %xor_ln104" [firmware/BDT.h:104]   --->   Operation 91 'and' 'and_ln104_215' <Predicate = true> <Delay = 0.97> <CoreInst = "LogicGate">   --->   Core 74 'LogicGate' <Latency = 0> <II = 1> <Delay = 0.97> <FuncUnit> <Opcode : 'and' 'or' 'xor'> <InPorts = 2> <OutPorts = 1>
ST_4 : Operation 92 [1/1] (0.97ns)   --->   "%and_ln102_1068 = and i1 %icmp_ln86_1106, i1 %and_ln102_1065" [firmware/BDT.h:102]   --->   Operation 92 'and' 'and_ln102_1068' <Predicate = true> <Delay = 0.97> <CoreInst = "LogicGate">   --->   Core 74 'LogicGate' <Latency = 0> <II = 1> <Delay = 0.97> <FuncUnit> <Opcode : 'and' 'or' 'xor'> <InPorts = 2> <OutPorts = 1>
ST_4 : Operation 93 [1/1] (0.00ns) (grouped into LUT with out node select_ln117_1078)   --->   "%xor_ln104_539 = xor i1 %icmp_ln86_1110, i1 1" [firmware/BDT.h:104]   --->   Operation 93 'xor' 'xor_ln104_539' <Predicate = (icmp_ln86)> <Delay = 0.00> <CoreInst = "LogicGate">   --->   Core 74 'LogicGate' <Latency = 0> <II = 1> <Delay = 0.97> <FuncUnit> <Opcode : 'and' 'or' 'xor'> <InPorts = 2> <OutPorts = 1>
ST_4 : Operation 94 [1/1] (0.97ns)   --->   "%and_ln102_1073 = and i1 %icmp_ln86_1111, i1 %and_ln104_217" [firmware/BDT.h:102]   --->   Operation 94 'and' 'and_ln102_1073' <Predicate = (icmp_ln86)> <Delay = 0.97> <CoreInst = "LogicGate">   --->   Core 74 'LogicGate' <Latency = 0> <II = 1> <Delay = 0.97> <FuncUnit> <Opcode : 'and' 'or' 'xor'> <InPorts = 2> <OutPorts = 1>
ST_4 : Operation 95 [1/1] (0.97ns)   --->   "%and_ln102_1074 = and i1 %icmp_ln86_1112, i1 %and_ln102_1068" [firmware/BDT.h:102]   --->   Operation 95 'and' 'and_ln102_1074' <Predicate = true> <Delay = 0.97> <CoreInst = "LogicGate">   --->   Core 74 'LogicGate' <Latency = 0> <II = 1> <Delay = 0.97> <FuncUnit> <Opcode : 'and' 'or' 'xor'> <InPorts = 2> <OutPorts = 1>
ST_4 : Operation 96 [1/1] (0.00ns) (grouped into LUT with out node select_ln117_1076)   --->   "%and_ln102_1082 = and i1 %icmp_ln86_1120, i1 %and_ln102_1072" [firmware/BDT.h:102]   --->   Operation 96 'and' 'and_ln102_1082' <Predicate = (icmp_ln86 & or_ln117_1010)> <Delay = 0.00> <CoreInst = "LogicGate">   --->   Core 74 'LogicGate' <Latency = 0> <II = 1> <Delay = 0.97> <FuncUnit> <Opcode : 'and' 'or' 'xor'> <InPorts = 2> <OutPorts = 1>
ST_4 : Operation 97 [1/1] (0.00ns) (grouped into LUT with out node select_ln117_1078)   --->   "%and_ln102_1096 = and i1 %icmp_ln86_1121, i1 %xor_ln104_539" [firmware/BDT.h:102]   --->   Operation 97 'and' 'and_ln102_1096' <Predicate = (icmp_ln86)> <Delay = 0.00> <CoreInst = "LogicGate">   --->   Core 74 'LogicGate' <Latency = 0> <II = 1> <Delay = 0.97> <FuncUnit> <Opcode : 'and' 'or' 'xor'> <InPorts = 2> <OutPorts = 1>
ST_4 : Operation 98 [1/1] (0.00ns) (grouped into LUT with out node select_ln117_1078)   --->   "%and_ln102_1083 = and i1 %and_ln102_1096, i1 %and_ln102_1067" [firmware/BDT.h:102]   --->   Operation 98 'and' 'and_ln102_1083' <Predicate = (icmp_ln86)> <Delay = 0.00> <CoreInst = "LogicGate">   --->   Core 74 'LogicGate' <Latency = 0> <II = 1> <Delay = 0.97> <FuncUnit> <Opcode : 'and' 'or' 'xor'> <InPorts = 2> <OutPorts = 1>
ST_4 : Operation 99 [1/1] (0.00ns) (grouped into LUT with out node select_ln117_1080)   --->   "%and_ln102_1084 = and i1 %icmp_ln86_1122, i1 %and_ln102_1073" [firmware/BDT.h:102]   --->   Operation 99 'and' 'and_ln102_1084' <Predicate = (icmp_ln86)> <Delay = 0.00> <CoreInst = "LogicGate">   --->   Core 74 'LogicGate' <Latency = 0> <II = 1> <Delay = 0.97> <FuncUnit> <Opcode : 'and' 'or' 'xor'> <InPorts = 2> <OutPorts = 1>
ST_4 : Operation 100 [1/1] (0.00ns) (grouped into LUT with out node select_ln117_1076)   --->   "%or_ln117_1009 = or i1 %and_ln102, i1 %and_ln102_1082" [firmware/BDT.h:117]   --->   Operation 100 'or' 'or_ln117_1009' <Predicate = (icmp_ln86 & or_ln117_1010)> <Delay = 0.00> <CoreInst = "LogicGate">   --->   Core 74 'LogicGate' <Latency = 0> <II = 1> <Delay = 0.97> <FuncUnit> <Opcode : 'and' 'or' 'xor'> <InPorts = 2> <OutPorts = 1>
ST_4 : Operation 101 [1/1] (0.00ns) (grouped into LUT with out node select_ln117_1076)   --->   "%select_ln117_1075 = select i1 %or_ln117_1009, i4 %select_ln117_1074, i4 9" [firmware/BDT.h:117]   --->   Operation 101 'select' 'select_ln117_1075' <Predicate = (icmp_ln86 & or_ln117_1010)> <Delay = 0.00> <CoreInst = "Sel">   --->   Core 73 'Sel' <Latency = 0> <II = 1> <Delay = 1.02> <FuncUnit> <Opcode : 'select'> <InPorts = 3> <OutPorts = 1>
ST_4 : Operation 102 [1/1] (0.00ns) (grouped into LUT with out node select_ln117_1078)   --->   "%or_ln117_1011 = or i1 %or_ln117_1010, i1 %and_ln102_1083" [firmware/BDT.h:117]   --->   Operation 102 'or' 'or_ln117_1011' <Predicate = (icmp_ln86)> <Delay = 0.00> <CoreInst = "LogicGate">   --->   Core 74 'LogicGate' <Latency = 0> <II = 1> <Delay = 0.97> <FuncUnit> <Opcode : 'and' 'or' 'xor'> <InPorts = 2> <OutPorts = 1>
ST_4 : Operation 103 [1/1] (1.02ns) (out node of the LUT)   --->   "%select_ln117_1076 = select i1 %or_ln117_1010, i4 %select_ln117_1075, i4 10" [firmware/BDT.h:117]   --->   Operation 103 'select' 'select_ln117_1076' <Predicate = (icmp_ln86)> <Delay = 1.02> <CoreInst = "Sel">   --->   Core 73 'Sel' <Latency = 0> <II = 1> <Delay = 1.02> <FuncUnit> <Opcode : 'select'> <InPorts = 3> <OutPorts = 1>
ST_4 : Operation 104 [1/1] (0.97ns)   --->   "%or_ln117_1012 = or i1 %and_ln102, i1 %and_ln102_1067" [firmware/BDT.h:117]   --->   Operation 104 'or' 'or_ln117_1012' <Predicate = (icmp_ln86)> <Delay = 0.97> <CoreInst = "LogicGate">   --->   Core 74 'LogicGate' <Latency = 0> <II = 1> <Delay = 0.97> <FuncUnit> <Opcode : 'and' 'or' 'xor'> <InPorts = 2> <OutPorts = 1>
ST_4 : Operation 105 [1/1] (0.00ns) (grouped into LUT with out node select_ln117_1078)   --->   "%select_ln117_1077 = select i1 %or_ln117_1011, i4 %select_ln117_1076, i4 11" [firmware/BDT.h:117]   --->   Operation 105 'select' 'select_ln117_1077' <Predicate = (icmp_ln86)> <Delay = 0.00> <CoreInst = "Sel">   --->   Core 73 'Sel' <Latency = 0> <II = 1> <Delay = 1.02> <FuncUnit> <Opcode : 'select'> <InPorts = 3> <OutPorts = 1>
ST_4 : Operation 106 [1/1] (0.00ns) (grouped into LUT with out node select_ln117_1080)   --->   "%or_ln117_1013 = or i1 %or_ln117_1012, i1 %and_ln102_1084" [firmware/BDT.h:117]   --->   Operation 106 'or' 'or_ln117_1013' <Predicate = (icmp_ln86)> <Delay = 0.00> <CoreInst = "LogicGate">   --->   Core 74 'LogicGate' <Latency = 0> <II = 1> <Delay = 0.97> <FuncUnit> <Opcode : 'and' 'or' 'xor'> <InPorts = 2> <OutPorts = 1>
ST_4 : Operation 107 [1/1] (1.02ns) (out node of the LUT)   --->   "%select_ln117_1078 = select i1 %or_ln117_1012, i4 %select_ln117_1077, i4 12" [firmware/BDT.h:117]   --->   Operation 107 'select' 'select_ln117_1078' <Predicate = (icmp_ln86)> <Delay = 1.02> <CoreInst = "Sel">   --->   Core 73 'Sel' <Latency = 0> <II = 1> <Delay = 1.02> <FuncUnit> <Opcode : 'select'> <InPorts = 3> <OutPorts = 1>
ST_4 : Operation 108 [1/1] (0.97ns)   --->   "%or_ln117_1014 = or i1 %or_ln117_1012, i1 %and_ln102_1073" [firmware/BDT.h:117]   --->   Operation 108 'or' 'or_ln117_1014' <Predicate = (icmp_ln86)> <Delay = 0.97> <CoreInst = "LogicGate">   --->   Core 74 'LogicGate' <Latency = 0> <II = 1> <Delay = 0.97> <FuncUnit> <Opcode : 'and' 'or' 'xor'> <InPorts = 2> <OutPorts = 1>
ST_4 : Operation 109 [1/1] (0.00ns) (grouped into LUT with out node select_ln117_1080)   --->   "%select_ln117_1079 = select i1 %or_ln117_1013, i4 %select_ln117_1078, i4 13" [firmware/BDT.h:117]   --->   Operation 109 'select' 'select_ln117_1079' <Predicate = (icmp_ln86)> <Delay = 0.00> <CoreInst = "Sel">   --->   Core 73 'Sel' <Latency = 0> <II = 1> <Delay = 1.02> <FuncUnit> <Opcode : 'select'> <InPorts = 3> <OutPorts = 1>
ST_4 : Operation 110 [1/1] (1.02ns) (out node of the LUT)   --->   "%select_ln117_1080 = select i1 %or_ln117_1014, i4 %select_ln117_1079, i4 14" [firmware/BDT.h:117]   --->   Operation 110 'select' 'select_ln117_1080' <Predicate = (icmp_ln86)> <Delay = 1.02> <CoreInst = "Sel">   --->   Core 73 'Sel' <Latency = 0> <II = 1> <Delay = 1.02> <FuncUnit> <Opcode : 'select'> <InPorts = 3> <OutPorts = 1>

State 5 <SV = 4> <Delay = 3.64>
ST_5 : Operation 111 [1/1] (0.00ns) (grouped into LUT with out node and_ln104_218)   --->   "%xor_ln104_535 = xor i1 %icmp_ln86_1106, i1 1" [firmware/BDT.h:104]   --->   Operation 111 'xor' 'xor_ln104_535' <Predicate = true> <Delay = 0.00> <CoreInst = "LogicGate">   --->   Core 74 'LogicGate' <Latency = 0> <II = 1> <Delay = 0.97> <FuncUnit> <Opcode : 'and' 'or' 'xor'> <InPorts = 2> <OutPorts = 1>
ST_5 : Operation 112 [1/1] (0.97ns) (out node of the LUT)   --->   "%and_ln104_218 = and i1 %and_ln102_1065, i1 %xor_ln104_535" [firmware/BDT.h:104]   --->   Operation 112 'and' 'and_ln104_218' <Predicate = true> <Delay = 0.97> <CoreInst = "LogicGate">   --->   Core 74 'LogicGate' <Latency = 0> <II = 1> <Delay = 0.97> <FuncUnit> <Opcode : 'and' 'or' 'xor'> <InPorts = 2> <OutPorts = 1>
ST_5 : Operation 113 [1/1] (0.97ns)   --->   "%and_ln102_1069 = and i1 %icmp_ln86_1107, i1 %and_ln104_215" [firmware/BDT.h:102]   --->   Operation 113 'and' 'and_ln102_1069' <Predicate = true> <Delay = 0.97> <CoreInst = "LogicGate">   --->   Core 74 'LogicGate' <Latency = 0> <II = 1> <Delay = 0.97> <FuncUnit> <Opcode : 'and' 'or' 'xor'> <InPorts = 2> <OutPorts = 1>
ST_5 : Operation 114 [1/1] (0.00ns) (grouped into LUT with out node and_ln104_219)   --->   "%xor_ln104_536 = xor i1 %icmp_ln86_1107, i1 1" [firmware/BDT.h:104]   --->   Operation 114 'xor' 'xor_ln104_536' <Predicate = true> <Delay = 0.00> <CoreInst = "LogicGate">   --->   Core 74 'LogicGate' <Latency = 0> <II = 1> <Delay = 0.97> <FuncUnit> <Opcode : 'and' 'or' 'xor'> <InPorts = 2> <OutPorts = 1>
ST_5 : Operation 115 [1/1] (0.97ns) (out node of the LUT)   --->   "%and_ln104_219 = and i1 %and_ln104_215, i1 %xor_ln104_536" [firmware/BDT.h:104]   --->   Operation 115 'and' 'and_ln104_219' <Predicate = true> <Delay = 0.97> <CoreInst = "LogicGate">   --->   Core 74 'LogicGate' <Latency = 0> <II = 1> <Delay = 0.97> <FuncUnit> <Opcode : 'and' 'or' 'xor'> <InPorts = 2> <OutPorts = 1>
ST_5 : Operation 116 [1/1] (0.00ns) (grouped into LUT with out node select_ln117_1082)   --->   "%xor_ln104_540 = xor i1 %icmp_ln86_1111, i1 1" [firmware/BDT.h:104]   --->   Operation 116 'xor' 'xor_ln104_540' <Predicate = (icmp_ln86)> <Delay = 0.00> <CoreInst = "LogicGate">   --->   Core 74 'LogicGate' <Latency = 0> <II = 1> <Delay = 0.97> <FuncUnit> <Opcode : 'and' 'or' 'xor'> <InPorts = 2> <OutPorts = 1>
ST_5 : Operation 117 [1/1] (0.00ns) (grouped into LUT with out node select_ln117_1086)   --->   "%xor_ln104_541 = xor i1 %icmp_ln86_1112, i1 1" [firmware/BDT.h:104]   --->   Operation 117 'xor' 'xor_ln104_541' <Predicate = true> <Delay = 0.00> <CoreInst = "LogicGate">   --->   Core 74 'LogicGate' <Latency = 0> <II = 1> <Delay = 0.97> <FuncUnit> <Opcode : 'and' 'or' 'xor'> <InPorts = 2> <OutPorts = 1>
ST_5 : Operation 118 [1/1] (0.97ns)   --->   "%and_ln102_1075 = and i1 %icmp_ln86_1113, i1 %and_ln104_218" [firmware/BDT.h:102]   --->   Operation 118 'and' 'and_ln102_1075' <Predicate = true> <Delay = 0.97> <CoreInst = "LogicGate">   --->   Core 74 'LogicGate' <Latency = 0> <II = 1> <Delay = 0.97> <FuncUnit> <Opcode : 'and' 'or' 'xor'> <InPorts = 2> <OutPorts = 1>
ST_5 : Operation 119 [1/1] (0.00ns) (grouped into LUT with out node select_ln117_1082)   --->   "%and_ln102_1097 = and i1 %icmp_ln86_1123, i1 %xor_ln104_540" [firmware/BDT.h:102]   --->   Operation 119 'and' 'and_ln102_1097' <Predicate = (icmp_ln86)> <Delay = 0.00> <CoreInst = "LogicGate">   --->   Core 74 'LogicGate' <Latency = 0> <II = 1> <Delay = 0.97> <FuncUnit> <Opcode : 'and' 'or' 'xor'> <InPorts = 2> <OutPorts = 1>
ST_5 : Operation 120 [1/1] (0.00ns) (grouped into LUT with out node select_ln117_1082)   --->   "%and_ln102_1085 = and i1 %and_ln102_1097, i1 %and_ln104_217" [firmware/BDT.h:102]   --->   Operation 120 'and' 'and_ln102_1085' <Predicate = (icmp_ln86)> <Delay = 0.00> <CoreInst = "LogicGate">   --->   Core 74 'LogicGate' <Latency = 0> <II = 1> <Delay = 0.97> <FuncUnit> <Opcode : 'and' 'or' 'xor'> <InPorts = 2> <OutPorts = 1>
ST_5 : Operation 121 [1/1] (0.00ns) (grouped into LUT with out node select_ln117_1084)   --->   "%and_ln102_1086 = and i1 %icmp_ln86_1124, i1 %and_ln102_1074" [firmware/BDT.h:102]   --->   Operation 121 'and' 'and_ln102_1086' <Predicate = true> <Delay = 0.00> <CoreInst = "LogicGate">   --->   Core 74 'LogicGate' <Latency = 0> <II = 1> <Delay = 0.97> <FuncUnit> <Opcode : 'and' 'or' 'xor'> <InPorts = 2> <OutPorts = 1>
ST_5 : Operation 122 [1/1] (0.00ns) (grouped into LUT with out node select_ln117_1086)   --->   "%and_ln102_1098 = and i1 %icmp_ln86_1125, i1 %xor_ln104_541" [firmware/BDT.h:102]   --->   Operation 122 'and' 'and_ln102_1098' <Predicate = true> <Delay = 0.00> <CoreInst = "LogicGate">   --->   Core 74 'LogicGate' <Latency = 0> <II = 1> <Delay = 0.97> <FuncUnit> <Opcode : 'and' 'or' 'xor'> <InPorts = 2> <OutPorts = 1>
ST_5 : Operation 123 [1/1] (0.00ns) (grouped into LUT with out node select_ln117_1086)   --->   "%and_ln102_1087 = and i1 %and_ln102_1098, i1 %and_ln102_1068" [firmware/BDT.h:102]   --->   Operation 123 'and' 'and_ln102_1087' <Predicate = true> <Delay = 0.00> <CoreInst = "LogicGate">   --->   Core 74 'LogicGate' <Latency = 0> <II = 1> <Delay = 0.97> <FuncUnit> <Opcode : 'and' 'or' 'xor'> <InPorts = 2> <OutPorts = 1>
ST_5 : Operation 124 [1/1] (0.00ns) (grouped into LUT with out node select_ln117_1082)   --->   "%or_ln117_1015 = or i1 %or_ln117_1014, i1 %and_ln102_1085" [firmware/BDT.h:117]   --->   Operation 124 'or' 'or_ln117_1015' <Predicate = (icmp_ln86)> <Delay = 0.00> <CoreInst = "LogicGate">   --->   Core 74 'LogicGate' <Latency = 0> <II = 1> <Delay = 0.97> <FuncUnit> <Opcode : 'and' 'or' 'xor'> <InPorts = 2> <OutPorts = 1>
ST_5 : Operation 125 [1/1] (0.00ns) (grouped into LUT with out node select_ln117_1082)   --->   "%select_ln117_1081 = select i1 %or_ln117_1015, i4 %select_ln117_1080, i4 15" [firmware/BDT.h:117]   --->   Operation 125 'select' 'select_ln117_1081' <Predicate = (icmp_ln86)> <Delay = 0.00> <CoreInst = "Sel">   --->   Core 73 'Sel' <Latency = 0> <II = 1> <Delay = 1.02> <FuncUnit> <Opcode : 'select'> <InPorts = 3> <OutPorts = 1>
ST_5 : Operation 126 [1/1] (0.00ns) (grouped into LUT with out node select_ln117_1082)   --->   "%zext_ln117_120 = zext i4 %select_ln117_1081" [firmware/BDT.h:117]   --->   Operation 126 'zext' 'zext_ln117_120' <Predicate = (icmp_ln86)> <Delay = 0.00>
ST_5 : Operation 127 [1/1] (0.00ns) (grouped into LUT with out node select_ln117_1084)   --->   "%or_ln117_1016 = or i1 %icmp_ln86, i1 %and_ln102_1086" [firmware/BDT.h:117]   --->   Operation 127 'or' 'or_ln117_1016' <Predicate = true> <Delay = 0.00> <CoreInst = "LogicGate">   --->   Core 74 'LogicGate' <Latency = 0> <II = 1> <Delay = 0.97> <FuncUnit> <Opcode : 'and' 'or' 'xor'> <InPorts = 2> <OutPorts = 1>
ST_5 : Operation 128 [1/1] (1.21ns) (out node of the LUT)   --->   "%select_ln117_1082 = select i1 %icmp_ln86, i5 %zext_ln117_120, i5 16" [firmware/BDT.h:117]   --->   Operation 128 'select' 'select_ln117_1082' <Predicate = true> <Delay = 1.21> <CoreInst = "Sel">   --->   Core 73 'Sel' <Latency = 0> <II = 1> <Delay = 1.21> <FuncUnit> <Opcode : 'select'> <InPorts = 3> <OutPorts = 1>
ST_5 : Operation 129 [1/1] (0.97ns)   --->   "%or_ln117_1017 = or i1 %icmp_ln86, i1 %and_ln102_1074" [firmware/BDT.h:117]   --->   Operation 129 'or' 'or_ln117_1017' <Predicate = true> <Delay = 0.97> <CoreInst = "LogicGate">   --->   Core 74 'LogicGate' <Latency = 0> <II = 1> <Delay = 0.97> <FuncUnit> <Opcode : 'and' 'or' 'xor'> <InPorts = 2> <OutPorts = 1>
ST_5 : Operation 130 [1/1] (0.00ns) (grouped into LUT with out node select_ln117_1084)   --->   "%select_ln117_1083 = select i1 %or_ln117_1016, i5 %select_ln117_1082, i5 17" [firmware/BDT.h:117]   --->   Operation 130 'select' 'select_ln117_1083' <Predicate = true> <Delay = 0.00> <CoreInst = "Sel">   --->   Core 73 'Sel' <Latency = 0> <II = 1> <Delay = 1.21> <FuncUnit> <Opcode : 'select'> <InPorts = 3> <OutPorts = 1>
ST_5 : Operation 131 [1/1] (0.00ns) (grouped into LUT with out node select_ln117_1086)   --->   "%or_ln117_1018 = or i1 %or_ln117_1017, i1 %and_ln102_1087" [firmware/BDT.h:117]   --->   Operation 131 'or' 'or_ln117_1018' <Predicate = true> <Delay = 0.00> <CoreInst = "LogicGate">   --->   Core 74 'LogicGate' <Latency = 0> <II = 1> <Delay = 0.97> <FuncUnit> <Opcode : 'and' 'or' 'xor'> <InPorts = 2> <OutPorts = 1>
ST_5 : Operation 132 [1/1] (1.21ns) (out node of the LUT)   --->   "%select_ln117_1084 = select i1 %or_ln117_1017, i5 %select_ln117_1083, i5 18" [firmware/BDT.h:117]   --->   Operation 132 'select' 'select_ln117_1084' <Predicate = true> <Delay = 1.21> <CoreInst = "Sel">   --->   Core 73 'Sel' <Latency = 0> <II = 1> <Delay = 1.21> <FuncUnit> <Opcode : 'select'> <InPorts = 3> <OutPorts = 1>
ST_5 : Operation 133 [1/1] (0.97ns)   --->   "%or_ln117_1019 = or i1 %icmp_ln86, i1 %and_ln102_1068" [firmware/BDT.h:117]   --->   Operation 133 'or' 'or_ln117_1019' <Predicate = true> <Delay = 0.97> <CoreInst = "LogicGate">   --->   Core 74 'LogicGate' <Latency = 0> <II = 1> <Delay = 0.97> <FuncUnit> <Opcode : 'and' 'or' 'xor'> <InPorts = 2> <OutPorts = 1>
ST_5 : Operation 134 [1/1] (0.00ns) (grouped into LUT with out node select_ln117_1086)   --->   "%select_ln117_1085 = select i1 %or_ln117_1018, i5 %select_ln117_1084, i5 19" [firmware/BDT.h:117]   --->   Operation 134 'select' 'select_ln117_1085' <Predicate = true> <Delay = 0.00> <CoreInst = "Sel">   --->   Core 73 'Sel' <Latency = 0> <II = 1> <Delay = 1.21> <FuncUnit> <Opcode : 'select'> <InPorts = 3> <OutPorts = 1>
ST_5 : Operation 135 [1/1] (1.21ns) (out node of the LUT)   --->   "%select_ln117_1086 = select i1 %or_ln117_1019, i5 %select_ln117_1085, i5 20" [firmware/BDT.h:117]   --->   Operation 135 'select' 'select_ln117_1086' <Predicate = true> <Delay = 1.21> <CoreInst = "Sel">   --->   Core 73 'Sel' <Latency = 0> <II = 1> <Delay = 1.21> <FuncUnit> <Opcode : 'select'> <InPorts = 3> <OutPorts = 1>
ST_5 : Operation 136 [1/1] (0.97ns)   --->   "%or_ln117_1021 = or i1 %or_ln117_1019, i1 %and_ln102_1075" [firmware/BDT.h:117]   --->   Operation 136 'or' 'or_ln117_1021' <Predicate = true> <Delay = 0.97> <CoreInst = "LogicGate">   --->   Core 74 'LogicGate' <Latency = 0> <II = 1> <Delay = 0.97> <FuncUnit> <Opcode : 'and' 'or' 'xor'> <InPorts = 2> <OutPorts = 1>
ST_5 : Operation 137 [1/1] (0.97ns)   --->   "%or_ln117_1023 = or i1 %icmp_ln86, i1 %and_ln102_1065" [firmware/BDT.h:117]   --->   Operation 137 'or' 'or_ln117_1023' <Predicate = true> <Delay = 0.97> <CoreInst = "LogicGate">   --->   Core 74 'LogicGate' <Latency = 0> <II = 1> <Delay = 0.97> <FuncUnit> <Opcode : 'and' 'or' 'xor'> <InPorts = 2> <OutPorts = 1>

State 6 <SV = 5> <Delay = 3.64>
ST_6 : Operation 138 [1/1] (0.00ns) (grouped into LUT with out node select_ln117_1090)   --->   "%xor_ln104_542 = xor i1 %icmp_ln86_1113, i1 1" [firmware/BDT.h:104]   --->   Operation 138 'xor' 'xor_ln104_542' <Predicate = (or_ln117_1023)> <Delay = 0.00> <CoreInst = "LogicGate">   --->   Core 74 'LogicGate' <Latency = 0> <II = 1> <Delay = 0.97> <FuncUnit> <Opcode : 'and' 'or' 'xor'> <InPorts = 2> <OutPorts = 1>
ST_6 : Operation 139 [1/1] (0.97ns)   --->   "%and_ln102_1076 = and i1 %icmp_ln86_1114, i1 %and_ln102_1069" [firmware/BDT.h:102]   --->   Operation 139 'and' 'and_ln102_1076' <Predicate = true> <Delay = 0.97> <CoreInst = "LogicGate">   --->   Core 74 'LogicGate' <Latency = 0> <II = 1> <Delay = 0.97> <FuncUnit> <Opcode : 'and' 'or' 'xor'> <InPorts = 2> <OutPorts = 1>
ST_6 : Operation 140 [1/1] (0.00ns) (grouped into LUT with out node select_ln117_1088)   --->   "%and_ln102_1088 = and i1 %icmp_ln86_1126, i1 %and_ln102_1075" [firmware/BDT.h:102]   --->   Operation 140 'and' 'and_ln102_1088' <Predicate = (or_ln117_1021 & or_ln117_1023)> <Delay = 0.00> <CoreInst = "LogicGate">   --->   Core 74 'LogicGate' <Latency = 0> <II = 1> <Delay = 0.97> <FuncUnit> <Opcode : 'and' 'or' 'xor'> <InPorts = 2> <OutPorts = 1>
ST_6 : Operation 141 [1/1] (0.00ns) (grouped into LUT with out node select_ln117_1090)   --->   "%and_ln102_1099 = and i1 %icmp_ln86_1127, i1 %xor_ln104_542" [firmware/BDT.h:102]   --->   Operation 141 'and' 'and_ln102_1099' <Predicate = (or_ln117_1023)> <Delay = 0.00> <CoreInst = "LogicGate">   --->   Core 74 'LogicGate' <Latency = 0> <II = 1> <Delay = 0.97> <FuncUnit> <Opcode : 'and' 'or' 'xor'> <InPorts = 2> <OutPorts = 1>
ST_6 : Operation 142 [1/1] (0.00ns) (grouped into LUT with out node select_ln117_1090)   --->   "%and_ln102_1089 = and i1 %and_ln102_1099, i1 %and_ln104_218" [firmware/BDT.h:102]   --->   Operation 142 'and' 'and_ln102_1089' <Predicate = (or_ln117_1023)> <Delay = 0.00> <CoreInst = "LogicGate">   --->   Core 74 'LogicGate' <Latency = 0> <II = 1> <Delay = 0.97> <FuncUnit> <Opcode : 'and' 'or' 'xor'> <InPorts = 2> <OutPorts = 1>
ST_6 : Operation 143 [1/1] (0.00ns) (grouped into LUT with out node select_ln117_1092)   --->   "%and_ln102_1090 = and i1 %icmp_ln86_1128, i1 %and_ln102_1076" [firmware/BDT.h:102]   --->   Operation 143 'and' 'and_ln102_1090' <Predicate = true> <Delay = 0.00> <CoreInst = "LogicGate">   --->   Core 74 'LogicGate' <Latency = 0> <II = 1> <Delay = 0.97> <FuncUnit> <Opcode : 'and' 'or' 'xor'> <InPorts = 2> <OutPorts = 1>
ST_6 : Operation 144 [1/1] (0.00ns) (grouped into LUT with out node select_ln117_1088)   --->   "%or_ln117_1020 = or i1 %or_ln117_1019, i1 %and_ln102_1088" [firmware/BDT.h:117]   --->   Operation 144 'or' 'or_ln117_1020' <Predicate = (or_ln117_1021 & or_ln117_1023)> <Delay = 0.00> <CoreInst = "LogicGate">   --->   Core 74 'LogicGate' <Latency = 0> <II = 1> <Delay = 0.97> <FuncUnit> <Opcode : 'and' 'or' 'xor'> <InPorts = 2> <OutPorts = 1>
ST_6 : Operation 145 [1/1] (0.00ns) (grouped into LUT with out node select_ln117_1088)   --->   "%select_ln117_1087 = select i1 %or_ln117_1020, i5 %select_ln117_1086, i5 21" [firmware/BDT.h:117]   --->   Operation 145 'select' 'select_ln117_1087' <Predicate = (or_ln117_1021 & or_ln117_1023)> <Delay = 0.00> <CoreInst = "Sel">   --->   Core 73 'Sel' <Latency = 0> <II = 1> <Delay = 1.21> <FuncUnit> <Opcode : 'select'> <InPorts = 3> <OutPorts = 1>
ST_6 : Operation 146 [1/1] (0.00ns) (grouped into LUT with out node select_ln117_1090)   --->   "%or_ln117_1022 = or i1 %or_ln117_1021, i1 %and_ln102_1089" [firmware/BDT.h:117]   --->   Operation 146 'or' 'or_ln117_1022' <Predicate = (or_ln117_1023)> <Delay = 0.00> <CoreInst = "LogicGate">   --->   Core 74 'LogicGate' <Latency = 0> <II = 1> <Delay = 0.97> <FuncUnit> <Opcode : 'and' 'or' 'xor'> <InPorts = 2> <OutPorts = 1>
ST_6 : Operation 147 [1/1] (1.21ns) (out node of the LUT)   --->   "%select_ln117_1088 = select i1 %or_ln117_1021, i5 %select_ln117_1087, i5 22" [firmware/BDT.h:117]   --->   Operation 147 'select' 'select_ln117_1088' <Predicate = (or_ln117_1023)> <Delay = 1.21> <CoreInst = "Sel">   --->   Core 73 'Sel' <Latency = 0> <II = 1> <Delay = 1.21> <FuncUnit> <Opcode : 'select'> <InPorts = 3> <OutPorts = 1>
ST_6 : Operation 148 [1/1] (0.00ns) (grouped into LUT with out node select_ln117_1090)   --->   "%select_ln117_1089 = select i1 %or_ln117_1022, i5 %select_ln117_1088, i5 23" [firmware/BDT.h:117]   --->   Operation 148 'select' 'select_ln117_1089' <Predicate = (or_ln117_1023)> <Delay = 0.00> <CoreInst = "Sel">   --->   Core 73 'Sel' <Latency = 0> <II = 1> <Delay = 1.21> <FuncUnit> <Opcode : 'select'> <InPorts = 3> <OutPorts = 1>
ST_6 : Operation 149 [1/1] (0.00ns) (grouped into LUT with out node select_ln117_1092)   --->   "%or_ln117_1024 = or i1 %or_ln117_1023, i1 %and_ln102_1090" [firmware/BDT.h:117]   --->   Operation 149 'or' 'or_ln117_1024' <Predicate = true> <Delay = 0.00> <CoreInst = "LogicGate">   --->   Core 74 'LogicGate' <Latency = 0> <II = 1> <Delay = 0.97> <FuncUnit> <Opcode : 'and' 'or' 'xor'> <InPorts = 2> <OutPorts = 1>
ST_6 : Operation 150 [1/1] (1.21ns) (out node of the LUT)   --->   "%select_ln117_1090 = select i1 %or_ln117_1023, i5 %select_ln117_1089, i5 24" [firmware/BDT.h:117]   --->   Operation 150 'select' 'select_ln117_1090' <Predicate = true> <Delay = 1.21> <CoreInst = "Sel">   --->   Core 73 'Sel' <Latency = 0> <II = 1> <Delay = 1.21> <FuncUnit> <Opcode : 'select'> <InPorts = 3> <OutPorts = 1>
ST_6 : Operation 151 [1/1] (0.97ns)   --->   "%or_ln117_1025 = or i1 %or_ln117_1023, i1 %and_ln102_1076" [firmware/BDT.h:117]   --->   Operation 151 'or' 'or_ln117_1025' <Predicate = true> <Delay = 0.97> <CoreInst = "LogicGate">   --->   Core 74 'LogicGate' <Latency = 0> <II = 1> <Delay = 0.97> <FuncUnit> <Opcode : 'and' 'or' 'xor'> <InPorts = 2> <OutPorts = 1>
ST_6 : Operation 152 [1/1] (0.00ns) (grouped into LUT with out node select_ln117_1092)   --->   "%select_ln117_1091 = select i1 %or_ln117_1024, i5 %select_ln117_1090, i5 25" [firmware/BDT.h:117]   --->   Operation 152 'select' 'select_ln117_1091' <Predicate = true> <Delay = 0.00> <CoreInst = "Sel">   --->   Core 73 'Sel' <Latency = 0> <II = 1> <Delay = 1.21> <FuncUnit> <Opcode : 'select'> <InPorts = 3> <OutPorts = 1>
ST_6 : Operation 153 [1/1] (1.21ns) (out node of the LUT)   --->   "%select_ln117_1092 = select i1 %or_ln117_1025, i5 %select_ln117_1091, i5 26" [firmware/BDT.h:117]   --->   Operation 153 'select' 'select_ln117_1092' <Predicate = true> <Delay = 1.21> <CoreInst = "Sel">   --->   Core 73 'Sel' <Latency = 0> <II = 1> <Delay = 1.21> <FuncUnit> <Opcode : 'select'> <InPorts = 3> <OutPorts = 1>

State 7 <SV = 6> <Delay = 3.40>
ST_7 : Operation 154 [1/1] (0.00ns) (grouped into LUT with out node select_ln117_1094)   --->   "%xor_ln104_543 = xor i1 %icmp_ln86_1114, i1 1" [firmware/BDT.h:104]   --->   Operation 154 'xor' 'xor_ln104_543' <Predicate = true> <Delay = 0.00> <CoreInst = "LogicGate">   --->   Core 74 'LogicGate' <Latency = 0> <II = 1> <Delay = 0.97> <FuncUnit> <Opcode : 'and' 'or' 'xor'> <InPorts = 2> <OutPorts = 1>
ST_7 : Operation 155 [1/1] (0.97ns)   --->   "%and_ln102_1077 = and i1 %icmp_ln86_1115, i1 %and_ln104_219" [firmware/BDT.h:102]   --->   Operation 155 'and' 'and_ln102_1077' <Predicate = true> <Delay = 0.97> <CoreInst = "LogicGate">   --->   Core 74 'LogicGate' <Latency = 0> <II = 1> <Delay = 0.97> <FuncUnit> <Opcode : 'and' 'or' 'xor'> <InPorts = 2> <OutPorts = 1>
ST_7 : Operation 156 [1/1] (0.00ns) (grouped into LUT with out node select_ln117_1094)   --->   "%and_ln102_1100 = and i1 %icmp_ln86_1129, i1 %xor_ln104_543" [firmware/BDT.h:102]   --->   Operation 156 'and' 'and_ln102_1100' <Predicate = true> <Delay = 0.00> <CoreInst = "LogicGate">   --->   Core 74 'LogicGate' <Latency = 0> <II = 1> <Delay = 0.97> <FuncUnit> <Opcode : 'and' 'or' 'xor'> <InPorts = 2> <OutPorts = 1>
ST_7 : Operation 157 [1/1] (0.00ns) (grouped into LUT with out node select_ln117_1094)   --->   "%and_ln102_1091 = and i1 %and_ln102_1100, i1 %and_ln102_1069" [firmware/BDT.h:102]   --->   Operation 157 'and' 'and_ln102_1091' <Predicate = true> <Delay = 0.00> <CoreInst = "LogicGate">   --->   Core 74 'LogicGate' <Latency = 0> <II = 1> <Delay = 0.97> <FuncUnit> <Opcode : 'and' 'or' 'xor'> <InPorts = 2> <OutPorts = 1>
ST_7 : Operation 158 [1/1] (0.00ns) (grouped into LUT with out node select_ln117_1096)   --->   "%and_ln102_1092 = and i1 %icmp_ln86_1130, i1 %and_ln102_1077" [firmware/BDT.h:102]   --->   Operation 158 'and' 'and_ln102_1092' <Predicate = true> <Delay = 0.00> <CoreInst = "LogicGate">   --->   Core 74 'LogicGate' <Latency = 0> <II = 1> <Delay = 0.97> <FuncUnit> <Opcode : 'and' 'or' 'xor'> <InPorts = 2> <OutPorts = 1>
ST_7 : Operation 159 [1/1] (0.00ns) (grouped into LUT with out node select_ln117_1094)   --->   "%or_ln117_1026 = or i1 %or_ln117_1025, i1 %and_ln102_1091" [firmware/BDT.h:117]   --->   Operation 159 'or' 'or_ln117_1026' <Predicate = true> <Delay = 0.00> <CoreInst = "LogicGate">   --->   Core 74 'LogicGate' <Latency = 0> <II = 1> <Delay = 0.97> <FuncUnit> <Opcode : 'and' 'or' 'xor'> <InPorts = 2> <OutPorts = 1>
ST_7 : Operation 160 [1/1] (0.97ns)   --->   "%or_ln117_1027 = or i1 %or_ln117_1023, i1 %and_ln102_1069" [firmware/BDT.h:117]   --->   Operation 160 'or' 'or_ln117_1027' <Predicate = true> <Delay = 0.97> <CoreInst = "LogicGate">   --->   Core 74 'LogicGate' <Latency = 0> <II = 1> <Delay = 0.97> <FuncUnit> <Opcode : 'and' 'or' 'xor'> <InPorts = 2> <OutPorts = 1>
ST_7 : Operation 161 [1/1] (0.00ns) (grouped into LUT with out node select_ln117_1094)   --->   "%select_ln117_1093 = select i1 %or_ln117_1026, i5 %select_ln117_1092, i5 27" [firmware/BDT.h:117]   --->   Operation 161 'select' 'select_ln117_1093' <Predicate = true> <Delay = 0.00> <CoreInst = "Sel">   --->   Core 73 'Sel' <Latency = 0> <II = 1> <Delay = 1.21> <FuncUnit> <Opcode : 'select'> <InPorts = 3> <OutPorts = 1>
ST_7 : Operation 162 [1/1] (0.00ns) (grouped into LUT with out node select_ln117_1096)   --->   "%or_ln117_1028 = or i1 %or_ln117_1027, i1 %and_ln102_1092" [firmware/BDT.h:117]   --->   Operation 162 'or' 'or_ln117_1028' <Predicate = true> <Delay = 0.00> <CoreInst = "LogicGate">   --->   Core 74 'LogicGate' <Latency = 0> <II = 1> <Delay = 0.97> <FuncUnit> <Opcode : 'and' 'or' 'xor'> <InPorts = 2> <OutPorts = 1>
ST_7 : Operation 163 [1/1] (1.21ns) (out node of the LUT)   --->   "%select_ln117_1094 = select i1 %or_ln117_1027, i5 %select_ln117_1093, i5 28" [firmware/BDT.h:117]   --->   Operation 163 'select' 'select_ln117_1094' <Predicate = true> <Delay = 1.21> <CoreInst = "Sel">   --->   Core 73 'Sel' <Latency = 0> <II = 1> <Delay = 1.21> <FuncUnit> <Opcode : 'select'> <InPorts = 3> <OutPorts = 1>
ST_7 : Operation 164 [1/1] (0.97ns)   --->   "%or_ln117_1029 = or i1 %or_ln117_1027, i1 %and_ln102_1077" [firmware/BDT.h:117]   --->   Operation 164 'or' 'or_ln117_1029' <Predicate = true> <Delay = 0.97> <CoreInst = "LogicGate">   --->   Core 74 'LogicGate' <Latency = 0> <II = 1> <Delay = 0.97> <FuncUnit> <Opcode : 'and' 'or' 'xor'> <InPorts = 2> <OutPorts = 1>
ST_7 : Operation 165 [1/1] (0.00ns) (grouped into LUT with out node select_ln117_1096)   --->   "%select_ln117_1095 = select i1 %or_ln117_1028, i5 %select_ln117_1094, i5 29" [firmware/BDT.h:117]   --->   Operation 165 'select' 'select_ln117_1095' <Predicate = true> <Delay = 0.00> <CoreInst = "Sel">   --->   Core 73 'Sel' <Latency = 0> <II = 1> <Delay = 1.21> <FuncUnit> <Opcode : 'select'> <InPorts = 3> <OutPorts = 1>
ST_7 : Operation 166 [1/1] (1.21ns) (out node of the LUT)   --->   "%select_ln117_1096 = select i1 %or_ln117_1029, i5 %select_ln117_1095, i5 30" [firmware/BDT.h:117]   --->   Operation 166 'select' 'select_ln117_1096' <Predicate = true> <Delay = 1.21> <CoreInst = "Sel">   --->   Core 73 'Sel' <Latency = 0> <II = 1> <Delay = 1.21> <FuncUnit> <Opcode : 'select'> <InPorts = 3> <OutPorts = 1>

State 8 <SV = 7> <Delay = 3.20>
ST_8 : Operation 167 [1/1] (0.00ns)   --->   "%specpipeline_ln86 = specpipeline void @_ssdm_op_SpecPipeline, i32 1, i32 0, i32 0, i32 0, void @empty_0" [firmware/BDT.h:86]   --->   Operation 167 'specpipeline' 'specpipeline_ln86' <Predicate = true> <Delay = 0.00>
ST_8 : Operation 168 [1/1] (0.00ns) (grouped into LUT with out node agg_result)   --->   "%xor_ln104_544 = xor i1 %icmp_ln86_1115, i1 1" [firmware/BDT.h:104]   --->   Operation 168 'xor' 'xor_ln104_544' <Predicate = true> <Delay = 0.00> <CoreInst = "LogicGate">   --->   Core 74 'LogicGate' <Latency = 0> <II = 1> <Delay = 0.97> <FuncUnit> <Opcode : 'and' 'or' 'xor'> <InPorts = 2> <OutPorts = 1>
ST_8 : Operation 169 [1/1] (0.00ns) (grouped into LUT with out node agg_result)   --->   "%and_ln102_1101 = and i1 %icmp_ln86_1131, i1 %xor_ln104_544" [firmware/BDT.h:102]   --->   Operation 169 'and' 'and_ln102_1101' <Predicate = true> <Delay = 0.00> <CoreInst = "LogicGate">   --->   Core 74 'LogicGate' <Latency = 0> <II = 1> <Delay = 0.97> <FuncUnit> <Opcode : 'and' 'or' 'xor'> <InPorts = 2> <OutPorts = 1>
ST_8 : Operation 170 [1/1] (0.00ns) (grouped into LUT with out node agg_result)   --->   "%and_ln102_1093 = and i1 %and_ln102_1101, i1 %and_ln104_219" [firmware/BDT.h:102]   --->   Operation 170 'and' 'and_ln102_1093' <Predicate = true> <Delay = 0.00> <CoreInst = "LogicGate">   --->   Core 74 'LogicGate' <Latency = 0> <II = 1> <Delay = 0.97> <FuncUnit> <Opcode : 'and' 'or' 'xor'> <InPorts = 2> <OutPorts = 1>
ST_8 : Operation 171 [1/1] (0.00ns) (grouped into LUT with out node agg_result)   --->   "%or_ln117_1030 = or i1 %or_ln117_1029, i1 %and_ln102_1093" [firmware/BDT.h:117]   --->   Operation 171 'or' 'or_ln117_1030' <Predicate = true> <Delay = 0.00> <CoreInst = "LogicGate">   --->   Core 74 'LogicGate' <Latency = 0> <II = 1> <Delay = 0.97> <FuncUnit> <Opcode : 'and' 'or' 'xor'> <InPorts = 2> <OutPorts = 1>
ST_8 : Operation 172 [1/1] (0.00ns) (grouped into LUT with out node agg_result)   --->   "%select_ln117_1097 = select i1 %or_ln117_1030, i5 %select_ln117_1096, i5 31" [firmware/BDT.h:117]   --->   Operation 172 'select' 'select_ln117_1097' <Predicate = true> <Delay = 0.00> <CoreInst = "Sel">   --->   Core 73 'Sel' <Latency = 0> <II = 1> <Delay = 1.21> <FuncUnit> <Opcode : 'select'> <InPorts = 3> <OutPorts = 1>
ST_8 : Operation 173 [1/1] (3.20ns) (out node of the LUT)   --->   "%agg_result = sparsemux i12 @_ssdm_op_SparseMux.ap_auto.32i12.i12.i5, i5 0, i12 27, i5 1, i12 4041, i5 2, i12 372, i5 3, i12 68, i5 4, i12 119, i5 5, i12 4017, i5 6, i12 4060, i5 7, i12 3628, i5 8, i12 191, i5 9, i12 3386, i5 10, i12 399, i5 11, i12 2046, i5 12, i12 233, i5 13, i12 3744, i5 14, i12 246, i5 15, i12 3726, i5 16, i12 4085, i5 17, i12 118, i5 18, i12 13, i5 19, i12 4058, i5 20, i12 118, i5 21, i12 4083, i5 22, i12 3981, i5 23, i12 12, i5 24, i12 3899, i5 25, i12 138, i5 26, i12 193, i5 27, i12 4035, i5 28, i12 505, i5 29, i12 71, i5 30, i12 4033, i5 31, i12 3817, i12 0, i5 %select_ln117_1097" [firmware/BDT.h:118]   --->   Operation 173 'sparsemux' 'agg_result' <Predicate = true> <Delay = 3.20> <CoreInst = "BinarySparseMux_DontCare">   --->   Core 137 'BinarySparseMux_DontCare' <Latency = 0> <II = 1> <Delay = 3.20> <FuncUnit> <Opcode : 'sparsemux'> <InPorts = 2> <OutPorts = 1>
ST_8 : Operation 174 [1/1] (0.00ns)   --->   "%ret_ln122 = ret i12 %agg_result" [firmware/BDT.h:122]   --->   Operation 174 'ret' 'ret_ln122' <Predicate = true> <Delay = 0.00>


============================================================
+ Verbose Summary: Timing violations
============================================================
Target clock period: 5.000ns, clock uncertainty: 1.350ns.

 <State 1>: 3.114ns
The critical path consists of the following:
	wire read operation ('x_7_val_read', firmware/BDT.h:86) on port 'x_7_val' (firmware/BDT.h:86) [18]  (0.000 ns)
	'icmp' operation 1 bit ('icmp_ln86', firmware/BDT.h:86) [26]  (2.136 ns)
	'and' operation 1 bit ('and_ln102', firmware/BDT.h:102) [58]  (0.978 ns)

 <State 2>: 2.934ns
The critical path consists of the following:
	'and' operation 1 bit ('and_ln102_1066', firmware/BDT.h:102) [64]  (0.978 ns)
	'and' operation 1 bit ('and_ln102_1070', firmware/BDT.h:102) [76]  (0.978 ns)
	'or' operation 1 bit ('or_ln117', firmware/BDT.h:117) [118]  (0.978 ns)

 <State 3>: 2.997ns
The critical path consists of the following:
	'and' operation 1 bit ('and_ln102_1078', firmware/BDT.h:102) [92]  (0.000 ns)
	'xor' operation 1 bit ('xor_ln117', firmware/BDT.h:117) [116]  (0.000 ns)
	'select' operation 2 bit ('select_ln117', firmware/BDT.h:117) [119]  (0.000 ns)
	'select' operation 2 bit ('select_ln117_1069', firmware/BDT.h:117) [120]  (0.000 ns)
	'select' operation 3 bit ('select_ln117_1070', firmware/BDT.h:117) [123]  (0.993 ns)
	'select' operation 3 bit ('select_ln117_1071', firmware/BDT.h:117) [125]  (0.000 ns)
	'select' operation 3 bit ('select_ln117_1072', firmware/BDT.h:117) [127]  (0.980 ns)
	'select' operation 3 bit ('select_ln117_1073', firmware/BDT.h:117) [128]  (0.000 ns)
	'select' operation 4 bit ('select_ln117_1074', firmware/BDT.h:117) [131]  (1.024 ns)

 <State 4>: 3.072ns
The critical path consists of the following:
	'and' operation 1 bit ('and_ln102_1082', firmware/BDT.h:102) [98]  (0.000 ns)
	'or' operation 1 bit ('or_ln117_1009', firmware/BDT.h:117) [130]  (0.000 ns)
	'select' operation 4 bit ('select_ln117_1075', firmware/BDT.h:117) [133]  (0.000 ns)
	'select' operation 4 bit ('select_ln117_1076', firmware/BDT.h:117) [135]  (1.024 ns)
	'select' operation 4 bit ('select_ln117_1077', firmware/BDT.h:117) [137]  (0.000 ns)
	'select' operation 4 bit ('select_ln117_1078', firmware/BDT.h:117) [139]  (1.024 ns)
	'select' operation 4 bit ('select_ln117_1079', firmware/BDT.h:117) [141]  (0.000 ns)
	'select' operation 4 bit ('select_ln117_1080', firmware/BDT.h:117) [143]  (1.024 ns)

 <State 5>: 3.645ns
The critical path consists of the following:
	'xor' operation 1 bit ('xor_ln104_540', firmware/BDT.h:104) [83]  (0.000 ns)
	'and' operation 1 bit ('and_ln102_1097', firmware/BDT.h:102) [102]  (0.000 ns)
	'and' operation 1 bit ('and_ln102_1085', firmware/BDT.h:102) [103]  (0.000 ns)
	'or' operation 1 bit ('or_ln117_1015', firmware/BDT.h:117) [142]  (0.000 ns)
	'select' operation 4 bit ('select_ln117_1081', firmware/BDT.h:117) [144]  (0.000 ns)
	'select' operation 5 bit ('select_ln117_1082', firmware/BDT.h:117) [147]  (1.215 ns)
	'select' operation 5 bit ('select_ln117_1083', firmware/BDT.h:117) [149]  (0.000 ns)
	'select' operation 5 bit ('select_ln117_1084', firmware/BDT.h:117) [151]  (1.215 ns)
	'select' operation 5 bit ('select_ln117_1085', firmware/BDT.h:117) [153]  (0.000 ns)
	'select' operation 5 bit ('select_ln117_1086', firmware/BDT.h:117) [155]  (1.215 ns)

 <State 6>: 3.645ns
The critical path consists of the following:
	'and' operation 1 bit ('and_ln102_1088', firmware/BDT.h:102) [107]  (0.000 ns)
	'or' operation 1 bit ('or_ln117_1020', firmware/BDT.h:117) [154]  (0.000 ns)
	'select' operation 5 bit ('select_ln117_1087', firmware/BDT.h:117) [157]  (0.000 ns)
	'select' operation 5 bit ('select_ln117_1088', firmware/BDT.h:117) [159]  (1.215 ns)
	'select' operation 5 bit ('select_ln117_1089', firmware/BDT.h:117) [161]  (0.000 ns)
	'select' operation 5 bit ('select_ln117_1090', firmware/BDT.h:117) [163]  (1.215 ns)
	'select' operation 5 bit ('select_ln117_1091', firmware/BDT.h:117) [165]  (0.000 ns)
	'select' operation 5 bit ('select_ln117_1092', firmware/BDT.h:117) [167]  (1.215 ns)

 <State 7>: 3.408ns
The critical path consists of the following:
	'or' operation 1 bit ('or_ln117_1027', firmware/BDT.h:117) [168]  (0.978 ns)
	'select' operation 5 bit ('select_ln117_1094', firmware/BDT.h:117) [171]  (1.215 ns)
	'select' operation 5 bit ('select_ln117_1095', firmware/BDT.h:117) [173]  (0.000 ns)
	'select' operation 5 bit ('select_ln117_1096', firmware/BDT.h:117) [175]  (1.215 ns)

 <State 8>: 3.205ns
The critical path consists of the following:
	'xor' operation 1 bit ('xor_ln104_544', firmware/BDT.h:104) [91]  (0.000 ns)
	'and' operation 1 bit ('and_ln102_1101', firmware/BDT.h:102) [114]  (0.000 ns)
	'and' operation 1 bit ('and_ln102_1093', firmware/BDT.h:102) [115]  (0.000 ns)
	'or' operation 1 bit ('or_ln117_1030', firmware/BDT.h:117) [174]  (0.000 ns)
	'select' operation 5 bit ('select_ln117_1097', firmware/BDT.h:117) [176]  (0.000 ns)
	'sparsemux' operation 12 bit ('agg_result', firmware/BDT.h:118) [177]  (3.205 ns)


============================================================
+ Verbose Summary: Binding
============================================================
N/A
* FSMD analyzer results:
  - Output states:
 - Input state : 
  - Chain level:
	State 1
	State 2
	State 3
	State 4
	State 5
	State 6
	State 7
	State 8


============================================================
+ Verbose Summary: Datapath Resource usage 
============================================================
N/A
