

================================================================
== Vitis HLS Report for 'conifer_jettag_accelerator'
================================================================
* Date:           Tue Mar 11 16:23:12 2025

* Version:        2024.2 (Build 5238294 on Nov  8 2024)
* Project:        conifer_jettag
* Solution:       solution1 (Vivado IP Flow Target)
* Product family: zynq
* Target device:  xc7z020-clg400-1


================================================================
== Performance Estimates
================================================================
+ Timing: 
    * Summary: 
    +--------+---------+----------+------------+
    |  Clock |  Target | Estimated| Uncertainty|
    +--------+---------+----------+------------+
    |ap_clk  |  5.00 ns|  5.029 ns|     1.35 ns|
    +--------+---------+----------+------------+

+ Latency: 
    * Summary: 
    +---------+---------+----------+----------+-----+-----+------------------------------------------------+
    |  Latency (cycles) |  Latency (absolute) |  Interval |                    Pipeline                    |
    |   min   |   max   |    min   |    max   | min | max |                      Type                      |
    +---------+---------+----------+----------+-----+-----+------------------------------------------------+
    |        ?|        ?|         ?|         ?|    0|    0|  loop auto-rewind stp (delay=0 clock cycles(s))|
    +---------+---------+----------+----------+-----+-----+------------------------------------------------+

    + Detail: 
        * Instance: 
        +----------------------------------------------------------------------+-----------------------------------------------------------+---------+---------+-----------+-----------+-----+-----+---------+
        |                                                                      |                                                           |  Latency (cycles) |   Latency (absolute)  |  Interval | Pipeline|
        |                               Instance                               |                           Module                          |   min   |   max   |    min    |    max    | min | max |   Type  |
        +----------------------------------------------------------------------+-----------------------------------------------------------+---------+---------+-----------+-----------+-----+-----+---------+
        |grp_copy_input_fu_118                                                 |copy_input                                                 |       38|       38|   0.190 us|   0.190 us|   16|   16|      yes|
        |grp_tree_scores_fu_126                                                |tree_scores                                                |        9|        9|  45.000 ns|  45.000 ns|    1|    1|      yes|
        |grp_reduce_ap_fixed_18_8_5_3_0_25_OpAdd_ap_fixed_18_8_5_3_0_s_fu_145  |reduce_ap_fixed_18_8_5_3_0_25_OpAdd_ap_fixed_18_8_5_3_0_s  |        4|        4|  20.000 ns|  20.000 ns|    1|    1|      yes|
        |grp_copy_output_fu_174                                                |copy_output                                                |       14|       14|  70.000 ns|  70.000 ns|    5|    5|      yes|
        +----------------------------------------------------------------------+-----------------------------------------------------------+---------+---------+-----------+-----------+-----+-----+---------+

        * Loop: 
        +-------------------+---------+---------+----------+-----------+-----------+------+----------+
        |                   |  Latency (cycles) | Iteration|  Initiation Interval  | Trip |          |
        |     Loop Name     |   min   |   max   |  Latency |  achieved |   target  | Count| Pipelined|
        +-------------------+---------+---------+----------+-----------+-----------+------+----------+
        |- VITIS_LOOP_36_1  |        ?|        ?|        76|         16|          1|     ?|       yes|
        +-------------------+---------+---------+----------+-----------+-----------+------+----------+



================================================================
== Utilization Estimates
================================================================
* Summary: 
+-----------------+---------+-----+--------+--------+-----+
|       Name      | BRAM_18K| DSP |   FF   |   LUT  | URAM|
+-----------------+---------+-----+--------+--------+-----+
|DSP              |        -|    -|       -|       -|    -|
|Expression       |        -|    -|       0|     211|    -|
|FIFO             |        -|    -|       -|       -|    -|
|Instance         |        4|    -|  242616|  258523|    -|
|Memory           |        -|    -|       -|       -|    -|
|Multiplexer      |        -|    -|       0|    1018|    -|
|Register         |        -|    -|    3032|      96|    -|
+-----------------+---------+-----+--------+--------+-----+
|Total            |        4|    0|  245648|  259848|    0|
+-----------------+---------+-----+--------+--------+-----+
|Available        |      280|  220|  106400|   53200|    0|
+-----------------+---------+-----+--------+--------+-----+
|Utilization (%)  |        1|    0|     230|     488|    0|
+-----------------+---------+-----+--------+--------+-----+

+ Detail: 
    * Instance: 
    +----------------------------------------------------------------------+-----------------------------------------------------------+---------+----+--------+--------+-----+
    |                               Instance                               |                           Module                          | BRAM_18K| DSP|   FF   |   LUT  | URAM|
    +----------------------------------------------------------------------+-----------------------------------------------------------+---------+----+--------+--------+-----+
    |control_s_axi_U                                                       |control_s_axi                                              |        0|   0|     226|     360|    0|
    |grp_copy_input_fu_118                                                 |copy_input                                                 |        0|   0|   16009|   13030|    0|
    |grp_copy_output_fu_174                                                |copy_output                                                |        0|   0|    1388|    1338|    0|
    |gmem0_m_axi_U                                                         |gmem0_m_axi                                                |        4|   0|     824|     723|    0|
    |grp_reduce_ap_fixed_18_8_5_3_0_25_OpAdd_ap_fixed_18_8_5_3_0_s_fu_145  |reduce_ap_fixed_18_8_5_3_0_25_OpAdd_ap_fixed_18_8_5_3_0_s  |        0|   0|    1009|     614|    0|
    |grp_tree_scores_fu_126                                                |tree_scores                                                |        0|   0|  223160|  242458|    0|
    +----------------------------------------------------------------------+-----------------------------------------------------------+---------+----+--------+--------+-----+
    |Total                                                                 |                                                           |        4|   0|  242616|  258523|    0|
    +----------------------------------------------------------------------+-----------------------------------------------------------+---------+----+--------+--------+-----+

    * DSP: 
    N/A

    * Memory: 
    N/A

    * FIFO: 
    N/A

    * Expression: 
    +--------------------------------------------+----------+----+---+----+------------+------------+
    |                Variable Name               | Operation| DSP| FF| LUT| Bitwidth P0| Bitwidth P1|
    +--------------------------------------------+----------+----+---+----+------------+------------+
    |n_1_fu_211_p2                               |         +|   0|  0|  38|          31|           1|
    |ap_block_pp0_stage0_11001                   |       and|   0|  0|   2|           1|           1|
    |ap_block_pp0_stage10_11001                  |       and|   0|  0|   2|           1|           1|
    |ap_block_pp0_stage10_11001_ignoreCallOp165  |       and|   0|  0|   2|           1|           1|
    |ap_block_pp0_stage10_11001_ignoreCallOp320  |       and|   0|  0|   2|           1|           1|
    |ap_block_pp0_stage10_11001_ignoreCallOp343  |       and|   0|  0|   2|           1|           1|
    |ap_block_pp0_stage11_11001_ignoreCallOp346  |       and|   0|  0|   2|           1|           1|
    |ap_block_pp0_stage11_subdone_grp2           |       and|   0|  0|   2|           1|           1|
    |ap_block_pp0_stage11_subdone_grp23          |       and|   0|  0|   2|           1|           1|
    |ap_block_pp0_stage12_11001                  |       and|   0|  0|   2|           1|           1|
    |ap_block_pp0_stage12_11001_ignoreCallOp167  |       and|   0|  0|   2|           1|           1|
    |ap_block_pp0_stage12_11001_ignoreCallOp327  |       and|   0|  0|   2|           1|           1|
    |ap_block_pp0_stage13_11001                  |       and|   0|  0|   2|           1|           1|
    |ap_block_pp0_stage13_11001_ignoreCallOp168  |       and|   0|  0|   2|           1|           1|
    |ap_block_pp0_stage13_11001_ignoreCallOp329  |       and|   0|  0|   2|           1|           1|
    |ap_block_pp0_stage13_11001_ignoreCallOp330  |       and|   0|  0|   2|           1|           1|
    |ap_block_pp0_stage14_11001                  |       and|   0|  0|   2|           1|           1|
    |ap_block_pp0_stage14_11001_ignoreCallOp169  |       and|   0|  0|   2|           1|           1|
    |ap_block_pp0_stage14_11001_ignoreCallOp331  |       and|   0|  0|   2|           1|           1|
    |ap_block_pp0_stage15_11001                  |       and|   0|  0|   2|           1|           1|
    |ap_block_pp0_stage15_11001_ignoreCallOp170  |       and|   0|  0|   2|           1|           1|
    |ap_block_pp0_stage15_11001_ignoreCallOp332  |       and|   0|  0|   2|           1|           1|
    |ap_block_pp0_stage1_11001_ignoreCallOp125   |       and|   0|  0|   2|           1|           1|
    |ap_block_pp0_stage1_11001_ignoreCallOp334   |       and|   0|  0|   2|           1|           1|
    |ap_block_pp0_stage1_subdone_grp17           |       and|   0|  0|   2|           1|           1|
    |ap_block_pp0_stage1_subdone_grp8            |       and|   0|  0|   2|           1|           1|
    |ap_block_pp0_stage2_11001_ignoreCallOp335   |       and|   0|  0|   2|           1|           1|
    |ap_block_pp0_stage2_subdone_grp18           |       and|   0|  0|   2|           1|           1|
    |ap_block_pp0_stage2_subdone_grp9            |       and|   0|  0|   2|           1|           1|
    |ap_block_pp0_stage3_subdone_grp19           |       and|   0|  0|   2|           1|           1|
    |ap_block_pp0_stage4_11001_ignoreCallOp337   |       and|   0|  0|   2|           1|           1|
    |ap_block_pp0_stage4_subdone_grp10           |       and|   0|  0|   2|           1|           1|
    |ap_block_pp0_stage4_subdone_grp20           |       and|   0|  0|   2|           1|           1|
    |ap_block_pp0_stage5_11001_ignoreCallOp338   |       and|   0|  0|   2|           1|           1|
    |ap_block_pp0_stage5_subdone_grp11           |       and|   0|  0|   2|           1|           1|
    |ap_block_pp0_stage5_subdone_grp21           |       and|   0|  0|   2|           1|           1|
    |ap_block_pp0_stage6_11001_ignoreCallOp339   |       and|   0|  0|   2|           1|           1|
    |ap_block_pp0_stage6_subdone_grp12           |       and|   0|  0|   2|           1|           1|
    |ap_block_pp0_stage6_subdone_grp22           |       and|   0|  0|   2|           1|           1|
    |ap_block_pp0_stage7_11001                   |       and|   0|  0|   2|           1|           1|
    |ap_block_pp0_stage7_11001_ignoreCallOp306   |       and|   0|  0|   2|           1|           1|
    |ap_block_pp0_stage7_11001_ignoreCallOp340   |       and|   0|  0|   2|           1|           1|
    |ap_block_pp0_stage8_11001                   |       and|   0|  0|   2|           1|           1|
    |ap_block_pp0_stage8_11001_ignoreCallOp310   |       and|   0|  0|   2|           1|           1|
    |ap_block_pp0_stage8_11001_ignoreCallOp341   |       and|   0|  0|   2|           1|           1|
    |ap_block_pp0_stage9_11001                   |       and|   0|  0|   2|           1|           1|
    |ap_block_pp0_stage9_11001_ignoreCallOp164   |       and|   0|  0|   2|           1|           1|
    |ap_block_pp0_stage9_11001_ignoreCallOp315   |       and|   0|  0|   2|           1|           1|
    |ap_block_pp0_stage9_11001_ignoreCallOp342   |       and|   0|  0|   2|           1|           1|
    |ap_block_state12_pp0_stage11_iter0_grp2     |       and|   0|  0|   2|           1|           1|
    |icmp_ln36_fu_206_p2                         |      icmp|   0|  0|  39|          32|          32|
    |ap_block_pp0_stage11_11001                  |        or|   0|  0|   2|           1|           1|
    |ap_block_pp0_stage11_11001_ignoreCallOp166  |        or|   0|  0|   2|           1|           1|
    |ap_block_pp0_stage11_11001_ignoreCallOp324  |        or|   0|  0|   2|           1|           1|
    |ap_block_pp0_stage1_11001                   |        or|   0|  0|   2|           1|           1|
    |ap_block_pp0_stage1_11001_ignoreCallOp172   |        or|   0|  0|   2|           1|           1|
    |ap_block_pp0_stage2_11001                   |        or|   0|  0|   2|           1|           1|
    |ap_block_pp0_stage2_11001_ignoreCallOp173   |        or|   0|  0|   2|           1|           1|
    |ap_block_pp0_stage3_11001                   |        or|   0|  0|   2|           1|           1|
    |ap_block_pp0_stage3_11001_ignoreCallOp174   |        or|   0|  0|   2|           1|           1|
    |ap_block_pp0_stage3_11001_ignoreCallOp336   |        or|   0|  0|   2|           1|           1|
    |ap_block_pp0_stage3_subdone_grp1            |        or|   0|  0|   2|           1|           1|
    |ap_block_pp0_stage4_11001                   |        or|   0|  0|   2|           1|           1|
    |ap_block_pp0_stage4_11001_ignoreCallOp300   |        or|   0|  0|   2|           1|           1|
    |ap_block_pp0_stage5_11001                   |        or|   0|  0|   2|           1|           1|
    |ap_block_pp0_stage5_11001_ignoreCallOp301   |        or|   0|  0|   2|           1|           1|
    |ap_block_pp0_stage6_11001                   |        or|   0|  0|   2|           1|           1|
    |ap_block_pp0_stage6_11001_ignoreCallOp303   |        or|   0|  0|   2|           1|           1|
    |ap_enable_pp0                               |       xor|   0|  0|   2|           1|           2|
    +--------------------------------------------+----------+----+---+----+------------+------------+
    |Total                                       |          |   0|  0| 211|         130|         101|
    +--------------------------------------------+----------+----+---+----+------------+------------+

    * Multiplexer: 
    +---------------------------------------------------------------------------------+----+-----------+-----+-----------+
    |                                       Name                                      | LUT| Input Size| Bits| Total Bits|
    +---------------------------------------------------------------------------------+----+-----------+-----+-----------+
    |ap_NS_fsm                                                                        |  81|         17|    1|         17|
    |ap_done_int                                                                      |   9|          2|    1|          2|
    |ap_enable_reg_pp0_iter0                                                          |   9|          2|    1|          2|
    |ap_enable_reg_pp0_iter1                                                          |   9|          2|    1|          2|
    |ap_enable_reg_pp0_iter4                                                          |   9|          2|    1|          2|
    |ap_loop_exit_ready_pp0_iter1_reg                                                 |   9|          2|    1|          2|
    |ap_loop_exit_ready_pp0_iter2_reg                                                 |   9|          2|    1|          2|
    |ap_loop_exit_ready_pp0_iter3_reg                                                 |   9|          2|    1|          2|
    |gmem0_0_ARVALID                                                                  |   9|          2|    1|          2|
    |gmem0_0_AWVALID                                                                  |   9|          2|    1|          2|
    |gmem0_0_BREADY                                                                   |   9|          2|    1|          2|
    |gmem0_0_RREADY                                                                   |   9|          2|    1|          2|
    |gmem0_0_WVALID                                                                   |   9|          2|    1|          2|
    |gmem0_blk_n_AR                                                                   |   9|          2|    1|          2|
    |gmem0_blk_n_AW                                                                   |   9|          2|    1|          2|
    |gmem0_blk_n_B                                                                    |   9|          2|    1|          2|
    |gmem0_blk_n_R                                                                    |   9|          2|    1|          2|
    |gmem0_blk_n_W                                                                    |   9|          2|    1|          2|
    |grp_reduce_ap_fixed_18_8_5_3_0_25_OpAdd_ap_fixed_18_8_5_3_0_s_fu_145_x_0_val1    |  31|          6|   18|        108|
    |grp_reduce_ap_fixed_18_8_5_3_0_25_OpAdd_ap_fixed_18_8_5_3_0_s_fu_145_x_10_val11  |  31|          6|   18|        108|
    |grp_reduce_ap_fixed_18_8_5_3_0_25_OpAdd_ap_fixed_18_8_5_3_0_s_fu_145_x_11_val12  |  31|          6|   18|        108|
    |grp_reduce_ap_fixed_18_8_5_3_0_25_OpAdd_ap_fixed_18_8_5_3_0_s_fu_145_x_12_val13  |  31|          6|   18|        108|
    |grp_reduce_ap_fixed_18_8_5_3_0_25_OpAdd_ap_fixed_18_8_5_3_0_s_fu_145_x_13_val14  |  31|          6|   18|        108|
    |grp_reduce_ap_fixed_18_8_5_3_0_25_OpAdd_ap_fixed_18_8_5_3_0_s_fu_145_x_14_val15  |  31|          6|   18|        108|
    |grp_reduce_ap_fixed_18_8_5_3_0_25_OpAdd_ap_fixed_18_8_5_3_0_s_fu_145_x_15_val16  |  31|          6|   18|        108|
    |grp_reduce_ap_fixed_18_8_5_3_0_25_OpAdd_ap_fixed_18_8_5_3_0_s_fu_145_x_16_val    |  31|          6|   18|        108|
    |grp_reduce_ap_fixed_18_8_5_3_0_25_OpAdd_ap_fixed_18_8_5_3_0_s_fu_145_x_17_val    |  31|          6|   18|        108|
    |grp_reduce_ap_fixed_18_8_5_3_0_25_OpAdd_ap_fixed_18_8_5_3_0_s_fu_145_x_18_val    |  31|          6|   18|        108|
    |grp_reduce_ap_fixed_18_8_5_3_0_25_OpAdd_ap_fixed_18_8_5_3_0_s_fu_145_x_19_val    |  31|          6|   18|        108|
    |grp_reduce_ap_fixed_18_8_5_3_0_25_OpAdd_ap_fixed_18_8_5_3_0_s_fu_145_x_1_val2    |  31|          6|   18|        108|
    |grp_reduce_ap_fixed_18_8_5_3_0_25_OpAdd_ap_fixed_18_8_5_3_0_s_fu_145_x_20_val    |  31|          6|   18|        108|
    |grp_reduce_ap_fixed_18_8_5_3_0_25_OpAdd_ap_fixed_18_8_5_3_0_s_fu_145_x_21_val    |  31|          6|   18|        108|
    |grp_reduce_ap_fixed_18_8_5_3_0_25_OpAdd_ap_fixed_18_8_5_3_0_s_fu_145_x_22_val    |  31|          6|   18|        108|
    |grp_reduce_ap_fixed_18_8_5_3_0_25_OpAdd_ap_fixed_18_8_5_3_0_s_fu_145_x_23_val    |  31|          6|   18|        108|
    |grp_reduce_ap_fixed_18_8_5_3_0_25_OpAdd_ap_fixed_18_8_5_3_0_s_fu_145_x_24_val    |  31|          6|   18|        108|
    |grp_reduce_ap_fixed_18_8_5_3_0_25_OpAdd_ap_fixed_18_8_5_3_0_s_fu_145_x_2_val3    |  31|          6|   18|        108|
    |grp_reduce_ap_fixed_18_8_5_3_0_25_OpAdd_ap_fixed_18_8_5_3_0_s_fu_145_x_3_val4    |  31|          6|   18|        108|
    |grp_reduce_ap_fixed_18_8_5_3_0_25_OpAdd_ap_fixed_18_8_5_3_0_s_fu_145_x_4_val5    |  31|          6|   18|        108|
    |grp_reduce_ap_fixed_18_8_5_3_0_25_OpAdd_ap_fixed_18_8_5_3_0_s_fu_145_x_5_val6    |  31|          6|   18|        108|
    |grp_reduce_ap_fixed_18_8_5_3_0_25_OpAdd_ap_fixed_18_8_5_3_0_s_fu_145_x_6_val7    |  31|          6|   18|        108|
    |grp_reduce_ap_fixed_18_8_5_3_0_25_OpAdd_ap_fixed_18_8_5_3_0_s_fu_145_x_7_val8    |  31|          6|   18|        108|
    |grp_reduce_ap_fixed_18_8_5_3_0_25_OpAdd_ap_fixed_18_8_5_3_0_s_fu_145_x_8_val9    |  31|          6|   18|        108|
    |grp_reduce_ap_fixed_18_8_5_3_0_25_OpAdd_ap_fixed_18_8_5_3_0_s_fu_145_x_9_val10   |  31|          6|   18|        108|
    |n_fu_80                                                                          |   9|          2|   31|         62|
    +---------------------------------------------------------------------------------+----+-----------+-----+-----------+
    |Total                                                                            |1018|        203|  499|       2813|
    +---------------------------------------------------------------------------------+----+-----------+-----+-----------+

    * Register: 
    +-------------------------------------------------+----+----+-----+-----------+
    |                       Name                      | FF | LUT| Bits| Const Bits|
    +-------------------------------------------------+----+----+-----+-----------+
    |N_read_reg_797                                   |  32|   0|   32|          0|
    |ap_CS_fsm                                        |  16|   0|   16|          0|
    |ap_block_pp0_stage0_subdone_grp0_done_reg        |   1|   0|    1|          0|
    |ap_block_pp0_stage0_subdone_grp0_done_reg_iter0  |   1|   0|    1|          0|
    |ap_block_pp0_stage10_subdone_grp0_done_reg       |   1|   0|    1|          0|
    |ap_block_pp0_stage11_subdone_grp0_done_reg       |   1|   0|    1|          0|
    |ap_block_pp0_stage11_subdone_grp23_done_reg      |   1|   0|    1|          0|
    |ap_block_pp0_stage11_subdone_grp2_done_reg       |   1|   0|    1|          0|
    |ap_block_pp0_stage12_subdone_grp0_done_reg       |   1|   0|    1|          0|
    |ap_block_pp0_stage13_subdone_grp0_done_reg       |   1|   0|    1|          0|
    |ap_block_pp0_stage14_subdone_grp0_done_reg       |   1|   0|    1|          0|
    |ap_block_pp0_stage15_subdone_grp0_done_reg       |   1|   0|    1|          0|
    |ap_block_pp0_stage1_subdone_grp0_done_reg        |   1|   0|    1|          0|
    |ap_block_pp0_stage1_subdone_grp17_done_reg       |   1|   0|    1|          0|
    |ap_block_pp0_stage1_subdone_grp8_done_reg        |   1|   0|    1|          0|
    |ap_block_pp0_stage2_subdone_grp0_done_reg        |   1|   0|    1|          0|
    |ap_block_pp0_stage2_subdone_grp18_done_reg       |   1|   0|    1|          0|
    |ap_block_pp0_stage2_subdone_grp9_done_reg        |   1|   0|    1|          0|
    |ap_block_pp0_stage3_subdone_grp0_done_reg        |   1|   0|    1|          0|
    |ap_block_pp0_stage3_subdone_grp19_done_reg       |   1|   0|    1|          0|
    |ap_block_pp0_stage3_subdone_grp1_done_reg        |   1|   0|    1|          0|
    |ap_block_pp0_stage4_subdone_grp0_done_reg        |   1|   0|    1|          0|
    |ap_block_pp0_stage4_subdone_grp10_done_reg       |   1|   0|    1|          0|
    |ap_block_pp0_stage4_subdone_grp20_done_reg       |   1|   0|    1|          0|
    |ap_block_pp0_stage5_subdone_grp0_done_reg        |   1|   0|    1|          0|
    |ap_block_pp0_stage5_subdone_grp11_done_reg       |   1|   0|    1|          0|
    |ap_block_pp0_stage5_subdone_grp21_done_reg       |   1|   0|    1|          0|
    |ap_block_pp0_stage6_subdone_grp0_done_reg        |   1|   0|    1|          0|
    |ap_block_pp0_stage6_subdone_grp12_done_reg       |   1|   0|    1|          0|
    |ap_block_pp0_stage6_subdone_grp22_done_reg       |   1|   0|    1|          0|
    |ap_block_pp0_stage7_subdone_grp0_done_reg        |   1|   0|    1|          0|
    |ap_block_pp0_stage8_subdone_grp0_done_reg        |   1|   0|    1|          0|
    |ap_block_pp0_stage9_subdone_grp0_done_reg        |   1|   0|    1|          0|
    |ap_done_reg                                      |   1|   0|    1|          0|
    |ap_enable_reg_pp0_iter0_reg                      |   1|   0|    1|          0|
    |ap_enable_reg_pp0_iter1                          |   1|   0|    1|          0|
    |ap_enable_reg_pp0_iter2                          |   1|   0|    1|          0|
    |ap_enable_reg_pp0_iter3                          |   1|   0|    1|          0|
    |ap_enable_reg_pp0_iter4                          |   1|   0|    1|          0|
    |ap_loop_exit_ready_pp0_iter1_reg                 |   1|   0|    1|          0|
    |ap_loop_exit_ready_pp0_iter2_reg                 |   1|   0|    1|          0|
    |ap_loop_exit_ready_pp0_iter3_reg                 |   1|   0|    1|          0|
    |grp_copy_input_fu_118_ap_start_reg               |   1|   0|    1|          0|
    |grp_copy_output_fu_174_ap_start_reg              |   1|   0|    1|          0|
    |icmp_ln36_reg_809                                |   1|   0|    1|          0|
    |n_1_reg_813                                      |  31|   0|   31|          0|
    |n_2_reg_802                                      |  31|   0|   31|          0|
    |n_fu_80                                          |  31|   0|   31|          0|
    |reg_188                                          |  18|   0|   18|          0|
    |score_int_1_reg_1518                             |  18|   0|   18|          0|
    |score_int_2_reg_1523                             |  18|   0|   18|          0|
    |score_int_3_reg_1528                             |  18|   0|   18|          0|
    |score_read_reg_787                               |  32|   0|   32|          0|
    |scores_100_reg_1393                              |  18|   0|   18|          0|
    |scores_101_reg_1398                              |  18|   0|   18|          0|
    |scores_102_reg_1403                              |  18|   0|   18|          0|
    |scores_103_reg_1408                              |  18|   0|   18|          0|
    |scores_104_reg_1413                              |  18|   0|   18|          0|
    |scores_105_reg_1418                              |  18|   0|   18|          0|
    |scores_106_reg_1423                              |  18|   0|   18|          0|
    |scores_107_reg_1428                              |  18|   0|   18|          0|
    |scores_108_reg_1433                              |  18|   0|   18|          0|
    |scores_109_reg_1438                              |  18|   0|   18|          0|
    |scores_10_reg_943                                |  18|   0|   18|          0|
    |scores_110_reg_1443                              |  18|   0|   18|          0|
    |scores_111_reg_1448                              |  18|   0|   18|          0|
    |scores_112_reg_1453                              |  18|   0|   18|          0|
    |scores_113_reg_1458                              |  18|   0|   18|          0|
    |scores_114_reg_1463                              |  18|   0|   18|          0|
    |scores_115_reg_1468                              |  18|   0|   18|          0|
    |scores_116_reg_1473                              |  18|   0|   18|          0|
    |scores_117_reg_1478                              |  18|   0|   18|          0|
    |scores_118_reg_1483                              |  18|   0|   18|          0|
    |scores_119_reg_1488                              |  18|   0|   18|          0|
    |scores_11_reg_948                                |  18|   0|   18|          0|
    |scores_120_reg_1493                              |  18|   0|   18|          0|
    |scores_121_reg_1498                              |  18|   0|   18|          0|
    |scores_122_reg_1503                              |  18|   0|   18|          0|
    |scores_123_reg_1508                              |  18|   0|   18|          0|
    |scores_124_reg_1513                              |  18|   0|   18|          0|
    |scores_12_reg_953                                |  18|   0|   18|          0|
    |scores_13_reg_958                                |  18|   0|   18|          0|
    |scores_14_reg_963                                |  18|   0|   18|          0|
    |scores_15_reg_968                                |  18|   0|   18|          0|
    |scores_16_reg_973                                |  18|   0|   18|          0|
    |scores_17_reg_978                                |  18|   0|   18|          0|
    |scores_18_reg_983                                |  18|   0|   18|          0|
    |scores_19_reg_988                                |  18|   0|   18|          0|
    |scores_1_reg_898                                 |  18|   0|   18|          0|
    |scores_20_reg_993                                |  18|   0|   18|          0|
    |scores_21_reg_998                                |  18|   0|   18|          0|
    |scores_22_reg_1003                               |  18|   0|   18|          0|
    |scores_23_reg_1008                               |  18|   0|   18|          0|
    |scores_24_reg_1013                               |  18|   0|   18|          0|
    |scores_25_reg_1018                               |  18|   0|   18|          0|
    |scores_26_reg_1023                               |  18|   0|   18|          0|
    |scores_27_reg_1028                               |  18|   0|   18|          0|
    |scores_28_reg_1033                               |  18|   0|   18|          0|
    |scores_29_reg_1038                               |  18|   0|   18|          0|
    |scores_2_reg_903                                 |  18|   0|   18|          0|
    |scores_30_reg_1043                               |  18|   0|   18|          0|
    |scores_31_reg_1048                               |  18|   0|   18|          0|
    |scores_32_reg_1053                               |  18|   0|   18|          0|
    |scores_33_reg_1058                               |  18|   0|   18|          0|
    |scores_34_reg_1063                               |  18|   0|   18|          0|
    |scores_35_reg_1068                               |  18|   0|   18|          0|
    |scores_36_reg_1073                               |  18|   0|   18|          0|
    |scores_37_reg_1078                               |  18|   0|   18|          0|
    |scores_38_reg_1083                               |  18|   0|   18|          0|
    |scores_39_reg_1088                               |  18|   0|   18|          0|
    |scores_3_reg_908                                 |  18|   0|   18|          0|
    |scores_40_reg_1093                               |  18|   0|   18|          0|
    |scores_41_reg_1098                               |  18|   0|   18|          0|
    |scores_42_reg_1103                               |  18|   0|   18|          0|
    |scores_43_reg_1108                               |  18|   0|   18|          0|
    |scores_44_reg_1113                               |  18|   0|   18|          0|
    |scores_45_reg_1118                               |  18|   0|   18|          0|
    |scores_46_reg_1123                               |  18|   0|   18|          0|
    |scores_47_reg_1128                               |  18|   0|   18|          0|
    |scores_48_reg_1133                               |  18|   0|   18|          0|
    |scores_49_reg_1138                               |  18|   0|   18|          0|
    |scores_4_reg_913                                 |  18|   0|   18|          0|
    |scores_50_reg_1143                               |  18|   0|   18|          0|
    |scores_51_reg_1148                               |  18|   0|   18|          0|
    |scores_52_reg_1153                               |  18|   0|   18|          0|
    |scores_53_reg_1158                               |  18|   0|   18|          0|
    |scores_54_reg_1163                               |  18|   0|   18|          0|
    |scores_55_reg_1168                               |  18|   0|   18|          0|
    |scores_56_reg_1173                               |  18|   0|   18|          0|
    |scores_57_reg_1178                               |  18|   0|   18|          0|
    |scores_58_reg_1183                               |  18|   0|   18|          0|
    |scores_59_reg_1188                               |  18|   0|   18|          0|
    |scores_5_reg_918                                 |  18|   0|   18|          0|
    |scores_60_reg_1193                               |  18|   0|   18|          0|
    |scores_61_reg_1198                               |  18|   0|   18|          0|
    |scores_62_reg_1203                               |  18|   0|   18|          0|
    |scores_63_reg_1208                               |  18|   0|   18|          0|
    |scores_64_reg_1213                               |  18|   0|   18|          0|
    |scores_65_reg_1218                               |  18|   0|   18|          0|
    |scores_66_reg_1223                               |  18|   0|   18|          0|
    |scores_67_reg_1228                               |  18|   0|   18|          0|
    |scores_68_reg_1233                               |  18|   0|   18|          0|
    |scores_69_reg_1238                               |  18|   0|   18|          0|
    |scores_6_reg_923                                 |  18|   0|   18|          0|
    |scores_70_reg_1243                               |  18|   0|   18|          0|
    |scores_71_reg_1248                               |  18|   0|   18|          0|
    |scores_72_reg_1253                               |  18|   0|   18|          0|
    |scores_73_reg_1258                               |  18|   0|   18|          0|
    |scores_74_reg_1263                               |  18|   0|   18|          0|
    |scores_75_reg_1268                               |  18|   0|   18|          0|
    |scores_76_reg_1273                               |  18|   0|   18|          0|
    |scores_77_reg_1278                               |  18|   0|   18|          0|
    |scores_78_reg_1283                               |  18|   0|   18|          0|
    |scores_79_reg_1288                               |  18|   0|   18|          0|
    |scores_7_reg_928                                 |  18|   0|   18|          0|
    |scores_80_reg_1293                               |  18|   0|   18|          0|
    |scores_81_reg_1298                               |  18|   0|   18|          0|
    |scores_82_reg_1303                               |  18|   0|   18|          0|
    |scores_83_reg_1308                               |  18|   0|   18|          0|
    |scores_84_reg_1313                               |  18|   0|   18|          0|
    |scores_85_reg_1318                               |  18|   0|   18|          0|
    |scores_86_reg_1323                               |  18|   0|   18|          0|
    |scores_87_reg_1328                               |  18|   0|   18|          0|
    |scores_88_reg_1333                               |  18|   0|   18|          0|
    |scores_89_reg_1338                               |  18|   0|   18|          0|
    |scores_8_reg_933                                 |  18|   0|   18|          0|
    |scores_90_reg_1343                               |  18|   0|   18|          0|
    |scores_91_reg_1348                               |  18|   0|   18|          0|
    |scores_92_reg_1353                               |  18|   0|   18|          0|
    |scores_93_reg_1358                               |  18|   0|   18|          0|
    |scores_94_reg_1363                               |  18|   0|   18|          0|
    |scores_95_reg_1368                               |  18|   0|   18|          0|
    |scores_96_reg_1373                               |  18|   0|   18|          0|
    |scores_97_reg_1378                               |  18|   0|   18|          0|
    |scores_98_reg_1383                               |  18|   0|   18|          0|
    |scores_99_reg_1388                               |  18|   0|   18|          0|
    |scores_9_reg_938                                 |  18|   0|   18|          0|
    |scores_reg_893                                   |  18|   0|   18|          0|
    |x_int_10_reg_873                                 |  18|   0|   18|          0|
    |x_int_11_reg_878                                 |  18|   0|   18|          0|
    |x_int_12_reg_883                                 |  18|   0|   18|          0|
    |x_int_13_reg_888                                 |  18|   0|   18|          0|
    |x_int_14_reg_868                                 |  18|   0|   18|          0|
    |x_int_1_reg_823                                  |  18|   0|   18|          0|
    |x_int_2_reg_828                                  |  18|   0|   18|          0|
    |x_int_3_reg_833                                  |  18|   0|   18|          0|
    |x_int_4_reg_838                                  |  18|   0|   18|          0|
    |x_int_5_reg_843                                  |  18|   0|   18|          0|
    |x_int_6_reg_848                                  |  18|   0|   18|          0|
    |x_int_7_reg_853                                  |  18|   0|   18|          0|
    |x_int_8_reg_858                                  |  18|   0|   18|          0|
    |x_int_9_reg_863                                  |  18|   0|   18|          0|
    |x_int_reg_818                                    |  18|   0|   18|          0|
    |x_read_reg_792                                   |  32|   0|   32|          0|
    |icmp_ln36_reg_809                                |  64|  32|    1|          0|
    |n_2_reg_802                                      |  64|  32|   31|          0|
    |score_read_reg_787                               |  64|  32|   32|          0|
    +-------------------------------------------------+----+----+-----+-----------+
    |Total                                            |3032|  96| 2904|          0|
    +-------------------------------------------------+----+----+-----+-----------+



================================================================
== Interface
================================================================
* Summary: 
+-----------------------+-----+-----+------------+----------------------------+--------------+
|       RTL Ports       | Dir | Bits|  Protocol  |        Source Object       |    C Type    |
+-----------------------+-----+-----+------------+----------------------------+--------------+
|s_axi_control_AWVALID  |   in|    1|       s_axi|                     control|        scalar|
|s_axi_control_AWREADY  |  out|    1|       s_axi|                     control|        scalar|
|s_axi_control_AWADDR   |   in|    7|       s_axi|                     control|        scalar|
|s_axi_control_WVALID   |   in|    1|       s_axi|                     control|        scalar|
|s_axi_control_WREADY   |  out|    1|       s_axi|                     control|        scalar|
|s_axi_control_WDATA    |   in|   32|       s_axi|                     control|        scalar|
|s_axi_control_WSTRB    |   in|    4|       s_axi|                     control|        scalar|
|s_axi_control_ARVALID  |   in|    1|       s_axi|                     control|        scalar|
|s_axi_control_ARREADY  |  out|    1|       s_axi|                     control|        scalar|
|s_axi_control_ARADDR   |   in|    7|       s_axi|                     control|        scalar|
|s_axi_control_RVALID   |  out|    1|       s_axi|                     control|        scalar|
|s_axi_control_RREADY   |   in|    1|       s_axi|                     control|        scalar|
|s_axi_control_RDATA    |  out|   32|       s_axi|                     control|        scalar|
|s_axi_control_RRESP    |  out|    2|       s_axi|                     control|        scalar|
|s_axi_control_BVALID   |  out|    1|       s_axi|                     control|        scalar|
|s_axi_control_BREADY   |   in|    1|       s_axi|                     control|        scalar|
|s_axi_control_BRESP    |  out|    2|       s_axi|                     control|        scalar|
|ap_clk                 |   in|    1|  ap_ctrl_hs|  conifer_jettag_accelerator|  return value|
|ap_rst_n               |   in|    1|  ap_ctrl_hs|  conifer_jettag_accelerator|  return value|
|interrupt              |  out|    1|  ap_ctrl_hs|  conifer_jettag_accelerator|  return value|
|m_axi_gmem0_AWVALID    |  out|    1|       m_axi|                       gmem0|       pointer|
|m_axi_gmem0_AWREADY    |   in|    1|       m_axi|                       gmem0|       pointer|
|m_axi_gmem0_AWADDR     |  out|   32|       m_axi|                       gmem0|       pointer|
|m_axi_gmem0_AWID       |  out|    1|       m_axi|                       gmem0|       pointer|
|m_axi_gmem0_AWLEN      |  out|    8|       m_axi|                       gmem0|       pointer|
|m_axi_gmem0_AWSIZE     |  out|    3|       m_axi|                       gmem0|       pointer|
|m_axi_gmem0_AWBURST    |  out|    2|       m_axi|                       gmem0|       pointer|
|m_axi_gmem0_AWLOCK     |  out|    2|       m_axi|                       gmem0|       pointer|
|m_axi_gmem0_AWCACHE    |  out|    4|       m_axi|                       gmem0|       pointer|
|m_axi_gmem0_AWPROT     |  out|    3|       m_axi|                       gmem0|       pointer|
|m_axi_gmem0_AWQOS      |  out|    4|       m_axi|                       gmem0|       pointer|
|m_axi_gmem0_AWREGION   |  out|    4|       m_axi|                       gmem0|       pointer|
|m_axi_gmem0_AWUSER     |  out|    1|       m_axi|                       gmem0|       pointer|
|m_axi_gmem0_WVALID     |  out|    1|       m_axi|                       gmem0|       pointer|
|m_axi_gmem0_WREADY     |   in|    1|       m_axi|                       gmem0|       pointer|
|m_axi_gmem0_WDATA      |  out|   32|       m_axi|                       gmem0|       pointer|
|m_axi_gmem0_WSTRB      |  out|    4|       m_axi|                       gmem0|       pointer|
|m_axi_gmem0_WLAST      |  out|    1|       m_axi|                       gmem0|       pointer|
|m_axi_gmem0_WID        |  out|    1|       m_axi|                       gmem0|       pointer|
|m_axi_gmem0_WUSER      |  out|    1|       m_axi|                       gmem0|       pointer|
|m_axi_gmem0_ARVALID    |  out|    1|       m_axi|                       gmem0|       pointer|
|m_axi_gmem0_ARREADY    |   in|    1|       m_axi|                       gmem0|       pointer|
|m_axi_gmem0_ARADDR     |  out|   32|       m_axi|                       gmem0|       pointer|
|m_axi_gmem0_ARID       |  out|    1|       m_axi|                       gmem0|       pointer|
|m_axi_gmem0_ARLEN      |  out|    8|       m_axi|                       gmem0|       pointer|
|m_axi_gmem0_ARSIZE     |  out|    3|       m_axi|                       gmem0|       pointer|
|m_axi_gmem0_ARBURST    |  out|    2|       m_axi|                       gmem0|       pointer|
|m_axi_gmem0_ARLOCK     |  out|    2|       m_axi|                       gmem0|       pointer|
|m_axi_gmem0_ARCACHE    |  out|    4|       m_axi|                       gmem0|       pointer|
|m_axi_gmem0_ARPROT     |  out|    3|       m_axi|                       gmem0|       pointer|
|m_axi_gmem0_ARQOS      |  out|    4|       m_axi|                       gmem0|       pointer|
|m_axi_gmem0_ARREGION   |  out|    4|       m_axi|                       gmem0|       pointer|
|m_axi_gmem0_ARUSER     |  out|    1|       m_axi|                       gmem0|       pointer|
|m_axi_gmem0_RVALID     |   in|    1|       m_axi|                       gmem0|       pointer|
|m_axi_gmem0_RREADY     |  out|    1|       m_axi|                       gmem0|       pointer|
|m_axi_gmem0_RDATA      |   in|   32|       m_axi|                       gmem0|       pointer|
|m_axi_gmem0_RLAST      |   in|    1|       m_axi|                       gmem0|       pointer|
|m_axi_gmem0_RID        |   in|    1|       m_axi|                       gmem0|       pointer|
|m_axi_gmem0_RUSER      |   in|    1|       m_axi|                       gmem0|       pointer|
|m_axi_gmem0_RRESP      |   in|    2|       m_axi|                       gmem0|       pointer|
|m_axi_gmem0_BVALID     |   in|    1|       m_axi|                       gmem0|       pointer|
|m_axi_gmem0_BREADY     |  out|    1|       m_axi|                       gmem0|       pointer|
|m_axi_gmem0_BRESP      |   in|    2|       m_axi|                       gmem0|       pointer|
|m_axi_gmem0_BID        |   in|    1|       m_axi|                       gmem0|       pointer|
|m_axi_gmem0_BUSER      |   in|    1|       m_axi|                       gmem0|       pointer|
+-----------------------+-----+-----+------------+----------------------------+--------------+

