

================================================================
== Vitis HLS Report for 'decision_function_13'
================================================================
* Date:           Tue Mar 11 16:22:51 2025

* Version:        2024.2 (Build 5238294 on Nov  8 2024)
* Project:        conifer_jettag
* Solution:       solution1 (Vivado IP Flow Target)
* Product family: zynq
* Target device:  xc7z020-clg400-1


================================================================
== Performance Estimates
================================================================
+ Timing: 
    * Summary: 
    +--------+---------+----------+------------+
    |  Clock |  Target | Estimated| Uncertainty|
    +--------+---------+----------+------------+
    |ap_clk  |  5.00 ns|  3.645 ns|     1.35 ns|
    +--------+---------+----------+------------+

+ Latency: 
    * Summary: 
    +---------+---------+-----------+-----------+-----+-----+---------+
    |  Latency (cycles) |   Latency (absolute)  |  Interval | Pipeline|
    |   min   |   max   |    min    |    max    | min | max |   Type  |
    +---------+---------+-----------+-----------+-----+-----+---------+
    |        7|        7|  35.000 ns|  35.000 ns|    1|    1|      yes|
    +---------+---------+-----------+-----------+-----+-----+---------+

    + Detail: 
        * Instance: 
        N/A

        * Loop: 
        N/A



================================================================
== Utilization Estimates
================================================================
* Summary: 
+-----------------+---------+-----+--------+-------+-----+
|       Name      | BRAM_18K| DSP |   FF   |  LUT  | URAM|
+-----------------+---------+-----+--------+-------+-----+
|DSP              |        -|    -|       -|      -|    -|
|Expression       |        -|    -|       0|   1079|    -|
|FIFO             |        -|    -|       -|      -|    -|
|Instance         |        -|    -|       0|    142|    -|
|Memory           |        -|    -|       -|      -|    -|
|Multiplexer      |        -|    -|       -|      -|    -|
|Register         |        -|    -|    1804|    768|    -|
+-----------------+---------+-----+--------+-------+-----+
|Total            |        0|    0|    1804|   1989|    0|
+-----------------+---------+-----+--------+-------+-----+
|Available        |      280|  220|  106400|  53200|    0|
+-----------------+---------+-----+--------+-------+-----+
|Utilization (%)  |        0|    0|       1|      3|    0|
+-----------------+---------+-----+--------+-------+-----+

+ Detail: 
    * Instance: 
    +---------------------------------+---------------------------+---------+----+---+-----+-----+
    |             Instance            |           Module          | BRAM_18K| DSP| FF| LUT | URAM|
    +---------------------------------+---------------------------+---------+----+---+-----+-----+
    |sparsemux_65_5_11_1_1_x21_U1154  |sparsemux_65_5_11_1_1_x21  |        0|   0|  0|  142|    0|
    +---------------------------------+---------------------------+---------+----+---+-----+-----+
    |Total                            |                           |        0|   0|  0|  142|    0|
    +---------------------------------+---------------------------+---------+----+---+-----+-----+

    * DSP: 
    N/A

    * Memory: 
    N/A

    * FIFO: 
    N/A

    * Expression: 
    +-----------------------------+----------+----+---+----+------------+------------+
    |        Variable Name        | Operation| DSP| FF| LUT| Bitwidth P0| Bitwidth P1|
    +-----------------------------+----------+----+---+----+------------+------------+
    |and_ln102_351_fu_699_p2      |       and|   0|  0|   2|           1|           1|
    |and_ln102_352_fu_516_p2      |       and|   0|  0|   2|           1|           1|
    |and_ln102_353_fu_567_p2      |       and|   0|  0|   2|           1|           1|
    |and_ln102_354_fu_713_p2      |       and|   0|  0|   2|           1|           1|
    |and_ln102_355_fu_833_p2      |       and|   0|  0|   2|           1|           1|
    |and_ln102_356_fu_530_p2      |       and|   0|  0|   2|           1|           1|
    |and_ln102_357_fu_540_p2      |       and|   0|  0|   2|           1|           1|
    |and_ln102_358_fu_586_p2      |       and|   0|  0|   2|           1|           1|
    |and_ln102_359_fu_723_p2      |       and|   0|  0|   2|           1|           1|
    |and_ln102_360_fu_727_p2      |       and|   0|  0|   2|           1|           1|
    |and_ln102_361_fu_857_p2      |       and|   0|  0|   2|           1|           1|
    |and_ln102_362_fu_975_p2      |       and|   0|  0|   2|           1|           1|
    |and_ln102_363_fu_1068_p2     |       and|   0|  0|   2|           1|           1|
    |and_ln102_364_fu_591_p2      |       and|   0|  0|   2|           1|           1|
    |and_ln102_365_fu_550_p2      |       and|   0|  0|   2|           1|           1|
    |and_ln102_366_fu_595_p2      |       and|   0|  0|   2|           1|           1|
    |and_ln102_367_fu_604_p2      |       and|   0|  0|   2|           1|           1|
    |and_ln102_368_fu_732_p2      |       and|   0|  0|   2|           1|           1|
    |and_ln102_369_fu_741_p2      |       and|   0|  0|   2|           1|           1|
    |and_ln102_370_fu_746_p2      |       and|   0|  0|   2|           1|           1|
    |and_ln102_371_fu_867_p2      |       and|   0|  0|   2|           1|           1|
    |and_ln102_372_fu_872_p2      |       and|   0|  0|   2|           1|           1|
    |and_ln102_373_fu_881_p2      |       and|   0|  0|   2|           1|           1|
    |and_ln102_374_fu_979_p2      |       and|   0|  0|   2|           1|           1|
    |and_ln102_375_fu_988_p2      |       and|   0|  0|   2|           1|           1|
    |and_ln102_376_fu_993_p2      |       and|   0|  0|   2|           1|           1|
    |and_ln102_377_fu_1077_p2     |       and|   0|  0|   2|           1|           1|
    |and_ln102_378_fu_1082_p2     |       and|   0|  0|   2|           1|           1|
    |and_ln102_379_fu_1149_p2     |       and|   0|  0|   2|           1|           1|
    |and_ln102_380_fu_545_p2      |       and|   0|  0|   2|           1|           1|
    |and_ln102_381_fu_599_p2      |       and|   0|  0|   2|           1|           1|
    |and_ln102_382_fu_736_p2      |       and|   0|  0|   2|           1|           1|
    |and_ln102_383_fu_862_p2      |       and|   0|  0|   2|           1|           1|
    |and_ln102_384_fu_876_p2      |       and|   0|  0|   2|           1|           1|
    |and_ln102_385_fu_983_p2      |       and|   0|  0|   2|           1|           1|
    |and_ln102_386_fu_1072_p2     |       and|   0|  0|   2|           1|           1|
    |and_ln102_387_fu_1144_p2     |       and|   0|  0|   2|           1|           1|
    |and_ln102_fu_500_p2          |       and|   0|  0|   2|           1|           1|
    |and_ln104_77_fu_708_p2       |       and|   0|  0|   2|           1|           1|
    |and_ln104_78_fu_525_p2       |       and|   0|  0|   2|           1|           1|
    |and_ln104_79_fu_576_p2       |       and|   0|  0|   2|           1|           1|
    |and_ln104_80_fu_828_p2       |       and|   0|  0|   2|           1|           1|
    |and_ln104_81_fu_842_p2       |       and|   0|  0|   2|           1|           1|
    |and_ln104_fu_511_p2          |       and|   0|  0|   2|           1|           1|
    |icmp_ln86_366_fu_320_p2      |      icmp|   0|  0|  25|          18|          10|
    |icmp_ln86_367_fu_326_p2      |      icmp|   0|  0|  25|          18|          10|
    |icmp_ln86_368_fu_332_p2      |      icmp|   0|  0|  25|          18|          11|
    |icmp_ln86_369_fu_338_p2      |      icmp|   0|  0|  25|          18|          10|
    |icmp_ln86_370_fu_344_p2      |      icmp|   0|  0|  25|          18|          11|
    |icmp_ln86_371_fu_350_p2      |      icmp|   0|  0|  25|          18|           9|
    |icmp_ln86_372_fu_356_p2      |      icmp|   0|  0|  25|          18|          10|
    |icmp_ln86_373_fu_362_p2      |      icmp|   0|  0|  25|          18|          11|
    |icmp_ln86_374_fu_368_p2      |      icmp|   0|  0|  25|          18|           6|
    |icmp_ln86_375_fu_374_p2      |      icmp|   0|  0|  25|          18|           9|
    |icmp_ln86_376_fu_380_p2      |      icmp|   0|  0|  25|          18|          10|
    |icmp_ln86_377_fu_386_p2      |      icmp|   0|  0|  25|          18|          11|
    |icmp_ln86_378_fu_392_p2      |      icmp|   0|  0|  25|          18|          10|
    |icmp_ln86_379_fu_398_p2      |      icmp|   0|  0|  25|          18|          10|
    |icmp_ln86_380_fu_404_p2      |      icmp|   0|  0|  25|          18|          11|
    |icmp_ln86_381_fu_410_p2      |      icmp|   0|  0|  25|          18|          11|
    |icmp_ln86_382_fu_416_p2      |      icmp|   0|  0|  25|          18|          10|
    |icmp_ln86_383_fu_422_p2      |      icmp|   0|  0|  25|          18|           9|
    |icmp_ln86_384_fu_428_p2      |      icmp|   0|  0|  25|          18|          11|
    |icmp_ln86_385_fu_434_p2      |      icmp|   0|  0|  25|          18|          12|
    |icmp_ln86_386_fu_440_p2      |      icmp|   0|  0|  25|          18|          10|
    |icmp_ln86_387_fu_446_p2      |      icmp|   0|  0|  25|          18|           9|
    |icmp_ln86_388_fu_452_p2      |      icmp|   0|  0|  25|          18|          10|
    |icmp_ln86_389_fu_458_p2      |      icmp|   0|  0|  25|          18|          11|
    |icmp_ln86_390_fu_464_p2      |      icmp|   0|  0|  25|          18|          11|
    |icmp_ln86_391_fu_470_p2      |      icmp|   0|  0|  25|          18|           8|
    |icmp_ln86_392_fu_476_p2      |      icmp|   0|  0|  25|          18|          11|
    |icmp_ln86_393_fu_482_p2      |      icmp|   0|  0|  25|          18|          10|
    |icmp_ln86_394_fu_488_p2      |      icmp|   0|  0|  25|          18|          10|
    |icmp_ln86_395_fu_494_p2      |      icmp|   0|  0|  25|          18|           5|
    |icmp_ln86_fu_314_p2          |      icmp|   0|  0|  25|          18|           6|
    |or_ln117_343_fu_637_p2       |        or|   0|  0|   2|           1|           1|
    |or_ln117_344_fu_649_p2       |        or|   0|  0|   2|           1|           1|
    |or_ln117_345_fu_661_p2       |        or|   0|  0|   2|           1|           1|
    |or_ln117_346_fu_751_p2       |        or|   0|  0|   2|           1|           1|
    |or_ln117_347_fu_694_p2       |        or|   0|  0|   2|           1|           1|
    |or_ln117_348_fu_763_p2       |        or|   0|  0|   2|           1|           1|
    |or_ln117_349_fu_775_p2       |        or|   0|  0|   2|           1|           1|
    |or_ln117_350_fu_787_p2       |        or|   0|  0|   2|           1|           1|
    |or_ln117_351_fu_801_p2       |        or|   0|  0|   2|           1|           1|
    |or_ln117_352_fu_886_p2       |        or|   0|  0|   2|           1|           1|
    |or_ln117_353_fu_902_p2       |        or|   0|  0|   2|           1|           1|
    |or_ln117_354_fu_914_p2       |        or|   0|  0|   2|           1|           1|
    |or_ln117_355_fu_926_p2       |        or|   0|  0|   2|           1|           1|
    |or_ln117_356_fu_940_p2       |        or|   0|  0|   2|           1|           1|
    |or_ln117_357_fu_998_p2       |        or|   0|  0|   2|           1|           1|
    |or_ln117_358_fu_960_p2       |        or|   0|  0|   2|           1|           1|
    |or_ln117_359_fu_1010_p2      |        or|   0|  0|   2|           1|           1|
    |or_ln117_360_fu_966_p2       |        or|   0|  0|   2|           1|           1|
    |or_ln117_361_fu_1030_p2      |        or|   0|  0|   2|           1|           1|
    |or_ln117_362_fu_1042_p2      |        or|   0|  0|   2|           1|           1|
    |or_ln117_363_fu_1087_p2      |        or|   0|  0|   2|           1|           1|
    |or_ln117_364_fu_1092_p2      |        or|   0|  0|   2|           1|           1|
    |or_ln117_365_fu_1103_p2      |        or|   0|  0|   2|           1|           1|
    |or_ln117_366_fu_1117_p2      |        or|   0|  0|   2|           1|           1|
    |or_ln117_367_fu_1154_p2      |        or|   0|  0|   2|           1|           1|
    |or_ln117_fu_556_p2           |        or|   0|  0|   2|           1|           1|
    |agg_result_fu_1166_p66       |    select|   0|  0|   5|           1|           5|
    |select_ln117_353_fu_626_p3   |    select|   0|  0|   2|           1|           2|
    |select_ln117_354_fu_642_p3   |    select|   0|  0|   4|           1|           3|
    |select_ln117_355_fu_653_p3   |    select|   0|  0|   3|           1|           3|
    |select_ln117_356_fu_667_p3   |    select|   0|  0|   3|           1|           3|
    |select_ln117_357_fu_675_p3   |    select|   0|  0|   3|           1|           3|
    |select_ln117_358_fu_687_p3   |    select|   0|  0|   5|           1|           4|
    |select_ln117_359_fu_756_p3   |    select|   0|  0|   4|           1|           4|
    |select_ln117_360_fu_768_p3   |    select|   0|  0|   4|           1|           4|
    |select_ln117_361_fu_779_p3   |    select|   0|  0|   4|           1|           4|
    |select_ln117_362_fu_793_p3   |    select|   0|  0|   4|           1|           4|
    |select_ln117_363_fu_807_p3   |    select|   0|  0|   4|           1|           4|
    |select_ln117_364_fu_815_p3   |    select|   0|  0|   4|           1|           4|
    |select_ln117_365_fu_891_p3   |    select|   0|  0|   4|           1|           4|
    |select_ln117_366_fu_907_p3   |    select|   0|  0|   6|           1|           5|
    |select_ln117_367_fu_918_p3   |    select|   0|  0|   5|           1|           5|
    |select_ln117_368_fu_932_p3   |    select|   0|  0|   5|           1|           5|
    |select_ln117_369_fu_944_p3   |    select|   0|  0|   5|           1|           5|
    |select_ln117_370_fu_952_p3   |    select|   0|  0|   5|           1|           5|
    |select_ln117_371_fu_1003_p3  |    select|   0|  0|   5|           1|           5|
    |select_ln117_372_fu_1015_p3  |    select|   0|  0|   5|           1|           5|
    |select_ln117_373_fu_1022_p3  |    select|   0|  0|   5|           1|           5|
    |select_ln117_374_fu_1035_p3  |    select|   0|  0|   5|           1|           5|
    |select_ln117_375_fu_1047_p3  |    select|   0|  0|   5|           1|           5|
    |select_ln117_376_fu_1055_p3  |    select|   0|  0|   5|           1|           5|
    |select_ln117_377_fu_1096_p3  |    select|   0|  0|   5|           1|           5|
    |select_ln117_378_fu_1109_p3  |    select|   0|  0|   5|           1|           5|
    |select_ln117_379_fu_1123_p3  |    select|   0|  0|   5|           1|           5|
    |select_ln117_380_fu_1131_p3  |    select|   0|  0|   5|           1|           5|
    |select_ln117_fu_619_p3       |    select|   0|  0|   3|           1|           2|
    |xor_ln104_178_fu_506_p2      |       xor|   0|  0|   2|           1|           2|
    |xor_ln104_179_fu_703_p2      |       xor|   0|  0|   2|           1|           2|
    |xor_ln104_180_fu_520_p2      |       xor|   0|  0|   2|           1|           2|
    |xor_ln104_181_fu_571_p2      |       xor|   0|  0|   2|           1|           2|
    |xor_ln104_182_fu_823_p2      |       xor|   0|  0|   2|           1|           2|
    |xor_ln104_183_fu_837_p2      |       xor|   0|  0|   2|           1|           2|
    |xor_ln104_184_fu_535_p2      |       xor|   0|  0|   2|           1|           2|
    |xor_ln104_185_fu_581_p2      |       xor|   0|  0|   2|           1|           2|
    |xor_ln104_186_fu_718_p2      |       xor|   0|  0|   2|           1|           2|
    |xor_ln104_187_fu_847_p2      |       xor|   0|  0|   2|           1|           2|
    |xor_ln104_188_fu_852_p2      |       xor|   0|  0|   2|           1|           2|
    |xor_ln104_189_fu_970_p2      |       xor|   0|  0|   2|           1|           2|
    |xor_ln104_190_fu_1063_p2     |       xor|   0|  0|   2|           1|           2|
    |xor_ln104_191_fu_1139_p2     |       xor|   0|  0|   2|           1|           2|
    |xor_ln104_fu_562_p2          |       xor|   0|  0|   2|           1|           2|
    |xor_ln117_fu_609_p2          |       xor|   0|  0|   2|           2|           1|
    +-----------------------------+----------+----+---+----+------------+------------+
    |Total                        |          |   0|  0|1079|         675|         532|
    +-----------------------------+----------+----+---+----+------------+------------+

    * Multiplexer: 
    N/A

    * Register: 
    +--------------------------------------+----+----+-----+-----------+
    |                 Name                 | FF | LUT| Bits| Const Bits|
    +--------------------------------------+----+----+-----+-----------+
    |and_ln102_351_reg_1555                |   1|   0|    1|          0|
    |and_ln102_352_reg_1492                |   1|   0|    1|          0|
    |and_ln102_353_reg_1527                |   1|   0|    1|          0|
    |and_ln102_354_reg_1567                |   1|   0|    1|          0|
    |and_ln102_355_reg_1594                |   1|   0|    1|          0|
    |and_ln102_355_reg_1594_pp0_iter5_reg  |   1|   0|    1|          0|
    |and_ln102_356_reg_1504                |   1|   0|    1|          0|
    |and_ln102_357_reg_1510                |   1|   0|    1|          0|
    |and_ln102_358_reg_1539                |   1|   0|    1|          0|
    |and_ln102_360_reg_1573                |   1|   0|    1|          0|
    |and_ln102_361_reg_1607                |   1|   0|    1|          0|
    |and_ln102_reg_1476                    |   1|   0|    1|          0|
    |and_ln104_77_reg_1561                 |   1|   0|    1|          0|
    |and_ln104_78_reg_1499                 |   1|   0|    1|          0|
    |and_ln104_79_reg_1533                 |   1|   0|    1|          0|
    |and_ln104_79_reg_1533_pp0_iter3_reg   |   1|   0|    1|          0|
    |and_ln104_80_reg_1589                 |   1|   0|    1|          0|
    |and_ln104_81_reg_1601                 |   1|   0|    1|          0|
    |and_ln104_reg_1486                    |   1|   0|    1|          0|
    |icmp_ln86_366_reg_1313                |   1|   0|    1|          0|
    |icmp_ln86_367_reg_1318                |   1|   0|    1|          0|
    |icmp_ln86_368_reg_1324                |   1|   0|    1|          0|
    |icmp_ln86_369_reg_1330                |   1|   0|    1|          0|
    |icmp_ln86_369_reg_1330_pp0_iter1_reg  |   1|   0|    1|          0|
    |icmp_ln86_370_reg_1336                |   1|   0|    1|          0|
    |icmp_ln86_371_reg_1342                |   1|   0|    1|          0|
    |icmp_ln86_372_reg_1348                |   1|   0|    1|          0|
    |icmp_ln86_373_reg_1354                |   1|   0|    1|          0|
    |icmp_ln86_373_reg_1354_pp0_iter1_reg  |   1|   0|    1|          0|
    |icmp_ln86_374_reg_1360                |   1|   0|    1|          0|
    |icmp_ln86_375_reg_1366                |   1|   0|    1|          0|
    |icmp_ln86_376_reg_1372                |   1|   0|    1|          0|
    |icmp_ln86_377_reg_1378                |   1|   0|    1|          0|
    |icmp_ln86_378_reg_1384                |   1|   0|    1|          0|
    |icmp_ln86_379_reg_1390                |   1|   0|    1|          0|
    |icmp_ln86_380_reg_1396                |   1|   0|    1|          0|
    |icmp_ln86_380_reg_1396_pp0_iter1_reg  |   1|   0|    1|          0|
    |icmp_ln86_381_reg_1401                |   1|   0|    1|          0|
    |icmp_ln86_382_reg_1406                |   1|   0|    1|          0|
    |icmp_ln86_382_reg_1406_pp0_iter1_reg  |   1|   0|    1|          0|
    |icmp_ln86_383_reg_1411                |   1|   0|    1|          0|
    |icmp_ln86_383_reg_1411_pp0_iter1_reg  |   1|   0|    1|          0|
    |icmp_ln86_384_reg_1416                |   1|   0|    1|          0|
    |icmp_ln86_385_reg_1421                |   1|   0|    1|          0|
    |icmp_ln86_386_reg_1426                |   1|   0|    1|          0|
    |icmp_ln86_387_reg_1431                |   1|   0|    1|          0|
    |icmp_ln86_388_reg_1436                |   1|   0|    1|          0|
    |icmp_ln86_389_reg_1441                |   1|   0|    1|          0|
    |icmp_ln86_390_reg_1446                |   1|   0|    1|          0|
    |icmp_ln86_391_reg_1451                |   1|   0|    1|          0|
    |icmp_ln86_392_reg_1456                |   1|   0|    1|          0|
    |icmp_ln86_393_reg_1461                |   1|   0|    1|          0|
    |icmp_ln86_394_reg_1466                |   1|   0|    1|          0|
    |icmp_ln86_395_reg_1471                |   1|   0|    1|          0|
    |icmp_ln86_reg_1302                    |   1|   0|    1|          0|
    |or_ln117_347_reg_1549                 |   1|   0|    1|          0|
    |or_ln117_351_reg_1579                 |   1|   0|    1|          0|
    |or_ln117_356_reg_1612                 |   1|   0|    1|          0|
    |or_ln117_358_reg_1622                 |   1|   0|    1|          0|
    |or_ln117_360_reg_1628                 |   1|   0|    1|          0|
    |or_ln117_360_reg_1628_pp0_iter5_reg   |   1|   0|    1|          0|
    |or_ln117_362_reg_1636                 |   1|   0|    1|          0|
    |or_ln117_366_reg_1646                 |   1|   0|    1|          0|
    |or_ln117_reg_1516                     |   1|   0|    1|          0|
    |p_read10_int_reg                      |  18|   0|   18|          0|
    |p_read1_int_reg                       |  18|   0|   18|          0|
    |p_read2_int_reg                       |  18|   0|   18|          0|
    |p_read3_int_reg                       |  18|   0|   18|          0|
    |p_read4_int_reg                       |  18|   0|   18|          0|
    |p_read5_int_reg                       |  18|   0|   18|          0|
    |p_read6_int_reg                       |  18|   0|   18|          0|
    |p_read7_int_reg                       |  18|   0|   18|          0|
    |p_read8_int_reg                       |  18|   0|   18|          0|
    |p_read9_int_reg                       |  18|   0|   18|          0|
    |select_ln117_358_reg_1544             |   4|   0|    4|          0|
    |select_ln117_364_reg_1584             |   4|   0|    4|          0|
    |select_ln117_370_reg_1617             |   5|   0|    5|          0|
    |select_ln117_376_reg_1641             |   5|   0|    5|          0|
    |select_ln117_380_reg_1651             |   5|   0|    5|          0|
    |xor_ln104_reg_1521                    |   1|   0|    1|          0|
    |and_ln102_reg_1476                    |  64|  32|    1|          0|
    |and_ln104_81_reg_1601                 |  64|  32|    1|          0|
    |icmp_ln86_367_reg_1318                |  64|  32|    1|          0|
    |icmp_ln86_370_reg_1336                |  64|  32|    1|          0|
    |icmp_ln86_371_reg_1342                |  64|  32|    1|          0|
    |icmp_ln86_374_reg_1360                |  64|  32|    1|          0|
    |icmp_ln86_375_reg_1366                |  64|  32|    1|          0|
    |icmp_ln86_376_reg_1372                |  64|  32|    1|          0|
    |icmp_ln86_377_reg_1378                |  64|  32|    1|          0|
    |icmp_ln86_378_reg_1384                |  64|  32|    1|          0|
    |icmp_ln86_379_reg_1390                |  64|  32|    1|          0|
    |icmp_ln86_384_reg_1416                |  64|  32|    1|          0|
    |icmp_ln86_385_reg_1421                |  64|  32|    1|          0|
    |icmp_ln86_386_reg_1426                |  64|  32|    1|          0|
    |icmp_ln86_387_reg_1431                |  64|  32|    1|          0|
    |icmp_ln86_388_reg_1436                |  64|  32|    1|          0|
    |icmp_ln86_389_reg_1441                |  64|  32|    1|          0|
    |icmp_ln86_390_reg_1446                |  64|  32|    1|          0|
    |icmp_ln86_391_reg_1451                |  64|  32|    1|          0|
    |icmp_ln86_392_reg_1456                |  64|  32|    1|          0|
    |icmp_ln86_393_reg_1461                |  64|  32|    1|          0|
    |icmp_ln86_394_reg_1466                |  64|  32|    1|          0|
    |icmp_ln86_395_reg_1471                |  64|  32|    1|          0|
    |icmp_ln86_reg_1302                    |  64|  32|    1|          0|
    +--------------------------------------+----+----+-----+-----------+
    |Total                                 |1804| 768|  292|          0|
    +--------------------------------------+----+----+-----+-----------+



================================================================
== Interface
================================================================
* Summary: 
+-----------+-----+-----+------------+----------------------+--------------+
| RTL Ports | Dir | Bits|  Protocol  |     Source Object    |    C Type    |
+-----------+-----+-----+------------+----------------------+--------------+
|ap_clk     |   in|    1|  ap_ctrl_hs|  decision_function.13|  return value|
|ap_rst     |   in|    1|  ap_ctrl_hs|  decision_function.13|  return value|
|ap_return  |  out|   11|  ap_ctrl_hs|  decision_function.13|  return value|
|ap_ce      |   in|    1|  ap_ctrl_hs|  decision_function.13|  return value|
|p_read1    |   in|   18|     ap_none|               p_read1|        scalar|
|p_read2    |   in|   18|     ap_none|               p_read2|        scalar|
|p_read3    |   in|   18|     ap_none|               p_read3|        scalar|
|p_read4    |   in|   18|     ap_none|               p_read4|        scalar|
|p_read5    |   in|   18|     ap_none|               p_read5|        scalar|
|p_read6    |   in|   18|     ap_none|               p_read6|        scalar|
|p_read7    |   in|   18|     ap_none|               p_read7|        scalar|
|p_read8    |   in|   18|     ap_none|               p_read8|        scalar|
|p_read9    |   in|   18|     ap_none|               p_read9|        scalar|
|p_read10   |   in|   18|     ap_none|              p_read10|        scalar|
+-----------+-----+-----+------------+----------------------+--------------+

