

================================================================
== Vitis HLS Report for 'decision_function_76'
================================================================
* Date:           Tue Mar 11 16:22:25 2025

* Version:        2024.2 (Build 5238294 on Nov  8 2024)
* Project:        conifer_jettag
* Solution:       solution1 (Vivado IP Flow Target)
* Product family: zynq
* Target device:  xc7z020-clg400-1


================================================================
== Performance Estimates
================================================================
+ Timing: 
    * Summary: 
    +--------+---------+----------+------------+
    |  Clock |  Target | Estimated| Uncertainty|
    +--------+---------+----------+------------+
    |ap_clk  |  5.00 ns|  3.645 ns|     1.35 ns|
    +--------+---------+----------+------------+

+ Latency: 
    * Summary: 
    +---------+---------+-----------+-----------+-----+-----+---------+
    |  Latency (cycles) |   Latency (absolute)  |  Interval | Pipeline|
    |   min   |   max   |    min    |    max    | min | max |   Type  |
    +---------+---------+-----------+-----------+-----+-----+---------+
    |        7|        7|  35.000 ns|  35.000 ns|    1|    1|      yes|
    +---------+---------+-----------+-----------+-----+-----+---------+

    + Detail: 
        * Instance: 
        N/A

        * Loop: 
        N/A



================================================================
== Utilization Estimates
================================================================
* Summary: 
+-----------------+---------+-----+--------+-------+-----+
|       Name      | BRAM_18K| DSP |   FF   |  LUT  | URAM|
+-----------------+---------+-----+--------+-------+-----+
|DSP              |        -|    -|       -|      -|    -|
|Expression       |        -|    -|       0|   1054|    -|
|FIFO             |        -|    -|       -|      -|    -|
|Instance         |        -|    -|       0|    142|    -|
|Memory           |        -|    -|       -|      -|    -|
|Multiplexer      |        -|    -|       -|      -|    -|
|Register         |        -|    -|    1685|    736|    -|
+-----------------+---------+-----+--------+-------+-----+
|Total            |        0|    0|    1685|   1932|    0|
+-----------------+---------+-----+--------+-------+-----+
|Available        |      280|  220|  106400|  53200|    0|
+-----------------+---------+-----+--------+-------+-----+
|Utilization (%)  |        0|    0|       1|      3|    0|
+-----------------+---------+-----+--------+-------+-----+

+ Detail: 
    * Instance: 
    +------------------------------+--------------------------+---------+----+---+-----+-----+
    |           Instance           |          Module          | BRAM_18K| DSP| FF| LUT | URAM|
    +------------------------------+--------------------------+---------+----+---+-----+-----+
    |sparsemux_65_5_13_1_1_x0_U82  |sparsemux_65_5_13_1_1_x0  |        0|   0|  0|  142|    0|
    +------------------------------+--------------------------+---------+----+---+-----+-----+
    |Total                         |                          |        0|   0|  0|  142|    0|
    +------------------------------+--------------------------+---------+----+---+-----+-----+

    * DSP: 
    N/A

    * Memory: 
    N/A

    * FIFO: 
    N/A

    * Expression: 
    +-----------------------------+----------+----+---+----+------------+------------+
    |        Variable Name        | Operation| DSP| FF| LUT| Bitwidth P0| Bitwidth P1|
    +-----------------------------+----------+----+---+----+------------+------------+
    |and_ln102_836_fu_663_p2      |       and|   0|  0|   2|           1|           1|
    |and_ln102_837_fu_480_p2      |       and|   0|  0|   2|           1|           1|
    |and_ln102_838_fu_531_p2      |       and|   0|  0|   2|           1|           1|
    |and_ln102_839_fu_677_p2      |       and|   0|  0|   2|           1|           1|
    |and_ln102_840_fu_797_p2      |       and|   0|  0|   2|           1|           1|
    |and_ln102_841_fu_494_p2      |       and|   0|  0|   2|           1|           1|
    |and_ln102_842_fu_504_p2      |       and|   0|  0|   2|           1|           1|
    |and_ln102_843_fu_550_p2      |       and|   0|  0|   2|           1|           1|
    |and_ln102_844_fu_687_p2      |       and|   0|  0|   2|           1|           1|
    |and_ln102_845_fu_691_p2      |       and|   0|  0|   2|           1|           1|
    |and_ln102_846_fu_821_p2      |       and|   0|  0|   2|           1|           1|
    |and_ln102_847_fu_939_p2      |       and|   0|  0|   2|           1|           1|
    |and_ln102_848_fu_1032_p2     |       and|   0|  0|   2|           1|           1|
    |and_ln102_849_fu_555_p2      |       and|   0|  0|   2|           1|           1|
    |and_ln102_850_fu_509_p2      |       and|   0|  0|   2|           1|           1|
    |and_ln102_851_fu_514_p2      |       and|   0|  0|   2|           1|           1|
    |and_ln102_852_fu_559_p2      |       and|   0|  0|   2|           1|           1|
    |and_ln102_853_fu_563_p2      |       and|   0|  0|   2|           1|           1|
    |and_ln102_854_fu_568_p2      |       and|   0|  0|   2|           1|           1|
    |and_ln102_855_fu_696_p2      |       and|   0|  0|   2|           1|           1|
    |and_ln102_856_fu_700_p2      |       and|   0|  0|   2|           1|           1|
    |and_ln102_857_fu_705_p2      |       and|   0|  0|   2|           1|           1|
    |and_ln102_858_fu_710_p2      |       and|   0|  0|   2|           1|           1|
    |and_ln102_859_fu_826_p2      |       and|   0|  0|   2|           1|           1|
    |and_ln102_860_fu_831_p2      |       and|   0|  0|   2|           1|           1|
    |and_ln102_861_fu_836_p2      |       and|   0|  0|   2|           1|           1|
    |and_ln102_862_fu_840_p2      |       and|   0|  0|   2|           1|           1|
    |and_ln102_863_fu_845_p2      |       and|   0|  0|   2|           1|           1|
    |and_ln102_864_fu_943_p2      |       and|   0|  0|   2|           1|           1|
    |and_ln102_865_fu_947_p2      |       and|   0|  0|   2|           1|           1|
    |and_ln102_866_fu_952_p2      |       and|   0|  0|   2|           1|           1|
    |and_ln102_867_fu_957_p2      |       and|   0|  0|   2|           1|           1|
    |and_ln102_868_fu_1036_p2     |       and|   0|  0|   2|           1|           1|
    |and_ln102_869_fu_1041_p2     |       and|   0|  0|   2|           1|           1|
    |and_ln102_870_fu_1046_p2     |       and|   0|  0|   2|           1|           1|
    |and_ln102_871_fu_1108_p2     |       and|   0|  0|   2|           1|           1|
    |and_ln102_872_fu_1113_p2     |       and|   0|  0|   2|           1|           1|
    |and_ln102_fu_464_p2          |       and|   0|  0|   2|           1|           1|
    |and_ln104_125_fu_672_p2      |       and|   0|  0|   2|           1|           1|
    |and_ln104_126_fu_489_p2      |       and|   0|  0|   2|           1|           1|
    |and_ln104_127_fu_540_p2      |       and|   0|  0|   2|           1|           1|
    |and_ln104_128_fu_792_p2      |       and|   0|  0|   2|           1|           1|
    |and_ln104_129_fu_806_p2      |       and|   0|  0|   2|           1|           1|
    |and_ln104_fu_475_p2          |       and|   0|  0|   2|           1|           1|
    |icmp_ln86_676_fu_290_p2      |      icmp|   0|  0|  25|          18|           6|
    |icmp_ln86_677_fu_296_p2      |      icmp|   0|  0|  25|          18|           8|
    |icmp_ln86_678_fu_302_p2      |      icmp|   0|  0|  25|          18|           9|
    |icmp_ln86_679_fu_308_p2      |      icmp|   0|  0|  25|          18|           8|
    |icmp_ln86_680_fu_314_p2      |      icmp|   0|  0|  25|          18|           8|
    |icmp_ln86_681_fu_320_p2      |      icmp|   0|  0|  25|          18|           8|
    |icmp_ln86_682_fu_326_p2      |      icmp|   0|  0|  25|          18|           9|
    |icmp_ln86_683_fu_332_p2      |      icmp|   0|  0|  25|          18|           9|
    |icmp_ln86_684_fu_338_p2      |      icmp|   0|  0|  25|          18|          10|
    |icmp_ln86_685_fu_344_p2      |      icmp|   0|  0|  25|          18|           8|
    |icmp_ln86_686_fu_350_p2      |      icmp|   0|  0|  25|          18|          10|
    |icmp_ln86_687_fu_356_p2      |      icmp|   0|  0|  25|          18|           8|
    |icmp_ln86_688_fu_362_p2      |      icmp|   0|  0|  25|          18|           8|
    |icmp_ln86_689_fu_368_p2      |      icmp|   0|  0|  25|          18|           8|
    |icmp_ln86_690_fu_374_p2      |      icmp|   0|  0|  25|          18|          11|
    |icmp_ln86_691_fu_380_p2      |      icmp|   0|  0|  25|          18|           8|
    |icmp_ln86_692_fu_386_p2      |      icmp|   0|  0|  25|          18|          10|
    |icmp_ln86_693_fu_392_p2      |      icmp|   0|  0|  25|          18|          11|
    |icmp_ln86_694_fu_398_p2      |      icmp|   0|  0|  25|          18|           9|
    |icmp_ln86_695_fu_404_p2      |      icmp|   0|  0|  25|          18|          11|
    |icmp_ln86_696_fu_410_p2      |      icmp|   0|  0|  25|          18|           9|
    |icmp_ln86_697_fu_416_p2      |      icmp|   0|  0|  25|          18|          12|
    |icmp_ln86_698_fu_422_p2      |      icmp|   0|  0|  25|          18|           5|
    |icmp_ln86_699_fu_428_p2      |      icmp|   0|  0|  25|          18|          11|
    |icmp_ln86_700_fu_434_p2      |      icmp|   0|  0|  25|          18|          10|
    |icmp_ln86_701_fu_440_p2      |      icmp|   0|  0|  25|          18|          11|
    |icmp_ln86_702_fu_446_p2      |      icmp|   0|  0|  25|          18|           7|
    |icmp_ln86_703_fu_452_p2      |      icmp|   0|  0|  25|          18|           9|
    |icmp_ln86_704_fu_458_p2      |      icmp|   0|  0|  25|          18|           8|
    |icmp_ln86_fu_284_p2          |      icmp|   0|  0|  25|          18|           9|
    |or_ln117_602_fu_601_p2       |        or|   0|  0|   2|           1|           1|
    |or_ln117_603_fu_613_p2       |        or|   0|  0|   2|           1|           1|
    |or_ln117_604_fu_625_p2       |        or|   0|  0|   2|           1|           1|
    |or_ln117_605_fu_715_p2       |        or|   0|  0|   2|           1|           1|
    |or_ln117_606_fu_658_p2       |        or|   0|  0|   2|           1|           1|
    |or_ln117_607_fu_727_p2       |        or|   0|  0|   2|           1|           1|
    |or_ln117_608_fu_739_p2       |        or|   0|  0|   2|           1|           1|
    |or_ln117_609_fu_751_p2       |        or|   0|  0|   2|           1|           1|
    |or_ln117_610_fu_765_p2       |        or|   0|  0|   2|           1|           1|
    |or_ln117_611_fu_850_p2       |        or|   0|  0|   2|           1|           1|
    |or_ln117_612_fu_866_p2       |        or|   0|  0|   2|           1|           1|
    |or_ln117_613_fu_878_p2       |        or|   0|  0|   2|           1|           1|
    |or_ln117_614_fu_890_p2       |        or|   0|  0|   2|           1|           1|
    |or_ln117_615_fu_904_p2       |        or|   0|  0|   2|           1|           1|
    |or_ln117_616_fu_962_p2       |        or|   0|  0|   2|           1|           1|
    |or_ln117_617_fu_924_p2       |        or|   0|  0|   2|           1|           1|
    |or_ln117_618_fu_974_p2       |        or|   0|  0|   2|           1|           1|
    |or_ln117_619_fu_930_p2       |        or|   0|  0|   2|           1|           1|
    |or_ln117_620_fu_994_p2       |        or|   0|  0|   2|           1|           1|
    |or_ln117_621_fu_1006_p2      |        or|   0|  0|   2|           1|           1|
    |or_ln117_622_fu_1051_p2      |        or|   0|  0|   2|           1|           1|
    |or_ln117_623_fu_1056_p2      |        or|   0|  0|   2|           1|           1|
    |or_ln117_624_fu_1067_p2      |        or|   0|  0|   2|           1|           1|
    |or_ln117_625_fu_1081_p2      |        or|   0|  0|   2|           1|           1|
    |or_ln117_626_fu_1118_p2      |        or|   0|  0|   2|           1|           1|
    |or_ln117_fu_520_p2           |        or|   0|  0|   2|           1|           1|
    |agg_result_fu_1130_p66       |    select|   0|  0|   5|           1|           5|
    |select_ln117_660_fu_590_p3   |    select|   0|  0|   2|           1|           2|
    |select_ln117_661_fu_606_p3   |    select|   0|  0|   4|           1|           3|
    |select_ln117_662_fu_617_p3   |    select|   0|  0|   3|           1|           3|
    |select_ln117_663_fu_631_p3   |    select|   0|  0|   3|           1|           3|
    |select_ln117_664_fu_639_p3   |    select|   0|  0|   3|           1|           3|
    |select_ln117_665_fu_651_p3   |    select|   0|  0|   5|           1|           4|
    |select_ln117_666_fu_720_p3   |    select|   0|  0|   4|           1|           4|
    |select_ln117_667_fu_732_p3   |    select|   0|  0|   4|           1|           4|
    |select_ln117_668_fu_743_p3   |    select|   0|  0|   4|           1|           4|
    |select_ln117_669_fu_757_p3   |    select|   0|  0|   4|           1|           4|
    |select_ln117_670_fu_771_p3   |    select|   0|  0|   4|           1|           4|
    |select_ln117_671_fu_779_p3   |    select|   0|  0|   4|           1|           4|
    |select_ln117_672_fu_855_p3   |    select|   0|  0|   4|           1|           4|
    |select_ln117_673_fu_871_p3   |    select|   0|  0|   6|           1|           5|
    |select_ln117_674_fu_882_p3   |    select|   0|  0|   5|           1|           5|
    |select_ln117_675_fu_896_p3   |    select|   0|  0|   5|           1|           5|
    |select_ln117_676_fu_908_p3   |    select|   0|  0|   5|           1|           5|
    |select_ln117_677_fu_916_p3   |    select|   0|  0|   5|           1|           5|
    |select_ln117_678_fu_967_p3   |    select|   0|  0|   5|           1|           5|
    |select_ln117_679_fu_979_p3   |    select|   0|  0|   5|           1|           5|
    |select_ln117_680_fu_986_p3   |    select|   0|  0|   5|           1|           5|
    |select_ln117_681_fu_999_p3   |    select|   0|  0|   5|           1|           5|
    |select_ln117_682_fu_1011_p3  |    select|   0|  0|   5|           1|           5|
    |select_ln117_683_fu_1019_p3  |    select|   0|  0|   5|           1|           5|
    |select_ln117_684_fu_1060_p3  |    select|   0|  0|   5|           1|           5|
    |select_ln117_685_fu_1073_p3  |    select|   0|  0|   5|           1|           5|
    |select_ln117_686_fu_1087_p3  |    select|   0|  0|   5|           1|           5|
    |select_ln117_687_fu_1095_p3  |    select|   0|  0|   5|           1|           5|
    |select_ln117_fu_583_p3       |    select|   0|  0|   3|           1|           2|
    |xor_ln104_319_fu_470_p2      |       xor|   0|  0|   2|           1|           2|
    |xor_ln104_320_fu_667_p2      |       xor|   0|  0|   2|           1|           2|
    |xor_ln104_321_fu_484_p2      |       xor|   0|  0|   2|           1|           2|
    |xor_ln104_322_fu_535_p2      |       xor|   0|  0|   2|           1|           2|
    |xor_ln104_323_fu_787_p2      |       xor|   0|  0|   2|           1|           2|
    |xor_ln104_324_fu_801_p2      |       xor|   0|  0|   2|           1|           2|
    |xor_ln104_325_fu_499_p2      |       xor|   0|  0|   2|           1|           2|
    |xor_ln104_326_fu_545_p2      |       xor|   0|  0|   2|           1|           2|
    |xor_ln104_327_fu_682_p2      |       xor|   0|  0|   2|           1|           2|
    |xor_ln104_328_fu_811_p2      |       xor|   0|  0|   2|           1|           2|
    |xor_ln104_329_fu_816_p2      |       xor|   0|  0|   2|           1|           2|
    |xor_ln104_330_fu_934_p2      |       xor|   0|  0|   2|           1|           2|
    |xor_ln104_331_fu_1027_p2     |       xor|   0|  0|   2|           1|           2|
    |xor_ln104_332_fu_1103_p2     |       xor|   0|  0|   2|           1|           2|
    |xor_ln104_fu_526_p2          |       xor|   0|  0|   2|           1|           2|
    |xor_ln117_fu_573_p2          |       xor|   0|  0|   2|           2|           1|
    +-----------------------------+----------+----+---+----+------------+------------+
    |Total                        |          |   0|  0|1054|         657|         497|
    +-----------------------------+----------+----+---+----+------------+------------+

    * Multiplexer: 
    N/A

    * Register: 
    +--------------------------------------+----+----+-----+-----------+
    |                 Name                 | FF | LUT| Bits| Const Bits|
    +--------------------------------------+----+----+-----+-----------+
    |and_ln102_836_reg_1515                |   1|   0|    1|          0|
    |and_ln102_837_reg_1452                |   1|   0|    1|          0|
    |and_ln102_838_reg_1487                |   1|   0|    1|          0|
    |and_ln102_839_reg_1527                |   1|   0|    1|          0|
    |and_ln102_840_reg_1554                |   1|   0|    1|          0|
    |and_ln102_840_reg_1554_pp0_iter5_reg  |   1|   0|    1|          0|
    |and_ln102_841_reg_1464                |   1|   0|    1|          0|
    |and_ln102_842_reg_1470                |   1|   0|    1|          0|
    |and_ln102_843_reg_1499                |   1|   0|    1|          0|
    |and_ln102_845_reg_1533                |   1|   0|    1|          0|
    |and_ln102_846_reg_1567                |   1|   0|    1|          0|
    |and_ln102_reg_1436                    |   1|   0|    1|          0|
    |and_ln104_125_reg_1521                |   1|   0|    1|          0|
    |and_ln104_126_reg_1459                |   1|   0|    1|          0|
    |and_ln104_127_reg_1493                |   1|   0|    1|          0|
    |and_ln104_127_reg_1493_pp0_iter3_reg  |   1|   0|    1|          0|
    |and_ln104_128_reg_1549                |   1|   0|    1|          0|
    |and_ln104_129_reg_1561                |   1|   0|    1|          0|
    |and_ln104_reg_1446                    |   1|   0|    1|          0|
    |icmp_ln86_676_reg_1277                |   1|   0|    1|          0|
    |icmp_ln86_677_reg_1282                |   1|   0|    1|          0|
    |icmp_ln86_678_reg_1288                |   1|   0|    1|          0|
    |icmp_ln86_679_reg_1294                |   1|   0|    1|          0|
    |icmp_ln86_679_reg_1294_pp0_iter1_reg  |   1|   0|    1|          0|
    |icmp_ln86_680_reg_1300                |   1|   0|    1|          0|
    |icmp_ln86_681_reg_1306                |   1|   0|    1|          0|
    |icmp_ln86_682_reg_1312                |   1|   0|    1|          0|
    |icmp_ln86_683_reg_1318                |   1|   0|    1|          0|
    |icmp_ln86_683_reg_1318_pp0_iter1_reg  |   1|   0|    1|          0|
    |icmp_ln86_684_reg_1324                |   1|   0|    1|          0|
    |icmp_ln86_685_reg_1330                |   1|   0|    1|          0|
    |icmp_ln86_686_reg_1336                |   1|   0|    1|          0|
    |icmp_ln86_687_reg_1342                |   1|   0|    1|          0|
    |icmp_ln86_688_reg_1348                |   1|   0|    1|          0|
    |icmp_ln86_689_reg_1354                |   1|   0|    1|          0|
    |icmp_ln86_690_reg_1360                |   1|   0|    1|          0|
    |icmp_ln86_690_reg_1360_pp0_iter1_reg  |   1|   0|    1|          0|
    |icmp_ln86_691_reg_1365                |   1|   0|    1|          0|
    |icmp_ln86_692_reg_1370                |   1|   0|    1|          0|
    |icmp_ln86_692_reg_1370_pp0_iter1_reg  |   1|   0|    1|          0|
    |icmp_ln86_693_reg_1375                |   1|   0|    1|          0|
    |icmp_ln86_693_reg_1375_pp0_iter1_reg  |   1|   0|    1|          0|
    |icmp_ln86_694_reg_1380                |   1|   0|    1|          0|
    |icmp_ln86_695_reg_1386                |   1|   0|    1|          0|
    |icmp_ln86_696_reg_1391                |   1|   0|    1|          0|
    |icmp_ln86_697_reg_1396                |   1|   0|    1|          0|
    |icmp_ln86_698_reg_1401                |   1|   0|    1|          0|
    |icmp_ln86_699_reg_1406                |   1|   0|    1|          0|
    |icmp_ln86_700_reg_1411                |   1|   0|    1|          0|
    |icmp_ln86_701_reg_1416                |   1|   0|    1|          0|
    |icmp_ln86_702_reg_1421                |   1|   0|    1|          0|
    |icmp_ln86_703_reg_1426                |   1|   0|    1|          0|
    |icmp_ln86_704_reg_1431                |   1|   0|    1|          0|
    |icmp_ln86_reg_1266                    |   1|   0|    1|          0|
    |or_ln117_606_reg_1509                 |   1|   0|    1|          0|
    |or_ln117_610_reg_1539                 |   1|   0|    1|          0|
    |or_ln117_615_reg_1572                 |   1|   0|    1|          0|
    |or_ln117_617_reg_1582                 |   1|   0|    1|          0|
    |or_ln117_619_reg_1588                 |   1|   0|    1|          0|
    |or_ln117_619_reg_1588_pp0_iter5_reg   |   1|   0|    1|          0|
    |or_ln117_621_reg_1596                 |   1|   0|    1|          0|
    |or_ln117_625_reg_1606                 |   1|   0|    1|          0|
    |or_ln117_reg_1476                     |   1|   0|    1|          0|
    |p_read1_int_reg                       |  18|   0|   18|          0|
    |p_read2_int_reg                       |  18|   0|   18|          0|
    |p_read3_int_reg                       |  18|   0|   18|          0|
    |p_read4_int_reg                       |  18|   0|   18|          0|
    |p_read5_int_reg                       |  18|   0|   18|          0|
    |p_read6_int_reg                       |  18|   0|   18|          0|
    |p_read7_int_reg                       |  18|   0|   18|          0|
    |select_ln117_665_reg_1504             |   4|   0|    4|          0|
    |select_ln117_671_reg_1544             |   4|   0|    4|          0|
    |select_ln117_677_reg_1577             |   5|   0|    5|          0|
    |select_ln117_683_reg_1601             |   5|   0|    5|          0|
    |select_ln117_687_reg_1611             |   5|   0|    5|          0|
    |xor_ln104_reg_1481                    |   1|   0|    1|          0|
    |and_ln102_reg_1436                    |  64|  32|    1|          0|
    |and_ln104_129_reg_1561                |  64|  32|    1|          0|
    |icmp_ln86_677_reg_1282                |  64|  32|    1|          0|
    |icmp_ln86_680_reg_1300                |  64|  32|    1|          0|
    |icmp_ln86_681_reg_1306                |  64|  32|    1|          0|
    |icmp_ln86_684_reg_1324                |  64|  32|    1|          0|
    |icmp_ln86_685_reg_1330                |  64|  32|    1|          0|
    |icmp_ln86_686_reg_1336                |  64|  32|    1|          0|
    |icmp_ln86_687_reg_1342                |  64|  32|    1|          0|
    |icmp_ln86_688_reg_1348                |  64|  32|    1|          0|
    |icmp_ln86_689_reg_1354                |  64|  32|    1|          0|
    |icmp_ln86_694_reg_1380                |  64|  32|    1|          0|
    |icmp_ln86_695_reg_1386                |  64|  32|    1|          0|
    |icmp_ln86_696_reg_1391                |  64|  32|    1|          0|
    |icmp_ln86_697_reg_1396                |  64|  32|    1|          0|
    |icmp_ln86_698_reg_1401                |  64|  32|    1|          0|
    |icmp_ln86_699_reg_1406                |  64|  32|    1|          0|
    |icmp_ln86_700_reg_1411                |  64|  32|    1|          0|
    |icmp_ln86_701_reg_1416                |  64|  32|    1|          0|
    |icmp_ln86_702_reg_1421                |  64|  32|    1|          0|
    |icmp_ln86_703_reg_1426                |  64|  32|    1|          0|
    |icmp_ln86_704_reg_1431                |  64|  32|    1|          0|
    |icmp_ln86_reg_1266                    |  64|  32|    1|          0|
    +--------------------------------------+----+----+-----+-----------+
    |Total                                 |1685| 736|  236|          0|
    +--------------------------------------+----+----+-----+-----------+



================================================================
== Interface
================================================================
* Summary: 
+-----------+-----+-----+------------+----------------------+--------------+
| RTL Ports | Dir | Bits|  Protocol  |     Source Object    |    C Type    |
+-----------+-----+-----+------------+----------------------+--------------+
|ap_clk     |   in|    1|  ap_ctrl_hs|  decision_function.76|  return value|
|ap_rst     |   in|    1|  ap_ctrl_hs|  decision_function.76|  return value|
|ap_return  |  out|   13|  ap_ctrl_hs|  decision_function.76|  return value|
|ap_ce      |   in|    1|  ap_ctrl_hs|  decision_function.76|  return value|
|p_read1    |   in|   18|     ap_none|               p_read1|        scalar|
|p_read2    |   in|   18|     ap_none|               p_read2|        scalar|
|p_read3    |   in|   18|     ap_none|               p_read3|        scalar|
|p_read4    |   in|   18|     ap_none|               p_read4|        scalar|
|p_read5    |   in|   18|     ap_none|               p_read5|        scalar|
|p_read6    |   in|   18|     ap_none|               p_read6|        scalar|
|p_read7    |   in|   18|     ap_none|               p_read7|        scalar|
+-----------+-----+-----+------------+----------------------+--------------+

