

================================================================
== Vitis HLS Report for 'decision_function_100'
================================================================
* Date:           Tue Mar 11 16:22:27 2025

* Version:        2024.2 (Build 5238294 on Nov  8 2024)
* Project:        conifer_jettag
* Solution:       solution1 (Vivado IP Flow Target)
* Product family: zynq
* Target device:  xc7z020-clg400-1


================================================================
== Performance Estimates
================================================================
+ Timing: 
    * Summary: 
    +--------+---------+----------+------------+
    |  Clock |  Target | Estimated| Uncertainty|
    +--------+---------+----------+------------+
    |ap_clk  |  5.00 ns|  3.645 ns|     1.35 ns|
    +--------+---------+----------+------------+

+ Latency: 
    * Summary: 
    +---------+---------+-----------+-----------+-----+-----+---------+
    |  Latency (cycles) |   Latency (absolute)  |  Interval | Pipeline|
    |   min   |   max   |    min    |    max    | min | max |   Type  |
    +---------+---------+-----------+-----------+-----+-----+---------+
    |        7|        7|  35.000 ns|  35.000 ns|    1|    1|      yes|
    +---------+---------+-----------+-----------+-----+-----+---------+

    + Detail: 
        * Instance: 
        N/A

        * Loop: 
        N/A



================================================================
== Utilization Estimates
================================================================
* Summary: 
+-----------------+---------+-----+--------+-------+-----+
|       Name      | BRAM_18K| DSP |   FF   |  LUT  | URAM|
+-----------------+---------+-----+--------+-------+-----+
|DSP              |        -|    -|       -|      -|    -|
|Expression       |        -|    -|       0|   1079|    -|
|FIFO             |        -|    -|       -|      -|    -|
|Instance         |        -|    -|       0|    142|    -|
|Memory           |        -|    -|       -|      -|    -|
|Multiplexer      |        -|    -|       -|      -|    -|
|Register         |        -|    -|    1786|    768|    -|
+-----------------+---------+-----+--------+-------+-----+
|Total            |        0|    0|    1786|   1989|    0|
+-----------------+---------+-----+--------+-------+-----+
|Available        |      280|  220|  106400|  53200|    0|
+-----------------+---------+-----+--------+-------+-----+
|Utilization (%)  |        0|    0|       1|      3|    0|
+-----------------+---------+-----+--------+-------+-----+

+ Detail: 
    * Instance: 
    +-------------------------------+--------------------------+---------+----+---+-----+-----+
    |            Instance           |          Module          | BRAM_18K| DSP| FF| LUT | URAM|
    +-------------------------------+--------------------------+---------+----+---+-----+-----+
    |sparsemux_65_5_12_1_1_x0_U175  |sparsemux_65_5_12_1_1_x0  |        0|   0|  0|  142|    0|
    +-------------------------------+--------------------------+---------+----+---+-----+-----+
    |Total                          |                          |        0|   0|  0|  142|    0|
    +-------------------------------+--------------------------+---------+----+---+-----+-----+

    * DSP: 
    N/A

    * Memory: 
    N/A

    * FIFO: 
    N/A

    * Expression: 
    +------------------------------+----------+----+---+----+------------+------------+
    |         Variable Name        | Operation| DSP| FF| LUT| Bitwidth P0| Bitwidth P1|
    +------------------------------+----------+----+---+----+------------+------------+
    |and_ln102_2439_fu_689_p2      |       and|   0|  0|   2|           1|           1|
    |and_ln102_2440_fu_506_p2      |       and|   0|  0|   2|           1|           1|
    |and_ln102_2441_fu_557_p2      |       and|   0|  0|   2|           1|           1|
    |and_ln102_2442_fu_703_p2      |       and|   0|  0|   2|           1|           1|
    |and_ln102_2443_fu_823_p2      |       and|   0|  0|   2|           1|           1|
    |and_ln102_2444_fu_520_p2      |       and|   0|  0|   2|           1|           1|
    |and_ln102_2445_fu_530_p2      |       and|   0|  0|   2|           1|           1|
    |and_ln102_2446_fu_576_p2      |       and|   0|  0|   2|           1|           1|
    |and_ln102_2447_fu_713_p2      |       and|   0|  0|   2|           1|           1|
    |and_ln102_2448_fu_717_p2      |       and|   0|  0|   2|           1|           1|
    |and_ln102_2449_fu_847_p2      |       and|   0|  0|   2|           1|           1|
    |and_ln102_2450_fu_965_p2      |       and|   0|  0|   2|           1|           1|
    |and_ln102_2451_fu_1058_p2     |       and|   0|  0|   2|           1|           1|
    |and_ln102_2452_fu_581_p2      |       and|   0|  0|   2|           1|           1|
    |and_ln102_2453_fu_535_p2      |       and|   0|  0|   2|           1|           1|
    |and_ln102_2454_fu_540_p2      |       and|   0|  0|   2|           1|           1|
    |and_ln102_2455_fu_585_p2      |       and|   0|  0|   2|           1|           1|
    |and_ln102_2456_fu_589_p2      |       and|   0|  0|   2|           1|           1|
    |and_ln102_2457_fu_594_p2      |       and|   0|  0|   2|           1|           1|
    |and_ln102_2458_fu_722_p2      |       and|   0|  0|   2|           1|           1|
    |and_ln102_2459_fu_726_p2      |       and|   0|  0|   2|           1|           1|
    |and_ln102_2460_fu_731_p2      |       and|   0|  0|   2|           1|           1|
    |and_ln102_2461_fu_736_p2      |       and|   0|  0|   2|           1|           1|
    |and_ln102_2462_fu_852_p2      |       and|   0|  0|   2|           1|           1|
    |and_ln102_2463_fu_857_p2      |       and|   0|  0|   2|           1|           1|
    |and_ln102_2464_fu_862_p2      |       and|   0|  0|   2|           1|           1|
    |and_ln102_2465_fu_866_p2      |       and|   0|  0|   2|           1|           1|
    |and_ln102_2466_fu_871_p2      |       and|   0|  0|   2|           1|           1|
    |and_ln102_2467_fu_969_p2      |       and|   0|  0|   2|           1|           1|
    |and_ln102_2468_fu_973_p2      |       and|   0|  0|   2|           1|           1|
    |and_ln102_2469_fu_978_p2      |       and|   0|  0|   2|           1|           1|
    |and_ln102_2470_fu_983_p2      |       and|   0|  0|   2|           1|           1|
    |and_ln102_2471_fu_1062_p2     |       and|   0|  0|   2|           1|           1|
    |and_ln102_2472_fu_1067_p2     |       and|   0|  0|   2|           1|           1|
    |and_ln102_2473_fu_1072_p2     |       and|   0|  0|   2|           1|           1|
    |and_ln102_2474_fu_1134_p2     |       and|   0|  0|   2|           1|           1|
    |and_ln102_2475_fu_1139_p2     |       and|   0|  0|   2|           1|           1|
    |and_ln102_fu_490_p2           |       and|   0|  0|   2|           1|           1|
    |and_ln104_392_fu_698_p2       |       and|   0|  0|   2|           1|           1|
    |and_ln104_393_fu_515_p2       |       and|   0|  0|   2|           1|           1|
    |and_ln104_394_fu_566_p2       |       and|   0|  0|   2|           1|           1|
    |and_ln104_395_fu_818_p2       |       and|   0|  0|   2|           1|           1|
    |and_ln104_396_fu_832_p2       |       and|   0|  0|   2|           1|           1|
    |and_ln104_fu_501_p2           |       and|   0|  0|   2|           1|           1|
    |icmp_ln86_2153_fu_310_p2      |      icmp|   0|  0|  25|          18|           9|
    |icmp_ln86_2154_fu_316_p2      |      icmp|   0|  0|  25|          18|          10|
    |icmp_ln86_2155_fu_322_p2      |      icmp|   0|  0|  25|          18|          11|
    |icmp_ln86_2156_fu_328_p2      |      icmp|   0|  0|  25|          18|          10|
    |icmp_ln86_2157_fu_334_p2      |      icmp|   0|  0|  25|          18|          10|
    |icmp_ln86_2158_fu_340_p2      |      icmp|   0|  0|  25|          18|          11|
    |icmp_ln86_2159_fu_346_p2      |      icmp|   0|  0|  25|          18|          11|
    |icmp_ln86_2160_fu_352_p2      |      icmp|   0|  0|  25|          18|          11|
    |icmp_ln86_2161_fu_358_p2      |      icmp|   0|  0|  25|          18|          10|
    |icmp_ln86_2162_fu_364_p2      |      icmp|   0|  0|  25|          18|           9|
    |icmp_ln86_2163_fu_370_p2      |      icmp|   0|  0|  25|          18|           7|
    |icmp_ln86_2164_fu_376_p2      |      icmp|   0|  0|  25|          18|          12|
    |icmp_ln86_2165_fu_382_p2      |      icmp|   0|  0|  25|          18|          11|
    |icmp_ln86_2166_fu_388_p2      |      icmp|   0|  0|  25|          18|           9|
    |icmp_ln86_2167_fu_394_p2      |      icmp|   0|  0|  25|          18|          12|
    |icmp_ln86_2168_fu_400_p2      |      icmp|   0|  0|  25|          18|           7|
    |icmp_ln86_2169_fu_406_p2      |      icmp|   0|  0|  25|          18|           8|
    |icmp_ln86_2170_fu_412_p2      |      icmp|   0|  0|  25|          18|          11|
    |icmp_ln86_2171_fu_418_p2      |      icmp|   0|  0|  25|          18|           9|
    |icmp_ln86_2172_fu_424_p2      |      icmp|   0|  0|  25|          18|          10|
    |icmp_ln86_2173_fu_430_p2      |      icmp|   0|  0|  25|          18|          12|
    |icmp_ln86_2174_fu_436_p2      |      icmp|   0|  0|  25|          18|          10|
    |icmp_ln86_2175_fu_442_p2      |      icmp|   0|  0|  25|          18|          10|
    |icmp_ln86_2176_fu_448_p2      |      icmp|   0|  0|  25|          18|          10|
    |icmp_ln86_2177_fu_454_p2      |      icmp|   0|  0|  25|          18|          11|
    |icmp_ln86_2178_fu_460_p2      |      icmp|   0|  0|  25|          18|          11|
    |icmp_ln86_2179_fu_466_p2      |      icmp|   0|  0|  25|          18|          11|
    |icmp_ln86_2180_fu_472_p2      |      icmp|   0|  0|  25|          18|          10|
    |icmp_ln86_2181_fu_478_p2      |      icmp|   0|  0|  25|          18|          11|
    |icmp_ln86_2182_fu_484_p2      |      icmp|   0|  0|  25|          18|          11|
    |icmp_ln86_fu_304_p2           |      icmp|   0|  0|  25|          18|          11|
    |or_ln117_1911_fu_627_p2       |        or|   0|  0|   2|           1|           1|
    |or_ln117_1912_fu_639_p2       |        or|   0|  0|   2|           1|           1|
    |or_ln117_1913_fu_651_p2       |        or|   0|  0|   2|           1|           1|
    |or_ln117_1914_fu_741_p2       |        or|   0|  0|   2|           1|           1|
    |or_ln117_1915_fu_684_p2       |        or|   0|  0|   2|           1|           1|
    |or_ln117_1916_fu_753_p2       |        or|   0|  0|   2|           1|           1|
    |or_ln117_1917_fu_765_p2       |        or|   0|  0|   2|           1|           1|
    |or_ln117_1918_fu_777_p2       |        or|   0|  0|   2|           1|           1|
    |or_ln117_1919_fu_791_p2       |        or|   0|  0|   2|           1|           1|
    |or_ln117_1920_fu_876_p2       |        or|   0|  0|   2|           1|           1|
    |or_ln117_1921_fu_892_p2       |        or|   0|  0|   2|           1|           1|
    |or_ln117_1922_fu_904_p2       |        or|   0|  0|   2|           1|           1|
    |or_ln117_1923_fu_916_p2       |        or|   0|  0|   2|           1|           1|
    |or_ln117_1924_fu_930_p2       |        or|   0|  0|   2|           1|           1|
    |or_ln117_1925_fu_988_p2       |        or|   0|  0|   2|           1|           1|
    |or_ln117_1926_fu_950_p2       |        or|   0|  0|   2|           1|           1|
    |or_ln117_1927_fu_1000_p2      |        or|   0|  0|   2|           1|           1|
    |or_ln117_1928_fu_956_p2       |        or|   0|  0|   2|           1|           1|
    |or_ln117_1929_fu_1020_p2      |        or|   0|  0|   2|           1|           1|
    |or_ln117_1930_fu_1032_p2      |        or|   0|  0|   2|           1|           1|
    |or_ln117_1931_fu_1077_p2      |        or|   0|  0|   2|           1|           1|
    |or_ln117_1932_fu_1082_p2      |        or|   0|  0|   2|           1|           1|
    |or_ln117_1933_fu_1093_p2      |        or|   0|  0|   2|           1|           1|
    |or_ln117_1934_fu_1107_p2      |        or|   0|  0|   2|           1|           1|
    |or_ln117_1935_fu_1144_p2      |        or|   0|  0|   2|           1|           1|
    |or_ln117_fu_546_p2            |        or|   0|  0|   2|           1|           1|
    |agg_result_fu_1156_p66        |    select|   0|  0|   5|           1|           5|
    |select_ln117_2091_fu_616_p3   |    select|   0|  0|   2|           1|           2|
    |select_ln117_2092_fu_632_p3   |    select|   0|  0|   4|           1|           3|
    |select_ln117_2093_fu_643_p3   |    select|   0|  0|   3|           1|           3|
    |select_ln117_2094_fu_657_p3   |    select|   0|  0|   3|           1|           3|
    |select_ln117_2095_fu_665_p3   |    select|   0|  0|   3|           1|           3|
    |select_ln117_2096_fu_677_p3   |    select|   0|  0|   5|           1|           4|
    |select_ln117_2097_fu_746_p3   |    select|   0|  0|   4|           1|           4|
    |select_ln117_2098_fu_758_p3   |    select|   0|  0|   4|           1|           4|
    |select_ln117_2099_fu_769_p3   |    select|   0|  0|   4|           1|           4|
    |select_ln117_2100_fu_783_p3   |    select|   0|  0|   4|           1|           4|
    |select_ln117_2101_fu_797_p3   |    select|   0|  0|   4|           1|           4|
    |select_ln117_2102_fu_805_p3   |    select|   0|  0|   4|           1|           4|
    |select_ln117_2103_fu_881_p3   |    select|   0|  0|   4|           1|           4|
    |select_ln117_2104_fu_897_p3   |    select|   0|  0|   6|           1|           5|
    |select_ln117_2105_fu_908_p3   |    select|   0|  0|   5|           1|           5|
    |select_ln117_2106_fu_922_p3   |    select|   0|  0|   5|           1|           5|
    |select_ln117_2107_fu_934_p3   |    select|   0|  0|   5|           1|           5|
    |select_ln117_2108_fu_942_p3   |    select|   0|  0|   5|           1|           5|
    |select_ln117_2109_fu_993_p3   |    select|   0|  0|   5|           1|           5|
    |select_ln117_2110_fu_1005_p3  |    select|   0|  0|   5|           1|           5|
    |select_ln117_2111_fu_1012_p3  |    select|   0|  0|   5|           1|           5|
    |select_ln117_2112_fu_1025_p3  |    select|   0|  0|   5|           1|           5|
    |select_ln117_2113_fu_1037_p3  |    select|   0|  0|   5|           1|           5|
    |select_ln117_2114_fu_1045_p3  |    select|   0|  0|   5|           1|           5|
    |select_ln117_2115_fu_1086_p3  |    select|   0|  0|   5|           1|           5|
    |select_ln117_2116_fu_1099_p3  |    select|   0|  0|   5|           1|           5|
    |select_ln117_2117_fu_1113_p3  |    select|   0|  0|   5|           1|           5|
    |select_ln117_2118_fu_1121_p3  |    select|   0|  0|   5|           1|           5|
    |select_ln117_fu_609_p3        |    select|   0|  0|   3|           1|           2|
    |xor_ln104_1021_fu_496_p2      |       xor|   0|  0|   2|           1|           2|
    |xor_ln104_1022_fu_693_p2      |       xor|   0|  0|   2|           1|           2|
    |xor_ln104_1023_fu_510_p2      |       xor|   0|  0|   2|           1|           2|
    |xor_ln104_1024_fu_561_p2      |       xor|   0|  0|   2|           1|           2|
    |xor_ln104_1025_fu_813_p2      |       xor|   0|  0|   2|           1|           2|
    |xor_ln104_1026_fu_827_p2      |       xor|   0|  0|   2|           1|           2|
    |xor_ln104_1027_fu_525_p2      |       xor|   0|  0|   2|           1|           2|
    |xor_ln104_1028_fu_571_p2      |       xor|   0|  0|   2|           1|           2|
    |xor_ln104_1029_fu_708_p2      |       xor|   0|  0|   2|           1|           2|
    |xor_ln104_1030_fu_837_p2      |       xor|   0|  0|   2|           1|           2|
    |xor_ln104_1031_fu_842_p2      |       xor|   0|  0|   2|           1|           2|
    |xor_ln104_1032_fu_960_p2      |       xor|   0|  0|   2|           1|           2|
    |xor_ln104_1033_fu_1053_p2     |       xor|   0|  0|   2|           1|           2|
    |xor_ln104_1034_fu_1129_p2     |       xor|   0|  0|   2|           1|           2|
    |xor_ln104_fu_552_p2           |       xor|   0|  0|   2|           1|           2|
    |xor_ln117_fu_599_p2           |       xor|   0|  0|   2|           2|           1|
    +------------------------------+----------+----+---+----+------------+------------+
    |Total                         |          |   0|  0|1079|         675|         545|
    +------------------------------+----------+----+---+----+------------+------------+

    * Multiplexer: 
    N/A

    * Register: 
    +---------------------------------------+----+----+-----+-----------+
    |                  Name                 | FF | LUT| Bits| Const Bits|
    +---------------------------------------+----+----+-----+-----------+
    |and_ln102_2439_reg_1545                |   1|   0|    1|          0|
    |and_ln102_2440_reg_1482                |   1|   0|    1|          0|
    |and_ln102_2441_reg_1517                |   1|   0|    1|          0|
    |and_ln102_2442_reg_1557                |   1|   0|    1|          0|
    |and_ln102_2443_reg_1584                |   1|   0|    1|          0|
    |and_ln102_2443_reg_1584_pp0_iter5_reg  |   1|   0|    1|          0|
    |and_ln102_2444_reg_1494                |   1|   0|    1|          0|
    |and_ln102_2445_reg_1500                |   1|   0|    1|          0|
    |and_ln102_2446_reg_1529                |   1|   0|    1|          0|
    |and_ln102_2448_reg_1563                |   1|   0|    1|          0|
    |and_ln102_2449_reg_1597                |   1|   0|    1|          0|
    |and_ln102_reg_1466                     |   1|   0|    1|          0|
    |and_ln104_392_reg_1551                 |   1|   0|    1|          0|
    |and_ln104_393_reg_1489                 |   1|   0|    1|          0|
    |and_ln104_394_reg_1523                 |   1|   0|    1|          0|
    |and_ln104_394_reg_1523_pp0_iter3_reg   |   1|   0|    1|          0|
    |and_ln104_395_reg_1579                 |   1|   0|    1|          0|
    |and_ln104_396_reg_1591                 |   1|   0|    1|          0|
    |and_ln104_reg_1476                     |   1|   0|    1|          0|
    |icmp_ln86_2153_reg_1303                |   1|   0|    1|          0|
    |icmp_ln86_2154_reg_1308                |   1|   0|    1|          0|
    |icmp_ln86_2155_reg_1314                |   1|   0|    1|          0|
    |icmp_ln86_2156_reg_1320                |   1|   0|    1|          0|
    |icmp_ln86_2156_reg_1320_pp0_iter1_reg  |   1|   0|    1|          0|
    |icmp_ln86_2157_reg_1326                |   1|   0|    1|          0|
    |icmp_ln86_2158_reg_1332                |   1|   0|    1|          0|
    |icmp_ln86_2159_reg_1338                |   1|   0|    1|          0|
    |icmp_ln86_2160_reg_1344                |   1|   0|    1|          0|
    |icmp_ln86_2160_reg_1344_pp0_iter1_reg  |   1|   0|    1|          0|
    |icmp_ln86_2161_reg_1350                |   1|   0|    1|          0|
    |icmp_ln86_2162_reg_1356                |   1|   0|    1|          0|
    |icmp_ln86_2163_reg_1362                |   1|   0|    1|          0|
    |icmp_ln86_2164_reg_1368                |   1|   0|    1|          0|
    |icmp_ln86_2165_reg_1374                |   1|   0|    1|          0|
    |icmp_ln86_2166_reg_1380                |   1|   0|    1|          0|
    |icmp_ln86_2167_reg_1386                |   1|   0|    1|          0|
    |icmp_ln86_2167_reg_1386_pp0_iter1_reg  |   1|   0|    1|          0|
    |icmp_ln86_2168_reg_1391                |   1|   0|    1|          0|
    |icmp_ln86_2169_reg_1396                |   1|   0|    1|          0|
    |icmp_ln86_2169_reg_1396_pp0_iter1_reg  |   1|   0|    1|          0|
    |icmp_ln86_2170_reg_1401                |   1|   0|    1|          0|
    |icmp_ln86_2170_reg_1401_pp0_iter1_reg  |   1|   0|    1|          0|
    |icmp_ln86_2171_reg_1406                |   1|   0|    1|          0|
    |icmp_ln86_2172_reg_1411                |   1|   0|    1|          0|
    |icmp_ln86_2173_reg_1416                |   1|   0|    1|          0|
    |icmp_ln86_2174_reg_1421                |   1|   0|    1|          0|
    |icmp_ln86_2175_reg_1426                |   1|   0|    1|          0|
    |icmp_ln86_2176_reg_1431                |   1|   0|    1|          0|
    |icmp_ln86_2177_reg_1436                |   1|   0|    1|          0|
    |icmp_ln86_2178_reg_1441                |   1|   0|    1|          0|
    |icmp_ln86_2179_reg_1446                |   1|   0|    1|          0|
    |icmp_ln86_2180_reg_1451                |   1|   0|    1|          0|
    |icmp_ln86_2181_reg_1456                |   1|   0|    1|          0|
    |icmp_ln86_2182_reg_1461                |   1|   0|    1|          0|
    |icmp_ln86_reg_1292                     |   1|   0|    1|          0|
    |or_ln117_1915_reg_1539                 |   1|   0|    1|          0|
    |or_ln117_1919_reg_1569                 |   1|   0|    1|          0|
    |or_ln117_1924_reg_1602                 |   1|   0|    1|          0|
    |or_ln117_1926_reg_1612                 |   1|   0|    1|          0|
    |or_ln117_1928_reg_1618                 |   1|   0|    1|          0|
    |or_ln117_1928_reg_1618_pp0_iter5_reg   |   1|   0|    1|          0|
    |or_ln117_1930_reg_1626                 |   1|   0|    1|          0|
    |or_ln117_1934_reg_1636                 |   1|   0|    1|          0|
    |or_ln117_reg_1506                      |   1|   0|    1|          0|
    |p_read1_int_reg                        |  18|   0|   18|          0|
    |p_read2_int_reg                        |  18|   0|   18|          0|
    |p_read3_int_reg                        |  18|   0|   18|          0|
    |p_read4_int_reg                        |  18|   0|   18|          0|
    |p_read5_int_reg                        |  18|   0|   18|          0|
    |p_read6_int_reg                        |  18|   0|   18|          0|
    |p_read7_int_reg                        |  18|   0|   18|          0|
    |p_read8_int_reg                        |  18|   0|   18|          0|
    |p_read9_int_reg                        |  18|   0|   18|          0|
    |select_ln117_2096_reg_1534             |   4|   0|    4|          0|
    |select_ln117_2102_reg_1574             |   4|   0|    4|          0|
    |select_ln117_2108_reg_1607             |   5|   0|    5|          0|
    |select_ln117_2114_reg_1631             |   5|   0|    5|          0|
    |select_ln117_2118_reg_1641             |   5|   0|    5|          0|
    |xor_ln104_reg_1511                     |   1|   0|    1|          0|
    |and_ln102_reg_1466                     |  64|  32|    1|          0|
    |and_ln104_396_reg_1591                 |  64|  32|    1|          0|
    |icmp_ln86_2154_reg_1308                |  64|  32|    1|          0|
    |icmp_ln86_2157_reg_1326                |  64|  32|    1|          0|
    |icmp_ln86_2158_reg_1332                |  64|  32|    1|          0|
    |icmp_ln86_2161_reg_1350                |  64|  32|    1|          0|
    |icmp_ln86_2162_reg_1356                |  64|  32|    1|          0|
    |icmp_ln86_2163_reg_1362                |  64|  32|    1|          0|
    |icmp_ln86_2164_reg_1368                |  64|  32|    1|          0|
    |icmp_ln86_2165_reg_1374                |  64|  32|    1|          0|
    |icmp_ln86_2166_reg_1380                |  64|  32|    1|          0|
    |icmp_ln86_2171_reg_1406                |  64|  32|    1|          0|
    |icmp_ln86_2172_reg_1411                |  64|  32|    1|          0|
    |icmp_ln86_2173_reg_1416                |  64|  32|    1|          0|
    |icmp_ln86_2174_reg_1421                |  64|  32|    1|          0|
    |icmp_ln86_2175_reg_1426                |  64|  32|    1|          0|
    |icmp_ln86_2176_reg_1431                |  64|  32|    1|          0|
    |icmp_ln86_2177_reg_1436                |  64|  32|    1|          0|
    |icmp_ln86_2178_reg_1441                |  64|  32|    1|          0|
    |icmp_ln86_2179_reg_1446                |  64|  32|    1|          0|
    |icmp_ln86_2180_reg_1451                |  64|  32|    1|          0|
    |icmp_ln86_2181_reg_1456                |  64|  32|    1|          0|
    |icmp_ln86_2182_reg_1461                |  64|  32|    1|          0|
    |icmp_ln86_reg_1292                     |  64|  32|    1|          0|
    +---------------------------------------+----+----+-----+-----------+
    |Total                                  |1786| 768|  274|          0|
    +---------------------------------------+----+----+-----+-----------+



================================================================
== Interface
================================================================
* Summary: 
+-----------+-----+-----+------------+-----------------------+--------------+
| RTL Ports | Dir | Bits|  Protocol  |     Source Object     |    C Type    |
+-----------+-----+-----+------------+-----------------------+--------------+
|ap_clk     |   in|    1|  ap_ctrl_hs|  decision_function.100|  return value|
|ap_rst     |   in|    1|  ap_ctrl_hs|  decision_function.100|  return value|
|ap_return  |  out|   12|  ap_ctrl_hs|  decision_function.100|  return value|
|ap_ce      |   in|    1|  ap_ctrl_hs|  decision_function.100|  return value|
|p_read1    |   in|   18|     ap_none|                p_read1|        scalar|
|p_read2    |   in|   18|     ap_none|                p_read2|        scalar|
|p_read3    |   in|   18|     ap_none|                p_read3|        scalar|
|p_read4    |   in|   18|     ap_none|                p_read4|        scalar|
|p_read5    |   in|   18|     ap_none|                p_read5|        scalar|
|p_read6    |   in|   18|     ap_none|                p_read6|        scalar|
|p_read7    |   in|   18|     ap_none|                p_read7|        scalar|
|p_read8    |   in|   18|     ap_none|                p_read8|        scalar|
|p_read9    |   in|   18|     ap_none|                p_read9|        scalar|
+-----------+-----+-----+------------+-----------------------+--------------+

