

================================================================
== Vitis HLS Report for 'decision_function_83'
================================================================
* Date:           Tue Mar 11 16:22:30 2025

* Version:        2024.2 (Build 5238294 on Nov  8 2024)
* Project:        conifer_jettag
* Solution:       solution1 (Vivado IP Flow Target)
* Product family: zynq
* Target device:  xc7z020-clg400-1


================================================================
== Performance Estimates
================================================================
+ Timing: 
    * Summary: 
    +--------+---------+----------+------------+
    |  Clock |  Target | Estimated| Uncertainty|
    +--------+---------+----------+------------+
    |ap_clk  |  5.00 ns|  3.645 ns|     1.35 ns|
    +--------+---------+----------+------------+

+ Latency: 
    * Summary: 
    +---------+---------+-----------+-----------+-----+-----+---------+
    |  Latency (cycles) |   Latency (absolute)  |  Interval | Pipeline|
    |   min   |   max   |    min    |    max    | min | max |   Type  |
    +---------+---------+-----------+-----------+-----+-----+---------+
    |        7|        7|  35.000 ns|  35.000 ns|    1|    1|      yes|
    +---------+---------+-----------+-----------+-----+-----+---------+

    + Detail: 
        * Instance: 
        N/A

        * Loop: 
        N/A



================================================================
== Utilization Estimates
================================================================
* Summary: 
+-----------------+---------+-----+--------+-------+-----+
|       Name      | BRAM_18K| DSP |   FF   |  LUT  | URAM|
+-----------------+---------+-----+--------+-------+-----+
|DSP              |        -|    -|       -|      -|    -|
|Expression       |        -|    -|       0|   1079|    -|
|FIFO             |        -|    -|       -|      -|    -|
|Instance         |        -|    -|       0|    142|    -|
|Memory           |        -|    -|       -|      -|    -|
|Multiplexer      |        -|    -|       -|      -|    -|
|Register         |        -|    -|    1786|    768|    -|
+-----------------+---------+-----+--------+-------+-----+
|Total            |        0|    0|    1786|   1989|    0|
+-----------------+---------+-----+--------+-------+-----+
|Available        |      280|  220|  106400|  53200|    0|
+-----------------+---------+-----+--------+-------+-----+
|Utilization (%)  |        0|    0|       1|      3|    0|
+-----------------+---------+-----+--------+-------+-----+

+ Detail: 
    * Instance: 
    +-------------------------------+--------------------------+---------+----+---+-----+-----+
    |            Instance           |          Module          | BRAM_18K| DSP| FF| LUT | URAM|
    +-------------------------------+--------------------------+---------+----+---+-----+-----+
    |sparsemux_65_5_13_1_1_x6_U306  |sparsemux_65_5_13_1_1_x6  |        0|   0|  0|  142|    0|
    +-------------------------------+--------------------------+---------+----+---+-----+-----+
    |Total                          |                          |        0|   0|  0|  142|    0|
    +-------------------------------+--------------------------+---------+----+---+-----+-----+

    * DSP: 
    N/A

    * Memory: 
    N/A

    * FIFO: 
    N/A

    * Expression: 
    +-----------------------------+----------+----+---+----+------------+------------+
    |        Variable Name        | Operation| DSP| FF| LUT| Bitwidth P0| Bitwidth P1|
    +-----------------------------+----------+----+---+----+------------+------------+
    |and_ln102_579_fu_691_p2      |       and|   0|  0|   2|           1|           1|
    |and_ln102_580_fu_508_p2      |       and|   0|  0|   2|           1|           1|
    |and_ln102_581_fu_559_p2      |       and|   0|  0|   2|           1|           1|
    |and_ln102_582_fu_705_p2      |       and|   0|  0|   2|           1|           1|
    |and_ln102_583_fu_825_p2      |       and|   0|  0|   2|           1|           1|
    |and_ln102_584_fu_522_p2      |       and|   0|  0|   2|           1|           1|
    |and_ln102_585_fu_532_p2      |       and|   0|  0|   2|           1|           1|
    |and_ln102_586_fu_578_p2      |       and|   0|  0|   2|           1|           1|
    |and_ln102_587_fu_715_p2      |       and|   0|  0|   2|           1|           1|
    |and_ln102_588_fu_719_p2      |       and|   0|  0|   2|           1|           1|
    |and_ln102_589_fu_849_p2      |       and|   0|  0|   2|           1|           1|
    |and_ln102_590_fu_967_p2      |       and|   0|  0|   2|           1|           1|
    |and_ln102_591_fu_1060_p2     |       and|   0|  0|   2|           1|           1|
    |and_ln102_592_fu_583_p2      |       and|   0|  0|   2|           1|           1|
    |and_ln102_593_fu_537_p2      |       and|   0|  0|   2|           1|           1|
    |and_ln102_594_fu_542_p2      |       and|   0|  0|   2|           1|           1|
    |and_ln102_595_fu_587_p2      |       and|   0|  0|   2|           1|           1|
    |and_ln102_596_fu_591_p2      |       and|   0|  0|   2|           1|           1|
    |and_ln102_597_fu_596_p2      |       and|   0|  0|   2|           1|           1|
    |and_ln102_598_fu_724_p2      |       and|   0|  0|   2|           1|           1|
    |and_ln102_599_fu_728_p2      |       and|   0|  0|   2|           1|           1|
    |and_ln102_600_fu_733_p2      |       and|   0|  0|   2|           1|           1|
    |and_ln102_601_fu_738_p2      |       and|   0|  0|   2|           1|           1|
    |and_ln102_602_fu_854_p2      |       and|   0|  0|   2|           1|           1|
    |and_ln102_603_fu_859_p2      |       and|   0|  0|   2|           1|           1|
    |and_ln102_604_fu_864_p2      |       and|   0|  0|   2|           1|           1|
    |and_ln102_605_fu_868_p2      |       and|   0|  0|   2|           1|           1|
    |and_ln102_606_fu_873_p2      |       and|   0|  0|   2|           1|           1|
    |and_ln102_607_fu_971_p2      |       and|   0|  0|   2|           1|           1|
    |and_ln102_608_fu_975_p2      |       and|   0|  0|   2|           1|           1|
    |and_ln102_609_fu_980_p2      |       and|   0|  0|   2|           1|           1|
    |and_ln102_610_fu_985_p2      |       and|   0|  0|   2|           1|           1|
    |and_ln102_611_fu_1064_p2     |       and|   0|  0|   2|           1|           1|
    |and_ln102_612_fu_1069_p2     |       and|   0|  0|   2|           1|           1|
    |and_ln102_613_fu_1074_p2     |       and|   0|  0|   2|           1|           1|
    |and_ln102_614_fu_1136_p2     |       and|   0|  0|   2|           1|           1|
    |and_ln102_615_fu_1141_p2     |       and|   0|  0|   2|           1|           1|
    |and_ln102_fu_492_p2          |       and|   0|  0|   2|           1|           1|
    |and_ln104_89_fu_700_p2       |       and|   0|  0|   2|           1|           1|
    |and_ln104_90_fu_517_p2       |       and|   0|  0|   2|           1|           1|
    |and_ln104_91_fu_568_p2       |       and|   0|  0|   2|           1|           1|
    |and_ln104_92_fu_820_p2       |       and|   0|  0|   2|           1|           1|
    |and_ln104_93_fu_834_p2       |       and|   0|  0|   2|           1|           1|
    |and_ln104_fu_503_p2          |       and|   0|  0|   2|           1|           1|
    |icmp_ln86_468_fu_312_p2      |      icmp|   0|  0|  25|          18|          11|
    |icmp_ln86_469_fu_318_p2      |      icmp|   0|  0|  25|          18|           7|
    |icmp_ln86_470_fu_324_p2      |      icmp|   0|  0|  25|          18|           9|
    |icmp_ln86_471_fu_330_p2      |      icmp|   0|  0|  25|          18|           7|
    |icmp_ln86_472_fu_336_p2      |      icmp|   0|  0|  25|          18|           8|
    |icmp_ln86_473_fu_342_p2      |      icmp|   0|  0|  25|          18|           9|
    |icmp_ln86_474_fu_348_p2      |      icmp|   0|  0|  25|          18|           9|
    |icmp_ln86_475_fu_354_p2      |      icmp|   0|  0|  25|          18|           9|
    |icmp_ln86_476_fu_360_p2      |      icmp|   0|  0|  25|          18|          11|
    |icmp_ln86_477_fu_366_p2      |      icmp|   0|  0|  25|          18|           6|
    |icmp_ln86_478_fu_372_p2      |      icmp|   0|  0|  25|          18|           6|
    |icmp_ln86_479_fu_378_p2      |      icmp|   0|  0|  25|          18|          12|
    |icmp_ln86_480_fu_384_p2      |      icmp|   0|  0|  25|          18|          11|
    |icmp_ln86_481_fu_390_p2      |      icmp|   0|  0|  25|          18|          12|
    |icmp_ln86_482_fu_396_p2      |      icmp|   0|  0|  25|          18|          10|
    |icmp_ln86_483_fu_402_p2      |      icmp|   0|  0|  25|          18|          10|
    |icmp_ln86_484_fu_408_p2      |      icmp|   0|  0|  25|          18|          11|
    |icmp_ln86_485_fu_414_p2      |      icmp|   0|  0|  25|          18|          12|
    |icmp_ln86_486_fu_420_p2      |      icmp|   0|  0|  25|          18|           8|
    |icmp_ln86_487_fu_426_p2      |      icmp|   0|  0|  25|          18|          11|
    |icmp_ln86_488_fu_432_p2      |      icmp|   0|  0|  25|          18|           8|
    |icmp_ln86_489_fu_438_p2      |      icmp|   0|  0|  25|          18|           8|
    |icmp_ln86_490_fu_444_p2      |      icmp|   0|  0|  25|          18|           7|
    |icmp_ln86_491_fu_450_p2      |      icmp|   0|  0|  25|          18|           8|
    |icmp_ln86_492_fu_456_p2      |      icmp|   0|  0|  25|          18|          11|
    |icmp_ln86_493_fu_462_p2      |      icmp|   0|  0|  25|          18|           6|
    |icmp_ln86_494_fu_468_p2      |      icmp|   0|  0|  25|          18|          11|
    |icmp_ln86_495_fu_474_p2      |      icmp|   0|  0|  25|          18|           9|
    |icmp_ln86_496_fu_480_p2      |      icmp|   0|  0|  25|          18|          11|
    |icmp_ln86_497_fu_486_p2      |      icmp|   0|  0|  25|          18|          12|
    |icmp_ln86_fu_306_p2          |      icmp|   0|  0|  25|          18|           7|
    |or_ln117_420_fu_629_p2       |        or|   0|  0|   2|           1|           1|
    |or_ln117_421_fu_641_p2       |        or|   0|  0|   2|           1|           1|
    |or_ln117_422_fu_653_p2       |        or|   0|  0|   2|           1|           1|
    |or_ln117_423_fu_743_p2       |        or|   0|  0|   2|           1|           1|
    |or_ln117_424_fu_686_p2       |        or|   0|  0|   2|           1|           1|
    |or_ln117_425_fu_755_p2       |        or|   0|  0|   2|           1|           1|
    |or_ln117_426_fu_767_p2       |        or|   0|  0|   2|           1|           1|
    |or_ln117_427_fu_779_p2       |        or|   0|  0|   2|           1|           1|
    |or_ln117_428_fu_793_p2       |        or|   0|  0|   2|           1|           1|
    |or_ln117_429_fu_878_p2       |        or|   0|  0|   2|           1|           1|
    |or_ln117_430_fu_894_p2       |        or|   0|  0|   2|           1|           1|
    |or_ln117_431_fu_906_p2       |        or|   0|  0|   2|           1|           1|
    |or_ln117_432_fu_918_p2       |        or|   0|  0|   2|           1|           1|
    |or_ln117_433_fu_932_p2       |        or|   0|  0|   2|           1|           1|
    |or_ln117_434_fu_990_p2       |        or|   0|  0|   2|           1|           1|
    |or_ln117_435_fu_952_p2       |        or|   0|  0|   2|           1|           1|
    |or_ln117_436_fu_1002_p2      |        or|   0|  0|   2|           1|           1|
    |or_ln117_437_fu_958_p2       |        or|   0|  0|   2|           1|           1|
    |or_ln117_438_fu_1022_p2      |        or|   0|  0|   2|           1|           1|
    |or_ln117_439_fu_1034_p2      |        or|   0|  0|   2|           1|           1|
    |or_ln117_440_fu_1079_p2      |        or|   0|  0|   2|           1|           1|
    |or_ln117_441_fu_1084_p2      |        or|   0|  0|   2|           1|           1|
    |or_ln117_442_fu_1095_p2      |        or|   0|  0|   2|           1|           1|
    |or_ln117_443_fu_1109_p2      |        or|   0|  0|   2|           1|           1|
    |or_ln117_444_fu_1146_p2      |        or|   0|  0|   2|           1|           1|
    |or_ln117_fu_548_p2           |        or|   0|  0|   2|           1|           1|
    |agg_result_fu_1158_p66       |    select|   0|  0|   5|           1|           5|
    |select_ln117_458_fu_618_p3   |    select|   0|  0|   2|           1|           2|
    |select_ln117_459_fu_634_p3   |    select|   0|  0|   4|           1|           3|
    |select_ln117_460_fu_645_p3   |    select|   0|  0|   3|           1|           3|
    |select_ln117_461_fu_659_p3   |    select|   0|  0|   3|           1|           3|
    |select_ln117_462_fu_667_p3   |    select|   0|  0|   3|           1|           3|
    |select_ln117_463_fu_679_p3   |    select|   0|  0|   5|           1|           4|
    |select_ln117_464_fu_748_p3   |    select|   0|  0|   4|           1|           4|
    |select_ln117_465_fu_760_p3   |    select|   0|  0|   4|           1|           4|
    |select_ln117_466_fu_771_p3   |    select|   0|  0|   4|           1|           4|
    |select_ln117_467_fu_785_p3   |    select|   0|  0|   4|           1|           4|
    |select_ln117_468_fu_799_p3   |    select|   0|  0|   4|           1|           4|
    |select_ln117_469_fu_807_p3   |    select|   0|  0|   4|           1|           4|
    |select_ln117_470_fu_883_p3   |    select|   0|  0|   4|           1|           4|
    |select_ln117_471_fu_899_p3   |    select|   0|  0|   6|           1|           5|
    |select_ln117_472_fu_910_p3   |    select|   0|  0|   5|           1|           5|
    |select_ln117_473_fu_924_p3   |    select|   0|  0|   5|           1|           5|
    |select_ln117_474_fu_936_p3   |    select|   0|  0|   5|           1|           5|
    |select_ln117_475_fu_944_p3   |    select|   0|  0|   5|           1|           5|
    |select_ln117_476_fu_995_p3   |    select|   0|  0|   5|           1|           5|
    |select_ln117_477_fu_1007_p3  |    select|   0|  0|   5|           1|           5|
    |select_ln117_478_fu_1014_p3  |    select|   0|  0|   5|           1|           5|
    |select_ln117_479_fu_1027_p3  |    select|   0|  0|   5|           1|           5|
    |select_ln117_480_fu_1039_p3  |    select|   0|  0|   5|           1|           5|
    |select_ln117_481_fu_1047_p3  |    select|   0|  0|   5|           1|           5|
    |select_ln117_482_fu_1088_p3  |    select|   0|  0|   5|           1|           5|
    |select_ln117_483_fu_1101_p3  |    select|   0|  0|   5|           1|           5|
    |select_ln117_484_fu_1115_p3  |    select|   0|  0|   5|           1|           5|
    |select_ln117_485_fu_1123_p3  |    select|   0|  0|   5|           1|           5|
    |select_ln117_fu_611_p3       |    select|   0|  0|   3|           1|           2|
    |xor_ln104_222_fu_498_p2      |       xor|   0|  0|   2|           1|           2|
    |xor_ln104_223_fu_695_p2      |       xor|   0|  0|   2|           1|           2|
    |xor_ln104_224_fu_512_p2      |       xor|   0|  0|   2|           1|           2|
    |xor_ln104_225_fu_563_p2      |       xor|   0|  0|   2|           1|           2|
    |xor_ln104_226_fu_815_p2      |       xor|   0|  0|   2|           1|           2|
    |xor_ln104_227_fu_829_p2      |       xor|   0|  0|   2|           1|           2|
    |xor_ln104_228_fu_527_p2      |       xor|   0|  0|   2|           1|           2|
    |xor_ln104_229_fu_573_p2      |       xor|   0|  0|   2|           1|           2|
    |xor_ln104_230_fu_710_p2      |       xor|   0|  0|   2|           1|           2|
    |xor_ln104_231_fu_839_p2      |       xor|   0|  0|   2|           1|           2|
    |xor_ln104_232_fu_844_p2      |       xor|   0|  0|   2|           1|           2|
    |xor_ln104_233_fu_962_p2      |       xor|   0|  0|   2|           1|           2|
    |xor_ln104_234_fu_1055_p2     |       xor|   0|  0|   2|           1|           2|
    |xor_ln104_235_fu_1131_p2     |       xor|   0|  0|   2|           1|           2|
    |xor_ln104_fu_554_p2          |       xor|   0|  0|   2|           1|           2|
    |xor_ln117_fu_601_p2          |       xor|   0|  0|   2|           2|           1|
    +-----------------------------+----------+----+---+----+------------+------------+
    |Total                        |          |   0|  0|1079|         675|         516|
    +-----------------------------+----------+----+---+----+------------+------------+

    * Multiplexer: 
    N/A

    * Register: 
    +--------------------------------------+----+----+-----+-----------+
    |                 Name                 | FF | LUT| Bits| Const Bits|
    +--------------------------------------+----+----+-----+-----------+
    |and_ln102_579_reg_1547                |   1|   0|    1|          0|
    |and_ln102_580_reg_1484                |   1|   0|    1|          0|
    |and_ln102_581_reg_1519                |   1|   0|    1|          0|
    |and_ln102_582_reg_1559                |   1|   0|    1|          0|
    |and_ln102_583_reg_1586                |   1|   0|    1|          0|
    |and_ln102_583_reg_1586_pp0_iter5_reg  |   1|   0|    1|          0|
    |and_ln102_584_reg_1496                |   1|   0|    1|          0|
    |and_ln102_585_reg_1502                |   1|   0|    1|          0|
    |and_ln102_586_reg_1531                |   1|   0|    1|          0|
    |and_ln102_588_reg_1565                |   1|   0|    1|          0|
    |and_ln102_589_reg_1599                |   1|   0|    1|          0|
    |and_ln102_reg_1468                    |   1|   0|    1|          0|
    |and_ln104_89_reg_1553                 |   1|   0|    1|          0|
    |and_ln104_90_reg_1491                 |   1|   0|    1|          0|
    |and_ln104_91_reg_1525                 |   1|   0|    1|          0|
    |and_ln104_91_reg_1525_pp0_iter3_reg   |   1|   0|    1|          0|
    |and_ln104_92_reg_1581                 |   1|   0|    1|          0|
    |and_ln104_93_reg_1593                 |   1|   0|    1|          0|
    |and_ln104_reg_1478                    |   1|   0|    1|          0|
    |icmp_ln86_468_reg_1305                |   1|   0|    1|          0|
    |icmp_ln86_469_reg_1310                |   1|   0|    1|          0|
    |icmp_ln86_470_reg_1316                |   1|   0|    1|          0|
    |icmp_ln86_471_reg_1322                |   1|   0|    1|          0|
    |icmp_ln86_471_reg_1322_pp0_iter1_reg  |   1|   0|    1|          0|
    |icmp_ln86_472_reg_1328                |   1|   0|    1|          0|
    |icmp_ln86_473_reg_1334                |   1|   0|    1|          0|
    |icmp_ln86_474_reg_1340                |   1|   0|    1|          0|
    |icmp_ln86_475_reg_1346                |   1|   0|    1|          0|
    |icmp_ln86_475_reg_1346_pp0_iter1_reg  |   1|   0|    1|          0|
    |icmp_ln86_476_reg_1352                |   1|   0|    1|          0|
    |icmp_ln86_477_reg_1358                |   1|   0|    1|          0|
    |icmp_ln86_478_reg_1364                |   1|   0|    1|          0|
    |icmp_ln86_479_reg_1370                |   1|   0|    1|          0|
    |icmp_ln86_480_reg_1376                |   1|   0|    1|          0|
    |icmp_ln86_481_reg_1382                |   1|   0|    1|          0|
    |icmp_ln86_482_reg_1388                |   1|   0|    1|          0|
    |icmp_ln86_482_reg_1388_pp0_iter1_reg  |   1|   0|    1|          0|
    |icmp_ln86_483_reg_1393                |   1|   0|    1|          0|
    |icmp_ln86_484_reg_1398                |   1|   0|    1|          0|
    |icmp_ln86_484_reg_1398_pp0_iter1_reg  |   1|   0|    1|          0|
    |icmp_ln86_485_reg_1403                |   1|   0|    1|          0|
    |icmp_ln86_485_reg_1403_pp0_iter1_reg  |   1|   0|    1|          0|
    |icmp_ln86_486_reg_1408                |   1|   0|    1|          0|
    |icmp_ln86_487_reg_1413                |   1|   0|    1|          0|
    |icmp_ln86_488_reg_1418                |   1|   0|    1|          0|
    |icmp_ln86_489_reg_1423                |   1|   0|    1|          0|
    |icmp_ln86_490_reg_1428                |   1|   0|    1|          0|
    |icmp_ln86_491_reg_1433                |   1|   0|    1|          0|
    |icmp_ln86_492_reg_1438                |   1|   0|    1|          0|
    |icmp_ln86_493_reg_1443                |   1|   0|    1|          0|
    |icmp_ln86_494_reg_1448                |   1|   0|    1|          0|
    |icmp_ln86_495_reg_1453                |   1|   0|    1|          0|
    |icmp_ln86_496_reg_1458                |   1|   0|    1|          0|
    |icmp_ln86_497_reg_1463                |   1|   0|    1|          0|
    |icmp_ln86_reg_1294                    |   1|   0|    1|          0|
    |or_ln117_424_reg_1541                 |   1|   0|    1|          0|
    |or_ln117_428_reg_1571                 |   1|   0|    1|          0|
    |or_ln117_433_reg_1604                 |   1|   0|    1|          0|
    |or_ln117_435_reg_1614                 |   1|   0|    1|          0|
    |or_ln117_437_reg_1620                 |   1|   0|    1|          0|
    |or_ln117_437_reg_1620_pp0_iter5_reg   |   1|   0|    1|          0|
    |or_ln117_439_reg_1628                 |   1|   0|    1|          0|
    |or_ln117_443_reg_1638                 |   1|   0|    1|          0|
    |or_ln117_reg_1508                     |   1|   0|    1|          0|
    |p_read1_int_reg                       |  18|   0|   18|          0|
    |p_read2_int_reg                       |  18|   0|   18|          0|
    |p_read3_int_reg                       |  18|   0|   18|          0|
    |p_read4_int_reg                       |  18|   0|   18|          0|
    |p_read5_int_reg                       |  18|   0|   18|          0|
    |p_read6_int_reg                       |  18|   0|   18|          0|
    |p_read7_int_reg                       |  18|   0|   18|          0|
    |p_read8_int_reg                       |  18|   0|   18|          0|
    |p_read9_int_reg                       |  18|   0|   18|          0|
    |select_ln117_463_reg_1536             |   4|   0|    4|          0|
    |select_ln117_469_reg_1576             |   4|   0|    4|          0|
    |select_ln117_475_reg_1609             |   5|   0|    5|          0|
    |select_ln117_481_reg_1633             |   5|   0|    5|          0|
    |select_ln117_485_reg_1643             |   5|   0|    5|          0|
    |xor_ln104_reg_1513                    |   1|   0|    1|          0|
    |and_ln102_reg_1468                    |  64|  32|    1|          0|
    |and_ln104_93_reg_1593                 |  64|  32|    1|          0|
    |icmp_ln86_469_reg_1310                |  64|  32|    1|          0|
    |icmp_ln86_472_reg_1328                |  64|  32|    1|          0|
    |icmp_ln86_473_reg_1334                |  64|  32|    1|          0|
    |icmp_ln86_476_reg_1352                |  64|  32|    1|          0|
    |icmp_ln86_477_reg_1358                |  64|  32|    1|          0|
    |icmp_ln86_478_reg_1364                |  64|  32|    1|          0|
    |icmp_ln86_479_reg_1370                |  64|  32|    1|          0|
    |icmp_ln86_480_reg_1376                |  64|  32|    1|          0|
    |icmp_ln86_481_reg_1382                |  64|  32|    1|          0|
    |icmp_ln86_486_reg_1408                |  64|  32|    1|          0|
    |icmp_ln86_487_reg_1413                |  64|  32|    1|          0|
    |icmp_ln86_488_reg_1418                |  64|  32|    1|          0|
    |icmp_ln86_489_reg_1423                |  64|  32|    1|          0|
    |icmp_ln86_490_reg_1428                |  64|  32|    1|          0|
    |icmp_ln86_491_reg_1433                |  64|  32|    1|          0|
    |icmp_ln86_492_reg_1438                |  64|  32|    1|          0|
    |icmp_ln86_493_reg_1443                |  64|  32|    1|          0|
    |icmp_ln86_494_reg_1448                |  64|  32|    1|          0|
    |icmp_ln86_495_reg_1453                |  64|  32|    1|          0|
    |icmp_ln86_496_reg_1458                |  64|  32|    1|          0|
    |icmp_ln86_497_reg_1463                |  64|  32|    1|          0|
    |icmp_ln86_reg_1294                    |  64|  32|    1|          0|
    +--------------------------------------+----+----+-----+-----------+
    |Total                                 |1786| 768|  274|          0|
    +--------------------------------------+----+----+-----+-----------+



================================================================
== Interface
================================================================
* Summary: 
+-----------+-----+-----+------------+----------------------+--------------+
| RTL Ports | Dir | Bits|  Protocol  |     Source Object    |    C Type    |
+-----------+-----+-----+------------+----------------------+--------------+
|ap_clk     |   in|    1|  ap_ctrl_hs|  decision_function.83|  return value|
|ap_rst     |   in|    1|  ap_ctrl_hs|  decision_function.83|  return value|
|ap_return  |  out|   13|  ap_ctrl_hs|  decision_function.83|  return value|
|ap_ce      |   in|    1|  ap_ctrl_hs|  decision_function.83|  return value|
|p_read1    |   in|   18|     ap_none|               p_read1|        scalar|
|p_read2    |   in|   18|     ap_none|               p_read2|        scalar|
|p_read3    |   in|   18|     ap_none|               p_read3|        scalar|
|p_read4    |   in|   18|     ap_none|               p_read4|        scalar|
|p_read5    |   in|   18|     ap_none|               p_read5|        scalar|
|p_read6    |   in|   18|     ap_none|               p_read6|        scalar|
|p_read7    |   in|   18|     ap_none|               p_read7|        scalar|
|p_read8    |   in|   18|     ap_none|               p_read8|        scalar|
|p_read9    |   in|   18|     ap_none|               p_read9|        scalar|
+-----------+-----+-----+------------+----------------------+--------------+

