

================================================================
== Vitis HLS Report for 'decision_function_61'
================================================================
* Date:           Tue Mar 11 16:22:35 2025

* Version:        2024.2 (Build 5238294 on Nov  8 2024)
* Project:        conifer_jettag
* Solution:       solution1 (Vivado IP Flow Target)
* Product family: zynq
* Target device:  xc7z020-clg400-1


================================================================
== Performance Estimates
================================================================
+ Timing: 
    * Summary: 
    +--------+---------+----------+------------+
    |  Clock |  Target | Estimated| Uncertainty|
    +--------+---------+----------+------------+
    |ap_clk  |  5.00 ns|  3.645 ns|     1.35 ns|
    +--------+---------+----------+------------+

+ Latency: 
    * Summary: 
    +---------+---------+-----------+-----------+-----+-----+---------+
    |  Latency (cycles) |   Latency (absolute)  |  Interval | Pipeline|
    |   min   |   max   |    min    |    max    | min | max |   Type  |
    +---------+---------+-----------+-----------+-----+-----+---------+
    |        7|        7|  35.000 ns|  35.000 ns|    1|    1|      yes|
    +---------+---------+-----------+-----------+-----+-----+---------+

    + Detail: 
        * Instance: 
        N/A

        * Loop: 
        N/A



================================================================
== Utilization Estimates
================================================================
* Summary: 
+-----------------+---------+-----+--------+-------+-----+
|       Name      | BRAM_18K| DSP |   FF   |  LUT  | URAM|
+-----------------+---------+-----+--------+-------+-----+
|DSP              |        -|    -|       -|      -|    -|
|Expression       |        -|    -|       0|   1079|    -|
|FIFO             |        -|    -|       -|      -|    -|
|Instance         |        -|    -|       0|    142|    -|
|Memory           |        -|    -|       -|      -|    -|
|Multiplexer      |        -|    -|       -|      -|    -|
|Register         |        -|    -|    1786|    768|    -|
+-----------------+---------+-----+--------+-------+-----+
|Total            |        0|    0|    1786|   1989|    0|
+-----------------+---------+-----+--------+-------+-----+
|Available        |      280|  220|  106400|  53200|    0|
+-----------------+---------+-----+--------+-------+-----+
|Utilization (%)  |        0|    0|       1|      3|    0|
+-----------------+---------+-----+--------+-------+-----+

+ Detail: 
    * Instance: 
    +-------------------------------+--------------------------+---------+----+---+-----+-----+
    |            Instance           |          Module          | BRAM_18K| DSP| FF| LUT | URAM|
    +-------------------------------+--------------------------+---------+----+---+-----+-----+
    |sparsemux_65_5_11_1_1_x7_U557  |sparsemux_65_5_11_1_1_x7  |        0|   0|  0|  142|    0|
    +-------------------------------+--------------------------+---------+----+---+-----+-----+
    |Total                          |                          |        0|   0|  0|  142|    0|
    +-------------------------------+--------------------------+---------+----+---+-----+-----+

    * DSP: 
    N/A

    * Memory: 
    N/A

    * FIFO: 
    N/A

    * Expression: 
    +------------------------------+----------+----+---+----+------------+------------+
    |         Variable Name        | Operation| DSP| FF| LUT| Bitwidth P0| Bitwidth P1|
    +------------------------------+----------+----+---+----+------------+------------+
    |and_ln102_1388_fu_689_p2      |       and|   0|  0|   2|           1|           1|
    |and_ln102_1389_fu_506_p2      |       and|   0|  0|   2|           1|           1|
    |and_ln102_1390_fu_557_p2      |       and|   0|  0|   2|           1|           1|
    |and_ln102_1391_fu_703_p2      |       and|   0|  0|   2|           1|           1|
    |and_ln102_1392_fu_823_p2      |       and|   0|  0|   2|           1|           1|
    |and_ln102_1393_fu_520_p2      |       and|   0|  0|   2|           1|           1|
    |and_ln102_1394_fu_530_p2      |       and|   0|  0|   2|           1|           1|
    |and_ln102_1395_fu_576_p2      |       and|   0|  0|   2|           1|           1|
    |and_ln102_1396_fu_713_p2      |       and|   0|  0|   2|           1|           1|
    |and_ln102_1397_fu_717_p2      |       and|   0|  0|   2|           1|           1|
    |and_ln102_1398_fu_847_p2      |       and|   0|  0|   2|           1|           1|
    |and_ln102_1399_fu_965_p2      |       and|   0|  0|   2|           1|           1|
    |and_ln102_1400_fu_1058_p2     |       and|   0|  0|   2|           1|           1|
    |and_ln102_1401_fu_581_p2      |       and|   0|  0|   2|           1|           1|
    |and_ln102_1402_fu_535_p2      |       and|   0|  0|   2|           1|           1|
    |and_ln102_1403_fu_540_p2      |       and|   0|  0|   2|           1|           1|
    |and_ln102_1404_fu_585_p2      |       and|   0|  0|   2|           1|           1|
    |and_ln102_1405_fu_589_p2      |       and|   0|  0|   2|           1|           1|
    |and_ln102_1406_fu_594_p2      |       and|   0|  0|   2|           1|           1|
    |and_ln102_1407_fu_722_p2      |       and|   0|  0|   2|           1|           1|
    |and_ln102_1408_fu_726_p2      |       and|   0|  0|   2|           1|           1|
    |and_ln102_1409_fu_731_p2      |       and|   0|  0|   2|           1|           1|
    |and_ln102_1410_fu_736_p2      |       and|   0|  0|   2|           1|           1|
    |and_ln102_1411_fu_852_p2      |       and|   0|  0|   2|           1|           1|
    |and_ln102_1412_fu_857_p2      |       and|   0|  0|   2|           1|           1|
    |and_ln102_1413_fu_862_p2      |       and|   0|  0|   2|           1|           1|
    |and_ln102_1414_fu_866_p2      |       and|   0|  0|   2|           1|           1|
    |and_ln102_1415_fu_871_p2      |       and|   0|  0|   2|           1|           1|
    |and_ln102_1416_fu_969_p2      |       and|   0|  0|   2|           1|           1|
    |and_ln102_1417_fu_973_p2      |       and|   0|  0|   2|           1|           1|
    |and_ln102_1418_fu_978_p2      |       and|   0|  0|   2|           1|           1|
    |and_ln102_1419_fu_983_p2      |       and|   0|  0|   2|           1|           1|
    |and_ln102_1420_fu_1062_p2     |       and|   0|  0|   2|           1|           1|
    |and_ln102_1421_fu_1067_p2     |       and|   0|  0|   2|           1|           1|
    |and_ln102_1422_fu_1072_p2     |       and|   0|  0|   2|           1|           1|
    |and_ln102_1423_fu_1134_p2     |       and|   0|  0|   2|           1|           1|
    |and_ln102_1424_fu_1139_p2     |       and|   0|  0|   2|           1|           1|
    |and_ln102_fu_490_p2           |       and|   0|  0|   2|           1|           1|
    |and_ln104_200_fu_698_p2       |       and|   0|  0|   2|           1|           1|
    |and_ln104_201_fu_515_p2       |       and|   0|  0|   2|           1|           1|
    |and_ln104_202_fu_566_p2       |       and|   0|  0|   2|           1|           1|
    |and_ln104_203_fu_818_p2       |       and|   0|  0|   2|           1|           1|
    |and_ln104_204_fu_832_p2       |       and|   0|  0|   2|           1|           1|
    |and_ln104_fu_501_p2           |       and|   0|  0|   2|           1|           1|
    |icmp_ln86_1116_fu_310_p2      |      icmp|   0|  0|  25|          18|          11|
    |icmp_ln86_1117_fu_316_p2      |      icmp|   0|  0|  25|          18|           9|
    |icmp_ln86_1118_fu_322_p2      |      icmp|   0|  0|  25|          18|          10|
    |icmp_ln86_1119_fu_328_p2      |      icmp|   0|  0|  25|          18|          10|
    |icmp_ln86_1120_fu_334_p2      |      icmp|   0|  0|  25|          18|          11|
    |icmp_ln86_1121_fu_340_p2      |      icmp|   0|  0|  25|          18|          11|
    |icmp_ln86_1122_fu_346_p2      |      icmp|   0|  0|  25|          18|          10|
    |icmp_ln86_1123_fu_352_p2      |      icmp|   0|  0|  25|          18|           8|
    |icmp_ln86_1124_fu_358_p2      |      icmp|   0|  0|  25|          18|          10|
    |icmp_ln86_1125_fu_364_p2      |      icmp|   0|  0|  25|          18|           5|
    |icmp_ln86_1126_fu_370_p2      |      icmp|   0|  0|  25|          18|           8|
    |icmp_ln86_1127_fu_376_p2      |      icmp|   0|  0|  25|          18|          11|
    |icmp_ln86_1128_fu_382_p2      |      icmp|   0|  0|  25|          18|          10|
    |icmp_ln86_1129_fu_388_p2      |      icmp|   0|  0|  25|          18|          11|
    |icmp_ln86_1130_fu_394_p2      |      icmp|   0|  0|  25|          18|          11|
    |icmp_ln86_1131_fu_400_p2      |      icmp|   0|  0|  25|          18|          10|
    |icmp_ln86_1132_fu_406_p2      |      icmp|   0|  0|  25|          18|           6|
    |icmp_ln86_1133_fu_412_p2      |      icmp|   0|  0|  25|          18|          11|
    |icmp_ln86_1134_fu_418_p2      |      icmp|   0|  0|  25|          18|          10|
    |icmp_ln86_1135_fu_424_p2      |      icmp|   0|  0|  25|          18|           9|
    |icmp_ln86_1136_fu_430_p2      |      icmp|   0|  0|  25|          18|          10|
    |icmp_ln86_1137_fu_436_p2      |      icmp|   0|  0|  25|          18|           9|
    |icmp_ln86_1138_fu_442_p2      |      icmp|   0|  0|  25|          18|           8|
    |icmp_ln86_1139_fu_448_p2      |      icmp|   0|  0|  25|          18|          11|
    |icmp_ln86_1140_fu_454_p2      |      icmp|   0|  0|  25|          18|          11|
    |icmp_ln86_1141_fu_460_p2      |      icmp|   0|  0|  25|          18|           6|
    |icmp_ln86_1142_fu_466_p2      |      icmp|   0|  0|  25|          18|          11|
    |icmp_ln86_1143_fu_472_p2      |      icmp|   0|  0|  25|          18|           6|
    |icmp_ln86_1144_fu_478_p2      |      icmp|   0|  0|  25|          18|          10|
    |icmp_ln86_1145_fu_484_p2      |      icmp|   0|  0|  25|          18|          11|
    |icmp_ln86_fu_304_p2           |      icmp|   0|  0|  25|          18|           9|
    |or_ln117_1000_fu_1093_p2      |        or|   0|  0|   2|           1|           1|
    |or_ln117_1001_fu_1107_p2      |        or|   0|  0|   2|           1|           1|
    |or_ln117_1002_fu_1144_p2      |        or|   0|  0|   2|           1|           1|
    |or_ln117_978_fu_627_p2        |        or|   0|  0|   2|           1|           1|
    |or_ln117_979_fu_639_p2        |        or|   0|  0|   2|           1|           1|
    |or_ln117_980_fu_651_p2        |        or|   0|  0|   2|           1|           1|
    |or_ln117_981_fu_741_p2        |        or|   0|  0|   2|           1|           1|
    |or_ln117_982_fu_684_p2        |        or|   0|  0|   2|           1|           1|
    |or_ln117_983_fu_753_p2        |        or|   0|  0|   2|           1|           1|
    |or_ln117_984_fu_765_p2        |        or|   0|  0|   2|           1|           1|
    |or_ln117_985_fu_777_p2        |        or|   0|  0|   2|           1|           1|
    |or_ln117_986_fu_791_p2        |        or|   0|  0|   2|           1|           1|
    |or_ln117_987_fu_876_p2        |        or|   0|  0|   2|           1|           1|
    |or_ln117_988_fu_892_p2        |        or|   0|  0|   2|           1|           1|
    |or_ln117_989_fu_904_p2        |        or|   0|  0|   2|           1|           1|
    |or_ln117_990_fu_916_p2        |        or|   0|  0|   2|           1|           1|
    |or_ln117_991_fu_930_p2        |        or|   0|  0|   2|           1|           1|
    |or_ln117_992_fu_988_p2        |        or|   0|  0|   2|           1|           1|
    |or_ln117_993_fu_950_p2        |        or|   0|  0|   2|           1|           1|
    |or_ln117_994_fu_1000_p2       |        or|   0|  0|   2|           1|           1|
    |or_ln117_995_fu_956_p2        |        or|   0|  0|   2|           1|           1|
    |or_ln117_996_fu_1020_p2       |        or|   0|  0|   2|           1|           1|
    |or_ln117_997_fu_1032_p2       |        or|   0|  0|   2|           1|           1|
    |or_ln117_998_fu_1077_p2       |        or|   0|  0|   2|           1|           1|
    |or_ln117_999_fu_1082_p2       |        or|   0|  0|   2|           1|           1|
    |or_ln117_fu_546_p2            |        or|   0|  0|   2|           1|           1|
    |agg_result_fu_1156_p66        |    select|   0|  0|   5|           1|           5|
    |select_ln117_1094_fu_616_p3   |    select|   0|  0|   2|           1|           2|
    |select_ln117_1095_fu_632_p3   |    select|   0|  0|   4|           1|           3|
    |select_ln117_1096_fu_643_p3   |    select|   0|  0|   3|           1|           3|
    |select_ln117_1097_fu_657_p3   |    select|   0|  0|   3|           1|           3|
    |select_ln117_1098_fu_665_p3   |    select|   0|  0|   3|           1|           3|
    |select_ln117_1099_fu_677_p3   |    select|   0|  0|   5|           1|           4|
    |select_ln117_1100_fu_746_p3   |    select|   0|  0|   4|           1|           4|
    |select_ln117_1101_fu_758_p3   |    select|   0|  0|   4|           1|           4|
    |select_ln117_1102_fu_769_p3   |    select|   0|  0|   4|           1|           4|
    |select_ln117_1103_fu_783_p3   |    select|   0|  0|   4|           1|           4|
    |select_ln117_1104_fu_797_p3   |    select|   0|  0|   4|           1|           4|
    |select_ln117_1105_fu_805_p3   |    select|   0|  0|   4|           1|           4|
    |select_ln117_1106_fu_881_p3   |    select|   0|  0|   4|           1|           4|
    |select_ln117_1107_fu_897_p3   |    select|   0|  0|   6|           1|           5|
    |select_ln117_1108_fu_908_p3   |    select|   0|  0|   5|           1|           5|
    |select_ln117_1109_fu_922_p3   |    select|   0|  0|   5|           1|           5|
    |select_ln117_1110_fu_934_p3   |    select|   0|  0|   5|           1|           5|
    |select_ln117_1111_fu_942_p3   |    select|   0|  0|   5|           1|           5|
    |select_ln117_1112_fu_993_p3   |    select|   0|  0|   5|           1|           5|
    |select_ln117_1113_fu_1005_p3  |    select|   0|  0|   5|           1|           5|
    |select_ln117_1114_fu_1012_p3  |    select|   0|  0|   5|           1|           5|
    |select_ln117_1115_fu_1025_p3  |    select|   0|  0|   5|           1|           5|
    |select_ln117_1116_fu_1037_p3  |    select|   0|  0|   5|           1|           5|
    |select_ln117_1117_fu_1045_p3  |    select|   0|  0|   5|           1|           5|
    |select_ln117_1118_fu_1086_p3  |    select|   0|  0|   5|           1|           5|
    |select_ln117_1119_fu_1099_p3  |    select|   0|  0|   5|           1|           5|
    |select_ln117_1120_fu_1113_p3  |    select|   0|  0|   5|           1|           5|
    |select_ln117_1121_fu_1121_p3  |    select|   0|  0|   5|           1|           5|
    |select_ln117_fu_609_p3        |    select|   0|  0|   3|           1|           2|
    |xor_ln104_527_fu_496_p2       |       xor|   0|  0|   2|           1|           2|
    |xor_ln104_528_fu_693_p2       |       xor|   0|  0|   2|           1|           2|
    |xor_ln104_529_fu_510_p2       |       xor|   0|  0|   2|           1|           2|
    |xor_ln104_530_fu_561_p2       |       xor|   0|  0|   2|           1|           2|
    |xor_ln104_531_fu_813_p2       |       xor|   0|  0|   2|           1|           2|
    |xor_ln104_532_fu_827_p2       |       xor|   0|  0|   2|           1|           2|
    |xor_ln104_533_fu_525_p2       |       xor|   0|  0|   2|           1|           2|
    |xor_ln104_534_fu_571_p2       |       xor|   0|  0|   2|           1|           2|
    |xor_ln104_535_fu_708_p2       |       xor|   0|  0|   2|           1|           2|
    |xor_ln104_536_fu_837_p2       |       xor|   0|  0|   2|           1|           2|
    |xor_ln104_537_fu_842_p2       |       xor|   0|  0|   2|           1|           2|
    |xor_ln104_538_fu_960_p2       |       xor|   0|  0|   2|           1|           2|
    |xor_ln104_539_fu_1053_p2      |       xor|   0|  0|   2|           1|           2|
    |xor_ln104_540_fu_1129_p2      |       xor|   0|  0|   2|           1|           2|
    |xor_ln104_fu_552_p2           |       xor|   0|  0|   2|           1|           2|
    |xor_ln117_fu_599_p2           |       xor|   0|  0|   2|           2|           1|
    +------------------------------+----------+----+---+----+------------+------------+
    |Total                         |          |   0|  0|1079|         675|         523|
    +------------------------------+----------+----+---+----+------------+------------+

    * Multiplexer: 
    N/A

    * Register: 
    +---------------------------------------+----+----+-----+-----------+
    |                  Name                 | FF | LUT| Bits| Const Bits|
    +---------------------------------------+----+----+-----+-----------+
    |and_ln102_1388_reg_1545                |   1|   0|    1|          0|
    |and_ln102_1389_reg_1482                |   1|   0|    1|          0|
    |and_ln102_1390_reg_1517                |   1|   0|    1|          0|
    |and_ln102_1391_reg_1557                |   1|   0|    1|          0|
    |and_ln102_1392_reg_1584                |   1|   0|    1|          0|
    |and_ln102_1392_reg_1584_pp0_iter5_reg  |   1|   0|    1|          0|
    |and_ln102_1393_reg_1494                |   1|   0|    1|          0|
    |and_ln102_1394_reg_1500                |   1|   0|    1|          0|
    |and_ln102_1395_reg_1529                |   1|   0|    1|          0|
    |and_ln102_1397_reg_1563                |   1|   0|    1|          0|
    |and_ln102_1398_reg_1597                |   1|   0|    1|          0|
    |and_ln102_reg_1466                     |   1|   0|    1|          0|
    |and_ln104_200_reg_1551                 |   1|   0|    1|          0|
    |and_ln104_201_reg_1489                 |   1|   0|    1|          0|
    |and_ln104_202_reg_1523                 |   1|   0|    1|          0|
    |and_ln104_202_reg_1523_pp0_iter3_reg   |   1|   0|    1|          0|
    |and_ln104_203_reg_1579                 |   1|   0|    1|          0|
    |and_ln104_204_reg_1591                 |   1|   0|    1|          0|
    |and_ln104_reg_1476                     |   1|   0|    1|          0|
    |icmp_ln86_1116_reg_1303                |   1|   0|    1|          0|
    |icmp_ln86_1117_reg_1308                |   1|   0|    1|          0|
    |icmp_ln86_1118_reg_1314                |   1|   0|    1|          0|
    |icmp_ln86_1119_reg_1320                |   1|   0|    1|          0|
    |icmp_ln86_1119_reg_1320_pp0_iter1_reg  |   1|   0|    1|          0|
    |icmp_ln86_1120_reg_1326                |   1|   0|    1|          0|
    |icmp_ln86_1121_reg_1332                |   1|   0|    1|          0|
    |icmp_ln86_1122_reg_1338                |   1|   0|    1|          0|
    |icmp_ln86_1123_reg_1344                |   1|   0|    1|          0|
    |icmp_ln86_1123_reg_1344_pp0_iter1_reg  |   1|   0|    1|          0|
    |icmp_ln86_1124_reg_1350                |   1|   0|    1|          0|
    |icmp_ln86_1125_reg_1356                |   1|   0|    1|          0|
    |icmp_ln86_1126_reg_1362                |   1|   0|    1|          0|
    |icmp_ln86_1127_reg_1368                |   1|   0|    1|          0|
    |icmp_ln86_1128_reg_1374                |   1|   0|    1|          0|
    |icmp_ln86_1129_reg_1380                |   1|   0|    1|          0|
    |icmp_ln86_1130_reg_1386                |   1|   0|    1|          0|
    |icmp_ln86_1130_reg_1386_pp0_iter1_reg  |   1|   0|    1|          0|
    |icmp_ln86_1131_reg_1391                |   1|   0|    1|          0|
    |icmp_ln86_1132_reg_1396                |   1|   0|    1|          0|
    |icmp_ln86_1132_reg_1396_pp0_iter1_reg  |   1|   0|    1|          0|
    |icmp_ln86_1133_reg_1401                |   1|   0|    1|          0|
    |icmp_ln86_1133_reg_1401_pp0_iter1_reg  |   1|   0|    1|          0|
    |icmp_ln86_1134_reg_1406                |   1|   0|    1|          0|
    |icmp_ln86_1135_reg_1411                |   1|   0|    1|          0|
    |icmp_ln86_1136_reg_1416                |   1|   0|    1|          0|
    |icmp_ln86_1137_reg_1421                |   1|   0|    1|          0|
    |icmp_ln86_1138_reg_1426                |   1|   0|    1|          0|
    |icmp_ln86_1139_reg_1431                |   1|   0|    1|          0|
    |icmp_ln86_1140_reg_1436                |   1|   0|    1|          0|
    |icmp_ln86_1141_reg_1441                |   1|   0|    1|          0|
    |icmp_ln86_1142_reg_1446                |   1|   0|    1|          0|
    |icmp_ln86_1143_reg_1451                |   1|   0|    1|          0|
    |icmp_ln86_1144_reg_1456                |   1|   0|    1|          0|
    |icmp_ln86_1145_reg_1461                |   1|   0|    1|          0|
    |icmp_ln86_reg_1292                     |   1|   0|    1|          0|
    |or_ln117_1001_reg_1636                 |   1|   0|    1|          0|
    |or_ln117_982_reg_1539                  |   1|   0|    1|          0|
    |or_ln117_986_reg_1569                  |   1|   0|    1|          0|
    |or_ln117_991_reg_1602                  |   1|   0|    1|          0|
    |or_ln117_993_reg_1612                  |   1|   0|    1|          0|
    |or_ln117_995_reg_1618                  |   1|   0|    1|          0|
    |or_ln117_995_reg_1618_pp0_iter5_reg    |   1|   0|    1|          0|
    |or_ln117_997_reg_1626                  |   1|   0|    1|          0|
    |or_ln117_reg_1506                      |   1|   0|    1|          0|
    |p_read1_int_reg                        |  18|   0|   18|          0|
    |p_read2_int_reg                        |  18|   0|   18|          0|
    |p_read3_int_reg                        |  18|   0|   18|          0|
    |p_read4_int_reg                        |  18|   0|   18|          0|
    |p_read5_int_reg                        |  18|   0|   18|          0|
    |p_read6_int_reg                        |  18|   0|   18|          0|
    |p_read7_int_reg                        |  18|   0|   18|          0|
    |p_read8_int_reg                        |  18|   0|   18|          0|
    |p_read9_int_reg                        |  18|   0|   18|          0|
    |select_ln117_1099_reg_1534             |   4|   0|    4|          0|
    |select_ln117_1105_reg_1574             |   4|   0|    4|          0|
    |select_ln117_1111_reg_1607             |   5|   0|    5|          0|
    |select_ln117_1117_reg_1631             |   5|   0|    5|          0|
    |select_ln117_1121_reg_1641             |   5|   0|    5|          0|
    |xor_ln104_reg_1511                     |   1|   0|    1|          0|
    |and_ln102_reg_1466                     |  64|  32|    1|          0|
    |and_ln104_204_reg_1591                 |  64|  32|    1|          0|
    |icmp_ln86_1117_reg_1308                |  64|  32|    1|          0|
    |icmp_ln86_1120_reg_1326                |  64|  32|    1|          0|
    |icmp_ln86_1121_reg_1332                |  64|  32|    1|          0|
    |icmp_ln86_1124_reg_1350                |  64|  32|    1|          0|
    |icmp_ln86_1125_reg_1356                |  64|  32|    1|          0|
    |icmp_ln86_1126_reg_1362                |  64|  32|    1|          0|
    |icmp_ln86_1127_reg_1368                |  64|  32|    1|          0|
    |icmp_ln86_1128_reg_1374                |  64|  32|    1|          0|
    |icmp_ln86_1129_reg_1380                |  64|  32|    1|          0|
    |icmp_ln86_1134_reg_1406                |  64|  32|    1|          0|
    |icmp_ln86_1135_reg_1411                |  64|  32|    1|          0|
    |icmp_ln86_1136_reg_1416                |  64|  32|    1|          0|
    |icmp_ln86_1137_reg_1421                |  64|  32|    1|          0|
    |icmp_ln86_1138_reg_1426                |  64|  32|    1|          0|
    |icmp_ln86_1139_reg_1431                |  64|  32|    1|          0|
    |icmp_ln86_1140_reg_1436                |  64|  32|    1|          0|
    |icmp_ln86_1141_reg_1441                |  64|  32|    1|          0|
    |icmp_ln86_1142_reg_1446                |  64|  32|    1|          0|
    |icmp_ln86_1143_reg_1451                |  64|  32|    1|          0|
    |icmp_ln86_1144_reg_1456                |  64|  32|    1|          0|
    |icmp_ln86_1145_reg_1461                |  64|  32|    1|          0|
    |icmp_ln86_reg_1292                     |  64|  32|    1|          0|
    +---------------------------------------+----+----+-----+-----------+
    |Total                                  |1786| 768|  274|          0|
    +---------------------------------------+----+----+-----+-----------+



================================================================
== Interface
================================================================
* Summary: 
+-----------+-----+-----+------------+----------------------+--------------+
| RTL Ports | Dir | Bits|  Protocol  |     Source Object    |    C Type    |
+-----------+-----+-----+------------+----------------------+--------------+
|ap_clk     |   in|    1|  ap_ctrl_hs|  decision_function.61|  return value|
|ap_rst     |   in|    1|  ap_ctrl_hs|  decision_function.61|  return value|
|ap_return  |  out|   11|  ap_ctrl_hs|  decision_function.61|  return value|
|ap_ce      |   in|    1|  ap_ctrl_hs|  decision_function.61|  return value|
|p_read1    |   in|   18|     ap_none|               p_read1|        scalar|
|p_read2    |   in|   18|     ap_none|               p_read2|        scalar|
|p_read3    |   in|   18|     ap_none|               p_read3|        scalar|
|p_read4    |   in|   18|     ap_none|               p_read4|        scalar|
|p_read5    |   in|   18|     ap_none|               p_read5|        scalar|
|p_read6    |   in|   18|     ap_none|               p_read6|        scalar|
|p_read7    |   in|   18|     ap_none|               p_read7|        scalar|
|p_read8    |   in|   18|     ap_none|               p_read8|        scalar|
|p_read9    |   in|   18|     ap_none|               p_read9|        scalar|
+-----------+-----+-----+------------+----------------------+--------------+

