

================================================================
== Vitis HLS Report for 'decision_function_15'
================================================================
* Date:           Tue Mar 11 16:22:50 2025

* Version:        2024.2 (Build 5238294 on Nov  8 2024)
* Project:        conifer_jettag
* Solution:       solution1 (Vivado IP Flow Target)
* Product family: zynq
* Target device:  xc7z020-clg400-1


================================================================
== Performance Estimates
================================================================
+ Timing: 
    * Summary: 
    +--------+---------+----------+------------+
    |  Clock |  Target | Estimated| Uncertainty|
    +--------+---------+----------+------------+
    |ap_clk  |  5.00 ns|  3.645 ns|     1.35 ns|
    +--------+---------+----------+------------+

+ Latency: 
    * Summary: 
    +---------+---------+-----------+-----------+-----+-----+---------+
    |  Latency (cycles) |   Latency (absolute)  |  Interval | Pipeline|
    |   min   |   max   |    min    |    max    | min | max |   Type  |
    +---------+---------+-----------+-----------+-----+-----+---------+
    |        7|        7|  35.000 ns|  35.000 ns|    1|    1|      yes|
    +---------+---------+-----------+-----------+-----+-----+---------+

    + Detail: 
        * Instance: 
        N/A

        * Loop: 
        N/A



================================================================
== Utilization Estimates
================================================================
* Summary: 
+-----------------+---------+-----+--------+-------+-----+
|       Name      | BRAM_18K| DSP |   FF   |  LUT  | URAM|
+-----------------+---------+-----+--------+-------+-----+
|DSP              |        -|    -|       -|      -|    -|
|Expression       |        -|    -|       0|   1079|    -|
|FIFO             |        -|    -|       -|      -|    -|
|Instance         |        -|    -|       0|    142|    -|
|Memory           |        -|    -|       -|      -|    -|
|Multiplexer      |        -|    -|       -|      -|    -|
|Register         |        -|    -|    1822|    768|    -|
+-----------------+---------+-----+--------+-------+-----+
|Total            |        0|    0|    1822|   1989|    0|
+-----------------+---------+-----+--------+-------+-----+
|Available        |      280|  220|  106400|  53200|    0|
+-----------------+---------+-----+--------+-------+-----+
|Utilization (%)  |        0|    0|       1|      3|    0|
+-----------------+---------+-----+--------+-------+-----+

+ Detail: 
    * Instance: 
    +---------------------------------+---------------------------+---------+----+---+-----+-----+
    |             Instance            |           Module          | BRAM_18K| DSP| FF| LUT | URAM|
    +---------------------------------+---------------------------+---------+----+---+-----+-----+
    |sparsemux_65_5_11_1_1_x20_U1126  |sparsemux_65_5_11_1_1_x20  |        0|   0|  0|  142|    0|
    +---------------------------------+---------------------------+---------+----+---+-----+-----+
    |Total                            |                           |        0|   0|  0|  142|    0|
    +---------------------------------+---------------------------+---------+----+---+-----+-----+

    * DSP: 
    N/A

    * Memory: 
    N/A

    * FIFO: 
    N/A

    * Expression: 
    +-----------------------------+----------+----+---+----+------------+------------+
    |        Variable Name        | Operation| DSP| FF| LUT| Bitwidth P0| Bitwidth P1|
    +-----------------------------+----------+----+---+----+------------+------------+
    |and_ln102_405_fu_707_p2      |       and|   0|  0|   2|           1|           1|
    |and_ln102_406_fu_524_p2      |       and|   0|  0|   2|           1|           1|
    |and_ln102_407_fu_575_p2      |       and|   0|  0|   2|           1|           1|
    |and_ln102_408_fu_721_p2      |       and|   0|  0|   2|           1|           1|
    |and_ln102_409_fu_841_p2      |       and|   0|  0|   2|           1|           1|
    |and_ln102_410_fu_538_p2      |       and|   0|  0|   2|           1|           1|
    |and_ln102_411_fu_548_p2      |       and|   0|  0|   2|           1|           1|
    |and_ln102_412_fu_594_p2      |       and|   0|  0|   2|           1|           1|
    |and_ln102_413_fu_731_p2      |       and|   0|  0|   2|           1|           1|
    |and_ln102_414_fu_735_p2      |       and|   0|  0|   2|           1|           1|
    |and_ln102_415_fu_865_p2      |       and|   0|  0|   2|           1|           1|
    |and_ln102_416_fu_983_p2      |       and|   0|  0|   2|           1|           1|
    |and_ln102_417_fu_1076_p2     |       and|   0|  0|   2|           1|           1|
    |and_ln102_418_fu_599_p2      |       and|   0|  0|   2|           1|           1|
    |and_ln102_419_fu_558_p2      |       and|   0|  0|   2|           1|           1|
    |and_ln102_420_fu_603_p2      |       and|   0|  0|   2|           1|           1|
    |and_ln102_421_fu_612_p2      |       and|   0|  0|   2|           1|           1|
    |and_ln102_422_fu_740_p2      |       and|   0|  0|   2|           1|           1|
    |and_ln102_423_fu_749_p2      |       and|   0|  0|   2|           1|           1|
    |and_ln102_424_fu_754_p2      |       and|   0|  0|   2|           1|           1|
    |and_ln102_425_fu_875_p2      |       and|   0|  0|   2|           1|           1|
    |and_ln102_426_fu_880_p2      |       and|   0|  0|   2|           1|           1|
    |and_ln102_427_fu_889_p2      |       and|   0|  0|   2|           1|           1|
    |and_ln102_428_fu_987_p2      |       and|   0|  0|   2|           1|           1|
    |and_ln102_429_fu_996_p2      |       and|   0|  0|   2|           1|           1|
    |and_ln102_430_fu_1001_p2     |       and|   0|  0|   2|           1|           1|
    |and_ln102_431_fu_1085_p2     |       and|   0|  0|   2|           1|           1|
    |and_ln102_432_fu_1090_p2     |       and|   0|  0|   2|           1|           1|
    |and_ln102_433_fu_1157_p2     |       and|   0|  0|   2|           1|           1|
    |and_ln102_434_fu_553_p2      |       and|   0|  0|   2|           1|           1|
    |and_ln102_435_fu_607_p2      |       and|   0|  0|   2|           1|           1|
    |and_ln102_436_fu_744_p2      |       and|   0|  0|   2|           1|           1|
    |and_ln102_437_fu_870_p2      |       and|   0|  0|   2|           1|           1|
    |and_ln102_438_fu_884_p2      |       and|   0|  0|   2|           1|           1|
    |and_ln102_439_fu_991_p2      |       and|   0|  0|   2|           1|           1|
    |and_ln102_440_fu_1080_p2     |       and|   0|  0|   2|           1|           1|
    |and_ln102_441_fu_1152_p2     |       and|   0|  0|   2|           1|           1|
    |and_ln102_fu_508_p2          |       and|   0|  0|   2|           1|           1|
    |and_ln104_87_fu_716_p2       |       and|   0|  0|   2|           1|           1|
    |and_ln104_88_fu_533_p2       |       and|   0|  0|   2|           1|           1|
    |and_ln104_89_fu_584_p2       |       and|   0|  0|   2|           1|           1|
    |and_ln104_90_fu_836_p2       |       and|   0|  0|   2|           1|           1|
    |and_ln104_91_fu_850_p2       |       and|   0|  0|   2|           1|           1|
    |and_ln104_fu_519_p2          |       and|   0|  0|   2|           1|           1|
    |icmp_ln86_423_fu_328_p2      |      icmp|   0|  0|  25|          18|           9|
    |icmp_ln86_424_fu_334_p2      |      icmp|   0|  0|  25|          18|          10|
    |icmp_ln86_425_fu_340_p2      |      icmp|   0|  0|  25|          18|           9|
    |icmp_ln86_426_fu_346_p2      |      icmp|   0|  0|  25|          18|          10|
    |icmp_ln86_427_fu_352_p2      |      icmp|   0|  0|  25|          18|          12|
    |icmp_ln86_428_fu_358_p2      |      icmp|   0|  0|  25|          18|          11|
    |icmp_ln86_429_fu_364_p2      |      icmp|   0|  0|  25|          18|          11|
    |icmp_ln86_430_fu_370_p2      |      icmp|   0|  0|  25|          18|          10|
    |icmp_ln86_431_fu_376_p2      |      icmp|   0|  0|  25|          18|          11|
    |icmp_ln86_432_fu_382_p2      |      icmp|   0|  0|  25|          18|           9|
    |icmp_ln86_433_fu_388_p2      |      icmp|   0|  0|  25|          18|          11|
    |icmp_ln86_434_fu_394_p2      |      icmp|   0|  0|  25|          18|           8|
    |icmp_ln86_435_fu_400_p2      |      icmp|   0|  0|  25|          18|          10|
    |icmp_ln86_436_fu_406_p2      |      icmp|   0|  0|  25|          18|          12|
    |icmp_ln86_437_fu_412_p2      |      icmp|   0|  0|  25|          18|          10|
    |icmp_ln86_438_fu_418_p2      |      icmp|   0|  0|  25|          18|          10|
    |icmp_ln86_439_fu_424_p2      |      icmp|   0|  0|  25|          18|          10|
    |icmp_ln86_440_fu_430_p2      |      icmp|   0|  0|  25|          18|           9|
    |icmp_ln86_441_fu_436_p2      |      icmp|   0|  0|  25|          18|          12|
    |icmp_ln86_442_fu_442_p2      |      icmp|   0|  0|  25|          18|           9|
    |icmp_ln86_443_fu_448_p2      |      icmp|   0|  0|  25|          18|          12|
    |icmp_ln86_444_fu_454_p2      |      icmp|   0|  0|  25|          18|          10|
    |icmp_ln86_445_fu_460_p2      |      icmp|   0|  0|  25|          18|          11|
    |icmp_ln86_446_fu_466_p2      |      icmp|   0|  0|  25|          18|          10|
    |icmp_ln86_447_fu_472_p2      |      icmp|   0|  0|  25|          18|          10|
    |icmp_ln86_448_fu_478_p2      |      icmp|   0|  0|  25|          18|          11|
    |icmp_ln86_449_fu_484_p2      |      icmp|   0|  0|  25|          18|          12|
    |icmp_ln86_450_fu_490_p2      |      icmp|   0|  0|  25|          18|          12|
    |icmp_ln86_451_fu_496_p2      |      icmp|   0|  0|  25|          18|          11|
    |icmp_ln86_452_fu_502_p2      |      icmp|   0|  0|  25|          18|          11|
    |icmp_ln86_fu_322_p2          |      icmp|   0|  0|  25|          18|          10|
    |or_ln117_395_fu_645_p2       |        or|   0|  0|   2|           1|           1|
    |or_ln117_396_fu_657_p2       |        or|   0|  0|   2|           1|           1|
    |or_ln117_397_fu_669_p2       |        or|   0|  0|   2|           1|           1|
    |or_ln117_398_fu_759_p2       |        or|   0|  0|   2|           1|           1|
    |or_ln117_399_fu_702_p2       |        or|   0|  0|   2|           1|           1|
    |or_ln117_400_fu_771_p2       |        or|   0|  0|   2|           1|           1|
    |or_ln117_401_fu_783_p2       |        or|   0|  0|   2|           1|           1|
    |or_ln117_402_fu_795_p2       |        or|   0|  0|   2|           1|           1|
    |or_ln117_403_fu_809_p2       |        or|   0|  0|   2|           1|           1|
    |or_ln117_404_fu_894_p2       |        or|   0|  0|   2|           1|           1|
    |or_ln117_405_fu_910_p2       |        or|   0|  0|   2|           1|           1|
    |or_ln117_406_fu_922_p2       |        or|   0|  0|   2|           1|           1|
    |or_ln117_407_fu_934_p2       |        or|   0|  0|   2|           1|           1|
    |or_ln117_408_fu_948_p2       |        or|   0|  0|   2|           1|           1|
    |or_ln117_409_fu_1006_p2      |        or|   0|  0|   2|           1|           1|
    |or_ln117_410_fu_968_p2       |        or|   0|  0|   2|           1|           1|
    |or_ln117_411_fu_1018_p2      |        or|   0|  0|   2|           1|           1|
    |or_ln117_412_fu_974_p2       |        or|   0|  0|   2|           1|           1|
    |or_ln117_413_fu_1038_p2      |        or|   0|  0|   2|           1|           1|
    |or_ln117_414_fu_1050_p2      |        or|   0|  0|   2|           1|           1|
    |or_ln117_415_fu_1095_p2      |        or|   0|  0|   2|           1|           1|
    |or_ln117_416_fu_1100_p2      |        or|   0|  0|   2|           1|           1|
    |or_ln117_417_fu_1111_p2      |        or|   0|  0|   2|           1|           1|
    |or_ln117_418_fu_1125_p2      |        or|   0|  0|   2|           1|           1|
    |or_ln117_419_fu_1162_p2      |        or|   0|  0|   2|           1|           1|
    |or_ln117_fu_564_p2           |        or|   0|  0|   2|           1|           1|
    |agg_result_fu_1174_p66       |    select|   0|  0|   5|           1|           5|
    |select_ln117_408_fu_634_p3   |    select|   0|  0|   2|           1|           2|
    |select_ln117_409_fu_650_p3   |    select|   0|  0|   4|           1|           3|
    |select_ln117_410_fu_661_p3   |    select|   0|  0|   3|           1|           3|
    |select_ln117_411_fu_675_p3   |    select|   0|  0|   3|           1|           3|
    |select_ln117_412_fu_683_p3   |    select|   0|  0|   3|           1|           3|
    |select_ln117_413_fu_695_p3   |    select|   0|  0|   5|           1|           4|
    |select_ln117_414_fu_764_p3   |    select|   0|  0|   4|           1|           4|
    |select_ln117_415_fu_776_p3   |    select|   0|  0|   4|           1|           4|
    |select_ln117_416_fu_787_p3   |    select|   0|  0|   4|           1|           4|
    |select_ln117_417_fu_801_p3   |    select|   0|  0|   4|           1|           4|
    |select_ln117_418_fu_815_p3   |    select|   0|  0|   4|           1|           4|
    |select_ln117_419_fu_823_p3   |    select|   0|  0|   4|           1|           4|
    |select_ln117_420_fu_899_p3   |    select|   0|  0|   4|           1|           4|
    |select_ln117_421_fu_915_p3   |    select|   0|  0|   6|           1|           5|
    |select_ln117_422_fu_926_p3   |    select|   0|  0|   5|           1|           5|
    |select_ln117_423_fu_940_p3   |    select|   0|  0|   5|           1|           5|
    |select_ln117_424_fu_952_p3   |    select|   0|  0|   5|           1|           5|
    |select_ln117_425_fu_960_p3   |    select|   0|  0|   5|           1|           5|
    |select_ln117_426_fu_1011_p3  |    select|   0|  0|   5|           1|           5|
    |select_ln117_427_fu_1023_p3  |    select|   0|  0|   5|           1|           5|
    |select_ln117_428_fu_1030_p3  |    select|   0|  0|   5|           1|           5|
    |select_ln117_429_fu_1043_p3  |    select|   0|  0|   5|           1|           5|
    |select_ln117_430_fu_1055_p3  |    select|   0|  0|   5|           1|           5|
    |select_ln117_431_fu_1063_p3  |    select|   0|  0|   5|           1|           5|
    |select_ln117_432_fu_1104_p3  |    select|   0|  0|   5|           1|           5|
    |select_ln117_433_fu_1117_p3  |    select|   0|  0|   5|           1|           5|
    |select_ln117_434_fu_1131_p3  |    select|   0|  0|   5|           1|           5|
    |select_ln117_435_fu_1139_p3  |    select|   0|  0|   5|           1|           5|
    |select_ln117_fu_627_p3       |    select|   0|  0|   3|           1|           2|
    |xor_ln104_205_fu_514_p2      |       xor|   0|  0|   2|           1|           2|
    |xor_ln104_206_fu_711_p2      |       xor|   0|  0|   2|           1|           2|
    |xor_ln104_207_fu_528_p2      |       xor|   0|  0|   2|           1|           2|
    |xor_ln104_208_fu_579_p2      |       xor|   0|  0|   2|           1|           2|
    |xor_ln104_209_fu_831_p2      |       xor|   0|  0|   2|           1|           2|
    |xor_ln104_210_fu_845_p2      |       xor|   0|  0|   2|           1|           2|
    |xor_ln104_211_fu_543_p2      |       xor|   0|  0|   2|           1|           2|
    |xor_ln104_212_fu_589_p2      |       xor|   0|  0|   2|           1|           2|
    |xor_ln104_213_fu_726_p2      |       xor|   0|  0|   2|           1|           2|
    |xor_ln104_214_fu_855_p2      |       xor|   0|  0|   2|           1|           2|
    |xor_ln104_215_fu_860_p2      |       xor|   0|  0|   2|           1|           2|
    |xor_ln104_216_fu_978_p2      |       xor|   0|  0|   2|           1|           2|
    |xor_ln104_217_fu_1071_p2     |       xor|   0|  0|   2|           1|           2|
    |xor_ln104_218_fu_1147_p2     |       xor|   0|  0|   2|           1|           2|
    |xor_ln104_fu_570_p2          |       xor|   0|  0|   2|           1|           2|
    |xor_ln117_fu_617_p2          |       xor|   0|  0|   2|           2|           1|
    +-----------------------------+----------+----+---+----+------------+------------+
    |Total                        |          |   0|  0|1079|         675|         552|
    +-----------------------------+----------+----+---+----+------------+------------+

    * Multiplexer: 
    N/A

    * Register: 
    +--------------------------------------+----+----+-----+-----------+
    |                 Name                 | FF | LUT| Bits| Const Bits|
    +--------------------------------------+----+----+-----+-----------+
    |and_ln102_405_reg_1563                |   1|   0|    1|          0|
    |and_ln102_406_reg_1500                |   1|   0|    1|          0|
    |and_ln102_407_reg_1535                |   1|   0|    1|          0|
    |and_ln102_408_reg_1575                |   1|   0|    1|          0|
    |and_ln102_409_reg_1602                |   1|   0|    1|          0|
    |and_ln102_409_reg_1602_pp0_iter5_reg  |   1|   0|    1|          0|
    |and_ln102_410_reg_1512                |   1|   0|    1|          0|
    |and_ln102_411_reg_1518                |   1|   0|    1|          0|
    |and_ln102_412_reg_1547                |   1|   0|    1|          0|
    |and_ln102_414_reg_1581                |   1|   0|    1|          0|
    |and_ln102_415_reg_1615                |   1|   0|    1|          0|
    |and_ln102_reg_1484                    |   1|   0|    1|          0|
    |and_ln104_87_reg_1569                 |   1|   0|    1|          0|
    |and_ln104_88_reg_1507                 |   1|   0|    1|          0|
    |and_ln104_89_reg_1541                 |   1|   0|    1|          0|
    |and_ln104_89_reg_1541_pp0_iter3_reg   |   1|   0|    1|          0|
    |and_ln104_90_reg_1597                 |   1|   0|    1|          0|
    |and_ln104_91_reg_1609                 |   1|   0|    1|          0|
    |and_ln104_reg_1494                    |   1|   0|    1|          0|
    |icmp_ln86_423_reg_1321                |   1|   0|    1|          0|
    |icmp_ln86_424_reg_1326                |   1|   0|    1|          0|
    |icmp_ln86_425_reg_1332                |   1|   0|    1|          0|
    |icmp_ln86_426_reg_1338                |   1|   0|    1|          0|
    |icmp_ln86_426_reg_1338_pp0_iter1_reg  |   1|   0|    1|          0|
    |icmp_ln86_427_reg_1344                |   1|   0|    1|          0|
    |icmp_ln86_428_reg_1350                |   1|   0|    1|          0|
    |icmp_ln86_429_reg_1356                |   1|   0|    1|          0|
    |icmp_ln86_430_reg_1362                |   1|   0|    1|          0|
    |icmp_ln86_430_reg_1362_pp0_iter1_reg  |   1|   0|    1|          0|
    |icmp_ln86_431_reg_1368                |   1|   0|    1|          0|
    |icmp_ln86_432_reg_1374                |   1|   0|    1|          0|
    |icmp_ln86_433_reg_1380                |   1|   0|    1|          0|
    |icmp_ln86_434_reg_1386                |   1|   0|    1|          0|
    |icmp_ln86_435_reg_1392                |   1|   0|    1|          0|
    |icmp_ln86_436_reg_1398                |   1|   0|    1|          0|
    |icmp_ln86_437_reg_1404                |   1|   0|    1|          0|
    |icmp_ln86_437_reg_1404_pp0_iter1_reg  |   1|   0|    1|          0|
    |icmp_ln86_438_reg_1409                |   1|   0|    1|          0|
    |icmp_ln86_439_reg_1414                |   1|   0|    1|          0|
    |icmp_ln86_439_reg_1414_pp0_iter1_reg  |   1|   0|    1|          0|
    |icmp_ln86_440_reg_1419                |   1|   0|    1|          0|
    |icmp_ln86_440_reg_1419_pp0_iter1_reg  |   1|   0|    1|          0|
    |icmp_ln86_441_reg_1424                |   1|   0|    1|          0|
    |icmp_ln86_442_reg_1429                |   1|   0|    1|          0|
    |icmp_ln86_443_reg_1434                |   1|   0|    1|          0|
    |icmp_ln86_444_reg_1439                |   1|   0|    1|          0|
    |icmp_ln86_445_reg_1444                |   1|   0|    1|          0|
    |icmp_ln86_446_reg_1449                |   1|   0|    1|          0|
    |icmp_ln86_447_reg_1454                |   1|   0|    1|          0|
    |icmp_ln86_448_reg_1459                |   1|   0|    1|          0|
    |icmp_ln86_449_reg_1464                |   1|   0|    1|          0|
    |icmp_ln86_450_reg_1469                |   1|   0|    1|          0|
    |icmp_ln86_451_reg_1474                |   1|   0|    1|          0|
    |icmp_ln86_452_reg_1479                |   1|   0|    1|          0|
    |icmp_ln86_reg_1310                    |   1|   0|    1|          0|
    |or_ln117_399_reg_1557                 |   1|   0|    1|          0|
    |or_ln117_403_reg_1587                 |   1|   0|    1|          0|
    |or_ln117_408_reg_1620                 |   1|   0|    1|          0|
    |or_ln117_410_reg_1630                 |   1|   0|    1|          0|
    |or_ln117_412_reg_1636                 |   1|   0|    1|          0|
    |or_ln117_412_reg_1636_pp0_iter5_reg   |   1|   0|    1|          0|
    |or_ln117_414_reg_1644                 |   1|   0|    1|          0|
    |or_ln117_418_reg_1654                 |   1|   0|    1|          0|
    |or_ln117_reg_1524                     |   1|   0|    1|          0|
    |p_read10_int_reg                      |  18|   0|   18|          0|
    |p_read11_int_reg                      |  18|   0|   18|          0|
    |p_read1_int_reg                       |  18|   0|   18|          0|
    |p_read2_int_reg                       |  18|   0|   18|          0|
    |p_read3_int_reg                       |  18|   0|   18|          0|
    |p_read4_int_reg                       |  18|   0|   18|          0|
    |p_read5_int_reg                       |  18|   0|   18|          0|
    |p_read6_int_reg                       |  18|   0|   18|          0|
    |p_read7_int_reg                       |  18|   0|   18|          0|
    |p_read8_int_reg                       |  18|   0|   18|          0|
    |p_read9_int_reg                       |  18|   0|   18|          0|
    |select_ln117_413_reg_1552             |   4|   0|    4|          0|
    |select_ln117_419_reg_1592             |   4|   0|    4|          0|
    |select_ln117_425_reg_1625             |   5|   0|    5|          0|
    |select_ln117_431_reg_1649             |   5|   0|    5|          0|
    |select_ln117_435_reg_1659             |   5|   0|    5|          0|
    |xor_ln104_reg_1529                    |   1|   0|    1|          0|
    |and_ln102_reg_1484                    |  64|  32|    1|          0|
    |and_ln104_91_reg_1609                 |  64|  32|    1|          0|
    |icmp_ln86_424_reg_1326                |  64|  32|    1|          0|
    |icmp_ln86_427_reg_1344                |  64|  32|    1|          0|
    |icmp_ln86_428_reg_1350                |  64|  32|    1|          0|
    |icmp_ln86_431_reg_1368                |  64|  32|    1|          0|
    |icmp_ln86_432_reg_1374                |  64|  32|    1|          0|
    |icmp_ln86_433_reg_1380                |  64|  32|    1|          0|
    |icmp_ln86_434_reg_1386                |  64|  32|    1|          0|
    |icmp_ln86_435_reg_1392                |  64|  32|    1|          0|
    |icmp_ln86_436_reg_1398                |  64|  32|    1|          0|
    |icmp_ln86_441_reg_1424                |  64|  32|    1|          0|
    |icmp_ln86_442_reg_1429                |  64|  32|    1|          0|
    |icmp_ln86_443_reg_1434                |  64|  32|    1|          0|
    |icmp_ln86_444_reg_1439                |  64|  32|    1|          0|
    |icmp_ln86_445_reg_1444                |  64|  32|    1|          0|
    |icmp_ln86_446_reg_1449                |  64|  32|    1|          0|
    |icmp_ln86_447_reg_1454                |  64|  32|    1|          0|
    |icmp_ln86_448_reg_1459                |  64|  32|    1|          0|
    |icmp_ln86_449_reg_1464                |  64|  32|    1|          0|
    |icmp_ln86_450_reg_1469                |  64|  32|    1|          0|
    |icmp_ln86_451_reg_1474                |  64|  32|    1|          0|
    |icmp_ln86_452_reg_1479                |  64|  32|    1|          0|
    |icmp_ln86_reg_1310                    |  64|  32|    1|          0|
    +--------------------------------------+----+----+-----+-----------+
    |Total                                 |1822| 768|  310|          0|
    +--------------------------------------+----+----+-----+-----------+



================================================================
== Interface
================================================================
* Summary: 
+-----------+-----+-----+------------+----------------------+--------------+
| RTL Ports | Dir | Bits|  Protocol  |     Source Object    |    C Type    |
+-----------+-----+-----+------------+----------------------+--------------+
|ap_clk     |   in|    1|  ap_ctrl_hs|  decision_function.15|  return value|
|ap_rst     |   in|    1|  ap_ctrl_hs|  decision_function.15|  return value|
|ap_return  |  out|   11|  ap_ctrl_hs|  decision_function.15|  return value|
|ap_ce      |   in|    1|  ap_ctrl_hs|  decision_function.15|  return value|
|p_read1    |   in|   18|     ap_none|               p_read1|        scalar|
|p_read2    |   in|   18|     ap_none|               p_read2|        scalar|
|p_read3    |   in|   18|     ap_none|               p_read3|        scalar|
|p_read4    |   in|   18|     ap_none|               p_read4|        scalar|
|p_read5    |   in|   18|     ap_none|               p_read5|        scalar|
|p_read6    |   in|   18|     ap_none|               p_read6|        scalar|
|p_read7    |   in|   18|     ap_none|               p_read7|        scalar|
|p_read8    |   in|   18|     ap_none|               p_read8|        scalar|
|p_read9    |   in|   18|     ap_none|               p_read9|        scalar|
|p_read10   |   in|   18|     ap_none|              p_read10|        scalar|
|p_read11   |   in|   18|     ap_none|              p_read11|        scalar|
+-----------+-----+-----+------------+----------------------+--------------+

