

================================================================
== Vitis HLS Report for 'decision_function_4'
================================================================
* Date:           Tue Mar 11 16:22:55 2025

* Version:        2024.2 (Build 5238294 on Nov  8 2024)
* Project:        conifer_jettag
* Solution:       solution1 (Vivado IP Flow Target)
* Product family: zynq
* Target device:  xc7z020-clg400-1


================================================================
== Performance Estimates
================================================================
+ Timing: 
    * Summary: 
    +--------+---------+----------+------------+
    |  Clock |  Target | Estimated| Uncertainty|
    +--------+---------+----------+------------+
    |ap_clk  |  5.00 ns|  3.645 ns|     1.35 ns|
    +--------+---------+----------+------------+

+ Latency: 
    * Summary: 
    +---------+---------+-----------+-----------+-----+-----+---------+
    |  Latency (cycles) |   Latency (absolute)  |  Interval | Pipeline|
    |   min   |   max   |    min    |    max    | min | max |   Type  |
    +---------+---------+-----------+-----------+-----+-----+---------+
    |        6|        6|  30.000 ns|  30.000 ns|    1|    1|      yes|
    +---------+---------+-----------+-----------+-----+-----+---------+

    + Detail: 
        * Instance: 
        N/A

        * Loop: 
        N/A



================================================================
== Utilization Estimates
================================================================
* Summary: 
+-----------------+---------+-----+--------+-------+-----+
|       Name      | BRAM_18K| DSP |   FF   |  LUT  | URAM|
+-----------------+---------+-----+--------+-------+-----+
|DSP              |        -|    -|       -|      -|    -|
|Expression       |        -|    -|       0|    857|    -|
|FIFO             |        -|    -|       -|      -|    -|
|Instance         |        -|    -|       0|    117|    -|
|Memory           |        -|    -|       -|      -|    -|
|Multiplexer      |        -|    -|       -|      -|    -|
|Register         |        -|    -|    1251|    480|    -|
+-----------------+---------+-----+--------+-------+-----+
|Total            |        0|    0|    1251|   1454|    0|
+-----------------+---------+-----+--------+-------+-----+
|Available        |      280|  220|  106400|  53200|    0|
+-----------------+---------+-----+--------+-------+-----+
|Utilization (%)  |        0|    0|       1|      2|    0|
+-----------------+---------+-----+--------+-------+-----+

+ Detail: 
    * Instance: 
    +-----------------------------+-----------------------+---------+----+---+-----+-----+
    |           Instance          |         Module        | BRAM_18K| DSP| FF| LUT | URAM|
    +-----------------------------+-----------------------+---------+----+---+-----+-----+
    |sparsemux_53_5_12_1_1_U1260  |sparsemux_53_5_12_1_1  |        0|   0|  0|  117|    0|
    +-----------------------------+-----------------------+---------+----+---+-----+-----+
    |Total                        |                       |        0|   0|  0|  117|    0|
    +-----------------------------+-----------------------+---------+----+---+-----+-----+

    * DSP: 
    N/A

    * Memory: 
    N/A

    * FIFO: 
    N/A

    * Expression: 
    +----------------------------+----------+----+---+----+------------+------------+
    |        Variable Name       | Operation| DSP| FF| LUT| Bitwidth P0| Bitwidth P1|
    +----------------------------+----------+----+---+----+------------+------------+
    |and_ln102_113_fu_479_p2     |       and|   0|  0|   2|           1|           1|
    |and_ln102_114_fu_495_p2     |       and|   0|  0|   2|           1|           1|
    |and_ln102_115_fu_583_p2     |       and|   0|  0|   2|           1|           1|
    |and_ln102_116_fu_509_p2     |       and|   0|  0|   2|           1|           1|
    |and_ln102_117_fu_721_p2     |       and|   0|  0|   2|           1|           1|
    |and_ln102_118_fu_514_p2     |       and|   0|  0|   2|           1|           1|
    |and_ln102_119_fu_519_p2     |       and|   0|  0|   2|           1|           1|
    |and_ln102_120_fu_607_p2     |       and|   0|  0|   2|           1|           1|
    |and_ln102_121_fu_740_p2     |       and|   0|  0|   2|           1|           1|
    |and_ln102_122_fu_744_p2     |       and|   0|  0|   2|           1|           1|
    |and_ln102_123_fu_948_p2     |       and|   0|  0|   2|           1|           1|
    |and_ln102_124_fu_524_p2     |       and|   0|  0|   2|           1|           1|
    |and_ln102_125_fu_617_p2     |       and|   0|  0|   2|           1|           1|
    |and_ln102_126_fu_622_p2     |       and|   0|  0|   2|           1|           1|
    |and_ln102_127_fu_631_p2     |       and|   0|  0|   2|           1|           1|
    |and_ln102_128_fu_749_p2     |       and|   0|  0|   2|           1|           1|
    |and_ln102_129_fu_758_p2     |       and|   0|  0|   2|           1|           1|
    |and_ln102_130_fu_763_p2     |       and|   0|  0|   2|           1|           1|
    |and_ln102_131_fu_859_p2     |       and|   0|  0|   2|           1|           1|
    |and_ln102_132_fu_864_p2     |       and|   0|  0|   2|           1|           1|
    |and_ln102_133_fu_873_p2     |       and|   0|  0|   2|           1|           1|
    |and_ln102_134_fu_952_p2     |       and|   0|  0|   2|           1|           1|
    |and_ln102_135_fu_992_p2     |       and|   0|  0|   2|           1|           1|
    |and_ln102_136_fu_612_p2     |       and|   0|  0|   2|           1|           1|
    |and_ln102_137_fu_626_p2     |       and|   0|  0|   2|           1|           1|
    |and_ln102_138_fu_753_p2     |       and|   0|  0|   2|           1|           1|
    |and_ln102_139_fu_854_p2     |       and|   0|  0|   2|           1|           1|
    |and_ln102_140_fu_868_p2     |       and|   0|  0|   2|           1|           1|
    |and_ln102_141_fu_987_p2     |       and|   0|  0|   2|           1|           1|
    |and_ln102_fu_458_p2         |       and|   0|  0|   2|           1|           1|
    |and_ln104_25_fu_489_p2      |       and|   0|  0|   2|           1|           1|
    |and_ln104_26_fu_504_p2      |       and|   0|  0|   2|           1|           1|
    |and_ln104_27_fu_592_p2      |       and|   0|  0|   2|           1|           1|
    |and_ln104_28_fu_730_p2      |       and|   0|  0|   2|           1|           1|
    |and_ln104_fu_474_p2         |       and|   0|  0|   2|           1|           1|
    |icmp_ln86_117_fu_304_p2     |      icmp|   0|  0|  25|          18|          12|
    |icmp_ln86_118_fu_310_p2     |      icmp|   0|  0|  25|          18|           9|
    |icmp_ln86_119_fu_316_p2     |      icmp|   0|  0|  25|          18|          11|
    |icmp_ln86_120_fu_322_p2     |      icmp|   0|  0|  25|          18|          12|
    |icmp_ln86_121_fu_328_p2     |      icmp|   0|  0|  25|          18|          10|
    |icmp_ln86_122_fu_334_p2     |      icmp|   0|  0|  25|          18|          11|
    |icmp_ln86_123_fu_340_p2     |      icmp|   0|  0|  25|          18|          12|
    |icmp_ln86_124_fu_346_p2     |      icmp|   0|  0|  25|          18|          11|
    |icmp_ln86_125_fu_352_p2     |      icmp|   0|  0|  25|          18|           8|
    |icmp_ln86_126_fu_358_p2     |      icmp|   0|  0|  25|          18|          12|
    |icmp_ln86_127_fu_364_p2     |      icmp|   0|  0|  25|          18|          10|
    |icmp_ln86_128_fu_370_p2     |      icmp|   0|  0|  25|          18|          10|
    |icmp_ln86_129_fu_376_p2     |      icmp|   0|  0|  25|          18|          11|
    |icmp_ln86_130_fu_382_p2     |      icmp|   0|  0|  25|          18|          11|
    |icmp_ln86_131_fu_388_p2     |      icmp|   0|  0|  25|          18|          11|
    |icmp_ln86_132_fu_394_p2     |      icmp|   0|  0|  25|          18|          11|
    |icmp_ln86_133_fu_400_p2     |      icmp|   0|  0|  25|          18|          12|
    |icmp_ln86_135_fu_422_p2     |      icmp|   0|  0|  25|          18|          11|
    |icmp_ln86_136_fu_428_p2     |      icmp|   0|  0|  25|          18|          12|
    |icmp_ln86_137_fu_434_p2     |      icmp|   0|  0|  25|          18|          10|
    |icmp_ln86_138_fu_440_p2     |      icmp|   0|  0|  25|          18|          11|
    |icmp_ln86_139_fu_446_p2     |      icmp|   0|  0|  25|          18|          10|
    |icmp_ln86_140_fu_452_p2     |      icmp|   0|  0|  25|          18|          12|
    |icmp_ln86_1459_fu_416_p2    |      icmp|   0|  0|  13|          10|           1|
    |icmp_ln86_fu_298_p2         |      icmp|   0|  0|  25|          18|          12|
    |or_ln117_112_fu_553_p2      |        or|   0|  0|   2|           1|           1|
    |or_ln117_113_fu_639_p2      |        or|   0|  0|   2|           1|           1|
    |or_ln117_114_fu_567_p2      |        or|   0|  0|   2|           1|           1|
    |or_ln117_115_fu_659_p2      |        or|   0|  0|   2|           1|           1|
    |or_ln117_116_fu_671_p2      |        or|   0|  0|   2|           1|           1|
    |or_ln117_117_fu_687_p2      |        or|   0|  0|   2|           1|           1|
    |or_ln117_118_fu_573_p2      |        or|   0|  0|   2|           1|           1|
    |or_ln117_119_fu_768_p2      |        or|   0|  0|   2|           1|           1|
    |or_ln117_120_fu_716_p2      |        or|   0|  0|   2|           1|           1|
    |or_ln117_121_fu_780_p2      |        or|   0|  0|   2|           1|           1|
    |or_ln117_122_fu_792_p2      |        or|   0|  0|   2|           1|           1|
    |or_ln117_123_fu_804_p2      |        or|   0|  0|   2|           1|           1|
    |or_ln117_124_fu_818_p2      |        or|   0|  0|   2|           1|           1|
    |or_ln117_125_fu_878_p2      |        or|   0|  0|   2|           1|           1|
    |or_ln117_126_fu_578_p2      |        or|   0|  0|   2|           1|           1|
    |or_ln117_127_fu_890_p2      |        or|   0|  0|   2|           1|           1|
    |or_ln117_128_fu_902_p2      |        or|   0|  0|   2|           1|           1|
    |or_ln117_129_fu_914_p2      |        or|   0|  0|   2|           1|           1|
    |or_ln117_130_fu_928_p2      |        or|   0|  0|   2|           1|           1|
    |or_ln117_131_fu_957_p2      |        or|   0|  0|   2|           1|           1|
    |or_ln117_132_fu_962_p2      |        or|   0|  0|   2|           1|           1|
    |or_ln117_133_fu_997_p2      |        or|   0|  0|   2|           1|           1|
    |or_ln117_fu_539_p2          |        or|   0|  0|   2|           1|           1|
    |agg_result_fu_1009_p54      |    select|   0|  0|   5|           1|           5|
    |select_ln117_113_fu_559_p3  |    select|   0|  0|   2|           1|           2|
    |select_ln117_114_fu_644_p3  |    select|   0|  0|   4|           1|           3|
    |select_ln117_115_fu_651_p3  |    select|   0|  0|   3|           1|           3|
    |select_ln117_116_fu_664_p3  |    select|   0|  0|   3|           1|           3|
    |select_ln117_117_fu_675_p3  |    select|   0|  0|   3|           1|           3|
    |select_ln117_118_fu_693_p3  |    select|   0|  0|   5|           1|           4|
    |select_ln117_119_fu_701_p3  |    select|   0|  0|   4|           1|           4|
    |select_ln117_120_fu_709_p3  |    select|   0|  0|   4|           1|           4|
    |select_ln117_121_fu_773_p3  |    select|   0|  0|   4|           1|           4|
    |select_ln117_122_fu_785_p3  |    select|   0|  0|   4|           1|           4|
    |select_ln117_123_fu_796_p3  |    select|   0|  0|   4|           1|           4|
    |select_ln117_124_fu_810_p3  |    select|   0|  0|   4|           1|           4|
    |select_ln117_125_fu_824_p3  |    select|   0|  0|   4|           1|           4|
    |select_ln117_126_fu_836_p3  |    select|   0|  0|   6|           1|           5|
    |select_ln117_127_fu_883_p3  |    select|   0|  0|   5|           1|           5|
    |select_ln117_128_fu_895_p3  |    select|   0|  0|   5|           1|           5|
    |select_ln117_129_fu_906_p3  |    select|   0|  0|   5|           1|           5|
    |select_ln117_130_fu_920_p3  |    select|   0|  0|   5|           1|           5|
    |select_ln117_131_fu_932_p3  |    select|   0|  0|   5|           1|           5|
    |select_ln117_132_fu_940_p3  |    select|   0|  0|   5|           1|           5|
    |select_ln117_133_fu_967_p3  |    select|   0|  0|   5|           1|           5|
    |select_ln117_134_fu_974_p3  |    select|   0|  0|   5|           1|           5|
    |select_ln117_fu_545_p3      |    select|   0|  0|   3|           1|           2|
    |xor_ln104_57_fu_469_p2      |       xor|   0|  0|   2|           1|           2|
    |xor_ln104_58_fu_484_p2      |       xor|   0|  0|   2|           1|           2|
    |xor_ln104_59_fu_499_p2      |       xor|   0|  0|   2|           1|           2|
    |xor_ln104_60_fu_587_p2      |       xor|   0|  0|   2|           1|           2|
    |xor_ln104_61_fu_725_p2      |       xor|   0|  0|   2|           1|           2|
    |xor_ln104_62_fu_597_p2      |       xor|   0|  0|   2|           1|           2|
    |xor_ln104_63_fu_602_p2      |       xor|   0|  0|   2|           1|           2|
    |xor_ln104_64_fu_735_p2      |       xor|   0|  0|   2|           1|           2|
    |xor_ln104_65_fu_844_p2      |       xor|   0|  0|   2|           1|           2|
    |xor_ln104_66_fu_849_p2      |       xor|   0|  0|   2|           1|           2|
    |xor_ln104_67_fu_982_p2      |       xor|   0|  0|   2|           1|           2|
    |xor_ln104_fu_464_p2         |       xor|   0|  0|   2|           1|           2|
    |xor_ln117_fu_529_p2         |       xor|   0|  0|   2|           2|           1|
    +----------------------------+----------+----+---+----+------------+------------+
    |Total                       |          |   0|  0| 857|         538|         444|
    +----------------------------+----------+----+---+----+------------+------------+

    * Multiplexer: 
    N/A

    * Register: 
    +--------------------------------------+----+----+-----+-----------+
    |                 Name                 | FF | LUT| Bits| Const Bits|
    +--------------------------------------+----+----+-----+-----------+
    |and_ln102_114_reg_1277                |   1|   0|    1|          0|
    |and_ln102_115_reg_1327                |   1|   0|    1|          0|
    |and_ln102_117_reg_1355                |   1|   0|    1|          0|
    |and_ln102_119_reg_1287                |   1|   0|    1|          0|
    |and_ln102_120_reg_1339                |   1|   0|    1|          0|
    |and_ln102_122_reg_1367                |   1|   0|    1|          0|
    |and_ln102_reg_1258                    |   1|   0|    1|          0|
    |and_ln104_25_reg_1271                 |   1|   0|    1|          0|
    |and_ln104_25_reg_1271_pp0_iter2_reg   |   1|   0|    1|          0|
    |and_ln104_26_reg_1282                 |   1|   0|    1|          0|
    |and_ln104_27_reg_1333                 |   1|   0|    1|          0|
    |and_ln104_27_reg_1333_pp0_iter3_reg   |   1|   0|    1|          0|
    |and_ln104_28_reg_1361                 |   1|   0|    1|          0|
    |and_ln104_reg_1265                    |   1|   0|    1|          0|
    |icmp_ln86_117_reg_1128                |   1|   0|    1|          0|
    |icmp_ln86_118_reg_1133                |   1|   0|    1|          0|
    |icmp_ln86_119_reg_1139                |   1|   0|    1|          0|
    |icmp_ln86_120_reg_1145                |   1|   0|    1|          0|
    |icmp_ln86_120_reg_1145_pp0_iter1_reg  |   1|   0|    1|          0|
    |icmp_ln86_121_reg_1151                |   1|   0|    1|          0|
    |icmp_ln86_122_reg_1156                |   1|   0|    1|          0|
    |icmp_ln86_123_reg_1162                |   1|   0|    1|          0|
    |icmp_ln86_123_reg_1162_pp0_iter1_reg  |   1|   0|    1|          0|
    |icmp_ln86_124_reg_1168                |   1|   0|    1|          0|
    |icmp_ln86_124_reg_1168_pp0_iter1_reg  |   1|   0|    1|          0|
    |icmp_ln86_125_reg_1174                |   1|   0|    1|          0|
    |icmp_ln86_126_reg_1180                |   1|   0|    1|          0|
    |icmp_ln86_127_reg_1186                |   1|   0|    1|          0|
    |icmp_ln86_128_reg_1192                |   1|   0|    1|          0|
    |icmp_ln86_129_reg_1198                |   1|   0|    1|          0|
    |icmp_ln86_130_reg_1203                |   1|   0|    1|          0|
    |icmp_ln86_130_reg_1203_pp0_iter1_reg  |   1|   0|    1|          0|
    |icmp_ln86_131_reg_1208                |   1|   0|    1|          0|
    |icmp_ln86_131_reg_1208_pp0_iter1_reg  |   1|   0|    1|          0|
    |icmp_ln86_132_reg_1213                |   1|   0|    1|          0|
    |icmp_ln86_132_reg_1213_pp0_iter1_reg  |   1|   0|    1|          0|
    |icmp_ln86_133_reg_1218                |   1|   0|    1|          0|
    |icmp_ln86_135_reg_1228                |   1|   0|    1|          0|
    |icmp_ln86_136_reg_1233                |   1|   0|    1|          0|
    |icmp_ln86_137_reg_1238                |   1|   0|    1|          0|
    |icmp_ln86_138_reg_1243                |   1|   0|    1|          0|
    |icmp_ln86_139_reg_1248                |   1|   0|    1|          0|
    |icmp_ln86_140_reg_1253                |   1|   0|    1|          0|
    |icmp_ln86_1459_reg_1223               |   1|   0|    1|          0|
    |icmp_ln86_reg_1121                    |   1|   0|    1|          0|
    |or_ln117_112_reg_1293                 |   1|   0|    1|          0|
    |or_ln117_114_reg_1304                 |   1|   0|    1|          0|
    |or_ln117_118_reg_1311                 |   1|   0|    1|          0|
    |or_ln117_118_reg_1311_pp0_iter2_reg   |   1|   0|    1|          0|
    |or_ln117_120_reg_1349                 |   1|   0|    1|          0|
    |or_ln117_124_reg_1373                 |   1|   0|    1|          0|
    |or_ln117_126_reg_1319                 |   1|   0|    1|          0|
    |or_ln117_130_reg_1383                 |   1|   0|    1|          0|
    |or_ln117_132_reg_1394                 |   1|   0|    1|          0|
    |p_read10_int_reg                      |  18|   0|   18|          0|
    |p_read11_int_reg                      |  18|   0|   18|          0|
    |p_read12_int_reg                      |  18|   0|   18|          0|
    |p_read1_int_reg                       |  18|   0|   18|          0|
    |p_read2_int_reg                       |  18|   0|   18|          0|
    |p_read3_int_reg                       |  18|   0|   18|          0|
    |p_read4_int_reg                       |  18|   0|   18|          0|
    |p_read5_int_reg                       |  18|   0|   18|          0|
    |p_read6_int_reg                       |  18|   0|   18|          0|
    |p_read7_int_reg                       |  18|   0|   18|          0|
    |p_read8_int_reg                       |  18|   0|   18|          0|
    |p_read9_int_reg                       |  18|   0|   18|          0|
    |select_ln117_113_reg_1299             |   2|   0|    2|          0|
    |select_ln117_120_reg_1344             |   4|   0|    4|          0|
    |select_ln117_126_reg_1378             |   5|   0|    5|          0|
    |select_ln117_132_reg_1389             |   5|   0|    5|          0|
    |select_ln117_134_reg_1399             |   5|   0|    5|          0|
    |and_ln104_28_reg_1361                 |  64|  32|    1|          0|
    |icmp_ln86_122_reg_1156                |  64|  32|    1|          0|
    |icmp_ln86_125_reg_1174                |  64|  32|    1|          0|
    |icmp_ln86_126_reg_1180                |  64|  32|    1|          0|
    |icmp_ln86_127_reg_1186                |  64|  32|    1|          0|
    |icmp_ln86_128_reg_1192                |  64|  32|    1|          0|
    |icmp_ln86_133_reg_1218                |  64|  32|    1|          0|
    |icmp_ln86_135_reg_1228                |  64|  32|    1|          0|
    |icmp_ln86_136_reg_1233                |  64|  32|    1|          0|
    |icmp_ln86_137_reg_1238                |  64|  32|    1|          0|
    |icmp_ln86_138_reg_1243                |  64|  32|    1|          0|
    |icmp_ln86_139_reg_1248                |  64|  32|    1|          0|
    |icmp_ln86_140_reg_1253                |  64|  32|    1|          0|
    |icmp_ln86_1459_reg_1223               |  64|  32|    1|          0|
    |or_ln117_126_reg_1319                 |  64|  32|    1|          0|
    +--------------------------------------+----+----+-----+-----------+
    |Total                                 |1251| 480|  306|          0|
    +--------------------------------------+----+----+-----+-----------+



================================================================
== Interface
================================================================
* Summary: 
+-----------+-----+-----+------------+---------------------+--------------+
| RTL Ports | Dir | Bits|  Protocol  |    Source Object    |    C Type    |
+-----------+-----+-----+------------+---------------------+--------------+
|ap_clk     |   in|    1|  ap_ctrl_hs|  decision_function.4|  return value|
|ap_rst     |   in|    1|  ap_ctrl_hs|  decision_function.4|  return value|
|ap_return  |  out|   12|  ap_ctrl_hs|  decision_function.4|  return value|
|ap_ce      |   in|    1|  ap_ctrl_hs|  decision_function.4|  return value|
|p_read1    |   in|   18|     ap_none|              p_read1|        scalar|
|p_read2    |   in|   18|     ap_none|              p_read2|        scalar|
|p_read3    |   in|   18|     ap_none|              p_read3|        scalar|
|p_read4    |   in|   18|     ap_none|              p_read4|        scalar|
|p_read5    |   in|   18|     ap_none|              p_read5|        scalar|
|p_read6    |   in|   18|     ap_none|              p_read6|        scalar|
|p_read7    |   in|   18|     ap_none|              p_read7|        scalar|
|p_read8    |   in|   18|     ap_none|              p_read8|        scalar|
|p_read9    |   in|   18|     ap_none|              p_read9|        scalar|
|p_read10   |   in|   18|     ap_none|             p_read10|        scalar|
|p_read11   |   in|   18|     ap_none|             p_read11|        scalar|
|p_read12   |   in|   18|     ap_none|             p_read12|        scalar|
+-----------+-----+-----+------------+---------------------+--------------+

