

================================================================
== Vitis HLS Report for 'decision_function_3'
================================================================
* Date:           Tue Mar 11 16:22:55 2025

* Version:        2024.2 (Build 5238294 on Nov  8 2024)
* Project:        conifer_jettag
* Solution:       solution1 (Vivado IP Flow Target)
* Product family: zynq
* Target device:  xc7z020-clg400-1


================================================================
== Performance Estimates
================================================================
+ Timing: 
    * Summary: 
    +--------+---------+----------+------------+
    |  Clock |  Target | Estimated| Uncertainty|
    +--------+---------+----------+------------+
    |ap_clk  |  5.00 ns|  3.645 ns|     1.35 ns|
    +--------+---------+----------+------------+

+ Latency: 
    * Summary: 
    +---------+---------+-----------+-----------+-----+-----+---------+
    |  Latency (cycles) |   Latency (absolute)  |  Interval | Pipeline|
    |   min   |   max   |    min    |    max    | min | max |   Type  |
    +---------+---------+-----------+-----------+-----+-----+---------+
    |        8|        8|  40.000 ns|  40.000 ns|    1|    1|      yes|
    +---------+---------+-----------+-----------+-----+-----+---------+

    + Detail: 
        * Instance: 
        N/A

        * Loop: 
        N/A



================================================================
== Utilization Estimates
================================================================
* Summary: 
+-----------------+---------+-----+--------+-------+-----+
|       Name      | BRAM_18K| DSP |   FF   |  LUT  | URAM|
+-----------------+---------+-----+--------+-------+-----+
|DSP              |        -|    -|       -|      -|    -|
|Expression       |        -|    -|       0|   1069|    -|
|FIFO             |        -|    -|       -|      -|    -|
|Instance         |        -|    -|       0|    138|    -|
|Memory           |        -|    -|       -|      -|    -|
|Multiplexer      |        -|    -|       -|      -|    -|
|Register         |        -|    -|    1892|    768|    -|
+-----------------+---------+-----+--------+-------+-----+
|Total            |        0|    0|    1892|   1975|    0|
+-----------------+---------+-----+--------+-------+-----+
|Available        |      280|  220|  106400|  53200|    0|
+-----------------+---------+-----+--------+-------+-----+
|Utilization (%)  |        0|    0|       1|      3|    0|
+-----------------+---------+-----+--------+-------+-----+

+ Detail: 
    * Instance: 
    +--------------------------------+--------------------------+---------+----+---+-----+-----+
    |            Instance            |          Module          | BRAM_18K| DSP| FF| LUT | URAM|
    +--------------------------------+--------------------------+---------+----+---+-----+-----+
    |sparsemux_63_5_12_1_1_x6_U1274  |sparsemux_63_5_12_1_1_x6  |        0|   0|  0|  138|    0|
    +--------------------------------+--------------------------+---------+----+---+-----+-----+
    |Total                           |                          |        0|   0|  0|  138|    0|
    +--------------------------------+--------------------------+---------+----+---+-----+-----+

    * DSP: 
    N/A

    * Memory: 
    N/A

    * FIFO: 
    N/A

    * Expression: 
    +-----------------------------+----------+----+---+----+------------+------------+
    |        Variable Name        | Operation| DSP| FF| LUT| Bitwidth P0| Bitwidth P1|
    +-----------------------------+----------+----+---+----+------------+------------+
    |and_ln102_100_fu_741_p2      |       and|   0|  0|   2|           1|           1|
    |and_ln102_101_fu_750_p2      |       and|   0|  0|   2|           1|           1|
    |and_ln102_102_fu_755_p2      |       and|   0|  0|   2|           1|           1|
    |and_ln102_103_fu_867_p2      |       and|   0|  0|   2|           1|           1|
    |and_ln102_104_fu_872_p2      |       and|   0|  0|   2|           1|           1|
    |and_ln102_105_fu_881_p2      |       and|   0|  0|   2|           1|           1|
    |and_ln102_106_fu_969_p2      |       and|   0|  0|   2|           1|           1|
    |and_ln102_107_fu_978_p2      |       and|   0|  0|   2|           1|           1|
    |and_ln102_108_fu_983_p2      |       and|   0|  0|   2|           1|           1|
    |and_ln102_109_fu_1078_p2     |       and|   0|  0|   2|           1|           1|
    |and_ln102_110_fu_1083_p2     |       and|   0|  0|   2|           1|           1|
    |and_ln102_111_fu_1087_p2     |       and|   0|  0|   2|           1|           1|
    |and_ln102_112_fu_1174_p2     |       and|   0|  0|   2|           1|           1|
    |and_ln102_113_fu_635_p2      |       and|   0|  0|   2|           1|           1|
    |and_ln102_114_fu_745_p2      |       and|   0|  0|   2|           1|           1|
    |and_ln102_115_fu_862_p2      |       and|   0|  0|   2|           1|           1|
    |and_ln102_116_fu_876_p2      |       and|   0|  0|   2|           1|           1|
    |and_ln102_117_fu_973_p2      |       and|   0|  0|   2|           1|           1|
    |and_ln102_118_fu_1073_p2     |       and|   0|  0|   2|           1|           1|
    |and_ln102_119_fu_1169_p2     |       and|   0|  0|   2|           1|           1|
    |and_ln102_85_fu_530_p2       |       and|   0|  0|   2|           1|           1|
    |and_ln102_86_fu_544_p2       |       and|   0|  0|   2|           1|           1|
    |and_ln102_87_fu_601_p2       |       and|   0|  0|   2|           1|           1|
    |and_ln102_88_fu_833_p2       |       and|   0|  0|   2|           1|           1|
    |and_ln102_89_fu_549_p2       |       and|   0|  0|   2|           1|           1|
    |and_ln102_90_fu_565_p2       |       and|   0|  0|   2|           1|           1|
    |and_ln102_91_fu_622_p2       |       and|   0|  0|   2|           1|           1|
    |and_ln102_92_fu_733_p2       |       and|   0|  0|   2|           1|           1|
    |and_ln102_93_fu_737_p2       |       and|   0|  0|   2|           1|           1|
    |and_ln102_94_fu_857_p2       |       and|   0|  0|   2|           1|           1|
    |and_ln102_95_fu_965_p2       |       and|   0|  0|   2|           1|           1|
    |and_ln102_96_fu_627_p2       |       and|   0|  0|   2|           1|           1|
    |and_ln102_97_fu_1069_p2      |       and|   0|  0|   2|           1|           1|
    |and_ln102_98_fu_631_p2       |       and|   0|  0|   2|           1|           1|
    |and_ln102_99_fu_640_p2       |       and|   0|  0|   2|           1|           1|
    |and_ln102_fu_526_p2          |       and|   0|  0|   2|           1|           1|
    |and_ln104_19_fu_539_p2       |       and|   0|  0|   2|           1|           1|
    |and_ln104_20_fu_596_p2       |       and|   0|  0|   2|           1|           1|
    |and_ln104_21_fu_611_p2       |       and|   0|  0|   2|           1|           1|
    |and_ln104_22_fu_842_p2       |       and|   0|  0|   2|           1|           1|
    |and_ln104_23_fu_559_p2       |       and|   0|  0|   2|           1|           1|
    |and_ln104_24_fu_575_p2       |       and|   0|  0|   2|           1|           1|
    |and_ln104_fu_586_p2          |       and|   0|  0|   2|           1|           1|
    |icmp_ln86_100_fu_418_p2      |      icmp|   0|  0|  25|          18|          12|
    |icmp_ln86_101_fu_424_p2      |      icmp|   0|  0|  25|          18|          11|
    |icmp_ln86_102_fu_430_p2      |      icmp|   0|  0|  25|          18|          10|
    |icmp_ln86_103_fu_436_p2      |      icmp|   0|  0|  25|          18|          11|
    |icmp_ln86_104_fu_442_p2      |      icmp|   0|  0|  25|          18|          12|
    |icmp_ln86_105_fu_448_p2      |      icmp|   0|  0|  25|          18|          12|
    |icmp_ln86_106_fu_454_p2      |      icmp|   0|  0|  25|          18|          11|
    |icmp_ln86_107_fu_460_p2      |      icmp|   0|  0|  25|          18|          12|
    |icmp_ln86_108_fu_466_p2      |      icmp|   0|  0|  25|          18|          10|
    |icmp_ln86_109_fu_472_p2      |      icmp|   0|  0|  25|          18|          12|
    |icmp_ln86_110_fu_478_p2      |      icmp|   0|  0|  25|          18|          11|
    |icmp_ln86_111_fu_484_p2      |      icmp|   0|  0|  25|          18|           9|
    |icmp_ln86_112_fu_490_p2      |      icmp|   0|  0|  25|          18|          11|
    |icmp_ln86_113_fu_496_p2      |      icmp|   0|  0|  25|          18|          13|
    |icmp_ln86_114_fu_502_p2      |      icmp|   0|  0|  25|          18|          12|
    |icmp_ln86_115_fu_508_p2      |      icmp|   0|  0|  25|          18|          11|
    |icmp_ln86_116_fu_514_p2      |      icmp|   0|  0|  25|          18|          10|
    |icmp_ln86_88_fu_346_p2       |      icmp|   0|  0|  25|          18|          13|
    |icmp_ln86_89_fu_352_p2       |      icmp|   0|  0|  25|          18|          12|
    |icmp_ln86_90_fu_358_p2       |      icmp|   0|  0|  25|          18|          11|
    |icmp_ln86_91_fu_364_p2       |      icmp|   0|  0|  25|          18|          11|
    |icmp_ln86_92_fu_370_p2       |      icmp|   0|  0|  25|          18|          12|
    |icmp_ln86_93_fu_376_p2       |      icmp|   0|  0|  25|          18|          13|
    |icmp_ln86_94_fu_382_p2       |      icmp|   0|  0|  25|          18|          10|
    |icmp_ln86_95_fu_388_p2       |      icmp|   0|  0|  25|          18|          14|
    |icmp_ln86_96_fu_394_p2       |      icmp|   0|  0|  25|          18|          11|
    |icmp_ln86_97_fu_400_p2       |      icmp|   0|  0|  25|          18|          11|
    |icmp_ln86_98_fu_406_p2       |      icmp|   0|  0|  25|          18|          11|
    |icmp_ln86_99_fu_412_p2       |      icmp|   0|  0|  25|          18|          13|
    |icmp_ln86_fu_340_p2          |      icmp|   0|  0|  25|          18|          12|
    |or_ln117_100_fu_1000_p2      |        or|   0|  0|   2|           1|           1|
    |or_ln117_101_fu_1012_p2      |        or|   0|  0|   2|           1|           1|
    |or_ln117_102_fu_1024_p2      |        or|   0|  0|   2|           1|           1|
    |or_ln117_103_fu_1038_p2      |        or|   0|  0|   2|           1|           1|
    |or_ln117_104_fu_1092_p2      |        or|   0|  0|   2|           1|           1|
    |or_ln117_105_fu_1060_p2      |        or|   0|  0|   2|           1|           1|
    |or_ln117_106_fu_1104_p2      |        or|   0|  0|   2|           1|           1|
    |or_ln117_107_fu_1116_p2      |        or|   0|  0|   2|           1|           1|
    |or_ln117_108_fu_1128_p2      |        or|   0|  0|   2|           1|           1|
    |or_ln117_109_fu_1142_p2      |        or|   0|  0|   2|           1|           1|
    |or_ln117_110_fu_1179_p2      |        or|   0|  0|   2|           1|           1|
    |or_ln117_111_fu_1323_p2      |        or|   0|  0|   2|           1|           1|
    |or_ln117_112_fu_655_p2       |        or|   0|  0|   2|           1|           1|
    |or_ln117_83_fu_664_p2        |        or|   0|  0|   2|           1|           1|
    |or_ln117_84_fu_676_p2        |        or|   0|  0|   2|           1|           1|
    |or_ln117_85_fu_694_p2        |        or|   0|  0|   2|           1|           1|
    |or_ln117_86_fu_760_p2        |        or|   0|  0|   2|           1|           1|
    |or_ln117_87_fu_714_p2        |        or|   0|  0|   2|           1|           1|
    |or_ln117_88_fu_772_p2        |        or|   0|  0|   2|           1|           1|
    |or_ln117_89_fu_720_p2        |        or|   0|  0|   2|           1|           1|
    |or_ln117_90_fu_796_p2        |        or|   0|  0|   2|           1|           1|
    |or_ln117_91_fu_808_p2        |        or|   0|  0|   2|           1|           1|
    |or_ln117_92_fu_886_p2        |        or|   0|  0|   2|           1|           1|
    |or_ln117_93_fu_829_p2        |        or|   0|  0|   2|           1|           1|
    |or_ln117_94_fu_898_p2        |        or|   0|  0|   2|           1|           1|
    |or_ln117_95_fu_910_p2        |        or|   0|  0|   2|           1|           1|
    |or_ln117_96_fu_922_p2        |        or|   0|  0|   2|           1|           1|
    |or_ln117_97_fu_724_p2        |        or|   0|  0|   2|           1|           1|
    |or_ln117_98_fu_988_p2        |        or|   0|  0|   2|           1|           1|
    |or_ln117_99_fu_955_p2        |        or|   0|  0|   2|           1|           1|
    |or_ln117_fu_645_p2           |        or|   0|  0|   2|           1|           1|
    |ap_return                    |    select|   0|  0|  12|           1|          12|
    |select_ln117_100_fu_993_p3   |    select|   0|  0|   5|           1|           5|
    |select_ln117_101_fu_1005_p3  |    select|   0|  0|   5|           1|           5|
    |select_ln117_102_fu_1016_p3  |    select|   0|  0|   5|           1|           5|
    |select_ln117_103_fu_1030_p3  |    select|   0|  0|   5|           1|           5|
    |select_ln117_104_fu_1044_p3  |    select|   0|  0|   5|           1|           5|
    |select_ln117_105_fu_1052_p3  |    select|   0|  0|   5|           1|           5|
    |select_ln117_106_fu_1097_p3  |    select|   0|  0|   5|           1|           5|
    |select_ln117_107_fu_1109_p3  |    select|   0|  0|   5|           1|           5|
    |select_ln117_108_fu_1120_p3  |    select|   0|  0|   5|           1|           5|
    |select_ln117_109_fu_1134_p3  |    select|   0|  0|   5|           1|           5|
    |select_ln117_110_fu_1148_p3  |    select|   0|  0|   5|           1|           5|
    |select_ln117_111_fu_1156_p3  |    select|   0|  0|   5|           1|           5|
    |select_ln117_85_fu_682_p3    |    select|   0|  0|   2|           1|           2|
    |select_ln117_86_fu_698_p3    |    select|   0|  0|   4|           1|           3|
    |select_ln117_87_fu_706_p3    |    select|   0|  0|   3|           1|           3|
    |select_ln117_88_fu_765_p3    |    select|   0|  0|   3|           1|           3|
    |select_ln117_89_fu_777_p3    |    select|   0|  0|   3|           1|           3|
    |select_ln117_90_fu_788_p3    |    select|   0|  0|   5|           1|           4|
    |select_ln117_91_fu_801_p3    |    select|   0|  0|   4|           1|           4|
    |select_ln117_92_fu_813_p3    |    select|   0|  0|   4|           1|           4|
    |select_ln117_93_fu_821_p3    |    select|   0|  0|   4|           1|           4|
    |select_ln117_94_fu_891_p3    |    select|   0|  0|   4|           1|           4|
    |select_ln117_95_fu_903_p3    |    select|   0|  0|   4|           1|           4|
    |select_ln117_96_fu_914_p3    |    select|   0|  0|   4|           1|           4|
    |select_ln117_97_fu_928_p3    |    select|   0|  0|   4|           1|           4|
    |select_ln117_98_fu_940_p3    |    select|   0|  0|   6|           1|           5|
    |select_ln117_99_fu_948_p3    |    select|   0|  0|   5|           1|           5|
    |select_ln117_fu_668_p3       |    select|   0|  0|   3|           1|           2|
    |tmp_fu_1191_p64              |    select|   0|  0|   5|           1|           5|
    |xor_ln104_43_fu_581_p2       |       xor|   0|  0|   2|           1|           2|
    |xor_ln104_44_fu_534_p2       |       xor|   0|  0|   2|           1|           2|
    |xor_ln104_45_fu_591_p2       |       xor|   0|  0|   2|           1|           2|
    |xor_ln104_46_fu_606_p2       |       xor|   0|  0|   2|           1|           2|
    |xor_ln104_47_fu_837_p2       |       xor|   0|  0|   2|           1|           2|
    |xor_ln104_48_fu_554_p2       |       xor|   0|  0|   2|           1|           2|
    |xor_ln104_49_fu_617_p2       |       xor|   0|  0|   2|           1|           2|
    |xor_ln104_50_fu_728_p2       |       xor|   0|  0|   2|           1|           2|
    |xor_ln104_51_fu_847_p2       |       xor|   0|  0|   2|           1|           2|
    |xor_ln104_52_fu_852_p2       |       xor|   0|  0|   2|           1|           2|
    |xor_ln104_53_fu_960_p2       |       xor|   0|  0|   2|           1|           2|
    |xor_ln104_54_fu_1064_p2      |       xor|   0|  0|   2|           1|           2|
    |xor_ln104_55_fu_570_p2       |       xor|   0|  0|   2|           1|           2|
    |xor_ln104_56_fu_1164_p2      |       xor|   0|  0|   2|           1|           2|
    |xor_ln104_fu_520_p2          |       xor|   0|  0|   2|           1|           2|
    |xor_ln117_fu_650_p2          |       xor|   0|  0|   2|           2|           1|
    +-----------------------------+----------+----+---+----+------------+------------+
    |Total                        |          |   0|  0|1069|         661|         584|
    +-----------------------------+----------+----+---+----+------------+------------+

    * Multiplexer: 
    N/A

    * Register: 
    +--------------------------------------+----+----+-----+-----------+
    |                 Name                 | FF | LUT| Bits| Const Bits|
    +--------------------------------------+----+----+-----+-----------+
    |and_ln102_85_reg_1513                 |   1|   0|    1|          0|
    |and_ln102_86_reg_1520                 |   1|   0|    1|          0|
    |and_ln102_87_reg_1559                 |   1|   0|    1|          0|
    |and_ln102_87_reg_1559_pp0_iter3_reg   |   1|   0|    1|          0|
    |and_ln102_88_reg_1639                 |   1|   0|    1|          0|
    |and_ln102_89_reg_1526                 |   1|   0|    1|          0|
    |and_ln102_90_reg_1539                 |   1|   0|    1|          0|
    |and_ln102_91_reg_1572                 |   1|   0|    1|          0|
    |and_ln102_93_reg_1616                 |   1|   0|    1|          0|
    |and_ln102_94_reg_1651                 |   1|   0|    1|          0|
    |and_ln102_96_reg_1577                 |   1|   0|    1|          0|
    |and_ln102_reg_1507                    |   1|   0|    1|          0|
    |and_ln104_20_reg_1554                 |   1|   0|    1|          0|
    |and_ln104_21_reg_1566                 |   1|   0|    1|          0|
    |and_ln104_21_reg_1566_pp0_iter3_reg   |   1|   0|    1|          0|
    |and_ln104_22_reg_1645                 |   1|   0|    1|          0|
    |and_ln104_22_reg_1645_pp0_iter5_reg   |   1|   0|    1|          0|
    |and_ln104_23_reg_1532                 |   1|   0|    1|          0|
    |and_ln104_24_reg_1545                 |   1|   0|    1|          0|
    |icmp_ln86_100_reg_1413                |   1|   0|    1|          0|
    |icmp_ln86_100_reg_1413_pp0_iter1_reg  |   1|   0|    1|          0|
    |icmp_ln86_101_reg_1420                |   1|   0|    1|          0|
    |icmp_ln86_102_reg_1426                |   1|   0|    1|          0|
    |icmp_ln86_102_reg_1426_pp0_iter1_reg  |   1|   0|    1|          0|
    |icmp_ln86_103_reg_1431                |   1|   0|    1|          0|
    |icmp_ln86_103_reg_1431_pp0_iter1_reg  |   1|   0|    1|          0|
    |icmp_ln86_104_reg_1436                |   1|   0|    1|          0|
    |icmp_ln86_105_reg_1441                |   1|   0|    1|          0|
    |icmp_ln86_106_reg_1446                |   1|   0|    1|          0|
    |icmp_ln86_107_reg_1451                |   1|   0|    1|          0|
    |icmp_ln86_108_reg_1456                |   1|   0|    1|          0|
    |icmp_ln86_109_reg_1461                |   1|   0|    1|          0|
    |icmp_ln86_110_reg_1466                |   1|   0|    1|          0|
    |icmp_ln86_111_reg_1471                |   1|   0|    1|          0|
    |icmp_ln86_112_reg_1476                |   1|   0|    1|          0|
    |icmp_ln86_113_reg_1481                |   1|   0|    1|          0|
    |icmp_ln86_114_reg_1486                |   1|   0|    1|          0|
    |icmp_ln86_115_reg_1491                |   1|   0|    1|          0|
    |icmp_ln86_116_reg_1496                |   1|   0|    1|          0|
    |icmp_ln86_88_reg_1341                 |   1|   0|    1|          0|
    |icmp_ln86_88_reg_1341_pp0_iter1_reg   |   1|   0|    1|          0|
    |icmp_ln86_89_reg_1347                 |   1|   0|    1|          0|
    |icmp_ln86_90_reg_1353                 |   1|   0|    1|          0|
    |icmp_ln86_90_reg_1353_pp0_iter1_reg   |   1|   0|    1|          0|
    |icmp_ln86_91_reg_1359                 |   1|   0|    1|          0|
    |icmp_ln86_91_reg_1359_pp0_iter1_reg   |   1|   0|    1|          0|
    |icmp_ln86_92_reg_1365                 |   1|   0|    1|          0|
    |icmp_ln86_93_reg_1371                 |   1|   0|    1|          0|
    |icmp_ln86_94_reg_1377                 |   1|   0|    1|          0|
    |icmp_ln86_94_reg_1377_pp0_iter1_reg   |   1|   0|    1|          0|
    |icmp_ln86_95_reg_1383                 |   1|   0|    1|          0|
    |icmp_ln86_96_reg_1389                 |   1|   0|    1|          0|
    |icmp_ln86_97_reg_1395                 |   1|   0|    1|          0|
    |icmp_ln86_98_reg_1401                 |   1|   0|    1|          0|
    |icmp_ln86_99_reg_1407                 |   1|   0|    1|          0|
    |icmp_ln86_reg_1334                    |   1|   0|    1|          0|
    |icmp_ln86_reg_1334_pp0_iter1_reg      |   1|   0|    1|          0|
    |or_ln117_103_reg_1667                 |   1|   0|    1|          0|
    |or_ln117_105_reg_1677                 |   1|   0|    1|          0|
    |or_ln117_107_reg_1684                 |   1|   0|    1|          0|
    |or_ln117_107_reg_1684_pp0_iter7_reg   |   1|   0|    1|          0|
    |or_ln117_109_reg_1689                 |   1|   0|    1|          0|
    |or_ln117_85_reg_1583                  |   1|   0|    1|          0|
    |or_ln117_87_reg_1593                  |   1|   0|    1|          0|
    |or_ln117_89_reg_1599                  |   1|   0|    1|          0|
    |or_ln117_91_reg_1622                  |   1|   0|    1|          0|
    |or_ln117_93_reg_1632                  |   1|   0|    1|          0|
    |or_ln117_97_reg_1607                  |   1|   0|    1|          0|
    |or_ln117_99_reg_1661                  |   1|   0|    1|          0|
    |p_read10_int_reg                      |  18|   0|   18|          0|
    |p_read11_int_reg                      |  18|   0|   18|          0|
    |p_read12_int_reg                      |  18|   0|   18|          0|
    |p_read13_int_reg                      |  18|   0|   18|          0|
    |p_read14_int_reg                      |  18|   0|   18|          0|
    |p_read1_int_reg                       |  18|   0|   18|          0|
    |p_read2_int_reg                       |  18|   0|   18|          0|
    |p_read3_int_reg                       |  18|   0|   18|          0|
    |p_read4_int_reg                       |  18|   0|   18|          0|
    |p_read5_int_reg                       |  18|   0|   18|          0|
    |p_read6_int_reg                       |  18|   0|   18|          0|
    |p_read7_int_reg                       |  18|   0|   18|          0|
    |p_read8_int_reg                       |  18|   0|   18|          0|
    |p_read9_int_reg                       |  18|   0|   18|          0|
    |select_ln117_105_reg_1672             |   5|   0|    5|          0|
    |select_ln117_111_reg_1694             |   5|   0|    5|          0|
    |select_ln117_87_reg_1588              |   3|   0|    3|          0|
    |select_ln117_93_reg_1627              |   4|   0|    4|          0|
    |select_ln117_99_reg_1656              |   5|   0|    5|          0|
    |tmp_reg_1699                          |  12|   0|   12|          0|
    |xor_ln104_reg_1501                    |   1|   0|    1|          0|
    |and_ln102_85_reg_1513                 |  64|  32|    1|          0|
    |and_ln102_96_reg_1577                 |  64|  32|    1|          0|
    |and_ln104_23_reg_1532                 |  64|  32|    1|          0|
    |icmp_ln86_101_reg_1420                |  64|  32|    1|          0|
    |icmp_ln86_104_reg_1436                |  64|  32|    1|          0|
    |icmp_ln86_105_reg_1441                |  64|  32|    1|          0|
    |icmp_ln86_106_reg_1446                |  64|  32|    1|          0|
    |icmp_ln86_107_reg_1451                |  64|  32|    1|          0|
    |icmp_ln86_108_reg_1456                |  64|  32|    1|          0|
    |icmp_ln86_109_reg_1461                |  64|  32|    1|          0|
    |icmp_ln86_110_reg_1466                |  64|  32|    1|          0|
    |icmp_ln86_111_reg_1471                |  64|  32|    1|          0|
    |icmp_ln86_112_reg_1476                |  64|  32|    1|          0|
    |icmp_ln86_113_reg_1481                |  64|  32|    1|          0|
    |icmp_ln86_114_reg_1486                |  64|  32|    1|          0|
    |icmp_ln86_115_reg_1491                |  64|  32|    1|          0|
    |icmp_ln86_116_reg_1496                |  64|  32|    1|          0|
    |icmp_ln86_92_reg_1365                 |  64|  32|    1|          0|
    |icmp_ln86_95_reg_1383                 |  64|  32|    1|          0|
    |icmp_ln86_96_reg_1389                 |  64|  32|    1|          0|
    |icmp_ln86_97_reg_1395                 |  64|  32|    1|          0|
    |icmp_ln86_98_reg_1401                 |  64|  32|    1|          0|
    |icmp_ln86_99_reg_1407                 |  64|  32|    1|          0|
    |or_ln117_97_reg_1607                  |  64|  32|    1|          0|
    +--------------------------------------+----+----+-----+-----------+
    |Total                                 |1892| 768|  380|          0|
    +--------------------------------------+----+----+-----+-----------+



================================================================
== Interface
================================================================
* Summary: 
+-----------+-----+-----+------------+---------------------+--------------+
| RTL Ports | Dir | Bits|  Protocol  |    Source Object    |    C Type    |
+-----------+-----+-----+------------+---------------------+--------------+
|ap_clk     |   in|    1|  ap_ctrl_hs|  decision_function.3|  return value|
|ap_rst     |   in|    1|  ap_ctrl_hs|  decision_function.3|  return value|
|ap_return  |  out|   12|  ap_ctrl_hs|  decision_function.3|  return value|
|ap_ce      |   in|    1|  ap_ctrl_hs|  decision_function.3|  return value|
|p_read1    |   in|   18|     ap_none|              p_read1|        scalar|
|p_read2    |   in|   18|     ap_none|              p_read2|        scalar|
|p_read3    |   in|   18|     ap_none|              p_read3|        scalar|
|p_read4    |   in|   18|     ap_none|              p_read4|        scalar|
|p_read5    |   in|   18|     ap_none|              p_read5|        scalar|
|p_read6    |   in|   18|     ap_none|              p_read6|        scalar|
|p_read7    |   in|   18|     ap_none|              p_read7|        scalar|
|p_read8    |   in|   18|     ap_none|              p_read8|        scalar|
|p_read9    |   in|   18|     ap_none|              p_read9|        scalar|
|p_read10   |   in|   18|     ap_none|             p_read10|        scalar|
|p_read11   |   in|   18|     ap_none|             p_read11|        scalar|
|p_read12   |   in|   18|     ap_none|             p_read12|        scalar|
|p_read13   |   in|   18|     ap_none|             p_read13|        scalar|
|p_read14   |   in|   18|     ap_none|             p_read14|        scalar|
+-----------+-----+-----+------------+---------------------+--------------+

