

================================================================
== Vitis HLS Report for 'decision_function_54'
================================================================
* Date:           Tue Mar 11 16:22:25 2025

* Version:        2024.2 (Build 5238294 on Nov  8 2024)
* Project:        conifer_jettag
* Solution:       solution1 (Vivado IP Flow Target)
* Product family: zynq
* Target device:  xc7z020-clg400-1


================================================================
== Performance Estimates
================================================================
+ Timing: 
    * Summary: 
    +--------+---------+----------+------------+
    |  Clock |  Target | Estimated| Uncertainty|
    +--------+---------+----------+------------+
    |ap_clk  |  5.00 ns|  3.645 ns|     1.35 ns|
    +--------+---------+----------+------------+

+ Latency: 
    * Summary: 
    +---------+---------+-----------+-----------+-----+-----+---------+
    |  Latency (cycles) |   Latency (absolute)  |  Interval | Pipeline|
    |   min   |   max   |    min    |    max    | min | max |   Type  |
    +---------+---------+-----------+-----------+-----+-----+---------+
    |        7|        7|  35.000 ns|  35.000 ns|    1|    1|      yes|
    +---------+---------+-----------+-----------+-----+-----+---------+

    + Detail: 
        * Instance: 
        N/A

        * Loop: 
        N/A



================================================================
== Utilization Estimates
================================================================
* Summary: 
+-----------------+---------+-----+--------+-------+-----+
|       Name      | BRAM_18K| DSP |   FF   |  LUT  | URAM|
+-----------------+---------+-----+--------+-------+-----+
|DSP              |        -|    -|       -|      -|    -|
|Expression       |        -|    -|       0|   1079|    -|
|FIFO             |        -|    -|       -|      -|    -|
|Instance         |        -|    -|       0|    142|    -|
|Memory           |        -|    -|       -|      -|    -|
|Multiplexer      |        -|    -|       -|      -|    -|
|Register         |        -|    -|    1732|    768|    -|
+-----------------+---------+-----+--------+-------+-----+
|Total            |        0|    0|    1732|   1989|    0|
+-----------------+---------+-----+--------+-------+-----+
|Available        |      280|  220|  106400|  53200|    0|
+-----------------+---------+-----+--------+-------+-----+
|Utilization (%)  |        0|    0|       1|      3|    0|
+-----------------+---------+-----+--------+-------+-----+

+ Detail: 
    * Instance: 
    +------------------------------+--------------------------+---------+----+---+-----+-----+
    |           Instance           |          Module          | BRAM_18K| DSP| FF| LUT | URAM|
    +------------------------------+--------------------------+---------+----+---+-----+-----+
    |sparsemux_65_5_13_1_1_x2_U97  |sparsemux_65_5_13_1_1_x2  |        0|   0|  0|  142|    0|
    +------------------------------+--------------------------+---------+----+---+-----+-----+
    |Total                         |                          |        0|   0|  0|  142|    0|
    +------------------------------+--------------------------+---------+----+---+-----+-----+

    * DSP: 
    N/A

    * Memory: 
    N/A

    * FIFO: 
    N/A

    * Expression: 
    +------------------------------+----------+----+---+----+------------+------------+
    |         Variable Name        | Operation| DSP| FF| LUT| Bitwidth P0| Bitwidth P1|
    +------------------------------+----------+----+---+----+------------+------------+
    |and_ln102_1495_fu_665_p2      |       and|   0|  0|   2|           1|           1|
    |and_ln102_1496_fu_482_p2      |       and|   0|  0|   2|           1|           1|
    |and_ln102_1497_fu_533_p2      |       and|   0|  0|   2|           1|           1|
    |and_ln102_1498_fu_679_p2      |       and|   0|  0|   2|           1|           1|
    |and_ln102_1499_fu_799_p2      |       and|   0|  0|   2|           1|           1|
    |and_ln102_1500_fu_496_p2      |       and|   0|  0|   2|           1|           1|
    |and_ln102_1501_fu_506_p2      |       and|   0|  0|   2|           1|           1|
    |and_ln102_1502_fu_552_p2      |       and|   0|  0|   2|           1|           1|
    |and_ln102_1503_fu_689_p2      |       and|   0|  0|   2|           1|           1|
    |and_ln102_1504_fu_693_p2      |       and|   0|  0|   2|           1|           1|
    |and_ln102_1505_fu_823_p2      |       and|   0|  0|   2|           1|           1|
    |and_ln102_1506_fu_941_p2      |       and|   0|  0|   2|           1|           1|
    |and_ln102_1507_fu_1034_p2     |       and|   0|  0|   2|           1|           1|
    |and_ln102_1508_fu_557_p2      |       and|   0|  0|   2|           1|           1|
    |and_ln102_1509_fu_516_p2      |       and|   0|  0|   2|           1|           1|
    |and_ln102_1510_fu_561_p2      |       and|   0|  0|   2|           1|           1|
    |and_ln102_1511_fu_570_p2      |       and|   0|  0|   2|           1|           1|
    |and_ln102_1512_fu_698_p2      |       and|   0|  0|   2|           1|           1|
    |and_ln102_1513_fu_707_p2      |       and|   0|  0|   2|           1|           1|
    |and_ln102_1514_fu_712_p2      |       and|   0|  0|   2|           1|           1|
    |and_ln102_1515_fu_833_p2      |       and|   0|  0|   2|           1|           1|
    |and_ln102_1516_fu_838_p2      |       and|   0|  0|   2|           1|           1|
    |and_ln102_1517_fu_847_p2      |       and|   0|  0|   2|           1|           1|
    |and_ln102_1518_fu_945_p2      |       and|   0|  0|   2|           1|           1|
    |and_ln102_1519_fu_954_p2      |       and|   0|  0|   2|           1|           1|
    |and_ln102_1520_fu_959_p2      |       and|   0|  0|   2|           1|           1|
    |and_ln102_1521_fu_1043_p2     |       and|   0|  0|   2|           1|           1|
    |and_ln102_1522_fu_1048_p2     |       and|   0|  0|   2|           1|           1|
    |and_ln102_1523_fu_1115_p2     |       and|   0|  0|   2|           1|           1|
    |and_ln102_1524_fu_511_p2      |       and|   0|  0|   2|           1|           1|
    |and_ln102_1525_fu_565_p2      |       and|   0|  0|   2|           1|           1|
    |and_ln102_1526_fu_702_p2      |       and|   0|  0|   2|           1|           1|
    |and_ln102_1527_fu_828_p2      |       and|   0|  0|   2|           1|           1|
    |and_ln102_1528_fu_842_p2      |       and|   0|  0|   2|           1|           1|
    |and_ln102_1529_fu_949_p2      |       and|   0|  0|   2|           1|           1|
    |and_ln102_1530_fu_1038_p2     |       and|   0|  0|   2|           1|           1|
    |and_ln102_1531_fu_1110_p2     |       and|   0|  0|   2|           1|           1|
    |and_ln102_fu_466_p2           |       and|   0|  0|   2|           1|           1|
    |and_ln104_235_fu_674_p2       |       and|   0|  0|   2|           1|           1|
    |and_ln104_236_fu_491_p2       |       and|   0|  0|   2|           1|           1|
    |and_ln104_237_fu_542_p2       |       and|   0|  0|   2|           1|           1|
    |and_ln104_238_fu_794_p2       |       and|   0|  0|   2|           1|           1|
    |and_ln104_239_fu_808_p2       |       and|   0|  0|   2|           1|           1|
    |and_ln104_fu_477_p2           |       and|   0|  0|   2|           1|           1|
    |icmp_ln86_1320_fu_286_p2      |      icmp|   0|  0|  25|          18|          10|
    |icmp_ln86_1321_fu_292_p2      |      icmp|   0|  0|  25|          18|          12|
    |icmp_ln86_1322_fu_298_p2      |      icmp|   0|  0|  25|          18|          12|
    |icmp_ln86_1323_fu_304_p2      |      icmp|   0|  0|  25|          18|          10|
    |icmp_ln86_1324_fu_310_p2      |      icmp|   0|  0|  25|          18|           8|
    |icmp_ln86_1325_fu_316_p2      |      icmp|   0|  0|  25|          18|          12|
    |icmp_ln86_1326_fu_322_p2      |      icmp|   0|  0|  25|          18|          11|
    |icmp_ln86_1327_fu_328_p2      |      icmp|   0|  0|  25|          18|          11|
    |icmp_ln86_1328_fu_334_p2      |      icmp|   0|  0|  25|          18|          10|
    |icmp_ln86_1329_fu_340_p2      |      icmp|   0|  0|  25|          18|          12|
    |icmp_ln86_1330_fu_346_p2      |      icmp|   0|  0|  25|          18|           8|
    |icmp_ln86_1331_fu_352_p2      |      icmp|   0|  0|  25|          18|           9|
    |icmp_ln86_1332_fu_358_p2      |      icmp|   0|  0|  25|          18|          12|
    |icmp_ln86_1333_fu_364_p2      |      icmp|   0|  0|  25|          18|          12|
    |icmp_ln86_1334_fu_370_p2      |      icmp|   0|  0|  25|          18|          11|
    |icmp_ln86_1335_fu_376_p2      |      icmp|   0|  0|  25|          18|          10|
    |icmp_ln86_1336_fu_382_p2      |      icmp|   0|  0|  25|          18|          11|
    |icmp_ln86_1337_fu_388_p2      |      icmp|   0|  0|  25|          18|          11|
    |icmp_ln86_1338_fu_394_p2      |      icmp|   0|  0|  25|          18|           9|
    |icmp_ln86_1339_fu_400_p2      |      icmp|   0|  0|  25|          18|           9|
    |icmp_ln86_1340_fu_406_p2      |      icmp|   0|  0|  25|          18|          11|
    |icmp_ln86_1341_fu_412_p2      |      icmp|   0|  0|  25|          18|           8|
    |icmp_ln86_1342_fu_418_p2      |      icmp|   0|  0|  25|          18|          11|
    |icmp_ln86_1343_fu_424_p2      |      icmp|   0|  0|  25|          18|           5|
    |icmp_ln86_1344_fu_430_p2      |      icmp|   0|  0|  25|          18|           9|
    |icmp_ln86_1345_fu_436_p2      |      icmp|   0|  0|  25|          18|           8|
    |icmp_ln86_1346_fu_442_p2      |      icmp|   0|  0|  25|          18|           9|
    |icmp_ln86_1347_fu_448_p2      |      icmp|   0|  0|  25|          18|          11|
    |icmp_ln86_1348_fu_454_p2      |      icmp|   0|  0|  25|          18|           9|
    |icmp_ln86_1349_fu_460_p2      |      icmp|   0|  0|  25|          18|          12|
    |icmp_ln86_fu_280_p2           |      icmp|   0|  0|  25|          18|           9|
    |or_ln117_1155_fu_603_p2       |        or|   0|  0|   2|           1|           1|
    |or_ln117_1156_fu_615_p2       |        or|   0|  0|   2|           1|           1|
    |or_ln117_1157_fu_627_p2       |        or|   0|  0|   2|           1|           1|
    |or_ln117_1158_fu_717_p2       |        or|   0|  0|   2|           1|           1|
    |or_ln117_1159_fu_660_p2       |        or|   0|  0|   2|           1|           1|
    |or_ln117_1160_fu_729_p2       |        or|   0|  0|   2|           1|           1|
    |or_ln117_1161_fu_741_p2       |        or|   0|  0|   2|           1|           1|
    |or_ln117_1162_fu_753_p2       |        or|   0|  0|   2|           1|           1|
    |or_ln117_1163_fu_767_p2       |        or|   0|  0|   2|           1|           1|
    |or_ln117_1164_fu_852_p2       |        or|   0|  0|   2|           1|           1|
    |or_ln117_1165_fu_868_p2       |        or|   0|  0|   2|           1|           1|
    |or_ln117_1166_fu_880_p2       |        or|   0|  0|   2|           1|           1|
    |or_ln117_1167_fu_892_p2       |        or|   0|  0|   2|           1|           1|
    |or_ln117_1168_fu_906_p2       |        or|   0|  0|   2|           1|           1|
    |or_ln117_1169_fu_964_p2       |        or|   0|  0|   2|           1|           1|
    |or_ln117_1170_fu_926_p2       |        or|   0|  0|   2|           1|           1|
    |or_ln117_1171_fu_976_p2       |        or|   0|  0|   2|           1|           1|
    |or_ln117_1172_fu_932_p2       |        or|   0|  0|   2|           1|           1|
    |or_ln117_1173_fu_996_p2       |        or|   0|  0|   2|           1|           1|
    |or_ln117_1174_fu_1008_p2      |        or|   0|  0|   2|           1|           1|
    |or_ln117_1175_fu_1053_p2      |        or|   0|  0|   2|           1|           1|
    |or_ln117_1176_fu_1058_p2      |        or|   0|  0|   2|           1|           1|
    |or_ln117_1177_fu_1069_p2      |        or|   0|  0|   2|           1|           1|
    |or_ln117_1178_fu_1083_p2      |        or|   0|  0|   2|           1|           1|
    |or_ln117_1179_fu_1120_p2      |        or|   0|  0|   2|           1|           1|
    |or_ln117_fu_522_p2            |        or|   0|  0|   2|           1|           1|
    |agg_result_fu_1132_p66        |    select|   0|  0|   5|           1|           5|
    |select_ln117_1293_fu_592_p3   |    select|   0|  0|   2|           1|           2|
    |select_ln117_1294_fu_608_p3   |    select|   0|  0|   4|           1|           3|
    |select_ln117_1295_fu_619_p3   |    select|   0|  0|   3|           1|           3|
    |select_ln117_1296_fu_633_p3   |    select|   0|  0|   3|           1|           3|
    |select_ln117_1297_fu_641_p3   |    select|   0|  0|   3|           1|           3|
    |select_ln117_1298_fu_653_p3   |    select|   0|  0|   5|           1|           4|
    |select_ln117_1299_fu_722_p3   |    select|   0|  0|   4|           1|           4|
    |select_ln117_1300_fu_734_p3   |    select|   0|  0|   4|           1|           4|
    |select_ln117_1301_fu_745_p3   |    select|   0|  0|   4|           1|           4|
    |select_ln117_1302_fu_759_p3   |    select|   0|  0|   4|           1|           4|
    |select_ln117_1303_fu_773_p3   |    select|   0|  0|   4|           1|           4|
    |select_ln117_1304_fu_781_p3   |    select|   0|  0|   4|           1|           4|
    |select_ln117_1305_fu_857_p3   |    select|   0|  0|   4|           1|           4|
    |select_ln117_1306_fu_873_p3   |    select|   0|  0|   6|           1|           5|
    |select_ln117_1307_fu_884_p3   |    select|   0|  0|   5|           1|           5|
    |select_ln117_1308_fu_898_p3   |    select|   0|  0|   5|           1|           5|
    |select_ln117_1309_fu_910_p3   |    select|   0|  0|   5|           1|           5|
    |select_ln117_1310_fu_918_p3   |    select|   0|  0|   5|           1|           5|
    |select_ln117_1311_fu_969_p3   |    select|   0|  0|   5|           1|           5|
    |select_ln117_1312_fu_981_p3   |    select|   0|  0|   5|           1|           5|
    |select_ln117_1313_fu_988_p3   |    select|   0|  0|   5|           1|           5|
    |select_ln117_1314_fu_1001_p3  |    select|   0|  0|   5|           1|           5|
    |select_ln117_1315_fu_1013_p3  |    select|   0|  0|   5|           1|           5|
    |select_ln117_1316_fu_1021_p3  |    select|   0|  0|   5|           1|           5|
    |select_ln117_1317_fu_1062_p3  |    select|   0|  0|   5|           1|           5|
    |select_ln117_1318_fu_1075_p3  |    select|   0|  0|   5|           1|           5|
    |select_ln117_1319_fu_1089_p3  |    select|   0|  0|   5|           1|           5|
    |select_ln117_1320_fu_1097_p3  |    select|   0|  0|   5|           1|           5|
    |select_ln117_fu_585_p3        |    select|   0|  0|   3|           1|           2|
    |xor_ln104_623_fu_472_p2       |       xor|   0|  0|   2|           1|           2|
    |xor_ln104_624_fu_669_p2       |       xor|   0|  0|   2|           1|           2|
    |xor_ln104_625_fu_486_p2       |       xor|   0|  0|   2|           1|           2|
    |xor_ln104_626_fu_537_p2       |       xor|   0|  0|   2|           1|           2|
    |xor_ln104_627_fu_789_p2       |       xor|   0|  0|   2|           1|           2|
    |xor_ln104_628_fu_803_p2       |       xor|   0|  0|   2|           1|           2|
    |xor_ln104_629_fu_501_p2       |       xor|   0|  0|   2|           1|           2|
    |xor_ln104_630_fu_547_p2       |       xor|   0|  0|   2|           1|           2|
    |xor_ln104_631_fu_684_p2       |       xor|   0|  0|   2|           1|           2|
    |xor_ln104_632_fu_813_p2       |       xor|   0|  0|   2|           1|           2|
    |xor_ln104_633_fu_818_p2       |       xor|   0|  0|   2|           1|           2|
    |xor_ln104_634_fu_936_p2       |       xor|   0|  0|   2|           1|           2|
    |xor_ln104_635_fu_1029_p2      |       xor|   0|  0|   2|           1|           2|
    |xor_ln104_636_fu_1105_p2      |       xor|   0|  0|   2|           1|           2|
    |xor_ln104_fu_528_p2           |       xor|   0|  0|   2|           1|           2|
    |xor_ln117_fu_575_p2           |       xor|   0|  0|   2|           2|           1|
    +------------------------------+----------+----+---+----+------------+------------+
    |Total                         |          |   0|  0|1079|         675|         541|
    +------------------------------+----------+----+---+----+------------+------------+

    * Multiplexer: 
    N/A

    * Register: 
    +---------------------------------------+----+----+-----+-----------+
    |                  Name                 | FF | LUT| Bits| Const Bits|
    +---------------------------------------+----+----+-----+-----------+
    |and_ln102_1495_reg_1521                |   1|   0|    1|          0|
    |and_ln102_1496_reg_1458                |   1|   0|    1|          0|
    |and_ln102_1497_reg_1493                |   1|   0|    1|          0|
    |and_ln102_1498_reg_1533                |   1|   0|    1|          0|
    |and_ln102_1499_reg_1560                |   1|   0|    1|          0|
    |and_ln102_1499_reg_1560_pp0_iter5_reg  |   1|   0|    1|          0|
    |and_ln102_1500_reg_1470                |   1|   0|    1|          0|
    |and_ln102_1501_reg_1476                |   1|   0|    1|          0|
    |and_ln102_1502_reg_1505                |   1|   0|    1|          0|
    |and_ln102_1504_reg_1539                |   1|   0|    1|          0|
    |and_ln102_1505_reg_1573                |   1|   0|    1|          0|
    |and_ln102_reg_1442                     |   1|   0|    1|          0|
    |and_ln104_235_reg_1527                 |   1|   0|    1|          0|
    |and_ln104_236_reg_1465                 |   1|   0|    1|          0|
    |and_ln104_237_reg_1499                 |   1|   0|    1|          0|
    |and_ln104_237_reg_1499_pp0_iter3_reg   |   1|   0|    1|          0|
    |and_ln104_238_reg_1555                 |   1|   0|    1|          0|
    |and_ln104_239_reg_1567                 |   1|   0|    1|          0|
    |and_ln104_reg_1452                     |   1|   0|    1|          0|
    |icmp_ln86_1320_reg_1279                |   1|   0|    1|          0|
    |icmp_ln86_1321_reg_1284                |   1|   0|    1|          0|
    |icmp_ln86_1322_reg_1290                |   1|   0|    1|          0|
    |icmp_ln86_1323_reg_1296                |   1|   0|    1|          0|
    |icmp_ln86_1323_reg_1296_pp0_iter1_reg  |   1|   0|    1|          0|
    |icmp_ln86_1324_reg_1302                |   1|   0|    1|          0|
    |icmp_ln86_1325_reg_1308                |   1|   0|    1|          0|
    |icmp_ln86_1326_reg_1314                |   1|   0|    1|          0|
    |icmp_ln86_1327_reg_1320                |   1|   0|    1|          0|
    |icmp_ln86_1327_reg_1320_pp0_iter1_reg  |   1|   0|    1|          0|
    |icmp_ln86_1328_reg_1326                |   1|   0|    1|          0|
    |icmp_ln86_1329_reg_1332                |   1|   0|    1|          0|
    |icmp_ln86_1330_reg_1338                |   1|   0|    1|          0|
    |icmp_ln86_1331_reg_1344                |   1|   0|    1|          0|
    |icmp_ln86_1332_reg_1350                |   1|   0|    1|          0|
    |icmp_ln86_1333_reg_1356                |   1|   0|    1|          0|
    |icmp_ln86_1334_reg_1362                |   1|   0|    1|          0|
    |icmp_ln86_1334_reg_1362_pp0_iter1_reg  |   1|   0|    1|          0|
    |icmp_ln86_1335_reg_1367                |   1|   0|    1|          0|
    |icmp_ln86_1336_reg_1372                |   1|   0|    1|          0|
    |icmp_ln86_1336_reg_1372_pp0_iter1_reg  |   1|   0|    1|          0|
    |icmp_ln86_1337_reg_1377                |   1|   0|    1|          0|
    |icmp_ln86_1337_reg_1377_pp0_iter1_reg  |   1|   0|    1|          0|
    |icmp_ln86_1338_reg_1382                |   1|   0|    1|          0|
    |icmp_ln86_1339_reg_1387                |   1|   0|    1|          0|
    |icmp_ln86_1340_reg_1392                |   1|   0|    1|          0|
    |icmp_ln86_1341_reg_1397                |   1|   0|    1|          0|
    |icmp_ln86_1342_reg_1402                |   1|   0|    1|          0|
    |icmp_ln86_1343_reg_1407                |   1|   0|    1|          0|
    |icmp_ln86_1344_reg_1412                |   1|   0|    1|          0|
    |icmp_ln86_1345_reg_1417                |   1|   0|    1|          0|
    |icmp_ln86_1346_reg_1422                |   1|   0|    1|          0|
    |icmp_ln86_1347_reg_1427                |   1|   0|    1|          0|
    |icmp_ln86_1348_reg_1432                |   1|   0|    1|          0|
    |icmp_ln86_1349_reg_1437                |   1|   0|    1|          0|
    |icmp_ln86_reg_1268                     |   1|   0|    1|          0|
    |or_ln117_1159_reg_1515                 |   1|   0|    1|          0|
    |or_ln117_1163_reg_1545                 |   1|   0|    1|          0|
    |or_ln117_1168_reg_1578                 |   1|   0|    1|          0|
    |or_ln117_1170_reg_1588                 |   1|   0|    1|          0|
    |or_ln117_1172_reg_1594                 |   1|   0|    1|          0|
    |or_ln117_1172_reg_1594_pp0_iter5_reg   |   1|   0|    1|          0|
    |or_ln117_1174_reg_1602                 |   1|   0|    1|          0|
    |or_ln117_1178_reg_1612                 |   1|   0|    1|          0|
    |or_ln117_reg_1482                      |   1|   0|    1|          0|
    |p_read1_int_reg                        |  18|   0|   18|          0|
    |p_read2_int_reg                        |  18|   0|   18|          0|
    |p_read3_int_reg                        |  18|   0|   18|          0|
    |p_read4_int_reg                        |  18|   0|   18|          0|
    |p_read5_int_reg                        |  18|   0|   18|          0|
    |p_read6_int_reg                        |  18|   0|   18|          0|
    |select_ln117_1298_reg_1510             |   4|   0|    4|          0|
    |select_ln117_1304_reg_1550             |   4|   0|    4|          0|
    |select_ln117_1310_reg_1583             |   5|   0|    5|          0|
    |select_ln117_1316_reg_1607             |   5|   0|    5|          0|
    |select_ln117_1320_reg_1617             |   5|   0|    5|          0|
    |xor_ln104_reg_1487                     |   1|   0|    1|          0|
    |and_ln102_reg_1442                     |  64|  32|    1|          0|
    |and_ln104_239_reg_1567                 |  64|  32|    1|          0|
    |icmp_ln86_1321_reg_1284                |  64|  32|    1|          0|
    |icmp_ln86_1324_reg_1302                |  64|  32|    1|          0|
    |icmp_ln86_1325_reg_1308                |  64|  32|    1|          0|
    |icmp_ln86_1328_reg_1326                |  64|  32|    1|          0|
    |icmp_ln86_1329_reg_1332                |  64|  32|    1|          0|
    |icmp_ln86_1330_reg_1338                |  64|  32|    1|          0|
    |icmp_ln86_1331_reg_1344                |  64|  32|    1|          0|
    |icmp_ln86_1332_reg_1350                |  64|  32|    1|          0|
    |icmp_ln86_1333_reg_1356                |  64|  32|    1|          0|
    |icmp_ln86_1338_reg_1382                |  64|  32|    1|          0|
    |icmp_ln86_1339_reg_1387                |  64|  32|    1|          0|
    |icmp_ln86_1340_reg_1392                |  64|  32|    1|          0|
    |icmp_ln86_1341_reg_1397                |  64|  32|    1|          0|
    |icmp_ln86_1342_reg_1402                |  64|  32|    1|          0|
    |icmp_ln86_1343_reg_1407                |  64|  32|    1|          0|
    |icmp_ln86_1344_reg_1412                |  64|  32|    1|          0|
    |icmp_ln86_1345_reg_1417                |  64|  32|    1|          0|
    |icmp_ln86_1346_reg_1422                |  64|  32|    1|          0|
    |icmp_ln86_1347_reg_1427                |  64|  32|    1|          0|
    |icmp_ln86_1348_reg_1432                |  64|  32|    1|          0|
    |icmp_ln86_1349_reg_1437                |  64|  32|    1|          0|
    |icmp_ln86_reg_1268                     |  64|  32|    1|          0|
    +---------------------------------------+----+----+-----+-----------+
    |Total                                  |1732| 768|  220|          0|
    +---------------------------------------+----+----+-----+-----------+



================================================================
== Interface
================================================================
* Summary: 
+-----------+-----+-----+------------+----------------------+--------------+
| RTL Ports | Dir | Bits|  Protocol  |     Source Object    |    C Type    |
+-----------+-----+-----+------------+----------------------+--------------+
|ap_clk     |   in|    1|  ap_ctrl_hs|  decision_function.54|  return value|
|ap_rst     |   in|    1|  ap_ctrl_hs|  decision_function.54|  return value|
|ap_return  |  out|   13|  ap_ctrl_hs|  decision_function.54|  return value|
|ap_ce      |   in|    1|  ap_ctrl_hs|  decision_function.54|  return value|
|p_read1    |   in|   18|     ap_none|               p_read1|        scalar|
|p_read2    |   in|   18|     ap_none|               p_read2|        scalar|
|p_read3    |   in|   18|     ap_none|               p_read3|        scalar|
|p_read4    |   in|   18|     ap_none|               p_read4|        scalar|
|p_read5    |   in|   18|     ap_none|               p_read5|        scalar|
|p_read6    |   in|   18|     ap_none|               p_read6|        scalar|
+-----------+-----+-----+------------+----------------------+--------------+

