

================================================================
== Vitis HLS Report for 'decision_function_74'
================================================================
* Date:           Tue Mar 11 16:22:32 2025

* Version:        2024.2 (Build 5238294 on Nov  8 2024)
* Project:        conifer_jettag
* Solution:       solution1 (Vivado IP Flow Target)
* Product family: zynq
* Target device:  xc7z020-clg400-1


================================================================
== Performance Estimates
================================================================
+ Timing: 
    * Summary: 
    +--------+---------+----------+------------+
    |  Clock |  Target | Estimated| Uncertainty|
    +--------+---------+----------+------------+
    |ap_clk  |  5.00 ns|  3.645 ns|     1.35 ns|
    +--------+---------+----------+------------+

+ Latency: 
    * Summary: 
    +---------+---------+-----------+-----------+-----+-----+---------+
    |  Latency (cycles) |   Latency (absolute)  |  Interval | Pipeline|
    |   min   |   max   |    min    |    max    | min | max |   Type  |
    +---------+---------+-----------+-----------+-----+-----+---------+
    |        7|        7|  35.000 ns|  35.000 ns|    1|    1|      yes|
    +---------+---------+-----------+-----------+-----+-----+---------+

    + Detail: 
        * Instance: 
        N/A

        * Loop: 
        N/A



================================================================
== Utilization Estimates
================================================================
* Summary: 
+-----------------+---------+-----+--------+-------+-----+
|       Name      | BRAM_18K| DSP |   FF   |  LUT  | URAM|
+-----------------+---------+-----+--------+-------+-----+
|DSP              |        -|    -|       -|      -|    -|
|Expression       |        -|    -|       0|   1079|    -|
|FIFO             |        -|    -|       -|      -|    -|
|Instance         |        -|    -|       0|    142|    -|
|Memory           |        -|    -|       -|      -|    -|
|Multiplexer      |        -|    -|       -|      -|    -|
|Register         |        -|    -|    1840|    768|    -|
+-----------------+---------+-----+--------+-------+-----+
|Total            |        0|    0|    1840|   1989|    0|
+-----------------+---------+-----+--------+-------+-----+
|Available        |      280|  220|  106400|  53200|    0|
+-----------------+---------+-----+--------+-------+-----+
|Utilization (%)  |        0|    0|       1|      3|    0|
+-----------------+---------+-----+--------+-------+-----+

+ Detail: 
    * Instance: 
    +-------------------------------+--------------------------+---------+----+---+-----+-----+
    |            Instance           |          Module          | BRAM_18K| DSP| FF| LUT | URAM|
    +-------------------------------+--------------------------+---------+----+---+-----+-----+
    |sparsemux_65_5_12_1_1_x8_U403  |sparsemux_65_5_12_1_1_x8  |        0|   0|  0|  142|    0|
    +-------------------------------+--------------------------+---------+----+---+-----+-----+
    |Total                          |                          |        0|   0|  0|  142|    0|
    +-------------------------------+--------------------------+---------+----+---+-----+-----+

    * DSP: 
    N/A

    * Memory: 
    N/A

    * FIFO: 
    N/A

    * Expression: 
    +-----------------------------+----------+----+---+----+------------+------------+
    |        Variable Name        | Operation| DSP| FF| LUT| Bitwidth P0| Bitwidth P1|
    +-----------------------------+----------+----+---+----+------------+------------+
    |and_ln102_910_fu_713_p2      |       and|   0|  0|   2|           1|           1|
    |and_ln102_911_fu_530_p2      |       and|   0|  0|   2|           1|           1|
    |and_ln102_912_fu_581_p2      |       and|   0|  0|   2|           1|           1|
    |and_ln102_913_fu_727_p2      |       and|   0|  0|   2|           1|           1|
    |and_ln102_914_fu_847_p2      |       and|   0|  0|   2|           1|           1|
    |and_ln102_915_fu_544_p2      |       and|   0|  0|   2|           1|           1|
    |and_ln102_916_fu_554_p2      |       and|   0|  0|   2|           1|           1|
    |and_ln102_917_fu_600_p2      |       and|   0|  0|   2|           1|           1|
    |and_ln102_918_fu_737_p2      |       and|   0|  0|   2|           1|           1|
    |and_ln102_919_fu_741_p2      |       and|   0|  0|   2|           1|           1|
    |and_ln102_920_fu_871_p2      |       and|   0|  0|   2|           1|           1|
    |and_ln102_921_fu_989_p2      |       and|   0|  0|   2|           1|           1|
    |and_ln102_922_fu_1082_p2     |       and|   0|  0|   2|           1|           1|
    |and_ln102_923_fu_605_p2      |       and|   0|  0|   2|           1|           1|
    |and_ln102_924_fu_559_p2      |       and|   0|  0|   2|           1|           1|
    |and_ln102_925_fu_564_p2      |       and|   0|  0|   2|           1|           1|
    |and_ln102_926_fu_609_p2      |       and|   0|  0|   2|           1|           1|
    |and_ln102_927_fu_613_p2      |       and|   0|  0|   2|           1|           1|
    |and_ln102_928_fu_618_p2      |       and|   0|  0|   2|           1|           1|
    |and_ln102_929_fu_746_p2      |       and|   0|  0|   2|           1|           1|
    |and_ln102_930_fu_750_p2      |       and|   0|  0|   2|           1|           1|
    |and_ln102_931_fu_755_p2      |       and|   0|  0|   2|           1|           1|
    |and_ln102_932_fu_760_p2      |       and|   0|  0|   2|           1|           1|
    |and_ln102_933_fu_876_p2      |       and|   0|  0|   2|           1|           1|
    |and_ln102_934_fu_881_p2      |       and|   0|  0|   2|           1|           1|
    |and_ln102_935_fu_886_p2      |       and|   0|  0|   2|           1|           1|
    |and_ln102_936_fu_890_p2      |       and|   0|  0|   2|           1|           1|
    |and_ln102_937_fu_895_p2      |       and|   0|  0|   2|           1|           1|
    |and_ln102_938_fu_993_p2      |       and|   0|  0|   2|           1|           1|
    |and_ln102_939_fu_997_p2      |       and|   0|  0|   2|           1|           1|
    |and_ln102_940_fu_1002_p2     |       and|   0|  0|   2|           1|           1|
    |and_ln102_941_fu_1007_p2     |       and|   0|  0|   2|           1|           1|
    |and_ln102_942_fu_1086_p2     |       and|   0|  0|   2|           1|           1|
    |and_ln102_943_fu_1091_p2     |       and|   0|  0|   2|           1|           1|
    |and_ln102_944_fu_1096_p2     |       and|   0|  0|   2|           1|           1|
    |and_ln102_945_fu_1158_p2     |       and|   0|  0|   2|           1|           1|
    |and_ln102_946_fu_1163_p2     |       and|   0|  0|   2|           1|           1|
    |and_ln102_fu_514_p2          |       and|   0|  0|   2|           1|           1|
    |and_ln104_135_fu_722_p2      |       and|   0|  0|   2|           1|           1|
    |and_ln104_136_fu_539_p2      |       and|   0|  0|   2|           1|           1|
    |and_ln104_137_fu_590_p2      |       and|   0|  0|   2|           1|           1|
    |and_ln104_138_fu_842_p2      |       and|   0|  0|   2|           1|           1|
    |and_ln104_139_fu_856_p2      |       and|   0|  0|   2|           1|           1|
    |and_ln104_fu_525_p2          |       and|   0|  0|   2|           1|           1|
    |icmp_ln86_735_fu_334_p2      |      icmp|   0|  0|  25|          18|           9|
    |icmp_ln86_736_fu_340_p2      |      icmp|   0|  0|  25|          18|          12|
    |icmp_ln86_737_fu_346_p2      |      icmp|   0|  0|  25|          18|          11|
    |icmp_ln86_738_fu_352_p2      |      icmp|   0|  0|  25|          18|           8|
    |icmp_ln86_739_fu_358_p2      |      icmp|   0|  0|  25|          18|          11|
    |icmp_ln86_740_fu_364_p2      |      icmp|   0|  0|  25|          18|           8|
    |icmp_ln86_741_fu_370_p2      |      icmp|   0|  0|  25|          18|          12|
    |icmp_ln86_742_fu_376_p2      |      icmp|   0|  0|  25|          18|          11|
    |icmp_ln86_743_fu_382_p2      |      icmp|   0|  0|  25|          18|          10|
    |icmp_ln86_744_fu_388_p2      |      icmp|   0|  0|  25|          18|          10|
    |icmp_ln86_745_fu_394_p2      |      icmp|   0|  0|  25|          18|          12|
    |icmp_ln86_746_fu_400_p2      |      icmp|   0|  0|  25|          18|          12|
    |icmp_ln86_747_fu_406_p2      |      icmp|   0|  0|  25|          18|          11|
    |icmp_ln86_748_fu_412_p2      |      icmp|   0|  0|  25|          18|          12|
    |icmp_ln86_749_fu_418_p2      |      icmp|   0|  0|  25|          18|          10|
    |icmp_ln86_750_fu_424_p2      |      icmp|   0|  0|  25|          18|          12|
    |icmp_ln86_751_fu_430_p2      |      icmp|   0|  0|  25|          18|          12|
    |icmp_ln86_752_fu_436_p2      |      icmp|   0|  0|  25|          18|          13|
    |icmp_ln86_753_fu_442_p2      |      icmp|   0|  0|  25|          18|          11|
    |icmp_ln86_754_fu_448_p2      |      icmp|   0|  0|  25|          18|          10|
    |icmp_ln86_755_fu_454_p2      |      icmp|   0|  0|  25|          18|          11|
    |icmp_ln86_756_fu_460_p2      |      icmp|   0|  0|  25|          18|           9|
    |icmp_ln86_757_fu_466_p2      |      icmp|   0|  0|  25|          18|           9|
    |icmp_ln86_758_fu_472_p2      |      icmp|   0|  0|  25|          18|          10|
    |icmp_ln86_759_fu_478_p2      |      icmp|   0|  0|  25|          18|          10|
    |icmp_ln86_760_fu_484_p2      |      icmp|   0|  0|  25|          18|          11|
    |icmp_ln86_761_fu_490_p2      |      icmp|   0|  0|  25|          18|          11|
    |icmp_ln86_762_fu_496_p2      |      icmp|   0|  0|  25|          18|          11|
    |icmp_ln86_763_fu_502_p2      |      icmp|   0|  0|  25|          18|          11|
    |icmp_ln86_764_fu_508_p2      |      icmp|   0|  0|  25|          18|          12|
    |icmp_ln86_fu_328_p2          |      icmp|   0|  0|  25|          18|          10|
    |or_ln117_652_fu_651_p2       |        or|   0|  0|   2|           1|           1|
    |or_ln117_653_fu_663_p2       |        or|   0|  0|   2|           1|           1|
    |or_ln117_654_fu_675_p2       |        or|   0|  0|   2|           1|           1|
    |or_ln117_655_fu_765_p2       |        or|   0|  0|   2|           1|           1|
    |or_ln117_656_fu_708_p2       |        or|   0|  0|   2|           1|           1|
    |or_ln117_657_fu_777_p2       |        or|   0|  0|   2|           1|           1|
    |or_ln117_658_fu_789_p2       |        or|   0|  0|   2|           1|           1|
    |or_ln117_659_fu_801_p2       |        or|   0|  0|   2|           1|           1|
    |or_ln117_660_fu_815_p2       |        or|   0|  0|   2|           1|           1|
    |or_ln117_661_fu_900_p2       |        or|   0|  0|   2|           1|           1|
    |or_ln117_662_fu_916_p2       |        or|   0|  0|   2|           1|           1|
    |or_ln117_663_fu_928_p2       |        or|   0|  0|   2|           1|           1|
    |or_ln117_664_fu_940_p2       |        or|   0|  0|   2|           1|           1|
    |or_ln117_665_fu_954_p2       |        or|   0|  0|   2|           1|           1|
    |or_ln117_666_fu_1012_p2      |        or|   0|  0|   2|           1|           1|
    |or_ln117_667_fu_974_p2       |        or|   0|  0|   2|           1|           1|
    |or_ln117_668_fu_1024_p2      |        or|   0|  0|   2|           1|           1|
    |or_ln117_669_fu_980_p2       |        or|   0|  0|   2|           1|           1|
    |or_ln117_670_fu_1044_p2      |        or|   0|  0|   2|           1|           1|
    |or_ln117_671_fu_1056_p2      |        or|   0|  0|   2|           1|           1|
    |or_ln117_672_fu_1101_p2      |        or|   0|  0|   2|           1|           1|
    |or_ln117_673_fu_1106_p2      |        or|   0|  0|   2|           1|           1|
    |or_ln117_674_fu_1117_p2      |        or|   0|  0|   2|           1|           1|
    |or_ln117_675_fu_1131_p2      |        or|   0|  0|   2|           1|           1|
    |or_ln117_676_fu_1168_p2      |        or|   0|  0|   2|           1|           1|
    |or_ln117_fu_570_p2           |        or|   0|  0|   2|           1|           1|
    |agg_result_fu_1180_p66       |    select|   0|  0|   5|           1|           5|
    |select_ln117_718_fu_640_p3   |    select|   0|  0|   2|           1|           2|
    |select_ln117_719_fu_656_p3   |    select|   0|  0|   4|           1|           3|
    |select_ln117_720_fu_667_p3   |    select|   0|  0|   3|           1|           3|
    |select_ln117_721_fu_681_p3   |    select|   0|  0|   3|           1|           3|
    |select_ln117_722_fu_689_p3   |    select|   0|  0|   3|           1|           3|
    |select_ln117_723_fu_701_p3   |    select|   0|  0|   5|           1|           4|
    |select_ln117_724_fu_770_p3   |    select|   0|  0|   4|           1|           4|
    |select_ln117_725_fu_782_p3   |    select|   0|  0|   4|           1|           4|
    |select_ln117_726_fu_793_p3   |    select|   0|  0|   4|           1|           4|
    |select_ln117_727_fu_807_p3   |    select|   0|  0|   4|           1|           4|
    |select_ln117_728_fu_821_p3   |    select|   0|  0|   4|           1|           4|
    |select_ln117_729_fu_829_p3   |    select|   0|  0|   4|           1|           4|
    |select_ln117_730_fu_905_p3   |    select|   0|  0|   4|           1|           4|
    |select_ln117_731_fu_921_p3   |    select|   0|  0|   6|           1|           5|
    |select_ln117_732_fu_932_p3   |    select|   0|  0|   5|           1|           5|
    |select_ln117_733_fu_946_p3   |    select|   0|  0|   5|           1|           5|
    |select_ln117_734_fu_958_p3   |    select|   0|  0|   5|           1|           5|
    |select_ln117_735_fu_966_p3   |    select|   0|  0|   5|           1|           5|
    |select_ln117_736_fu_1017_p3  |    select|   0|  0|   5|           1|           5|
    |select_ln117_737_fu_1029_p3  |    select|   0|  0|   5|           1|           5|
    |select_ln117_738_fu_1036_p3  |    select|   0|  0|   5|           1|           5|
    |select_ln117_739_fu_1049_p3  |    select|   0|  0|   5|           1|           5|
    |select_ln117_740_fu_1061_p3  |    select|   0|  0|   5|           1|           5|
    |select_ln117_741_fu_1069_p3  |    select|   0|  0|   5|           1|           5|
    |select_ln117_742_fu_1110_p3  |    select|   0|  0|   5|           1|           5|
    |select_ln117_743_fu_1123_p3  |    select|   0|  0|   5|           1|           5|
    |select_ln117_744_fu_1137_p3  |    select|   0|  0|   5|           1|           5|
    |select_ln117_745_fu_1145_p3  |    select|   0|  0|   5|           1|           5|
    |select_ln117_fu_633_p3       |    select|   0|  0|   3|           1|           2|
    |xor_ln104_347_fu_520_p2      |       xor|   0|  0|   2|           1|           2|
    |xor_ln104_348_fu_717_p2      |       xor|   0|  0|   2|           1|           2|
    |xor_ln104_349_fu_534_p2      |       xor|   0|  0|   2|           1|           2|
    |xor_ln104_350_fu_585_p2      |       xor|   0|  0|   2|           1|           2|
    |xor_ln104_351_fu_837_p2      |       xor|   0|  0|   2|           1|           2|
    |xor_ln104_352_fu_851_p2      |       xor|   0|  0|   2|           1|           2|
    |xor_ln104_353_fu_549_p2      |       xor|   0|  0|   2|           1|           2|
    |xor_ln104_354_fu_595_p2      |       xor|   0|  0|   2|           1|           2|
    |xor_ln104_355_fu_732_p2      |       xor|   0|  0|   2|           1|           2|
    |xor_ln104_356_fu_861_p2      |       xor|   0|  0|   2|           1|           2|
    |xor_ln104_357_fu_866_p2      |       xor|   0|  0|   2|           1|           2|
    |xor_ln104_358_fu_984_p2      |       xor|   0|  0|   2|           1|           2|
    |xor_ln104_359_fu_1077_p2     |       xor|   0|  0|   2|           1|           2|
    |xor_ln104_360_fu_1153_p2     |       xor|   0|  0|   2|           1|           2|
    |xor_ln104_fu_576_p2          |       xor|   0|  0|   2|           1|           2|
    |xor_ln117_fu_623_p2          |       xor|   0|  0|   2|           2|           1|
    +-----------------------------+----------+----+---+----+------------+------------+
    |Total                        |          |   0|  0|1079|         675|         561|
    +-----------------------------+----------+----+---+----+------------+------------+

    * Multiplexer: 
    N/A

    * Register: 
    +--------------------------------------+----+----+-----+-----------+
    |                 Name                 | FF | LUT| Bits| Const Bits|
    +--------------------------------------+----+----+-----+-----------+
    |and_ln102_910_reg_1569                |   1|   0|    1|          0|
    |and_ln102_911_reg_1506                |   1|   0|    1|          0|
    |and_ln102_912_reg_1541                |   1|   0|    1|          0|
    |and_ln102_913_reg_1581                |   1|   0|    1|          0|
    |and_ln102_914_reg_1608                |   1|   0|    1|          0|
    |and_ln102_914_reg_1608_pp0_iter5_reg  |   1|   0|    1|          0|
    |and_ln102_915_reg_1518                |   1|   0|    1|          0|
    |and_ln102_916_reg_1524                |   1|   0|    1|          0|
    |and_ln102_917_reg_1553                |   1|   0|    1|          0|
    |and_ln102_919_reg_1587                |   1|   0|    1|          0|
    |and_ln102_920_reg_1621                |   1|   0|    1|          0|
    |and_ln102_reg_1490                    |   1|   0|    1|          0|
    |and_ln104_135_reg_1575                |   1|   0|    1|          0|
    |and_ln104_136_reg_1513                |   1|   0|    1|          0|
    |and_ln104_137_reg_1547                |   1|   0|    1|          0|
    |and_ln104_137_reg_1547_pp0_iter3_reg  |   1|   0|    1|          0|
    |and_ln104_138_reg_1603                |   1|   0|    1|          0|
    |and_ln104_139_reg_1615                |   1|   0|    1|          0|
    |and_ln104_reg_1500                    |   1|   0|    1|          0|
    |icmp_ln86_735_reg_1327                |   1|   0|    1|          0|
    |icmp_ln86_736_reg_1332                |   1|   0|    1|          0|
    |icmp_ln86_737_reg_1338                |   1|   0|    1|          0|
    |icmp_ln86_738_reg_1344                |   1|   0|    1|          0|
    |icmp_ln86_738_reg_1344_pp0_iter1_reg  |   1|   0|    1|          0|
    |icmp_ln86_739_reg_1350                |   1|   0|    1|          0|
    |icmp_ln86_740_reg_1356                |   1|   0|    1|          0|
    |icmp_ln86_741_reg_1362                |   1|   0|    1|          0|
    |icmp_ln86_742_reg_1368                |   1|   0|    1|          0|
    |icmp_ln86_742_reg_1368_pp0_iter1_reg  |   1|   0|    1|          0|
    |icmp_ln86_743_reg_1374                |   1|   0|    1|          0|
    |icmp_ln86_744_reg_1380                |   1|   0|    1|          0|
    |icmp_ln86_745_reg_1386                |   1|   0|    1|          0|
    |icmp_ln86_746_reg_1392                |   1|   0|    1|          0|
    |icmp_ln86_747_reg_1398                |   1|   0|    1|          0|
    |icmp_ln86_748_reg_1404                |   1|   0|    1|          0|
    |icmp_ln86_749_reg_1410                |   1|   0|    1|          0|
    |icmp_ln86_749_reg_1410_pp0_iter1_reg  |   1|   0|    1|          0|
    |icmp_ln86_750_reg_1415                |   1|   0|    1|          0|
    |icmp_ln86_751_reg_1420                |   1|   0|    1|          0|
    |icmp_ln86_751_reg_1420_pp0_iter1_reg  |   1|   0|    1|          0|
    |icmp_ln86_752_reg_1425                |   1|   0|    1|          0|
    |icmp_ln86_752_reg_1425_pp0_iter1_reg  |   1|   0|    1|          0|
    |icmp_ln86_753_reg_1430                |   1|   0|    1|          0|
    |icmp_ln86_754_reg_1435                |   1|   0|    1|          0|
    |icmp_ln86_755_reg_1440                |   1|   0|    1|          0|
    |icmp_ln86_756_reg_1445                |   1|   0|    1|          0|
    |icmp_ln86_757_reg_1450                |   1|   0|    1|          0|
    |icmp_ln86_758_reg_1455                |   1|   0|    1|          0|
    |icmp_ln86_759_reg_1460                |   1|   0|    1|          0|
    |icmp_ln86_760_reg_1465                |   1|   0|    1|          0|
    |icmp_ln86_761_reg_1470                |   1|   0|    1|          0|
    |icmp_ln86_762_reg_1475                |   1|   0|    1|          0|
    |icmp_ln86_763_reg_1480                |   1|   0|    1|          0|
    |icmp_ln86_764_reg_1485                |   1|   0|    1|          0|
    |icmp_ln86_reg_1316                    |   1|   0|    1|          0|
    |or_ln117_656_reg_1563                 |   1|   0|    1|          0|
    |or_ln117_660_reg_1593                 |   1|   0|    1|          0|
    |or_ln117_665_reg_1626                 |   1|   0|    1|          0|
    |or_ln117_667_reg_1636                 |   1|   0|    1|          0|
    |or_ln117_669_reg_1642                 |   1|   0|    1|          0|
    |or_ln117_669_reg_1642_pp0_iter5_reg   |   1|   0|    1|          0|
    |or_ln117_671_reg_1650                 |   1|   0|    1|          0|
    |or_ln117_675_reg_1660                 |   1|   0|    1|          0|
    |or_ln117_reg_1530                     |   1|   0|    1|          0|
    |p_read10_int_reg                      |  18|   0|   18|          0|
    |p_read11_int_reg                      |  18|   0|   18|          0|
    |p_read12_int_reg                      |  18|   0|   18|          0|
    |p_read1_int_reg                       |  18|   0|   18|          0|
    |p_read2_int_reg                       |  18|   0|   18|          0|
    |p_read3_int_reg                       |  18|   0|   18|          0|
    |p_read4_int_reg                       |  18|   0|   18|          0|
    |p_read5_int_reg                       |  18|   0|   18|          0|
    |p_read6_int_reg                       |  18|   0|   18|          0|
    |p_read7_int_reg                       |  18|   0|   18|          0|
    |p_read8_int_reg                       |  18|   0|   18|          0|
    |p_read9_int_reg                       |  18|   0|   18|          0|
    |select_ln117_723_reg_1558             |   4|   0|    4|          0|
    |select_ln117_729_reg_1598             |   4|   0|    4|          0|
    |select_ln117_735_reg_1631             |   5|   0|    5|          0|
    |select_ln117_741_reg_1655             |   5|   0|    5|          0|
    |select_ln117_745_reg_1665             |   5|   0|    5|          0|
    |xor_ln104_reg_1535                    |   1|   0|    1|          0|
    |and_ln102_reg_1490                    |  64|  32|    1|          0|
    |and_ln104_139_reg_1615                |  64|  32|    1|          0|
    |icmp_ln86_736_reg_1332                |  64|  32|    1|          0|
    |icmp_ln86_739_reg_1350                |  64|  32|    1|          0|
    |icmp_ln86_740_reg_1356                |  64|  32|    1|          0|
    |icmp_ln86_743_reg_1374                |  64|  32|    1|          0|
    |icmp_ln86_744_reg_1380                |  64|  32|    1|          0|
    |icmp_ln86_745_reg_1386                |  64|  32|    1|          0|
    |icmp_ln86_746_reg_1392                |  64|  32|    1|          0|
    |icmp_ln86_747_reg_1398                |  64|  32|    1|          0|
    |icmp_ln86_748_reg_1404                |  64|  32|    1|          0|
    |icmp_ln86_753_reg_1430                |  64|  32|    1|          0|
    |icmp_ln86_754_reg_1435                |  64|  32|    1|          0|
    |icmp_ln86_755_reg_1440                |  64|  32|    1|          0|
    |icmp_ln86_756_reg_1445                |  64|  32|    1|          0|
    |icmp_ln86_757_reg_1450                |  64|  32|    1|          0|
    |icmp_ln86_758_reg_1455                |  64|  32|    1|          0|
    |icmp_ln86_759_reg_1460                |  64|  32|    1|          0|
    |icmp_ln86_760_reg_1465                |  64|  32|    1|          0|
    |icmp_ln86_761_reg_1470                |  64|  32|    1|          0|
    |icmp_ln86_762_reg_1475                |  64|  32|    1|          0|
    |icmp_ln86_763_reg_1480                |  64|  32|    1|          0|
    |icmp_ln86_764_reg_1485                |  64|  32|    1|          0|
    |icmp_ln86_reg_1316                    |  64|  32|    1|          0|
    +--------------------------------------+----+----+-----+-----------+
    |Total                                 |1840| 768|  328|          0|
    +--------------------------------------+----+----+-----+-----------+



================================================================
== Interface
================================================================
* Summary: 
+-----------+-----+-----+------------+----------------------+--------------+
| RTL Ports | Dir | Bits|  Protocol  |     Source Object    |    C Type    |
+-----------+-----+-----+------------+----------------------+--------------+
|ap_clk     |   in|    1|  ap_ctrl_hs|  decision_function.74|  return value|
|ap_rst     |   in|    1|  ap_ctrl_hs|  decision_function.74|  return value|
|ap_return  |  out|   12|  ap_ctrl_hs|  decision_function.74|  return value|
|ap_ce      |   in|    1|  ap_ctrl_hs|  decision_function.74|  return value|
|p_read1    |   in|   18|     ap_none|               p_read1|        scalar|
|p_read2    |   in|   18|     ap_none|               p_read2|        scalar|
|p_read3    |   in|   18|     ap_none|               p_read3|        scalar|
|p_read4    |   in|   18|     ap_none|               p_read4|        scalar|
|p_read5    |   in|   18|     ap_none|               p_read5|        scalar|
|p_read6    |   in|   18|     ap_none|               p_read6|        scalar|
|p_read7    |   in|   18|     ap_none|               p_read7|        scalar|
|p_read8    |   in|   18|     ap_none|               p_read8|        scalar|
|p_read9    |   in|   18|     ap_none|               p_read9|        scalar|
|p_read10   |   in|   18|     ap_none|              p_read10|        scalar|
|p_read11   |   in|   18|     ap_none|              p_read11|        scalar|
|p_read12   |   in|   18|     ap_none|              p_read12|        scalar|
+-----------+-----+-----+------------+----------------------+--------------+

