

================================================================
== Vitis HLS Report for 'decision_function_123'
================================================================
* Date:           Tue Mar 11 16:22:24 2025

* Version:        2024.2 (Build 5238294 on Nov  8 2024)
* Project:        conifer_jettag
* Solution:       solution1 (Vivado IP Flow Target)
* Product family: zynq
* Target device:  xc7z020-clg400-1


================================================================
== Performance Estimates
================================================================
+ Timing: 
    * Summary: 
    +--------+---------+----------+------------+
    |  Clock |  Target | Estimated| Uncertainty|
    +--------+---------+----------+------------+
    |ap_clk  |  5.00 ns|  3.645 ns|     1.35 ns|
    +--------+---------+----------+------------+

+ Latency: 
    * Summary: 
    +---------+---------+-----------+-----------+-----+-----+---------+
    |  Latency (cycles) |   Latency (absolute)  |  Interval | Pipeline|
    |   min   |   max   |    min    |    max    | min | max |   Type  |
    +---------+---------+-----------+-----------+-----+-----+---------+
    |        7|        7|  35.000 ns|  35.000 ns|    1|    1|      yes|
    +---------+---------+-----------+-----------+-----+-----+---------+

    + Detail: 
        * Instance: 
        N/A

        * Loop: 
        N/A



================================================================
== Utilization Estimates
================================================================
* Summary: 
+-----------------+---------+-----+--------+-------+-----+
|       Name      | BRAM_18K| DSP |   FF   |  LUT  | URAM|
+-----------------+---------+-----+--------+-------+-----+
|DSP              |        -|    -|       -|      -|    -|
|Expression       |        -|    -|       0|   1079|    -|
|FIFO             |        -|    -|       -|      -|    -|
|Instance         |        -|    -|       0|    142|    -|
|Memory           |        -|    -|       -|      -|    -|
|Multiplexer      |        -|    -|       -|      -|    -|
|Register         |        -|    -|    1804|    768|    -|
+-----------------+---------+-----+--------+-------+-----+
|Total            |        0|    0|    1804|   1989|    0|
+-----------------+---------+-----+--------+-------+-----+
|Available        |      280|  220|  106400|  53200|    0|
+-----------------+---------+-----+--------+-------+-----+
|Utilization (%)  |        0|    0|       1|      3|    0|
+-----------------+---------+-----+--------+-------+-----+

+ Detail: 
    * Instance: 
    +---------------------------+-----------------------+---------+----+---+-----+-----+
    |          Instance         |         Module        | BRAM_18K| DSP| FF| LUT | URAM|
    +---------------------------+-----------------------+---------+----+---+-----+-----+
    |sparsemux_65_5_12_1_1_U61  |sparsemux_65_5_12_1_1  |        0|   0|  0|  142|    0|
    +---------------------------+-----------------------+---------+----+---+-----+-----+
    |Total                      |                       |        0|   0|  0|  142|    0|
    +---------------------------+-----------------------+---------+----+---+-----+-----+

    * DSP: 
    N/A

    * Memory: 
    N/A

    * FIFO: 
    N/A

    * Expression: 
    +------------------------------+----------+----+---+----+------------+------------+
    |         Variable Name        | Operation| DSP| FF| LUT| Bitwidth P0| Bitwidth P1|
    +------------------------------+----------+----+---+----+------------+------------+
    |and_ln102_1623_fu_699_p2      |       and|   0|  0|   2|           1|           1|
    |and_ln102_1624_fu_516_p2      |       and|   0|  0|   2|           1|           1|
    |and_ln102_1625_fu_567_p2      |       and|   0|  0|   2|           1|           1|
    |and_ln102_1626_fu_713_p2      |       and|   0|  0|   2|           1|           1|
    |and_ln102_1627_fu_833_p2      |       and|   0|  0|   2|           1|           1|
    |and_ln102_1628_fu_530_p2      |       and|   0|  0|   2|           1|           1|
    |and_ln102_1629_fu_540_p2      |       and|   0|  0|   2|           1|           1|
    |and_ln102_1630_fu_586_p2      |       and|   0|  0|   2|           1|           1|
    |and_ln102_1631_fu_723_p2      |       and|   0|  0|   2|           1|           1|
    |and_ln102_1632_fu_727_p2      |       and|   0|  0|   2|           1|           1|
    |and_ln102_1633_fu_857_p2      |       and|   0|  0|   2|           1|           1|
    |and_ln102_1634_fu_975_p2      |       and|   0|  0|   2|           1|           1|
    |and_ln102_1635_fu_1068_p2     |       and|   0|  0|   2|           1|           1|
    |and_ln102_1636_fu_591_p2      |       and|   0|  0|   2|           1|           1|
    |and_ln102_1637_fu_545_p2      |       and|   0|  0|   2|           1|           1|
    |and_ln102_1638_fu_550_p2      |       and|   0|  0|   2|           1|           1|
    |and_ln102_1639_fu_595_p2      |       and|   0|  0|   2|           1|           1|
    |and_ln102_1640_fu_599_p2      |       and|   0|  0|   2|           1|           1|
    |and_ln102_1641_fu_604_p2      |       and|   0|  0|   2|           1|           1|
    |and_ln102_1642_fu_732_p2      |       and|   0|  0|   2|           1|           1|
    |and_ln102_1643_fu_736_p2      |       and|   0|  0|   2|           1|           1|
    |and_ln102_1644_fu_741_p2      |       and|   0|  0|   2|           1|           1|
    |and_ln102_1645_fu_746_p2      |       and|   0|  0|   2|           1|           1|
    |and_ln102_1646_fu_862_p2      |       and|   0|  0|   2|           1|           1|
    |and_ln102_1647_fu_867_p2      |       and|   0|  0|   2|           1|           1|
    |and_ln102_1648_fu_872_p2      |       and|   0|  0|   2|           1|           1|
    |and_ln102_1649_fu_876_p2      |       and|   0|  0|   2|           1|           1|
    |and_ln102_1650_fu_881_p2      |       and|   0|  0|   2|           1|           1|
    |and_ln102_1651_fu_979_p2      |       and|   0|  0|   2|           1|           1|
    |and_ln102_1652_fu_983_p2      |       and|   0|  0|   2|           1|           1|
    |and_ln102_1653_fu_988_p2      |       and|   0|  0|   2|           1|           1|
    |and_ln102_1654_fu_993_p2      |       and|   0|  0|   2|           1|           1|
    |and_ln102_1655_fu_1072_p2     |       and|   0|  0|   2|           1|           1|
    |and_ln102_1656_fu_1077_p2     |       and|   0|  0|   2|           1|           1|
    |and_ln102_1657_fu_1082_p2     |       and|   0|  0|   2|           1|           1|
    |and_ln102_1658_fu_1144_p2     |       and|   0|  0|   2|           1|           1|
    |and_ln102_1659_fu_1149_p2     |       and|   0|  0|   2|           1|           1|
    |and_ln102_fu_500_p2           |       and|   0|  0|   2|           1|           1|
    |and_ln104_271_fu_708_p2       |       and|   0|  0|   2|           1|           1|
    |and_ln104_272_fu_525_p2       |       and|   0|  0|   2|           1|           1|
    |and_ln104_273_fu_576_p2       |       and|   0|  0|   2|           1|           1|
    |and_ln104_274_fu_828_p2       |       and|   0|  0|   2|           1|           1|
    |and_ln104_275_fu_842_p2       |       and|   0|  0|   2|           1|           1|
    |and_ln104_fu_511_p2           |       and|   0|  0|   2|           1|           1|
    |icmp_ln86_1486_fu_320_p2      |      icmp|   0|  0|  25|          18|          10|
    |icmp_ln86_1487_fu_326_p2      |      icmp|   0|  0|  25|          18|           7|
    |icmp_ln86_1488_fu_332_p2      |      icmp|   0|  0|  25|          18|          11|
    |icmp_ln86_1489_fu_338_p2      |      icmp|   0|  0|  25|          18|           8|
    |icmp_ln86_1490_fu_344_p2      |      icmp|   0|  0|  25|          18|          10|
    |icmp_ln86_1491_fu_350_p2      |      icmp|   0|  0|  25|          18|           6|
    |icmp_ln86_1492_fu_356_p2      |      icmp|   0|  0|  25|          18|          12|
    |icmp_ln86_1493_fu_362_p2      |      icmp|   0|  0|  25|          18|          11|
    |icmp_ln86_1494_fu_368_p2      |      icmp|   0|  0|  25|          18|          11|
    |icmp_ln86_1495_fu_374_p2      |      icmp|   0|  0|  25|          18|          10|
    |icmp_ln86_1496_fu_380_p2      |      icmp|   0|  0|  25|          18|          10|
    |icmp_ln86_1497_fu_386_p2      |      icmp|   0|  0|  25|          18|          10|
    |icmp_ln86_1498_fu_392_p2      |      icmp|   0|  0|  25|          18|          10|
    |icmp_ln86_1499_fu_398_p2      |      icmp|   0|  0|  25|          18|          11|
    |icmp_ln86_1500_fu_404_p2      |      icmp|   0|  0|  25|          18|          12|
    |icmp_ln86_1501_fu_410_p2      |      icmp|   0|  0|  25|          18|          12|
    |icmp_ln86_1502_fu_416_p2      |      icmp|   0|  0|  25|          18|          11|
    |icmp_ln86_1503_fu_422_p2      |      icmp|   0|  0|  25|          18|          11|
    |icmp_ln86_1504_fu_428_p2      |      icmp|   0|  0|  25|          18|           6|
    |icmp_ln86_1505_fu_434_p2      |      icmp|   0|  0|  25|          18|          11|
    |icmp_ln86_1506_fu_440_p2      |      icmp|   0|  0|  25|          18|          11|
    |icmp_ln86_1507_fu_446_p2      |      icmp|   0|  0|  25|          18|          11|
    |icmp_ln86_1508_fu_452_p2      |      icmp|   0|  0|  25|          18|          10|
    |icmp_ln86_1509_fu_458_p2      |      icmp|   0|  0|  25|          18|           9|
    |icmp_ln86_1510_fu_464_p2      |      icmp|   0|  0|  25|          18|          11|
    |icmp_ln86_1511_fu_470_p2      |      icmp|   0|  0|  25|          18|          12|
    |icmp_ln86_1512_fu_476_p2      |      icmp|   0|  0|  25|          18|           7|
    |icmp_ln86_1513_fu_482_p2      |      icmp|   0|  0|  25|          18|          11|
    |icmp_ln86_1514_fu_488_p2      |      icmp|   0|  0|  25|          18|           8|
    |icmp_ln86_1515_fu_494_p2      |      icmp|   0|  0|  25|          18|          11|
    |icmp_ln86_fu_314_p2           |      icmp|   0|  0|  25|          18|          10|
    |or_ln117_1306_fu_637_p2       |        or|   0|  0|   2|           1|           1|
    |or_ln117_1307_fu_649_p2       |        or|   0|  0|   2|           1|           1|
    |or_ln117_1308_fu_661_p2       |        or|   0|  0|   2|           1|           1|
    |or_ln117_1309_fu_751_p2       |        or|   0|  0|   2|           1|           1|
    |or_ln117_1310_fu_694_p2       |        or|   0|  0|   2|           1|           1|
    |or_ln117_1311_fu_763_p2       |        or|   0|  0|   2|           1|           1|
    |or_ln117_1312_fu_775_p2       |        or|   0|  0|   2|           1|           1|
    |or_ln117_1313_fu_787_p2       |        or|   0|  0|   2|           1|           1|
    |or_ln117_1314_fu_801_p2       |        or|   0|  0|   2|           1|           1|
    |or_ln117_1315_fu_886_p2       |        or|   0|  0|   2|           1|           1|
    |or_ln117_1316_fu_902_p2       |        or|   0|  0|   2|           1|           1|
    |or_ln117_1317_fu_914_p2       |        or|   0|  0|   2|           1|           1|
    |or_ln117_1318_fu_926_p2       |        or|   0|  0|   2|           1|           1|
    |or_ln117_1319_fu_940_p2       |        or|   0|  0|   2|           1|           1|
    |or_ln117_1320_fu_998_p2       |        or|   0|  0|   2|           1|           1|
    |or_ln117_1321_fu_960_p2       |        or|   0|  0|   2|           1|           1|
    |or_ln117_1322_fu_1010_p2      |        or|   0|  0|   2|           1|           1|
    |or_ln117_1323_fu_966_p2       |        or|   0|  0|   2|           1|           1|
    |or_ln117_1324_fu_1030_p2      |        or|   0|  0|   2|           1|           1|
    |or_ln117_1325_fu_1042_p2      |        or|   0|  0|   2|           1|           1|
    |or_ln117_1326_fu_1087_p2      |        or|   0|  0|   2|           1|           1|
    |or_ln117_1327_fu_1092_p2      |        or|   0|  0|   2|           1|           1|
    |or_ln117_1328_fu_1103_p2      |        or|   0|  0|   2|           1|           1|
    |or_ln117_1329_fu_1117_p2      |        or|   0|  0|   2|           1|           1|
    |or_ln117_1330_fu_1154_p2      |        or|   0|  0|   2|           1|           1|
    |or_ln117_fu_556_p2            |        or|   0|  0|   2|           1|           1|
    |agg_result_fu_1166_p66        |    select|   0|  0|   5|           1|           5|
    |select_ln117_1445_fu_626_p3   |    select|   0|  0|   2|           1|           2|
    |select_ln117_1446_fu_642_p3   |    select|   0|  0|   4|           1|           3|
    |select_ln117_1447_fu_653_p3   |    select|   0|  0|   3|           1|           3|
    |select_ln117_1448_fu_667_p3   |    select|   0|  0|   3|           1|           3|
    |select_ln117_1449_fu_675_p3   |    select|   0|  0|   3|           1|           3|
    |select_ln117_1450_fu_687_p3   |    select|   0|  0|   5|           1|           4|
    |select_ln117_1451_fu_756_p3   |    select|   0|  0|   4|           1|           4|
    |select_ln117_1452_fu_768_p3   |    select|   0|  0|   4|           1|           4|
    |select_ln117_1453_fu_779_p3   |    select|   0|  0|   4|           1|           4|
    |select_ln117_1454_fu_793_p3   |    select|   0|  0|   4|           1|           4|
    |select_ln117_1455_fu_807_p3   |    select|   0|  0|   4|           1|           4|
    |select_ln117_1456_fu_815_p3   |    select|   0|  0|   4|           1|           4|
    |select_ln117_1457_fu_891_p3   |    select|   0|  0|   4|           1|           4|
    |select_ln117_1458_fu_907_p3   |    select|   0|  0|   6|           1|           5|
    |select_ln117_1459_fu_918_p3   |    select|   0|  0|   5|           1|           5|
    |select_ln117_1460_fu_932_p3   |    select|   0|  0|   5|           1|           5|
    |select_ln117_1461_fu_944_p3   |    select|   0|  0|   5|           1|           5|
    |select_ln117_1462_fu_952_p3   |    select|   0|  0|   5|           1|           5|
    |select_ln117_1463_fu_1003_p3  |    select|   0|  0|   5|           1|           5|
    |select_ln117_1464_fu_1015_p3  |    select|   0|  0|   5|           1|           5|
    |select_ln117_1465_fu_1022_p3  |    select|   0|  0|   5|           1|           5|
    |select_ln117_1466_fu_1035_p3  |    select|   0|  0|   5|           1|           5|
    |select_ln117_1467_fu_1047_p3  |    select|   0|  0|   5|           1|           5|
    |select_ln117_1468_fu_1055_p3  |    select|   0|  0|   5|           1|           5|
    |select_ln117_1469_fu_1096_p3  |    select|   0|  0|   5|           1|           5|
    |select_ln117_1470_fu_1109_p3  |    select|   0|  0|   5|           1|           5|
    |select_ln117_1471_fu_1123_p3  |    select|   0|  0|   5|           1|           5|
    |select_ln117_1472_fu_1131_p3  |    select|   0|  0|   5|           1|           5|
    |select_ln117_fu_619_p3        |    select|   0|  0|   3|           1|           2|
    |xor_ln104_705_fu_506_p2       |       xor|   0|  0|   2|           1|           2|
    |xor_ln104_706_fu_703_p2       |       xor|   0|  0|   2|           1|           2|
    |xor_ln104_707_fu_520_p2       |       xor|   0|  0|   2|           1|           2|
    |xor_ln104_708_fu_571_p2       |       xor|   0|  0|   2|           1|           2|
    |xor_ln104_709_fu_823_p2       |       xor|   0|  0|   2|           1|           2|
    |xor_ln104_710_fu_837_p2       |       xor|   0|  0|   2|           1|           2|
    |xor_ln104_711_fu_535_p2       |       xor|   0|  0|   2|           1|           2|
    |xor_ln104_712_fu_581_p2       |       xor|   0|  0|   2|           1|           2|
    |xor_ln104_713_fu_718_p2       |       xor|   0|  0|   2|           1|           2|
    |xor_ln104_714_fu_847_p2       |       xor|   0|  0|   2|           1|           2|
    |xor_ln104_715_fu_852_p2       |       xor|   0|  0|   2|           1|           2|
    |xor_ln104_716_fu_970_p2       |       xor|   0|  0|   2|           1|           2|
    |xor_ln104_717_fu_1063_p2      |       xor|   0|  0|   2|           1|           2|
    |xor_ln104_718_fu_1139_p2      |       xor|   0|  0|   2|           1|           2|
    |xor_ln104_fu_562_p2           |       xor|   0|  0|   2|           1|           2|
    |xor_ln117_fu_609_p2           |       xor|   0|  0|   2|           2|           1|
    +------------------------------+----------+----+---+----+------------+------------+
    |Total                         |          |   0|  0|1079|         675|         540|
    +------------------------------+----------+----+---+----+------------+------------+

    * Multiplexer: 
    N/A

    * Register: 
    +---------------------------------------+----+----+-----+-----------+
    |                  Name                 | FF | LUT| Bits| Const Bits|
    +---------------------------------------+----+----+-----+-----------+
    |and_ln102_1623_reg_1555                |   1|   0|    1|          0|
    |and_ln102_1624_reg_1492                |   1|   0|    1|          0|
    |and_ln102_1625_reg_1527                |   1|   0|    1|          0|
    |and_ln102_1626_reg_1567                |   1|   0|    1|          0|
    |and_ln102_1627_reg_1594                |   1|   0|    1|          0|
    |and_ln102_1627_reg_1594_pp0_iter5_reg  |   1|   0|    1|          0|
    |and_ln102_1628_reg_1504                |   1|   0|    1|          0|
    |and_ln102_1629_reg_1510                |   1|   0|    1|          0|
    |and_ln102_1630_reg_1539                |   1|   0|    1|          0|
    |and_ln102_1632_reg_1573                |   1|   0|    1|          0|
    |and_ln102_1633_reg_1607                |   1|   0|    1|          0|
    |and_ln102_reg_1476                     |   1|   0|    1|          0|
    |and_ln104_271_reg_1561                 |   1|   0|    1|          0|
    |and_ln104_272_reg_1499                 |   1|   0|    1|          0|
    |and_ln104_273_reg_1533                 |   1|   0|    1|          0|
    |and_ln104_273_reg_1533_pp0_iter3_reg   |   1|   0|    1|          0|
    |and_ln104_274_reg_1589                 |   1|   0|    1|          0|
    |and_ln104_275_reg_1601                 |   1|   0|    1|          0|
    |and_ln104_reg_1486                     |   1|   0|    1|          0|
    |icmp_ln86_1486_reg_1313                |   1|   0|    1|          0|
    |icmp_ln86_1487_reg_1318                |   1|   0|    1|          0|
    |icmp_ln86_1488_reg_1324                |   1|   0|    1|          0|
    |icmp_ln86_1489_reg_1330                |   1|   0|    1|          0|
    |icmp_ln86_1489_reg_1330_pp0_iter1_reg  |   1|   0|    1|          0|
    |icmp_ln86_1490_reg_1336                |   1|   0|    1|          0|
    |icmp_ln86_1491_reg_1342                |   1|   0|    1|          0|
    |icmp_ln86_1492_reg_1348                |   1|   0|    1|          0|
    |icmp_ln86_1493_reg_1354                |   1|   0|    1|          0|
    |icmp_ln86_1493_reg_1354_pp0_iter1_reg  |   1|   0|    1|          0|
    |icmp_ln86_1494_reg_1360                |   1|   0|    1|          0|
    |icmp_ln86_1495_reg_1366                |   1|   0|    1|          0|
    |icmp_ln86_1496_reg_1372                |   1|   0|    1|          0|
    |icmp_ln86_1497_reg_1378                |   1|   0|    1|          0|
    |icmp_ln86_1498_reg_1384                |   1|   0|    1|          0|
    |icmp_ln86_1499_reg_1390                |   1|   0|    1|          0|
    |icmp_ln86_1500_reg_1396                |   1|   0|    1|          0|
    |icmp_ln86_1500_reg_1396_pp0_iter1_reg  |   1|   0|    1|          0|
    |icmp_ln86_1501_reg_1401                |   1|   0|    1|          0|
    |icmp_ln86_1502_reg_1406                |   1|   0|    1|          0|
    |icmp_ln86_1502_reg_1406_pp0_iter1_reg  |   1|   0|    1|          0|
    |icmp_ln86_1503_reg_1411                |   1|   0|    1|          0|
    |icmp_ln86_1503_reg_1411_pp0_iter1_reg  |   1|   0|    1|          0|
    |icmp_ln86_1504_reg_1416                |   1|   0|    1|          0|
    |icmp_ln86_1505_reg_1421                |   1|   0|    1|          0|
    |icmp_ln86_1506_reg_1426                |   1|   0|    1|          0|
    |icmp_ln86_1507_reg_1431                |   1|   0|    1|          0|
    |icmp_ln86_1508_reg_1436                |   1|   0|    1|          0|
    |icmp_ln86_1509_reg_1441                |   1|   0|    1|          0|
    |icmp_ln86_1510_reg_1446                |   1|   0|    1|          0|
    |icmp_ln86_1511_reg_1451                |   1|   0|    1|          0|
    |icmp_ln86_1512_reg_1456                |   1|   0|    1|          0|
    |icmp_ln86_1513_reg_1461                |   1|   0|    1|          0|
    |icmp_ln86_1514_reg_1466                |   1|   0|    1|          0|
    |icmp_ln86_1515_reg_1471                |   1|   0|    1|          0|
    |icmp_ln86_reg_1302                     |   1|   0|    1|          0|
    |or_ln117_1310_reg_1549                 |   1|   0|    1|          0|
    |or_ln117_1314_reg_1579                 |   1|   0|    1|          0|
    |or_ln117_1319_reg_1612                 |   1|   0|    1|          0|
    |or_ln117_1321_reg_1622                 |   1|   0|    1|          0|
    |or_ln117_1323_reg_1628                 |   1|   0|    1|          0|
    |or_ln117_1323_reg_1628_pp0_iter5_reg   |   1|   0|    1|          0|
    |or_ln117_1325_reg_1636                 |   1|   0|    1|          0|
    |or_ln117_1329_reg_1646                 |   1|   0|    1|          0|
    |or_ln117_reg_1516                      |   1|   0|    1|          0|
    |p_read10_int_reg                       |  18|   0|   18|          0|
    |p_read1_int_reg                        |  18|   0|   18|          0|
    |p_read2_int_reg                        |  18|   0|   18|          0|
    |p_read3_int_reg                        |  18|   0|   18|          0|
    |p_read4_int_reg                        |  18|   0|   18|          0|
    |p_read5_int_reg                        |  18|   0|   18|          0|
    |p_read6_int_reg                        |  18|   0|   18|          0|
    |p_read7_int_reg                        |  18|   0|   18|          0|
    |p_read8_int_reg                        |  18|   0|   18|          0|
    |p_read9_int_reg                        |  18|   0|   18|          0|
    |select_ln117_1450_reg_1544             |   4|   0|    4|          0|
    |select_ln117_1456_reg_1584             |   4|   0|    4|          0|
    |select_ln117_1462_reg_1617             |   5|   0|    5|          0|
    |select_ln117_1468_reg_1641             |   5|   0|    5|          0|
    |select_ln117_1472_reg_1651             |   5|   0|    5|          0|
    |xor_ln104_reg_1521                     |   1|   0|    1|          0|
    |and_ln102_reg_1476                     |  64|  32|    1|          0|
    |and_ln104_275_reg_1601                 |  64|  32|    1|          0|
    |icmp_ln86_1487_reg_1318                |  64|  32|    1|          0|
    |icmp_ln86_1490_reg_1336                |  64|  32|    1|          0|
    |icmp_ln86_1491_reg_1342                |  64|  32|    1|          0|
    |icmp_ln86_1494_reg_1360                |  64|  32|    1|          0|
    |icmp_ln86_1495_reg_1366                |  64|  32|    1|          0|
    |icmp_ln86_1496_reg_1372                |  64|  32|    1|          0|
    |icmp_ln86_1497_reg_1378                |  64|  32|    1|          0|
    |icmp_ln86_1498_reg_1384                |  64|  32|    1|          0|
    |icmp_ln86_1499_reg_1390                |  64|  32|    1|          0|
    |icmp_ln86_1504_reg_1416                |  64|  32|    1|          0|
    |icmp_ln86_1505_reg_1421                |  64|  32|    1|          0|
    |icmp_ln86_1506_reg_1426                |  64|  32|    1|          0|
    |icmp_ln86_1507_reg_1431                |  64|  32|    1|          0|
    |icmp_ln86_1508_reg_1436                |  64|  32|    1|          0|
    |icmp_ln86_1509_reg_1441                |  64|  32|    1|          0|
    |icmp_ln86_1510_reg_1446                |  64|  32|    1|          0|
    |icmp_ln86_1511_reg_1451                |  64|  32|    1|          0|
    |icmp_ln86_1512_reg_1456                |  64|  32|    1|          0|
    |icmp_ln86_1513_reg_1461                |  64|  32|    1|          0|
    |icmp_ln86_1514_reg_1466                |  64|  32|    1|          0|
    |icmp_ln86_1515_reg_1471                |  64|  32|    1|          0|
    |icmp_ln86_reg_1302                     |  64|  32|    1|          0|
    +---------------------------------------+----+----+-----+-----------+
    |Total                                  |1804| 768|  292|          0|
    +---------------------------------------+----+----+-----+-----------+



================================================================
== Interface
================================================================
* Summary: 
+-----------+-----+-----+------------+-----------------------+--------------+
| RTL Ports | Dir | Bits|  Protocol  |     Source Object     |    C Type    |
+-----------+-----+-----+------------+-----------------------+--------------+
|ap_clk     |   in|    1|  ap_ctrl_hs|  decision_function.123|  return value|
|ap_rst     |   in|    1|  ap_ctrl_hs|  decision_function.123|  return value|
|ap_return  |  out|   12|  ap_ctrl_hs|  decision_function.123|  return value|
|ap_ce      |   in|    1|  ap_ctrl_hs|  decision_function.123|  return value|
|p_read1    |   in|   18|     ap_none|                p_read1|        scalar|
|p_read2    |   in|   18|     ap_none|                p_read2|        scalar|
|p_read3    |   in|   18|     ap_none|                p_read3|        scalar|
|p_read4    |   in|   18|     ap_none|                p_read4|        scalar|
|p_read5    |   in|   18|     ap_none|                p_read5|        scalar|
|p_read6    |   in|   18|     ap_none|                p_read6|        scalar|
|p_read7    |   in|   18|     ap_none|                p_read7|        scalar|
|p_read8    |   in|   18|     ap_none|                p_read8|        scalar|
|p_read9    |   in|   18|     ap_none|                p_read9|        scalar|
|p_read10   |   in|   18|     ap_none|               p_read10|        scalar|
+-----------+-----+-----+------------+-----------------------+--------------+

