

================================================================
== Vitis HLS Report for 'decision_function_5'
================================================================
* Date:           Tue Mar 11 16:22:54 2025

* Version:        2024.2 (Build 5238294 on Nov  8 2024)
* Project:        conifer_jettag
* Solution:       solution1 (Vivado IP Flow Target)
* Product family: zynq
* Target device:  xc7z020-clg400-1


================================================================
== Performance Estimates
================================================================
+ Timing: 
    * Summary: 
    +--------+---------+----------+------------+
    |  Clock |  Target | Estimated| Uncertainty|
    +--------+---------+----------+------------+
    |ap_clk  |  5.00 ns|  3.645 ns|     1.35 ns|
    +--------+---------+----------+------------+

+ Latency: 
    * Summary: 
    +---------+---------+-----------+-----------+-----+-----+---------+
    |  Latency (cycles) |   Latency (absolute)  |  Interval | Pipeline|
    |   min   |   max   |    min    |    max    | min | max |   Type  |
    +---------+---------+-----------+-----------+-----+-----+---------+
    |        8|        8|  40.000 ns|  40.000 ns|    1|    1|      yes|
    +---------+---------+-----------+-----------+-----+-----+---------+

    + Detail: 
        * Instance: 
        N/A

        * Loop: 
        N/A



================================================================
== Utilization Estimates
================================================================
* Summary: 
+-----------------+---------+-----+--------+-------+-----+
|       Name      | BRAM_18K| DSP |   FF   |  LUT  | URAM|
+-----------------+---------+-----+--------+-------+-----+
|DSP              |        -|    -|       -|      -|    -|
|Expression       |        -|    -|       0|   1069|    -|
|FIFO             |        -|    -|       -|      -|    -|
|Instance         |        -|    -|       0|    138|    -|
|Memory           |        -|    -|       -|      -|    -|
|Multiplexer      |        -|    -|       -|      -|    -|
|Register         |        -|    -|    1820|    768|    -|
+-----------------+---------+-----+--------+-------+-----+
|Total            |        0|    0|    1820|   1975|    0|
+-----------------+---------+-----+--------+-------+-----+
|Available        |      280|  220|  106400|  53200|    0|
+-----------------+---------+-----+--------+-------+-----+
|Utilization (%)  |        0|    0|       1|      3|    0|
+-----------------+---------+-----+--------+-------+-----+

+ Detail: 
    * Instance: 
    +--------------------------------+--------------------------+---------+----+---+-----+-----+
    |            Instance            |          Module          | BRAM_18K| DSP| FF| LUT | URAM|
    +--------------------------------+--------------------------+---------+----+---+-----+-----+
    |sparsemux_63_5_12_1_1_x5_U1248  |sparsemux_63_5_12_1_1_x5  |        0|   0|  0|  138|    0|
    +--------------------------------+--------------------------+---------+----+---+-----+-----+
    |Total                           |                          |        0|   0|  0|  138|    0|
    +--------------------------------+--------------------------+---------+----+---+-----+-----+

    * DSP: 
    N/A

    * Memory: 
    N/A

    * FIFO: 
    N/A

    * Expression: 
    +-----------------------------+----------+----+---+----+------------+------------+
    |        Variable Name        | Operation| DSP| FF| LUT| Bitwidth P0| Bitwidth P1|
    +-----------------------------+----------+----+---+----+------------+------------+
    |and_ln102_136_fu_498_p2      |       and|   0|  0|   2|           1|           1|
    |and_ln102_137_fu_512_p2      |       and|   0|  0|   2|           1|           1|
    |and_ln102_138_fu_569_p2      |       and|   0|  0|   2|           1|           1|
    |and_ln102_139_fu_801_p2      |       and|   0|  0|   2|           1|           1|
    |and_ln102_140_fu_517_p2      |       and|   0|  0|   2|           1|           1|
    |and_ln102_141_fu_533_p2      |       and|   0|  0|   2|           1|           1|
    |and_ln102_142_fu_590_p2      |       and|   0|  0|   2|           1|           1|
    |and_ln102_143_fu_701_p2      |       and|   0|  0|   2|           1|           1|
    |and_ln102_144_fu_705_p2      |       and|   0|  0|   2|           1|           1|
    |and_ln102_145_fu_825_p2      |       and|   0|  0|   2|           1|           1|
    |and_ln102_146_fu_933_p2      |       and|   0|  0|   2|           1|           1|
    |and_ln102_147_fu_595_p2      |       and|   0|  0|   2|           1|           1|
    |and_ln102_148_fu_1037_p2     |       and|   0|  0|   2|           1|           1|
    |and_ln102_149_fu_599_p2      |       and|   0|  0|   2|           1|           1|
    |and_ln102_150_fu_608_p2      |       and|   0|  0|   2|           1|           1|
    |and_ln102_151_fu_709_p2      |       and|   0|  0|   2|           1|           1|
    |and_ln102_152_fu_718_p2      |       and|   0|  0|   2|           1|           1|
    |and_ln102_153_fu_723_p2      |       and|   0|  0|   2|           1|           1|
    |and_ln102_154_fu_835_p2      |       and|   0|  0|   2|           1|           1|
    |and_ln102_155_fu_840_p2      |       and|   0|  0|   2|           1|           1|
    |and_ln102_156_fu_849_p2      |       and|   0|  0|   2|           1|           1|
    |and_ln102_157_fu_937_p2      |       and|   0|  0|   2|           1|           1|
    |and_ln102_158_fu_946_p2      |       and|   0|  0|   2|           1|           1|
    |and_ln102_159_fu_951_p2      |       and|   0|  0|   2|           1|           1|
    |and_ln102_160_fu_1046_p2     |       and|   0|  0|   2|           1|           1|
    |and_ln102_161_fu_1051_p2     |       and|   0|  0|   2|           1|           1|
    |and_ln102_162_fu_1055_p2     |       and|   0|  0|   2|           1|           1|
    |and_ln102_163_fu_1142_p2     |       and|   0|  0|   2|           1|           1|
    |and_ln102_164_fu_603_p2      |       and|   0|  0|   2|           1|           1|
    |and_ln102_165_fu_713_p2      |       and|   0|  0|   2|           1|           1|
    |and_ln102_166_fu_830_p2      |       and|   0|  0|   2|           1|           1|
    |and_ln102_167_fu_844_p2      |       and|   0|  0|   2|           1|           1|
    |and_ln102_168_fu_941_p2      |       and|   0|  0|   2|           1|           1|
    |and_ln102_169_fu_1041_p2     |       and|   0|  0|   2|           1|           1|
    |and_ln102_170_fu_1137_p2     |       and|   0|  0|   2|           1|           1|
    |and_ln102_fu_494_p2          |       and|   0|  0|   2|           1|           1|
    |and_ln104_29_fu_507_p2       |       and|   0|  0|   2|           1|           1|
    |and_ln104_30_fu_564_p2       |       and|   0|  0|   2|           1|           1|
    |and_ln104_31_fu_579_p2       |       and|   0|  0|   2|           1|           1|
    |and_ln104_32_fu_810_p2       |       and|   0|  0|   2|           1|           1|
    |and_ln104_33_fu_527_p2       |       and|   0|  0|   2|           1|           1|
    |and_ln104_34_fu_543_p2       |       and|   0|  0|   2|           1|           1|
    |and_ln104_fu_554_p2          |       and|   0|  0|   2|           1|           1|
    |icmp_ln86_141_fu_314_p2      |      icmp|   0|  0|  25|          18|           9|
    |icmp_ln86_142_fu_320_p2      |      icmp|   0|  0|  25|          18|          11|
    |icmp_ln86_143_fu_326_p2      |      icmp|   0|  0|  25|          18|           9|
    |icmp_ln86_144_fu_332_p2      |      icmp|   0|  0|  25|          18|           6|
    |icmp_ln86_145_fu_338_p2      |      icmp|   0|  0|  25|          18|          10|
    |icmp_ln86_146_fu_344_p2      |      icmp|   0|  0|  25|          18|          11|
    |icmp_ln86_147_fu_350_p2      |      icmp|   0|  0|  25|          18|          10|
    |icmp_ln86_148_fu_356_p2      |      icmp|   0|  0|  25|          18|           7|
    |icmp_ln86_149_fu_362_p2      |      icmp|   0|  0|  25|          18|          10|
    |icmp_ln86_150_fu_368_p2      |      icmp|   0|  0|  25|          18|          12|
    |icmp_ln86_151_fu_374_p2      |      icmp|   0|  0|  25|          18|          10|
    |icmp_ln86_152_fu_380_p2      |      icmp|   0|  0|  25|          18|           9|
    |icmp_ln86_153_fu_386_p2      |      icmp|   0|  0|  25|          18|          11|
    |icmp_ln86_154_fu_392_p2      |      icmp|   0|  0|  25|          18|           8|
    |icmp_ln86_155_fu_398_p2      |      icmp|   0|  0|  25|          18|           8|
    |icmp_ln86_156_fu_404_p2      |      icmp|   0|  0|  25|          18|          11|
    |icmp_ln86_157_fu_410_p2      |      icmp|   0|  0|  25|          18|          11|
    |icmp_ln86_158_fu_416_p2      |      icmp|   0|  0|  25|          18|           7|
    |icmp_ln86_159_fu_422_p2      |      icmp|   0|  0|  25|          18|          12|
    |icmp_ln86_160_fu_428_p2      |      icmp|   0|  0|  25|          18|          10|
    |icmp_ln86_161_fu_434_p2      |      icmp|   0|  0|  25|          18|           9|
    |icmp_ln86_162_fu_440_p2      |      icmp|   0|  0|  25|          18|           9|
    |icmp_ln86_163_fu_446_p2      |      icmp|   0|  0|  25|          18|          11|
    |icmp_ln86_164_fu_452_p2      |      icmp|   0|  0|  25|          18|           9|
    |icmp_ln86_165_fu_458_p2      |      icmp|   0|  0|  25|          18|          12|
    |icmp_ln86_166_fu_464_p2      |      icmp|   0|  0|  25|          18|          10|
    |icmp_ln86_167_fu_470_p2      |      icmp|   0|  0|  25|          18|          11|
    |icmp_ln86_168_fu_476_p2      |      icmp|   0|  0|  25|          18|           8|
    |icmp_ln86_169_fu_482_p2      |      icmp|   0|  0|  25|          18|          11|
    |icmp_ln86_fu_308_p2          |      icmp|   0|  0|  25|          18|          11|
    |or_ln117_134_fu_632_p2       |        or|   0|  0|   2|           1|           1|
    |or_ln117_135_fu_644_p2       |        or|   0|  0|   2|           1|           1|
    |or_ln117_136_fu_662_p2       |        or|   0|  0|   2|           1|           1|
    |or_ln117_137_fu_728_p2       |        or|   0|  0|   2|           1|           1|
    |or_ln117_138_fu_682_p2       |        or|   0|  0|   2|           1|           1|
    |or_ln117_139_fu_740_p2       |        or|   0|  0|   2|           1|           1|
    |or_ln117_140_fu_688_p2       |        or|   0|  0|   2|           1|           1|
    |or_ln117_141_fu_764_p2       |        or|   0|  0|   2|           1|           1|
    |or_ln117_142_fu_776_p2       |        or|   0|  0|   2|           1|           1|
    |or_ln117_143_fu_854_p2       |        or|   0|  0|   2|           1|           1|
    |or_ln117_144_fu_797_p2       |        or|   0|  0|   2|           1|           1|
    |or_ln117_145_fu_866_p2       |        or|   0|  0|   2|           1|           1|
    |or_ln117_146_fu_878_p2       |        or|   0|  0|   2|           1|           1|
    |or_ln117_147_fu_890_p2       |        or|   0|  0|   2|           1|           1|
    |or_ln117_148_fu_692_p2       |        or|   0|  0|   2|           1|           1|
    |or_ln117_149_fu_956_p2       |        or|   0|  0|   2|           1|           1|
    |or_ln117_150_fu_923_p2       |        or|   0|  0|   2|           1|           1|
    |or_ln117_151_fu_968_p2       |        or|   0|  0|   2|           1|           1|
    |or_ln117_152_fu_980_p2       |        or|   0|  0|   2|           1|           1|
    |or_ln117_153_fu_992_p2       |        or|   0|  0|   2|           1|           1|
    |or_ln117_154_fu_1006_p2      |        or|   0|  0|   2|           1|           1|
    |or_ln117_155_fu_1060_p2      |        or|   0|  0|   2|           1|           1|
    |or_ln117_156_fu_1028_p2      |        or|   0|  0|   2|           1|           1|
    |or_ln117_157_fu_1072_p2      |        or|   0|  0|   2|           1|           1|
    |or_ln117_158_fu_1084_p2      |        or|   0|  0|   2|           1|           1|
    |or_ln117_159_fu_1096_p2      |        or|   0|  0|   2|           1|           1|
    |or_ln117_160_fu_1110_p2      |        or|   0|  0|   2|           1|           1|
    |or_ln117_161_fu_1147_p2      |        or|   0|  0|   2|           1|           1|
    |or_ln117_162_fu_1291_p2      |        or|   0|  0|   2|           1|           1|
    |or_ln117_163_fu_623_p2       |        or|   0|  0|   2|           1|           1|
    |or_ln117_fu_613_p2           |        or|   0|  0|   2|           1|           1|
    |ap_return                    |    select|   0|  0|  12|           1|          12|
    |select_ln117_136_fu_650_p3   |    select|   0|  0|   2|           1|           2|
    |select_ln117_137_fu_666_p3   |    select|   0|  0|   4|           1|           3|
    |select_ln117_138_fu_674_p3   |    select|   0|  0|   3|           1|           3|
    |select_ln117_139_fu_733_p3   |    select|   0|  0|   3|           1|           3|
    |select_ln117_140_fu_745_p3   |    select|   0|  0|   3|           1|           3|
    |select_ln117_141_fu_756_p3   |    select|   0|  0|   5|           1|           4|
    |select_ln117_142_fu_769_p3   |    select|   0|  0|   4|           1|           4|
    |select_ln117_143_fu_781_p3   |    select|   0|  0|   4|           1|           4|
    |select_ln117_144_fu_789_p3   |    select|   0|  0|   4|           1|           4|
    |select_ln117_145_fu_859_p3   |    select|   0|  0|   4|           1|           4|
    |select_ln117_146_fu_871_p3   |    select|   0|  0|   4|           1|           4|
    |select_ln117_147_fu_882_p3   |    select|   0|  0|   4|           1|           4|
    |select_ln117_148_fu_896_p3   |    select|   0|  0|   4|           1|           4|
    |select_ln117_149_fu_908_p3   |    select|   0|  0|   6|           1|           5|
    |select_ln117_150_fu_916_p3   |    select|   0|  0|   5|           1|           5|
    |select_ln117_151_fu_961_p3   |    select|   0|  0|   5|           1|           5|
    |select_ln117_152_fu_973_p3   |    select|   0|  0|   5|           1|           5|
    |select_ln117_153_fu_984_p3   |    select|   0|  0|   5|           1|           5|
    |select_ln117_154_fu_998_p3   |    select|   0|  0|   5|           1|           5|
    |select_ln117_155_fu_1012_p3  |    select|   0|  0|   5|           1|           5|
    |select_ln117_156_fu_1020_p3  |    select|   0|  0|   5|           1|           5|
    |select_ln117_157_fu_1065_p3  |    select|   0|  0|   5|           1|           5|
    |select_ln117_158_fu_1077_p3  |    select|   0|  0|   5|           1|           5|
    |select_ln117_159_fu_1088_p3  |    select|   0|  0|   5|           1|           5|
    |select_ln117_160_fu_1102_p3  |    select|   0|  0|   5|           1|           5|
    |select_ln117_161_fu_1116_p3  |    select|   0|  0|   5|           1|           5|
    |select_ln117_162_fu_1124_p3  |    select|   0|  0|   5|           1|           5|
    |select_ln117_fu_636_p3       |    select|   0|  0|   3|           1|           2|
    |tmp_fu_1159_p64              |    select|   0|  0|   5|           1|           5|
    |xor_ln104_68_fu_549_p2       |       xor|   0|  0|   2|           1|           2|
    |xor_ln104_69_fu_502_p2       |       xor|   0|  0|   2|           1|           2|
    |xor_ln104_70_fu_559_p2       |       xor|   0|  0|   2|           1|           2|
    |xor_ln104_71_fu_574_p2       |       xor|   0|  0|   2|           1|           2|
    |xor_ln104_72_fu_805_p2       |       xor|   0|  0|   2|           1|           2|
    |xor_ln104_73_fu_522_p2       |       xor|   0|  0|   2|           1|           2|
    |xor_ln104_74_fu_585_p2       |       xor|   0|  0|   2|           1|           2|
    |xor_ln104_75_fu_696_p2       |       xor|   0|  0|   2|           1|           2|
    |xor_ln104_76_fu_815_p2       |       xor|   0|  0|   2|           1|           2|
    |xor_ln104_77_fu_820_p2       |       xor|   0|  0|   2|           1|           2|
    |xor_ln104_78_fu_928_p2       |       xor|   0|  0|   2|           1|           2|
    |xor_ln104_79_fu_1032_p2      |       xor|   0|  0|   2|           1|           2|
    |xor_ln104_80_fu_538_p2       |       xor|   0|  0|   2|           1|           2|
    |xor_ln104_81_fu_1132_p2      |       xor|   0|  0|   2|           1|           2|
    |xor_ln104_fu_488_p2          |       xor|   0|  0|   2|           1|           2|
    |xor_ln117_fu_618_p2          |       xor|   0|  0|   2|           2|           1|
    +-----------------------------+----------+----+---+----+------------+------------+
    |Total                        |          |   0|  0|1069|         661|         533|
    +-----------------------------+----------+----+---+----+------------+------------+

    * Multiplexer: 
    N/A

    * Register: 
    +--------------------------------------+----+----+-----+-----------+
    |                 Name                 | FF | LUT| Bits| Const Bits|
    +--------------------------------------+----+----+-----+-----------+
    |and_ln102_136_reg_1481                |   1|   0|    1|          0|
    |and_ln102_137_reg_1488                |   1|   0|    1|          0|
    |and_ln102_138_reg_1527                |   1|   0|    1|          0|
    |and_ln102_138_reg_1527_pp0_iter3_reg  |   1|   0|    1|          0|
    |and_ln102_139_reg_1607                |   1|   0|    1|          0|
    |and_ln102_140_reg_1494                |   1|   0|    1|          0|
    |and_ln102_141_reg_1507                |   1|   0|    1|          0|
    |and_ln102_142_reg_1540                |   1|   0|    1|          0|
    |and_ln102_144_reg_1584                |   1|   0|    1|          0|
    |and_ln102_145_reg_1619                |   1|   0|    1|          0|
    |and_ln102_147_reg_1545                |   1|   0|    1|          0|
    |and_ln102_reg_1475                    |   1|   0|    1|          0|
    |and_ln104_30_reg_1522                 |   1|   0|    1|          0|
    |and_ln104_31_reg_1534                 |   1|   0|    1|          0|
    |and_ln104_31_reg_1534_pp0_iter3_reg   |   1|   0|    1|          0|
    |and_ln104_32_reg_1613                 |   1|   0|    1|          0|
    |and_ln104_32_reg_1613_pp0_iter5_reg   |   1|   0|    1|          0|
    |and_ln104_33_reg_1500                 |   1|   0|    1|          0|
    |and_ln104_34_reg_1513                 |   1|   0|    1|          0|
    |icmp_ln86_141_reg_1309                |   1|   0|    1|          0|
    |icmp_ln86_141_reg_1309_pp0_iter1_reg  |   1|   0|    1|          0|
    |icmp_ln86_142_reg_1315                |   1|   0|    1|          0|
    |icmp_ln86_143_reg_1321                |   1|   0|    1|          0|
    |icmp_ln86_143_reg_1321_pp0_iter1_reg  |   1|   0|    1|          0|
    |icmp_ln86_144_reg_1327                |   1|   0|    1|          0|
    |icmp_ln86_144_reg_1327_pp0_iter1_reg  |   1|   0|    1|          0|
    |icmp_ln86_145_reg_1333                |   1|   0|    1|          0|
    |icmp_ln86_146_reg_1339                |   1|   0|    1|          0|
    |icmp_ln86_147_reg_1345                |   1|   0|    1|          0|
    |icmp_ln86_147_reg_1345_pp0_iter1_reg  |   1|   0|    1|          0|
    |icmp_ln86_148_reg_1351                |   1|   0|    1|          0|
    |icmp_ln86_149_reg_1357                |   1|   0|    1|          0|
    |icmp_ln86_150_reg_1363                |   1|   0|    1|          0|
    |icmp_ln86_151_reg_1369                |   1|   0|    1|          0|
    |icmp_ln86_152_reg_1375                |   1|   0|    1|          0|
    |icmp_ln86_153_reg_1381                |   1|   0|    1|          0|
    |icmp_ln86_153_reg_1381_pp0_iter1_reg  |   1|   0|    1|          0|
    |icmp_ln86_154_reg_1388                |   1|   0|    1|          0|
    |icmp_ln86_155_reg_1394                |   1|   0|    1|          0|
    |icmp_ln86_155_reg_1394_pp0_iter1_reg  |   1|   0|    1|          0|
    |icmp_ln86_156_reg_1399                |   1|   0|    1|          0|
    |icmp_ln86_156_reg_1399_pp0_iter1_reg  |   1|   0|    1|          0|
    |icmp_ln86_157_reg_1404                |   1|   0|    1|          0|
    |icmp_ln86_158_reg_1409                |   1|   0|    1|          0|
    |icmp_ln86_159_reg_1414                |   1|   0|    1|          0|
    |icmp_ln86_160_reg_1419                |   1|   0|    1|          0|
    |icmp_ln86_161_reg_1424                |   1|   0|    1|          0|
    |icmp_ln86_162_reg_1429                |   1|   0|    1|          0|
    |icmp_ln86_163_reg_1434                |   1|   0|    1|          0|
    |icmp_ln86_164_reg_1439                |   1|   0|    1|          0|
    |icmp_ln86_165_reg_1444                |   1|   0|    1|          0|
    |icmp_ln86_166_reg_1449                |   1|   0|    1|          0|
    |icmp_ln86_167_reg_1454                |   1|   0|    1|          0|
    |icmp_ln86_168_reg_1459                |   1|   0|    1|          0|
    |icmp_ln86_169_reg_1464                |   1|   0|    1|          0|
    |icmp_ln86_reg_1302                    |   1|   0|    1|          0|
    |icmp_ln86_reg_1302_pp0_iter1_reg      |   1|   0|    1|          0|
    |or_ln117_136_reg_1551                 |   1|   0|    1|          0|
    |or_ln117_138_reg_1561                 |   1|   0|    1|          0|
    |or_ln117_140_reg_1567                 |   1|   0|    1|          0|
    |or_ln117_142_reg_1590                 |   1|   0|    1|          0|
    |or_ln117_144_reg_1600                 |   1|   0|    1|          0|
    |or_ln117_148_reg_1575                 |   1|   0|    1|          0|
    |or_ln117_150_reg_1629                 |   1|   0|    1|          0|
    |or_ln117_154_reg_1635                 |   1|   0|    1|          0|
    |or_ln117_156_reg_1645                 |   1|   0|    1|          0|
    |or_ln117_158_reg_1652                 |   1|   0|    1|          0|
    |or_ln117_158_reg_1652_pp0_iter7_reg   |   1|   0|    1|          0|
    |or_ln117_160_reg_1657                 |   1|   0|    1|          0|
    |p_read10_int_reg                      |  18|   0|   18|          0|
    |p_read1_int_reg                       |  18|   0|   18|          0|
    |p_read2_int_reg                       |  18|   0|   18|          0|
    |p_read3_int_reg                       |  18|   0|   18|          0|
    |p_read4_int_reg                       |  18|   0|   18|          0|
    |p_read5_int_reg                       |  18|   0|   18|          0|
    |p_read6_int_reg                       |  18|   0|   18|          0|
    |p_read7_int_reg                       |  18|   0|   18|          0|
    |p_read8_int_reg                       |  18|   0|   18|          0|
    |p_read9_int_reg                       |  18|   0|   18|          0|
    |select_ln117_138_reg_1556             |   3|   0|    3|          0|
    |select_ln117_144_reg_1595             |   4|   0|    4|          0|
    |select_ln117_150_reg_1624             |   5|   0|    5|          0|
    |select_ln117_156_reg_1640             |   5|   0|    5|          0|
    |select_ln117_162_reg_1662             |   5|   0|    5|          0|
    |tmp_reg_1667                          |  12|   0|   12|          0|
    |xor_ln104_reg_1469                    |   1|   0|    1|          0|
    |and_ln102_136_reg_1481                |  64|  32|    1|          0|
    |and_ln102_147_reg_1545                |  64|  32|    1|          0|
    |and_ln104_33_reg_1500                 |  64|  32|    1|          0|
    |icmp_ln86_145_reg_1333                |  64|  32|    1|          0|
    |icmp_ln86_148_reg_1351                |  64|  32|    1|          0|
    |icmp_ln86_149_reg_1357                |  64|  32|    1|          0|
    |icmp_ln86_150_reg_1363                |  64|  32|    1|          0|
    |icmp_ln86_151_reg_1369                |  64|  32|    1|          0|
    |icmp_ln86_152_reg_1375                |  64|  32|    1|          0|
    |icmp_ln86_154_reg_1388                |  64|  32|    1|          0|
    |icmp_ln86_157_reg_1404                |  64|  32|    1|          0|
    |icmp_ln86_158_reg_1409                |  64|  32|    1|          0|
    |icmp_ln86_159_reg_1414                |  64|  32|    1|          0|
    |icmp_ln86_160_reg_1419                |  64|  32|    1|          0|
    |icmp_ln86_161_reg_1424                |  64|  32|    1|          0|
    |icmp_ln86_162_reg_1429                |  64|  32|    1|          0|
    |icmp_ln86_163_reg_1434                |  64|  32|    1|          0|
    |icmp_ln86_164_reg_1439                |  64|  32|    1|          0|
    |icmp_ln86_165_reg_1444                |  64|  32|    1|          0|
    |icmp_ln86_166_reg_1449                |  64|  32|    1|          0|
    |icmp_ln86_167_reg_1454                |  64|  32|    1|          0|
    |icmp_ln86_168_reg_1459                |  64|  32|    1|          0|
    |icmp_ln86_169_reg_1464                |  64|  32|    1|          0|
    |or_ln117_148_reg_1575                 |  64|  32|    1|          0|
    +--------------------------------------+----+----+-----+-----------+
    |Total                                 |1820| 768|  308|          0|
    +--------------------------------------+----+----+-----+-----------+



================================================================
== Interface
================================================================
* Summary: 
+-----------+-----+-----+------------+---------------------+--------------+
| RTL Ports | Dir | Bits|  Protocol  |    Source Object    |    C Type    |
+-----------+-----+-----+------------+---------------------+--------------+
|ap_clk     |   in|    1|  ap_ctrl_hs|  decision_function.5|  return value|
|ap_rst     |   in|    1|  ap_ctrl_hs|  decision_function.5|  return value|
|ap_return  |  out|   12|  ap_ctrl_hs|  decision_function.5|  return value|
|ap_ce      |   in|    1|  ap_ctrl_hs|  decision_function.5|  return value|
|p_read1    |   in|   18|     ap_none|              p_read1|        scalar|
|p_read2    |   in|   18|     ap_none|              p_read2|        scalar|
|p_read3    |   in|   18|     ap_none|              p_read3|        scalar|
|p_read4    |   in|   18|     ap_none|              p_read4|        scalar|
|p_read5    |   in|   18|     ap_none|              p_read5|        scalar|
|p_read6    |   in|   18|     ap_none|              p_read6|        scalar|
|p_read7    |   in|   18|     ap_none|              p_read7|        scalar|
|p_read8    |   in|   18|     ap_none|              p_read8|        scalar|
|p_read9    |   in|   18|     ap_none|              p_read9|        scalar|
|p_read10   |   in|   18|     ap_none|             p_read10|        scalar|
+-----------+-----+-----+------------+---------------------+--------------+

