

================================================================
== Vitis HLS Report for 'decision_function_18'
================================================================
* Date:           Tue Mar 11 16:22:49 2025

* Version:        2024.2 (Build 5238294 on Nov  8 2024)
* Project:        conifer_jettag
* Solution:       solution1 (Vivado IP Flow Target)
* Product family: zynq
* Target device:  xc7z020-clg400-1


================================================================
== Performance Estimates
================================================================
+ Timing: 
    * Summary: 
    +--------+---------+----------+------------+
    |  Clock |  Target | Estimated| Uncertainty|
    +--------+---------+----------+------------+
    |ap_clk  |  5.00 ns|  3.645 ns|     1.35 ns|
    +--------+---------+----------+------------+

+ Latency: 
    * Summary: 
    +---------+---------+-----------+-----------+-----+-----+---------+
    |  Latency (cycles) |   Latency (absolute)  |  Interval | Pipeline|
    |   min   |   max   |    min    |    max    | min | max |   Type  |
    +---------+---------+-----------+-----------+-----+-----+---------+
    |        7|        7|  35.000 ns|  35.000 ns|    1|    1|      yes|
    +---------+---------+-----------+-----------+-----+-----+---------+

    + Detail: 
        * Instance: 
        N/A

        * Loop: 
        N/A



================================================================
== Utilization Estimates
================================================================
* Summary: 
+-----------------+---------+-----+--------+-------+-----+
|       Name      | BRAM_18K| DSP |   FF   |  LUT  | URAM|
+-----------------+---------+-----+--------+-------+-----+
|DSP              |        -|    -|       -|      -|    -|
|Expression       |        -|    -|       0|   1079|    -|
|FIFO             |        -|    -|       -|      -|    -|
|Instance         |        -|    -|       0|    142|    -|
|Memory           |        -|    -|       -|      -|    -|
|Multiplexer      |        -|    -|       -|      -|    -|
|Register         |        -|    -|    1840|    768|    -|
+-----------------+---------+-----+--------+-------+-----+
|Total            |        0|    0|    1840|   1989|    0|
+-----------------+---------+-----+--------+-------+-----+
|Available        |      280|  220|  106400|  53200|    0|
+-----------------+---------+-----+--------+-------+-----+
|Utilization (%)  |        0|    0|       1|      3|    0|
+-----------------+---------+-----+--------+-------+-----+

+ Detail: 
    * Instance: 
    +---------------------------------+---------------------------+---------+----+---+-----+-----+
    |             Instance            |           Module          | BRAM_18K| DSP| FF| LUT | URAM|
    +---------------------------------+---------------------------+---------+----+---+-----+-----+
    |sparsemux_65_5_12_1_1_x22_U1082  |sparsemux_65_5_12_1_1_x22  |        0|   0|  0|  142|    0|
    +---------------------------------+---------------------------+---------+----+---+-----+-----+
    |Total                            |                           |        0|   0|  0|  142|    0|
    +---------------------------------+---------------------------+---------+----+---+-----+-----+

    * DSP: 
    N/A

    * Memory: 
    N/A

    * FIFO: 
    N/A

    * Expression: 
    +-----------------------------+----------+----+---+----+------------+------------+
    |        Variable Name        | Operation| DSP| FF| LUT| Bitwidth P0| Bitwidth P1|
    +-----------------------------+----------+----+---+----+------------+------------+
    |and_ln102_488_fu_715_p2      |       and|   0|  0|   2|           1|           1|
    |and_ln102_489_fu_532_p2      |       and|   0|  0|   2|           1|           1|
    |and_ln102_490_fu_583_p2      |       and|   0|  0|   2|           1|           1|
    |and_ln102_491_fu_729_p2      |       and|   0|  0|   2|           1|           1|
    |and_ln102_492_fu_849_p2      |       and|   0|  0|   2|           1|           1|
    |and_ln102_493_fu_546_p2      |       and|   0|  0|   2|           1|           1|
    |and_ln102_494_fu_556_p2      |       and|   0|  0|   2|           1|           1|
    |and_ln102_495_fu_602_p2      |       and|   0|  0|   2|           1|           1|
    |and_ln102_496_fu_739_p2      |       and|   0|  0|   2|           1|           1|
    |and_ln102_497_fu_743_p2      |       and|   0|  0|   2|           1|           1|
    |and_ln102_498_fu_873_p2      |       and|   0|  0|   2|           1|           1|
    |and_ln102_499_fu_991_p2      |       and|   0|  0|   2|           1|           1|
    |and_ln102_500_fu_1084_p2     |       and|   0|  0|   2|           1|           1|
    |and_ln102_501_fu_607_p2      |       and|   0|  0|   2|           1|           1|
    |and_ln102_502_fu_566_p2      |       and|   0|  0|   2|           1|           1|
    |and_ln102_503_fu_611_p2      |       and|   0|  0|   2|           1|           1|
    |and_ln102_504_fu_620_p2      |       and|   0|  0|   2|           1|           1|
    |and_ln102_505_fu_748_p2      |       and|   0|  0|   2|           1|           1|
    |and_ln102_506_fu_757_p2      |       and|   0|  0|   2|           1|           1|
    |and_ln102_507_fu_762_p2      |       and|   0|  0|   2|           1|           1|
    |and_ln102_508_fu_883_p2      |       and|   0|  0|   2|           1|           1|
    |and_ln102_509_fu_888_p2      |       and|   0|  0|   2|           1|           1|
    |and_ln102_510_fu_897_p2      |       and|   0|  0|   2|           1|           1|
    |and_ln102_511_fu_995_p2      |       and|   0|  0|   2|           1|           1|
    |and_ln102_512_fu_1004_p2     |       and|   0|  0|   2|           1|           1|
    |and_ln102_513_fu_1009_p2     |       and|   0|  0|   2|           1|           1|
    |and_ln102_514_fu_1093_p2     |       and|   0|  0|   2|           1|           1|
    |and_ln102_515_fu_1098_p2     |       and|   0|  0|   2|           1|           1|
    |and_ln102_516_fu_1165_p2     |       and|   0|  0|   2|           1|           1|
    |and_ln102_517_fu_561_p2      |       and|   0|  0|   2|           1|           1|
    |and_ln102_518_fu_615_p2      |       and|   0|  0|   2|           1|           1|
    |and_ln102_519_fu_752_p2      |       and|   0|  0|   2|           1|           1|
    |and_ln102_520_fu_878_p2      |       and|   0|  0|   2|           1|           1|
    |and_ln102_521_fu_892_p2      |       and|   0|  0|   2|           1|           1|
    |and_ln102_522_fu_999_p2      |       and|   0|  0|   2|           1|           1|
    |and_ln102_523_fu_1088_p2     |       and|   0|  0|   2|           1|           1|
    |and_ln102_524_fu_1160_p2     |       and|   0|  0|   2|           1|           1|
    |and_ln102_fu_516_p2          |       and|   0|  0|   2|           1|           1|
    |and_ln104_104_fu_724_p2      |       and|   0|  0|   2|           1|           1|
    |and_ln104_105_fu_541_p2      |       and|   0|  0|   2|           1|           1|
    |and_ln104_106_fu_592_p2      |       and|   0|  0|   2|           1|           1|
    |and_ln104_107_fu_844_p2      |       and|   0|  0|   2|           1|           1|
    |and_ln104_108_fu_858_p2      |       and|   0|  0|   2|           1|           1|
    |and_ln104_fu_527_p2          |       and|   0|  0|   2|           1|           1|
    |icmp_ln86_509_fu_336_p2      |      icmp|   0|  0|  25|          18|          11|
    |icmp_ln86_510_fu_342_p2      |      icmp|   0|  0|  25|          18|          11|
    |icmp_ln86_511_fu_348_p2      |      icmp|   0|  0|  25|          18|          11|
    |icmp_ln86_512_fu_354_p2      |      icmp|   0|  0|  25|          18|          12|
    |icmp_ln86_513_fu_360_p2      |      icmp|   0|  0|  25|          18|           7|
    |icmp_ln86_514_fu_366_p2      |      icmp|   0|  0|  25|          18|           9|
    |icmp_ln86_515_fu_372_p2      |      icmp|   0|  0|  25|          18|          10|
    |icmp_ln86_516_fu_378_p2      |      icmp|   0|  0|  25|          18|          10|
    |icmp_ln86_517_fu_384_p2      |      icmp|   0|  0|  25|          18|          11|
    |icmp_ln86_518_fu_390_p2      |      icmp|   0|  0|  25|          18|          10|
    |icmp_ln86_519_fu_396_p2      |      icmp|   0|  0|  25|          18|          12|
    |icmp_ln86_520_fu_402_p2      |      icmp|   0|  0|  25|          18|          11|
    |icmp_ln86_521_fu_408_p2      |      icmp|   0|  0|  25|          18|          11|
    |icmp_ln86_522_fu_414_p2      |      icmp|   0|  0|  25|          18|          12|
    |icmp_ln86_523_fu_420_p2      |      icmp|   0|  0|  25|          18|          10|
    |icmp_ln86_524_fu_426_p2      |      icmp|   0|  0|  25|          18|          11|
    |icmp_ln86_525_fu_432_p2      |      icmp|   0|  0|  25|          18|          10|
    |icmp_ln86_526_fu_438_p2      |      icmp|   0|  0|  25|          18|          11|
    |icmp_ln86_527_fu_444_p2      |      icmp|   0|  0|  25|          18|          10|
    |icmp_ln86_528_fu_450_p2      |      icmp|   0|  0|  25|          18|          11|
    |icmp_ln86_529_fu_456_p2      |      icmp|   0|  0|  25|          18|           5|
    |icmp_ln86_530_fu_462_p2      |      icmp|   0|  0|  25|          18|          12|
    |icmp_ln86_531_fu_468_p2      |      icmp|   0|  0|  25|          18|          10|
    |icmp_ln86_532_fu_474_p2      |      icmp|   0|  0|  25|          18|          13|
    |icmp_ln86_533_fu_480_p2      |      icmp|   0|  0|  25|          18|          10|
    |icmp_ln86_534_fu_486_p2      |      icmp|   0|  0|  25|          18|           9|
    |icmp_ln86_535_fu_492_p2      |      icmp|   0|  0|  25|          18|          10|
    |icmp_ln86_536_fu_498_p2      |      icmp|   0|  0|  25|          18|          12|
    |icmp_ln86_537_fu_504_p2      |      icmp|   0|  0|  25|          18|          12|
    |icmp_ln86_538_fu_510_p2      |      icmp|   0|  0|  25|          18|          12|
    |icmp_ln86_fu_330_p2          |      icmp|   0|  0|  25|          18|          11|
    |or_ln117_474_fu_653_p2       |        or|   0|  0|   2|           1|           1|
    |or_ln117_475_fu_665_p2       |        or|   0|  0|   2|           1|           1|
    |or_ln117_476_fu_677_p2       |        or|   0|  0|   2|           1|           1|
    |or_ln117_477_fu_767_p2       |        or|   0|  0|   2|           1|           1|
    |or_ln117_478_fu_710_p2       |        or|   0|  0|   2|           1|           1|
    |or_ln117_479_fu_779_p2       |        or|   0|  0|   2|           1|           1|
    |or_ln117_480_fu_791_p2       |        or|   0|  0|   2|           1|           1|
    |or_ln117_481_fu_803_p2       |        or|   0|  0|   2|           1|           1|
    |or_ln117_482_fu_817_p2       |        or|   0|  0|   2|           1|           1|
    |or_ln117_483_fu_902_p2       |        or|   0|  0|   2|           1|           1|
    |or_ln117_484_fu_918_p2       |        or|   0|  0|   2|           1|           1|
    |or_ln117_485_fu_930_p2       |        or|   0|  0|   2|           1|           1|
    |or_ln117_486_fu_942_p2       |        or|   0|  0|   2|           1|           1|
    |or_ln117_487_fu_956_p2       |        or|   0|  0|   2|           1|           1|
    |or_ln117_488_fu_1014_p2      |        or|   0|  0|   2|           1|           1|
    |or_ln117_489_fu_976_p2       |        or|   0|  0|   2|           1|           1|
    |or_ln117_490_fu_1026_p2      |        or|   0|  0|   2|           1|           1|
    |or_ln117_491_fu_982_p2       |        or|   0|  0|   2|           1|           1|
    |or_ln117_492_fu_1046_p2      |        or|   0|  0|   2|           1|           1|
    |or_ln117_493_fu_1058_p2      |        or|   0|  0|   2|           1|           1|
    |or_ln117_494_fu_1103_p2      |        or|   0|  0|   2|           1|           1|
    |or_ln117_495_fu_1108_p2      |        or|   0|  0|   2|           1|           1|
    |or_ln117_496_fu_1119_p2      |        or|   0|  0|   2|           1|           1|
    |or_ln117_497_fu_1133_p2      |        or|   0|  0|   2|           1|           1|
    |or_ln117_498_fu_1170_p2      |        or|   0|  0|   2|           1|           1|
    |or_ln117_fu_572_p2           |        or|   0|  0|   2|           1|           1|
    |agg_result_fu_1182_p66       |    select|   0|  0|   5|           1|           5|
    |select_ln117_491_fu_642_p3   |    select|   0|  0|   2|           1|           2|
    |select_ln117_492_fu_658_p3   |    select|   0|  0|   4|           1|           3|
    |select_ln117_493_fu_669_p3   |    select|   0|  0|   3|           1|           3|
    |select_ln117_494_fu_683_p3   |    select|   0|  0|   3|           1|           3|
    |select_ln117_495_fu_691_p3   |    select|   0|  0|   3|           1|           3|
    |select_ln117_496_fu_703_p3   |    select|   0|  0|   5|           1|           4|
    |select_ln117_497_fu_772_p3   |    select|   0|  0|   4|           1|           4|
    |select_ln117_498_fu_784_p3   |    select|   0|  0|   4|           1|           4|
    |select_ln117_499_fu_795_p3   |    select|   0|  0|   4|           1|           4|
    |select_ln117_500_fu_809_p3   |    select|   0|  0|   4|           1|           4|
    |select_ln117_501_fu_823_p3   |    select|   0|  0|   4|           1|           4|
    |select_ln117_502_fu_831_p3   |    select|   0|  0|   4|           1|           4|
    |select_ln117_503_fu_907_p3   |    select|   0|  0|   4|           1|           4|
    |select_ln117_504_fu_923_p3   |    select|   0|  0|   6|           1|           5|
    |select_ln117_505_fu_934_p3   |    select|   0|  0|   5|           1|           5|
    |select_ln117_506_fu_948_p3   |    select|   0|  0|   5|           1|           5|
    |select_ln117_507_fu_960_p3   |    select|   0|  0|   5|           1|           5|
    |select_ln117_508_fu_968_p3   |    select|   0|  0|   5|           1|           5|
    |select_ln117_509_fu_1019_p3  |    select|   0|  0|   5|           1|           5|
    |select_ln117_510_fu_1031_p3  |    select|   0|  0|   5|           1|           5|
    |select_ln117_511_fu_1038_p3  |    select|   0|  0|   5|           1|           5|
    |select_ln117_512_fu_1051_p3  |    select|   0|  0|   5|           1|           5|
    |select_ln117_513_fu_1063_p3  |    select|   0|  0|   5|           1|           5|
    |select_ln117_514_fu_1071_p3  |    select|   0|  0|   5|           1|           5|
    |select_ln117_515_fu_1112_p3  |    select|   0|  0|   5|           1|           5|
    |select_ln117_516_fu_1125_p3  |    select|   0|  0|   5|           1|           5|
    |select_ln117_517_fu_1139_p3  |    select|   0|  0|   5|           1|           5|
    |select_ln117_518_fu_1147_p3  |    select|   0|  0|   5|           1|           5|
    |select_ln117_fu_635_p3       |    select|   0|  0|   3|           1|           2|
    |xor_ln104_247_fu_522_p2      |       xor|   0|  0|   2|           1|           2|
    |xor_ln104_248_fu_719_p2      |       xor|   0|  0|   2|           1|           2|
    |xor_ln104_249_fu_536_p2      |       xor|   0|  0|   2|           1|           2|
    |xor_ln104_250_fu_587_p2      |       xor|   0|  0|   2|           1|           2|
    |xor_ln104_251_fu_839_p2      |       xor|   0|  0|   2|           1|           2|
    |xor_ln104_252_fu_853_p2      |       xor|   0|  0|   2|           1|           2|
    |xor_ln104_253_fu_551_p2      |       xor|   0|  0|   2|           1|           2|
    |xor_ln104_254_fu_597_p2      |       xor|   0|  0|   2|           1|           2|
    |xor_ln104_255_fu_734_p2      |       xor|   0|  0|   2|           1|           2|
    |xor_ln104_256_fu_863_p2      |       xor|   0|  0|   2|           1|           2|
    |xor_ln104_257_fu_868_p2      |       xor|   0|  0|   2|           1|           2|
    |xor_ln104_258_fu_986_p2      |       xor|   0|  0|   2|           1|           2|
    |xor_ln104_259_fu_1079_p2     |       xor|   0|  0|   2|           1|           2|
    |xor_ln104_260_fu_1155_p2     |       xor|   0|  0|   2|           1|           2|
    |xor_ln104_fu_578_p2          |       xor|   0|  0|   2|           1|           2|
    |xor_ln117_fu_625_p2          |       xor|   0|  0|   2|           2|           1|
    +-----------------------------+----------+----+---+----+------------+------------+
    |Total                        |          |   0|  0|1079|         675|         556|
    +-----------------------------+----------+----+---+----+------------+------------+

    * Multiplexer: 
    N/A

    * Register: 
    +--------------------------------------+----+----+-----+-----------+
    |                 Name                 | FF | LUT| Bits| Const Bits|
    +--------------------------------------+----+----+-----+-----------+
    |and_ln102_488_reg_1571                |   1|   0|    1|          0|
    |and_ln102_489_reg_1508                |   1|   0|    1|          0|
    |and_ln102_490_reg_1543                |   1|   0|    1|          0|
    |and_ln102_491_reg_1583                |   1|   0|    1|          0|
    |and_ln102_492_reg_1610                |   1|   0|    1|          0|
    |and_ln102_492_reg_1610_pp0_iter5_reg  |   1|   0|    1|          0|
    |and_ln102_493_reg_1520                |   1|   0|    1|          0|
    |and_ln102_494_reg_1526                |   1|   0|    1|          0|
    |and_ln102_495_reg_1555                |   1|   0|    1|          0|
    |and_ln102_497_reg_1589                |   1|   0|    1|          0|
    |and_ln102_498_reg_1623                |   1|   0|    1|          0|
    |and_ln102_reg_1492                    |   1|   0|    1|          0|
    |and_ln104_104_reg_1577                |   1|   0|    1|          0|
    |and_ln104_105_reg_1515                |   1|   0|    1|          0|
    |and_ln104_106_reg_1549                |   1|   0|    1|          0|
    |and_ln104_106_reg_1549_pp0_iter3_reg  |   1|   0|    1|          0|
    |and_ln104_107_reg_1605                |   1|   0|    1|          0|
    |and_ln104_108_reg_1617                |   1|   0|    1|          0|
    |and_ln104_reg_1502                    |   1|   0|    1|          0|
    |icmp_ln86_509_reg_1329                |   1|   0|    1|          0|
    |icmp_ln86_510_reg_1334                |   1|   0|    1|          0|
    |icmp_ln86_511_reg_1340                |   1|   0|    1|          0|
    |icmp_ln86_512_reg_1346                |   1|   0|    1|          0|
    |icmp_ln86_512_reg_1346_pp0_iter1_reg  |   1|   0|    1|          0|
    |icmp_ln86_513_reg_1352                |   1|   0|    1|          0|
    |icmp_ln86_514_reg_1358                |   1|   0|    1|          0|
    |icmp_ln86_515_reg_1364                |   1|   0|    1|          0|
    |icmp_ln86_516_reg_1370                |   1|   0|    1|          0|
    |icmp_ln86_516_reg_1370_pp0_iter1_reg  |   1|   0|    1|          0|
    |icmp_ln86_517_reg_1376                |   1|   0|    1|          0|
    |icmp_ln86_518_reg_1382                |   1|   0|    1|          0|
    |icmp_ln86_519_reg_1388                |   1|   0|    1|          0|
    |icmp_ln86_520_reg_1394                |   1|   0|    1|          0|
    |icmp_ln86_521_reg_1400                |   1|   0|    1|          0|
    |icmp_ln86_522_reg_1406                |   1|   0|    1|          0|
    |icmp_ln86_523_reg_1412                |   1|   0|    1|          0|
    |icmp_ln86_523_reg_1412_pp0_iter1_reg  |   1|   0|    1|          0|
    |icmp_ln86_524_reg_1417                |   1|   0|    1|          0|
    |icmp_ln86_525_reg_1422                |   1|   0|    1|          0|
    |icmp_ln86_525_reg_1422_pp0_iter1_reg  |   1|   0|    1|          0|
    |icmp_ln86_526_reg_1427                |   1|   0|    1|          0|
    |icmp_ln86_526_reg_1427_pp0_iter1_reg  |   1|   0|    1|          0|
    |icmp_ln86_527_reg_1432                |   1|   0|    1|          0|
    |icmp_ln86_528_reg_1437                |   1|   0|    1|          0|
    |icmp_ln86_529_reg_1442                |   1|   0|    1|          0|
    |icmp_ln86_530_reg_1447                |   1|   0|    1|          0|
    |icmp_ln86_531_reg_1452                |   1|   0|    1|          0|
    |icmp_ln86_532_reg_1457                |   1|   0|    1|          0|
    |icmp_ln86_533_reg_1462                |   1|   0|    1|          0|
    |icmp_ln86_534_reg_1467                |   1|   0|    1|          0|
    |icmp_ln86_535_reg_1472                |   1|   0|    1|          0|
    |icmp_ln86_536_reg_1477                |   1|   0|    1|          0|
    |icmp_ln86_537_reg_1482                |   1|   0|    1|          0|
    |icmp_ln86_538_reg_1487                |   1|   0|    1|          0|
    |icmp_ln86_reg_1318                    |   1|   0|    1|          0|
    |or_ln117_478_reg_1565                 |   1|   0|    1|          0|
    |or_ln117_482_reg_1595                 |   1|   0|    1|          0|
    |or_ln117_487_reg_1628                 |   1|   0|    1|          0|
    |or_ln117_489_reg_1638                 |   1|   0|    1|          0|
    |or_ln117_491_reg_1644                 |   1|   0|    1|          0|
    |or_ln117_491_reg_1644_pp0_iter5_reg   |   1|   0|    1|          0|
    |or_ln117_493_reg_1652                 |   1|   0|    1|          0|
    |or_ln117_497_reg_1662                 |   1|   0|    1|          0|
    |or_ln117_reg_1532                     |   1|   0|    1|          0|
    |p_read10_int_reg                      |  18|   0|   18|          0|
    |p_read11_int_reg                      |  18|   0|   18|          0|
    |p_read12_int_reg                      |  18|   0|   18|          0|
    |p_read1_int_reg                       |  18|   0|   18|          0|
    |p_read2_int_reg                       |  18|   0|   18|          0|
    |p_read3_int_reg                       |  18|   0|   18|          0|
    |p_read4_int_reg                       |  18|   0|   18|          0|
    |p_read5_int_reg                       |  18|   0|   18|          0|
    |p_read6_int_reg                       |  18|   0|   18|          0|
    |p_read7_int_reg                       |  18|   0|   18|          0|
    |p_read8_int_reg                       |  18|   0|   18|          0|
    |p_read9_int_reg                       |  18|   0|   18|          0|
    |select_ln117_496_reg_1560             |   4|   0|    4|          0|
    |select_ln117_502_reg_1600             |   4|   0|    4|          0|
    |select_ln117_508_reg_1633             |   5|   0|    5|          0|
    |select_ln117_514_reg_1657             |   5|   0|    5|          0|
    |select_ln117_518_reg_1667             |   5|   0|    5|          0|
    |xor_ln104_reg_1537                    |   1|   0|    1|          0|
    |and_ln102_reg_1492                    |  64|  32|    1|          0|
    |and_ln104_108_reg_1617                |  64|  32|    1|          0|
    |icmp_ln86_510_reg_1334                |  64|  32|    1|          0|
    |icmp_ln86_513_reg_1352                |  64|  32|    1|          0|
    |icmp_ln86_514_reg_1358                |  64|  32|    1|          0|
    |icmp_ln86_517_reg_1376                |  64|  32|    1|          0|
    |icmp_ln86_518_reg_1382                |  64|  32|    1|          0|
    |icmp_ln86_519_reg_1388                |  64|  32|    1|          0|
    |icmp_ln86_520_reg_1394                |  64|  32|    1|          0|
    |icmp_ln86_521_reg_1400                |  64|  32|    1|          0|
    |icmp_ln86_522_reg_1406                |  64|  32|    1|          0|
    |icmp_ln86_527_reg_1432                |  64|  32|    1|          0|
    |icmp_ln86_528_reg_1437                |  64|  32|    1|          0|
    |icmp_ln86_529_reg_1442                |  64|  32|    1|          0|
    |icmp_ln86_530_reg_1447                |  64|  32|    1|          0|
    |icmp_ln86_531_reg_1452                |  64|  32|    1|          0|
    |icmp_ln86_532_reg_1457                |  64|  32|    1|          0|
    |icmp_ln86_533_reg_1462                |  64|  32|    1|          0|
    |icmp_ln86_534_reg_1467                |  64|  32|    1|          0|
    |icmp_ln86_535_reg_1472                |  64|  32|    1|          0|
    |icmp_ln86_536_reg_1477                |  64|  32|    1|          0|
    |icmp_ln86_537_reg_1482                |  64|  32|    1|          0|
    |icmp_ln86_538_reg_1487                |  64|  32|    1|          0|
    |icmp_ln86_reg_1318                    |  64|  32|    1|          0|
    +--------------------------------------+----+----+-----+-----------+
    |Total                                 |1840| 768|  328|          0|
    +--------------------------------------+----+----+-----+-----------+



================================================================
== Interface
================================================================
* Summary: 
+-----------+-----+-----+------------+----------------------+--------------+
| RTL Ports | Dir | Bits|  Protocol  |     Source Object    |    C Type    |
+-----------+-----+-----+------------+----------------------+--------------+
|ap_clk     |   in|    1|  ap_ctrl_hs|  decision_function.18|  return value|
|ap_rst     |   in|    1|  ap_ctrl_hs|  decision_function.18|  return value|
|ap_return  |  out|   12|  ap_ctrl_hs|  decision_function.18|  return value|
|ap_ce      |   in|    1|  ap_ctrl_hs|  decision_function.18|  return value|
|p_read1    |   in|   18|     ap_none|               p_read1|        scalar|
|p_read2    |   in|   18|     ap_none|               p_read2|        scalar|
|p_read3    |   in|   18|     ap_none|               p_read3|        scalar|
|p_read4    |   in|   18|     ap_none|               p_read4|        scalar|
|p_read5    |   in|   18|     ap_none|               p_read5|        scalar|
|p_read6    |   in|   18|     ap_none|               p_read6|        scalar|
|p_read7    |   in|   18|     ap_none|               p_read7|        scalar|
|p_read8    |   in|   18|     ap_none|               p_read8|        scalar|
|p_read9    |   in|   18|     ap_none|               p_read9|        scalar|
|p_read10   |   in|   18|     ap_none|              p_read10|        scalar|
|p_read11   |   in|   18|     ap_none|              p_read11|        scalar|
|p_read12   |   in|   18|     ap_none|              p_read12|        scalar|
+-----------+-----+-----+------------+----------------------+--------------+

