

================================================================
== Vitis HLS Report for 'decision_function_102'
================================================================
* Date:           Tue Mar 11 16:23:05 2025

* Version:        2024.2 (Build 5238294 on Nov  8 2024)
* Project:        conifer_jettag
* Solution:       solution1 (Vivado IP Flow Target)
* Product family: zynq
* Target device:  xc7z020-clg400-1


================================================================
== Performance Estimates
================================================================
+ Timing: 
    * Summary: 
    +--------+---------+----------+------------+
    |  Clock |  Target | Estimated| Uncertainty|
    +--------+---------+----------+------------+
    |ap_clk  |  5.00 ns|  3.645 ns|     1.35 ns|
    +--------+---------+----------+------------+

+ Latency: 
    * Summary: 
    +---------+---------+-----------+-----------+-----+-----+---------+
    |  Latency (cycles) |   Latency (absolute)  |  Interval | Pipeline|
    |   min   |   max   |    min    |    max    | min | max |   Type  |
    +---------+---------+-----------+-----------+-----+-----+---------+
    |        8|        8|  40.000 ns|  40.000 ns|    1|    1|      yes|
    +---------+---------+-----------+-----------+-----+-----+---------+

    + Detail: 
        * Instance: 
        N/A

        * Loop: 
        N/A



================================================================
== Utilization Estimates
================================================================
* Summary: 
+-----------------+---------+-----+--------+-------+-----+
|       Name      | BRAM_18K| DSP |   FF   |  LUT  | URAM|
+-----------------+---------+-----+--------+-------+-----+
|DSP              |        -|    -|       -|      -|    -|
|Expression       |        -|    -|       0|   1067|    -|
|FIFO             |        -|    -|       -|      -|    -|
|Instance         |        -|    -|       0|    138|    -|
|Memory           |        -|    -|       -|      -|    -|
|Multiplexer      |        -|    -|       -|      -|    -|
|Register         |        -|    -|    1818|    768|    -|
+-----------------+---------+-----+--------+-------+-----+
|Total            |        0|    0|    1818|   1973|    0|
+-----------------+---------+-----+--------+-------+-----+
|Available        |      280|  220|  106400|  53200|    0|
+-----------------+---------+-----+--------+-------+-----+
|Utilization (%)  |        0|    0|       1|      3|    0|
+-----------------+---------+-----+--------+-------+-----+

+ Detail: 
    * Instance: 
    +--------------------------------+--------------------------+---------+----+---+-----+-----+
    |            Instance            |          Module          | BRAM_18K| DSP| FF| LUT | URAM|
    +--------------------------------+--------------------------+---------+----+---+-----+-----+
    |sparsemux_63_5_12_1_1_x9_U1572  |sparsemux_63_5_12_1_1_x9  |        0|   0|  0|  138|    0|
    +--------------------------------+--------------------------+---------+----+---+-----+-----+
    |Total                           |                          |        0|   0|  0|  138|    0|
    +--------------------------------+--------------------------+---------+----+---+-----+-----+

    * DSP: 
    N/A

    * Memory: 
    N/A

    * FIFO: 
    N/A

    * Expression: 
    +------------------------------+----------+----+---+----+------------+------------+
    |         Variable Name        | Operation| DSP| FF| LUT| Bitwidth P0| Bitwidth P1|
    +------------------------------+----------+----+---+----+------------+------------+
    |and_ln102_2367_fu_498_p2      |       and|   0|  0|   2|           1|           1|
    |and_ln102_2368_fu_512_p2      |       and|   0|  0|   2|           1|           1|
    |and_ln102_2369_fu_574_p2      |       and|   0|  0|   2|           1|           1|
    |and_ln102_2370_fu_797_p2      |       and|   0|  0|   2|           1|           1|
    |and_ln102_2371_fu_517_p2      |       and|   0|  0|   2|           1|           1|
    |and_ln102_2372_fu_533_p2      |       and|   0|  0|   2|           1|           1|
    |and_ln102_2373_fu_595_p2      |       and|   0|  0|   2|           1|           1|
    |and_ln102_2374_fu_697_p2      |       and|   0|  0|   2|           1|           1|
    |and_ln102_2375_fu_701_p2      |       and|   0|  0|   2|           1|           1|
    |and_ln102_2376_fu_821_p2      |       and|   0|  0|   2|           1|           1|
    |and_ln102_2377_fu_929_p2      |       and|   0|  0|   2|           1|           1|
    |and_ln102_2378_fu_538_p2      |       and|   0|  0|   2|           1|           1|
    |and_ln102_2379_fu_1033_p2     |       and|   0|  0|   2|           1|           1|
    |and_ln102_2380_fu_600_p2      |       and|   0|  0|   2|           1|           1|
    |and_ln102_2381_fu_604_p2      |       and|   0|  0|   2|           1|           1|
    |and_ln102_2382_fu_609_p2      |       and|   0|  0|   2|           1|           1|
    |and_ln102_2383_fu_705_p2      |       and|   0|  0|   2|           1|           1|
    |and_ln102_2384_fu_709_p2      |       and|   0|  0|   2|           1|           1|
    |and_ln102_2385_fu_714_p2      |       and|   0|  0|   2|           1|           1|
    |and_ln102_2386_fu_719_p2      |       and|   0|  0|   2|           1|           1|
    |and_ln102_2387_fu_826_p2      |       and|   0|  0|   2|           1|           1|
    |and_ln102_2388_fu_831_p2      |       and|   0|  0|   2|           1|           1|
    |and_ln102_2389_fu_836_p2      |       and|   0|  0|   2|           1|           1|
    |and_ln102_2390_fu_840_p2      |       and|   0|  0|   2|           1|           1|
    |and_ln102_2391_fu_845_p2      |       and|   0|  0|   2|           1|           1|
    |and_ln102_2392_fu_933_p2      |       and|   0|  0|   2|           1|           1|
    |and_ln102_2393_fu_937_p2      |       and|   0|  0|   2|           1|           1|
    |and_ln102_2394_fu_942_p2      |       and|   0|  0|   2|           1|           1|
    |and_ln102_2395_fu_947_p2      |       and|   0|  0|   2|           1|           1|
    |and_ln102_2396_fu_1037_p2     |       and|   0|  0|   2|           1|           1|
    |and_ln102_2397_fu_1042_p2     |       and|   0|  0|   2|           1|           1|
    |and_ln102_2398_fu_1047_p2     |       and|   0|  0|   2|           1|           1|
    |and_ln102_2399_fu_1051_p2     |       and|   0|  0|   2|           1|           1|
    |and_ln102_2400_fu_1133_p2     |       and|   0|  0|   2|           1|           1|
    |and_ln102_2401_fu_1138_p2     |       and|   0|  0|   2|           1|           1|
    |and_ln102_fu_494_p2           |       and|   0|  0|   2|           1|           1|
    |and_ln104_381_fu_507_p2       |       and|   0|  0|   2|           1|           1|
    |and_ln104_382_fu_569_p2       |       and|   0|  0|   2|           1|           1|
    |and_ln104_383_fu_584_p2       |       and|   0|  0|   2|           1|           1|
    |and_ln104_384_fu_806_p2       |       and|   0|  0|   2|           1|           1|
    |and_ln104_385_fu_527_p2       |       and|   0|  0|   2|           1|           1|
    |and_ln104_386_fu_548_p2       |       and|   0|  0|   2|           1|           1|
    |and_ln104_fu_559_p2           |       and|   0|  0|   2|           1|           1|
    |icmp_ln86_2094_fu_314_p2      |      icmp|   0|  0|  25|          18|          11|
    |icmp_ln86_2095_fu_320_p2      |      icmp|   0|  0|  25|          18|           8|
    |icmp_ln86_2096_fu_326_p2      |      icmp|   0|  0|  25|          18|          10|
    |icmp_ln86_2097_fu_332_p2      |      icmp|   0|  0|  25|          18|          13|
    |icmp_ln86_2098_fu_338_p2      |      icmp|   0|  0|  25|          18|          13|
    |icmp_ln86_2099_fu_344_p2      |      icmp|   0|  0|  25|          18|          10|
    |icmp_ln86_2100_fu_350_p2      |      icmp|   0|  0|  25|          18|           8|
    |icmp_ln86_2101_fu_356_p2      |      icmp|   0|  0|  25|          18|           8|
    |icmp_ln86_2102_fu_362_p2      |      icmp|   0|  0|  25|          18|          12|
    |icmp_ln86_2103_fu_368_p2      |      icmp|   0|  0|  25|          18|          11|
    |icmp_ln86_2104_fu_374_p2      |      icmp|   0|  0|  25|          18|          12|
    |icmp_ln86_2105_fu_380_p2      |      icmp|   0|  0|  25|          18|          12|
    |icmp_ln86_2106_fu_386_p2      |      icmp|   0|  0|  25|          18|           8|
    |icmp_ln86_2107_fu_392_p2      |      icmp|   0|  0|  25|          18|           9|
    |icmp_ln86_2108_fu_398_p2      |      icmp|   0|  0|  25|          18|           9|
    |icmp_ln86_2109_fu_404_p2      |      icmp|   0|  0|  25|          18|           9|
    |icmp_ln86_2110_fu_410_p2      |      icmp|   0|  0|  25|          18|           8|
    |icmp_ln86_2111_fu_416_p2      |      icmp|   0|  0|  25|          18|           7|
    |icmp_ln86_2112_fu_422_p2      |      icmp|   0|  0|  25|          18|          11|
    |icmp_ln86_2113_fu_428_p2      |      icmp|   0|  0|  25|          18|          11|
    |icmp_ln86_2114_fu_434_p2      |      icmp|   0|  0|  25|          18|          12|
    |icmp_ln86_2115_fu_440_p2      |      icmp|   0|  0|  25|          18|          11|
    |icmp_ln86_2116_fu_446_p2      |      icmp|   0|  0|  25|          18|          14|
    |icmp_ln86_2117_fu_452_p2      |      icmp|   0|  0|  25|          18|          13|
    |icmp_ln86_2118_fu_458_p2      |      icmp|   0|  0|  25|          18|          12|
    |icmp_ln86_2119_fu_464_p2      |      icmp|   0|  0|  25|          18|          10|
    |icmp_ln86_2120_fu_470_p2      |      icmp|   0|  0|  25|          18|           8|
    |icmp_ln86_2121_fu_476_p2      |      icmp|   0|  0|  25|          18|          12|
    |icmp_ln86_2122_fu_482_p2      |      icmp|   0|  0|  25|          18|           6|
    |icmp_ln86_fu_308_p2           |      icmp|   0|  0|  25|          18|          11|
    |or_ln117_1857_fu_628_p2       |        or|   0|  0|   2|           1|           1|
    |or_ln117_1858_fu_640_p2       |        or|   0|  0|   2|           1|           1|
    |or_ln117_1859_fu_658_p2       |        or|   0|  0|   2|           1|           1|
    |or_ln117_1860_fu_724_p2       |        or|   0|  0|   2|           1|           1|
    |or_ln117_1861_fu_678_p2       |        or|   0|  0|   2|           1|           1|
    |or_ln117_1862_fu_736_p2       |        or|   0|  0|   2|           1|           1|
    |or_ln117_1863_fu_684_p2       |        or|   0|  0|   2|           1|           1|
    |or_ln117_1864_fu_760_p2       |        or|   0|  0|   2|           1|           1|
    |or_ln117_1865_fu_772_p2       |        or|   0|  0|   2|           1|           1|
    |or_ln117_1866_fu_850_p2       |        or|   0|  0|   2|           1|           1|
    |or_ln117_1867_fu_793_p2       |        or|   0|  0|   2|           1|           1|
    |or_ln117_1868_fu_862_p2       |        or|   0|  0|   2|           1|           1|
    |or_ln117_1869_fu_874_p2       |        or|   0|  0|   2|           1|           1|
    |or_ln117_1870_fu_886_p2       |        or|   0|  0|   2|           1|           1|
    |or_ln117_1871_fu_688_p2       |        or|   0|  0|   2|           1|           1|
    |or_ln117_1872_fu_952_p2       |        or|   0|  0|   2|           1|           1|
    |or_ln117_1873_fu_919_p2       |        or|   0|  0|   2|           1|           1|
    |or_ln117_1874_fu_964_p2       |        or|   0|  0|   2|           1|           1|
    |or_ln117_1875_fu_976_p2       |        or|   0|  0|   2|           1|           1|
    |or_ln117_1876_fu_988_p2       |        or|   0|  0|   2|           1|           1|
    |or_ln117_1877_fu_1002_p2      |        or|   0|  0|   2|           1|           1|
    |or_ln117_1878_fu_1056_p2      |        or|   0|  0|   2|           1|           1|
    |or_ln117_1879_fu_1024_p2      |        or|   0|  0|   2|           1|           1|
    |or_ln117_1880_fu_1068_p2      |        or|   0|  0|   2|           1|           1|
    |or_ln117_1881_fu_1080_p2      |        or|   0|  0|   2|           1|           1|
    |or_ln117_1882_fu_1092_p2      |        or|   0|  0|   2|           1|           1|
    |or_ln117_1883_fu_1106_p2      |        or|   0|  0|   2|           1|           1|
    |or_ln117_1884_fu_1143_p2      |        or|   0|  0|   2|           1|           1|
    |or_ln117_1885_fu_1287_p2      |        or|   0|  0|   2|           1|           1|
    |or_ln117_fu_614_p2            |        or|   0|  0|   2|           1|           1|
    |ap_return                     |    select|   0|  0|  12|           1|          12|
    |select_ln117_2034_fu_646_p3   |    select|   0|  0|   2|           1|           2|
    |select_ln117_2035_fu_662_p3   |    select|   0|  0|   4|           1|           3|
    |select_ln117_2036_fu_670_p3   |    select|   0|  0|   3|           1|           3|
    |select_ln117_2037_fu_729_p3   |    select|   0|  0|   3|           1|           3|
    |select_ln117_2038_fu_741_p3   |    select|   0|  0|   3|           1|           3|
    |select_ln117_2039_fu_752_p3   |    select|   0|  0|   5|           1|           4|
    |select_ln117_2040_fu_765_p3   |    select|   0|  0|   4|           1|           4|
    |select_ln117_2041_fu_777_p3   |    select|   0|  0|   4|           1|           4|
    |select_ln117_2042_fu_785_p3   |    select|   0|  0|   4|           1|           4|
    |select_ln117_2043_fu_855_p3   |    select|   0|  0|   4|           1|           4|
    |select_ln117_2044_fu_867_p3   |    select|   0|  0|   4|           1|           4|
    |select_ln117_2045_fu_878_p3   |    select|   0|  0|   4|           1|           4|
    |select_ln117_2046_fu_892_p3   |    select|   0|  0|   4|           1|           4|
    |select_ln117_2047_fu_904_p3   |    select|   0|  0|   6|           1|           5|
    |select_ln117_2048_fu_912_p3   |    select|   0|  0|   5|           1|           5|
    |select_ln117_2049_fu_957_p3   |    select|   0|  0|   5|           1|           5|
    |select_ln117_2050_fu_969_p3   |    select|   0|  0|   5|           1|           5|
    |select_ln117_2051_fu_980_p3   |    select|   0|  0|   5|           1|           5|
    |select_ln117_2052_fu_994_p3   |    select|   0|  0|   5|           1|           5|
    |select_ln117_2053_fu_1008_p3  |    select|   0|  0|   5|           1|           5|
    |select_ln117_2054_fu_1016_p3  |    select|   0|  0|   5|           1|           5|
    |select_ln117_2055_fu_1061_p3  |    select|   0|  0|   5|           1|           5|
    |select_ln117_2056_fu_1073_p3  |    select|   0|  0|   5|           1|           5|
    |select_ln117_2057_fu_1084_p3  |    select|   0|  0|   5|           1|           5|
    |select_ln117_2058_fu_1098_p3  |    select|   0|  0|   5|           1|           5|
    |select_ln117_2059_fu_1112_p3  |    select|   0|  0|   5|           1|           5|
    |select_ln117_2060_fu_1120_p3  |    select|   0|  0|   5|           1|           5|
    |select_ln117_fu_632_p3        |    select|   0|  0|   3|           1|           2|
    |tmp_fu_1155_p64               |    select|   0|  0|   5|           1|           5|
    |xor_ln104_1000_fu_692_p2      |       xor|   0|  0|   2|           1|           2|
    |xor_ln104_1001_fu_811_p2      |       xor|   0|  0|   2|           1|           2|
    |xor_ln104_1002_fu_816_p2      |       xor|   0|  0|   2|           1|           2|
    |xor_ln104_1003_fu_924_p2      |       xor|   0|  0|   2|           1|           2|
    |xor_ln104_1004_fu_1028_p2     |       xor|   0|  0|   2|           1|           2|
    |xor_ln104_1005_fu_543_p2      |       xor|   0|  0|   2|           1|           2|
    |xor_ln104_1006_fu_1128_p2     |       xor|   0|  0|   2|           1|           2|
    |xor_ln104_993_fu_554_p2       |       xor|   0|  0|   2|           1|           2|
    |xor_ln104_994_fu_502_p2       |       xor|   0|  0|   2|           1|           2|
    |xor_ln104_995_fu_564_p2       |       xor|   0|  0|   2|           1|           2|
    |xor_ln104_996_fu_579_p2       |       xor|   0|  0|   2|           1|           2|
    |xor_ln104_997_fu_801_p2       |       xor|   0|  0|   2|           1|           2|
    |xor_ln104_998_fu_522_p2       |       xor|   0|  0|   2|           1|           2|
    |xor_ln104_999_fu_590_p2       |       xor|   0|  0|   2|           1|           2|
    |xor_ln104_fu_488_p2           |       xor|   0|  0|   2|           1|           2|
    |xor_ln117_fu_619_p2           |       xor|   0|  0|   2|           2|           1|
    +------------------------------+----------+----+---+----+------------+------------+
    |Total                         |          |   0|  0|1067|         660|         548|
    +------------------------------+----------+----+---+----+------------+------------+

    * Multiplexer: 
    N/A

    * Register: 
    +---------------------------------------+----+----+-----+-----------+
    |                  Name                 | FF | LUT| Bits| Const Bits|
    +---------------------------------------+----+----+-----+-----------+
    |and_ln102_2367_reg_1476                |   1|   0|    1|          0|
    |and_ln102_2368_reg_1483                |   1|   0|    1|          0|
    |and_ln102_2369_reg_1523                |   1|   0|    1|          0|
    |and_ln102_2369_reg_1523_pp0_iter3_reg  |   1|   0|    1|          0|
    |and_ln102_2370_reg_1597                |   1|   0|    1|          0|
    |and_ln102_2372_reg_1496                |   1|   0|    1|          0|
    |and_ln102_2373_reg_1536                |   1|   0|    1|          0|
    |and_ln102_2375_reg_1574                |   1|   0|    1|          0|
    |and_ln102_2376_reg_1609                |   1|   0|    1|          0|
    |and_ln102_2378_reg_1502                |   1|   0|    1|          0|
    |and_ln102_reg_1470                     |   1|   0|    1|          0|
    |and_ln104_382_reg_1518                 |   1|   0|    1|          0|
    |and_ln104_383_reg_1530                 |   1|   0|    1|          0|
    |and_ln104_383_reg_1530_pp0_iter3_reg   |   1|   0|    1|          0|
    |and_ln104_384_reg_1603                 |   1|   0|    1|          0|
    |and_ln104_384_reg_1603_pp0_iter5_reg   |   1|   0|    1|          0|
    |and_ln104_385_reg_1489                 |   1|   0|    1|          0|
    |and_ln104_386_reg_1512                 |   1|   0|    1|          0|
    |icmp_ln86_2094_reg_1305                |   1|   0|    1|          0|
    |icmp_ln86_2094_reg_1305_pp0_iter1_reg  |   1|   0|    1|          0|
    |icmp_ln86_2095_reg_1311                |   1|   0|    1|          0|
    |icmp_ln86_2096_reg_1317                |   1|   0|    1|          0|
    |icmp_ln86_2096_reg_1317_pp0_iter1_reg  |   1|   0|    1|          0|
    |icmp_ln86_2097_reg_1323                |   1|   0|    1|          0|
    |icmp_ln86_2097_reg_1323_pp0_iter1_reg  |   1|   0|    1|          0|
    |icmp_ln86_2098_reg_1329                |   1|   0|    1|          0|
    |icmp_ln86_2099_reg_1335                |   1|   0|    1|          0|
    |icmp_ln86_2100_reg_1341                |   1|   0|    1|          0|
    |icmp_ln86_2100_reg_1341_pp0_iter1_reg  |   1|   0|    1|          0|
    |icmp_ln86_2101_reg_1347                |   1|   0|    1|          0|
    |icmp_ln86_2102_reg_1353                |   1|   0|    1|          0|
    |icmp_ln86_2103_reg_1359                |   1|   0|    1|          0|
    |icmp_ln86_2104_reg_1365                |   1|   0|    1|          0|
    |icmp_ln86_2105_reg_1371                |   1|   0|    1|          0|
    |icmp_ln86_2106_reg_1377                |   1|   0|    1|          0|
    |icmp_ln86_2107_reg_1383                |   1|   0|    1|          0|
    |icmp_ln86_2108_reg_1389                |   1|   0|    1|          0|
    |icmp_ln86_2108_reg_1389_pp0_iter1_reg  |   1|   0|    1|          0|
    |icmp_ln86_2109_reg_1394                |   1|   0|    1|          0|
    |icmp_ln86_2109_reg_1394_pp0_iter1_reg  |   1|   0|    1|          0|
    |icmp_ln86_2110_reg_1399                |   1|   0|    1|          0|
    |icmp_ln86_2111_reg_1404                |   1|   0|    1|          0|
    |icmp_ln86_2112_reg_1409                |   1|   0|    1|          0|
    |icmp_ln86_2113_reg_1414                |   1|   0|    1|          0|
    |icmp_ln86_2114_reg_1419                |   1|   0|    1|          0|
    |icmp_ln86_2115_reg_1424                |   1|   0|    1|          0|
    |icmp_ln86_2116_reg_1429                |   1|   0|    1|          0|
    |icmp_ln86_2117_reg_1434                |   1|   0|    1|          0|
    |icmp_ln86_2118_reg_1439                |   1|   0|    1|          0|
    |icmp_ln86_2119_reg_1444                |   1|   0|    1|          0|
    |icmp_ln86_2120_reg_1449                |   1|   0|    1|          0|
    |icmp_ln86_2121_reg_1454                |   1|   0|    1|          0|
    |icmp_ln86_2122_reg_1459                |   1|   0|    1|          0|
    |icmp_ln86_reg_1298                     |   1|   0|    1|          0|
    |icmp_ln86_reg_1298_pp0_iter1_reg       |   1|   0|    1|          0|
    |or_ln117_1859_reg_1541                 |   1|   0|    1|          0|
    |or_ln117_1861_reg_1551                 |   1|   0|    1|          0|
    |or_ln117_1863_reg_1557                 |   1|   0|    1|          0|
    |or_ln117_1865_reg_1580                 |   1|   0|    1|          0|
    |or_ln117_1867_reg_1590                 |   1|   0|    1|          0|
    |or_ln117_1871_reg_1565                 |   1|   0|    1|          0|
    |or_ln117_1873_reg_1619                 |   1|   0|    1|          0|
    |or_ln117_1877_reg_1625                 |   1|   0|    1|          0|
    |or_ln117_1879_reg_1635                 |   1|   0|    1|          0|
    |or_ln117_1881_reg_1642                 |   1|   0|    1|          0|
    |or_ln117_1881_reg_1642_pp0_iter7_reg   |   1|   0|    1|          0|
    |or_ln117_1883_reg_1647                 |   1|   0|    1|          0|
    |p_read10_int_reg                       |  18|   0|   18|          0|
    |p_read1_int_reg                        |  18|   0|   18|          0|
    |p_read2_int_reg                        |  18|   0|   18|          0|
    |p_read3_int_reg                        |  18|   0|   18|          0|
    |p_read4_int_reg                        |  18|   0|   18|          0|
    |p_read5_int_reg                        |  18|   0|   18|          0|
    |p_read6_int_reg                        |  18|   0|   18|          0|
    |p_read7_int_reg                        |  18|   0|   18|          0|
    |p_read8_int_reg                        |  18|   0|   18|          0|
    |p_read9_int_reg                        |  18|   0|   18|          0|
    |select_ln117_2036_reg_1546             |   3|   0|    3|          0|
    |select_ln117_2042_reg_1585             |   4|   0|    4|          0|
    |select_ln117_2048_reg_1614             |   5|   0|    5|          0|
    |select_ln117_2054_reg_1630             |   5|   0|    5|          0|
    |select_ln117_2060_reg_1652             |   5|   0|    5|          0|
    |tmp_reg_1657                           |  12|   0|   12|          0|
    |xor_ln104_reg_1464                     |   1|   0|    1|          0|
    |and_ln102_2367_reg_1476                |  64|  32|    1|          0|
    |and_ln104_385_reg_1489                 |  64|  32|    1|          0|
    |and_ln104_386_reg_1512                 |  64|  32|    1|          0|
    |icmp_ln86_2098_reg_1329                |  64|  32|    1|          0|
    |icmp_ln86_2101_reg_1347                |  64|  32|    1|          0|
    |icmp_ln86_2102_reg_1353                |  64|  32|    1|          0|
    |icmp_ln86_2103_reg_1359                |  64|  32|    1|          0|
    |icmp_ln86_2104_reg_1365                |  64|  32|    1|          0|
    |icmp_ln86_2105_reg_1371                |  64|  32|    1|          0|
    |icmp_ln86_2107_reg_1383                |  64|  32|    1|          0|
    |icmp_ln86_2110_reg_1399                |  64|  32|    1|          0|
    |icmp_ln86_2111_reg_1404                |  64|  32|    1|          0|
    |icmp_ln86_2112_reg_1409                |  64|  32|    1|          0|
    |icmp_ln86_2113_reg_1414                |  64|  32|    1|          0|
    |icmp_ln86_2114_reg_1419                |  64|  32|    1|          0|
    |icmp_ln86_2115_reg_1424                |  64|  32|    1|          0|
    |icmp_ln86_2116_reg_1429                |  64|  32|    1|          0|
    |icmp_ln86_2117_reg_1434                |  64|  32|    1|          0|
    |icmp_ln86_2118_reg_1439                |  64|  32|    1|          0|
    |icmp_ln86_2119_reg_1444                |  64|  32|    1|          0|
    |icmp_ln86_2120_reg_1449                |  64|  32|    1|          0|
    |icmp_ln86_2121_reg_1454                |  64|  32|    1|          0|
    |icmp_ln86_2122_reg_1459                |  64|  32|    1|          0|
    |or_ln117_1871_reg_1565                 |  64|  32|    1|          0|
    +---------------------------------------+----+----+-----+-----------+
    |Total                                  |1818| 768|  306|          0|
    +---------------------------------------+----+----+-----+-----------+



================================================================
== Interface
================================================================
* Summary: 
+-----------+-----+-----+------------+-----------------------+--------------+
| RTL Ports | Dir | Bits|  Protocol  |     Source Object     |    C Type    |
+-----------+-----+-----+------------+-----------------------+--------------+
|ap_clk     |   in|    1|  ap_ctrl_hs|  decision_function.102|  return value|
|ap_rst     |   in|    1|  ap_ctrl_hs|  decision_function.102|  return value|
|ap_return  |  out|   12|  ap_ctrl_hs|  decision_function.102|  return value|
|ap_ce      |   in|    1|  ap_ctrl_hs|  decision_function.102|  return value|
|p_read1    |   in|   18|     ap_none|                p_read1|        scalar|
|p_read2    |   in|   18|     ap_none|                p_read2|        scalar|
|p_read3    |   in|   18|     ap_none|                p_read3|        scalar|
|p_read4    |   in|   18|     ap_none|                p_read4|        scalar|
|p_read5    |   in|   18|     ap_none|                p_read5|        scalar|
|p_read6    |   in|   18|     ap_none|                p_read6|        scalar|
|p_read7    |   in|   18|     ap_none|                p_read7|        scalar|
|p_read8    |   in|   18|     ap_none|                p_read8|        scalar|
|p_read9    |   in|   18|     ap_none|                p_read9|        scalar|
|p_read10   |   in|   18|     ap_none|               p_read10|        scalar|
+-----------+-----+-----+------------+-----------------------+--------------+

