

================================================================
== Vitis HLS Report for 'decision_function_95'
================================================================
* Date:           Tue Mar 11 16:17:35 2025

* Version:        2024.2 (Build 5238294 on Nov  8 2024)
* Project:        my_prj
* Solution:       solution1 (Vivado IP Flow Target)
* Product family: zynq
* Target device:  xc7z020-clg400-1


================================================================
== Performance Estimates
================================================================
+ Timing: 
    * Summary: 
    +--------+---------+----------+------------+
    |  Clock |  Target | Estimated| Uncertainty|
    +--------+---------+----------+------------+
    |ap_clk  |  5.00 ns|  3.645 ns|     1.35 ns|
    +--------+---------+----------+------------+

+ Latency: 
    * Summary: 
    +---------+---------+-----------+-----------+-----+-----+---------+
    |  Latency (cycles) |   Latency (absolute)  |  Interval | Pipeline|
    |   min   |   max   |    min    |    max    | min | max |   Type  |
    +---------+---------+-----------+-----------+-----+-----+---------+
    |        7|        7|  35.000 ns|  35.000 ns|    1|    1|      yes|
    +---------+---------+-----------+-----------+-----+-----+---------+

    + Detail: 
        * Instance: 
        N/A

        * Loop: 
        N/A



================================================================
== Utilization Estimates
================================================================
* Summary: 
+-----------------+---------+-----+--------+-------+-----+
|       Name      | BRAM_18K| DSP |   FF   |  LUT  | URAM|
+-----------------+---------+-----+--------+-------+-----+
|DSP              |        -|    -|       -|      -|    -|
|Expression       |        -|    -|       0|    925|    -|
|FIFO             |        -|    -|       -|      -|    -|
|Instance         |        -|    -|       0|    121|    -|
|Memory           |        -|    -|       -|      -|    -|
|Multiplexer      |        -|    -|       -|      -|    -|
|Register         |        -|    -|    1641|    672|    -|
+-----------------+---------+-----+--------+-------+-----+
|Total            |        0|    0|    1641|   1718|    0|
+-----------------+---------+-----+--------+-------+-----+
|Available        |      280|  220|  106400|  53200|    0|
+-----------------+---------+-----+--------+-------+-----+
|Utilization (%)  |        0|    0|       1|      3|    0|
+-----------------+---------+-----+--------+-------+-----+

+ Detail: 
    * Instance: 
    +-------------------------------+-------------------------+---------+----+---+-----+-----+
    |            Instance           |          Module         | BRAM_18K| DSP| FF| LUT | URAM|
    +-------------------------------+-------------------------+---------+----+---+-----+-----+
    |sparsemux_55_5_11_1_1_x_U1604  |sparsemux_55_5_11_1_1_x  |        0|   0|  0|  121|    0|
    +-------------------------------+-------------------------+---------+----+---+-----+-----+
    |Total                          |                         |        0|   0|  0|  121|    0|
    +-------------------------------+-------------------------+---------+----+---+-----+-----+

    * DSP: 
    N/A

    * Memory: 
    N/A

    * FIFO: 
    N/A

    * Expression: 
    +-----------------------------+----------+----+---+----+------------+------------+
    |        Variable Name        | Operation| DSP| FF| LUT| Bitwidth P0| Bitwidth P1|
    +-----------------------------+----------+----+---+----+------------+------------+
    |and_ln102_147_fu_470_p2      |       and|   0|  0|   2|           1|           1|
    |and_ln102_148_fu_484_p2      |       and|   0|  0|   2|           1|           1|
    |and_ln102_149_fu_638_p2      |       and|   0|  0|   2|           1|           1|
    |and_ln102_150_fu_755_p2      |       and|   0|  0|   2|           1|           1|
    |and_ln102_151_fu_489_p2      |       and|   0|  0|   2|           1|           1|
    |and_ln102_152_fu_541_p2      |       and|   0|  0|   2|           1|           1|
    |and_ln102_153_fu_545_p2      |       and|   0|  0|   2|           1|           1|
    |and_ln102_154_fu_652_p2      |       and|   0|  0|   2|           1|           1|
    |and_ln102_155_fu_779_p2      |       and|   0|  0|   2|           1|           1|
    |and_ln102_156_fu_887_p2      |       and|   0|  0|   2|           1|           1|
    |and_ln102_157_fu_505_p2      |       and|   0|  0|   2|           1|           1|
    |and_ln102_158_fu_550_p2      |       and|   0|  0|   2|           1|           1|
    |and_ln102_159_fu_554_p2      |       and|   0|  0|   2|           1|           1|
    |and_ln102_160_fu_657_p2      |       and|   0|  0|   2|           1|           1|
    |and_ln102_161_fu_662_p2      |       and|   0|  0|   2|           1|           1|
    |and_ln102_162_fu_667_p2      |       and|   0|  0|   2|           1|           1|
    |and_ln102_163_fu_671_p2      |       and|   0|  0|   2|           1|           1|
    |and_ln102_164_fu_676_p2      |       and|   0|  0|   2|           1|           1|
    |and_ln102_165_fu_784_p2      |       and|   0|  0|   2|           1|           1|
    |and_ln102_166_fu_788_p2      |       and|   0|  0|   2|           1|           1|
    |and_ln102_167_fu_793_p2      |       and|   0|  0|   2|           1|           1|
    |and_ln102_168_fu_798_p2      |       and|   0|  0|   2|           1|           1|
    |and_ln102_169_fu_803_p2      |       and|   0|  0|   2|           1|           1|
    |and_ln102_170_fu_891_p2      |       and|   0|  0|   2|           1|           1|
    |and_ln102_171_fu_895_p2      |       and|   0|  0|   2|           1|           1|
    |and_ln102_172_fu_900_p2      |       and|   0|  0|   2|           1|           1|
    |and_ln102_173_fu_905_p2      |       and|   0|  0|   2|           1|           1|
    |and_ln102_174_fu_991_p2      |       and|   0|  0|   2|           1|           1|
    |and_ln102_175_fu_996_p2      |       and|   0|  0|   2|           1|           1|
    |and_ln102_176_fu_1020_p2     |       and|   0|  0|   2|           1|           1|
    |and_ln102_fu_466_p2          |       and|   0|  0|   2|           1|           1|
    |and_ln104_22_fu_479_p2       |       and|   0|  0|   2|           1|           1|
    |and_ln104_23_fu_536_p2       |       and|   0|  0|   2|           1|           1|
    |and_ln104_24_fu_764_p2       |       and|   0|  0|   2|           1|           1|
    |and_ln104_25_fu_499_p2       |       and|   0|  0|   2|           1|           1|
    |and_ln104_26_fu_515_p2       |       and|   0|  0|   2|           1|           1|
    |and_ln104_fu_526_p2          |       and|   0|  0|   2|           1|           1|
    |icmp_ln86_119_fu_310_p2      |      icmp|   0|  0|  25|          18|          10|
    |icmp_ln86_120_fu_316_p2      |      icmp|   0|  0|  25|          18|          12|
    |icmp_ln86_121_fu_322_p2      |      icmp|   0|  0|  25|          18|          10|
    |icmp_ln86_122_fu_328_p2      |      icmp|   0|  0|  25|          18|          11|
    |icmp_ln86_123_fu_334_p2      |      icmp|   0|  0|  25|          18|           9|
    |icmp_ln86_124_fu_340_p2      |      icmp|   0|  0|  25|          18|          10|
    |icmp_ln86_125_fu_346_p2      |      icmp|   0|  0|  25|          18|          11|
    |icmp_ln86_126_fu_352_p2      |      icmp|   0|  0|  25|          18|           8|
    |icmp_ln86_127_fu_358_p2      |      icmp|   0|  0|  25|          18|           8|
    |icmp_ln86_128_fu_364_p2      |      icmp|   0|  0|  25|          18|          10|
    |icmp_ln86_129_fu_370_p2      |      icmp|   0|  0|  25|          18|           9|
    |icmp_ln86_130_fu_376_p2      |      icmp|   0|  0|  25|          18|           8|
    |icmp_ln86_131_fu_382_p2      |      icmp|   0|  0|  25|          18|          11|
    |icmp_ln86_132_fu_388_p2      |      icmp|   0|  0|  25|          18|          12|
    |icmp_ln86_133_fu_394_p2      |      icmp|   0|  0|  25|          18|           5|
    |icmp_ln86_134_fu_400_p2      |      icmp|   0|  0|  25|          18|          11|
    |icmp_ln86_135_fu_406_p2      |      icmp|   0|  0|  25|          18|           9|
    |icmp_ln86_136_fu_412_p2      |      icmp|   0|  0|  25|          18|          11|
    |icmp_ln86_137_fu_418_p2      |      icmp|   0|  0|  25|          18|          11|
    |icmp_ln86_138_fu_424_p2      |      icmp|   0|  0|  25|          18|           9|
    |icmp_ln86_139_fu_430_p2      |      icmp|   0|  0|  25|          18|          11|
    |icmp_ln86_140_fu_436_p2      |      icmp|   0|  0|  25|          18|           7|
    |icmp_ln86_141_fu_442_p2      |      icmp|   0|  0|  25|          18|          11|
    |icmp_ln86_142_fu_448_p2      |      icmp|   0|  0|  25|          18|          10|
    |icmp_ln86_143_fu_454_p2      |      icmp|   0|  0|  25|          18|          10|
    |icmp_ln86_fu_304_p2          |      icmp|   0|  0|  25|          18|           5|
    |or_ln117_105_fu_571_p2       |        or|   0|  0|   2|           1|           1|
    |or_ln117_106_fu_587_p2       |        or|   0|  0|   2|           1|           1|
    |or_ln117_107_fu_601_p2       |        or|   0|  0|   2|           1|           1|
    |or_ln117_108_fu_681_p2       |        or|   0|  0|   2|           1|           1|
    |or_ln117_109_fu_623_p2       |        or|   0|  0|   2|           1|           1|
    |or_ln117_110_fu_697_p2       |        or|   0|  0|   2|           1|           1|
    |or_ln117_111_fu_709_p2       |        or|   0|  0|   2|           1|           1|
    |or_ln117_112_fu_721_p2       |        or|   0|  0|   2|           1|           1|
    |or_ln117_113_fu_628_p2       |        or|   0|  0|   2|           1|           1|
    |or_ln117_114_fu_808_p2       |        or|   0|  0|   2|           1|           1|
    |or_ln117_115_fu_750_p2       |        or|   0|  0|   2|           1|           1|
    |or_ln117_116_fu_820_p2       |        or|   0|  0|   2|           1|           1|
    |or_ln117_117_fu_832_p2       |        or|   0|  0|   2|           1|           1|
    |or_ln117_118_fu_848_p2       |        or|   0|  0|   2|           1|           1|
    |or_ln117_119_fu_633_p2       |        or|   0|  0|   2|           1|           1|
    |or_ln117_120_fu_910_p2       |        or|   0|  0|   2|           1|           1|
    |or_ln117_121_fu_877_p2       |        or|   0|  0|   2|           1|           1|
    |or_ln117_122_fu_922_p2       |        or|   0|  0|   2|           1|           1|
    |or_ln117_123_fu_934_p2       |        or|   0|  0|   2|           1|           1|
    |or_ln117_124_fu_946_p2       |        or|   0|  0|   2|           1|           1|
    |or_ln117_125_fu_960_p2       |        or|   0|  0|   2|           1|           1|
    |or_ln117_126_fu_1001_p2      |        or|   0|  0|   2|           1|           1|
    |or_ln117_127_fu_982_p2       |        or|   0|  0|   2|           1|           1|
    |or_ln117_128_fu_1024_p2      |        or|   0|  0|   2|           1|           1|
    |or_ln117_129_fu_1029_p2      |        or|   0|  0|   2|           1|           1|
    |or_ln117_fu_559_p2           |        or|   0|  0|   2|           1|           1|
    |ap_return                    |    select|   0|  0|  11|           1|          11|
    |select_ln117_116_fu_575_p3   |    select|   0|  0|   2|           1|           2|
    |select_ln117_117_fu_593_p3   |    select|   0|  0|   4|           1|           3|
    |select_ln117_118_fu_607_p3   |    select|   0|  0|   3|           1|           3|
    |select_ln117_119_fu_615_p3   |    select|   0|  0|   3|           1|           3|
    |select_ln117_120_fu_686_p3   |    select|   0|  0|   3|           1|           3|
    |select_ln117_121_fu_702_p3   |    select|   0|  0|   5|           1|           4|
    |select_ln117_122_fu_713_p3   |    select|   0|  0|   4|           1|           4|
    |select_ln117_123_fu_727_p3   |    select|   0|  0|   4|           1|           4|
    |select_ln117_124_fu_735_p3   |    select|   0|  0|   4|           1|           4|
    |select_ln117_125_fu_743_p3   |    select|   0|  0|   4|           1|           4|
    |select_ln117_126_fu_813_p3   |    select|   0|  0|   4|           1|           4|
    |select_ln117_127_fu_825_p3   |    select|   0|  0|   4|           1|           4|
    |select_ln117_128_fu_836_p3   |    select|   0|  0|   4|           1|           4|
    |select_ln117_129_fu_854_p3   |    select|   0|  0|   6|           1|           5|
    |select_ln117_130_fu_862_p3   |    select|   0|  0|   5|           1|           5|
    |select_ln117_131_fu_870_p3   |    select|   0|  0|   5|           1|           5|
    |select_ln117_132_fu_915_p3   |    select|   0|  0|   5|           1|           5|
    |select_ln117_133_fu_927_p3   |    select|   0|  0|   5|           1|           5|
    |select_ln117_134_fu_938_p3   |    select|   0|  0|   5|           1|           5|
    |select_ln117_135_fu_952_p3   |    select|   0|  0|   5|           1|           5|
    |select_ln117_136_fu_966_p3   |    select|   0|  0|   5|           1|           5|
    |select_ln117_137_fu_974_p3   |    select|   0|  0|   5|           1|           5|
    |select_ln117_138_fu_1006_p3  |    select|   0|  0|   5|           1|           5|
    |select_ln117_139_fu_1013_p3  |    select|   0|  0|   5|           1|           5|
    |select_ln117_fu_564_p3       |    select|   0|  0|   3|           1|           1|
    |tmp_fu_1040_p56              |    select|   0|  0|   5|           1|           5|
    |xor_ln104_57_fu_521_p2       |       xor|   0|  0|   2|           1|           2|
    |xor_ln104_58_fu_474_p2       |       xor|   0|  0|   2|           1|           2|
    |xor_ln104_59_fu_531_p2       |       xor|   0|  0|   2|           1|           2|
    |xor_ln104_60_fu_759_p2       |       xor|   0|  0|   2|           1|           2|
    |xor_ln104_61_fu_494_p2       |       xor|   0|  0|   2|           1|           2|
    |xor_ln104_62_fu_642_p2       |       xor|   0|  0|   2|           1|           2|
    |xor_ln104_63_fu_647_p2       |       xor|   0|  0|   2|           1|           2|
    |xor_ln104_64_fu_769_p2       |       xor|   0|  0|   2|           1|           2|
    |xor_ln104_65_fu_774_p2       |       xor|   0|  0|   2|           1|           2|
    |xor_ln104_66_fu_882_p2       |       xor|   0|  0|   2|           1|           2|
    |xor_ln104_67_fu_986_p2       |       xor|   0|  0|   2|           1|           2|
    |xor_ln104_68_fu_510_p2       |       xor|   0|  0|   2|           1|           2|
    |xor_ln104_fu_460_p2          |       xor|   0|  0|   2|           1|           2|
    +-----------------------------+----------+----+---+----+------------+------------+
    |Total                        |          |   0|  0| 925|         571|         456|
    +-----------------------------+----------+----+---+----+------------+------------+

    * Multiplexer: 
    N/A

    * Register: 
    +--------------------------------------+----+----+-----+-----------+
    |                 Name                 | FF | LUT| Bits| Const Bits|
    +--------------------------------------+----+----+-----+-----------+
    |and_ln102_147_reg_1320                |   1|   0|    1|          0|
    |and_ln102_148_reg_1327                |   1|   0|    1|          0|
    |and_ln102_148_reg_1327_pp0_iter2_reg  |   1|   0|    1|          0|
    |and_ln102_149_reg_1404                |   1|   0|    1|          0|
    |and_ln102_150_reg_1426                |   1|   0|    1|          0|
    |and_ln102_153_reg_1364                |   1|   0|    1|          0|
    |and_ln102_154_reg_1410                |   1|   0|    1|          0|
    |and_ln102_155_reg_1438                |   1|   0|    1|          0|
    |and_ln102_157_reg_1340                |   1|   0|    1|          0|
    |and_ln102_reg_1314                    |   1|   0|    1|          0|
    |and_ln104_23_reg_1359                 |   1|   0|    1|          0|
    |and_ln104_24_reg_1432                 |   1|   0|    1|          0|
    |and_ln104_24_reg_1432_pp0_iter5_reg   |   1|   0|    1|          0|
    |and_ln104_25_reg_1334                 |   1|   0|    1|          0|
    |and_ln104_26_reg_1346                 |   1|   0|    1|          0|
    |and_ln104_reg_1353                    |   1|   0|    1|          0|
    |and_ln104_reg_1353_pp0_iter3_reg      |   1|   0|    1|          0|
    |icmp_ln86_119_reg_1171                |   1|   0|    1|          0|
    |icmp_ln86_119_reg_1171_pp0_iter1_reg  |   1|   0|    1|          0|
    |icmp_ln86_120_reg_1177                |   1|   0|    1|          0|
    |icmp_ln86_121_reg_1183                |   1|   0|    1|          0|
    |icmp_ln86_121_reg_1183_pp0_iter1_reg  |   1|   0|    1|          0|
    |icmp_ln86_122_reg_1189                |   1|   0|    1|          0|
    |icmp_ln86_123_reg_1195                |   1|   0|    1|          0|
    |icmp_ln86_124_reg_1201                |   1|   0|    1|          0|
    |icmp_ln86_125_reg_1207                |   1|   0|    1|          0|
    |icmp_ln86_126_reg_1213                |   1|   0|    1|          0|
    |icmp_ln86_127_reg_1219                |   1|   0|    1|          0|
    |icmp_ln86_128_reg_1225                |   1|   0|    1|          0|
    |icmp_ln86_129_reg_1231                |   1|   0|    1|          0|
    |icmp_ln86_130_reg_1237                |   1|   0|    1|          0|
    |icmp_ln86_131_reg_1243                |   1|   0|    1|          0|
    |icmp_ln86_131_reg_1243_pp0_iter1_reg  |   1|   0|    1|          0|
    |icmp_ln86_132_reg_1248                |   1|   0|    1|          0|
    |icmp_ln86_132_reg_1248_pp0_iter1_reg  |   1|   0|    1|          0|
    |icmp_ln86_133_reg_1253                |   1|   0|    1|          0|
    |icmp_ln86_134_reg_1258                |   1|   0|    1|          0|
    |icmp_ln86_135_reg_1263                |   1|   0|    1|          0|
    |icmp_ln86_136_reg_1268                |   1|   0|    1|          0|
    |icmp_ln86_137_reg_1273                |   1|   0|    1|          0|
    |icmp_ln86_138_reg_1278                |   1|   0|    1|          0|
    |icmp_ln86_139_reg_1283                |   1|   0|    1|          0|
    |icmp_ln86_140_reg_1288                |   1|   0|    1|          0|
    |icmp_ln86_141_reg_1293                |   1|   0|    1|          0|
    |icmp_ln86_142_reg_1298                |   1|   0|    1|          0|
    |icmp_ln86_143_reg_1303                |   1|   0|    1|          0|
    |icmp_ln86_reg_1164                    |   1|   0|    1|          0|
    |icmp_ln86_reg_1164_pp0_iter1_reg      |   1|   0|    1|          0|
    |or_ln117_107_reg_1370                 |   1|   0|    1|          0|
    |or_ln117_109_reg_1380                 |   1|   0|    1|          0|
    |or_ln117_113_reg_1387                 |   1|   0|    1|          0|
    |or_ln117_113_reg_1387_pp0_iter3_reg   |   1|   0|    1|          0|
    |or_ln117_115_reg_1420                 |   1|   0|    1|          0|
    |or_ln117_119_reg_1395                 |   1|   0|    1|          0|
    |or_ln117_121_reg_1448                 |   1|   0|    1|          0|
    |or_ln117_125_reg_1454                 |   1|   0|    1|          0|
    |or_ln117_127_reg_1464                 |   1|   0|    1|          0|
    |or_ln117_127_reg_1464_pp0_iter6_reg   |   1|   0|    1|          0|
    |select_ln117_119_reg_1375             |   3|   0|    3|          0|
    |select_ln117_125_reg_1415             |   4|   0|    4|          0|
    |select_ln117_131_reg_1443             |   5|   0|    5|          0|
    |select_ln117_137_reg_1459             |   5|   0|    5|          0|
    |select_ln117_139_reg_1471             |   5|   0|    5|          0|
    |x_0_val_int_reg                       |  18|   0|   18|          0|
    |x_11_val_int_reg                      |  18|   0|   18|          0|
    |x_12_val_int_reg                      |  18|   0|   18|          0|
    |x_14_val_int_reg                      |  18|   0|   18|          0|
    |x_15_val_int_reg                      |  18|   0|   18|          0|
    |x_1_val_int_reg                       |  18|   0|   18|          0|
    |x_2_val_int_reg                       |  18|   0|   18|          0|
    |x_3_val_int_reg                       |  18|   0|   18|          0|
    |x_4_val_int_reg                       |  18|   0|   18|          0|
    |x_5_val_int_reg                       |  18|   0|   18|          0|
    |x_6_val_int_reg                       |  18|   0|   18|          0|
    |x_9_val_int_reg                       |  18|   0|   18|          0|
    |xor_ln104_reg_1308                    |   1|   0|    1|          0|
    |and_ln102_147_reg_1320                |  64|  32|    1|          0|
    |and_ln102_157_reg_1340                |  64|  32|    1|          0|
    |icmp_ln86_122_reg_1189                |  64|  32|    1|          0|
    |icmp_ln86_123_reg_1195                |  64|  32|    1|          0|
    |icmp_ln86_125_reg_1207                |  64|  32|    1|          0|
    |icmp_ln86_126_reg_1213                |  64|  32|    1|          0|
    |icmp_ln86_127_reg_1219                |  64|  32|    1|          0|
    |icmp_ln86_128_reg_1225                |  64|  32|    1|          0|
    |icmp_ln86_129_reg_1231                |  64|  32|    1|          0|
    |icmp_ln86_133_reg_1253                |  64|  32|    1|          0|
    |icmp_ln86_134_reg_1258                |  64|  32|    1|          0|
    |icmp_ln86_135_reg_1263                |  64|  32|    1|          0|
    |icmp_ln86_136_reg_1268                |  64|  32|    1|          0|
    |icmp_ln86_137_reg_1273                |  64|  32|    1|          0|
    |icmp_ln86_138_reg_1278                |  64|  32|    1|          0|
    |icmp_ln86_139_reg_1283                |  64|  32|    1|          0|
    |icmp_ln86_140_reg_1288                |  64|  32|    1|          0|
    |icmp_ln86_141_reg_1293                |  64|  32|    1|          0|
    |icmp_ln86_142_reg_1298                |  64|  32|    1|          0|
    |icmp_ln86_143_reg_1303                |  64|  32|    1|          0|
    |or_ln117_119_reg_1395                 |  64|  32|    1|          0|
    +--------------------------------------+----+----+-----+-----------+
    |Total                                 |1641| 672|  318|          0|
    +--------------------------------------+----+----+-----+-----------+



================================================================
== Interface
================================================================
* Summary: 
+-----------+-----+-----+------------+----------------------+--------------+
| RTL Ports | Dir | Bits|  Protocol  |     Source Object    |    C Type    |
+-----------+-----+-----+------------+----------------------+--------------+
|ap_clk     |   in|    1|  ap_ctrl_hs|  decision_function.95|  return value|
|ap_rst     |   in|    1|  ap_ctrl_hs|  decision_function.95|  return value|
|ap_return  |  out|   11|  ap_ctrl_hs|  decision_function.95|  return value|
|ap_ce      |   in|    1|  ap_ctrl_hs|  decision_function.95|  return value|
|x_0_val    |   in|   18|     ap_none|               x_0_val|        scalar|
|x_1_val    |   in|   18|     ap_none|               x_1_val|        scalar|
|x_2_val    |   in|   18|     ap_none|               x_2_val|        scalar|
|x_3_val    |   in|   18|     ap_none|               x_3_val|        scalar|
|x_4_val    |   in|   18|     ap_none|               x_4_val|        scalar|
|x_5_val    |   in|   18|     ap_none|               x_5_val|        scalar|
|x_6_val    |   in|   18|     ap_none|               x_6_val|        scalar|
|x_9_val    |   in|   18|     ap_none|               x_9_val|        scalar|
|x_11_val   |   in|   18|     ap_none|              x_11_val|        scalar|
|x_12_val   |   in|   18|     ap_none|              x_12_val|        scalar|
|x_14_val   |   in|   18|     ap_none|              x_14_val|        scalar|
|x_15_val   |   in|   18|     ap_none|              x_15_val|        scalar|
+-----------+-----+-----+------------+----------------------+--------------+

