

================================================================
== Vitis HLS Report for 'decision_function_59'
================================================================
* Date:           Tue Mar 11 16:17:02 2025

* Version:        2024.2 (Build 5238294 on Nov  8 2024)
* Project:        my_prj
* Solution:       solution1 (Vivado IP Flow Target)
* Product family: zynq
* Target device:  xc7z020-clg400-1


================================================================
== Performance Estimates
================================================================
+ Timing: 
    * Summary: 
    +--------+---------+----------+------------+
    |  Clock |  Target | Estimated| Uncertainty|
    +--------+---------+----------+------------+
    |ap_clk  |  5.00 ns|  3.645 ns|     1.35 ns|
    +--------+---------+----------+------------+

+ Latency: 
    * Summary: 
    +---------+---------+-----------+-----------+-----+-----+---------+
    |  Latency (cycles) |   Latency (absolute)  |  Interval | Pipeline|
    |   min   |   max   |    min    |    max    | min | max |   Type  |
    +---------+---------+-----------+-----------+-----+-----+---------+
    |        7|        7|  35.000 ns|  35.000 ns|    1|    1|      yes|
    +---------+---------+-----------+-----------+-----+-----+---------+

    + Detail: 
        * Instance: 
        N/A

        * Loop: 
        N/A



================================================================
== Utilization Estimates
================================================================
* Summary: 
+-----------------+---------+-----+--------+-------+-----+
|       Name      | BRAM_18K| DSP |   FF   |  LUT  | URAM|
+-----------------+---------+-----+--------+-------+-----+
|DSP              |        -|    -|       -|      -|    -|
|Expression       |        -|    -|       0|   1079|    -|
|FIFO             |        -|    -|       -|      -|    -|
|Instance         |        -|    -|       0|    142|    -|
|Memory           |        -|    -|       -|      -|    -|
|Multiplexer      |        -|    -|       -|      -|    -|
|Register         |        -|    -|    1750|    768|    -|
+-----------------+---------+-----+--------+-------+-----+
|Total            |        0|    0|    1750|   1989|    0|
+-----------------+---------+-----+--------+-------+-----+
|Available        |      280|  220|  106400|  53200|    0|
+-----------------+---------+-----+--------+-------+-----+
|Utilization (%)  |        0|    0|       1|      3|    0|
+-----------------+---------+-----+--------+-------+-----+

+ Detail: 
    * Instance: 
    +--------------------------------+---------------------------+---------+----+---+-----+-----+
    |            Instance            |           Module          | BRAM_18K| DSP| FF| LUT | URAM|
    +--------------------------------+---------------------------+---------+----+---+-----+-----+
    |sparsemux_65_5_12_1_1_x15_U526  |sparsemux_65_5_12_1_1_x15  |        0|   0|  0|  142|    0|
    +--------------------------------+---------------------------+---------+----+---+-----+-----+
    |Total                           |                           |        0|   0|  0|  142|    0|
    +--------------------------------+---------------------------+---------+----+---+-----+-----+

    * DSP: 
    N/A

    * Memory: 
    N/A

    * FIFO: 
    N/A

    * Expression: 
    +------------------------------+----------+----+---+----+------------+------------+
    |         Variable Name        | Operation| DSP| FF| LUT| Bitwidth P0| Bitwidth P1|
    +------------------------------+----------+----+---+----+------------+------------+
    |and_ln102_1462_fu_673_p2      |       and|   0|  0|   2|           1|           1|
    |and_ln102_1463_fu_490_p2      |       and|   0|  0|   2|           1|           1|
    |and_ln102_1464_fu_541_p2      |       and|   0|  0|   2|           1|           1|
    |and_ln102_1465_fu_687_p2      |       and|   0|  0|   2|           1|           1|
    |and_ln102_1466_fu_807_p2      |       and|   0|  0|   2|           1|           1|
    |and_ln102_1467_fu_504_p2      |       and|   0|  0|   2|           1|           1|
    |and_ln102_1468_fu_514_p2      |       and|   0|  0|   2|           1|           1|
    |and_ln102_1469_fu_560_p2      |       and|   0|  0|   2|           1|           1|
    |and_ln102_1470_fu_697_p2      |       and|   0|  0|   2|           1|           1|
    |and_ln102_1471_fu_701_p2      |       and|   0|  0|   2|           1|           1|
    |and_ln102_1472_fu_831_p2      |       and|   0|  0|   2|           1|           1|
    |and_ln102_1473_fu_949_p2      |       and|   0|  0|   2|           1|           1|
    |and_ln102_1474_fu_1042_p2     |       and|   0|  0|   2|           1|           1|
    |and_ln102_1475_fu_565_p2      |       and|   0|  0|   2|           1|           1|
    |and_ln102_1476_fu_519_p2      |       and|   0|  0|   2|           1|           1|
    |and_ln102_1477_fu_524_p2      |       and|   0|  0|   2|           1|           1|
    |and_ln102_1478_fu_569_p2      |       and|   0|  0|   2|           1|           1|
    |and_ln102_1479_fu_573_p2      |       and|   0|  0|   2|           1|           1|
    |and_ln102_1480_fu_578_p2      |       and|   0|  0|   2|           1|           1|
    |and_ln102_1481_fu_706_p2      |       and|   0|  0|   2|           1|           1|
    |and_ln102_1482_fu_710_p2      |       and|   0|  0|   2|           1|           1|
    |and_ln102_1483_fu_715_p2      |       and|   0|  0|   2|           1|           1|
    |and_ln102_1484_fu_720_p2      |       and|   0|  0|   2|           1|           1|
    |and_ln102_1485_fu_836_p2      |       and|   0|  0|   2|           1|           1|
    |and_ln102_1486_fu_841_p2      |       and|   0|  0|   2|           1|           1|
    |and_ln102_1487_fu_846_p2      |       and|   0|  0|   2|           1|           1|
    |and_ln102_1488_fu_850_p2      |       and|   0|  0|   2|           1|           1|
    |and_ln102_1489_fu_855_p2      |       and|   0|  0|   2|           1|           1|
    |and_ln102_1490_fu_953_p2      |       and|   0|  0|   2|           1|           1|
    |and_ln102_1491_fu_957_p2      |       and|   0|  0|   2|           1|           1|
    |and_ln102_1492_fu_962_p2      |       and|   0|  0|   2|           1|           1|
    |and_ln102_1493_fu_967_p2      |       and|   0|  0|   2|           1|           1|
    |and_ln102_1494_fu_1046_p2     |       and|   0|  0|   2|           1|           1|
    |and_ln102_1495_fu_1051_p2     |       and|   0|  0|   2|           1|           1|
    |and_ln102_1496_fu_1056_p2     |       and|   0|  0|   2|           1|           1|
    |and_ln102_1497_fu_1118_p2     |       and|   0|  0|   2|           1|           1|
    |and_ln102_1498_fu_1123_p2     |       and|   0|  0|   2|           1|           1|
    |and_ln102_fu_474_p2           |       and|   0|  0|   2|           1|           1|
    |and_ln104_210_fu_682_p2       |       and|   0|  0|   2|           1|           1|
    |and_ln104_211_fu_499_p2       |       and|   0|  0|   2|           1|           1|
    |and_ln104_212_fu_550_p2       |       and|   0|  0|   2|           1|           1|
    |and_ln104_213_fu_802_p2       |       and|   0|  0|   2|           1|           1|
    |and_ln104_214_fu_816_p2       |       and|   0|  0|   2|           1|           1|
    |and_ln104_fu_485_p2           |       and|   0|  0|   2|           1|           1|
    |icmp_ln86_1176_fu_294_p2      |      icmp|   0|  0|  25|          18|          10|
    |icmp_ln86_1177_fu_300_p2      |      icmp|   0|  0|  25|          18|          10|
    |icmp_ln86_1178_fu_306_p2      |      icmp|   0|  0|  25|          18|          11|
    |icmp_ln86_1179_fu_312_p2      |      icmp|   0|  0|  25|          18|          11|
    |icmp_ln86_1180_fu_318_p2      |      icmp|   0|  0|  25|          18|          11|
    |icmp_ln86_1181_fu_324_p2      |      icmp|   0|  0|  25|          18|          10|
    |icmp_ln86_1182_fu_330_p2      |      icmp|   0|  0|  25|          18|          11|
    |icmp_ln86_1183_fu_336_p2      |      icmp|   0|  0|  25|          18|          11|
    |icmp_ln86_1184_fu_342_p2      |      icmp|   0|  0|  25|          18|           9|
    |icmp_ln86_1185_fu_348_p2      |      icmp|   0|  0|  25|          18|          10|
    |icmp_ln86_1186_fu_354_p2      |      icmp|   0|  0|  25|          18|           9|
    |icmp_ln86_1187_fu_360_p2      |      icmp|   0|  0|  25|          18|          10|
    |icmp_ln86_1188_fu_366_p2      |      icmp|   0|  0|  25|          18|           8|
    |icmp_ln86_1189_fu_372_p2      |      icmp|   0|  0|  25|          18|           9|
    |icmp_ln86_1190_fu_378_p2      |      icmp|   0|  0|  25|          18|          11|
    |icmp_ln86_1191_fu_384_p2      |      icmp|   0|  0|  25|          18|          11|
    |icmp_ln86_1192_fu_390_p2      |      icmp|   0|  0|  25|          18|          11|
    |icmp_ln86_1193_fu_396_p2      |      icmp|   0|  0|  25|          18|          11|
    |icmp_ln86_1194_fu_402_p2      |      icmp|   0|  0|  25|          18|           9|
    |icmp_ln86_1195_fu_408_p2      |      icmp|   0|  0|  25|          18|           6|
    |icmp_ln86_1196_fu_414_p2      |      icmp|   0|  0|  25|          18|          11|
    |icmp_ln86_1197_fu_420_p2      |      icmp|   0|  0|  25|          18|           4|
    |icmp_ln86_1198_fu_426_p2      |      icmp|   0|  0|  25|          18|          10|
    |icmp_ln86_1199_fu_432_p2      |      icmp|   0|  0|  25|          18|           7|
    |icmp_ln86_1200_fu_438_p2      |      icmp|   0|  0|  25|          18|          11|
    |icmp_ln86_1201_fu_444_p2      |      icmp|   0|  0|  25|          18|          11|
    |icmp_ln86_1202_fu_450_p2      |      icmp|   0|  0|  25|          18|           9|
    |icmp_ln86_1203_fu_456_p2      |      icmp|   0|  0|  25|          18|          10|
    |icmp_ln86_1204_fu_462_p2      |      icmp|   0|  0|  25|          18|           9|
    |icmp_ln86_1205_fu_468_p2      |      icmp|   0|  0|  25|          18|           8|
    |icmp_ln86_fu_288_p2           |      icmp|   0|  0|  25|          18|          11|
    |or_ln117_1028_fu_611_p2       |        or|   0|  0|   2|           1|           1|
    |or_ln117_1029_fu_623_p2       |        or|   0|  0|   2|           1|           1|
    |or_ln117_1030_fu_635_p2       |        or|   0|  0|   2|           1|           1|
    |or_ln117_1031_fu_725_p2       |        or|   0|  0|   2|           1|           1|
    |or_ln117_1032_fu_668_p2       |        or|   0|  0|   2|           1|           1|
    |or_ln117_1033_fu_737_p2       |        or|   0|  0|   2|           1|           1|
    |or_ln117_1034_fu_749_p2       |        or|   0|  0|   2|           1|           1|
    |or_ln117_1035_fu_761_p2       |        or|   0|  0|   2|           1|           1|
    |or_ln117_1036_fu_775_p2       |        or|   0|  0|   2|           1|           1|
    |or_ln117_1037_fu_860_p2       |        or|   0|  0|   2|           1|           1|
    |or_ln117_1038_fu_876_p2       |        or|   0|  0|   2|           1|           1|
    |or_ln117_1039_fu_888_p2       |        or|   0|  0|   2|           1|           1|
    |or_ln117_1040_fu_900_p2       |        or|   0|  0|   2|           1|           1|
    |or_ln117_1041_fu_914_p2       |        or|   0|  0|   2|           1|           1|
    |or_ln117_1042_fu_972_p2       |        or|   0|  0|   2|           1|           1|
    |or_ln117_1043_fu_934_p2       |        or|   0|  0|   2|           1|           1|
    |or_ln117_1044_fu_984_p2       |        or|   0|  0|   2|           1|           1|
    |or_ln117_1045_fu_940_p2       |        or|   0|  0|   2|           1|           1|
    |or_ln117_1046_fu_1004_p2      |        or|   0|  0|   2|           1|           1|
    |or_ln117_1047_fu_1016_p2      |        or|   0|  0|   2|           1|           1|
    |or_ln117_1048_fu_1061_p2      |        or|   0|  0|   2|           1|           1|
    |or_ln117_1049_fu_1066_p2      |        or|   0|  0|   2|           1|           1|
    |or_ln117_1050_fu_1077_p2      |        or|   0|  0|   2|           1|           1|
    |or_ln117_1051_fu_1091_p2      |        or|   0|  0|   2|           1|           1|
    |or_ln117_1052_fu_1128_p2      |        or|   0|  0|   2|           1|           1|
    |or_ln117_fu_530_p2            |        or|   0|  0|   2|           1|           1|
    |agg_result_fu_1140_p66        |    select|   0|  0|   5|           1|           5|
    |select_ln117_1152_fu_600_p3   |    select|   0|  0|   2|           1|           2|
    |select_ln117_1153_fu_616_p3   |    select|   0|  0|   4|           1|           3|
    |select_ln117_1154_fu_627_p3   |    select|   0|  0|   3|           1|           3|
    |select_ln117_1155_fu_641_p3   |    select|   0|  0|   3|           1|           3|
    |select_ln117_1156_fu_649_p3   |    select|   0|  0|   3|           1|           3|
    |select_ln117_1157_fu_661_p3   |    select|   0|  0|   5|           1|           4|
    |select_ln117_1158_fu_730_p3   |    select|   0|  0|   4|           1|           4|
    |select_ln117_1159_fu_742_p3   |    select|   0|  0|   4|           1|           4|
    |select_ln117_1160_fu_753_p3   |    select|   0|  0|   4|           1|           4|
    |select_ln117_1161_fu_767_p3   |    select|   0|  0|   4|           1|           4|
    |select_ln117_1162_fu_781_p3   |    select|   0|  0|   4|           1|           4|
    |select_ln117_1163_fu_789_p3   |    select|   0|  0|   4|           1|           4|
    |select_ln117_1164_fu_865_p3   |    select|   0|  0|   4|           1|           4|
    |select_ln117_1165_fu_881_p3   |    select|   0|  0|   6|           1|           5|
    |select_ln117_1166_fu_892_p3   |    select|   0|  0|   5|           1|           5|
    |select_ln117_1167_fu_906_p3   |    select|   0|  0|   5|           1|           5|
    |select_ln117_1168_fu_918_p3   |    select|   0|  0|   5|           1|           5|
    |select_ln117_1169_fu_926_p3   |    select|   0|  0|   5|           1|           5|
    |select_ln117_1170_fu_977_p3   |    select|   0|  0|   5|           1|           5|
    |select_ln117_1171_fu_989_p3   |    select|   0|  0|   5|           1|           5|
    |select_ln117_1172_fu_996_p3   |    select|   0|  0|   5|           1|           5|
    |select_ln117_1173_fu_1009_p3  |    select|   0|  0|   5|           1|           5|
    |select_ln117_1174_fu_1021_p3  |    select|   0|  0|   5|           1|           5|
    |select_ln117_1175_fu_1029_p3  |    select|   0|  0|   5|           1|           5|
    |select_ln117_1176_fu_1070_p3  |    select|   0|  0|   5|           1|           5|
    |select_ln117_1177_fu_1083_p3  |    select|   0|  0|   5|           1|           5|
    |select_ln117_1178_fu_1097_p3  |    select|   0|  0|   5|           1|           5|
    |select_ln117_1179_fu_1105_p3  |    select|   0|  0|   5|           1|           5|
    |select_ln117_fu_593_p3        |    select|   0|  0|   3|           1|           2|
    |xor_ln104_555_fu_480_p2       |       xor|   0|  0|   2|           1|           2|
    |xor_ln104_556_fu_677_p2       |       xor|   0|  0|   2|           1|           2|
    |xor_ln104_557_fu_494_p2       |       xor|   0|  0|   2|           1|           2|
    |xor_ln104_558_fu_545_p2       |       xor|   0|  0|   2|           1|           2|
    |xor_ln104_559_fu_797_p2       |       xor|   0|  0|   2|           1|           2|
    |xor_ln104_560_fu_811_p2       |       xor|   0|  0|   2|           1|           2|
    |xor_ln104_561_fu_509_p2       |       xor|   0|  0|   2|           1|           2|
    |xor_ln104_562_fu_555_p2       |       xor|   0|  0|   2|           1|           2|
    |xor_ln104_563_fu_692_p2       |       xor|   0|  0|   2|           1|           2|
    |xor_ln104_564_fu_821_p2       |       xor|   0|  0|   2|           1|           2|
    |xor_ln104_565_fu_826_p2       |       xor|   0|  0|   2|           1|           2|
    |xor_ln104_566_fu_944_p2       |       xor|   0|  0|   2|           1|           2|
    |xor_ln104_567_fu_1037_p2      |       xor|   0|  0|   2|           1|           2|
    |xor_ln104_568_fu_1113_p2      |       xor|   0|  0|   2|           1|           2|
    |xor_ln104_fu_536_p2           |       xor|   0|  0|   2|           1|           2|
    |xor_ln117_fu_583_p2           |       xor|   0|  0|   2|           2|           1|
    +------------------------------+----------+----+---+----+------------+------------+
    |Total                         |          |   0|  0|1079|         675|         529|
    +------------------------------+----------+----+---+----+------------+------------+

    * Multiplexer: 
    N/A

    * Register: 
    +---------------------------------------+----+----+-----+-----------+
    |                  Name                 | FF | LUT| Bits| Const Bits|
    +---------------------------------------+----+----+-----+-----------+
    |and_ln102_1462_reg_1529                |   1|   0|    1|          0|
    |and_ln102_1463_reg_1466                |   1|   0|    1|          0|
    |and_ln102_1464_reg_1501                |   1|   0|    1|          0|
    |and_ln102_1465_reg_1541                |   1|   0|    1|          0|
    |and_ln102_1466_reg_1568                |   1|   0|    1|          0|
    |and_ln102_1466_reg_1568_pp0_iter5_reg  |   1|   0|    1|          0|
    |and_ln102_1467_reg_1478                |   1|   0|    1|          0|
    |and_ln102_1468_reg_1484                |   1|   0|    1|          0|
    |and_ln102_1469_reg_1513                |   1|   0|    1|          0|
    |and_ln102_1471_reg_1547                |   1|   0|    1|          0|
    |and_ln102_1472_reg_1581                |   1|   0|    1|          0|
    |and_ln102_reg_1450                     |   1|   0|    1|          0|
    |and_ln104_210_reg_1535                 |   1|   0|    1|          0|
    |and_ln104_211_reg_1473                 |   1|   0|    1|          0|
    |and_ln104_212_reg_1507                 |   1|   0|    1|          0|
    |and_ln104_212_reg_1507_pp0_iter3_reg   |   1|   0|    1|          0|
    |and_ln104_213_reg_1563                 |   1|   0|    1|          0|
    |and_ln104_214_reg_1575                 |   1|   0|    1|          0|
    |and_ln104_reg_1460                     |   1|   0|    1|          0|
    |icmp_ln86_1176_reg_1287                |   1|   0|    1|          0|
    |icmp_ln86_1177_reg_1292                |   1|   0|    1|          0|
    |icmp_ln86_1178_reg_1298                |   1|   0|    1|          0|
    |icmp_ln86_1179_reg_1304                |   1|   0|    1|          0|
    |icmp_ln86_1179_reg_1304_pp0_iter1_reg  |   1|   0|    1|          0|
    |icmp_ln86_1180_reg_1310                |   1|   0|    1|          0|
    |icmp_ln86_1181_reg_1316                |   1|   0|    1|          0|
    |icmp_ln86_1182_reg_1322                |   1|   0|    1|          0|
    |icmp_ln86_1183_reg_1328                |   1|   0|    1|          0|
    |icmp_ln86_1183_reg_1328_pp0_iter1_reg  |   1|   0|    1|          0|
    |icmp_ln86_1184_reg_1334                |   1|   0|    1|          0|
    |icmp_ln86_1185_reg_1340                |   1|   0|    1|          0|
    |icmp_ln86_1186_reg_1346                |   1|   0|    1|          0|
    |icmp_ln86_1187_reg_1352                |   1|   0|    1|          0|
    |icmp_ln86_1188_reg_1358                |   1|   0|    1|          0|
    |icmp_ln86_1189_reg_1364                |   1|   0|    1|          0|
    |icmp_ln86_1190_reg_1370                |   1|   0|    1|          0|
    |icmp_ln86_1190_reg_1370_pp0_iter1_reg  |   1|   0|    1|          0|
    |icmp_ln86_1191_reg_1375                |   1|   0|    1|          0|
    |icmp_ln86_1192_reg_1380                |   1|   0|    1|          0|
    |icmp_ln86_1192_reg_1380_pp0_iter1_reg  |   1|   0|    1|          0|
    |icmp_ln86_1193_reg_1385                |   1|   0|    1|          0|
    |icmp_ln86_1193_reg_1385_pp0_iter1_reg  |   1|   0|    1|          0|
    |icmp_ln86_1194_reg_1390                |   1|   0|    1|          0|
    |icmp_ln86_1195_reg_1395                |   1|   0|    1|          0|
    |icmp_ln86_1196_reg_1400                |   1|   0|    1|          0|
    |icmp_ln86_1197_reg_1405                |   1|   0|    1|          0|
    |icmp_ln86_1198_reg_1410                |   1|   0|    1|          0|
    |icmp_ln86_1199_reg_1415                |   1|   0|    1|          0|
    |icmp_ln86_1200_reg_1420                |   1|   0|    1|          0|
    |icmp_ln86_1201_reg_1425                |   1|   0|    1|          0|
    |icmp_ln86_1202_reg_1430                |   1|   0|    1|          0|
    |icmp_ln86_1203_reg_1435                |   1|   0|    1|          0|
    |icmp_ln86_1204_reg_1440                |   1|   0|    1|          0|
    |icmp_ln86_1205_reg_1445                |   1|   0|    1|          0|
    |icmp_ln86_reg_1276                     |   1|   0|    1|          0|
    |or_ln117_1032_reg_1523                 |   1|   0|    1|          0|
    |or_ln117_1036_reg_1553                 |   1|   0|    1|          0|
    |or_ln117_1041_reg_1586                 |   1|   0|    1|          0|
    |or_ln117_1043_reg_1596                 |   1|   0|    1|          0|
    |or_ln117_1045_reg_1602                 |   1|   0|    1|          0|
    |or_ln117_1045_reg_1602_pp0_iter5_reg   |   1|   0|    1|          0|
    |or_ln117_1047_reg_1610                 |   1|   0|    1|          0|
    |or_ln117_1051_reg_1620                 |   1|   0|    1|          0|
    |or_ln117_reg_1490                      |   1|   0|    1|          0|
    |select_ln117_1157_reg_1518             |   4|   0|    4|          0|
    |select_ln117_1163_reg_1558             |   4|   0|    4|          0|
    |select_ln117_1169_reg_1591             |   5|   0|    5|          0|
    |select_ln117_1175_reg_1615             |   5|   0|    5|          0|
    |select_ln117_1179_reg_1625             |   5|   0|    5|          0|
    |x_0_val_int_reg                        |  18|   0|   18|          0|
    |x_10_val_int_reg                       |  18|   0|   18|          0|
    |x_11_val_int_reg                       |  18|   0|   18|          0|
    |x_14_val_int_reg                       |  18|   0|   18|          0|
    |x_15_val_int_reg                       |  18|   0|   18|          0|
    |x_2_val_int_reg                        |  18|   0|   18|          0|
    |x_3_val_int_reg                        |  18|   0|   18|          0|
    |xor_ln104_reg_1495                     |   1|   0|    1|          0|
    |and_ln102_reg_1450                     |  64|  32|    1|          0|
    |and_ln104_214_reg_1575                 |  64|  32|    1|          0|
    |icmp_ln86_1177_reg_1292                |  64|  32|    1|          0|
    |icmp_ln86_1180_reg_1310                |  64|  32|    1|          0|
    |icmp_ln86_1181_reg_1316                |  64|  32|    1|          0|
    |icmp_ln86_1184_reg_1334                |  64|  32|    1|          0|
    |icmp_ln86_1185_reg_1340                |  64|  32|    1|          0|
    |icmp_ln86_1186_reg_1346                |  64|  32|    1|          0|
    |icmp_ln86_1187_reg_1352                |  64|  32|    1|          0|
    |icmp_ln86_1188_reg_1358                |  64|  32|    1|          0|
    |icmp_ln86_1189_reg_1364                |  64|  32|    1|          0|
    |icmp_ln86_1194_reg_1390                |  64|  32|    1|          0|
    |icmp_ln86_1195_reg_1395                |  64|  32|    1|          0|
    |icmp_ln86_1196_reg_1400                |  64|  32|    1|          0|
    |icmp_ln86_1197_reg_1405                |  64|  32|    1|          0|
    |icmp_ln86_1198_reg_1410                |  64|  32|    1|          0|
    |icmp_ln86_1199_reg_1415                |  64|  32|    1|          0|
    |icmp_ln86_1200_reg_1420                |  64|  32|    1|          0|
    |icmp_ln86_1201_reg_1425                |  64|  32|    1|          0|
    |icmp_ln86_1202_reg_1430                |  64|  32|    1|          0|
    |icmp_ln86_1203_reg_1435                |  64|  32|    1|          0|
    |icmp_ln86_1204_reg_1440                |  64|  32|    1|          0|
    |icmp_ln86_1205_reg_1445                |  64|  32|    1|          0|
    |icmp_ln86_reg_1276                     |  64|  32|    1|          0|
    +---------------------------------------+----+----+-----+-----------+
    |Total                                  |1750| 768|  238|          0|
    +---------------------------------------+----+----+-----+-----------+



================================================================
== Interface
================================================================
* Summary: 
+-----------+-----+-----+------------+----------------------+--------------+
| RTL Ports | Dir | Bits|  Protocol  |     Source Object    |    C Type    |
+-----------+-----+-----+------------+----------------------+--------------+
|ap_clk     |   in|    1|  ap_ctrl_hs|  decision_function.59|  return value|
|ap_rst     |   in|    1|  ap_ctrl_hs|  decision_function.59|  return value|
|ap_return  |  out|   12|  ap_ctrl_hs|  decision_function.59|  return value|
|ap_ce      |   in|    1|  ap_ctrl_hs|  decision_function.59|  return value|
|x_0_val    |   in|   18|     ap_none|               x_0_val|        scalar|
|x_2_val    |   in|   18|     ap_none|               x_2_val|        scalar|
|x_3_val    |   in|   18|     ap_none|               x_3_val|        scalar|
|x_10_val   |   in|   18|     ap_none|              x_10_val|        scalar|
|x_11_val   |   in|   18|     ap_none|              x_11_val|        scalar|
|x_14_val   |   in|   18|     ap_none|              x_14_val|        scalar|
|x_15_val   |   in|   18|     ap_none|              x_15_val|        scalar|
+-----------+-----+-----+------------+----------------------+--------------+

