

================================================================
== Vitis HLS Report for 'decision_function_104'
================================================================
* Date:           Tue Mar 11 16:17:31 2025

* Version:        2024.2 (Build 5238294 on Nov  8 2024)
* Project:        my_prj
* Solution:       solution1 (Vivado IP Flow Target)
* Product family: zynq
* Target device:  xc7z020-clg400-1


================================================================
== Performance Estimates
================================================================
+ Timing: 
    * Summary: 
    +--------+---------+----------+------------+
    |  Clock |  Target | Estimated| Uncertainty|
    +--------+---------+----------+------------+
    |ap_clk  |  5.00 ns|  3.645 ns|     1.35 ns|
    +--------+---------+----------+------------+

+ Latency: 
    * Summary: 
    +---------+---------+-----------+-----------+-----+-----+---------+
    |  Latency (cycles) |   Latency (absolute)  |  Interval | Pipeline|
    |   min   |   max   |    min    |    max    | min | max |   Type  |
    +---------+---------+-----------+-----------+-----+-----+---------+
    |        7|        7|  35.000 ns|  35.000 ns|    1|    1|      yes|
    +---------+---------+-----------+-----------+-----+-----+---------+

    + Detail: 
        * Instance: 
        N/A

        * Loop: 
        N/A



================================================================
== Utilization Estimates
================================================================
* Summary: 
+-----------------+---------+-----+--------+-------+-----+
|       Name      | BRAM_18K| DSP |   FF   |  LUT  | URAM|
+-----------------+---------+-----+--------+-------+-----+
|DSP              |        -|    -|       -|      -|    -|
|Expression       |        -|    -|       0|   1027|    -|
|FIFO             |        -|    -|       -|      -|    -|
|Instance         |        -|    -|       0|    134|    -|
|Memory           |        -|    -|       -|      -|    -|
|Multiplexer      |        -|    -|       -|      -|    -|
|Register         |        -|    -|    1591|    640|    -|
+-----------------+---------+-----+--------+-------+-----+
|Total            |        0|    0|    1591|   1801|    0|
+-----------------+---------+-----+--------+-------+-----+
|Available        |      280|  220|  106400|  53200|    0|
+-----------------+---------+-----+--------+-------+-----+
|Utilization (%)  |        0|    0|       1|      3|    0|
+-----------------+---------+-----+--------+-------+-----+

+ Detail: 
    * Instance: 
    +--------------------------------+--------------------------+---------+----+---+-----+-----+
    |            Instance            |          Module          | BRAM_18K| DSP| FF| LUT | URAM|
    +--------------------------------+--------------------------+---------+----+---+-----+-----+
    |sparsemux_61_5_12_1_1_x3_U1490  |sparsemux_61_5_12_1_1_x3  |        0|   0|  0|  134|    0|
    +--------------------------------+--------------------------+---------+----+---+-----+-----+
    |Total                           |                          |        0|   0|  0|  134|    0|
    +--------------------------------+--------------------------+---------+----+---+-----+-----+

    * DSP: 
    N/A

    * Memory: 
    N/A

    * FIFO: 
    N/A

    * Expression: 
    +------------------------------+----------+----+---+----+------------+------------+
    |         Variable Name        | Operation| DSP| FF| LUT| Bitwidth P0| Bitwidth P1|
    +------------------------------+----------+----+---+----+------------+------------+
    |and_ln102_2302_fu_512_p2      |       and|   0|  0|   2|           1|           1|
    |and_ln102_2303_fu_526_p2      |       and|   0|  0|   2|           1|           1|
    |and_ln102_2304_fu_630_p2      |       and|   0|  0|   2|           1|           1|
    |and_ln102_2305_fu_768_p2      |       and|   0|  0|   2|           1|           1|
    |and_ln102_2306_fu_540_p2      |       and|   0|  0|   2|           1|           1|
    |and_ln102_2307_fu_556_p2      |       and|   0|  0|   2|           1|           1|
    |and_ln102_2308_fu_561_p2      |       and|   0|  0|   2|           1|           1|
    |and_ln102_2309_fu_654_p2      |       and|   0|  0|   2|           1|           1|
    |and_ln102_2310_fu_777_p2      |       and|   0|  0|   2|           1|           1|
    |and_ln102_2311_fu_781_p2      |       and|   0|  0|   2|           1|           1|
    |and_ln102_2312_fu_901_p2      |       and|   0|  0|   2|           1|           1|
    |and_ln102_2313_fu_1015_p2     |       and|   0|  0|   2|           1|           1|
    |and_ln102_2314_fu_566_p2      |       and|   0|  0|   2|           1|           1|
    |and_ln102_2315_fu_571_p2      |       and|   0|  0|   2|           1|           1|
    |and_ln102_2316_fu_659_p2      |       and|   0|  0|   2|           1|           1|
    |and_ln102_2317_fu_664_p2      |       and|   0|  0|   2|           1|           1|
    |and_ln102_2318_fu_669_p2      |       and|   0|  0|   2|           1|           1|
    |and_ln102_2319_fu_673_p2      |       and|   0|  0|   2|           1|           1|
    |and_ln102_2320_fu_678_p2      |       and|   0|  0|   2|           1|           1|
    |and_ln102_2321_fu_786_p2      |       and|   0|  0|   2|           1|           1|
    |and_ln102_2322_fu_790_p2      |       and|   0|  0|   2|           1|           1|
    |and_ln102_2323_fu_795_p2      |       and|   0|  0|   2|           1|           1|
    |and_ln102_2324_fu_800_p2      |       and|   0|  0|   2|           1|           1|
    |and_ln102_2325_fu_906_p2      |       and|   0|  0|   2|           1|           1|
    |and_ln102_2326_fu_911_p2      |       and|   0|  0|   2|           1|           1|
    |and_ln102_2327_fu_916_p2      |       and|   0|  0|   2|           1|           1|
    |and_ln102_2328_fu_920_p2      |       and|   0|  0|   2|           1|           1|
    |and_ln102_2329_fu_925_p2      |       and|   0|  0|   2|           1|           1|
    |and_ln102_2330_fu_1019_p2     |       and|   0|  0|   2|           1|           1|
    |and_ln102_2331_fu_1023_p2     |       and|   0|  0|   2|           1|           1|
    |and_ln102_2332_fu_1028_p2     |       and|   0|  0|   2|           1|           1|
    |and_ln102_2333_fu_1033_p2     |       and|   0|  0|   2|           1|           1|
    |and_ln102_2334_fu_1108_p2     |       and|   0|  0|   2|           1|           1|
    |and_ln102_2335_fu_1113_p2     |       and|   0|  0|   2|           1|           1|
    |and_ln102_fu_496_p2           |       and|   0|  0|   2|           1|           1|
    |and_ln104_372_fu_521_p2       |       and|   0|  0|   2|           1|           1|
    |and_ln104_373_fu_535_p2       |       and|   0|  0|   2|           1|           1|
    |and_ln104_374_fu_639_p2       |       and|   0|  0|   2|           1|           1|
    |and_ln104_375_fu_886_p2       |       and|   0|  0|   2|           1|           1|
    |and_ln104_376_fu_550_p2       |       and|   0|  0|   2|           1|           1|
    |and_ln104_fu_507_p2           |       and|   0|  0|   2|           1|           1|
    |icmp_ln86_2041_fu_322_p2      |      icmp|   0|  0|  25|          18|          12|
    |icmp_ln86_2042_fu_328_p2      |      icmp|   0|  0|  25|          18|           8|
    |icmp_ln86_2043_fu_334_p2      |      icmp|   0|  0|  25|          18|          12|
    |icmp_ln86_2044_fu_340_p2      |      icmp|   0|  0|  25|          18|          10|
    |icmp_ln86_2045_fu_346_p2      |      icmp|   0|  0|  25|          18|          13|
    |icmp_ln86_2046_fu_352_p2      |      icmp|   0|  0|  25|          18|          10|
    |icmp_ln86_2047_fu_358_p2      |      icmp|   0|  0|  25|          18|           8|
    |icmp_ln86_2048_fu_364_p2      |      icmp|   0|  0|  25|          18|          12|
    |icmp_ln86_2049_fu_370_p2      |      icmp|   0|  0|  25|          18|          10|
    |icmp_ln86_2050_fu_376_p2      |      icmp|   0|  0|  25|          18|          10|
    |icmp_ln86_2051_fu_382_p2      |      icmp|   0|  0|  25|          18|          13|
    |icmp_ln86_2052_fu_388_p2      |      icmp|   0|  0|  25|          18|          11|
    |icmp_ln86_2053_fu_394_p2      |      icmp|   0|  0|  25|          18|          12|
    |icmp_ln86_2054_fu_400_p2      |      icmp|   0|  0|  25|          18|          12|
    |icmp_ln86_2055_fu_406_p2      |      icmp|   0|  0|  25|          18|          12|
    |icmp_ln86_2056_fu_412_p2      |      icmp|   0|  0|  25|          18|           7|
    |icmp_ln86_2057_fu_418_p2      |      icmp|   0|  0|  25|          18|          12|
    |icmp_ln86_2058_fu_424_p2      |      icmp|   0|  0|  25|          18|          12|
    |icmp_ln86_2059_fu_430_p2      |      icmp|   0|  0|  25|          18|          10|
    |icmp_ln86_2060_fu_436_p2      |      icmp|   0|  0|  25|          18|          10|
    |icmp_ln86_2061_fu_442_p2      |      icmp|   0|  0|  25|          18|          11|
    |icmp_ln86_2062_fu_448_p2      |      icmp|   0|  0|  25|          18|          11|
    |icmp_ln86_2063_fu_454_p2      |      icmp|   0|  0|  25|          18|          12|
    |icmp_ln86_2064_fu_460_p2      |      icmp|   0|  0|  25|          18|          11|
    |icmp_ln86_2065_fu_466_p2      |      icmp|   0|  0|  25|          18|          13|
    |icmp_ln86_2066_fu_472_p2      |      icmp|   0|  0|  25|          18|          12|
    |icmp_ln86_2067_fu_478_p2      |      icmp|   0|  0|  25|          18|          11|
    |icmp_ln86_2068_fu_484_p2      |      icmp|   0|  0|  25|          18|          12|
    |icmp_ln86_fu_316_p2           |      icmp|   0|  0|  25|          18|          11|
    |or_ln117_1807_fu_600_p2       |        or|   0|  0|   2|           1|           1|
    |or_ln117_1808_fu_686_p2       |        or|   0|  0|   2|           1|           1|
    |or_ln117_1809_fu_614_p2       |        or|   0|  0|   2|           1|           1|
    |or_ln117_1810_fu_706_p2       |        or|   0|  0|   2|           1|           1|
    |or_ln117_1811_fu_718_p2       |        or|   0|  0|   2|           1|           1|
    |or_ln117_1812_fu_734_p2       |        or|   0|  0|   2|           1|           1|
    |or_ln117_1813_fu_620_p2       |        or|   0|  0|   2|           1|           1|
    |or_ln117_1814_fu_805_p2       |        or|   0|  0|   2|           1|           1|
    |or_ln117_1815_fu_763_p2       |        or|   0|  0|   2|           1|           1|
    |or_ln117_1816_fu_817_p2       |        or|   0|  0|   2|           1|           1|
    |or_ln117_1817_fu_829_p2       |        or|   0|  0|   2|           1|           1|
    |or_ln117_1818_fu_841_p2       |        or|   0|  0|   2|           1|           1|
    |or_ln117_1819_fu_855_p2       |        or|   0|  0|   2|           1|           1|
    |or_ln117_1820_fu_930_p2       |        or|   0|  0|   2|           1|           1|
    |or_ln117_1821_fu_625_p2       |        or|   0|  0|   2|           1|           1|
    |or_ln117_1822_fu_942_p2       |        or|   0|  0|   2|           1|           1|
    |or_ln117_1823_fu_954_p2       |        or|   0|  0|   2|           1|           1|
    |or_ln117_1824_fu_966_p2       |        or|   0|  0|   2|           1|           1|
    |or_ln117_1825_fu_980_p2       |        or|   0|  0|   2|           1|           1|
    |or_ln117_1826_fu_1038_p2      |        or|   0|  0|   2|           1|           1|
    |or_ln117_1827_fu_1000_p2      |        or|   0|  0|   2|           1|           1|
    |or_ln117_1828_fu_1050_p2      |        or|   0|  0|   2|           1|           1|
    |or_ln117_1829_fu_1006_p2      |        or|   0|  0|   2|           1|           1|
    |or_ln117_1830_fu_1070_p2      |        or|   0|  0|   2|           1|           1|
    |or_ln117_1831_fu_1082_p2      |        or|   0|  0|   2|           1|           1|
    |or_ln117_1832_fu_1118_p2      |        or|   0|  0|   2|           1|           1|
    |or_ln117_1833_fu_1258_p2      |        or|   0|  0|   2|           1|           1|
    |or_ln117_fu_586_p2            |        or|   0|  0|   2|           1|           1|
    |ap_return                     |    select|   0|  0|  12|           1|          12|
    |select_ln117_1983_fu_606_p3   |    select|   0|  0|   2|           1|           2|
    |select_ln117_1984_fu_691_p3   |    select|   0|  0|   4|           1|           3|
    |select_ln117_1985_fu_698_p3   |    select|   0|  0|   3|           1|           3|
    |select_ln117_1986_fu_711_p3   |    select|   0|  0|   3|           1|           3|
    |select_ln117_1987_fu_722_p3   |    select|   0|  0|   3|           1|           3|
    |select_ln117_1988_fu_740_p3   |    select|   0|  0|   5|           1|           4|
    |select_ln117_1989_fu_748_p3   |    select|   0|  0|   4|           1|           4|
    |select_ln117_1990_fu_756_p3   |    select|   0|  0|   4|           1|           4|
    |select_ln117_1991_fu_810_p3   |    select|   0|  0|   4|           1|           4|
    |select_ln117_1992_fu_822_p3   |    select|   0|  0|   4|           1|           4|
    |select_ln117_1993_fu_833_p3   |    select|   0|  0|   4|           1|           4|
    |select_ln117_1994_fu_847_p3   |    select|   0|  0|   4|           1|           4|
    |select_ln117_1995_fu_861_p3   |    select|   0|  0|   4|           1|           4|
    |select_ln117_1996_fu_873_p3   |    select|   0|  0|   6|           1|           5|
    |select_ln117_1997_fu_935_p3   |    select|   0|  0|   5|           1|           5|
    |select_ln117_1998_fu_947_p3   |    select|   0|  0|   5|           1|           5|
    |select_ln117_1999_fu_958_p3   |    select|   0|  0|   5|           1|           5|
    |select_ln117_2000_fu_972_p3   |    select|   0|  0|   5|           1|           5|
    |select_ln117_2001_fu_984_p3   |    select|   0|  0|   5|           1|           5|
    |select_ln117_2002_fu_992_p3   |    select|   0|  0|   5|           1|           5|
    |select_ln117_2003_fu_1043_p3  |    select|   0|  0|   5|           1|           5|
    |select_ln117_2004_fu_1055_p3  |    select|   0|  0|   5|           1|           5|
    |select_ln117_2005_fu_1062_p3  |    select|   0|  0|   5|           1|           5|
    |select_ln117_2006_fu_1075_p3  |    select|   0|  0|   5|           1|           5|
    |select_ln117_2007_fu_1087_p3  |    select|   0|  0|   5|           1|           5|
    |select_ln117_2008_fu_1095_p3  |    select|   0|  0|   5|           1|           5|
    |select_ln117_fu_592_p3        |    select|   0|  0|   3|           1|           2|
    |tmp_fu_1130_p62               |    select|   0|  0|   5|           1|           5|
    |xor_ln104_968_fu_502_p2       |       xor|   0|  0|   2|           1|           2|
    |xor_ln104_969_fu_516_p2       |       xor|   0|  0|   2|           1|           2|
    |xor_ln104_970_fu_530_p2       |       xor|   0|  0|   2|           1|           2|
    |xor_ln104_971_fu_634_p2       |       xor|   0|  0|   2|           1|           2|
    |xor_ln104_972_fu_881_p2       |       xor|   0|  0|   2|           1|           2|
    |xor_ln104_973_fu_545_p2       |       xor|   0|  0|   2|           1|           2|
    |xor_ln104_974_fu_644_p2       |       xor|   0|  0|   2|           1|           2|
    |xor_ln104_975_fu_649_p2       |       xor|   0|  0|   2|           1|           2|
    |xor_ln104_976_fu_772_p2       |       xor|   0|  0|   2|           1|           2|
    |xor_ln104_977_fu_891_p2       |       xor|   0|  0|   2|           1|           2|
    |xor_ln104_978_fu_896_p2       |       xor|   0|  0|   2|           1|           2|
    |xor_ln104_979_fu_1010_p2      |       xor|   0|  0|   2|           1|           2|
    |xor_ln104_980_fu_1103_p2      |       xor|   0|  0|   2|           1|           2|
    |xor_ln104_fu_490_p2           |       xor|   0|  0|   2|           1|           2|
    |xor_ln117_fu_576_p2           |       xor|   0|  0|   2|           2|           1|
    +------------------------------+----------+----+---+----+------------+------------+
    |Total                         |          |   0|  0|1027|         636|         548|
    +------------------------------+----------+----+---+----+------------+------------+

    * Multiplexer: 
    N/A

    * Register: 
    +---------------------------------------+----+----+-----+-----------+
    |                  Name                 | FF | LUT| Bits| Const Bits|
    +---------------------------------------+----+----+-----+-----------+
    |and_ln102_2302_reg_1446                |   1|   0|    1|          0|
    |and_ln102_2303_reg_1453                |   1|   0|    1|          0|
    |and_ln102_2304_reg_1511                |   1|   0|    1|          0|
    |and_ln102_2305_reg_1539                |   1|   0|    1|          0|
    |and_ln102_2306_reg_1463                |   1|   0|    1|          0|
    |and_ln102_2308_reg_1470                |   1|   0|    1|          0|
    |and_ln102_2309_reg_1523                |   1|   0|    1|          0|
    |and_ln102_2311_reg_1545                |   1|   0|    1|          0|
    |and_ln102_2312_reg_1566                |   1|   0|    1|          0|
    |and_ln102_reg_1433                     |   1|   0|    1|          0|
    |and_ln104_373_reg_1458                 |   1|   0|    1|          0|
    |and_ln104_374_reg_1517                 |   1|   0|    1|          0|
    |and_ln104_374_reg_1517_pp0_iter3_reg   |   1|   0|    1|          0|
    |and_ln104_375_reg_1561                 |   1|   0|    1|          0|
    |and_ln104_reg_1440                     |   1|   0|    1|          0|
    |icmp_ln86_2041_reg_1275                |   1|   0|    1|          0|
    |icmp_ln86_2042_reg_1280                |   1|   0|    1|          0|
    |icmp_ln86_2043_reg_1286                |   1|   0|    1|          0|
    |icmp_ln86_2044_reg_1292                |   1|   0|    1|          0|
    |icmp_ln86_2044_reg_1292_pp0_iter1_reg  |   1|   0|    1|          0|
    |icmp_ln86_2045_reg_1298                |   1|   0|    1|          0|
    |icmp_ln86_2046_reg_1304                |   1|   0|    1|          0|
    |icmp_ln86_2047_reg_1310                |   1|   0|    1|          0|
    |icmp_ln86_2047_reg_1310_pp0_iter1_reg  |   1|   0|    1|          0|
    |icmp_ln86_2048_reg_1316                |   1|   0|    1|          0|
    |icmp_ln86_2048_reg_1316_pp0_iter1_reg  |   1|   0|    1|          0|
    |icmp_ln86_2049_reg_1322                |   1|   0|    1|          0|
    |icmp_ln86_2050_reg_1328                |   1|   0|    1|          0|
    |icmp_ln86_2051_reg_1334                |   1|   0|    1|          0|
    |icmp_ln86_2052_reg_1340                |   1|   0|    1|          0|
    |icmp_ln86_2053_reg_1346                |   1|   0|    1|          0|
    |icmp_ln86_2054_reg_1352                |   1|   0|    1|          0|
    |icmp_ln86_2055_reg_1357                |   1|   0|    1|          0|
    |icmp_ln86_2056_reg_1362                |   1|   0|    1|          0|
    |icmp_ln86_2056_reg_1362_pp0_iter1_reg  |   1|   0|    1|          0|
    |icmp_ln86_2057_reg_1367                |   1|   0|    1|          0|
    |icmp_ln86_2057_reg_1367_pp0_iter1_reg  |   1|   0|    1|          0|
    |icmp_ln86_2058_reg_1372                |   1|   0|    1|          0|
    |icmp_ln86_2058_reg_1372_pp0_iter1_reg  |   1|   0|    1|          0|
    |icmp_ln86_2059_reg_1377                |   1|   0|    1|          0|
    |icmp_ln86_2060_reg_1382                |   1|   0|    1|          0|
    |icmp_ln86_2061_reg_1387                |   1|   0|    1|          0|
    |icmp_ln86_2062_reg_1392                |   1|   0|    1|          0|
    |icmp_ln86_2063_reg_1397                |   1|   0|    1|          0|
    |icmp_ln86_2064_reg_1402                |   1|   0|    1|          0|
    |icmp_ln86_2065_reg_1407                |   1|   0|    1|          0|
    |icmp_ln86_2066_reg_1412                |   1|   0|    1|          0|
    |icmp_ln86_2067_reg_1417                |   1|   0|    1|          0|
    |icmp_ln86_2068_reg_1422                |   1|   0|    1|          0|
    |icmp_ln86_reg_1269                     |   1|   0|    1|          0|
    |or_ln117_1807_reg_1476                 |   1|   0|    1|          0|
    |or_ln117_1809_reg_1487                 |   1|   0|    1|          0|
    |or_ln117_1813_reg_1494                 |   1|   0|    1|          0|
    |or_ln117_1813_reg_1494_pp0_iter2_reg   |   1|   0|    1|          0|
    |or_ln117_1815_reg_1533                 |   1|   0|    1|          0|
    |or_ln117_1819_reg_1551                 |   1|   0|    1|          0|
    |or_ln117_1821_reg_1502                 |   1|   0|    1|          0|
    |or_ln117_1825_reg_1571                 |   1|   0|    1|          0|
    |or_ln117_1827_reg_1581                 |   1|   0|    1|          0|
    |or_ln117_1829_reg_1587                 |   1|   0|    1|          0|
    |or_ln117_1831_reg_1595                 |   1|   0|    1|          0|
    |select_ln117_1983_reg_1482             |   2|   0|    2|          0|
    |select_ln117_1990_reg_1528             |   4|   0|    4|          0|
    |select_ln117_1996_reg_1556             |   5|   0|    5|          0|
    |select_ln117_2002_reg_1576             |   5|   0|    5|          0|
    |select_ln117_2008_reg_1600             |   5|   0|    5|          0|
    |tmp_reg_1605                           |  12|   0|   12|          0|
    |x_0_val_int_reg                        |  18|   0|   18|          0|
    |x_10_val_int_reg                       |  18|   0|   18|          0|
    |x_11_val_int_reg                       |  18|   0|   18|          0|
    |x_14_val_int_reg                       |  18|   0|   18|          0|
    |x_15_val_int_reg                       |  18|   0|   18|          0|
    |x_1_val_int_reg                        |  18|   0|   18|          0|
    |x_3_val_int_reg                        |  18|   0|   18|          0|
    |x_4_val_int_reg                        |  18|   0|   18|          0|
    |x_5_val_int_reg                        |  18|   0|   18|          0|
    |x_6_val_int_reg                        |  18|   0|   18|          0|
    |x_7_val_int_reg                        |  18|   0|   18|          0|
    |x_9_val_int_reg                        |  18|   0|   18|          0|
    |xor_ln104_reg_1427                     |   1|   0|    1|          0|
    |and_ln102_2302_reg_1446                |  64|  32|    1|          0|
    |and_ln102_2306_reg_1463                |  64|  32|    1|          0|
    |icmp_ln86_2045_reg_1298                |  64|  32|    1|          0|
    |icmp_ln86_2049_reg_1322                |  64|  32|    1|          0|
    |icmp_ln86_2050_reg_1328                |  64|  32|    1|          0|
    |icmp_ln86_2051_reg_1334                |  64|  32|    1|          0|
    |icmp_ln86_2052_reg_1340                |  64|  32|    1|          0|
    |icmp_ln86_2053_reg_1346                |  64|  32|    1|          0|
    |icmp_ln86_2059_reg_1377                |  64|  32|    1|          0|
    |icmp_ln86_2060_reg_1382                |  64|  32|    1|          0|
    |icmp_ln86_2061_reg_1387                |  64|  32|    1|          0|
    |icmp_ln86_2062_reg_1392                |  64|  32|    1|          0|
    |icmp_ln86_2063_reg_1397                |  64|  32|    1|          0|
    |icmp_ln86_2064_reg_1402                |  64|  32|    1|          0|
    |icmp_ln86_2065_reg_1407                |  64|  32|    1|          0|
    |icmp_ln86_2066_reg_1412                |  64|  32|    1|          0|
    |icmp_ln86_2067_reg_1417                |  64|  32|    1|          0|
    |icmp_ln86_2068_reg_1422                |  64|  32|    1|          0|
    |or_ln117_1821_reg_1502                 |  64|  32|    1|          0|
    |or_ln117_1829_reg_1587                 |  64|  32|    1|          0|
    +---------------------------------------+----+----+-----+-----------+
    |Total                                  |1591| 640|  331|          0|
    +---------------------------------------+----+----+-----+-----------+



================================================================
== Interface
================================================================
* Summary: 
+-----------+-----+-----+------------+-----------------------+--------------+
| RTL Ports | Dir | Bits|  Protocol  |     Source Object     |    C Type    |
+-----------+-----+-----+------------+-----------------------+--------------+
|ap_clk     |   in|    1|  ap_ctrl_hs|  decision_function.104|  return value|
|ap_rst     |   in|    1|  ap_ctrl_hs|  decision_function.104|  return value|
|ap_return  |  out|   12|  ap_ctrl_hs|  decision_function.104|  return value|
|ap_ce      |   in|    1|  ap_ctrl_hs|  decision_function.104|  return value|
|x_0_val    |   in|   18|     ap_none|                x_0_val|        scalar|
|x_1_val    |   in|   18|     ap_none|                x_1_val|        scalar|
|x_3_val    |   in|   18|     ap_none|                x_3_val|        scalar|
|x_4_val    |   in|   18|     ap_none|                x_4_val|        scalar|
|x_5_val    |   in|   18|     ap_none|                x_5_val|        scalar|
|x_6_val    |   in|   18|     ap_none|                x_6_val|        scalar|
|x_7_val    |   in|   18|     ap_none|                x_7_val|        scalar|
|x_9_val    |   in|   18|     ap_none|                x_9_val|        scalar|
|x_10_val   |   in|   18|     ap_none|               x_10_val|        scalar|
|x_11_val   |   in|   18|     ap_none|               x_11_val|        scalar|
|x_14_val   |   in|   18|     ap_none|               x_14_val|        scalar|
|x_15_val   |   in|   18|     ap_none|               x_15_val|        scalar|
+-----------+-----+-----+------------+-----------------------+--------------+

