

================================================================
== Vitis HLS Report for 'decision_function_73'
================================================================
* Date:           Tue Mar 11 16:16:58 2025

* Version:        2024.2 (Build 5238294 on Nov  8 2024)
* Project:        my_prj
* Solution:       solution1 (Vivado IP Flow Target)
* Product family: zynq
* Target device:  xc7z020-clg400-1


================================================================
== Performance Estimates
================================================================
+ Timing: 
    * Summary: 
    +--------+---------+----------+------------+
    |  Clock |  Target | Estimated| Uncertainty|
    +--------+---------+----------+------------+
    |ap_clk  |  5.00 ns|  3.645 ns|     1.35 ns|
    +--------+---------+----------+------------+

+ Latency: 
    * Summary: 
    +---------+---------+-----------+-----------+-----+-----+---------+
    |  Latency (cycles) |   Latency (absolute)  |  Interval | Pipeline|
    |   min   |   max   |    min    |    max    | min | max |   Type  |
    +---------+---------+-----------+-----------+-----+-----+---------+
    |        7|        7|  35.000 ns|  35.000 ns|    1|    1|      yes|
    +---------+---------+-----------+-----------+-----+-----+---------+

    + Detail: 
        * Instance: 
        N/A

        * Loop: 
        N/A



================================================================
== Utilization Estimates
================================================================
* Summary: 
+-----------------+---------+-----+--------+-------+-----+
|       Name      | BRAM_18K| DSP |   FF   |  LUT  | URAM|
+-----------------+---------+-----+--------+-------+-----+
|DSP              |        -|    -|       -|      -|    -|
|Expression       |        -|    -|       0|   1079|    -|
|FIFO             |        -|    -|       -|      -|    -|
|Instance         |        -|    -|       0|    142|    -|
|Memory           |        -|    -|       -|      -|    -|
|Multiplexer      |        -|    -|       -|      -|    -|
|Register         |        -|    -|    1822|    768|    -|
+-----------------+---------+-----+--------+-------+-----+
|Total            |        0|    0|    1822|   1989|    0|
+-----------------+---------+-----+--------+-------+-----+
|Available        |      280|  220|  106400|  53200|    0|
+-----------------+---------+-----+--------+-------+-----+
|Utilization (%)  |        0|    0|       1|      3|    0|
+-----------------+---------+-----+--------+-------+-----+

+ Detail: 
    * Instance: 
    +-------------------------------+--------------------------+---------+----+---+-----+-----+
    |            Instance           |          Module          | BRAM_18K| DSP| FF| LUT | URAM|
    +-------------------------------+--------------------------+---------+----+---+-----+-----+
    |sparsemux_65_5_11_1_1_x5_U364  |sparsemux_65_5_11_1_1_x5  |        0|   0|  0|  142|    0|
    +-------------------------------+--------------------------+---------+----+---+-----+-----+
    |Total                          |                          |        0|   0|  0|  142|    0|
    +-------------------------------+--------------------------+---------+----+---+-----+-----+

    * DSP: 
    N/A

    * Memory: 
    N/A

    * FIFO: 
    N/A

    * Expression: 
    +-----------------------------+----------+----+---+----+------------+------------+
    |        Variable Name        | Operation| DSP| FF| LUT| Bitwidth P0| Bitwidth P1|
    +-----------------------------+----------+----+---+----+------------+------------+
    |and_ln102_947_fu_705_p2      |       and|   0|  0|   2|           1|           1|
    |and_ln102_948_fu_522_p2      |       and|   0|  0|   2|           1|           1|
    |and_ln102_949_fu_573_p2      |       and|   0|  0|   2|           1|           1|
    |and_ln102_950_fu_719_p2      |       and|   0|  0|   2|           1|           1|
    |and_ln102_951_fu_839_p2      |       and|   0|  0|   2|           1|           1|
    |and_ln102_952_fu_536_p2      |       and|   0|  0|   2|           1|           1|
    |and_ln102_953_fu_546_p2      |       and|   0|  0|   2|           1|           1|
    |and_ln102_954_fu_592_p2      |       and|   0|  0|   2|           1|           1|
    |and_ln102_955_fu_729_p2      |       and|   0|  0|   2|           1|           1|
    |and_ln102_956_fu_733_p2      |       and|   0|  0|   2|           1|           1|
    |and_ln102_957_fu_863_p2      |       and|   0|  0|   2|           1|           1|
    |and_ln102_958_fu_981_p2      |       and|   0|  0|   2|           1|           1|
    |and_ln102_959_fu_1074_p2     |       and|   0|  0|   2|           1|           1|
    |and_ln102_960_fu_597_p2      |       and|   0|  0|   2|           1|           1|
    |and_ln102_961_fu_551_p2      |       and|   0|  0|   2|           1|           1|
    |and_ln102_962_fu_556_p2      |       and|   0|  0|   2|           1|           1|
    |and_ln102_963_fu_601_p2      |       and|   0|  0|   2|           1|           1|
    |and_ln102_964_fu_605_p2      |       and|   0|  0|   2|           1|           1|
    |and_ln102_965_fu_610_p2      |       and|   0|  0|   2|           1|           1|
    |and_ln102_966_fu_738_p2      |       and|   0|  0|   2|           1|           1|
    |and_ln102_967_fu_742_p2      |       and|   0|  0|   2|           1|           1|
    |and_ln102_968_fu_747_p2      |       and|   0|  0|   2|           1|           1|
    |and_ln102_969_fu_752_p2      |       and|   0|  0|   2|           1|           1|
    |and_ln102_970_fu_868_p2      |       and|   0|  0|   2|           1|           1|
    |and_ln102_971_fu_873_p2      |       and|   0|  0|   2|           1|           1|
    |and_ln102_972_fu_878_p2      |       and|   0|  0|   2|           1|           1|
    |and_ln102_973_fu_882_p2      |       and|   0|  0|   2|           1|           1|
    |and_ln102_974_fu_887_p2      |       and|   0|  0|   2|           1|           1|
    |and_ln102_975_fu_985_p2      |       and|   0|  0|   2|           1|           1|
    |and_ln102_976_fu_989_p2      |       and|   0|  0|   2|           1|           1|
    |and_ln102_977_fu_994_p2      |       and|   0|  0|   2|           1|           1|
    |and_ln102_978_fu_999_p2      |       and|   0|  0|   2|           1|           1|
    |and_ln102_979_fu_1078_p2     |       and|   0|  0|   2|           1|           1|
    |and_ln102_980_fu_1083_p2     |       and|   0|  0|   2|           1|           1|
    |and_ln102_981_fu_1088_p2     |       and|   0|  0|   2|           1|           1|
    |and_ln102_982_fu_1150_p2     |       and|   0|  0|   2|           1|           1|
    |and_ln102_983_fu_1155_p2     |       and|   0|  0|   2|           1|           1|
    |and_ln102_fu_506_p2          |       and|   0|  0|   2|           1|           1|
    |and_ln104_140_fu_714_p2      |       and|   0|  0|   2|           1|           1|
    |and_ln104_141_fu_531_p2      |       and|   0|  0|   2|           1|           1|
    |and_ln104_142_fu_582_p2      |       and|   0|  0|   2|           1|           1|
    |and_ln104_143_fu_834_p2      |       and|   0|  0|   2|           1|           1|
    |and_ln104_144_fu_848_p2      |       and|   0|  0|   2|           1|           1|
    |and_ln104_fu_517_p2          |       and|   0|  0|   2|           1|           1|
    |icmp_ln86_765_fu_326_p2      |      icmp|   0|  0|  25|          18|          11|
    |icmp_ln86_766_fu_332_p2      |      icmp|   0|  0|  25|          18|          11|
    |icmp_ln86_767_fu_338_p2      |      icmp|   0|  0|  25|          18|           8|
    |icmp_ln86_768_fu_344_p2      |      icmp|   0|  0|  25|          18|          11|
    |icmp_ln86_769_fu_350_p2      |      icmp|   0|  0|  25|          18|           7|
    |icmp_ln86_770_fu_356_p2      |      icmp|   0|  0|  25|          18|          10|
    |icmp_ln86_771_fu_362_p2      |      icmp|   0|  0|  25|          18|          10|
    |icmp_ln86_772_fu_368_p2      |      icmp|   0|  0|  25|          18|          10|
    |icmp_ln86_773_fu_374_p2      |      icmp|   0|  0|  25|          18|           6|
    |icmp_ln86_774_fu_380_p2      |      icmp|   0|  0|  25|          18|          11|
    |icmp_ln86_775_fu_386_p2      |      icmp|   0|  0|  25|          18|          11|
    |icmp_ln86_776_fu_392_p2      |      icmp|   0|  0|  25|          18|           9|
    |icmp_ln86_777_fu_398_p2      |      icmp|   0|  0|  25|          18|          12|
    |icmp_ln86_778_fu_404_p2      |      icmp|   0|  0|  25|          18|          10|
    |icmp_ln86_779_fu_410_p2      |      icmp|   0|  0|  25|          18|          12|
    |icmp_ln86_780_fu_416_p2      |      icmp|   0|  0|  25|          18|          10|
    |icmp_ln86_781_fu_422_p2      |      icmp|   0|  0|  25|          18|          11|
    |icmp_ln86_782_fu_428_p2      |      icmp|   0|  0|  25|          18|          11|
    |icmp_ln86_783_fu_434_p2      |      icmp|   0|  0|  25|          18|          11|
    |icmp_ln86_784_fu_440_p2      |      icmp|   0|  0|  25|          18|          11|
    |icmp_ln86_785_fu_446_p2      |      icmp|   0|  0|  25|          18|          11|
    |icmp_ln86_786_fu_452_p2      |      icmp|   0|  0|  25|          18|          11|
    |icmp_ln86_787_fu_458_p2      |      icmp|   0|  0|  25|          18|           9|
    |icmp_ln86_788_fu_464_p2      |      icmp|   0|  0|  25|          18|          10|
    |icmp_ln86_789_fu_470_p2      |      icmp|   0|  0|  25|          18|          10|
    |icmp_ln86_790_fu_476_p2      |      icmp|   0|  0|  25|          18|           9|
    |icmp_ln86_791_fu_482_p2      |      icmp|   0|  0|  25|          18|          10|
    |icmp_ln86_792_fu_488_p2      |      icmp|   0|  0|  25|          18|          12|
    |icmp_ln86_793_fu_494_p2      |      icmp|   0|  0|  25|          18|          11|
    |icmp_ln86_794_fu_500_p2      |      icmp|   0|  0|  25|          18|          12|
    |icmp_ln86_fu_320_p2          |      icmp|   0|  0|  25|          18|          11|
    |or_ln117_677_fu_643_p2       |        or|   0|  0|   2|           1|           1|
    |or_ln117_678_fu_655_p2       |        or|   0|  0|   2|           1|           1|
    |or_ln117_679_fu_667_p2       |        or|   0|  0|   2|           1|           1|
    |or_ln117_680_fu_757_p2       |        or|   0|  0|   2|           1|           1|
    |or_ln117_681_fu_700_p2       |        or|   0|  0|   2|           1|           1|
    |or_ln117_682_fu_769_p2       |        or|   0|  0|   2|           1|           1|
    |or_ln117_683_fu_781_p2       |        or|   0|  0|   2|           1|           1|
    |or_ln117_684_fu_793_p2       |        or|   0|  0|   2|           1|           1|
    |or_ln117_685_fu_807_p2       |        or|   0|  0|   2|           1|           1|
    |or_ln117_686_fu_892_p2       |        or|   0|  0|   2|           1|           1|
    |or_ln117_687_fu_908_p2       |        or|   0|  0|   2|           1|           1|
    |or_ln117_688_fu_920_p2       |        or|   0|  0|   2|           1|           1|
    |or_ln117_689_fu_932_p2       |        or|   0|  0|   2|           1|           1|
    |or_ln117_690_fu_946_p2       |        or|   0|  0|   2|           1|           1|
    |or_ln117_691_fu_1004_p2      |        or|   0|  0|   2|           1|           1|
    |or_ln117_692_fu_966_p2       |        or|   0|  0|   2|           1|           1|
    |or_ln117_693_fu_1016_p2      |        or|   0|  0|   2|           1|           1|
    |or_ln117_694_fu_972_p2       |        or|   0|  0|   2|           1|           1|
    |or_ln117_695_fu_1036_p2      |        or|   0|  0|   2|           1|           1|
    |or_ln117_696_fu_1048_p2      |        or|   0|  0|   2|           1|           1|
    |or_ln117_697_fu_1093_p2      |        or|   0|  0|   2|           1|           1|
    |or_ln117_698_fu_1098_p2      |        or|   0|  0|   2|           1|           1|
    |or_ln117_699_fu_1109_p2      |        or|   0|  0|   2|           1|           1|
    |or_ln117_700_fu_1123_p2      |        or|   0|  0|   2|           1|           1|
    |or_ln117_701_fu_1160_p2      |        or|   0|  0|   2|           1|           1|
    |or_ln117_fu_562_p2           |        or|   0|  0|   2|           1|           1|
    |agg_result_fu_1172_p66       |    select|   0|  0|   5|           1|           5|
    |select_ln117_747_fu_632_p3   |    select|   0|  0|   2|           1|           2|
    |select_ln117_748_fu_648_p3   |    select|   0|  0|   4|           1|           3|
    |select_ln117_749_fu_659_p3   |    select|   0|  0|   3|           1|           3|
    |select_ln117_750_fu_673_p3   |    select|   0|  0|   3|           1|           3|
    |select_ln117_751_fu_681_p3   |    select|   0|  0|   3|           1|           3|
    |select_ln117_752_fu_693_p3   |    select|   0|  0|   5|           1|           4|
    |select_ln117_753_fu_762_p3   |    select|   0|  0|   4|           1|           4|
    |select_ln117_754_fu_774_p3   |    select|   0|  0|   4|           1|           4|
    |select_ln117_755_fu_785_p3   |    select|   0|  0|   4|           1|           4|
    |select_ln117_756_fu_799_p3   |    select|   0|  0|   4|           1|           4|
    |select_ln117_757_fu_813_p3   |    select|   0|  0|   4|           1|           4|
    |select_ln117_758_fu_821_p3   |    select|   0|  0|   4|           1|           4|
    |select_ln117_759_fu_897_p3   |    select|   0|  0|   4|           1|           4|
    |select_ln117_760_fu_913_p3   |    select|   0|  0|   6|           1|           5|
    |select_ln117_761_fu_924_p3   |    select|   0|  0|   5|           1|           5|
    |select_ln117_762_fu_938_p3   |    select|   0|  0|   5|           1|           5|
    |select_ln117_763_fu_950_p3   |    select|   0|  0|   5|           1|           5|
    |select_ln117_764_fu_958_p3   |    select|   0|  0|   5|           1|           5|
    |select_ln117_765_fu_1009_p3  |    select|   0|  0|   5|           1|           5|
    |select_ln117_766_fu_1021_p3  |    select|   0|  0|   5|           1|           5|
    |select_ln117_767_fu_1028_p3  |    select|   0|  0|   5|           1|           5|
    |select_ln117_768_fu_1041_p3  |    select|   0|  0|   5|           1|           5|
    |select_ln117_769_fu_1053_p3  |    select|   0|  0|   5|           1|           5|
    |select_ln117_770_fu_1061_p3  |    select|   0|  0|   5|           1|           5|
    |select_ln117_771_fu_1102_p3  |    select|   0|  0|   5|           1|           5|
    |select_ln117_772_fu_1115_p3  |    select|   0|  0|   5|           1|           5|
    |select_ln117_773_fu_1129_p3  |    select|   0|  0|   5|           1|           5|
    |select_ln117_774_fu_1137_p3  |    select|   0|  0|   5|           1|           5|
    |select_ln117_fu_625_p3       |    select|   0|  0|   3|           1|           2|
    |xor_ln104_361_fu_512_p2      |       xor|   0|  0|   2|           1|           2|
    |xor_ln104_362_fu_709_p2      |       xor|   0|  0|   2|           1|           2|
    |xor_ln104_363_fu_526_p2      |       xor|   0|  0|   2|           1|           2|
    |xor_ln104_364_fu_577_p2      |       xor|   0|  0|   2|           1|           2|
    |xor_ln104_365_fu_829_p2      |       xor|   0|  0|   2|           1|           2|
    |xor_ln104_366_fu_843_p2      |       xor|   0|  0|   2|           1|           2|
    |xor_ln104_367_fu_541_p2      |       xor|   0|  0|   2|           1|           2|
    |xor_ln104_368_fu_587_p2      |       xor|   0|  0|   2|           1|           2|
    |xor_ln104_369_fu_724_p2      |       xor|   0|  0|   2|           1|           2|
    |xor_ln104_370_fu_853_p2      |       xor|   0|  0|   2|           1|           2|
    |xor_ln104_371_fu_858_p2      |       xor|   0|  0|   2|           1|           2|
    |xor_ln104_372_fu_976_p2      |       xor|   0|  0|   2|           1|           2|
    |xor_ln104_373_fu_1069_p2     |       xor|   0|  0|   2|           1|           2|
    |xor_ln104_374_fu_1145_p2     |       xor|   0|  0|   2|           1|           2|
    |xor_ln104_fu_568_p2          |       xor|   0|  0|   2|           1|           2|
    |xor_ln117_fu_615_p2          |       xor|   0|  0|   2|           2|           1|
    +-----------------------------+----------+----+---+----+------------+------------+
    |Total                        |          |   0|  0|1079|         675|         548|
    +-----------------------------+----------+----+---+----+------------+------------+

    * Multiplexer: 
    N/A

    * Register: 
    +--------------------------------------+----+----+-----+-----------+
    |                 Name                 | FF | LUT| Bits| Const Bits|
    +--------------------------------------+----+----+-----+-----------+
    |and_ln102_947_reg_1561                |   1|   0|    1|          0|
    |and_ln102_948_reg_1498                |   1|   0|    1|          0|
    |and_ln102_949_reg_1533                |   1|   0|    1|          0|
    |and_ln102_950_reg_1573                |   1|   0|    1|          0|
    |and_ln102_951_reg_1600                |   1|   0|    1|          0|
    |and_ln102_951_reg_1600_pp0_iter5_reg  |   1|   0|    1|          0|
    |and_ln102_952_reg_1510                |   1|   0|    1|          0|
    |and_ln102_953_reg_1516                |   1|   0|    1|          0|
    |and_ln102_954_reg_1545                |   1|   0|    1|          0|
    |and_ln102_956_reg_1579                |   1|   0|    1|          0|
    |and_ln102_957_reg_1613                |   1|   0|    1|          0|
    |and_ln102_reg_1482                    |   1|   0|    1|          0|
    |and_ln104_140_reg_1567                |   1|   0|    1|          0|
    |and_ln104_141_reg_1505                |   1|   0|    1|          0|
    |and_ln104_142_reg_1539                |   1|   0|    1|          0|
    |and_ln104_142_reg_1539_pp0_iter3_reg  |   1|   0|    1|          0|
    |and_ln104_143_reg_1595                |   1|   0|    1|          0|
    |and_ln104_144_reg_1607                |   1|   0|    1|          0|
    |and_ln104_reg_1492                    |   1|   0|    1|          0|
    |icmp_ln86_765_reg_1319                |   1|   0|    1|          0|
    |icmp_ln86_766_reg_1324                |   1|   0|    1|          0|
    |icmp_ln86_767_reg_1330                |   1|   0|    1|          0|
    |icmp_ln86_768_reg_1336                |   1|   0|    1|          0|
    |icmp_ln86_768_reg_1336_pp0_iter1_reg  |   1|   0|    1|          0|
    |icmp_ln86_769_reg_1342                |   1|   0|    1|          0|
    |icmp_ln86_770_reg_1348                |   1|   0|    1|          0|
    |icmp_ln86_771_reg_1354                |   1|   0|    1|          0|
    |icmp_ln86_772_reg_1360                |   1|   0|    1|          0|
    |icmp_ln86_772_reg_1360_pp0_iter1_reg  |   1|   0|    1|          0|
    |icmp_ln86_773_reg_1366                |   1|   0|    1|          0|
    |icmp_ln86_774_reg_1372                |   1|   0|    1|          0|
    |icmp_ln86_775_reg_1378                |   1|   0|    1|          0|
    |icmp_ln86_776_reg_1384                |   1|   0|    1|          0|
    |icmp_ln86_777_reg_1390                |   1|   0|    1|          0|
    |icmp_ln86_778_reg_1396                |   1|   0|    1|          0|
    |icmp_ln86_779_reg_1402                |   1|   0|    1|          0|
    |icmp_ln86_779_reg_1402_pp0_iter1_reg  |   1|   0|    1|          0|
    |icmp_ln86_780_reg_1407                |   1|   0|    1|          0|
    |icmp_ln86_781_reg_1412                |   1|   0|    1|          0|
    |icmp_ln86_781_reg_1412_pp0_iter1_reg  |   1|   0|    1|          0|
    |icmp_ln86_782_reg_1417                |   1|   0|    1|          0|
    |icmp_ln86_782_reg_1417_pp0_iter1_reg  |   1|   0|    1|          0|
    |icmp_ln86_783_reg_1422                |   1|   0|    1|          0|
    |icmp_ln86_784_reg_1427                |   1|   0|    1|          0|
    |icmp_ln86_785_reg_1432                |   1|   0|    1|          0|
    |icmp_ln86_786_reg_1437                |   1|   0|    1|          0|
    |icmp_ln86_787_reg_1442                |   1|   0|    1|          0|
    |icmp_ln86_788_reg_1447                |   1|   0|    1|          0|
    |icmp_ln86_789_reg_1452                |   1|   0|    1|          0|
    |icmp_ln86_790_reg_1457                |   1|   0|    1|          0|
    |icmp_ln86_791_reg_1462                |   1|   0|    1|          0|
    |icmp_ln86_792_reg_1467                |   1|   0|    1|          0|
    |icmp_ln86_793_reg_1472                |   1|   0|    1|          0|
    |icmp_ln86_794_reg_1477                |   1|   0|    1|          0|
    |icmp_ln86_reg_1308                    |   1|   0|    1|          0|
    |or_ln117_681_reg_1555                 |   1|   0|    1|          0|
    |or_ln117_685_reg_1585                 |   1|   0|    1|          0|
    |or_ln117_690_reg_1618                 |   1|   0|    1|          0|
    |or_ln117_692_reg_1628                 |   1|   0|    1|          0|
    |or_ln117_694_reg_1634                 |   1|   0|    1|          0|
    |or_ln117_694_reg_1634_pp0_iter5_reg   |   1|   0|    1|          0|
    |or_ln117_696_reg_1642                 |   1|   0|    1|          0|
    |or_ln117_700_reg_1652                 |   1|   0|    1|          0|
    |or_ln117_reg_1522                     |   1|   0|    1|          0|
    |select_ln117_752_reg_1550             |   4|   0|    4|          0|
    |select_ln117_758_reg_1590             |   4|   0|    4|          0|
    |select_ln117_764_reg_1623             |   5|   0|    5|          0|
    |select_ln117_770_reg_1647             |   5|   0|    5|          0|
    |select_ln117_774_reg_1657             |   5|   0|    5|          0|
    |x_10_val_int_reg                      |  18|   0|   18|          0|
    |x_11_val_int_reg                      |  18|   0|   18|          0|
    |x_12_val_int_reg                      |  18|   0|   18|          0|
    |x_14_val_int_reg                      |  18|   0|   18|          0|
    |x_15_val_int_reg                      |  18|   0|   18|          0|
    |x_1_val_int_reg                       |  18|   0|   18|          0|
    |x_2_val_int_reg                       |  18|   0|   18|          0|
    |x_3_val_int_reg                       |  18|   0|   18|          0|
    |x_5_val_int_reg                       |  18|   0|   18|          0|
    |x_7_val_int_reg                       |  18|   0|   18|          0|
    |x_9_val_int_reg                       |  18|   0|   18|          0|
    |xor_ln104_reg_1527                    |   1|   0|    1|          0|
    |and_ln102_reg_1482                    |  64|  32|    1|          0|
    |and_ln104_144_reg_1607                |  64|  32|    1|          0|
    |icmp_ln86_766_reg_1324                |  64|  32|    1|          0|
    |icmp_ln86_769_reg_1342                |  64|  32|    1|          0|
    |icmp_ln86_770_reg_1348                |  64|  32|    1|          0|
    |icmp_ln86_773_reg_1366                |  64|  32|    1|          0|
    |icmp_ln86_774_reg_1372                |  64|  32|    1|          0|
    |icmp_ln86_775_reg_1378                |  64|  32|    1|          0|
    |icmp_ln86_776_reg_1384                |  64|  32|    1|          0|
    |icmp_ln86_777_reg_1390                |  64|  32|    1|          0|
    |icmp_ln86_778_reg_1396                |  64|  32|    1|          0|
    |icmp_ln86_783_reg_1422                |  64|  32|    1|          0|
    |icmp_ln86_784_reg_1427                |  64|  32|    1|          0|
    |icmp_ln86_785_reg_1432                |  64|  32|    1|          0|
    |icmp_ln86_786_reg_1437                |  64|  32|    1|          0|
    |icmp_ln86_787_reg_1442                |  64|  32|    1|          0|
    |icmp_ln86_788_reg_1447                |  64|  32|    1|          0|
    |icmp_ln86_789_reg_1452                |  64|  32|    1|          0|
    |icmp_ln86_790_reg_1457                |  64|  32|    1|          0|
    |icmp_ln86_791_reg_1462                |  64|  32|    1|          0|
    |icmp_ln86_792_reg_1467                |  64|  32|    1|          0|
    |icmp_ln86_793_reg_1472                |  64|  32|    1|          0|
    |icmp_ln86_794_reg_1477                |  64|  32|    1|          0|
    |icmp_ln86_reg_1308                    |  64|  32|    1|          0|
    +--------------------------------------+----+----+-----+-----------+
    |Total                                 |1822| 768|  310|          0|
    +--------------------------------------+----+----+-----+-----------+



================================================================
== Interface
================================================================
* Summary: 
+-----------+-----+-----+------------+----------------------+--------------+
| RTL Ports | Dir | Bits|  Protocol  |     Source Object    |    C Type    |
+-----------+-----+-----+------------+----------------------+--------------+
|ap_clk     |   in|    1|  ap_ctrl_hs|  decision_function.73|  return value|
|ap_rst     |   in|    1|  ap_ctrl_hs|  decision_function.73|  return value|
|ap_return  |  out|   11|  ap_ctrl_hs|  decision_function.73|  return value|
|ap_ce      |   in|    1|  ap_ctrl_hs|  decision_function.73|  return value|
|x_1_val    |   in|   18|     ap_none|               x_1_val|        scalar|
|x_2_val    |   in|   18|     ap_none|               x_2_val|        scalar|
|x_3_val    |   in|   18|     ap_none|               x_3_val|        scalar|
|x_5_val    |   in|   18|     ap_none|               x_5_val|        scalar|
|x_7_val    |   in|   18|     ap_none|               x_7_val|        scalar|
|x_9_val    |   in|   18|     ap_none|               x_9_val|        scalar|
|x_10_val   |   in|   18|     ap_none|              x_10_val|        scalar|
|x_11_val   |   in|   18|     ap_none|              x_11_val|        scalar|
|x_12_val   |   in|   18|     ap_none|              x_12_val|        scalar|
|x_14_val   |   in|   18|     ap_none|              x_14_val|        scalar|
|x_15_val   |   in|   18|     ap_none|              x_15_val|        scalar|
+-----------+-----+-----+------------+----------------------+--------------+

