

================================================================
== Vitis HLS Report for 'decision_function_22'
================================================================
* Date:           Tue Mar 11 16:17:15 2025

* Version:        2024.2 (Build 5238294 on Nov  8 2024)
* Project:        my_prj
* Solution:       solution1 (Vivado IP Flow Target)
* Product family: zynq
* Target device:  xc7z020-clg400-1


================================================================
== Performance Estimates
================================================================
+ Timing: 
    * Summary: 
    +--------+---------+----------+------------+
    |  Clock |  Target | Estimated| Uncertainty|
    +--------+---------+----------+------------+
    |ap_clk  |  5.00 ns|  3.645 ns|     1.35 ns|
    +--------+---------+----------+------------+

+ Latency: 
    * Summary: 
    +---------+---------+-----------+-----------+-----+-----+---------+
    |  Latency (cycles) |   Latency (absolute)  |  Interval | Pipeline|
    |   min   |   max   |    min    |    max    | min | max |   Type  |
    +---------+---------+-----------+-----------+-----+-----+---------+
    |        7|        7|  35.000 ns|  35.000 ns|    1|    1|      yes|
    +---------+---------+-----------+-----------+-----+-----+---------+

    + Detail: 
        * Instance: 
        N/A

        * Loop: 
        N/A



================================================================
== Utilization Estimates
================================================================
* Summary: 
+-----------------+---------+-----+--------+-------+-----+
|       Name      | BRAM_18K| DSP |   FF   |  LUT  | URAM|
+-----------------+---------+-----+--------+-------+-----+
|DSP              |        -|    -|       -|      -|    -|
|Expression       |        -|    -|       0|   1079|    -|
|FIFO             |        -|    -|       -|      -|    -|
|Instance         |        -|    -|       0|    142|    -|
|Memory           |        -|    -|       -|      -|    -|
|Multiplexer      |        -|    -|       -|      -|    -|
|Register         |        -|    -|    1804|    768|    -|
+-----------------+---------+-----+--------+-------+-----+
|Total            |        0|    0|    1804|   1989|    0|
+-----------------+---------+-----+--------+-------+-----+
|Available        |      280|  220|  106400|  53200|    0|
+-----------------+---------+-----+--------+-------+-----+
|Utilization (%)  |        0|    0|       1|      3|    0|
+-----------------+---------+-----+--------+-------+-----+

+ Detail: 
    * Instance: 
    +--------------------------------+---------------------------+---------+----+---+-----+-----+
    |            Instance            |           Module          | BRAM_18K| DSP| FF| LUT | URAM|
    +--------------------------------+---------------------------+---------+----+---+-----+-----+
    |sparsemux_65_5_13_1_1_x17_U987  |sparsemux_65_5_13_1_1_x17  |        0|   0|  0|  142|    0|
    +--------------------------------+---------------------------+---------+----+---+-----+-----+
    |Total                           |                           |        0|   0|  0|  142|    0|
    +--------------------------------+---------------------------+---------+----+---+-----+-----+

    * DSP: 
    N/A

    * Memory: 
    N/A

    * FIFO: 
    N/A

    * Expression: 
    +-----------------------------+----------+----+---+----+------------+------------+
    |        Variable Name        | Operation| DSP| FF| LUT| Bitwidth P0| Bitwidth P1|
    +-----------------------------+----------+----+---+----+------------+------------+
    |and_ln102_598_fu_695_p2      |       and|   0|  0|   2|           1|           1|
    |and_ln102_599_fu_512_p2      |       and|   0|  0|   2|           1|           1|
    |and_ln102_600_fu_563_p2      |       and|   0|  0|   2|           1|           1|
    |and_ln102_601_fu_709_p2      |       and|   0|  0|   2|           1|           1|
    |and_ln102_602_fu_829_p2      |       and|   0|  0|   2|           1|           1|
    |and_ln102_603_fu_526_p2      |       and|   0|  0|   2|           1|           1|
    |and_ln102_604_fu_536_p2      |       and|   0|  0|   2|           1|           1|
    |and_ln102_605_fu_582_p2      |       and|   0|  0|   2|           1|           1|
    |and_ln102_606_fu_719_p2      |       and|   0|  0|   2|           1|           1|
    |and_ln102_607_fu_723_p2      |       and|   0|  0|   2|           1|           1|
    |and_ln102_608_fu_853_p2      |       and|   0|  0|   2|           1|           1|
    |and_ln102_609_fu_971_p2      |       and|   0|  0|   2|           1|           1|
    |and_ln102_610_fu_1064_p2     |       and|   0|  0|   2|           1|           1|
    |and_ln102_611_fu_587_p2      |       and|   0|  0|   2|           1|           1|
    |and_ln102_612_fu_546_p2      |       and|   0|  0|   2|           1|           1|
    |and_ln102_613_fu_591_p2      |       and|   0|  0|   2|           1|           1|
    |and_ln102_614_fu_600_p2      |       and|   0|  0|   2|           1|           1|
    |and_ln102_615_fu_728_p2      |       and|   0|  0|   2|           1|           1|
    |and_ln102_616_fu_737_p2      |       and|   0|  0|   2|           1|           1|
    |and_ln102_617_fu_742_p2      |       and|   0|  0|   2|           1|           1|
    |and_ln102_618_fu_863_p2      |       and|   0|  0|   2|           1|           1|
    |and_ln102_619_fu_868_p2      |       and|   0|  0|   2|           1|           1|
    |and_ln102_620_fu_877_p2      |       and|   0|  0|   2|           1|           1|
    |and_ln102_621_fu_975_p2      |       and|   0|  0|   2|           1|           1|
    |and_ln102_622_fu_984_p2      |       and|   0|  0|   2|           1|           1|
    |and_ln102_623_fu_989_p2      |       and|   0|  0|   2|           1|           1|
    |and_ln102_624_fu_1073_p2     |       and|   0|  0|   2|           1|           1|
    |and_ln102_625_fu_1078_p2     |       and|   0|  0|   2|           1|           1|
    |and_ln102_626_fu_1145_p2     |       and|   0|  0|   2|           1|           1|
    |and_ln102_627_fu_541_p2      |       and|   0|  0|   2|           1|           1|
    |and_ln102_628_fu_595_p2      |       and|   0|  0|   2|           1|           1|
    |and_ln102_629_fu_732_p2      |       and|   0|  0|   2|           1|           1|
    |and_ln102_630_fu_858_p2      |       and|   0|  0|   2|           1|           1|
    |and_ln102_631_fu_872_p2      |       and|   0|  0|   2|           1|           1|
    |and_ln102_632_fu_979_p2      |       and|   0|  0|   2|           1|           1|
    |and_ln102_633_fu_1068_p2     |       and|   0|  0|   2|           1|           1|
    |and_ln102_634_fu_1140_p2     |       and|   0|  0|   2|           1|           1|
    |and_ln102_fu_496_p2          |       and|   0|  0|   2|           1|           1|
    |and_ln104_125_fu_704_p2      |       and|   0|  0|   2|           1|           1|
    |and_ln104_126_fu_521_p2      |       and|   0|  0|   2|           1|           1|
    |and_ln104_127_fu_572_p2      |       and|   0|  0|   2|           1|           1|
    |and_ln104_128_fu_824_p2      |       and|   0|  0|   2|           1|           1|
    |and_ln104_129_fu_838_p2      |       and|   0|  0|   2|           1|           1|
    |and_ln104_fu_507_p2          |       and|   0|  0|   2|           1|           1|
    |icmp_ln86_622_fu_316_p2      |      icmp|   0|  0|  25|          18|          11|
    |icmp_ln86_623_fu_322_p2      |      icmp|   0|  0|  25|          18|          11|
    |icmp_ln86_624_fu_328_p2      |      icmp|   0|  0|  25|          18|          10|
    |icmp_ln86_625_fu_334_p2      |      icmp|   0|  0|  25|          18|          10|
    |icmp_ln86_626_fu_340_p2      |      icmp|   0|  0|  25|          18|          12|
    |icmp_ln86_627_fu_346_p2      |      icmp|   0|  0|  25|          18|           9|
    |icmp_ln86_628_fu_352_p2      |      icmp|   0|  0|  25|          18|          11|
    |icmp_ln86_629_fu_358_p2      |      icmp|   0|  0|  25|          18|           8|
    |icmp_ln86_630_fu_364_p2      |      icmp|   0|  0|  25|          18|          11|
    |icmp_ln86_631_fu_370_p2      |      icmp|   0|  0|  25|          18|           7|
    |icmp_ln86_632_fu_376_p2      |      icmp|   0|  0|  25|          18|          10|
    |icmp_ln86_633_fu_382_p2      |      icmp|   0|  0|  25|          18|          12|
    |icmp_ln86_634_fu_388_p2      |      icmp|   0|  0|  25|          18|          10|
    |icmp_ln86_635_fu_394_p2      |      icmp|   0|  0|  25|          18|          10|
    |icmp_ln86_636_fu_400_p2      |      icmp|   0|  0|  25|          18|          10|
    |icmp_ln86_637_fu_406_p2      |      icmp|   0|  0|  25|          18|          11|
    |icmp_ln86_638_fu_412_p2      |      icmp|   0|  0|  25|          18|          12|
    |icmp_ln86_639_fu_418_p2      |      icmp|   0|  0|  25|          18|           8|
    |icmp_ln86_640_fu_424_p2      |      icmp|   0|  0|  25|          18|          11|
    |icmp_ln86_641_fu_430_p2      |      icmp|   0|  0|  25|          18|          10|
    |icmp_ln86_642_fu_436_p2      |      icmp|   0|  0|  25|          18|          10|
    |icmp_ln86_643_fu_442_p2      |      icmp|   0|  0|  25|          18|          11|
    |icmp_ln86_644_fu_448_p2      |      icmp|   0|  0|  25|          18|          10|
    |icmp_ln86_645_fu_454_p2      |      icmp|   0|  0|  25|          18|          12|
    |icmp_ln86_646_fu_460_p2      |      icmp|   0|  0|  25|          18|          12|
    |icmp_ln86_647_fu_466_p2      |      icmp|   0|  0|  25|          18|          12|
    |icmp_ln86_648_fu_472_p2      |      icmp|   0|  0|  25|          18|          10|
    |icmp_ln86_649_fu_478_p2      |      icmp|   0|  0|  25|          18|           7|
    |icmp_ln86_650_fu_484_p2      |      icmp|   0|  0|  25|          18|           7|
    |icmp_ln86_651_fu_490_p2      |      icmp|   0|  0|  25|          18|           8|
    |icmp_ln86_fu_310_p2          |      icmp|   0|  0|  25|          18|           9|
    |or_ln117_572_fu_633_p2       |        or|   0|  0|   2|           1|           1|
    |or_ln117_573_fu_645_p2       |        or|   0|  0|   2|           1|           1|
    |or_ln117_574_fu_657_p2       |        or|   0|  0|   2|           1|           1|
    |or_ln117_575_fu_747_p2       |        or|   0|  0|   2|           1|           1|
    |or_ln117_576_fu_690_p2       |        or|   0|  0|   2|           1|           1|
    |or_ln117_577_fu_759_p2       |        or|   0|  0|   2|           1|           1|
    |or_ln117_578_fu_771_p2       |        or|   0|  0|   2|           1|           1|
    |or_ln117_579_fu_783_p2       |        or|   0|  0|   2|           1|           1|
    |or_ln117_580_fu_797_p2       |        or|   0|  0|   2|           1|           1|
    |or_ln117_581_fu_882_p2       |        or|   0|  0|   2|           1|           1|
    |or_ln117_582_fu_898_p2       |        or|   0|  0|   2|           1|           1|
    |or_ln117_583_fu_910_p2       |        or|   0|  0|   2|           1|           1|
    |or_ln117_584_fu_922_p2       |        or|   0|  0|   2|           1|           1|
    |or_ln117_585_fu_936_p2       |        or|   0|  0|   2|           1|           1|
    |or_ln117_586_fu_994_p2       |        or|   0|  0|   2|           1|           1|
    |or_ln117_587_fu_956_p2       |        or|   0|  0|   2|           1|           1|
    |or_ln117_588_fu_1006_p2      |        or|   0|  0|   2|           1|           1|
    |or_ln117_589_fu_962_p2       |        or|   0|  0|   2|           1|           1|
    |or_ln117_590_fu_1026_p2      |        or|   0|  0|   2|           1|           1|
    |or_ln117_591_fu_1038_p2      |        or|   0|  0|   2|           1|           1|
    |or_ln117_592_fu_1083_p2      |        or|   0|  0|   2|           1|           1|
    |or_ln117_593_fu_1088_p2      |        or|   0|  0|   2|           1|           1|
    |or_ln117_594_fu_1099_p2      |        or|   0|  0|   2|           1|           1|
    |or_ln117_595_fu_1113_p2      |        or|   0|  0|   2|           1|           1|
    |or_ln117_596_fu_1150_p2      |        or|   0|  0|   2|           1|           1|
    |or_ln117_fu_552_p2           |        or|   0|  0|   2|           1|           1|
    |agg_result_fu_1162_p66       |    select|   0|  0|   5|           1|           5|
    |select_ln117_602_fu_622_p3   |    select|   0|  0|   2|           1|           2|
    |select_ln117_603_fu_638_p3   |    select|   0|  0|   4|           1|           3|
    |select_ln117_604_fu_649_p3   |    select|   0|  0|   3|           1|           3|
    |select_ln117_605_fu_663_p3   |    select|   0|  0|   3|           1|           3|
    |select_ln117_606_fu_671_p3   |    select|   0|  0|   3|           1|           3|
    |select_ln117_607_fu_683_p3   |    select|   0|  0|   5|           1|           4|
    |select_ln117_608_fu_752_p3   |    select|   0|  0|   4|           1|           4|
    |select_ln117_609_fu_764_p3   |    select|   0|  0|   4|           1|           4|
    |select_ln117_610_fu_775_p3   |    select|   0|  0|   4|           1|           4|
    |select_ln117_611_fu_789_p3   |    select|   0|  0|   4|           1|           4|
    |select_ln117_612_fu_803_p3   |    select|   0|  0|   4|           1|           4|
    |select_ln117_613_fu_811_p3   |    select|   0|  0|   4|           1|           4|
    |select_ln117_614_fu_887_p3   |    select|   0|  0|   4|           1|           4|
    |select_ln117_615_fu_903_p3   |    select|   0|  0|   6|           1|           5|
    |select_ln117_616_fu_914_p3   |    select|   0|  0|   5|           1|           5|
    |select_ln117_617_fu_928_p3   |    select|   0|  0|   5|           1|           5|
    |select_ln117_618_fu_940_p3   |    select|   0|  0|   5|           1|           5|
    |select_ln117_619_fu_948_p3   |    select|   0|  0|   5|           1|           5|
    |select_ln117_620_fu_999_p3   |    select|   0|  0|   5|           1|           5|
    |select_ln117_621_fu_1011_p3  |    select|   0|  0|   5|           1|           5|
    |select_ln117_622_fu_1018_p3  |    select|   0|  0|   5|           1|           5|
    |select_ln117_623_fu_1031_p3  |    select|   0|  0|   5|           1|           5|
    |select_ln117_624_fu_1043_p3  |    select|   0|  0|   5|           1|           5|
    |select_ln117_625_fu_1051_p3  |    select|   0|  0|   5|           1|           5|
    |select_ln117_626_fu_1092_p3  |    select|   0|  0|   5|           1|           5|
    |select_ln117_627_fu_1105_p3  |    select|   0|  0|   5|           1|           5|
    |select_ln117_628_fu_1119_p3  |    select|   0|  0|   5|           1|           5|
    |select_ln117_629_fu_1127_p3  |    select|   0|  0|   5|           1|           5|
    |select_ln117_fu_615_p3       |    select|   0|  0|   3|           1|           2|
    |xor_ln104_301_fu_502_p2      |       xor|   0|  0|   2|           1|           2|
    |xor_ln104_302_fu_699_p2      |       xor|   0|  0|   2|           1|           2|
    |xor_ln104_303_fu_516_p2      |       xor|   0|  0|   2|           1|           2|
    |xor_ln104_304_fu_567_p2      |       xor|   0|  0|   2|           1|           2|
    |xor_ln104_305_fu_819_p2      |       xor|   0|  0|   2|           1|           2|
    |xor_ln104_306_fu_833_p2      |       xor|   0|  0|   2|           1|           2|
    |xor_ln104_307_fu_531_p2      |       xor|   0|  0|   2|           1|           2|
    |xor_ln104_308_fu_577_p2      |       xor|   0|  0|   2|           1|           2|
    |xor_ln104_309_fu_714_p2      |       xor|   0|  0|   2|           1|           2|
    |xor_ln104_310_fu_843_p2      |       xor|   0|  0|   2|           1|           2|
    |xor_ln104_311_fu_848_p2      |       xor|   0|  0|   2|           1|           2|
    |xor_ln104_312_fu_966_p2      |       xor|   0|  0|   2|           1|           2|
    |xor_ln104_313_fu_1059_p2     |       xor|   0|  0|   2|           1|           2|
    |xor_ln104_314_fu_1135_p2     |       xor|   0|  0|   2|           1|           2|
    |xor_ln104_fu_558_p2          |       xor|   0|  0|   2|           1|           2|
    |xor_ln117_fu_605_p2          |       xor|   0|  0|   2|           2|           1|
    +-----------------------------+----------+----+---+----+------------+------------+
    |Total                        |          |   0|  0|1079|         675|         541|
    +-----------------------------+----------+----+---+----+------------+------------+

    * Multiplexer: 
    N/A

    * Register: 
    +--------------------------------------+----+----+-----+-----------+
    |                 Name                 | FF | LUT| Bits| Const Bits|
    +--------------------------------------+----+----+-----+-----------+
    |and_ln102_598_reg_1551                |   1|   0|    1|          0|
    |and_ln102_599_reg_1488                |   1|   0|    1|          0|
    |and_ln102_600_reg_1523                |   1|   0|    1|          0|
    |and_ln102_601_reg_1563                |   1|   0|    1|          0|
    |and_ln102_602_reg_1590                |   1|   0|    1|          0|
    |and_ln102_602_reg_1590_pp0_iter5_reg  |   1|   0|    1|          0|
    |and_ln102_603_reg_1500                |   1|   0|    1|          0|
    |and_ln102_604_reg_1506                |   1|   0|    1|          0|
    |and_ln102_605_reg_1535                |   1|   0|    1|          0|
    |and_ln102_607_reg_1569                |   1|   0|    1|          0|
    |and_ln102_608_reg_1603                |   1|   0|    1|          0|
    |and_ln102_reg_1472                    |   1|   0|    1|          0|
    |and_ln104_125_reg_1557                |   1|   0|    1|          0|
    |and_ln104_126_reg_1495                |   1|   0|    1|          0|
    |and_ln104_127_reg_1529                |   1|   0|    1|          0|
    |and_ln104_127_reg_1529_pp0_iter3_reg  |   1|   0|    1|          0|
    |and_ln104_128_reg_1585                |   1|   0|    1|          0|
    |and_ln104_129_reg_1597                |   1|   0|    1|          0|
    |and_ln104_reg_1482                    |   1|   0|    1|          0|
    |icmp_ln86_622_reg_1309                |   1|   0|    1|          0|
    |icmp_ln86_623_reg_1314                |   1|   0|    1|          0|
    |icmp_ln86_624_reg_1320                |   1|   0|    1|          0|
    |icmp_ln86_625_reg_1326                |   1|   0|    1|          0|
    |icmp_ln86_625_reg_1326_pp0_iter1_reg  |   1|   0|    1|          0|
    |icmp_ln86_626_reg_1332                |   1|   0|    1|          0|
    |icmp_ln86_627_reg_1338                |   1|   0|    1|          0|
    |icmp_ln86_628_reg_1344                |   1|   0|    1|          0|
    |icmp_ln86_629_reg_1350                |   1|   0|    1|          0|
    |icmp_ln86_629_reg_1350_pp0_iter1_reg  |   1|   0|    1|          0|
    |icmp_ln86_630_reg_1356                |   1|   0|    1|          0|
    |icmp_ln86_631_reg_1362                |   1|   0|    1|          0|
    |icmp_ln86_632_reg_1368                |   1|   0|    1|          0|
    |icmp_ln86_633_reg_1374                |   1|   0|    1|          0|
    |icmp_ln86_634_reg_1380                |   1|   0|    1|          0|
    |icmp_ln86_635_reg_1386                |   1|   0|    1|          0|
    |icmp_ln86_636_reg_1392                |   1|   0|    1|          0|
    |icmp_ln86_636_reg_1392_pp0_iter1_reg  |   1|   0|    1|          0|
    |icmp_ln86_637_reg_1397                |   1|   0|    1|          0|
    |icmp_ln86_638_reg_1402                |   1|   0|    1|          0|
    |icmp_ln86_638_reg_1402_pp0_iter1_reg  |   1|   0|    1|          0|
    |icmp_ln86_639_reg_1407                |   1|   0|    1|          0|
    |icmp_ln86_639_reg_1407_pp0_iter1_reg  |   1|   0|    1|          0|
    |icmp_ln86_640_reg_1412                |   1|   0|    1|          0|
    |icmp_ln86_641_reg_1417                |   1|   0|    1|          0|
    |icmp_ln86_642_reg_1422                |   1|   0|    1|          0|
    |icmp_ln86_643_reg_1427                |   1|   0|    1|          0|
    |icmp_ln86_644_reg_1432                |   1|   0|    1|          0|
    |icmp_ln86_645_reg_1437                |   1|   0|    1|          0|
    |icmp_ln86_646_reg_1442                |   1|   0|    1|          0|
    |icmp_ln86_647_reg_1447                |   1|   0|    1|          0|
    |icmp_ln86_648_reg_1452                |   1|   0|    1|          0|
    |icmp_ln86_649_reg_1457                |   1|   0|    1|          0|
    |icmp_ln86_650_reg_1462                |   1|   0|    1|          0|
    |icmp_ln86_651_reg_1467                |   1|   0|    1|          0|
    |icmp_ln86_reg_1298                    |   1|   0|    1|          0|
    |or_ln117_576_reg_1545                 |   1|   0|    1|          0|
    |or_ln117_580_reg_1575                 |   1|   0|    1|          0|
    |or_ln117_585_reg_1608                 |   1|   0|    1|          0|
    |or_ln117_587_reg_1618                 |   1|   0|    1|          0|
    |or_ln117_589_reg_1624                 |   1|   0|    1|          0|
    |or_ln117_589_reg_1624_pp0_iter5_reg   |   1|   0|    1|          0|
    |or_ln117_591_reg_1632                 |   1|   0|    1|          0|
    |or_ln117_595_reg_1642                 |   1|   0|    1|          0|
    |or_ln117_reg_1512                     |   1|   0|    1|          0|
    |select_ln117_607_reg_1540             |   4|   0|    4|          0|
    |select_ln117_613_reg_1580             |   4|   0|    4|          0|
    |select_ln117_619_reg_1613             |   5|   0|    5|          0|
    |select_ln117_625_reg_1637             |   5|   0|    5|          0|
    |select_ln117_629_reg_1647             |   5|   0|    5|          0|
    |x_0_val_int_reg                       |  18|   0|   18|          0|
    |x_10_val_int_reg                      |  18|   0|   18|          0|
    |x_11_val_int_reg                      |  18|   0|   18|          0|
    |x_14_val_int_reg                      |  18|   0|   18|          0|
    |x_15_val_int_reg                      |  18|   0|   18|          0|
    |x_1_val_int_reg                       |  18|   0|   18|          0|
    |x_2_val_int_reg                       |  18|   0|   18|          0|
    |x_3_val_int_reg                       |  18|   0|   18|          0|
    |x_5_val_int_reg                       |  18|   0|   18|          0|
    |x_7_val_int_reg                       |  18|   0|   18|          0|
    |xor_ln104_reg_1517                    |   1|   0|    1|          0|
    |and_ln102_reg_1472                    |  64|  32|    1|          0|
    |and_ln104_129_reg_1597                |  64|  32|    1|          0|
    |icmp_ln86_623_reg_1314                |  64|  32|    1|          0|
    |icmp_ln86_626_reg_1332                |  64|  32|    1|          0|
    |icmp_ln86_627_reg_1338                |  64|  32|    1|          0|
    |icmp_ln86_630_reg_1356                |  64|  32|    1|          0|
    |icmp_ln86_631_reg_1362                |  64|  32|    1|          0|
    |icmp_ln86_632_reg_1368                |  64|  32|    1|          0|
    |icmp_ln86_633_reg_1374                |  64|  32|    1|          0|
    |icmp_ln86_634_reg_1380                |  64|  32|    1|          0|
    |icmp_ln86_635_reg_1386                |  64|  32|    1|          0|
    |icmp_ln86_640_reg_1412                |  64|  32|    1|          0|
    |icmp_ln86_641_reg_1417                |  64|  32|    1|          0|
    |icmp_ln86_642_reg_1422                |  64|  32|    1|          0|
    |icmp_ln86_643_reg_1427                |  64|  32|    1|          0|
    |icmp_ln86_644_reg_1432                |  64|  32|    1|          0|
    |icmp_ln86_645_reg_1437                |  64|  32|    1|          0|
    |icmp_ln86_646_reg_1442                |  64|  32|    1|          0|
    |icmp_ln86_647_reg_1447                |  64|  32|    1|          0|
    |icmp_ln86_648_reg_1452                |  64|  32|    1|          0|
    |icmp_ln86_649_reg_1457                |  64|  32|    1|          0|
    |icmp_ln86_650_reg_1462                |  64|  32|    1|          0|
    |icmp_ln86_651_reg_1467                |  64|  32|    1|          0|
    |icmp_ln86_reg_1298                    |  64|  32|    1|          0|
    +--------------------------------------+----+----+-----+-----------+
    |Total                                 |1804| 768|  292|          0|
    +--------------------------------------+----+----+-----+-----------+



================================================================
== Interface
================================================================
* Summary: 
+-----------+-----+-----+------------+----------------------+--------------+
| RTL Ports | Dir | Bits|  Protocol  |     Source Object    |    C Type    |
+-----------+-----+-----+------------+----------------------+--------------+
|ap_clk     |   in|    1|  ap_ctrl_hs|  decision_function.22|  return value|
|ap_rst     |   in|    1|  ap_ctrl_hs|  decision_function.22|  return value|
|ap_return  |  out|   13|  ap_ctrl_hs|  decision_function.22|  return value|
|ap_ce      |   in|    1|  ap_ctrl_hs|  decision_function.22|  return value|
|x_0_val    |   in|   18|     ap_none|               x_0_val|        scalar|
|x_1_val    |   in|   18|     ap_none|               x_1_val|        scalar|
|x_2_val    |   in|   18|     ap_none|               x_2_val|        scalar|
|x_3_val    |   in|   18|     ap_none|               x_3_val|        scalar|
|x_5_val    |   in|   18|     ap_none|               x_5_val|        scalar|
|x_7_val    |   in|   18|     ap_none|               x_7_val|        scalar|
|x_10_val   |   in|   18|     ap_none|              x_10_val|        scalar|
|x_11_val   |   in|   18|     ap_none|              x_11_val|        scalar|
|x_14_val   |   in|   18|     ap_none|              x_14_val|        scalar|
|x_15_val   |   in|   18|     ap_none|              x_15_val|        scalar|
+-----------+-----+-----+------------+----------------------+--------------+

