

================================================================
== Vitis HLS Report for 'decision_function_57'
================================================================
* Date:           Tue Mar 11 16:17:03 2025

* Version:        2024.2 (Build 5238294 on Nov  8 2024)
* Project:        my_prj
* Solution:       solution1 (Vivado IP Flow Target)
* Product family: zynq
* Target device:  xc7z020-clg400-1


================================================================
== Performance Estimates
================================================================
+ Timing: 
    * Summary: 
    +--------+---------+----------+------------+
    |  Clock |  Target | Estimated| Uncertainty|
    +--------+---------+----------+------------+
    |ap_clk  |  5.00 ns|  3.645 ns|     1.35 ns|
    +--------+---------+----------+------------+

+ Latency: 
    * Summary: 
    +---------+---------+-----------+-----------+-----+-----+---------+
    |  Latency (cycles) |   Latency (absolute)  |  Interval | Pipeline|
    |   min   |   max   |    min    |    max    | min | max |   Type  |
    +---------+---------+-----------+-----------+-----+-----+---------+
    |        7|        7|  35.000 ns|  35.000 ns|    1|    1|      yes|
    +---------+---------+-----------+-----------+-----+-----+---------+

    + Detail: 
        * Instance: 
        N/A

        * Loop: 
        N/A



================================================================
== Utilization Estimates
================================================================
* Summary: 
+-----------------+---------+-----+--------+-------+-----+
|       Name      | BRAM_18K| DSP |   FF   |  LUT  | URAM|
+-----------------+---------+-----+--------+-------+-----+
|DSP              |        -|    -|       -|      -|    -|
|Expression       |        -|    -|       0|   1066|    -|
|FIFO             |        -|    -|       -|      -|    -|
|Instance         |        -|    -|       0|    142|    -|
|Memory           |        -|    -|       -|      -|    -|
|Multiplexer      |        -|    -|       -|      -|    -|
|Register         |        -|    -|    1804|    768|    -|
+-----------------+---------+-----+--------+-------+-----+
|Total            |        0|    0|    1804|   1976|    0|
+-----------------+---------+-----+--------+-------+-----+
|Available        |      280|  220|  106400|  53200|    0|
+-----------------+---------+-----+--------+-------+-----+
|Utilization (%)  |        0|    0|       1|      3|    0|
+-----------------+---------+-----+--------+-------+-----+

+ Detail: 
    * Instance: 
    +--------------------------------+---------------------------+---------+----+---+-----+-----+
    |            Instance            |           Module          | BRAM_18K| DSP| FF| LUT | URAM|
    +--------------------------------+---------------------------+---------+----+---+-----+-----+
    |sparsemux_65_5_12_1_1_x16_U550  |sparsemux_65_5_12_1_1_x16  |        0|   0|  0|  142|    0|
    +--------------------------------+---------------------------+---------+----+---+-----+-----+
    |Total                           |                           |        0|   0|  0|  142|    0|
    +--------------------------------+---------------------------+---------+----+---+-----+-----+

    * DSP: 
    N/A

    * Memory: 
    N/A

    * FIFO: 
    N/A

    * Expression: 
    +------------------------------+----------+----+---+----+------------+------------+
    |         Variable Name        | Operation| DSP| FF| LUT| Bitwidth P0| Bitwidth P1|
    +------------------------------+----------+----+---+----+------------+------------+
    |and_ln102_1536_fu_715_p2      |       and|   0|  0|   2|           1|           1|
    |and_ln102_1537_fu_532_p2      |       and|   0|  0|   2|           1|           1|
    |and_ln102_1538_fu_583_p2      |       and|   0|  0|   2|           1|           1|
    |and_ln102_1539_fu_729_p2      |       and|   0|  0|   2|           1|           1|
    |and_ln102_1540_fu_849_p2      |       and|   0|  0|   2|           1|           1|
    |and_ln102_1541_fu_546_p2      |       and|   0|  0|   2|           1|           1|
    |and_ln102_1542_fu_556_p2      |       and|   0|  0|   2|           1|           1|
    |and_ln102_1543_fu_602_p2      |       and|   0|  0|   2|           1|           1|
    |and_ln102_1544_fu_739_p2      |       and|   0|  0|   2|           1|           1|
    |and_ln102_1545_fu_743_p2      |       and|   0|  0|   2|           1|           1|
    |and_ln102_1546_fu_873_p2      |       and|   0|  0|   2|           1|           1|
    |and_ln102_1547_fu_991_p2      |       and|   0|  0|   2|           1|           1|
    |and_ln102_1548_fu_1084_p2     |       and|   0|  0|   2|           1|           1|
    |and_ln102_1549_fu_607_p2      |       and|   0|  0|   2|           1|           1|
    |and_ln102_1550_fu_561_p2      |       and|   0|  0|   2|           1|           1|
    |and_ln102_1551_fu_566_p2      |       and|   0|  0|   2|           1|           1|
    |and_ln102_1552_fu_611_p2      |       and|   0|  0|   2|           1|           1|
    |and_ln102_1553_fu_615_p2      |       and|   0|  0|   2|           1|           1|
    |and_ln102_1554_fu_620_p2      |       and|   0|  0|   2|           1|           1|
    |and_ln102_1555_fu_748_p2      |       and|   0|  0|   2|           1|           1|
    |and_ln102_1556_fu_752_p2      |       and|   0|  0|   2|           1|           1|
    |and_ln102_1557_fu_757_p2      |       and|   0|  0|   2|           1|           1|
    |and_ln102_1558_fu_762_p2      |       and|   0|  0|   2|           1|           1|
    |and_ln102_1559_fu_878_p2      |       and|   0|  0|   2|           1|           1|
    |and_ln102_1560_fu_883_p2      |       and|   0|  0|   2|           1|           1|
    |and_ln102_1561_fu_888_p2      |       and|   0|  0|   2|           1|           1|
    |and_ln102_1562_fu_892_p2      |       and|   0|  0|   2|           1|           1|
    |and_ln102_1563_fu_897_p2      |       and|   0|  0|   2|           1|           1|
    |and_ln102_1564_fu_995_p2      |       and|   0|  0|   2|           1|           1|
    |and_ln102_1565_fu_999_p2      |       and|   0|  0|   2|           1|           1|
    |and_ln102_1566_fu_1004_p2     |       and|   0|  0|   2|           1|           1|
    |and_ln102_1567_fu_1009_p2     |       and|   0|  0|   2|           1|           1|
    |and_ln102_1568_fu_1088_p2     |       and|   0|  0|   2|           1|           1|
    |and_ln102_1569_fu_1093_p2     |       and|   0|  0|   2|           1|           1|
    |and_ln102_1570_fu_1098_p2     |       and|   0|  0|   2|           1|           1|
    |and_ln102_1571_fu_1160_p2     |       and|   0|  0|   2|           1|           1|
    |and_ln102_1572_fu_1165_p2     |       and|   0|  0|   2|           1|           1|
    |and_ln102_fu_516_p2           |       and|   0|  0|   2|           1|           1|
    |and_ln104_220_fu_724_p2       |       and|   0|  0|   2|           1|           1|
    |and_ln104_221_fu_541_p2       |       and|   0|  0|   2|           1|           1|
    |and_ln104_222_fu_592_p2       |       and|   0|  0|   2|           1|           1|
    |and_ln104_223_fu_844_p2       |       and|   0|  0|   2|           1|           1|
    |and_ln104_224_fu_858_p2       |       and|   0|  0|   2|           1|           1|
    |and_ln104_fu_527_p2           |       and|   0|  0|   2|           1|           1|
    |icmp_ln86_1235_fu_326_p2      |      icmp|   0|  0|  25|          18|          12|
    |icmp_ln86_1236_fu_332_p2      |      icmp|   0|  0|  25|          18|          10|
    |icmp_ln86_1237_fu_338_p2      |      icmp|   0|  0|  25|          18|          11|
    |icmp_ln86_1238_fu_344_p2      |      icmp|   0|  0|  25|          18|           8|
    |icmp_ln86_1239_fu_350_p2      |      icmp|   0|  0|  25|          18|          10|
    |icmp_ln86_1240_fu_356_p2      |      icmp|   0|  0|  25|          18|          10|
    |icmp_ln86_1241_fu_362_p2      |      icmp|   0|  0|  25|          18|           8|
    |icmp_ln86_1242_fu_368_p2      |      icmp|   0|  0|  25|          18|           9|
    |icmp_ln86_1243_fu_374_p2      |      icmp|   0|  0|  25|          18|          11|
    |icmp_ln86_1244_fu_380_p2      |      icmp|   0|  0|  25|          18|           8|
    |icmp_ln86_1245_fu_386_p2      |      icmp|   0|  0|  25|          18|          10|
    |icmp_ln86_1246_fu_392_p2      |      icmp|   0|  0|  25|          18|           9|
    |icmp_ln86_1247_fu_398_p2      |      icmp|   0|  0|  25|          18|           6|
    |icmp_ln86_1248_fu_404_p2      |      icmp|   0|  0|  25|          18|           9|
    |icmp_ln86_1249_fu_410_p2      |      icmp|   0|  0|  25|          18|          10|
    |icmp_ln86_1250_fu_426_p2      |      icmp|   0|  0|  12|          12|           1|
    |icmp_ln86_1251_fu_432_p2      |      icmp|   0|  0|  25|          18|          12|
    |icmp_ln86_1252_fu_438_p2      |      icmp|   0|  0|  25|          18|          12|
    |icmp_ln86_1253_fu_444_p2      |      icmp|   0|  0|  25|          18|          11|
    |icmp_ln86_1254_fu_450_p2      |      icmp|   0|  0|  25|          18|          11|
    |icmp_ln86_1255_fu_456_p2      |      icmp|   0|  0|  25|          18|           9|
    |icmp_ln86_1256_fu_462_p2      |      icmp|   0|  0|  25|          18|           9|
    |icmp_ln86_1257_fu_468_p2      |      icmp|   0|  0|  25|          18|          11|
    |icmp_ln86_1258_fu_474_p2      |      icmp|   0|  0|  25|          18|          11|
    |icmp_ln86_1259_fu_480_p2      |      icmp|   0|  0|  25|          18|          10|
    |icmp_ln86_1260_fu_486_p2      |      icmp|   0|  0|  25|          18|          10|
    |icmp_ln86_1261_fu_492_p2      |      icmp|   0|  0|  25|          18|           9|
    |icmp_ln86_1262_fu_498_p2      |      icmp|   0|  0|  25|          18|           9|
    |icmp_ln86_1263_fu_504_p2      |      icmp|   0|  0|  25|          18|           9|
    |icmp_ln86_1264_fu_510_p2      |      icmp|   0|  0|  25|          18|           9|
    |icmp_ln86_fu_320_p2           |      icmp|   0|  0|  25|          18|          10|
    |or_ln117_1078_fu_653_p2       |        or|   0|  0|   2|           1|           1|
    |or_ln117_1079_fu_665_p2       |        or|   0|  0|   2|           1|           1|
    |or_ln117_1080_fu_677_p2       |        or|   0|  0|   2|           1|           1|
    |or_ln117_1081_fu_767_p2       |        or|   0|  0|   2|           1|           1|
    |or_ln117_1082_fu_710_p2       |        or|   0|  0|   2|           1|           1|
    |or_ln117_1083_fu_779_p2       |        or|   0|  0|   2|           1|           1|
    |or_ln117_1084_fu_791_p2       |        or|   0|  0|   2|           1|           1|
    |or_ln117_1085_fu_803_p2       |        or|   0|  0|   2|           1|           1|
    |or_ln117_1086_fu_817_p2       |        or|   0|  0|   2|           1|           1|
    |or_ln117_1087_fu_902_p2       |        or|   0|  0|   2|           1|           1|
    |or_ln117_1088_fu_918_p2       |        or|   0|  0|   2|           1|           1|
    |or_ln117_1089_fu_930_p2       |        or|   0|  0|   2|           1|           1|
    |or_ln117_1090_fu_942_p2       |        or|   0|  0|   2|           1|           1|
    |or_ln117_1091_fu_956_p2       |        or|   0|  0|   2|           1|           1|
    |or_ln117_1092_fu_1014_p2      |        or|   0|  0|   2|           1|           1|
    |or_ln117_1093_fu_976_p2       |        or|   0|  0|   2|           1|           1|
    |or_ln117_1094_fu_1026_p2      |        or|   0|  0|   2|           1|           1|
    |or_ln117_1095_fu_982_p2       |        or|   0|  0|   2|           1|           1|
    |or_ln117_1096_fu_1046_p2      |        or|   0|  0|   2|           1|           1|
    |or_ln117_1097_fu_1058_p2      |        or|   0|  0|   2|           1|           1|
    |or_ln117_1098_fu_1103_p2      |        or|   0|  0|   2|           1|           1|
    |or_ln117_1099_fu_1108_p2      |        or|   0|  0|   2|           1|           1|
    |or_ln117_1100_fu_1119_p2      |        or|   0|  0|   2|           1|           1|
    |or_ln117_1101_fu_1133_p2      |        or|   0|  0|   2|           1|           1|
    |or_ln117_1102_fu_1170_p2      |        or|   0|  0|   2|           1|           1|
    |or_ln117_fu_572_p2            |        or|   0|  0|   2|           1|           1|
    |agg_result_fu_1182_p66        |    select|   0|  0|   5|           1|           5|
    |select_ln117_1210_fu_642_p3   |    select|   0|  0|   2|           1|           2|
    |select_ln117_1211_fu_658_p3   |    select|   0|  0|   4|           1|           3|
    |select_ln117_1212_fu_669_p3   |    select|   0|  0|   3|           1|           3|
    |select_ln117_1213_fu_683_p3   |    select|   0|  0|   3|           1|           3|
    |select_ln117_1214_fu_691_p3   |    select|   0|  0|   3|           1|           3|
    |select_ln117_1215_fu_703_p3   |    select|   0|  0|   5|           1|           4|
    |select_ln117_1216_fu_772_p3   |    select|   0|  0|   4|           1|           4|
    |select_ln117_1217_fu_784_p3   |    select|   0|  0|   4|           1|           4|
    |select_ln117_1218_fu_795_p3   |    select|   0|  0|   4|           1|           4|
    |select_ln117_1219_fu_809_p3   |    select|   0|  0|   4|           1|           4|
    |select_ln117_1220_fu_823_p3   |    select|   0|  0|   4|           1|           4|
    |select_ln117_1221_fu_831_p3   |    select|   0|  0|   4|           1|           4|
    |select_ln117_1222_fu_907_p3   |    select|   0|  0|   4|           1|           4|
    |select_ln117_1223_fu_923_p3   |    select|   0|  0|   6|           1|           5|
    |select_ln117_1224_fu_934_p3   |    select|   0|  0|   5|           1|           5|
    |select_ln117_1225_fu_948_p3   |    select|   0|  0|   5|           1|           5|
    |select_ln117_1226_fu_960_p3   |    select|   0|  0|   5|           1|           5|
    |select_ln117_1227_fu_968_p3   |    select|   0|  0|   5|           1|           5|
    |select_ln117_1228_fu_1019_p3  |    select|   0|  0|   5|           1|           5|
    |select_ln117_1229_fu_1031_p3  |    select|   0|  0|   5|           1|           5|
    |select_ln117_1230_fu_1038_p3  |    select|   0|  0|   5|           1|           5|
    |select_ln117_1231_fu_1051_p3  |    select|   0|  0|   5|           1|           5|
    |select_ln117_1232_fu_1063_p3  |    select|   0|  0|   5|           1|           5|
    |select_ln117_1233_fu_1071_p3  |    select|   0|  0|   5|           1|           5|
    |select_ln117_1234_fu_1112_p3  |    select|   0|  0|   5|           1|           5|
    |select_ln117_1235_fu_1125_p3  |    select|   0|  0|   5|           1|           5|
    |select_ln117_1236_fu_1139_p3  |    select|   0|  0|   5|           1|           5|
    |select_ln117_1237_fu_1147_p3  |    select|   0|  0|   5|           1|           5|
    |select_ln117_fu_635_p3        |    select|   0|  0|   3|           1|           2|
    |xor_ln104_583_fu_522_p2       |       xor|   0|  0|   2|           1|           2|
    |xor_ln104_584_fu_719_p2       |       xor|   0|  0|   2|           1|           2|
    |xor_ln104_585_fu_536_p2       |       xor|   0|  0|   2|           1|           2|
    |xor_ln104_586_fu_587_p2       |       xor|   0|  0|   2|           1|           2|
    |xor_ln104_587_fu_839_p2       |       xor|   0|  0|   2|           1|           2|
    |xor_ln104_588_fu_853_p2       |       xor|   0|  0|   2|           1|           2|
    |xor_ln104_589_fu_551_p2       |       xor|   0|  0|   2|           1|           2|
    |xor_ln104_590_fu_597_p2       |       xor|   0|  0|   2|           1|           2|
    |xor_ln104_591_fu_734_p2       |       xor|   0|  0|   2|           1|           2|
    |xor_ln104_592_fu_863_p2       |       xor|   0|  0|   2|           1|           2|
    |xor_ln104_593_fu_868_p2       |       xor|   0|  0|   2|           1|           2|
    |xor_ln104_594_fu_986_p2       |       xor|   0|  0|   2|           1|           2|
    |xor_ln104_595_fu_1079_p2      |       xor|   0|  0|   2|           1|           2|
    |xor_ln104_596_fu_1155_p2      |       xor|   0|  0|   2|           1|           2|
    |xor_ln104_fu_578_p2           |       xor|   0|  0|   2|           1|           2|
    |xor_ln117_fu_625_p2           |       xor|   0|  0|   2|           2|           1|
    +------------------------------+----------+----+---+----+------------+------------+
    |Total                         |          |   0|  0|1066|         669|         523|
    +------------------------------+----------+----+---+----+------------+------------+

    * Multiplexer: 
    N/A

    * Register: 
    +---------------------------------------+----+----+-----+-----------+
    |                  Name                 | FF | LUT| Bits| Const Bits|
    +---------------------------------------+----+----+-----+-----------+
    |and_ln102_1536_reg_1571                |   1|   0|    1|          0|
    |and_ln102_1537_reg_1508                |   1|   0|    1|          0|
    |and_ln102_1538_reg_1543                |   1|   0|    1|          0|
    |and_ln102_1539_reg_1583                |   1|   0|    1|          0|
    |and_ln102_1540_reg_1610                |   1|   0|    1|          0|
    |and_ln102_1540_reg_1610_pp0_iter5_reg  |   1|   0|    1|          0|
    |and_ln102_1541_reg_1520                |   1|   0|    1|          0|
    |and_ln102_1542_reg_1526                |   1|   0|    1|          0|
    |and_ln102_1543_reg_1555                |   1|   0|    1|          0|
    |and_ln102_1545_reg_1589                |   1|   0|    1|          0|
    |and_ln102_1546_reg_1623                |   1|   0|    1|          0|
    |and_ln102_reg_1492                     |   1|   0|    1|          0|
    |and_ln104_220_reg_1577                 |   1|   0|    1|          0|
    |and_ln104_221_reg_1515                 |   1|   0|    1|          0|
    |and_ln104_222_reg_1549                 |   1|   0|    1|          0|
    |and_ln104_222_reg_1549_pp0_iter3_reg   |   1|   0|    1|          0|
    |and_ln104_223_reg_1605                 |   1|   0|    1|          0|
    |and_ln104_224_reg_1617                 |   1|   0|    1|          0|
    |and_ln104_reg_1502                     |   1|   0|    1|          0|
    |icmp_ln86_1235_reg_1329                |   1|   0|    1|          0|
    |icmp_ln86_1236_reg_1334                |   1|   0|    1|          0|
    |icmp_ln86_1237_reg_1340                |   1|   0|    1|          0|
    |icmp_ln86_1238_reg_1346                |   1|   0|    1|          0|
    |icmp_ln86_1238_reg_1346_pp0_iter1_reg  |   1|   0|    1|          0|
    |icmp_ln86_1239_reg_1352                |   1|   0|    1|          0|
    |icmp_ln86_1240_reg_1358                |   1|   0|    1|          0|
    |icmp_ln86_1241_reg_1364                |   1|   0|    1|          0|
    |icmp_ln86_1242_reg_1370                |   1|   0|    1|          0|
    |icmp_ln86_1242_reg_1370_pp0_iter1_reg  |   1|   0|    1|          0|
    |icmp_ln86_1243_reg_1376                |   1|   0|    1|          0|
    |icmp_ln86_1244_reg_1382                |   1|   0|    1|          0|
    |icmp_ln86_1245_reg_1388                |   1|   0|    1|          0|
    |icmp_ln86_1246_reg_1394                |   1|   0|    1|          0|
    |icmp_ln86_1247_reg_1400                |   1|   0|    1|          0|
    |icmp_ln86_1248_reg_1406                |   1|   0|    1|          0|
    |icmp_ln86_1249_reg_1412                |   1|   0|    1|          0|
    |icmp_ln86_1249_reg_1412_pp0_iter1_reg  |   1|   0|    1|          0|
    |icmp_ln86_1250_reg_1417                |   1|   0|    1|          0|
    |icmp_ln86_1251_reg_1422                |   1|   0|    1|          0|
    |icmp_ln86_1251_reg_1422_pp0_iter1_reg  |   1|   0|    1|          0|
    |icmp_ln86_1252_reg_1427                |   1|   0|    1|          0|
    |icmp_ln86_1252_reg_1427_pp0_iter1_reg  |   1|   0|    1|          0|
    |icmp_ln86_1253_reg_1432                |   1|   0|    1|          0|
    |icmp_ln86_1254_reg_1437                |   1|   0|    1|          0|
    |icmp_ln86_1255_reg_1442                |   1|   0|    1|          0|
    |icmp_ln86_1256_reg_1447                |   1|   0|    1|          0|
    |icmp_ln86_1257_reg_1452                |   1|   0|    1|          0|
    |icmp_ln86_1258_reg_1457                |   1|   0|    1|          0|
    |icmp_ln86_1259_reg_1462                |   1|   0|    1|          0|
    |icmp_ln86_1260_reg_1467                |   1|   0|    1|          0|
    |icmp_ln86_1261_reg_1472                |   1|   0|    1|          0|
    |icmp_ln86_1262_reg_1477                |   1|   0|    1|          0|
    |icmp_ln86_1263_reg_1482                |   1|   0|    1|          0|
    |icmp_ln86_1264_reg_1487                |   1|   0|    1|          0|
    |icmp_ln86_reg_1318                     |   1|   0|    1|          0|
    |or_ln117_1082_reg_1565                 |   1|   0|    1|          0|
    |or_ln117_1086_reg_1595                 |   1|   0|    1|          0|
    |or_ln117_1091_reg_1628                 |   1|   0|    1|          0|
    |or_ln117_1093_reg_1638                 |   1|   0|    1|          0|
    |or_ln117_1095_reg_1644                 |   1|   0|    1|          0|
    |or_ln117_1095_reg_1644_pp0_iter5_reg   |   1|   0|    1|          0|
    |or_ln117_1097_reg_1652                 |   1|   0|    1|          0|
    |or_ln117_1101_reg_1662                 |   1|   0|    1|          0|
    |or_ln117_reg_1532                      |   1|   0|    1|          0|
    |select_ln117_1215_reg_1560             |   4|   0|    4|          0|
    |select_ln117_1221_reg_1600             |   4|   0|    4|          0|
    |select_ln117_1227_reg_1633             |   5|   0|    5|          0|
    |select_ln117_1233_reg_1657             |   5|   0|    5|          0|
    |select_ln117_1237_reg_1667             |   5|   0|    5|          0|
    |x_11_val_int_reg                       |  18|   0|   18|          0|
    |x_12_val_int_reg                       |  18|   0|   18|          0|
    |x_14_val_int_reg                       |  18|   0|   18|          0|
    |x_15_val_int_reg                       |  18|   0|   18|          0|
    |x_1_val_int_reg                        |  18|   0|   18|          0|
    |x_2_val_int_reg                        |  18|   0|   18|          0|
    |x_3_val_int_reg                        |  18|   0|   18|          0|
    |x_4_val_int_reg                        |  18|   0|   18|          0|
    |x_5_val_int_reg                        |  18|   0|   18|          0|
    |x_6_val_int_reg                        |  18|   0|   18|          0|
    |xor_ln104_reg_1537                     |   1|   0|    1|          0|
    |and_ln102_reg_1492                     |  64|  32|    1|          0|
    |and_ln104_224_reg_1617                 |  64|  32|    1|          0|
    |icmp_ln86_1236_reg_1334                |  64|  32|    1|          0|
    |icmp_ln86_1239_reg_1352                |  64|  32|    1|          0|
    |icmp_ln86_1240_reg_1358                |  64|  32|    1|          0|
    |icmp_ln86_1243_reg_1376                |  64|  32|    1|          0|
    |icmp_ln86_1244_reg_1382                |  64|  32|    1|          0|
    |icmp_ln86_1245_reg_1388                |  64|  32|    1|          0|
    |icmp_ln86_1246_reg_1394                |  64|  32|    1|          0|
    |icmp_ln86_1247_reg_1400                |  64|  32|    1|          0|
    |icmp_ln86_1248_reg_1406                |  64|  32|    1|          0|
    |icmp_ln86_1253_reg_1432                |  64|  32|    1|          0|
    |icmp_ln86_1254_reg_1437                |  64|  32|    1|          0|
    |icmp_ln86_1255_reg_1442                |  64|  32|    1|          0|
    |icmp_ln86_1256_reg_1447                |  64|  32|    1|          0|
    |icmp_ln86_1257_reg_1452                |  64|  32|    1|          0|
    |icmp_ln86_1258_reg_1457                |  64|  32|    1|          0|
    |icmp_ln86_1259_reg_1462                |  64|  32|    1|          0|
    |icmp_ln86_1260_reg_1467                |  64|  32|    1|          0|
    |icmp_ln86_1261_reg_1472                |  64|  32|    1|          0|
    |icmp_ln86_1262_reg_1477                |  64|  32|    1|          0|
    |icmp_ln86_1263_reg_1482                |  64|  32|    1|          0|
    |icmp_ln86_1264_reg_1487                |  64|  32|    1|          0|
    |icmp_ln86_reg_1318                     |  64|  32|    1|          0|
    +---------------------------------------+----+----+-----+-----------+
    |Total                                  |1804| 768|  292|          0|
    +---------------------------------------+----+----+-----+-----------+



================================================================
== Interface
================================================================
* Summary: 
+-----------+-----+-----+------------+----------------------+--------------+
| RTL Ports | Dir | Bits|  Protocol  |     Source Object    |    C Type    |
+-----------+-----+-----+------------+----------------------+--------------+
|ap_clk     |   in|    1|  ap_ctrl_hs|  decision_function.57|  return value|
|ap_rst     |   in|    1|  ap_ctrl_hs|  decision_function.57|  return value|
|ap_return  |  out|   12|  ap_ctrl_hs|  decision_function.57|  return value|
|ap_ce      |   in|    1|  ap_ctrl_hs|  decision_function.57|  return value|
|x_1_val    |   in|   18|     ap_none|               x_1_val|        scalar|
|x_2_val    |   in|   18|     ap_none|               x_2_val|        scalar|
|x_3_val    |   in|   18|     ap_none|               x_3_val|        scalar|
|x_4_val    |   in|   18|     ap_none|               x_4_val|        scalar|
|x_5_val    |   in|   18|     ap_none|               x_5_val|        scalar|
|x_6_val    |   in|   18|     ap_none|               x_6_val|        scalar|
|x_11_val   |   in|   18|     ap_none|              x_11_val|        scalar|
|x_12_val   |   in|   18|     ap_none|              x_12_val|        scalar|
|x_14_val   |   in|   18|     ap_none|              x_14_val|        scalar|
|x_15_val   |   in|   18|     ap_none|              x_15_val|        scalar|
+-----------+-----+-----+------------+----------------------+--------------+

