

================================================================
== Vitis HLS Report for 'decision_function_14'
================================================================
* Date:           Tue Mar 11 16:17:17 2025

* Version:        2024.2 (Build 5238294 on Nov  8 2024)
* Project:        my_prj
* Solution:       solution1 (Vivado IP Flow Target)
* Product family: zynq
* Target device:  xc7z020-clg400-1


================================================================
== Performance Estimates
================================================================
+ Timing: 
    * Summary: 
    +--------+---------+----------+------------+
    |  Clock |  Target | Estimated| Uncertainty|
    +--------+---------+----------+------------+
    |ap_clk  |  5.00 ns|  3.645 ns|     1.35 ns|
    +--------+---------+----------+------------+

+ Latency: 
    * Summary: 
    +---------+---------+-----------+-----------+-----+-----+---------+
    |  Latency (cycles) |   Latency (absolute)  |  Interval | Pipeline|
    |   min   |   max   |    min    |    max    | min | max |   Type  |
    +---------+---------+-----------+-----------+-----+-----+---------+
    |        8|        8|  40.000 ns|  40.000 ns|    1|    1|      yes|
    +---------+---------+-----------+-----------+-----+-----+---------+

    + Detail: 
        * Instance: 
        N/A

        * Loop: 
        N/A



================================================================
== Utilization Estimates
================================================================
* Summary: 
+-----------------+---------+-----+--------+-------+-----+
|       Name      | BRAM_18K| DSP |   FF   |  LUT  | URAM|
+-----------------+---------+-----+--------+-------+-----+
|DSP              |        -|    -|       -|      -|    -|
|Expression       |        -|    -|       0|    993|    -|
|FIFO             |        -|    -|       -|      -|    -|
|Instance         |        -|    -|       0|    130|    -|
|Memory           |        -|    -|       -|      -|    -|
|Multiplexer      |        -|    -|       -|      -|    -|
|Register         |        -|    -|    1737|    704|    -|
+-----------------+---------+-----+--------+-------+-----+
|Total            |        0|    0|    1737|   1827|    0|
+-----------------+---------+-----+--------+-------+-----+
|Available        |      280|  220|  106400|  53200|    0|
+-----------------+---------+-----+--------+-------+-----+
|Utilization (%)  |        0|    0|       1|      3|    0|
+-----------------+---------+-----+--------+-------+-----+

+ Detail: 
    * Instance: 
    +--------------------------------+--------------------------+---------+----+---+-----+-----+
    |            Instance            |          Module          | BRAM_18K| DSP| FF| LUT | URAM|
    +--------------------------------+--------------------------+---------+----+---+-----+-----+
    |sparsemux_59_5_12_1_1_x0_U1086  |sparsemux_59_5_12_1_1_x0  |        0|   0|  0|  130|    0|
    +--------------------------------+--------------------------+---------+----+---+-----+-----+
    |Total                           |                          |        0|   0|  0|  130|    0|
    +--------------------------------+--------------------------+---------+----+---+-----+-----+

    * DSP: 
    N/A

    * Memory: 
    N/A

    * FIFO: 
    N/A

    * Expression: 
    +-----------------------------+----------+----+---+----+------------+------------+
    |        Variable Name        | Operation| DSP| FF| LUT| Bitwidth P0| Bitwidth P1|
    +-----------------------------+----------+----+---+----+------------+------------+
    |and_ln102_380_fu_508_p2      |       and|   0|  0|   2|           1|           1|
    |and_ln102_381_fu_559_p2      |       and|   0|  0|   2|           1|           1|
    |and_ln102_382_fu_697_p2      |       and|   0|  0|   2|           1|           1|
    |and_ln102_383_fu_522_p2      |       and|   0|  0|   2|           1|           1|
    |and_ln102_384_fu_538_p2      |       and|   0|  0|   2|           1|           1|
    |and_ln102_385_fu_569_p2      |       and|   0|  0|   2|           1|           1|
    |and_ln102_386_fu_573_p2      |       and|   0|  0|   2|           1|           1|
    |and_ln102_387_fu_711_p2      |       and|   0|  0|   2|           1|           1|
    |and_ln102_388_fu_839_p2      |       and|   0|  0|   2|           1|           1|
    |and_ln102_389_fu_843_p2      |       and|   0|  0|   2|           1|           1|
    |and_ln102_390_fu_1043_p2     |       and|   0|  0|   2|           1|           1|
    |and_ln102_391_fu_578_p2      |       and|   0|  0|   2|           1|           1|
    |and_ln102_392_fu_587_p2      |       and|   0|  0|   2|           1|           1|
    |and_ln102_393_fu_592_p2      |       and|   0|  0|   2|           1|           1|
    |and_ln102_394_fu_721_p2      |       and|   0|  0|   2|           1|           1|
    |and_ln102_395_fu_726_p2      |       and|   0|  0|   2|           1|           1|
    |and_ln102_396_fu_735_p2      |       and|   0|  0|   2|           1|           1|
    |and_ln102_397_fu_848_p2      |       and|   0|  0|   2|           1|           1|
    |and_ln102_398_fu_857_p2      |       and|   0|  0|   2|           1|           1|
    |and_ln102_399_fu_862_p2      |       and|   0|  0|   2|           1|           1|
    |and_ln102_400_fu_959_p2      |       and|   0|  0|   2|           1|           1|
    |and_ln102_401_fu_964_p2      |       and|   0|  0|   2|           1|           1|
    |and_ln102_402_fu_973_p2      |       and|   0|  0|   2|           1|           1|
    |and_ln102_403_fu_1047_p2     |       and|   0|  0|   2|           1|           1|
    |and_ln102_404_fu_1087_p2     |       and|   0|  0|   2|           1|           1|
    |and_ln102_405_fu_582_p2      |       and|   0|  0|   2|           1|           1|
    |and_ln102_406_fu_716_p2      |       and|   0|  0|   2|           1|           1|
    |and_ln102_407_fu_730_p2      |       and|   0|  0|   2|           1|           1|
    |and_ln102_408_fu_852_p2      |       and|   0|  0|   2|           1|           1|
    |and_ln102_409_fu_954_p2      |       and|   0|  0|   2|           1|           1|
    |and_ln102_410_fu_968_p2      |       and|   0|  0|   2|           1|           1|
    |and_ln102_411_fu_1082_p2     |       and|   0|  0|   2|           1|           1|
    |and_ln102_fu_494_p2          |       and|   0|  0|   2|           1|           1|
    |and_ln104_82_fu_503_p2       |       and|   0|  0|   2|           1|           1|
    |and_ln104_83_fu_517_p2       |       and|   0|  0|   2|           1|           1|
    |and_ln104_84_fu_692_p2       |       and|   0|  0|   2|           1|           1|
    |and_ln104_85_fu_829_p2       |       and|   0|  0|   2|           1|           1|
    |and_ln104_86_fu_532_p2       |       and|   0|  0|   2|           1|           1|
    |and_ln104_fu_554_p2          |       and|   0|  0|   2|           1|           1|
    |icmp_ln86_396_fu_326_p2      |      icmp|   0|  0|  25|          18|          11|
    |icmp_ln86_397_fu_332_p2      |      icmp|   0|  0|  25|          18|           7|
    |icmp_ln86_398_fu_338_p2      |      icmp|   0|  0|  25|          18|          12|
    |icmp_ln86_399_fu_344_p2      |      icmp|   0|  0|  25|          18|          11|
    |icmp_ln86_400_fu_350_p2      |      icmp|   0|  0|  25|          18|           6|
    |icmp_ln86_401_fu_356_p2      |      icmp|   0|  0|  25|          18|          11|
    |icmp_ln86_402_fu_362_p2      |      icmp|   0|  0|  25|          18|          12|
    |icmp_ln86_403_fu_368_p2      |      icmp|   0|  0|  25|          18|          11|
    |icmp_ln86_404_fu_374_p2      |      icmp|   0|  0|  25|          18|          10|
    |icmp_ln86_405_fu_380_p2      |      icmp|   0|  0|  25|          18|          10|
    |icmp_ln86_406_fu_386_p2      |      icmp|   0|  0|  25|          18|          11|
    |icmp_ln86_407_fu_392_p2      |      icmp|   0|  0|  25|          18|           7|
    |icmp_ln86_408_fu_398_p2      |      icmp|   0|  0|  25|          18|          11|
    |icmp_ln86_409_fu_404_p2      |      icmp|   0|  0|  25|          18|          12|
    |icmp_ln86_410_fu_410_p2      |      icmp|   0|  0|  25|          18|          11|
    |icmp_ln86_411_fu_416_p2      |      icmp|   0|  0|  25|          18|          10|
    |icmp_ln86_412_fu_422_p2      |      icmp|   0|  0|  25|          18|          10|
    |icmp_ln86_413_fu_428_p2      |      icmp|   0|  0|  25|          18|          12|
    |icmp_ln86_414_fu_434_p2      |      icmp|   0|  0|  25|          18|          11|
    |icmp_ln86_415_fu_440_p2      |      icmp|   0|  0|  25|          18|           6|
    |icmp_ln86_416_fu_446_p2      |      icmp|   0|  0|  25|          18|           9|
    |icmp_ln86_417_fu_452_p2      |      icmp|   0|  0|  25|          18|           8|
    |icmp_ln86_418_fu_458_p2      |      icmp|   0|  0|  25|          18|          12|
    |icmp_ln86_419_fu_464_p2      |      icmp|   0|  0|  25|          18|          10|
    |icmp_ln86_420_fu_470_p2      |      icmp|   0|  0|  25|          18|          10|
    |icmp_ln86_421_fu_476_p2      |      icmp|   0|  0|  25|          18|          10|
    |icmp_ln86_422_fu_482_p2      |      icmp|   0|  0|  25|          18|           4|
    |icmp_ln86_fu_320_p2          |      icmp|   0|  0|  25|          18|          12|
    |or_ln117_368_fu_543_p2       |        or|   0|  0|   2|           1|           1|
    |or_ln117_369_fu_619_p2       |        or|   0|  0|   2|           1|           1|
    |or_ln117_370_fu_635_p2       |        or|   0|  0|   2|           1|           1|
    |or_ln117_371_fu_647_p2       |        or|   0|  0|   2|           1|           1|
    |or_ln117_372_fu_661_p2       |        or|   0|  0|   2|           1|           1|
    |or_ln117_373_fu_740_p2       |        or|   0|  0|   2|           1|           1|
    |or_ln117_374_fu_683_p2       |        or|   0|  0|   2|           1|           1|
    |or_ln117_375_fu_756_p2       |        or|   0|  0|   2|           1|           1|
    |or_ln117_376_fu_768_p2       |        or|   0|  0|   2|           1|           1|
    |or_ln117_377_fu_780_p2       |        or|   0|  0|   2|           1|           1|
    |or_ln117_378_fu_794_p2       |        or|   0|  0|   2|           1|           1|
    |or_ln117_379_fu_867_p2       |        or|   0|  0|   2|           1|           1|
    |or_ln117_380_fu_814_p2       |        or|   0|  0|   2|           1|           1|
    |or_ln117_381_fu_879_p2       |        or|   0|  0|   2|           1|           1|
    |or_ln117_382_fu_820_p2       |        or|   0|  0|   2|           1|           1|
    |or_ln117_383_fu_903_p2       |        or|   0|  0|   2|           1|           1|
    |or_ln117_384_fu_915_p2       |        or|   0|  0|   2|           1|           1|
    |or_ln117_385_fu_978_p2       |        or|   0|  0|   2|           1|           1|
    |or_ln117_386_fu_936_p2       |        or|   0|  0|   2|           1|           1|
    |or_ln117_387_fu_990_p2       |        or|   0|  0|   2|           1|           1|
    |or_ln117_388_fu_1002_p2      |        or|   0|  0|   2|           1|           1|
    |or_ln117_389_fu_1014_p2      |        or|   0|  0|   2|           1|           1|
    |or_ln117_390_fu_940_p2       |        or|   0|  0|   2|           1|           1|
    |or_ln117_391_fu_1052_p2      |        or|   0|  0|   2|           1|           1|
    |or_ln117_392_fu_1057_p2      |        or|   0|  0|   2|           1|           1|
    |or_ln117_393_fu_1092_p2      |        or|   0|  0|   2|           1|           1|
    |or_ln117_394_fu_1228_p2      |        or|   0|  0|   2|           1|           1|
    |or_ln117_fu_597_p2           |        or|   0|  0|   2|           1|           1|
    |ap_return                    |    select|   0|  0|  12|           1|          12|
    |select_ln117_382_fu_624_p3   |    select|   0|  0|   2|           1|           2|
    |select_ln117_383_fu_639_p3   |    select|   0|  0|   4|           1|           3|
    |select_ln117_384_fu_653_p3   |    select|   0|  0|   3|           1|           3|
    |select_ln117_385_fu_667_p3   |    select|   0|  0|   3|           1|           3|
    |select_ln117_386_fu_675_p3   |    select|   0|  0|   3|           1|           3|
    |select_ln117_387_fu_748_p3   |    select|   0|  0|   5|           1|           4|
    |select_ln117_388_fu_761_p3   |    select|   0|  0|   4|           1|           4|
    |select_ln117_389_fu_772_p3   |    select|   0|  0|   4|           1|           4|
    |select_ln117_390_fu_786_p3   |    select|   0|  0|   4|           1|           4|
    |select_ln117_391_fu_798_p3   |    select|   0|  0|   4|           1|           4|
    |select_ln117_392_fu_806_p3   |    select|   0|  0|   4|           1|           4|
    |select_ln117_393_fu_872_p3   |    select|   0|  0|   4|           1|           4|
    |select_ln117_394_fu_884_p3   |    select|   0|  0|   4|           1|           4|
    |select_ln117_395_fu_895_p3   |    select|   0|  0|   6|           1|           5|
    |select_ln117_396_fu_908_p3   |    select|   0|  0|   5|           1|           5|
    |select_ln117_397_fu_920_p3   |    select|   0|  0|   5|           1|           5|
    |select_ln117_398_fu_928_p3   |    select|   0|  0|   5|           1|           5|
    |select_ln117_399_fu_983_p3   |    select|   0|  0|   5|           1|           5|
    |select_ln117_400_fu_995_p3   |    select|   0|  0|   5|           1|           5|
    |select_ln117_401_fu_1006_p3  |    select|   0|  0|   5|           1|           5|
    |select_ln117_402_fu_1020_p3  |    select|   0|  0|   5|           1|           5|
    |select_ln117_403_fu_1028_p3  |    select|   0|  0|   5|           1|           5|
    |select_ln117_404_fu_1036_p3  |    select|   0|  0|   5|           1|           5|
    |select_ln117_405_fu_1062_p3  |    select|   0|  0|   5|           1|           5|
    |select_ln117_406_fu_1069_p3  |    select|   0|  0|   5|           1|           5|
    |select_ln117_fu_611_p3       |    select|   0|  0|   3|           1|           2|
    |tmp_fu_1104_p60              |    select|   0|  0|   5|           1|           5|
    |xor_ln104_192_fu_549_p2      |       xor|   0|  0|   2|           1|           2|
    |xor_ln104_193_fu_498_p2      |       xor|   0|  0|   2|           1|           2|
    |xor_ln104_194_fu_512_p2      |       xor|   0|  0|   2|           1|           2|
    |xor_ln104_195_fu_687_p2      |       xor|   0|  0|   2|           1|           2|
    |xor_ln104_196_fu_824_p2      |       xor|   0|  0|   2|           1|           2|
    |xor_ln104_197_fu_527_p2      |       xor|   0|  0|   2|           1|           2|
    |xor_ln104_198_fu_564_p2      |       xor|   0|  0|   2|           1|           2|
    |xor_ln104_199_fu_701_p2      |       xor|   0|  0|   2|           1|           2|
    |xor_ln104_200_fu_706_p2      |       xor|   0|  0|   2|           1|           2|
    |xor_ln104_201_fu_834_p2      |       xor|   0|  0|   2|           1|           2|
    |xor_ln104_202_fu_944_p2      |       xor|   0|  0|   2|           1|           2|
    |xor_ln104_203_fu_949_p2      |       xor|   0|  0|   2|           1|           2|
    |xor_ln104_204_fu_1077_p2     |       xor|   0|  0|   2|           1|           2|
    |xor_ln104_fu_488_p2          |       xor|   0|  0|   2|           1|           2|
    |xor_ln117_fu_602_p2          |       xor|   0|  0|   2|           2|           1|
    +-----------------------------+----------+----+---+----+------------+------------+
    |Total                        |          |   0|  0| 993|         615|         498|
    +-----------------------------+----------+----+---+----+------------+------------+

    * Multiplexer: 
    N/A

    * Register: 
    +--------------------------------------+----+----+-----+-----------+
    |                 Name                 | FF | LUT| Bits| Const Bits|
    +--------------------------------------+----+----+-----+-----------+
    |and_ln102_380_reg_1407                |   1|   0|    1|          0|
    |and_ln102_381_reg_1451                |   1|   0|    1|          0|
    |and_ln102_382_reg_1487                |   1|   0|    1|          0|
    |and_ln102_382_reg_1487_pp0_iter4_reg  |   1|   0|    1|          0|
    |and_ln102_383_reg_1419                |   1|   0|    1|          0|
    |and_ln102_384_reg_1434                |   1|   0|    1|          0|
    |and_ln102_386_reg_1457                |   1|   0|    1|          0|
    |and_ln102_387_reg_1494                |   1|   0|    1|          0|
    |and_ln102_389_reg_1529                |   1|   0|    1|          0|
    |and_ln102_reg_1400                    |   1|   0|    1|          0|
    |and_ln104_83_reg_1413                 |   1|   0|    1|          0|
    |and_ln104_83_reg_1413_pp0_iter2_reg   |   1|   0|    1|          0|
    |and_ln104_84_reg_1482                 |   1|   0|    1|          0|
    |and_ln104_85_reg_1524                 |   1|   0|    1|          0|
    |and_ln104_86_reg_1427                 |   1|   0|    1|          0|
    |and_ln104_reg_1445                    |   1|   0|    1|          0|
    |icmp_ln86_396_reg_1244                |   1|   0|    1|          0|
    |icmp_ln86_396_reg_1244_pp0_iter1_reg  |   1|   0|    1|          0|
    |icmp_ln86_397_reg_1252                |   1|   0|    1|          0|
    |icmp_ln86_398_reg_1258                |   1|   0|    1|          0|
    |icmp_ln86_399_reg_1264                |   1|   0|    1|          0|
    |icmp_ln86_400_reg_1270                |   1|   0|    1|          0|
    |icmp_ln86_401_reg_1276                |   1|   0|    1|          0|
    |icmp_ln86_402_reg_1282                |   1|   0|    1|          0|
    |icmp_ln86_402_reg_1282_pp0_iter1_reg  |   1|   0|    1|          0|
    |icmp_ln86_403_reg_1288                |   1|   0|    1|          0|
    |icmp_ln86_404_reg_1294                |   1|   0|    1|          0|
    |icmp_ln86_405_reg_1300                |   1|   0|    1|          0|
    |icmp_ln86_406_reg_1306                |   1|   0|    1|          0|
    |icmp_ln86_407_reg_1312                |   1|   0|    1|          0|
    |icmp_ln86_408_reg_1318                |   1|   0|    1|          0|
    |icmp_ln86_409_reg_1324                |   1|   0|    1|          0|
    |icmp_ln86_409_reg_1324_pp0_iter1_reg  |   1|   0|    1|          0|
    |icmp_ln86_410_reg_1329                |   1|   0|    1|          0|
    |icmp_ln86_410_reg_1329_pp0_iter1_reg  |   1|   0|    1|          0|
    |icmp_ln86_411_reg_1334                |   1|   0|    1|          0|
    |icmp_ln86_411_reg_1334_pp0_iter1_reg  |   1|   0|    1|          0|
    |icmp_ln86_412_reg_1339                |   1|   0|    1|          0|
    |icmp_ln86_413_reg_1344                |   1|   0|    1|          0|
    |icmp_ln86_414_reg_1349                |   1|   0|    1|          0|
    |icmp_ln86_415_reg_1354                |   1|   0|    1|          0|
    |icmp_ln86_416_reg_1359                |   1|   0|    1|          0|
    |icmp_ln86_417_reg_1364                |   1|   0|    1|          0|
    |icmp_ln86_418_reg_1369                |   1|   0|    1|          0|
    |icmp_ln86_419_reg_1374                |   1|   0|    1|          0|
    |icmp_ln86_420_reg_1379                |   1|   0|    1|          0|
    |icmp_ln86_421_reg_1384                |   1|   0|    1|          0|
    |icmp_ln86_422_reg_1389                |   1|   0|    1|          0|
    |icmp_ln86_reg_1239                    |   1|   0|    1|          0|
    |icmp_ln86_reg_1239_pp0_iter1_reg      |   1|   0|    1|          0|
    |or_ln117_368_reg_1439                 |   1|   0|    1|          0|
    |or_ln117_372_reg_1463                 |   1|   0|    1|          0|
    |or_ln117_374_reg_1473                 |   1|   0|    1|          0|
    |or_ln117_378_reg_1499                 |   1|   0|    1|          0|
    |or_ln117_380_reg_1509                 |   1|   0|    1|          0|
    |or_ln117_382_reg_1515                 |   1|   0|    1|          0|
    |or_ln117_384_reg_1535                 |   1|   0|    1|          0|
    |or_ln117_386_reg_1545                 |   1|   0|    1|          0|
    |or_ln117_390_reg_1552                 |   1|   0|    1|          0|
    |or_ln117_392_reg_1565                 |   1|   0|    1|          0|
    |select_ln117_386_reg_1468             |   3|   0|    3|          0|
    |select_ln117_392_reg_1504             |   4|   0|    4|          0|
    |select_ln117_398_reg_1540             |   5|   0|    5|          0|
    |select_ln117_404_reg_1560             |   5|   0|    5|          0|
    |select_ln117_406_reg_1570             |   5|   0|    5|          0|
    |tmp_reg_1575                          |  12|   0|   12|          0|
    |x_0_val_int_reg                       |  18|   0|   18|          0|
    |x_10_val_int_reg                      |  18|   0|   18|          0|
    |x_11_val_int_reg                      |  18|   0|   18|          0|
    |x_13_val_int_reg                      |  18|   0|   18|          0|
    |x_14_val_int_reg                      |  18|   0|   18|          0|
    |x_15_val_int_reg                      |  18|   0|   18|          0|
    |x_1_val_int_reg                       |  18|   0|   18|          0|
    |x_2_val_int_reg                       |  18|   0|   18|          0|
    |x_3_val_int_reg                       |  18|   0|   18|          0|
    |x_5_val_int_reg                       |  18|   0|   18|          0|
    |x_6_val_int_reg                       |  18|   0|   18|          0|
    |x_7_val_int_reg                       |  18|   0|   18|          0|
    |x_9_val_int_reg                       |  18|   0|   18|          0|
    |xor_ln104_reg_1394                    |   1|   0|    1|          0|
    |and_ln102_reg_1400                    |  64|  32|    1|          0|
    |and_ln104_86_reg_1427                 |  64|  32|    1|          0|
    |icmp_ln86_399_reg_1264                |  64|  32|    1|          0|
    |icmp_ln86_400_reg_1270                |  64|  32|    1|          0|
    |icmp_ln86_403_reg_1288                |  64|  32|    1|          0|
    |icmp_ln86_404_reg_1294                |  64|  32|    1|          0|
    |icmp_ln86_405_reg_1300                |  64|  32|    1|          0|
    |icmp_ln86_406_reg_1306                |  64|  32|    1|          0|
    |icmp_ln86_407_reg_1312                |  64|  32|    1|          0|
    |icmp_ln86_408_reg_1318                |  64|  32|    1|          0|
    |icmp_ln86_412_reg_1339                |  64|  32|    1|          0|
    |icmp_ln86_413_reg_1344                |  64|  32|    1|          0|
    |icmp_ln86_414_reg_1349                |  64|  32|    1|          0|
    |icmp_ln86_415_reg_1354                |  64|  32|    1|          0|
    |icmp_ln86_416_reg_1359                |  64|  32|    1|          0|
    |icmp_ln86_417_reg_1364                |  64|  32|    1|          0|
    |icmp_ln86_418_reg_1369                |  64|  32|    1|          0|
    |icmp_ln86_419_reg_1374                |  64|  32|    1|          0|
    |icmp_ln86_420_reg_1379                |  64|  32|    1|          0|
    |icmp_ln86_421_reg_1384                |  64|  32|    1|          0|
    |icmp_ln86_422_reg_1389                |  64|  32|    1|          0|
    |or_ln117_390_reg_1552                 |  64|  32|    1|          0|
    +--------------------------------------+----+----+-----+-----------+
    |Total                                 |1737| 704|  351|          0|
    +--------------------------------------+----+----+-----+-----------+



================================================================
== Interface
================================================================
* Summary: 
+-----------+-----+-----+------------+----------------------+--------------+
| RTL Ports | Dir | Bits|  Protocol  |     Source Object    |    C Type    |
+-----------+-----+-----+------------+----------------------+--------------+
|ap_clk     |   in|    1|  ap_ctrl_hs|  decision_function.14|  return value|
|ap_rst     |   in|    1|  ap_ctrl_hs|  decision_function.14|  return value|
|ap_return  |  out|   12|  ap_ctrl_hs|  decision_function.14|  return value|
|ap_ce      |   in|    1|  ap_ctrl_hs|  decision_function.14|  return value|
|x_0_val    |   in|   18|     ap_none|               x_0_val|        scalar|
|x_1_val    |   in|   18|     ap_none|               x_1_val|        scalar|
|x_2_val    |   in|   18|     ap_none|               x_2_val|        scalar|
|x_3_val    |   in|   18|     ap_none|               x_3_val|        scalar|
|x_5_val    |   in|   18|     ap_none|               x_5_val|        scalar|
|x_6_val    |   in|   18|     ap_none|               x_6_val|        scalar|
|x_7_val    |   in|   18|     ap_none|               x_7_val|        scalar|
|x_9_val    |   in|   18|     ap_none|               x_9_val|        scalar|
|x_10_val   |   in|   18|     ap_none|              x_10_val|        scalar|
|x_11_val   |   in|   18|     ap_none|              x_11_val|        scalar|
|x_13_val   |   in|   18|     ap_none|              x_13_val|        scalar|
|x_14_val   |   in|   18|     ap_none|              x_14_val|        scalar|
|x_15_val   |   in|   18|     ap_none|              x_15_val|        scalar|
+-----------+-----+-----+------------+----------------------+--------------+

