

================================================================
== Vitis HLS Report for 'decision_function_90'
================================================================
* Date:           Tue Mar 11 16:16:54 2025

* Version:        2024.2 (Build 5238294 on Nov  8 2024)
* Project:        my_prj
* Solution:       solution1 (Vivado IP Flow Target)
* Product family: zynq
* Target device:  xc7z020-clg400-1


================================================================
== Performance Estimates
================================================================
+ Timing: 
    * Summary: 
    +--------+---------+----------+------------+
    |  Clock |  Target | Estimated| Uncertainty|
    +--------+---------+----------+------------+
    |ap_clk  |  5.00 ns|  3.645 ns|     1.35 ns|
    +--------+---------+----------+------------+

+ Latency: 
    * Summary: 
    +---------+---------+-----------+-----------+-----+-----+---------+
    |  Latency (cycles) |   Latency (absolute)  |  Interval | Pipeline|
    |   min   |   max   |    min    |    max    | min | max |   Type  |
    +---------+---------+-----------+-----------+-----+-----+---------+
    |        7|        7|  35.000 ns|  35.000 ns|    1|    1|      yes|
    +---------+---------+-----------+-----------+-----+-----+---------+

    + Detail: 
        * Instance: 
        N/A

        * Loop: 
        N/A



================================================================
== Utilization Estimates
================================================================
* Summary: 
+-----------------+---------+-----+--------+-------+-----+
|       Name      | BRAM_18K| DSP |   FF   |  LUT  | URAM|
+-----------------+---------+-----+--------+-------+-----+
|DSP              |        -|    -|       -|      -|    -|
|Expression       |        -|    -|       0|   1079|    -|
|FIFO             |        -|    -|       -|      -|    -|
|Instance         |        -|    -|       0|    142|    -|
|Memory           |        -|    -|       -|      -|    -|
|Multiplexer      |        -|    -|       -|      -|    -|
|Register         |        -|    -|    1822|    768|    -|
+-----------------+---------+-----+--------+-------+-----+
|Total            |        0|    0|    1822|   1989|    0|
+-----------------+---------+-----+--------+-------+-----+
|Available        |      280|  220|  106400|  53200|    0|
+-----------------+---------+-----+--------+-------+-----+
|Utilization (%)  |        0|    0|       1|      3|    0|
+-----------------+---------+-----+--------+-------+-----+

+ Detail: 
    * Instance: 
    +-------------------------------+--------------------------+---------+----+---+-----+-----+
    |            Instance           |          Module          | BRAM_18K| DSP| FF| LUT | URAM|
    +-------------------------------+--------------------------+---------+----+---+-----+-----+
    |sparsemux_65_5_12_1_1_x2_U181  |sparsemux_65_5_12_1_1_x2  |        0|   0|  0|  142|    0|
    +-------------------------------+--------------------------+---------+----+---+-----+-----+
    |Total                          |                          |        0|   0|  0|  142|    0|
    +-------------------------------+--------------------------+---------+----+---+-----+-----+

    * DSP: 
    N/A

    * Memory: 
    N/A

    * FIFO: 
    N/A

    * Expression: 
    +-----------------------------+----------+----+---+----+------------+------------+
    |        Variable Name        | Operation| DSP| FF| LUT| Bitwidth P0| Bitwidth P1|
    +-----------------------------+----------+----+---+----+------------+------------+
    |and_ln102_322_fu_707_p2      |       and|   0|  0|   2|           1|           1|
    |and_ln102_323_fu_524_p2      |       and|   0|  0|   2|           1|           1|
    |and_ln102_324_fu_575_p2      |       and|   0|  0|   2|           1|           1|
    |and_ln102_325_fu_721_p2      |       and|   0|  0|   2|           1|           1|
    |and_ln102_326_fu_841_p2      |       and|   0|  0|   2|           1|           1|
    |and_ln102_327_fu_538_p2      |       and|   0|  0|   2|           1|           1|
    |and_ln102_328_fu_548_p2      |       and|   0|  0|   2|           1|           1|
    |and_ln102_329_fu_594_p2      |       and|   0|  0|   2|           1|           1|
    |and_ln102_330_fu_731_p2      |       and|   0|  0|   2|           1|           1|
    |and_ln102_331_fu_735_p2      |       and|   0|  0|   2|           1|           1|
    |and_ln102_332_fu_865_p2      |       and|   0|  0|   2|           1|           1|
    |and_ln102_333_fu_983_p2      |       and|   0|  0|   2|           1|           1|
    |and_ln102_334_fu_1076_p2     |       and|   0|  0|   2|           1|           1|
    |and_ln102_335_fu_599_p2      |       and|   0|  0|   2|           1|           1|
    |and_ln102_336_fu_553_p2      |       and|   0|  0|   2|           1|           1|
    |and_ln102_337_fu_558_p2      |       and|   0|  0|   2|           1|           1|
    |and_ln102_338_fu_603_p2      |       and|   0|  0|   2|           1|           1|
    |and_ln102_339_fu_607_p2      |       and|   0|  0|   2|           1|           1|
    |and_ln102_340_fu_612_p2      |       and|   0|  0|   2|           1|           1|
    |and_ln102_341_fu_740_p2      |       and|   0|  0|   2|           1|           1|
    |and_ln102_342_fu_744_p2      |       and|   0|  0|   2|           1|           1|
    |and_ln102_343_fu_749_p2      |       and|   0|  0|   2|           1|           1|
    |and_ln102_344_fu_754_p2      |       and|   0|  0|   2|           1|           1|
    |and_ln102_345_fu_870_p2      |       and|   0|  0|   2|           1|           1|
    |and_ln102_346_fu_875_p2      |       and|   0|  0|   2|           1|           1|
    |and_ln102_347_fu_880_p2      |       and|   0|  0|   2|           1|           1|
    |and_ln102_348_fu_884_p2      |       and|   0|  0|   2|           1|           1|
    |and_ln102_349_fu_889_p2      |       and|   0|  0|   2|           1|           1|
    |and_ln102_350_fu_987_p2      |       and|   0|  0|   2|           1|           1|
    |and_ln102_351_fu_991_p2      |       and|   0|  0|   2|           1|           1|
    |and_ln102_352_fu_996_p2      |       and|   0|  0|   2|           1|           1|
    |and_ln102_353_fu_1001_p2     |       and|   0|  0|   2|           1|           1|
    |and_ln102_354_fu_1080_p2     |       and|   0|  0|   2|           1|           1|
    |and_ln102_355_fu_1085_p2     |       and|   0|  0|   2|           1|           1|
    |and_ln102_356_fu_1090_p2     |       and|   0|  0|   2|           1|           1|
    |and_ln102_357_fu_1152_p2     |       and|   0|  0|   2|           1|           1|
    |and_ln102_358_fu_1157_p2     |       and|   0|  0|   2|           1|           1|
    |and_ln102_fu_508_p2          |       and|   0|  0|   2|           1|           1|
    |and_ln104_46_fu_716_p2       |       and|   0|  0|   2|           1|           1|
    |and_ln104_47_fu_533_p2       |       and|   0|  0|   2|           1|           1|
    |and_ln104_48_fu_584_p2       |       and|   0|  0|   2|           1|           1|
    |and_ln104_49_fu_836_p2       |       and|   0|  0|   2|           1|           1|
    |and_ln104_50_fu_850_p2       |       and|   0|  0|   2|           1|           1|
    |and_ln104_fu_519_p2          |       and|   0|  0|   2|           1|           1|
    |icmp_ln86_260_fu_328_p2      |      icmp|   0|  0|  25|          18|          10|
    |icmp_ln86_261_fu_334_p2      |      icmp|   0|  0|  25|          18|          10|
    |icmp_ln86_262_fu_340_p2      |      icmp|   0|  0|  25|          18|          12|
    |icmp_ln86_263_fu_346_p2      |      icmp|   0|  0|  25|          18|          11|
    |icmp_ln86_264_fu_352_p2      |      icmp|   0|  0|  25|          18|          11|
    |icmp_ln86_265_fu_358_p2      |      icmp|   0|  0|  25|          18|          11|
    |icmp_ln86_266_fu_364_p2      |      icmp|   0|  0|  25|          18|          13|
    |icmp_ln86_267_fu_370_p2      |      icmp|   0|  0|  25|          18|          12|
    |icmp_ln86_268_fu_376_p2      |      icmp|   0|  0|  25|          18|          11|
    |icmp_ln86_269_fu_382_p2      |      icmp|   0|  0|  25|          18|          12|
    |icmp_ln86_270_fu_388_p2      |      icmp|   0|  0|  25|          18|           8|
    |icmp_ln86_271_fu_394_p2      |      icmp|   0|  0|  25|          18|          12|
    |icmp_ln86_272_fu_400_p2      |      icmp|   0|  0|  25|          18|           9|
    |icmp_ln86_273_fu_406_p2      |      icmp|   0|  0|  25|          18|           8|
    |icmp_ln86_274_fu_412_p2      |      icmp|   0|  0|  25|          18|          13|
    |icmp_ln86_275_fu_418_p2      |      icmp|   0|  0|  25|          18|          12|
    |icmp_ln86_276_fu_424_p2      |      icmp|   0|  0|  25|          18|          12|
    |icmp_ln86_277_fu_430_p2      |      icmp|   0|  0|  25|          18|          11|
    |icmp_ln86_278_fu_436_p2      |      icmp|   0|  0|  25|          18|           9|
    |icmp_ln86_279_fu_442_p2      |      icmp|   0|  0|  25|          18|          11|
    |icmp_ln86_280_fu_448_p2      |      icmp|   0|  0|  25|          18|          12|
    |icmp_ln86_281_fu_454_p2      |      icmp|   0|  0|  25|          18|          11|
    |icmp_ln86_282_fu_460_p2      |      icmp|   0|  0|  25|          18|          12|
    |icmp_ln86_283_fu_466_p2      |      icmp|   0|  0|  25|          18|           9|
    |icmp_ln86_284_fu_472_p2      |      icmp|   0|  0|  25|          18|          11|
    |icmp_ln86_285_fu_478_p2      |      icmp|   0|  0|  25|          18|          11|
    |icmp_ln86_286_fu_484_p2      |      icmp|   0|  0|  25|          18|           9|
    |icmp_ln86_287_fu_490_p2      |      icmp|   0|  0|  25|          18|          10|
    |icmp_ln86_288_fu_496_p2      |      icmp|   0|  0|  25|          18|          11|
    |icmp_ln86_289_fu_502_p2      |      icmp|   0|  0|  25|          18|          10|
    |icmp_ln86_fu_322_p2          |      icmp|   0|  0|  25|          18|          11|
    |or_ln117_230_fu_645_p2       |        or|   0|  0|   2|           1|           1|
    |or_ln117_231_fu_657_p2       |        or|   0|  0|   2|           1|           1|
    |or_ln117_232_fu_669_p2       |        or|   0|  0|   2|           1|           1|
    |or_ln117_233_fu_759_p2       |        or|   0|  0|   2|           1|           1|
    |or_ln117_234_fu_702_p2       |        or|   0|  0|   2|           1|           1|
    |or_ln117_235_fu_771_p2       |        or|   0|  0|   2|           1|           1|
    |or_ln117_236_fu_783_p2       |        or|   0|  0|   2|           1|           1|
    |or_ln117_237_fu_795_p2       |        or|   0|  0|   2|           1|           1|
    |or_ln117_238_fu_809_p2       |        or|   0|  0|   2|           1|           1|
    |or_ln117_239_fu_894_p2       |        or|   0|  0|   2|           1|           1|
    |or_ln117_240_fu_910_p2       |        or|   0|  0|   2|           1|           1|
    |or_ln117_241_fu_922_p2       |        or|   0|  0|   2|           1|           1|
    |or_ln117_242_fu_934_p2       |        or|   0|  0|   2|           1|           1|
    |or_ln117_243_fu_948_p2       |        or|   0|  0|   2|           1|           1|
    |or_ln117_244_fu_1006_p2      |        or|   0|  0|   2|           1|           1|
    |or_ln117_245_fu_968_p2       |        or|   0|  0|   2|           1|           1|
    |or_ln117_246_fu_1018_p2      |        or|   0|  0|   2|           1|           1|
    |or_ln117_247_fu_974_p2       |        or|   0|  0|   2|           1|           1|
    |or_ln117_248_fu_1038_p2      |        or|   0|  0|   2|           1|           1|
    |or_ln117_249_fu_1050_p2      |        or|   0|  0|   2|           1|           1|
    |or_ln117_250_fu_1095_p2      |        or|   0|  0|   2|           1|           1|
    |or_ln117_251_fu_1100_p2      |        or|   0|  0|   2|           1|           1|
    |or_ln117_252_fu_1111_p2      |        or|   0|  0|   2|           1|           1|
    |or_ln117_253_fu_1125_p2      |        or|   0|  0|   2|           1|           1|
    |or_ln117_254_fu_1162_p2      |        or|   0|  0|   2|           1|           1|
    |or_ln117_fu_564_p2           |        or|   0|  0|   2|           1|           1|
    |agg_result_fu_1174_p66       |    select|   0|  0|   5|           1|           5|
    |select_ln117_256_fu_634_p3   |    select|   0|  0|   2|           1|           2|
    |select_ln117_257_fu_650_p3   |    select|   0|  0|   4|           1|           3|
    |select_ln117_258_fu_661_p3   |    select|   0|  0|   3|           1|           3|
    |select_ln117_259_fu_675_p3   |    select|   0|  0|   3|           1|           3|
    |select_ln117_260_fu_683_p3   |    select|   0|  0|   3|           1|           3|
    |select_ln117_261_fu_695_p3   |    select|   0|  0|   5|           1|           4|
    |select_ln117_262_fu_764_p3   |    select|   0|  0|   4|           1|           4|
    |select_ln117_263_fu_776_p3   |    select|   0|  0|   4|           1|           4|
    |select_ln117_264_fu_787_p3   |    select|   0|  0|   4|           1|           4|
    |select_ln117_265_fu_801_p3   |    select|   0|  0|   4|           1|           4|
    |select_ln117_266_fu_815_p3   |    select|   0|  0|   4|           1|           4|
    |select_ln117_267_fu_823_p3   |    select|   0|  0|   4|           1|           4|
    |select_ln117_268_fu_899_p3   |    select|   0|  0|   4|           1|           4|
    |select_ln117_269_fu_915_p3   |    select|   0|  0|   6|           1|           5|
    |select_ln117_270_fu_926_p3   |    select|   0|  0|   5|           1|           5|
    |select_ln117_271_fu_940_p3   |    select|   0|  0|   5|           1|           5|
    |select_ln117_272_fu_952_p3   |    select|   0|  0|   5|           1|           5|
    |select_ln117_273_fu_960_p3   |    select|   0|  0|   5|           1|           5|
    |select_ln117_274_fu_1011_p3  |    select|   0|  0|   5|           1|           5|
    |select_ln117_275_fu_1023_p3  |    select|   0|  0|   5|           1|           5|
    |select_ln117_276_fu_1030_p3  |    select|   0|  0|   5|           1|           5|
    |select_ln117_277_fu_1043_p3  |    select|   0|  0|   5|           1|           5|
    |select_ln117_278_fu_1055_p3  |    select|   0|  0|   5|           1|           5|
    |select_ln117_279_fu_1063_p3  |    select|   0|  0|   5|           1|           5|
    |select_ln117_280_fu_1104_p3  |    select|   0|  0|   5|           1|           5|
    |select_ln117_281_fu_1117_p3  |    select|   0|  0|   5|           1|           5|
    |select_ln117_282_fu_1131_p3  |    select|   0|  0|   5|           1|           5|
    |select_ln117_283_fu_1139_p3  |    select|   0|  0|   5|           1|           5|
    |select_ln117_fu_627_p3       |    select|   0|  0|   3|           1|           2|
    |xor_ln104_122_fu_514_p2      |       xor|   0|  0|   2|           1|           2|
    |xor_ln104_123_fu_711_p2      |       xor|   0|  0|   2|           1|           2|
    |xor_ln104_124_fu_528_p2      |       xor|   0|  0|   2|           1|           2|
    |xor_ln104_125_fu_579_p2      |       xor|   0|  0|   2|           1|           2|
    |xor_ln104_126_fu_831_p2      |       xor|   0|  0|   2|           1|           2|
    |xor_ln104_127_fu_845_p2      |       xor|   0|  0|   2|           1|           2|
    |xor_ln104_128_fu_543_p2      |       xor|   0|  0|   2|           1|           2|
    |xor_ln104_129_fu_589_p2      |       xor|   0|  0|   2|           1|           2|
    |xor_ln104_130_fu_726_p2      |       xor|   0|  0|   2|           1|           2|
    |xor_ln104_131_fu_855_p2      |       xor|   0|  0|   2|           1|           2|
    |xor_ln104_132_fu_860_p2      |       xor|   0|  0|   2|           1|           2|
    |xor_ln104_133_fu_978_p2      |       xor|   0|  0|   2|           1|           2|
    |xor_ln104_134_fu_1071_p2     |       xor|   0|  0|   2|           1|           2|
    |xor_ln104_135_fu_1147_p2     |       xor|   0|  0|   2|           1|           2|
    |xor_ln104_fu_570_p2          |       xor|   0|  0|   2|           1|           2|
    |xor_ln117_fu_617_p2          |       xor|   0|  0|   2|           2|           1|
    +-----------------------------+----------+----+---+----+------------+------------+
    |Total                        |          |   0|  0|1079|         675|         564|
    +-----------------------------+----------+----+---+----+------------+------------+

    * Multiplexer: 
    N/A

    * Register: 
    +--------------------------------------+----+----+-----+-----------+
    |                 Name                 | FF | LUT| Bits| Const Bits|
    +--------------------------------------+----+----+-----+-----------+
    |and_ln102_322_reg_1563                |   1|   0|    1|          0|
    |and_ln102_323_reg_1500                |   1|   0|    1|          0|
    |and_ln102_324_reg_1535                |   1|   0|    1|          0|
    |and_ln102_325_reg_1575                |   1|   0|    1|          0|
    |and_ln102_326_reg_1602                |   1|   0|    1|          0|
    |and_ln102_326_reg_1602_pp0_iter5_reg  |   1|   0|    1|          0|
    |and_ln102_327_reg_1512                |   1|   0|    1|          0|
    |and_ln102_328_reg_1518                |   1|   0|    1|          0|
    |and_ln102_329_reg_1547                |   1|   0|    1|          0|
    |and_ln102_331_reg_1581                |   1|   0|    1|          0|
    |and_ln102_332_reg_1615                |   1|   0|    1|          0|
    |and_ln102_reg_1484                    |   1|   0|    1|          0|
    |and_ln104_46_reg_1569                 |   1|   0|    1|          0|
    |and_ln104_47_reg_1507                 |   1|   0|    1|          0|
    |and_ln104_48_reg_1541                 |   1|   0|    1|          0|
    |and_ln104_48_reg_1541_pp0_iter3_reg   |   1|   0|    1|          0|
    |and_ln104_49_reg_1597                 |   1|   0|    1|          0|
    |and_ln104_50_reg_1609                 |   1|   0|    1|          0|
    |and_ln104_reg_1494                    |   1|   0|    1|          0|
    |icmp_ln86_260_reg_1321                |   1|   0|    1|          0|
    |icmp_ln86_261_reg_1326                |   1|   0|    1|          0|
    |icmp_ln86_262_reg_1332                |   1|   0|    1|          0|
    |icmp_ln86_263_reg_1338                |   1|   0|    1|          0|
    |icmp_ln86_263_reg_1338_pp0_iter1_reg  |   1|   0|    1|          0|
    |icmp_ln86_264_reg_1344                |   1|   0|    1|          0|
    |icmp_ln86_265_reg_1350                |   1|   0|    1|          0|
    |icmp_ln86_266_reg_1356                |   1|   0|    1|          0|
    |icmp_ln86_267_reg_1362                |   1|   0|    1|          0|
    |icmp_ln86_267_reg_1362_pp0_iter1_reg  |   1|   0|    1|          0|
    |icmp_ln86_268_reg_1368                |   1|   0|    1|          0|
    |icmp_ln86_269_reg_1374                |   1|   0|    1|          0|
    |icmp_ln86_270_reg_1380                |   1|   0|    1|          0|
    |icmp_ln86_271_reg_1386                |   1|   0|    1|          0|
    |icmp_ln86_272_reg_1392                |   1|   0|    1|          0|
    |icmp_ln86_273_reg_1398                |   1|   0|    1|          0|
    |icmp_ln86_274_reg_1404                |   1|   0|    1|          0|
    |icmp_ln86_274_reg_1404_pp0_iter1_reg  |   1|   0|    1|          0|
    |icmp_ln86_275_reg_1409                |   1|   0|    1|          0|
    |icmp_ln86_276_reg_1414                |   1|   0|    1|          0|
    |icmp_ln86_276_reg_1414_pp0_iter1_reg  |   1|   0|    1|          0|
    |icmp_ln86_277_reg_1419                |   1|   0|    1|          0|
    |icmp_ln86_277_reg_1419_pp0_iter1_reg  |   1|   0|    1|          0|
    |icmp_ln86_278_reg_1424                |   1|   0|    1|          0|
    |icmp_ln86_279_reg_1429                |   1|   0|    1|          0|
    |icmp_ln86_280_reg_1434                |   1|   0|    1|          0|
    |icmp_ln86_281_reg_1439                |   1|   0|    1|          0|
    |icmp_ln86_282_reg_1444                |   1|   0|    1|          0|
    |icmp_ln86_283_reg_1449                |   1|   0|    1|          0|
    |icmp_ln86_284_reg_1454                |   1|   0|    1|          0|
    |icmp_ln86_285_reg_1459                |   1|   0|    1|          0|
    |icmp_ln86_286_reg_1464                |   1|   0|    1|          0|
    |icmp_ln86_287_reg_1469                |   1|   0|    1|          0|
    |icmp_ln86_288_reg_1474                |   1|   0|    1|          0|
    |icmp_ln86_289_reg_1479                |   1|   0|    1|          0|
    |icmp_ln86_reg_1310                    |   1|   0|    1|          0|
    |or_ln117_234_reg_1557                 |   1|   0|    1|          0|
    |or_ln117_238_reg_1587                 |   1|   0|    1|          0|
    |or_ln117_243_reg_1620                 |   1|   0|    1|          0|
    |or_ln117_245_reg_1630                 |   1|   0|    1|          0|
    |or_ln117_247_reg_1636                 |   1|   0|    1|          0|
    |or_ln117_247_reg_1636_pp0_iter5_reg   |   1|   0|    1|          0|
    |or_ln117_249_reg_1644                 |   1|   0|    1|          0|
    |or_ln117_253_reg_1654                 |   1|   0|    1|          0|
    |or_ln117_reg_1524                     |   1|   0|    1|          0|
    |select_ln117_261_reg_1552             |   4|   0|    4|          0|
    |select_ln117_267_reg_1592             |   4|   0|    4|          0|
    |select_ln117_273_reg_1625             |   5|   0|    5|          0|
    |select_ln117_279_reg_1649             |   5|   0|    5|          0|
    |select_ln117_283_reg_1659             |   5|   0|    5|          0|
    |x_10_val_int_reg                      |  18|   0|   18|          0|
    |x_11_val_int_reg                      |  18|   0|   18|          0|
    |x_12_val_int_reg                      |  18|   0|   18|          0|
    |x_14_val_int_reg                      |  18|   0|   18|          0|
    |x_15_val_int_reg                      |  18|   0|   18|          0|
    |x_1_val_int_reg                       |  18|   0|   18|          0|
    |x_2_val_int_reg                       |  18|   0|   18|          0|
    |x_3_val_int_reg                       |  18|   0|   18|          0|
    |x_5_val_int_reg                       |  18|   0|   18|          0|
    |x_6_val_int_reg                       |  18|   0|   18|          0|
    |x_7_val_int_reg                       |  18|   0|   18|          0|
    |xor_ln104_reg_1529                    |   1|   0|    1|          0|
    |and_ln102_reg_1484                    |  64|  32|    1|          0|
    |and_ln104_50_reg_1609                 |  64|  32|    1|          0|
    |icmp_ln86_261_reg_1326                |  64|  32|    1|          0|
    |icmp_ln86_264_reg_1344                |  64|  32|    1|          0|
    |icmp_ln86_265_reg_1350                |  64|  32|    1|          0|
    |icmp_ln86_268_reg_1368                |  64|  32|    1|          0|
    |icmp_ln86_269_reg_1374                |  64|  32|    1|          0|
    |icmp_ln86_270_reg_1380                |  64|  32|    1|          0|
    |icmp_ln86_271_reg_1386                |  64|  32|    1|          0|
    |icmp_ln86_272_reg_1392                |  64|  32|    1|          0|
    |icmp_ln86_273_reg_1398                |  64|  32|    1|          0|
    |icmp_ln86_278_reg_1424                |  64|  32|    1|          0|
    |icmp_ln86_279_reg_1429                |  64|  32|    1|          0|
    |icmp_ln86_280_reg_1434                |  64|  32|    1|          0|
    |icmp_ln86_281_reg_1439                |  64|  32|    1|          0|
    |icmp_ln86_282_reg_1444                |  64|  32|    1|          0|
    |icmp_ln86_283_reg_1449                |  64|  32|    1|          0|
    |icmp_ln86_284_reg_1454                |  64|  32|    1|          0|
    |icmp_ln86_285_reg_1459                |  64|  32|    1|          0|
    |icmp_ln86_286_reg_1464                |  64|  32|    1|          0|
    |icmp_ln86_287_reg_1469                |  64|  32|    1|          0|
    |icmp_ln86_288_reg_1474                |  64|  32|    1|          0|
    |icmp_ln86_289_reg_1479                |  64|  32|    1|          0|
    |icmp_ln86_reg_1310                    |  64|  32|    1|          0|
    +--------------------------------------+----+----+-----+-----------+
    |Total                                 |1822| 768|  310|          0|
    +--------------------------------------+----+----+-----+-----------+



================================================================
== Interface
================================================================
* Summary: 
+-----------+-----+-----+------------+----------------------+--------------+
| RTL Ports | Dir | Bits|  Protocol  |     Source Object    |    C Type    |
+-----------+-----+-----+------------+----------------------+--------------+
|ap_clk     |   in|    1|  ap_ctrl_hs|  decision_function.90|  return value|
|ap_rst     |   in|    1|  ap_ctrl_hs|  decision_function.90|  return value|
|ap_return  |  out|   12|  ap_ctrl_hs|  decision_function.90|  return value|
|ap_ce      |   in|    1|  ap_ctrl_hs|  decision_function.90|  return value|
|x_1_val    |   in|   18|     ap_none|               x_1_val|        scalar|
|x_2_val    |   in|   18|     ap_none|               x_2_val|        scalar|
|x_3_val    |   in|   18|     ap_none|               x_3_val|        scalar|
|x_5_val    |   in|   18|     ap_none|               x_5_val|        scalar|
|x_6_val    |   in|   18|     ap_none|               x_6_val|        scalar|
|x_7_val    |   in|   18|     ap_none|               x_7_val|        scalar|
|x_10_val   |   in|   18|     ap_none|              x_10_val|        scalar|
|x_11_val   |   in|   18|     ap_none|              x_11_val|        scalar|
|x_12_val   |   in|   18|     ap_none|              x_12_val|        scalar|
|x_14_val   |   in|   18|     ap_none|              x_14_val|        scalar|
|x_15_val   |   in|   18|     ap_none|              x_15_val|        scalar|
+-----------+-----+-----+------------+----------------------+--------------+

