

================================================================
== Vitis HLS Report for 'decision_function_19'
================================================================
* Date:           Tue Mar 11 16:17:15 2025

* Version:        2024.2 (Build 5238294 on Nov  8 2024)
* Project:        my_prj
* Solution:       solution1 (Vivado IP Flow Target)
* Product family: zynq
* Target device:  xc7z020-clg400-1


================================================================
== Performance Estimates
================================================================
+ Timing: 
    * Summary: 
    +--------+---------+----------+------------+
    |  Clock |  Target | Estimated| Uncertainty|
    +--------+---------+----------+------------+
    |ap_clk  |  5.00 ns|  3.645 ns|     1.35 ns|
    +--------+---------+----------+------------+

+ Latency: 
    * Summary: 
    +---------+---------+-----------+-----------+-----+-----+---------+
    |  Latency (cycles) |   Latency (absolute)  |  Interval | Pipeline|
    |   min   |   max   |    min    |    max    | min | max |   Type  |
    +---------+---------+-----------+-----------+-----+-----+---------+
    |        6|        6|  30.000 ns|  30.000 ns|    1|    1|      yes|
    +---------+---------+-----------+-----------+-----+-----+---------+

    + Detail: 
        * Instance: 
        N/A

        * Loop: 
        N/A



================================================================
== Utilization Estimates
================================================================
* Summary: 
+-----------------+---------+-----+--------+-------+-----+
|       Name      | BRAM_18K| DSP |   FF   |  LUT  | URAM|
+-----------------+---------+-----+--------+-------+-----+
|DSP              |        -|    -|       -|      -|    -|
|Expression       |        -|    -|       0|    981|    -|
|FIFO             |        -|    -|       -|      -|    -|
|Instance         |        -|    -|       0|    130|    -|
|Memory           |        -|    -|       -|      -|    -|
|Multiplexer      |        -|    -|       -|      -|    -|
|Register         |        -|    -|    1470|    576|    -|
+-----------------+---------+-----+--------+-------+-----+
|Total            |        0|    0|    1470|   1687|    0|
+-----------------+---------+-----+--------+-------+-----+
|Available        |      280|  220|  106400|  53200|    0|
+-----------------+---------+-----+--------+-------+-----+
|Utilization (%)  |        0|    0|       1|      3|    0|
+-----------------+---------+-----+--------+-------+-----+

+ Detail: 
    * Instance: 
    +-------------------------------+-------------------------+---------+----+---+-----+-----+
    |            Instance           |          Module         | BRAM_18K| DSP| FF| LUT | URAM|
    +-------------------------------+-------------------------+---------+----+---+-----+-----+
    |sparsemux_59_5_12_1_1_x_U1014  |sparsemux_59_5_12_1_1_x  |        0|   0|  0|  130|    0|
    +-------------------------------+-------------------------+---------+----+---+-----+-----+
    |Total                          |                         |        0|   0|  0|  130|    0|
    +-------------------------------+-------------------------+---------+----+---+-----+-----+

    * DSP: 
    N/A

    * Memory: 
    N/A

    * FIFO: 
    N/A

    * Expression: 
    +-----------------------------+----------+----+---+----+------------+------------+
    |        Variable Name        | Operation| DSP| FF| LUT| Bitwidth P0| Bitwidth P1|
    +-----------------------------+----------+----+---+----+------------+------------+
    |and_ln102_517_fu_599_p2      |       and|   0|  0|   2|           1|           1|
    |and_ln102_518_fu_509_p2      |       and|   0|  0|   2|           1|           1|
    |and_ln102_519_fu_523_p2      |       and|   0|  0|   2|           1|           1|
    |and_ln102_520_fu_613_p2      |       and|   0|  0|   2|           1|           1|
    |and_ln102_521_fu_857_p2      |       and|   0|  0|   2|           1|           1|
    |and_ln102_522_fu_539_p2      |       and|   0|  0|   2|           1|           1|
    |and_ln102_523_fu_544_p2      |       and|   0|  0|   2|           1|           1|
    |and_ln102_524_fu_628_p2      |       and|   0|  0|   2|           1|           1|
    |and_ln102_525_fu_756_p2      |       and|   0|  0|   2|           1|           1|
    |and_ln102_526_fu_760_p2      |       and|   0|  0|   2|           1|           1|
    |and_ln102_527_fu_881_p2      |       and|   0|  0|   2|           1|           1|
    |and_ln102_528_fu_989_p2      |       and|   0|  0|   2|           1|           1|
    |and_ln102_529_fu_549_p2      |       and|   0|  0|   2|           1|           1|
    |and_ln102_530_fu_637_p2      |       and|   0|  0|   2|           1|           1|
    |and_ln102_531_fu_642_p2      |       and|   0|  0|   2|           1|           1|
    |and_ln102_532_fu_651_p2      |       and|   0|  0|   2|           1|           1|
    |and_ln102_533_fu_765_p2      |       and|   0|  0|   2|           1|           1|
    |and_ln102_534_fu_774_p2      |       and|   0|  0|   2|           1|           1|
    |and_ln102_535_fu_779_p2      |       and|   0|  0|   2|           1|           1|
    |and_ln102_536_fu_891_p2      |       and|   0|  0|   2|           1|           1|
    |and_ln102_537_fu_896_p2      |       and|   0|  0|   2|           1|           1|
    |and_ln102_538_fu_905_p2      |       and|   0|  0|   2|           1|           1|
    |and_ln102_539_fu_993_p2      |       and|   0|  0|   2|           1|           1|
    |and_ln102_540_fu_1002_p2     |       and|   0|  0|   2|           1|           1|
    |and_ln102_541_fu_1007_p2     |       and|   0|  0|   2|           1|           1|
    |and_ln102_542_fu_1094_p2     |       and|   0|  0|   2|           1|           1|
    |and_ln102_543_fu_632_p2      |       and|   0|  0|   2|           1|           1|
    |and_ln102_544_fu_646_p2      |       and|   0|  0|   2|           1|           1|
    |and_ln102_545_fu_769_p2      |       and|   0|  0|   2|           1|           1|
    |and_ln102_546_fu_886_p2      |       and|   0|  0|   2|           1|           1|
    |and_ln102_547_fu_900_p2      |       and|   0|  0|   2|           1|           1|
    |and_ln102_548_fu_997_p2      |       and|   0|  0|   2|           1|           1|
    |and_ln102_549_fu_1089_p2     |       and|   0|  0|   2|           1|           1|
    |and_ln102_fu_488_p2          |       and|   0|  0|   2|           1|           1|
    |and_ln104_109_fu_608_p2      |       and|   0|  0|   2|           1|           1|
    |and_ln104_110_fu_518_p2      |       and|   0|  0|   2|           1|           1|
    |and_ln104_111_fu_533_p2      |       and|   0|  0|   2|           1|           1|
    |and_ln104_112_fu_746_p2      |       and|   0|  0|   2|           1|           1|
    |and_ln104_113_fu_866_p2      |       and|   0|  0|   2|           1|           1|
    |and_ln104_fu_504_p2          |       and|   0|  0|   2|           1|           1|
    |icmp_ln86_539_fu_326_p2      |      icmp|   0|  0|  25|          18|          12|
    |icmp_ln86_540_fu_332_p2      |      icmp|   0|  0|  25|          18|          10|
    |icmp_ln86_541_fu_338_p2      |      icmp|   0|  0|  25|          18|          13|
    |icmp_ln86_542_fu_344_p2      |      icmp|   0|  0|  25|          18|          11|
    |icmp_ln86_543_fu_350_p2      |      icmp|   0|  0|  25|          18|          10|
    |icmp_ln86_544_fu_356_p2      |      icmp|   0|  0|  25|          18|          11|
    |icmp_ln86_545_fu_362_p2      |      icmp|   0|  0|  25|          18|          11|
    |icmp_ln86_546_fu_368_p2      |      icmp|   0|  0|  25|          18|          11|
    |icmp_ln86_547_fu_374_p2      |      icmp|   0|  0|  25|          18|          12|
    |icmp_ln86_548_fu_380_p2      |      icmp|   0|  0|  25|          18|          10|
    |icmp_ln86_549_fu_386_p2      |      icmp|   0|  0|  25|          18|           3|
    |icmp_ln86_550_fu_392_p2      |      icmp|   0|  0|  25|          18|          11|
    |icmp_ln86_551_fu_398_p2      |      icmp|   0|  0|  25|          18|          11|
    |icmp_ln86_552_fu_404_p2      |      icmp|   0|  0|  25|          18|          14|
    |icmp_ln86_553_fu_410_p2      |      icmp|   0|  0|  25|          18|           9|
    |icmp_ln86_554_fu_416_p2      |      icmp|   0|  0|  25|          18|          11|
    |icmp_ln86_555_fu_422_p2      |      icmp|   0|  0|  25|          18|          11|
    |icmp_ln86_556_fu_428_p2      |      icmp|   0|  0|  25|          18|          13|
    |icmp_ln86_557_fu_434_p2      |      icmp|   0|  0|  25|          18|          13|
    |icmp_ln86_558_fu_440_p2      |      icmp|   0|  0|  25|          18|           9|
    |icmp_ln86_559_fu_446_p2      |      icmp|   0|  0|  25|          18|          11|
    |icmp_ln86_560_fu_452_p2      |      icmp|   0|  0|  25|          18|          10|
    |icmp_ln86_561_fu_458_p2      |      icmp|   0|  0|  25|          18|           6|
    |icmp_ln86_562_fu_464_p2      |      icmp|   0|  0|  25|          18|          10|
    |icmp_ln86_563_fu_470_p2      |      icmp|   0|  0|  25|          18|          11|
    |icmp_ln86_564_fu_476_p2      |      icmp|   0|  0|  25|          18|          11|
    |icmp_ln86_565_fu_482_p2      |      icmp|   0|  0|  25|          18|          10|
    |icmp_ln86_fu_320_p2          |      icmp|   0|  0|  25|          18|          10|
    |or_ln117_499_fu_574_p2       |        or|   0|  0|   2|           1|           1|
    |or_ln117_500_fu_656_p2       |        or|   0|  0|   2|           1|           1|
    |or_ln117_501_fu_588_p2       |        or|   0|  0|   2|           1|           1|
    |or_ln117_502_fu_679_p2       |        or|   0|  0|   2|           1|           1|
    |or_ln117_503_fu_691_p2       |        or|   0|  0|   2|           1|           1|
    |or_ln117_504_fu_703_p2       |        or|   0|  0|   2|           1|           1|
    |or_ln117_505_fu_594_p2       |        or|   0|  0|   2|           1|           1|
    |or_ln117_506_fu_784_p2       |        or|   0|  0|   2|           1|           1|
    |or_ln117_507_fu_736_p2       |        or|   0|  0|   2|           1|           1|
    |or_ln117_508_fu_796_p2       |        or|   0|  0|   2|           1|           1|
    |or_ln117_509_fu_816_p2       |        or|   0|  0|   2|           1|           1|
    |or_ln117_510_fu_828_p2       |        or|   0|  0|   2|           1|           1|
    |or_ln117_511_fu_910_p2       |        or|   0|  0|   2|           1|           1|
    |or_ln117_512_fu_849_p2       |        or|   0|  0|   2|           1|           1|
    |or_ln117_513_fu_926_p2       |        or|   0|  0|   2|           1|           1|
    |or_ln117_514_fu_938_p2       |        or|   0|  0|   2|           1|           1|
    |or_ln117_515_fu_950_p2       |        or|   0|  0|   2|           1|           1|
    |or_ln117_516_fu_853_p2       |        or|   0|  0|   2|           1|           1|
    |or_ln117_517_fu_1012_p2      |        or|   0|  0|   2|           1|           1|
    |or_ln117_518_fu_979_p2       |        or|   0|  0|   2|           1|           1|
    |or_ln117_519_fu_1024_p2      |        or|   0|  0|   2|           1|           1|
    |or_ln117_520_fu_1036_p2      |        or|   0|  0|   2|           1|           1|
    |or_ln117_521_fu_1048_p2      |        or|   0|  0|   2|           1|           1|
    |or_ln117_522_fu_1062_p2      |        or|   0|  0|   2|           1|           1|
    |or_ln117_523_fu_1099_p2      |        or|   0|  0|   2|           1|           1|
    |or_ln117_524_fu_560_p2       |        or|   0|  0|   2|           1|           1|
    |or_ln117_525_fu_565_p2       |        or|   0|  0|   2|           1|           1|
    |or_ln117_fu_554_p2           |        or|   0|  0|   2|           1|           1|
    |agg_result_fu_1111_p60       |    select|   0|  0|   5|           1|           5|
    |select_ln117_520_fu_661_p3   |    select|   0|  0|   2|           1|           2|
    |select_ln117_521_fu_671_p3   |    select|   0|  0|   4|           1|           3|
    |select_ln117_522_fu_684_p3   |    select|   0|  0|   3|           1|           3|
    |select_ln117_523_fu_695_p3   |    select|   0|  0|   3|           1|           3|
    |select_ln117_524_fu_709_p3   |    select|   0|  0|   3|           1|           3|
    |select_ln117_525_fu_721_p3   |    select|   0|  0|   5|           1|           4|
    |select_ln117_526_fu_729_p3   |    select|   0|  0|   4|           1|           4|
    |select_ln117_527_fu_789_p3   |    select|   0|  0|   4|           1|           4|
    |select_ln117_528_fu_801_p3   |    select|   0|  0|   4|           1|           4|
    |select_ln117_529_fu_808_p3   |    select|   0|  0|   4|           1|           4|
    |select_ln117_530_fu_821_p3   |    select|   0|  0|   4|           1|           4|
    |select_ln117_531_fu_833_p3   |    select|   0|  0|   4|           1|           4|
    |select_ln117_532_fu_841_p3   |    select|   0|  0|   4|           1|           4|
    |select_ln117_533_fu_918_p3   |    select|   0|  0|   6|           1|           5|
    |select_ln117_534_fu_931_p3   |    select|   0|  0|   5|           1|           5|
    |select_ln117_535_fu_942_p3   |    select|   0|  0|   5|           1|           5|
    |select_ln117_536_fu_956_p3   |    select|   0|  0|   5|           1|           5|
    |select_ln117_537_fu_964_p3   |    select|   0|  0|   5|           1|           5|
    |select_ln117_538_fu_972_p3   |    select|   0|  0|   5|           1|           5|
    |select_ln117_539_fu_1017_p3  |    select|   0|  0|   5|           1|           5|
    |select_ln117_540_fu_1029_p3  |    select|   0|  0|   5|           1|           5|
    |select_ln117_541_fu_1040_p3  |    select|   0|  0|   5|           1|           5|
    |select_ln117_542_fu_1054_p3  |    select|   0|  0|   5|           1|           5|
    |select_ln117_543_fu_1068_p3  |    select|   0|  0|   5|           1|           5|
    |select_ln117_544_fu_1076_p3  |    select|   0|  0|   5|           1|           5|
    |select_ln117_fu_580_p3       |    select|   0|  0|   3|           1|           2|
    |xor_ln104_261_fu_499_p2      |       xor|   0|  0|   2|           1|           2|
    |xor_ln104_262_fu_603_p2      |       xor|   0|  0|   2|           1|           2|
    |xor_ln104_263_fu_513_p2      |       xor|   0|  0|   2|           1|           2|
    |xor_ln104_264_fu_528_p2      |       xor|   0|  0|   2|           1|           2|
    |xor_ln104_265_fu_741_p2      |       xor|   0|  0|   2|           1|           2|
    |xor_ln104_266_fu_861_p2      |       xor|   0|  0|   2|           1|           2|
    |xor_ln104_267_fu_618_p2      |       xor|   0|  0|   2|           1|           2|
    |xor_ln104_268_fu_623_p2      |       xor|   0|  0|   2|           1|           2|
    |xor_ln104_269_fu_751_p2      |       xor|   0|  0|   2|           1|           2|
    |xor_ln104_270_fu_871_p2      |       xor|   0|  0|   2|           1|           2|
    |xor_ln104_271_fu_876_p2      |       xor|   0|  0|   2|           1|           2|
    |xor_ln104_272_fu_984_p2      |       xor|   0|  0|   2|           1|           2|
    |xor_ln104_273_fu_1084_p2     |       xor|   0|  0|   2|           1|           2|
    |xor_ln104_fu_494_p2          |       xor|   0|  0|   2|           1|           2|
    +-----------------------------+----------+----+---+----+------------+------------+
    |Total                        |          |   0|  0| 981|         613|         504|
    +-----------------------------+----------+----+---+----+------------+------------+

    * Multiplexer: 
    N/A

    * Register: 
    +--------------------------------------+----+----+-----+-----------+
    |                 Name                 | FF | LUT| Bits| Const Bits|
    +--------------------------------------+----+----+-----+-----------+
    |and_ln102_517_reg_1455                |   1|   0|    1|          0|
    |and_ln102_518_reg_1408                |   1|   0|    1|          0|
    |and_ln102_519_reg_1418                |   1|   0|    1|          0|
    |and_ln102_519_reg_1418_pp0_iter2_reg  |   1|   0|    1|          0|
    |and_ln102_520_reg_1467                |   1|   0|    1|          0|
    |and_ln102_520_reg_1467_pp0_iter3_reg  |   1|   0|    1|          0|
    |and_ln102_521_reg_1526                |   1|   0|    1|          0|
    |and_ln102_523_reg_1424                |   1|   0|    1|          0|
    |and_ln102_524_reg_1474                |   1|   0|    1|          0|
    |and_ln102_526_reg_1495                |   1|   0|    1|          0|
    |and_ln102_527_reg_1538                |   1|   0|    1|          0|
    |and_ln102_reg_1395                    |   1|   0|    1|          0|
    |and_ln104_109_reg_1461                |   1|   0|    1|          0|
    |and_ln104_109_reg_1461_pp0_iter3_reg  |   1|   0|    1|          0|
    |and_ln104_110_reg_1413                |   1|   0|    1|          0|
    |and_ln104_112_reg_1490                |   1|   0|    1|          0|
    |and_ln104_113_reg_1532                |   1|   0|    1|          0|
    |and_ln104_113_reg_1532_pp0_iter5_reg  |   1|   0|    1|          0|
    |icmp_ln86_539_reg_1246                |   1|   0|    1|          0|
    |icmp_ln86_540_reg_1252                |   1|   0|    1|          0|
    |icmp_ln86_540_reg_1252_pp0_iter1_reg  |   1|   0|    1|          0|
    |icmp_ln86_541_reg_1258                |   1|   0|    1|          0|
    |icmp_ln86_542_reg_1264                |   1|   0|    1|          0|
    |icmp_ln86_543_reg_1271                |   1|   0|    1|          0|
    |icmp_ln86_544_reg_1277                |   1|   0|    1|          0|
    |icmp_ln86_545_reg_1283                |   1|   0|    1|          0|
    |icmp_ln86_545_reg_1283_pp0_iter1_reg  |   1|   0|    1|          0|
    |icmp_ln86_546_reg_1289                |   1|   0|    1|          0|
    |icmp_ln86_546_reg_1289_pp0_iter1_reg  |   1|   0|    1|          0|
    |icmp_ln86_547_reg_1295                |   1|   0|    1|          0|
    |icmp_ln86_548_reg_1301                |   1|   0|    1|          0|
    |icmp_ln86_549_reg_1307                |   1|   0|    1|          0|
    |icmp_ln86_550_reg_1313                |   1|   0|    1|          0|
    |icmp_ln86_551_reg_1319                |   1|   0|    1|          0|
    |icmp_ln86_552_reg_1325                |   1|   0|    1|          0|
    |icmp_ln86_553_reg_1330                |   1|   0|    1|          0|
    |icmp_ln86_553_reg_1330_pp0_iter1_reg  |   1|   0|    1|          0|
    |icmp_ln86_554_reg_1335                |   1|   0|    1|          0|
    |icmp_ln86_554_reg_1335_pp0_iter1_reg  |   1|   0|    1|          0|
    |icmp_ln86_555_reg_1340                |   1|   0|    1|          0|
    |icmp_ln86_555_reg_1340_pp0_iter1_reg  |   1|   0|    1|          0|
    |icmp_ln86_556_reg_1345                |   1|   0|    1|          0|
    |icmp_ln86_557_reg_1350                |   1|   0|    1|          0|
    |icmp_ln86_558_reg_1355                |   1|   0|    1|          0|
    |icmp_ln86_559_reg_1360                |   1|   0|    1|          0|
    |icmp_ln86_560_reg_1365                |   1|   0|    1|          0|
    |icmp_ln86_561_reg_1370                |   1|   0|    1|          0|
    |icmp_ln86_562_reg_1375                |   1|   0|    1|          0|
    |icmp_ln86_563_reg_1380                |   1|   0|    1|          0|
    |icmp_ln86_564_reg_1385                |   1|   0|    1|          0|
    |icmp_ln86_565_reg_1390                |   1|   0|    1|          0|
    |icmp_ln86_reg_1235                    |   1|   0|    1|          0|
    |or_ln117_499_reg_1430                 |   1|   0|    1|          0|
    |or_ln117_501_reg_1441                 |   1|   0|    1|          0|
    |or_ln117_505_reg_1448                 |   1|   0|    1|          0|
    |or_ln117_505_reg_1448_pp0_iter2_reg   |   1|   0|    1|          0|
    |or_ln117_507_reg_1484                 |   1|   0|    1|          0|
    |or_ln117_510_reg_1501                 |   1|   0|    1|          0|
    |or_ln117_512_reg_1511                 |   1|   0|    1|          0|
    |or_ln117_516_reg_1518                 |   1|   0|    1|          0|
    |or_ln117_516_reg_1518_pp0_iter4_reg   |   1|   0|    1|          0|
    |or_ln117_518_reg_1548                 |   1|   0|    1|          0|
    |or_ln117_522_reg_1554                 |   1|   0|    1|          0|
    |select_ln117_526_reg_1479             |   4|   0|    4|          0|
    |select_ln117_532_reg_1506             |   4|   0|    4|          0|
    |select_ln117_538_reg_1543             |   5|   0|    5|          0|
    |select_ln117_544_reg_1559             |   5|   0|    5|          0|
    |select_ln117_reg_1436                 |   2|   0|    2|          0|
    |x_0_val_int_reg                       |  18|   0|   18|          0|
    |x_10_val_int_reg                      |  18|   0|   18|          0|
    |x_11_val_int_reg                      |  18|   0|   18|          0|
    |x_12_val_int_reg                      |  18|   0|   18|          0|
    |x_13_val_int_reg                      |  18|   0|   18|          0|
    |x_14_val_int_reg                      |  18|   0|   18|          0|
    |x_15_val_int_reg                      |  18|   0|   18|          0|
    |x_1_val_int_reg                       |  18|   0|   18|          0|
    |x_2_val_int_reg                       |  18|   0|   18|          0|
    |x_3_val_int_reg                       |  18|   0|   18|          0|
    |x_4_val_int_reg                       |  18|   0|   18|          0|
    |x_5_val_int_reg                       |  18|   0|   18|          0|
    |x_7_val_int_reg                       |  18|   0|   18|          0|
    |xor_ln104_reg_1402                    |   1|   0|    1|          0|
    |icmp_ln86_543_reg_1271                |  64|  32|    1|          0|
    |icmp_ln86_544_reg_1277                |  64|  32|    1|          0|
    |icmp_ln86_547_reg_1295                |  64|  32|    1|          0|
    |icmp_ln86_548_reg_1301                |  64|  32|    1|          0|
    |icmp_ln86_549_reg_1307                |  64|  32|    1|          0|
    |icmp_ln86_550_reg_1313                |  64|  32|    1|          0|
    |icmp_ln86_551_reg_1319                |  64|  32|    1|          0|
    |icmp_ln86_556_reg_1345                |  64|  32|    1|          0|
    |icmp_ln86_557_reg_1350                |  64|  32|    1|          0|
    |icmp_ln86_558_reg_1355                |  64|  32|    1|          0|
    |icmp_ln86_559_reg_1360                |  64|  32|    1|          0|
    |icmp_ln86_560_reg_1365                |  64|  32|    1|          0|
    |icmp_ln86_561_reg_1370                |  64|  32|    1|          0|
    |icmp_ln86_562_reg_1375                |  64|  32|    1|          0|
    |icmp_ln86_563_reg_1380                |  64|  32|    1|          0|
    |icmp_ln86_564_reg_1385                |  64|  32|    1|          0|
    |icmp_ln86_565_reg_1390                |  64|  32|    1|          0|
    |icmp_ln86_reg_1235                    |  64|  32|    1|          0|
    +--------------------------------------+----+----+-----+-----------+
    |Total                                 |1470| 576|  336|          0|
    +--------------------------------------+----+----+-----+-----------+



================================================================
== Interface
================================================================
* Summary: 
+-----------+-----+-----+------------+----------------------+--------------+
| RTL Ports | Dir | Bits|  Protocol  |     Source Object    |    C Type    |
+-----------+-----+-----+------------+----------------------+--------------+
|ap_clk     |   in|    1|  ap_ctrl_hs|  decision_function.19|  return value|
|ap_rst     |   in|    1|  ap_ctrl_hs|  decision_function.19|  return value|
|ap_return  |  out|   12|  ap_ctrl_hs|  decision_function.19|  return value|
|ap_ce      |   in|    1|  ap_ctrl_hs|  decision_function.19|  return value|
|x_0_val    |   in|   18|     ap_none|               x_0_val|        scalar|
|x_1_val    |   in|   18|     ap_none|               x_1_val|        scalar|
|x_2_val    |   in|   18|     ap_none|               x_2_val|        scalar|
|x_3_val    |   in|   18|     ap_none|               x_3_val|        scalar|
|x_4_val    |   in|   18|     ap_none|               x_4_val|        scalar|
|x_5_val    |   in|   18|     ap_none|               x_5_val|        scalar|
|x_7_val    |   in|   18|     ap_none|               x_7_val|        scalar|
|x_10_val   |   in|   18|     ap_none|              x_10_val|        scalar|
|x_11_val   |   in|   18|     ap_none|              x_11_val|        scalar|
|x_12_val   |   in|   18|     ap_none|              x_12_val|        scalar|
|x_13_val   |   in|   18|     ap_none|              x_13_val|        scalar|
|x_14_val   |   in|   18|     ap_none|              x_14_val|        scalar|
|x_15_val   |   in|   18|     ap_none|              x_15_val|        scalar|
+-----------+-----+-----+------------+----------------------+--------------+

