

================================================================
== Vitis HLS Report for 'decision_function_11'
================================================================
* Date:           Tue Mar 11 16:17:19 2025

* Version:        2024.2 (Build 5238294 on Nov  8 2024)
* Project:        my_prj
* Solution:       solution1 (Vivado IP Flow Target)
* Product family: zynq
* Target device:  xc7z020-clg400-1


================================================================
== Performance Estimates
================================================================
+ Timing: 
    * Summary: 
    +--------+---------+----------+------------+
    |  Clock |  Target | Estimated| Uncertainty|
    +--------+---------+----------+------------+
    |ap_clk  |  5.00 ns|  3.645 ns|     1.35 ns|
    +--------+---------+----------+------------+

+ Latency: 
    * Summary: 
    +---------+---------+-----------+-----------+-----+-----+---------+
    |  Latency (cycles) |   Latency (absolute)  |  Interval | Pipeline|
    |   min   |   max   |    min    |    max    | min | max |   Type  |
    +---------+---------+-----------+-----------+-----+-----+---------+
    |        6|        6|  30.000 ns|  30.000 ns|    1|    1|      yes|
    +---------+---------+-----------+-----------+-----+-----+---------+

    + Detail: 
        * Instance: 
        N/A

        * Loop: 
        N/A



================================================================
== Utilization Estimates
================================================================
* Summary: 
+-----------------+---------+-----+--------+-------+-----+
|       Name      | BRAM_18K| DSP |   FF   |  LUT  | URAM|
+-----------------+---------+-----+--------+-------+-----+
|DSP              |        -|    -|       -|      -|    -|
|Expression       |        -|    -|       0|    877|    -|
|FIFO             |        -|    -|       -|      -|    -|
|Instance         |        -|    -|       0|    117|    -|
|Memory           |        -|    -|       -|      -|    -|
|Multiplexer      |        -|    -|       -|      -|    -|
|Register         |        -|    -|    1347|    544|    -|
+-----------------+---------+-----+--------+-------+-----+
|Total            |        0|    0|    1347|   1538|    0|
+-----------------+---------+-----+--------+-------+-----+
|Available        |      280|  220|  106400|  53200|    0|
+-----------------+---------+-----+--------+-------+-----+
|Utilization (%)  |        0|    0|       1|      2|    0|
+-----------------+---------+-----+--------+-------+-----+

+ Detail: 
    * Instance: 
    +-----------------------------+-----------------------+---------+----+---+-----+-----+
    |           Instance          |         Module        | BRAM_18K| DSP| FF| LUT | URAM|
    +-----------------------------+-----------------------+---------+----+---+-----+-----+
    |sparsemux_53_5_13_1_1_U1129  |sparsemux_53_5_13_1_1  |        0|   0|  0|  117|    0|
    +-----------------------------+-----------------------+---------+----+---+-----+-----+
    |Total                        |                       |        0|   0|  0|  117|    0|
    +-----------------------------+-----------------------+---------+----+---+-----+-----+

    * DSP: 
    N/A

    * Memory: 
    N/A

    * FIFO: 
    N/A

    * Expression: 
    +----------------------------+----------+----+---+----+------------+------------+
    |        Variable Name       | Operation| DSP| FF| LUT| Bitwidth P0| Bitwidth P1|
    +----------------------------+----------+----+---+----+------------+------------+
    |and_ln102_299_fu_439_p2     |       and|   0|  0|   2|           1|           1|
    |and_ln102_300_fu_449_p2     |       and|   0|  0|   2|           1|           1|
    |and_ln102_301_fu_499_p2     |       and|   0|  0|   2|           1|           1|
    |and_ln102_303_fu_738_p2     |       and|   0|  0|   2|           1|           1|
    |and_ln102_304_fu_464_p2     |       and|   0|  0|   2|           1|           1|
    |and_ln102_305_fu_520_p2     |       and|   0|  0|   2|           1|           1|
    |and_ln102_306_fu_638_p2     |       and|   0|  0|   2|           1|           1|
    |and_ln102_307_fu_642_p2     |       and|   0|  0|   2|           1|           1|
    |and_ln102_308_fu_529_p2     |       and|   0|  0|   2|           1|           1|
    |and_ln102_309_fu_762_p2     |       and|   0|  0|   2|           1|           1|
    |and_ln102_310_fu_870_p2     |       and|   0|  0|   2|           1|           1|
    |and_ln102_311_fu_539_p2     |       and|   0|  0|   2|           1|           1|
    |and_ln102_312_fu_646_p2     |       and|   0|  0|   2|           1|           1|
    |and_ln102_313_fu_655_p2     |       and|   0|  0|   2|           1|           1|
    |and_ln102_314_fu_660_p2     |       and|   0|  0|   2|           1|           1|
    |and_ln102_315_fu_772_p2     |       and|   0|  0|   2|           1|           1|
    |and_ln102_316_fu_777_p2     |       and|   0|  0|   2|           1|           1|
    |and_ln102_317_fu_786_p2     |       and|   0|  0|   2|           1|           1|
    |and_ln102_318_fu_874_p2     |       and|   0|  0|   2|           1|           1|
    |and_ln102_319_fu_883_p2     |       and|   0|  0|   2|           1|           1|
    |and_ln102_320_fu_888_p2     |       and|   0|  0|   2|           1|           1|
    |and_ln102_321_fu_975_p2     |       and|   0|  0|   2|           1|           1|
    |and_ln102_322_fu_525_p2     |       and|   0|  0|   2|           1|           1|
    |and_ln102_323_fu_534_p2     |       and|   0|  0|   2|           1|           1|
    |and_ln102_324_fu_650_p2     |       and|   0|  0|   2|           1|           1|
    |and_ln102_325_fu_767_p2     |       and|   0|  0|   2|           1|           1|
    |and_ln102_326_fu_781_p2     |       and|   0|  0|   2|           1|           1|
    |and_ln102_327_fu_878_p2     |       and|   0|  0|   2|           1|           1|
    |and_ln102_328_fu_970_p2     |       and|   0|  0|   2|           1|           1|
    |and_ln102_fu_428_p2         |       and|   0|  0|   2|           1|           1|
    |and_ln104_67_fu_485_p2      |       and|   0|  0|   2|           1|           1|
    |and_ln104_68_fu_494_p2      |       and|   0|  0|   2|           1|           1|
    |and_ln104_69_fu_509_p2      |       and|   0|  0|   2|           1|           1|
    |and_ln104_70_fu_458_p2      |       and|   0|  0|   2|           1|           1|
    |and_ln104_71_fu_747_p2      |       and|   0|  0|   2|           1|           1|
    |and_ln104_fu_480_p2         |       and|   0|  0|   2|           1|           1|
    |icmp_ln86_312_fu_284_p2     |      icmp|   0|  0|  25|          18|          12|
    |icmp_ln86_313_fu_290_p2     |      icmp|   0|  0|  25|          18|          11|
    |icmp_ln86_314_fu_296_p2     |      icmp|   0|  0|  25|          18|          11|
    |icmp_ln86_315_fu_302_p2     |      icmp|   0|  0|  25|          18|          11|
    |icmp_ln86_316_fu_308_p2     |      icmp|   0|  0|  25|          18|          11|
    |icmp_ln86_317_fu_314_p2     |      icmp|   0|  0|  25|          18|           9|
    |icmp_ln86_318_fu_320_p2     |      icmp|   0|  0|  25|          18|           8|
    |icmp_ln86_319_fu_326_p2     |      icmp|   0|  0|  25|          18|           6|
    |icmp_ln86_320_fu_332_p2     |      icmp|   0|  0|  25|          18|          10|
    |icmp_ln86_321_fu_338_p2     |      icmp|   0|  0|  25|          18|          10|
    |icmp_ln86_322_fu_344_p2     |      icmp|   0|  0|  25|          18|          11|
    |icmp_ln86_323_fu_350_p2     |      icmp|   0|  0|  25|          18|          12|
    |icmp_ln86_324_fu_356_p2     |      icmp|   0|  0|  25|          18|          11|
    |icmp_ln86_325_fu_362_p2     |      icmp|   0|  0|  25|          18|          11|
    |icmp_ln86_326_fu_368_p2     |      icmp|   0|  0|  25|          18|           5|
    |icmp_ln86_327_fu_374_p2     |      icmp|   0|  0|  25|          18|          10|
    |icmp_ln86_328_fu_380_p2     |      icmp|   0|  0|  25|          18|          11|
    |icmp_ln86_329_fu_386_p2     |      icmp|   0|  0|  25|          18|          11|
    |icmp_ln86_330_fu_392_p2     |      icmp|   0|  0|  25|          18|          10|
    |icmp_ln86_331_fu_398_p2     |      icmp|   0|  0|  25|          18|           5|
    |icmp_ln86_332_fu_404_p2     |      icmp|   0|  0|  25|          18|           9|
    |icmp_ln86_333_fu_410_p2     |      icmp|   0|  0|  25|          18|          10|
    |icmp_ln86_334_fu_416_p2     |      icmp|   0|  0|  25|          18|          11|
    |icmp_ln86_335_fu_422_p2     |      icmp|   0|  0|  25|          18|           6|
    |icmp_ln86_fu_278_p2         |      icmp|   0|  0|  25|          18|          11|
    |or_ln117_295_fu_557_p2      |        or|   0|  0|   2|           1|           1|
    |or_ln117_296_fu_569_p2      |        or|   0|  0|   2|           1|           1|
    |or_ln117_297_fu_585_p2      |        or|   0|  0|   2|           1|           1|
    |or_ln117_298_fu_599_p2      |        or|   0|  0|   2|           1|           1|
    |or_ln117_299_fu_665_p2      |        or|   0|  0|   2|           1|           1|
    |or_ln117_300_fu_619_p2      |        or|   0|  0|   2|           1|           1|
    |or_ln117_301_fu_681_p2      |        or|   0|  0|   2|           1|           1|
    |or_ln117_302_fu_625_p2      |        or|   0|  0|   2|           1|           1|
    |or_ln117_303_fu_701_p2      |        or|   0|  0|   2|           1|           1|
    |or_ln117_304_fu_713_p2      |        or|   0|  0|   2|           1|           1|
    |or_ln117_305_fu_791_p2      |        or|   0|  0|   2|           1|           1|
    |or_ln117_306_fu_734_p2      |        or|   0|  0|   2|           1|           1|
    |or_ln117_307_fu_803_p2      |        or|   0|  0|   2|           1|           1|
    |or_ln117_308_fu_815_p2      |        or|   0|  0|   2|           1|           1|
    |or_ln117_309_fu_831_p2      |        or|   0|  0|   2|           1|           1|
    |or_ln117_310_fu_629_p2      |        or|   0|  0|   2|           1|           1|
    |or_ln117_311_fu_893_p2      |        or|   0|  0|   2|           1|           1|
    |or_ln117_312_fu_860_p2      |        or|   0|  0|   2|           1|           1|
    |or_ln117_313_fu_905_p2      |        or|   0|  0|   2|           1|           1|
    |or_ln117_314_fu_917_p2      |        or|   0|  0|   2|           1|           1|
    |or_ln117_315_fu_929_p2      |        or|   0|  0|   2|           1|           1|
    |or_ln117_316_fu_943_p2      |        or|   0|  0|   2|           1|           1|
    |or_ln117_317_fu_980_p2      |        or|   0|  0|   2|           1|           1|
    |or_ln117_318_fu_544_p2      |        or|   0|  0|   2|           1|           1|
    |or_ln117_319_fu_548_p2      |        or|   0|  0|   2|           1|           1|
    |or_ln117_fu_469_p2          |        or|   0|  0|   2|           1|           1|
    |agg_result_fu_992_p54       |    select|   0|  0|   5|           1|           5|
    |select_ln117_301_fu_573_p3  |    select|   0|  0|   2|           1|           2|
    |select_ln117_302_fu_591_p3  |    select|   0|  0|   4|           1|           3|
    |select_ln117_303_fu_603_p3  |    select|   0|  0|   3|           1|           3|
    |select_ln117_304_fu_611_p3  |    select|   0|  0|   3|           1|           3|
    |select_ln117_305_fu_670_p3  |    select|   0|  0|   3|           1|           3|
    |select_ln117_306_fu_686_p3  |    select|   0|  0|   5|           1|           4|
    |select_ln117_307_fu_693_p3  |    select|   0|  0|   4|           1|           4|
    |select_ln117_308_fu_706_p3  |    select|   0|  0|   4|           1|           4|
    |select_ln117_309_fu_718_p3  |    select|   0|  0|   4|           1|           4|
    |select_ln117_310_fu_726_p3  |    select|   0|  0|   4|           1|           4|
    |select_ln117_311_fu_796_p3  |    select|   0|  0|   4|           1|           4|
    |select_ln117_312_fu_808_p3  |    select|   0|  0|   4|           1|           4|
    |select_ln117_313_fu_819_p3  |    select|   0|  0|   4|           1|           4|
    |select_ln117_314_fu_837_p3  |    select|   0|  0|   6|           1|           5|
    |select_ln117_315_fu_845_p3  |    select|   0|  0|   5|           1|           5|
    |select_ln117_316_fu_853_p3  |    select|   0|  0|   5|           1|           5|
    |select_ln117_317_fu_898_p3  |    select|   0|  0|   5|           1|           5|
    |select_ln117_318_fu_910_p3  |    select|   0|  0|   5|           1|           5|
    |select_ln117_319_fu_921_p3  |    select|   0|  0|   5|           1|           5|
    |select_ln117_320_fu_935_p3  |    select|   0|  0|   5|           1|           5|
    |select_ln117_321_fu_949_p3  |    select|   0|  0|   5|           1|           5|
    |select_ln117_322_fu_957_p3  |    select|   0|  0|   5|           1|           5|
    |select_ln117_fu_562_p3      |    select|   0|  0|   3|           1|           2|
    |xor_ln104_152_fu_475_p2     |       xor|   0|  0|   2|           1|           2|
    |xor_ln104_153_fu_444_p2     |       xor|   0|  0|   2|           1|           2|
    |xor_ln104_154_fu_489_p2     |       xor|   0|  0|   2|           1|           2|
    |xor_ln104_155_fu_504_p2     |       xor|   0|  0|   2|           1|           2|
    |xor_ln104_156_fu_453_p2     |       xor|   0|  0|   2|           1|           2|
    |xor_ln104_157_fu_742_p2     |       xor|   0|  0|   2|           1|           2|
    |xor_ln104_158_fu_515_p2     |       xor|   0|  0|   2|           1|           2|
    |xor_ln104_159_fu_633_p2     |       xor|   0|  0|   2|           1|           2|
    |xor_ln104_160_fu_752_p2     |       xor|   0|  0|   2|           1|           2|
    |xor_ln104_161_fu_757_p2     |       xor|   0|  0|   2|           1|           2|
    |xor_ln104_162_fu_865_p2     |       xor|   0|  0|   2|           1|           2|
    |xor_ln104_163_fu_965_p2     |       xor|   0|  0|   2|           1|           2|
    |xor_ln104_fu_434_p2         |       xor|   0|  0|   2|           1|           2|
    +----------------------------+----------+----+---+----+------------+------------+
    |Total                       |          |   0|  0| 877|         549|         429|
    +----------------------------+----------+----+---+----+------------+------------+

    * Multiplexer: 
    N/A

    * Register: 
    +--------------------------------------+----+----+-----+-----------+
    |                 Name                 | FF | LUT| Bits| Const Bits|
    +--------------------------------------+----+----+-----+-----------+
    |and_ln102_299_reg_1256                |   1|   0|    1|          0|
    |and_ln102_300_reg_1271                |   1|   0|    1|          0|
    |and_ln102_301_reg_1299                |   1|   0|    1|          0|
    |and_ln102_301_reg_1299_pp0_iter3_reg  |   1|   0|    1|          0|
    |and_ln102_303_reg_1372                |   1|   0|    1|          0|
    |and_ln102_304_reg_1277                |   1|   0|    1|          0|
    |and_ln102_305_reg_1312                |   1|   0|    1|          0|
    |and_ln102_307_reg_1349                |   1|   0|    1|          0|
    |and_ln102_309_reg_1384                |   1|   0|    1|          0|
    |and_ln102_reg_1244                    |   1|   0|    1|          0|
    |and_ln102_reg_1244_pp0_iter1_reg      |   1|   0|    1|          0|
    |and_ln104_67_reg_1288                 |   1|   0|    1|          0|
    |and_ln104_67_reg_1288_pp0_iter3_reg   |   1|   0|    1|          0|
    |and_ln104_68_reg_1294                 |   1|   0|    1|          0|
    |and_ln104_69_reg_1306                 |   1|   0|    1|          0|
    |and_ln104_69_reg_1306_pp0_iter3_reg   |   1|   0|    1|          0|
    |and_ln104_71_reg_1378                 |   1|   0|    1|          0|
    |and_ln104_71_reg_1378_pp0_iter5_reg   |   1|   0|    1|          0|
    |icmp_ln86_312_reg_1112                |   1|   0|    1|          0|
    |icmp_ln86_312_reg_1112_pp0_iter1_reg  |   1|   0|    1|          0|
    |icmp_ln86_313_reg_1117                |   1|   0|    1|          0|
    |icmp_ln86_314_reg_1123                |   1|   0|    1|          0|
    |icmp_ln86_314_reg_1123_pp0_iter1_reg  |   1|   0|    1|          0|
    |icmp_ln86_315_reg_1129                |   1|   0|    1|          0|
    |icmp_ln86_315_reg_1129_pp0_iter1_reg  |   1|   0|    1|          0|
    |icmp_ln86_316_reg_1135                |   1|   0|    1|          0|
    |icmp_ln86_316_reg_1135_pp0_iter1_reg  |   1|   0|    1|          0|
    |icmp_ln86_317_reg_1142                |   1|   0|    1|          0|
    |icmp_ln86_318_reg_1148                |   1|   0|    1|          0|
    |icmp_ln86_318_reg_1148_pp0_iter1_reg  |   1|   0|    1|          0|
    |icmp_ln86_319_reg_1154                |   1|   0|    1|          0|
    |icmp_ln86_320_reg_1160                |   1|   0|    1|          0|
    |icmp_ln86_321_reg_1166                |   1|   0|    1|          0|
    |icmp_ln86_322_reg_1172                |   1|   0|    1|          0|
    |icmp_ln86_322_reg_1172_pp0_iter1_reg  |   1|   0|    1|          0|
    |icmp_ln86_323_reg_1177                |   1|   0|    1|          0|
    |icmp_ln86_324_reg_1183                |   1|   0|    1|          0|
    |icmp_ln86_325_reg_1189                |   1|   0|    1|          0|
    |icmp_ln86_325_reg_1189_pp0_iter1_reg  |   1|   0|    1|          0|
    |icmp_ln86_326_reg_1194                |   1|   0|    1|          0|
    |icmp_ln86_327_reg_1199                |   1|   0|    1|          0|
    |icmp_ln86_328_reg_1204                |   1|   0|    1|          0|
    |icmp_ln86_329_reg_1209                |   1|   0|    1|          0|
    |icmp_ln86_330_reg_1214                |   1|   0|    1|          0|
    |icmp_ln86_331_reg_1219                |   1|   0|    1|          0|
    |icmp_ln86_332_reg_1224                |   1|   0|    1|          0|
    |icmp_ln86_333_reg_1229                |   1|   0|    1|          0|
    |icmp_ln86_334_reg_1234                |   1|   0|    1|          0|
    |icmp_ln86_335_reg_1239                |   1|   0|    1|          0|
    |icmp_ln86_reg_1104                    |   1|   0|    1|          0|
    |icmp_ln86_reg_1104_pp0_iter1_reg      |   1|   0|    1|          0|
    |or_ln117_298_reg_1317                 |   1|   0|    1|          0|
    |or_ln117_300_reg_1327                 |   1|   0|    1|          0|
    |or_ln117_302_reg_1333                 |   1|   0|    1|          0|
    |or_ln117_304_reg_1355                 |   1|   0|    1|          0|
    |or_ln117_306_reg_1365                 |   1|   0|    1|          0|
    |or_ln117_310_reg_1341                 |   1|   0|    1|          0|
    |or_ln117_312_reg_1394                 |   1|   0|    1|          0|
    |or_ln117_316_reg_1400                 |   1|   0|    1|          0|
    |or_ln117_reg_1282                     |   1|   0|    1|          0|
    |select_ln117_304_reg_1322             |   3|   0|    3|          0|
    |select_ln117_310_reg_1360             |   4|   0|    4|          0|
    |select_ln117_316_reg_1389             |   5|   0|    5|          0|
    |select_ln117_322_reg_1405             |   5|   0|    5|          0|
    |x_0_val_int_reg                       |  18|   0|   18|          0|
    |x_10_val_int_reg                      |  18|   0|   18|          0|
    |x_12_val_int_reg                      |  18|   0|   18|          0|
    |x_14_val_int_reg                      |  18|   0|   18|          0|
    |x_15_val_int_reg                      |  18|   0|   18|          0|
    |x_1_val_int_reg                       |  18|   0|   18|          0|
    |x_3_val_int_reg                       |  18|   0|   18|          0|
    |x_4_val_int_reg                       |  18|   0|   18|          0|
    |x_6_val_int_reg                       |  18|   0|   18|          0|
    |x_7_val_int_reg                       |  18|   0|   18|          0|
    |xor_ln104_153_reg_1265                |   1|   0|    1|          0|
    |xor_ln104_reg_1251                    |   1|   0|    1|          0|
    |icmp_ln86_317_reg_1142                |  64|  32|    1|          0|
    |icmp_ln86_319_reg_1154                |  64|  32|    1|          0|
    |icmp_ln86_320_reg_1160                |  64|  32|    1|          0|
    |icmp_ln86_321_reg_1166                |  64|  32|    1|          0|
    |icmp_ln86_323_reg_1177                |  64|  32|    1|          0|
    |icmp_ln86_324_reg_1183                |  64|  32|    1|          0|
    |icmp_ln86_326_reg_1194                |  64|  32|    1|          0|
    |icmp_ln86_327_reg_1199                |  64|  32|    1|          0|
    |icmp_ln86_328_reg_1204                |  64|  32|    1|          0|
    |icmp_ln86_329_reg_1209                |  64|  32|    1|          0|
    |icmp_ln86_330_reg_1214                |  64|  32|    1|          0|
    |icmp_ln86_331_reg_1219                |  64|  32|    1|          0|
    |icmp_ln86_332_reg_1224                |  64|  32|    1|          0|
    |icmp_ln86_333_reg_1229                |  64|  32|    1|          0|
    |icmp_ln86_334_reg_1234                |  64|  32|    1|          0|
    |icmp_ln86_335_reg_1239                |  64|  32|    1|          0|
    |or_ln117_310_reg_1341                 |  64|  32|    1|          0|
    +--------------------------------------+----+----+-----+-----------+
    |Total                                 |1347| 544|  276|          0|
    +--------------------------------------+----+----+-----+-----------+



================================================================
== Interface
================================================================
* Summary: 
+-----------+-----+-----+------------+----------------------+--------------+
| RTL Ports | Dir | Bits|  Protocol  |     Source Object    |    C Type    |
+-----------+-----+-----+------------+----------------------+--------------+
|ap_clk     |   in|    1|  ap_ctrl_hs|  decision_function.11|  return value|
|ap_rst     |   in|    1|  ap_ctrl_hs|  decision_function.11|  return value|
|ap_return  |  out|   13|  ap_ctrl_hs|  decision_function.11|  return value|
|ap_ce      |   in|    1|  ap_ctrl_hs|  decision_function.11|  return value|
|x_0_val    |   in|   18|     ap_none|               x_0_val|        scalar|
|x_1_val    |   in|   18|     ap_none|               x_1_val|        scalar|
|x_3_val    |   in|   18|     ap_none|               x_3_val|        scalar|
|x_4_val    |   in|   18|     ap_none|               x_4_val|        scalar|
|x_6_val    |   in|   18|     ap_none|               x_6_val|        scalar|
|x_7_val    |   in|   18|     ap_none|               x_7_val|        scalar|
|x_10_val   |   in|   18|     ap_none|              x_10_val|        scalar|
|x_12_val   |   in|   18|     ap_none|              x_12_val|        scalar|
|x_14_val   |   in|   18|     ap_none|              x_14_val|        scalar|
|x_15_val   |   in|   18|     ap_none|              x_15_val|        scalar|
+-----------+-----+-----+------------+----------------------+--------------+

