

================================================================
== Vitis HLS Report for 'decision_function_50'
================================================================
* Date:           Tue Mar 11 16:17:05 2025

* Version:        2024.2 (Build 5238294 on Nov  8 2024)
* Project:        my_prj
* Solution:       solution1 (Vivado IP Flow Target)
* Product family: zynq
* Target device:  xc7z020-clg400-1


================================================================
== Performance Estimates
================================================================
+ Timing: 
    * Summary: 
    +--------+---------+----------+------------+
    |  Clock |  Target | Estimated| Uncertainty|
    +--------+---------+----------+------------+
    |ap_clk  |  5.00 ns|  3.645 ns|     1.35 ns|
    +--------+---------+----------+------------+

+ Latency: 
    * Summary: 
    +---------+---------+-----------+-----------+-----+-----+---------+
    |  Latency (cycles) |   Latency (absolute)  |  Interval | Pipeline|
    |   min   |   max   |    min    |    max    | min | max |   Type  |
    +---------+---------+-----------+-----------+-----+-----+---------+
    |        7|        7|  35.000 ns|  35.000 ns|    1|    1|      yes|
    +---------+---------+-----------+-----------+-----+-----+---------+

    + Detail: 
        * Instance: 
        N/A

        * Loop: 
        N/A



================================================================
== Utilization Estimates
================================================================
* Summary: 
+-----------------+---------+-----+--------+-------+-----+
|       Name      | BRAM_18K| DSP |   FF   |  LUT  | URAM|
+-----------------+---------+-----+--------+-------+-----+
|DSP              |        -|    -|       -|      -|    -|
|Expression       |        -|    -|       0|   1079|    -|
|FIFO             |        -|    -|       -|      -|    -|
|Instance         |        -|    -|       0|    142|    -|
|Memory           |        -|    -|       -|      -|    -|
|Multiplexer      |        -|    -|       -|      -|    -|
|Register         |        -|    -|    1858|    768|    -|
+-----------------+---------+-----+--------+-------+-----+
|Total            |        0|    0|    1858|   1989|    0|
+-----------------+---------+-----+--------+-------+-----+
|Available        |      280|  220|  106400|  53200|    0|
+-----------------+---------+-----+--------+-------+-----+
|Utilization (%)  |        0|    0|       1|      3|    0|
+-----------------+---------+-----+--------+-------+-----+

+ Detail: 
    * Instance: 
    +--------------------------------+---------------------------+---------+----+---+-----+-----+
    |            Instance            |           Module          | BRAM_18K| DSP| FF| LUT | URAM|
    +--------------------------------+---------------------------+---------+----+---+-----+-----+
    |sparsemux_65_5_11_1_1_x11_U628  |sparsemux_65_5_11_1_1_x11  |        0|   0|  0|  142|    0|
    +--------------------------------+---------------------------+---------+----+---+-----+-----+
    |Total                           |                           |        0|   0|  0|  142|    0|
    +--------------------------------+---------------------------+---------+----+---+-----+-----+

    * DSP: 
    N/A

    * Memory: 
    N/A

    * FIFO: 
    N/A

    * Expression: 
    +------------------------------+----------+----+---+----+------------+------------+
    |         Variable Name        | Operation| DSP| FF| LUT| Bitwidth P0| Bitwidth P1|
    +------------------------------+----------+----+---+----+------------+------------+
    |and_ln102_1383_fu_723_p2      |       and|   0|  0|   2|           1|           1|
    |and_ln102_1384_fu_540_p2      |       and|   0|  0|   2|           1|           1|
    |and_ln102_1385_fu_591_p2      |       and|   0|  0|   2|           1|           1|
    |and_ln102_1386_fu_737_p2      |       and|   0|  0|   2|           1|           1|
    |and_ln102_1387_fu_857_p2      |       and|   0|  0|   2|           1|           1|
    |and_ln102_1388_fu_554_p2      |       and|   0|  0|   2|           1|           1|
    |and_ln102_1389_fu_564_p2      |       and|   0|  0|   2|           1|           1|
    |and_ln102_1390_fu_610_p2      |       and|   0|  0|   2|           1|           1|
    |and_ln102_1391_fu_747_p2      |       and|   0|  0|   2|           1|           1|
    |and_ln102_1392_fu_751_p2      |       and|   0|  0|   2|           1|           1|
    |and_ln102_1393_fu_881_p2      |       and|   0|  0|   2|           1|           1|
    |and_ln102_1394_fu_999_p2      |       and|   0|  0|   2|           1|           1|
    |and_ln102_1395_fu_1092_p2     |       and|   0|  0|   2|           1|           1|
    |and_ln102_1396_fu_615_p2      |       and|   0|  0|   2|           1|           1|
    |and_ln102_1397_fu_574_p2      |       and|   0|  0|   2|           1|           1|
    |and_ln102_1398_fu_619_p2      |       and|   0|  0|   2|           1|           1|
    |and_ln102_1399_fu_628_p2      |       and|   0|  0|   2|           1|           1|
    |and_ln102_1400_fu_756_p2      |       and|   0|  0|   2|           1|           1|
    |and_ln102_1401_fu_765_p2      |       and|   0|  0|   2|           1|           1|
    |and_ln102_1402_fu_770_p2      |       and|   0|  0|   2|           1|           1|
    |and_ln102_1403_fu_891_p2      |       and|   0|  0|   2|           1|           1|
    |and_ln102_1404_fu_896_p2      |       and|   0|  0|   2|           1|           1|
    |and_ln102_1405_fu_905_p2      |       and|   0|  0|   2|           1|           1|
    |and_ln102_1406_fu_1003_p2     |       and|   0|  0|   2|           1|           1|
    |and_ln102_1407_fu_1012_p2     |       and|   0|  0|   2|           1|           1|
    |and_ln102_1408_fu_1017_p2     |       and|   0|  0|   2|           1|           1|
    |and_ln102_1409_fu_1101_p2     |       and|   0|  0|   2|           1|           1|
    |and_ln102_1410_fu_1106_p2     |       and|   0|  0|   2|           1|           1|
    |and_ln102_1411_fu_1173_p2     |       and|   0|  0|   2|           1|           1|
    |and_ln102_1412_fu_569_p2      |       and|   0|  0|   2|           1|           1|
    |and_ln102_1413_fu_623_p2      |       and|   0|  0|   2|           1|           1|
    |and_ln102_1414_fu_760_p2      |       and|   0|  0|   2|           1|           1|
    |and_ln102_1415_fu_886_p2      |       and|   0|  0|   2|           1|           1|
    |and_ln102_1416_fu_900_p2      |       and|   0|  0|   2|           1|           1|
    |and_ln102_1417_fu_1007_p2     |       and|   0|  0|   2|           1|           1|
    |and_ln102_1418_fu_1096_p2     |       and|   0|  0|   2|           1|           1|
    |and_ln102_1419_fu_1168_p2     |       and|   0|  0|   2|           1|           1|
    |and_ln102_fu_524_p2           |       and|   0|  0|   2|           1|           1|
    |and_ln104_256_fu_732_p2       |       and|   0|  0|   2|           1|           1|
    |and_ln104_257_fu_549_p2       |       and|   0|  0|   2|           1|           1|
    |and_ln104_258_fu_600_p2       |       and|   0|  0|   2|           1|           1|
    |and_ln104_259_fu_852_p2       |       and|   0|  0|   2|           1|           1|
    |and_ln104_260_fu_866_p2       |       and|   0|  0|   2|           1|           1|
    |and_ln104_fu_535_p2           |       and|   0|  0|   2|           1|           1|
    |icmp_ln86_1428_fu_344_p2      |      icmp|   0|  0|  25|          18|           9|
    |icmp_ln86_1429_fu_350_p2      |      icmp|   0|  0|  25|          18|          11|
    |icmp_ln86_1430_fu_356_p2      |      icmp|   0|  0|  25|          18|           9|
    |icmp_ln86_1431_fu_362_p2      |      icmp|   0|  0|  25|          18|           8|
    |icmp_ln86_1432_fu_368_p2      |      icmp|   0|  0|  25|          18|          12|
    |icmp_ln86_1433_fu_374_p2      |      icmp|   0|  0|  25|          18|          10|
    |icmp_ln86_1434_fu_380_p2      |      icmp|   0|  0|  25|          18|           9|
    |icmp_ln86_1435_fu_386_p2      |      icmp|   0|  0|  25|          18|           9|
    |icmp_ln86_1436_fu_392_p2      |      icmp|   0|  0|  25|          18|          11|
    |icmp_ln86_1437_fu_398_p2      |      icmp|   0|  0|  25|          18|           6|
    |icmp_ln86_1438_fu_404_p2      |      icmp|   0|  0|  25|          18|          11|
    |icmp_ln86_1439_fu_410_p2      |      icmp|   0|  0|  25|          18|          12|
    |icmp_ln86_1440_fu_416_p2      |      icmp|   0|  0|  25|          18|           8|
    |icmp_ln86_1441_fu_422_p2      |      icmp|   0|  0|  25|          18|          11|
    |icmp_ln86_1442_fu_428_p2      |      icmp|   0|  0|  25|          18|          11|
    |icmp_ln86_1443_fu_434_p2      |      icmp|   0|  0|  25|          18|           7|
    |icmp_ln86_1444_fu_440_p2      |      icmp|   0|  0|  25|          18|           6|
    |icmp_ln86_1445_fu_446_p2      |      icmp|   0|  0|  25|          18|          10|
    |icmp_ln86_1446_fu_452_p2      |      icmp|   0|  0|  25|          18|          11|
    |icmp_ln86_1447_fu_458_p2      |      icmp|   0|  0|  25|          18|           9|
    |icmp_ln86_1448_fu_464_p2      |      icmp|   0|  0|  25|          18|           9|
    |icmp_ln86_1449_fu_470_p2      |      icmp|   0|  0|  25|          18|           7|
    |icmp_ln86_1450_fu_476_p2      |      icmp|   0|  0|  25|          18|          12|
    |icmp_ln86_1451_fu_482_p2      |      icmp|   0|  0|  25|          18|          11|
    |icmp_ln86_1452_fu_488_p2      |      icmp|   0|  0|  25|          18|          11|
    |icmp_ln86_1453_fu_494_p2      |      icmp|   0|  0|  25|          18|          12|
    |icmp_ln86_1454_fu_500_p2      |      icmp|   0|  0|  25|          18|           8|
    |icmp_ln86_1455_fu_506_p2      |      icmp|   0|  0|  25|          18|          10|
    |icmp_ln86_1456_fu_512_p2      |      icmp|   0|  0|  25|          18|          12|
    |icmp_ln86_1457_fu_518_p2      |      icmp|   0|  0|  25|          18|          10|
    |icmp_ln86_fu_338_p2           |      icmp|   0|  0|  25|          18|           6|
    |or_ln117_1256_fu_661_p2       |        or|   0|  0|   2|           1|           1|
    |or_ln117_1257_fu_673_p2       |        or|   0|  0|   2|           1|           1|
    |or_ln117_1258_fu_685_p2       |        or|   0|  0|   2|           1|           1|
    |or_ln117_1259_fu_775_p2       |        or|   0|  0|   2|           1|           1|
    |or_ln117_1260_fu_718_p2       |        or|   0|  0|   2|           1|           1|
    |or_ln117_1261_fu_787_p2       |        or|   0|  0|   2|           1|           1|
    |or_ln117_1262_fu_799_p2       |        or|   0|  0|   2|           1|           1|
    |or_ln117_1263_fu_811_p2       |        or|   0|  0|   2|           1|           1|
    |or_ln117_1264_fu_825_p2       |        or|   0|  0|   2|           1|           1|
    |or_ln117_1265_fu_910_p2       |        or|   0|  0|   2|           1|           1|
    |or_ln117_1266_fu_926_p2       |        or|   0|  0|   2|           1|           1|
    |or_ln117_1267_fu_938_p2       |        or|   0|  0|   2|           1|           1|
    |or_ln117_1268_fu_950_p2       |        or|   0|  0|   2|           1|           1|
    |or_ln117_1269_fu_964_p2       |        or|   0|  0|   2|           1|           1|
    |or_ln117_1270_fu_1022_p2      |        or|   0|  0|   2|           1|           1|
    |or_ln117_1271_fu_984_p2       |        or|   0|  0|   2|           1|           1|
    |or_ln117_1272_fu_1034_p2      |        or|   0|  0|   2|           1|           1|
    |or_ln117_1273_fu_990_p2       |        or|   0|  0|   2|           1|           1|
    |or_ln117_1274_fu_1054_p2      |        or|   0|  0|   2|           1|           1|
    |or_ln117_1275_fu_1066_p2      |        or|   0|  0|   2|           1|           1|
    |or_ln117_1276_fu_1111_p2      |        or|   0|  0|   2|           1|           1|
    |or_ln117_1277_fu_1116_p2      |        or|   0|  0|   2|           1|           1|
    |or_ln117_1278_fu_1127_p2      |        or|   0|  0|   2|           1|           1|
    |or_ln117_1279_fu_1141_p2      |        or|   0|  0|   2|           1|           1|
    |or_ln117_1280_fu_1178_p2      |        or|   0|  0|   2|           1|           1|
    |or_ln117_fu_580_p2            |        or|   0|  0|   2|           1|           1|
    |agg_result_fu_1190_p66        |    select|   0|  0|   5|           1|           5|
    |select_ln117_1387_fu_650_p3   |    select|   0|  0|   2|           1|           2|
    |select_ln117_1388_fu_666_p3   |    select|   0|  0|   4|           1|           3|
    |select_ln117_1389_fu_677_p3   |    select|   0|  0|   3|           1|           3|
    |select_ln117_1390_fu_691_p3   |    select|   0|  0|   3|           1|           3|
    |select_ln117_1391_fu_699_p3   |    select|   0|  0|   3|           1|           3|
    |select_ln117_1392_fu_711_p3   |    select|   0|  0|   5|           1|           4|
    |select_ln117_1393_fu_780_p3   |    select|   0|  0|   4|           1|           4|
    |select_ln117_1394_fu_792_p3   |    select|   0|  0|   4|           1|           4|
    |select_ln117_1395_fu_803_p3   |    select|   0|  0|   4|           1|           4|
    |select_ln117_1396_fu_817_p3   |    select|   0|  0|   4|           1|           4|
    |select_ln117_1397_fu_831_p3   |    select|   0|  0|   4|           1|           4|
    |select_ln117_1398_fu_839_p3   |    select|   0|  0|   4|           1|           4|
    |select_ln117_1399_fu_915_p3   |    select|   0|  0|   4|           1|           4|
    |select_ln117_1400_fu_931_p3   |    select|   0|  0|   6|           1|           5|
    |select_ln117_1401_fu_942_p3   |    select|   0|  0|   5|           1|           5|
    |select_ln117_1402_fu_956_p3   |    select|   0|  0|   5|           1|           5|
    |select_ln117_1403_fu_968_p3   |    select|   0|  0|   5|           1|           5|
    |select_ln117_1404_fu_976_p3   |    select|   0|  0|   5|           1|           5|
    |select_ln117_1405_fu_1027_p3  |    select|   0|  0|   5|           1|           5|
    |select_ln117_1406_fu_1039_p3  |    select|   0|  0|   5|           1|           5|
    |select_ln117_1407_fu_1046_p3  |    select|   0|  0|   5|           1|           5|
    |select_ln117_1408_fu_1059_p3  |    select|   0|  0|   5|           1|           5|
    |select_ln117_1409_fu_1071_p3  |    select|   0|  0|   5|           1|           5|
    |select_ln117_1410_fu_1079_p3  |    select|   0|  0|   5|           1|           5|
    |select_ln117_1411_fu_1120_p3  |    select|   0|  0|   5|           1|           5|
    |select_ln117_1412_fu_1133_p3  |    select|   0|  0|   5|           1|           5|
    |select_ln117_1413_fu_1147_p3  |    select|   0|  0|   5|           1|           5|
    |select_ln117_1414_fu_1155_p3  |    select|   0|  0|   5|           1|           5|
    |select_ln117_fu_643_p3        |    select|   0|  0|   3|           1|           2|
    |xor_ln104_678_fu_530_p2       |       xor|   0|  0|   2|           1|           2|
    |xor_ln104_679_fu_727_p2       |       xor|   0|  0|   2|           1|           2|
    |xor_ln104_680_fu_544_p2       |       xor|   0|  0|   2|           1|           2|
    |xor_ln104_681_fu_595_p2       |       xor|   0|  0|   2|           1|           2|
    |xor_ln104_682_fu_847_p2       |       xor|   0|  0|   2|           1|           2|
    |xor_ln104_683_fu_861_p2       |       xor|   0|  0|   2|           1|           2|
    |xor_ln104_684_fu_559_p2       |       xor|   0|  0|   2|           1|           2|
    |xor_ln104_685_fu_605_p2       |       xor|   0|  0|   2|           1|           2|
    |xor_ln104_686_fu_742_p2       |       xor|   0|  0|   2|           1|           2|
    |xor_ln104_687_fu_871_p2       |       xor|   0|  0|   2|           1|           2|
    |xor_ln104_688_fu_876_p2       |       xor|   0|  0|   2|           1|           2|
    |xor_ln104_689_fu_994_p2       |       xor|   0|  0|   2|           1|           2|
    |xor_ln104_690_fu_1087_p2      |       xor|   0|  0|   2|           1|           2|
    |xor_ln104_691_fu_1163_p2      |       xor|   0|  0|   2|           1|           2|
    |xor_ln104_fu_586_p2           |       xor|   0|  0|   2|           1|           2|
    |xor_ln117_fu_633_p2           |       xor|   0|  0|   2|           2|           1|
    +------------------------------+----------+----+---+----+------------+------------+
    |Total                         |          |   0|  0|1079|         675|         527|
    +------------------------------+----------+----+---+----+------------+------------+

    * Multiplexer: 
    N/A

    * Register: 
    +---------------------------------------+----+----+-----+-----------+
    |                  Name                 | FF | LUT| Bits| Const Bits|
    +---------------------------------------+----+----+-----+-----------+
    |and_ln102_1383_reg_1579                |   1|   0|    1|          0|
    |and_ln102_1384_reg_1516                |   1|   0|    1|          0|
    |and_ln102_1385_reg_1551                |   1|   0|    1|          0|
    |and_ln102_1386_reg_1591                |   1|   0|    1|          0|
    |and_ln102_1387_reg_1618                |   1|   0|    1|          0|
    |and_ln102_1387_reg_1618_pp0_iter5_reg  |   1|   0|    1|          0|
    |and_ln102_1388_reg_1528                |   1|   0|    1|          0|
    |and_ln102_1389_reg_1534                |   1|   0|    1|          0|
    |and_ln102_1390_reg_1563                |   1|   0|    1|          0|
    |and_ln102_1392_reg_1597                |   1|   0|    1|          0|
    |and_ln102_1393_reg_1631                |   1|   0|    1|          0|
    |and_ln102_reg_1500                     |   1|   0|    1|          0|
    |and_ln104_256_reg_1585                 |   1|   0|    1|          0|
    |and_ln104_257_reg_1523                 |   1|   0|    1|          0|
    |and_ln104_258_reg_1557                 |   1|   0|    1|          0|
    |and_ln104_258_reg_1557_pp0_iter3_reg   |   1|   0|    1|          0|
    |and_ln104_259_reg_1613                 |   1|   0|    1|          0|
    |and_ln104_260_reg_1625                 |   1|   0|    1|          0|
    |and_ln104_reg_1510                     |   1|   0|    1|          0|
    |icmp_ln86_1428_reg_1337                |   1|   0|    1|          0|
    |icmp_ln86_1429_reg_1342                |   1|   0|    1|          0|
    |icmp_ln86_1430_reg_1348                |   1|   0|    1|          0|
    |icmp_ln86_1431_reg_1354                |   1|   0|    1|          0|
    |icmp_ln86_1431_reg_1354_pp0_iter1_reg  |   1|   0|    1|          0|
    |icmp_ln86_1432_reg_1360                |   1|   0|    1|          0|
    |icmp_ln86_1433_reg_1366                |   1|   0|    1|          0|
    |icmp_ln86_1434_reg_1372                |   1|   0|    1|          0|
    |icmp_ln86_1435_reg_1378                |   1|   0|    1|          0|
    |icmp_ln86_1435_reg_1378_pp0_iter1_reg  |   1|   0|    1|          0|
    |icmp_ln86_1436_reg_1384                |   1|   0|    1|          0|
    |icmp_ln86_1437_reg_1390                |   1|   0|    1|          0|
    |icmp_ln86_1438_reg_1396                |   1|   0|    1|          0|
    |icmp_ln86_1439_reg_1402                |   1|   0|    1|          0|
    |icmp_ln86_1440_reg_1408                |   1|   0|    1|          0|
    |icmp_ln86_1441_reg_1414                |   1|   0|    1|          0|
    |icmp_ln86_1442_reg_1420                |   1|   0|    1|          0|
    |icmp_ln86_1442_reg_1420_pp0_iter1_reg  |   1|   0|    1|          0|
    |icmp_ln86_1443_reg_1425                |   1|   0|    1|          0|
    |icmp_ln86_1444_reg_1430                |   1|   0|    1|          0|
    |icmp_ln86_1444_reg_1430_pp0_iter1_reg  |   1|   0|    1|          0|
    |icmp_ln86_1445_reg_1435                |   1|   0|    1|          0|
    |icmp_ln86_1445_reg_1435_pp0_iter1_reg  |   1|   0|    1|          0|
    |icmp_ln86_1446_reg_1440                |   1|   0|    1|          0|
    |icmp_ln86_1447_reg_1445                |   1|   0|    1|          0|
    |icmp_ln86_1448_reg_1450                |   1|   0|    1|          0|
    |icmp_ln86_1449_reg_1455                |   1|   0|    1|          0|
    |icmp_ln86_1450_reg_1460                |   1|   0|    1|          0|
    |icmp_ln86_1451_reg_1465                |   1|   0|    1|          0|
    |icmp_ln86_1452_reg_1470                |   1|   0|    1|          0|
    |icmp_ln86_1453_reg_1475                |   1|   0|    1|          0|
    |icmp_ln86_1454_reg_1480                |   1|   0|    1|          0|
    |icmp_ln86_1455_reg_1485                |   1|   0|    1|          0|
    |icmp_ln86_1456_reg_1490                |   1|   0|    1|          0|
    |icmp_ln86_1457_reg_1495                |   1|   0|    1|          0|
    |icmp_ln86_reg_1326                     |   1|   0|    1|          0|
    |or_ln117_1260_reg_1573                 |   1|   0|    1|          0|
    |or_ln117_1264_reg_1603                 |   1|   0|    1|          0|
    |or_ln117_1269_reg_1636                 |   1|   0|    1|          0|
    |or_ln117_1271_reg_1646                 |   1|   0|    1|          0|
    |or_ln117_1273_reg_1652                 |   1|   0|    1|          0|
    |or_ln117_1273_reg_1652_pp0_iter5_reg   |   1|   0|    1|          0|
    |or_ln117_1275_reg_1660                 |   1|   0|    1|          0|
    |or_ln117_1279_reg_1670                 |   1|   0|    1|          0|
    |or_ln117_reg_1540                      |   1|   0|    1|          0|
    |select_ln117_1392_reg_1568             |   4|   0|    4|          0|
    |select_ln117_1398_reg_1608             |   4|   0|    4|          0|
    |select_ln117_1404_reg_1641             |   5|   0|    5|          0|
    |select_ln117_1410_reg_1665             |   5|   0|    5|          0|
    |select_ln117_1414_reg_1675             |   5|   0|    5|          0|
    |x_0_val_int_reg                        |  18|   0|   18|          0|
    |x_11_val_int_reg                       |  18|   0|   18|          0|
    |x_12_val_int_reg                       |  18|   0|   18|          0|
    |x_13_val_int_reg                       |  18|   0|   18|          0|
    |x_14_val_int_reg                       |  18|   0|   18|          0|
    |x_15_val_int_reg                       |  18|   0|   18|          0|
    |x_1_val_int_reg                        |  18|   0|   18|          0|
    |x_2_val_int_reg                        |  18|   0|   18|          0|
    |x_3_val_int_reg                        |  18|   0|   18|          0|
    |x_4_val_int_reg                        |  18|   0|   18|          0|
    |x_6_val_int_reg                        |  18|   0|   18|          0|
    |x_7_val_int_reg                        |  18|   0|   18|          0|
    |x_9_val_int_reg                        |  18|   0|   18|          0|
    |xor_ln104_reg_1545                     |   1|   0|    1|          0|
    |and_ln102_reg_1500                     |  64|  32|    1|          0|
    |and_ln104_260_reg_1625                 |  64|  32|    1|          0|
    |icmp_ln86_1429_reg_1342                |  64|  32|    1|          0|
    |icmp_ln86_1432_reg_1360                |  64|  32|    1|          0|
    |icmp_ln86_1433_reg_1366                |  64|  32|    1|          0|
    |icmp_ln86_1436_reg_1384                |  64|  32|    1|          0|
    |icmp_ln86_1437_reg_1390                |  64|  32|    1|          0|
    |icmp_ln86_1438_reg_1396                |  64|  32|    1|          0|
    |icmp_ln86_1439_reg_1402                |  64|  32|    1|          0|
    |icmp_ln86_1440_reg_1408                |  64|  32|    1|          0|
    |icmp_ln86_1441_reg_1414                |  64|  32|    1|          0|
    |icmp_ln86_1446_reg_1440                |  64|  32|    1|          0|
    |icmp_ln86_1447_reg_1445                |  64|  32|    1|          0|
    |icmp_ln86_1448_reg_1450                |  64|  32|    1|          0|
    |icmp_ln86_1449_reg_1455                |  64|  32|    1|          0|
    |icmp_ln86_1450_reg_1460                |  64|  32|    1|          0|
    |icmp_ln86_1451_reg_1465                |  64|  32|    1|          0|
    |icmp_ln86_1452_reg_1470                |  64|  32|    1|          0|
    |icmp_ln86_1453_reg_1475                |  64|  32|    1|          0|
    |icmp_ln86_1454_reg_1480                |  64|  32|    1|          0|
    |icmp_ln86_1455_reg_1485                |  64|  32|    1|          0|
    |icmp_ln86_1456_reg_1490                |  64|  32|    1|          0|
    |icmp_ln86_1457_reg_1495                |  64|  32|    1|          0|
    |icmp_ln86_reg_1326                     |  64|  32|    1|          0|
    +---------------------------------------+----+----+-----+-----------+
    |Total                                  |1858| 768|  346|          0|
    +---------------------------------------+----+----+-----+-----------+



================================================================
== Interface
================================================================
* Summary: 
+-----------+-----+-----+------------+----------------------+--------------+
| RTL Ports | Dir | Bits|  Protocol  |     Source Object    |    C Type    |
+-----------+-----+-----+------------+----------------------+--------------+
|ap_clk     |   in|    1|  ap_ctrl_hs|  decision_function.50|  return value|
|ap_rst     |   in|    1|  ap_ctrl_hs|  decision_function.50|  return value|
|ap_return  |  out|   11|  ap_ctrl_hs|  decision_function.50|  return value|
|ap_ce      |   in|    1|  ap_ctrl_hs|  decision_function.50|  return value|
|x_0_val    |   in|   18|     ap_none|               x_0_val|        scalar|
|x_1_val    |   in|   18|     ap_none|               x_1_val|        scalar|
|x_2_val    |   in|   18|     ap_none|               x_2_val|        scalar|
|x_3_val    |   in|   18|     ap_none|               x_3_val|        scalar|
|x_4_val    |   in|   18|     ap_none|               x_4_val|        scalar|
|x_6_val    |   in|   18|     ap_none|               x_6_val|        scalar|
|x_7_val    |   in|   18|     ap_none|               x_7_val|        scalar|
|x_9_val    |   in|   18|     ap_none|               x_9_val|        scalar|
|x_11_val   |   in|   18|     ap_none|              x_11_val|        scalar|
|x_12_val   |   in|   18|     ap_none|              x_12_val|        scalar|
|x_13_val   |   in|   18|     ap_none|              x_13_val|        scalar|
|x_14_val   |   in|   18|     ap_none|              x_14_val|        scalar|
|x_15_val   |   in|   18|     ap_none|              x_15_val|        scalar|
+-----------+-----+-----+------------+----------------------+--------------+

