

================================================================
== Vitis HLS Report for 'decision_function_24'
================================================================
* Date:           Tue Mar 11 16:17:14 2025

* Version:        2024.2 (Build 5238294 on Nov  8 2024)
* Project:        my_prj
* Solution:       solution1 (Vivado IP Flow Target)
* Product family: zynq
* Target device:  xc7z020-clg400-1


================================================================
== Performance Estimates
================================================================
+ Timing: 
    * Summary: 
    +--------+---------+----------+------------+
    |  Clock |  Target | Estimated| Uncertainty|
    +--------+---------+----------+------------+
    |ap_clk  |  5.00 ns|  3.645 ns|     1.35 ns|
    +--------+---------+----------+------------+

+ Latency: 
    * Summary: 
    +---------+---------+-----------+-----------+-----+-----+---------+
    |  Latency (cycles) |   Latency (absolute)  |  Interval | Pipeline|
    |   min   |   max   |    min    |    max    | min | max |   Type  |
    +---------+---------+-----------+-----------+-----+-----+---------+
    |        7|        7|  35.000 ns|  35.000 ns|    1|    1|      yes|
    +---------+---------+-----------+-----------+-----+-----+---------+

    + Detail: 
        * Instance: 
        N/A

        * Loop: 
        N/A



================================================================
== Utilization Estimates
================================================================
* Summary: 
+-----------------+---------+-----+--------+-------+-----+
|       Name      | BRAM_18K| DSP |   FF   |  LUT  | URAM|
+-----------------+---------+-----+--------+-------+-----+
|DSP              |        -|    -|       -|      -|    -|
|Expression       |        -|    -|       0|    981|    -|
|FIFO             |        -|    -|       -|      -|    -|
|Instance         |        -|    -|       0|    138|    -|
|Memory           |        -|    -|       -|      -|    -|
|Multiplexer      |        -|    -|       -|      -|    -|
|Register         |        -|    -|    2029|    864|    -|
+-----------------+---------+-----+--------+-------+-----+
|Total            |        0|    0|    2029|   1983|    0|
+-----------------+---------+-----+--------+-------+-----+
|Available        |      280|  220|  106400|  53200|    0|
+-----------------+---------+-----+--------+-------+-----+
|Utilization (%)  |        0|    0|       1|      3|    0|
+-----------------+---------+-----+--------+-------+-----+

+ Detail: 
    * Instance: 
    +------------------------------+-------------------------+---------+----+---+-----+-----+
    |           Instance           |          Module         | BRAM_18K| DSP| FF| LUT | URAM|
    +------------------------------+-------------------------+---------+----+---+-----+-----+
    |sparsemux_63_5_13_1_1_x_U958  |sparsemux_63_5_13_1_1_x  |        0|   0|  0|  138|    0|
    +------------------------------+-------------------------+---------+----+---+-----+-----+
    |Total                         |                         |        0|   0|  0|  138|    0|
    +------------------------------+-------------------------+---------+----+---+-----+-----+

    * DSP: 
    N/A

    * Memory: 
    N/A

    * FIFO: 
    N/A

    * Expression: 
    +-----------------------------+----------+----+---+----+------------+------------+
    |        Variable Name        | Operation| DSP| FF| LUT| Bitwidth P0| Bitwidth P1|
    +-----------------------------+----------+----+---+----+------------+------------+
    |and_ln102_656_fu_496_p2      |       and|   0|  0|   2|           1|           1|
    |and_ln102_657_fu_510_p2      |       and|   0|  0|   2|           1|           1|
    |and_ln102_658_fu_550_p2      |       and|   0|  0|   2|           1|           1|
    |and_ln102_659_fu_515_p2      |       and|   0|  0|   2|           1|           1|
    |and_ln102_660_fu_769_p2      |       and|   0|  0|   2|           1|           1|
    |and_ln102_661_fu_520_p2      |       and|   0|  0|   2|           1|           1|
    |and_ln102_662_fu_560_p2      |       and|   0|  0|   2|           1|           1|
    |and_ln102_663_fu_658_p2      |       and|   0|  0|   2|           1|           1|
    |and_ln102_664_fu_525_p2      |       and|   0|  0|   2|           1|           1|
    |and_ln102_665_fu_793_p2      |       and|   0|  0|   2|           1|           1|
    |and_ln102_666_fu_917_p2      |       and|   0|  0|   2|           1|           1|
    |and_ln102_667_fu_1010_p2     |       and|   0|  0|   2|           1|           1|
    |and_ln102_668_fu_565_p2      |       and|   0|  0|   2|           1|           1|
    |and_ln102_669_fu_569_p2      |       and|   0|  0|   2|           1|           1|
    |and_ln102_670_fu_574_p2      |       and|   0|  0|   2|           1|           1|
    |and_ln102_671_fu_662_p2      |       and|   0|  0|   2|           1|           1|
    |and_ln102_672_fu_671_p2      |       and|   0|  0|   2|           1|           1|
    |and_ln102_673_fu_676_p2      |       and|   0|  0|   2|           1|           1|
    |and_ln102_674_fu_803_p2      |       and|   0|  0|   2|           1|           1|
    |and_ln102_675_fu_813_p2      |       and|   0|  0|   2|           1|           1|
    |and_ln102_676_fu_823_p2      |       and|   0|  0|   2|           1|           1|
    |and_ln102_677_fu_921_p2      |       and|   0|  0|   2|           1|           1|
    |and_ln102_678_fu_930_p2      |       and|   0|  0|   2|           1|           1|
    |and_ln102_679_fu_935_p2      |       and|   0|  0|   2|           1|           1|
    |and_ln102_680_fu_1019_p2     |       and|   0|  0|   2|           1|           1|
    |and_ln102_681_fu_1024_p2     |       and|   0|  0|   2|           1|           1|
    |and_ln102_682_fu_1091_p2     |       and|   0|  0|   2|           1|           1|
    |and_ln102_683_fu_666_p2      |       and|   0|  0|   2|           1|           1|
    |and_ln102_684_fu_798_p2      |       and|   0|  0|   2|           1|           1|
    |and_ln102_685_fu_808_p2      |       and|   0|  0|   2|           1|           1|
    |and_ln102_686_fu_818_p2      |       and|   0|  0|   2|           1|           1|
    |and_ln102_687_fu_925_p2      |       and|   0|  0|   2|           1|           1|
    |and_ln102_688_fu_1014_p2     |       and|   0|  0|   2|           1|           1|
    |and_ln102_689_fu_1086_p2     |       and|   0|  0|   2|           1|           1|
    |and_ln102_fu_492_p2          |       and|   0|  0|   2|           1|           1|
    |and_ln104_135_fu_505_p2      |       and|   0|  0|   2|           1|           1|
    |and_ln104_136_fu_545_p2      |       and|   0|  0|   2|           1|           1|
    |and_ln104_137_fu_764_p2      |       and|   0|  0|   2|           1|           1|
    |and_ln104_138_fu_778_p2      |       and|   0|  0|   2|           1|           1|
    |and_ln104_fu_535_p2          |       and|   0|  0|   2|           1|           1|
    |icmp_ln86_681_fu_324_p2      |      icmp|   0|  0|  25|          18|          10|
    |icmp_ln86_682_fu_330_p2      |      icmp|   0|  0|  25|          18|          12|
    |icmp_ln86_683_fu_336_p2      |      icmp|   0|  0|  25|          18|          10|
    |icmp_ln86_684_fu_342_p2      |      icmp|   0|  0|  25|          18|          10|
    |icmp_ln86_685_fu_348_p2      |      icmp|   0|  0|  25|          18|          10|
    |icmp_ln86_686_fu_354_p2      |      icmp|   0|  0|  25|          18|          12|
    |icmp_ln86_687_fu_360_p2      |      icmp|   0|  0|  25|          18|          11|
    |icmp_ln86_688_fu_366_p2      |      icmp|   0|  0|  25|          18|           8|
    |icmp_ln86_689_fu_372_p2      |      icmp|   0|  0|  25|          18|          12|
    |icmp_ln86_690_fu_378_p2      |      icmp|   0|  0|  25|          18|          11|
    |icmp_ln86_691_fu_384_p2      |      icmp|   0|  0|  25|          18|          10|
    |icmp_ln86_692_fu_390_p2      |      icmp|   0|  0|  25|          18|          11|
    |icmp_ln86_693_fu_396_p2      |      icmp|   0|  0|  25|          18|          12|
    |icmp_ln86_694_fu_402_p2      |      icmp|   0|  0|  25|          18|          11|
    |icmp_ln86_695_fu_408_p2      |      icmp|   0|  0|  25|          18|          11|
    |icmp_ln86_696_fu_414_p2      |      icmp|   0|  0|  25|          18|           8|
    |icmp_ln86_697_fu_420_p2      |      icmp|   0|  0|  25|          18|           9|
    |icmp_ln86_698_fu_426_p2      |      icmp|   0|  0|  25|          18|           9|
    |icmp_ln86_699_fu_432_p2      |      icmp|   0|  0|  25|          18|           9|
    |icmp_ln86_700_fu_438_p2      |      icmp|   0|  0|  25|          18|          12|
    |icmp_ln86_701_fu_444_p2      |      icmp|   0|  0|  25|          18|          11|
    |icmp_ln86_702_fu_450_p2      |      icmp|   0|  0|  25|          18|          11|
    |icmp_ln86_703_fu_456_p2      |      icmp|   0|  0|  25|          18|          13|
    |icmp_ln86_704_fu_462_p2      |      icmp|   0|  0|  25|          18|          11|
    |icmp_ln86_705_fu_468_p2      |      icmp|   0|  0|  25|          18|          11|
    |icmp_ln86_706_fu_474_p2      |      icmp|   0|  0|  25|          18|          12|
    |icmp_ln86_707_fu_480_p2      |      icmp|   0|  0|  25|          18|          12|
    |icmp_ln86_fu_318_p2          |      icmp|   0|  0|  25|          18|          11|
    |or_ln117_622_fu_593_p2       |        or|   0|  0|   2|           1|           1|
    |or_ln117_623_fu_605_p2       |        or|   0|  0|   2|           1|           1|
    |or_ln117_624_fu_623_p2       |        or|   0|  0|   2|           1|           1|
    |or_ln117_625_fu_681_p2       |        or|   0|  0|   2|           1|           1|
    |or_ln117_626_fu_643_p2       |        or|   0|  0|   2|           1|           1|
    |or_ln117_627_fu_693_p2       |        or|   0|  0|   2|           1|           1|
    |or_ln117_628_fu_649_p2       |        or|   0|  0|   2|           1|           1|
    |or_ln117_629_fu_717_p2       |        or|   0|  0|   2|           1|           1|
    |or_ln117_630_fu_729_p2       |        or|   0|  0|   2|           1|           1|
    |or_ln117_631_fu_828_p2       |        or|   0|  0|   2|           1|           1|
    |or_ln117_632_fu_750_p2       |        or|   0|  0|   2|           1|           1|
    |or_ln117_633_fu_840_p2       |        or|   0|  0|   2|           1|           1|
    |or_ln117_634_fu_852_p2       |        or|   0|  0|   2|           1|           1|
    |or_ln117_635_fu_868_p2       |        or|   0|  0|   2|           1|           1|
    |or_ln117_636_fu_882_p2       |        or|   0|  0|   2|           1|           1|
    |or_ln117_637_fu_940_p2       |        or|   0|  0|   2|           1|           1|
    |or_ln117_638_fu_902_p2       |        or|   0|  0|   2|           1|           1|
    |or_ln117_639_fu_952_p2       |        or|   0|  0|   2|           1|           1|
    |or_ln117_640_fu_908_p2       |        or|   0|  0|   2|           1|           1|
    |or_ln117_641_fu_972_p2       |        or|   0|  0|   2|           1|           1|
    |or_ln117_642_fu_984_p2       |        or|   0|  0|   2|           1|           1|
    |or_ln117_643_fu_1029_p2      |        or|   0|  0|   2|           1|           1|
    |or_ln117_644_fu_1034_p2      |        or|   0|  0|   2|           1|           1|
    |or_ln117_645_fu_1045_p2      |        or|   0|  0|   2|           1|           1|
    |or_ln117_646_fu_1059_p2      |        or|   0|  0|   2|           1|           1|
    |or_ln117_647_fu_1096_p2      |        or|   0|  0|   2|           1|           1|
    |or_ln117_fu_579_p2           |        or|   0|  0|   2|           1|           1|
    |agg_result_fu_1108_p64       |    select|   0|  0|   5|           1|           5|
    |select_ln117_660_fu_611_p3   |    select|   0|  0|   2|           1|           2|
    |select_ln117_661_fu_627_p3   |    select|   0|  0|   4|           1|           3|
    |select_ln117_662_fu_635_p3   |    select|   0|  0|   3|           1|           3|
    |select_ln117_663_fu_686_p3   |    select|   0|  0|   3|           1|           3|
    |select_ln117_664_fu_698_p3   |    select|   0|  0|   3|           1|           3|
    |select_ln117_665_fu_709_p3   |    select|   0|  0|   5|           1|           4|
    |select_ln117_666_fu_722_p3   |    select|   0|  0|   4|           1|           4|
    |select_ln117_667_fu_734_p3   |    select|   0|  0|   4|           1|           4|
    |select_ln117_668_fu_742_p3   |    select|   0|  0|   4|           1|           4|
    |select_ln117_669_fu_833_p3   |    select|   0|  0|   4|           1|           4|
    |select_ln117_670_fu_845_p3   |    select|   0|  0|   4|           1|           4|
    |select_ln117_671_fu_856_p3   |    select|   0|  0|   4|           1|           4|
    |select_ln117_672_fu_874_p3   |    select|   0|  0|   5|           1|           5|
    |select_ln117_673_fu_886_p3   |    select|   0|  0|   5|           1|           5|
    |select_ln117_674_fu_894_p3   |    select|   0|  0|   5|           1|           5|
    |select_ln117_675_fu_945_p3   |    select|   0|  0|   5|           1|           5|
    |select_ln117_676_fu_957_p3   |    select|   0|  0|   5|           1|           5|
    |select_ln117_677_fu_964_p3   |    select|   0|  0|   5|           1|           5|
    |select_ln117_678_fu_977_p3   |    select|   0|  0|   5|           1|           5|
    |select_ln117_679_fu_989_p3   |    select|   0|  0|   5|           1|           5|
    |select_ln117_680_fu_997_p3   |    select|   0|  0|   5|           1|           5|
    |select_ln117_681_fu_1038_p3  |    select|   0|  0|   5|           1|           5|
    |select_ln117_682_fu_1051_p3  |    select|   0|  0|   5|           1|           5|
    |select_ln117_683_fu_1065_p3  |    select|   0|  0|   5|           1|           5|
    |select_ln117_684_fu_1073_p3  |    select|   0|  0|   5|           1|           5|
    |select_ln117_fu_597_p3       |    select|   0|  0|   3|           1|           2|
    |xor_ln104_329_fu_530_p2      |       xor|   0|  0|   2|           1|           2|
    |xor_ln104_330_fu_500_p2      |       xor|   0|  0|   2|           1|           2|
    |xor_ln104_331_fu_540_p2      |       xor|   0|  0|   2|           1|           2|
    |xor_ln104_332_fu_754_p2      |       xor|   0|  0|   2|           1|           2|
    |xor_ln104_333_fu_759_p2      |       xor|   0|  0|   2|           1|           2|
    |xor_ln104_334_fu_773_p2      |       xor|   0|  0|   2|           1|           2|
    |xor_ln104_335_fu_555_p2      |       xor|   0|  0|   2|           1|           2|
    |xor_ln104_336_fu_653_p2      |       xor|   0|  0|   2|           1|           2|
    |xor_ln104_337_fu_783_p2      |       xor|   0|  0|   2|           1|           2|
    |xor_ln104_338_fu_788_p2      |       xor|   0|  0|   2|           1|           2|
    |xor_ln104_339_fu_912_p2      |       xor|   0|  0|   2|           1|           2|
    |xor_ln104_340_fu_1005_p2     |       xor|   0|  0|   2|           1|           2|
    |xor_ln104_341_fu_1081_p2     |       xor|   0|  0|   2|           1|           2|
    |xor_ln104_fu_486_p2          |       xor|   0|  0|   2|           1|           2|
    |xor_ln117_fu_584_p2          |       xor|   0|  0|   2|           2|           1|
    +-----------------------------+----------+----+---+----+------------+------------+
    |Total                        |          |   0|  0| 981|         614|         510|
    +-----------------------------+----------+----+---+----+------------+------------+

    * Multiplexer: 
    N/A

    * Register: 
    +--------------------------------------+----+----+-----+-----------+
    |                 Name                 | FF | LUT| Bits| Const Bits|
    +--------------------------------------+----+----+-----+-----------+
    |and_ln102_656_reg_1409                |   1|   0|    1|          0|
    |and_ln102_657_reg_1421                |   1|   0|    1|          0|
    |and_ln102_658_reg_1459                |   1|   0|    1|          0|
    |and_ln102_658_reg_1459_pp0_iter3_reg  |   1|   0|    1|          0|
    |and_ln102_659_reg_1427                |   1|   0|    1|          0|
    |and_ln102_660_reg_1516                |   1|   0|    1|          0|
    |and_ln102_660_reg_1516_pp0_iter5_reg  |   1|   0|    1|          0|
    |and_ln102_661_reg_1433                |   1|   0|    1|          0|
    |and_ln102_662_reg_1466                |   1|   0|    1|          0|
    |and_ln102_664_reg_1439                |   1|   0|    1|          0|
    |and_ln102_665_reg_1529                |   1|   0|    1|          0|
    |and_ln102_reg_1403                    |   1|   0|    1|          0|
    |and_ln104_135_reg_1415                |   1|   0|    1|          0|
    |and_ln104_136_reg_1454                |   1|   0|    1|          0|
    |and_ln104_137_reg_1511                |   1|   0|    1|          0|
    |and_ln104_138_reg_1523                |   1|   0|    1|          0|
    |and_ln104_reg_1449                    |   1|   0|    1|          0|
    |and_ln104_reg_1449_pp0_iter3_reg      |   1|   0|    1|          0|
    |icmp_ln86_681_reg_1249                |   1|   0|    1|          0|
    |icmp_ln86_681_reg_1249_pp0_iter1_reg  |   1|   0|    1|          0|
    |icmp_ln86_682_reg_1255                |   1|   0|    1|          0|
    |icmp_ln86_683_reg_1261                |   1|   0|    1|          0|
    |icmp_ln86_683_reg_1261_pp0_iter1_reg  |   1|   0|    1|          0|
    |icmp_ln86_684_reg_1267                |   1|   0|    1|          0|
    |icmp_ln86_685_reg_1273                |   1|   0|    1|          0|
    |icmp_ln86_686_reg_1279                |   1|   0|    1|          0|
    |icmp_ln86_687_reg_1285                |   1|   0|    1|          0|
    |icmp_ln86_687_reg_1285_pp0_iter1_reg  |   1|   0|    1|          0|
    |icmp_ln86_688_reg_1291                |   1|   0|    1|          0|
    |icmp_ln86_689_reg_1297                |   1|   0|    1|          0|
    |icmp_ln86_690_reg_1303                |   1|   0|    1|          0|
    |icmp_ln86_691_reg_1309                |   1|   0|    1|          0|
    |icmp_ln86_692_reg_1315                |   1|   0|    1|          0|
    |icmp_ln86_693_reg_1321                |   1|   0|    1|          0|
    |icmp_ln86_694_reg_1327                |   1|   0|    1|          0|
    |icmp_ln86_694_reg_1327_pp0_iter1_reg  |   1|   0|    1|          0|
    |icmp_ln86_695_reg_1332                |   1|   0|    1|          0|
    |icmp_ln86_695_reg_1332_pp0_iter1_reg  |   1|   0|    1|          0|
    |icmp_ln86_696_reg_1337                |   1|   0|    1|          0|
    |icmp_ln86_697_reg_1342                |   1|   0|    1|          0|
    |icmp_ln86_698_reg_1347                |   1|   0|    1|          0|
    |icmp_ln86_699_reg_1352                |   1|   0|    1|          0|
    |icmp_ln86_700_reg_1357                |   1|   0|    1|          0|
    |icmp_ln86_701_reg_1362                |   1|   0|    1|          0|
    |icmp_ln86_702_reg_1367                |   1|   0|    1|          0|
    |icmp_ln86_703_reg_1372                |   1|   0|    1|          0|
    |icmp_ln86_704_reg_1377                |   1|   0|    1|          0|
    |icmp_ln86_705_reg_1382                |   1|   0|    1|          0|
    |icmp_ln86_706_reg_1387                |   1|   0|    1|          0|
    |icmp_ln86_707_reg_1392                |   1|   0|    1|          0|
    |icmp_ln86_reg_1240                    |   1|   0|    1|          0|
    |or_ln117_624_reg_1471                 |   1|   0|    1|          0|
    |or_ln117_626_reg_1481                 |   1|   0|    1|          0|
    |or_ln117_628_reg_1487                 |   1|   0|    1|          0|
    |or_ln117_630_reg_1495                 |   1|   0|    1|          0|
    |or_ln117_632_reg_1505                 |   1|   0|    1|          0|
    |or_ln117_636_reg_1534                 |   1|   0|    1|          0|
    |or_ln117_638_reg_1544                 |   1|   0|    1|          0|
    |or_ln117_640_reg_1550                 |   1|   0|    1|          0|
    |or_ln117_640_reg_1550_pp0_iter5_reg   |   1|   0|    1|          0|
    |or_ln117_642_reg_1558                 |   1|   0|    1|          0|
    |or_ln117_646_reg_1568                 |   1|   0|    1|          0|
    |select_ln117_662_reg_1476             |   3|   0|    3|          0|
    |select_ln117_668_reg_1500             |   4|   0|    4|          0|
    |select_ln117_674_reg_1539             |   5|   0|    5|          0|
    |select_ln117_680_reg_1563             |   5|   0|    5|          0|
    |select_ln117_684_reg_1573             |   5|   0|    5|          0|
    |x_0_val_int_reg                       |  18|   0|   18|          0|
    |x_10_val_int_reg                      |  18|   0|   18|          0|
    |x_12_val_int_reg                      |  18|   0|   18|          0|
    |x_13_val_int_reg                      |  18|   0|   18|          0|
    |x_14_val_int_reg                      |  18|   0|   18|          0|
    |x_15_val_int_reg                      |  18|   0|   18|          0|
    |x_1_val_int_reg                       |  18|   0|   18|          0|
    |x_2_val_int_reg                       |  18|   0|   18|          0|
    |x_3_val_int_reg                       |  18|   0|   18|          0|
    |x_4_val_int_reg                       |  18|   0|   18|          0|
    |x_5_val_int_reg                       |  18|   0|   18|          0|
    |x_9_val_int_reg                       |  18|   0|   18|          0|
    |xor_ln104_reg_1397                    |   1|   0|    1|          0|
    |and_ln102_656_reg_1409                |  64|  32|    1|          0|
    |and_ln102_659_reg_1427                |  64|  32|    1|          0|
    |and_ln102_664_reg_1439                |  64|  32|    1|          0|
    |and_ln104_135_reg_1415                |  64|  32|    1|          0|
    |and_ln104_138_reg_1523                |  64|  32|    1|          0|
    |icmp_ln86_684_reg_1267                |  64|  32|    1|          0|
    |icmp_ln86_685_reg_1273                |  64|  32|    1|          0|
    |icmp_ln86_686_reg_1279                |  64|  32|    1|          0|
    |icmp_ln86_688_reg_1291                |  64|  32|    1|          0|
    |icmp_ln86_689_reg_1297                |  64|  32|    1|          0|
    |icmp_ln86_690_reg_1303                |  64|  32|    1|          0|
    |icmp_ln86_691_reg_1309                |  64|  32|    1|          0|
    |icmp_ln86_692_reg_1315                |  64|  32|    1|          0|
    |icmp_ln86_693_reg_1321                |  64|  32|    1|          0|
    |icmp_ln86_696_reg_1337                |  64|  32|    1|          0|
    |icmp_ln86_697_reg_1342                |  64|  32|    1|          0|
    |icmp_ln86_698_reg_1347                |  64|  32|    1|          0|
    |icmp_ln86_699_reg_1352                |  64|  32|    1|          0|
    |icmp_ln86_700_reg_1357                |  64|  32|    1|          0|
    |icmp_ln86_701_reg_1362                |  64|  32|    1|          0|
    |icmp_ln86_702_reg_1367                |  64|  32|    1|          0|
    |icmp_ln86_703_reg_1372                |  64|  32|    1|          0|
    |icmp_ln86_704_reg_1377                |  64|  32|    1|          0|
    |icmp_ln86_705_reg_1382                |  64|  32|    1|          0|
    |icmp_ln86_706_reg_1387                |  64|  32|    1|          0|
    |icmp_ln86_707_reg_1392                |  64|  32|    1|          0|
    |icmp_ln86_reg_1240                    |  64|  32|    1|          0|
    +--------------------------------------+----+----+-----+-----------+
    |Total                                 |2029| 864|  328|          0|
    +--------------------------------------+----+----+-----+-----------+



================================================================
== Interface
================================================================
* Summary: 
+-----------+-----+-----+------------+----------------------+--------------+
| RTL Ports | Dir | Bits|  Protocol  |     Source Object    |    C Type    |
+-----------+-----+-----+------------+----------------------+--------------+
|ap_clk     |   in|    1|  ap_ctrl_hs|  decision_function.24|  return value|
|ap_rst     |   in|    1|  ap_ctrl_hs|  decision_function.24|  return value|
|ap_return  |  out|   13|  ap_ctrl_hs|  decision_function.24|  return value|
|ap_ce      |   in|    1|  ap_ctrl_hs|  decision_function.24|  return value|
|x_0_val    |   in|   18|     ap_none|               x_0_val|        scalar|
|x_1_val    |   in|   18|     ap_none|               x_1_val|        scalar|
|x_2_val    |   in|   18|     ap_none|               x_2_val|        scalar|
|x_3_val    |   in|   18|     ap_none|               x_3_val|        scalar|
|x_4_val    |   in|   18|     ap_none|               x_4_val|        scalar|
|x_5_val    |   in|   18|     ap_none|               x_5_val|        scalar|
|x_9_val    |   in|   18|     ap_none|               x_9_val|        scalar|
|x_10_val   |   in|   18|     ap_none|              x_10_val|        scalar|
|x_12_val   |   in|   18|     ap_none|              x_12_val|        scalar|
|x_13_val   |   in|   18|     ap_none|              x_13_val|        scalar|
|x_14_val   |   in|   18|     ap_none|              x_14_val|        scalar|
|x_15_val   |   in|   18|     ap_none|              x_15_val|        scalar|
+-----------+-----+-----+------------+----------------------+--------------+

