

================================================================
== Vitis HLS Report for 'decision_function'
================================================================
* Date:           Tue Mar 11 16:17:23 2025

* Version:        2024.2 (Build 5238294 on Nov  8 2024)
* Project:        my_prj
* Solution:       solution1 (Vivado IP Flow Target)
* Product family: zynq
* Target device:  xc7z020-clg400-1


================================================================
== Performance Estimates
================================================================
+ Timing: 
    * Summary: 
    +--------+---------+----------+------------+
    |  Clock |  Target | Estimated| Uncertainty|
    +--------+---------+----------+------------+
    |ap_clk  |  5.00 ns|  3.645 ns|     1.35 ns|
    +--------+---------+----------+------------+

+ Latency: 
    * Summary: 
    +---------+---------+-----------+-----------+-----+-----+---------+
    |  Latency (cycles) |   Latency (absolute)  |  Interval | Pipeline|
    |   min   |   max   |    min    |    max    | min | max |   Type  |
    +---------+---------+-----------+-----------+-----+-----+---------+
    |        7|        7|  35.000 ns|  35.000 ns|    1|    1|      yes|
    +---------+---------+-----------+-----------+-----+-----+---------+

    + Detail: 
        * Instance: 
        N/A

        * Loop: 
        N/A



================================================================
== Utilization Estimates
================================================================
* Summary: 
+-----------------+---------+-----+--------+-------+-----+
|       Name      | BRAM_18K| DSP |   FF   |  LUT  | URAM|
+-----------------+---------+-----+--------+-------+-----+
|DSP              |        -|    -|       -|      -|    -|
|Expression       |        -|    -|       0|   1037|    -|
|FIFO             |        -|    -|       -|      -|    -|
|Instance         |        -|    -|       0|    134|    -|
|Memory           |        -|    -|       -|      -|    -|
|Multiplexer      |        -|    -|       -|      -|    -|
|Register         |        -|    -|    1751|    704|    -|
+-----------------+---------+-----+--------+-------+-----+
|Total            |        0|    0|    1751|   1875|    0|
+-----------------+---------+-----+--------+-------+-----+
|Available        |      280|  220|  106400|  53200|    0|
+-----------------+---------+-----+--------+-------+-----+
|Utilization (%)  |        0|    0|       1|      3|    0|
+-----------------+---------+-----+--------+-------+-----+

+ Detail: 
    * Instance: 
    +-------------------------------+-------------------------+---------+----+---+-----+-----+
    |            Instance           |          Module         | BRAM_18K| DSP| FF| LUT | URAM|
    +-------------------------------+-------------------------+---------+----+---+-----+-----+
    |sparsemux_61_5_12_1_1_x_U1266  |sparsemux_61_5_12_1_1_x  |        0|   0|  0|  134|    0|
    +-------------------------------+-------------------------+---------+----+---+-----+-----+
    |Total                          |                         |        0|   0|  0|  134|    0|
    +-------------------------------+-------------------------+---------+----+---+-----+-----+

    * DSP: 
    N/A

    * Memory: 
    N/A

    * FIFO: 
    N/A

    * Expression: 
    +----------------------------+----------+----+---+----+------------+------------+
    |        Variable Name       | Operation| DSP| FF| LUT| Bitwidth P0| Bitwidth P1|
    +----------------------------+----------+----+---+----+------------+------------+
    |and_ln102_10_fu_879_p2      |       and|   0|  0|   2|           1|           1|
    |and_ln102_11_fu_652_p2      |       and|   0|  0|   2|           1|           1|
    |and_ln102_12_fu_986_p2      |       and|   0|  0|   2|           1|           1|
    |and_ln102_13_fu_580_p2      |       and|   0|  0|   2|           1|           1|
    |and_ln102_14_fu_656_p2      |       and|   0|  0|   2|           1|           1|
    |and_ln102_15_fu_665_p2      |       and|   0|  0|   2|           1|           1|
    |and_ln102_16_fu_777_p2      |       and|   0|  0|   2|           1|           1|
    |and_ln102_17_fu_786_p2      |       and|   0|  0|   2|           1|           1|
    |and_ln102_18_fu_791_p2      |       and|   0|  0|   2|           1|           1|
    |and_ln102_19_fu_888_p2      |       and|   0|  0|   2|           1|           1|
    |and_ln102_1_fu_524_p2       |       and|   0|  0|   2|           1|           1|
    |and_ln102_20_fu_893_p2      |       and|   0|  0|   2|           1|           1|
    |and_ln102_21_fu_902_p2      |       and|   0|  0|   2|           1|           1|
    |and_ln102_22_fu_990_p2      |       and|   0|  0|   2|           1|           1|
    |and_ln102_23_fu_999_p2      |       and|   0|  0|   2|           1|           1|
    |and_ln102_24_fu_1004_p2     |       and|   0|  0|   2|           1|           1|
    |and_ln102_25_fu_1084_p2     |       and|   0|  0|   2|           1|           1|
    |and_ln102_26_fu_1093_p2     |       and|   0|  0|   2|           1|           1|
    |and_ln102_27_fu_1148_p2     |       and|   0|  0|   2|           1|           1|
    |and_ln102_28_fu_660_p2      |       and|   0|  0|   2|           1|           1|
    |and_ln102_29_fu_781_p2      |       and|   0|  0|   2|           1|           1|
    |and_ln102_2_fu_532_p2       |       and|   0|  0|   2|           1|           1|
    |and_ln102_30_fu_883_p2      |       and|   0|  0|   2|           1|           1|
    |and_ln102_31_fu_897_p2      |       and|   0|  0|   2|           1|           1|
    |and_ln102_32_fu_994_p2      |       and|   0|  0|   2|           1|           1|
    |and_ln102_33_fu_1088_p2     |       and|   0|  0|   2|           1|           1|
    |and_ln102_3_fu_622_p2       |       and|   0|  0|   2|           1|           1|
    |and_ln102_4_fu_638_p2       |       and|   0|  0|   2|           1|           1|
    |and_ln102_5_fu_548_p2       |       and|   0|  0|   2|           1|           1|
    |and_ln102_6_fu_564_p2       |       and|   0|  0|   2|           1|           1|
    |and_ln102_7_fu_647_p2       |       and|   0|  0|   2|           1|           1|
    |and_ln102_8_fu_769_p2       |       and|   0|  0|   2|           1|           1|
    |and_ln102_9_fu_773_p2       |       and|   0|  0|   2|           1|           1|
    |and_ln102_fu_520_p2         |       and|   0|  0|   2|           1|           1|
    |and_ln104_1_fu_528_p2       |       and|   0|  0|   2|           1|           1|
    |and_ln104_2_fu_617_p2       |       and|   0|  0|   2|           1|           1|
    |and_ln104_3_fu_632_p2       |       and|   0|  0|   2|           1|           1|
    |and_ln104_4_fu_542_p2       |       and|   0|  0|   2|           1|           1|
    |and_ln104_5_fu_558_p2       |       and|   0|  0|   2|           1|           1|
    |and_ln104_6_fu_574_p2       |       and|   0|  0|   2|           1|           1|
    |and_ln104_7_fu_590_p2       |       and|   0|  0|   2|           1|           1|
    |and_ln104_fu_607_p2         |       and|   0|  0|   2|           1|           1|
    |icmp_ln86_10_fu_394_p2      |      icmp|   0|  0|  25|          18|          11|
    |icmp_ln86_11_fu_400_p2      |      icmp|   0|  0|  25|          18|          10|
    |icmp_ln86_12_fu_406_p2      |      icmp|   0|  0|  25|          18|          11|
    |icmp_ln86_13_fu_412_p2      |      icmp|   0|  0|  25|          18|          10|
    |icmp_ln86_14_fu_418_p2      |      icmp|   0|  0|  25|          18|           6|
    |icmp_ln86_15_fu_424_p2      |      icmp|   0|  0|  25|          18|          10|
    |icmp_ln86_16_fu_430_p2      |      icmp|   0|  0|  25|          18|           9|
    |icmp_ln86_17_fu_436_p2      |      icmp|   0|  0|  25|          18|          11|
    |icmp_ln86_18_fu_442_p2      |      icmp|   0|  0|  25|          18|           9|
    |icmp_ln86_19_fu_448_p2      |      icmp|   0|  0|  25|          18|          11|
    |icmp_ln86_1_fu_340_p2       |      icmp|   0|  0|  25|          18|          12|
    |icmp_ln86_20_fu_454_p2      |      icmp|   0|  0|  25|          18|           8|
    |icmp_ln86_21_fu_460_p2      |      icmp|   0|  0|  25|          18|          12|
    |icmp_ln86_22_fu_466_p2      |      icmp|   0|  0|  25|          18|          10|
    |icmp_ln86_23_fu_472_p2      |      icmp|   0|  0|  25|          18|          11|
    |icmp_ln86_24_fu_478_p2      |      icmp|   0|  0|  25|          18|           9|
    |icmp_ln86_25_fu_484_p2      |      icmp|   0|  0|  25|          18|           7|
    |icmp_ln86_26_fu_490_p2      |      icmp|   0|  0|  25|          18|          10|
    |icmp_ln86_27_fu_496_p2      |      icmp|   0|  0|  25|          18|           9|
    |icmp_ln86_28_fu_502_p2      |      icmp|   0|  0|  25|          18|          12|
    |icmp_ln86_2_fu_346_p2       |      icmp|   0|  0|  25|          18|          12|
    |icmp_ln86_3_fu_352_p2       |      icmp|   0|  0|  25|          18|          10|
    |icmp_ln86_4_fu_358_p2       |      icmp|   0|  0|  25|          18|          11|
    |icmp_ln86_5_fu_364_p2       |      icmp|   0|  0|  25|          18|          12|
    |icmp_ln86_6_fu_370_p2       |      icmp|   0|  0|  25|          18|          11|
    |icmp_ln86_7_fu_376_p2       |      icmp|   0|  0|  25|          18|           9|
    |icmp_ln86_8_fu_382_p2       |      icmp|   0|  0|  25|          18|          10|
    |icmp_ln86_9_fu_388_p2       |      icmp|   0|  0|  25|          18|          11|
    |icmp_ln86_fu_334_p2         |      icmp|   0|  0|  25|          18|          10|
    |or_ln117_10_fu_844_p2       |        or|   0|  0|   2|           1|           1|
    |or_ln117_11_fu_907_p2       |        or|   0|  0|   2|           1|           1|
    |or_ln117_12_fu_865_p2       |        or|   0|  0|   2|           1|           1|
    |or_ln117_13_fu_919_p2       |        or|   0|  0|   2|           1|           1|
    |or_ln117_14_fu_931_p2       |        or|   0|  0|   2|           1|           1|
    |or_ln117_15_fu_947_p2       |        or|   0|  0|   2|           1|           1|
    |or_ln117_16_fu_760_p2       |        or|   0|  0|   2|           1|           1|
    |or_ln117_17_fu_1008_p2      |        or|   0|  0|   2|           1|           1|
    |or_ln117_18_fu_976_p2       |        or|   0|  0|   2|           1|           1|
    |or_ln117_19_fu_1020_p2      |        or|   0|  0|   2|           1|           1|
    |or_ln117_1_fu_688_p2        |        or|   0|  0|   2|           1|           1|
    |or_ln117_20_fu_1032_p2      |        or|   0|  0|   2|           1|           1|
    |or_ln117_21_fu_1044_p2      |        or|   0|  0|   2|           1|           1|
    |or_ln117_22_fu_1058_p2      |        or|   0|  0|   2|           1|           1|
    |or_ln117_23_fu_1098_p2      |        or|   0|  0|   2|           1|           1|
    |or_ln117_24_fu_1103_p2      |        or|   0|  0|   2|           1|           1|
    |or_ln117_25_fu_1114_p2      |        or|   0|  0|   2|           1|           1|
    |or_ln117_26_fu_1128_p2      |        or|   0|  0|   2|           1|           1|
    |or_ln117_27_fu_1152_p2      |        or|   0|  0|   2|           1|           1|
    |or_ln117_28_fu_1157_p2      |        or|   0|  0|   2|           1|           1|
    |or_ln117_29_fu_670_p2       |        or|   0|  0|   2|           1|           1|
    |or_ln117_2_fu_700_p2        |        or|   0|  0|   2|           1|           1|
    |or_ln117_30_fu_674_p2       |        or|   0|  0|   2|           1|           1|
    |or_ln117_31_fu_679_p2       |        or|   0|  0|   2|           1|           1|
    |or_ln117_3_fu_716_p2        |        or|   0|  0|   2|           1|           1|
    |or_ln117_4_fu_730_p2        |        or|   0|  0|   2|           1|           1|
    |or_ln117_5_fu_796_p2        |        or|   0|  0|   2|           1|           1|
    |or_ln117_6_fu_750_p2        |        or|   0|  0|   2|           1|           1|
    |or_ln117_7_fu_812_p2        |        or|   0|  0|   2|           1|           1|
    |or_ln117_8_fu_756_p2        |        or|   0|  0|   2|           1|           1|
    |or_ln117_9_fu_832_p2        |        or|   0|  0|   2|           1|           1|
    |or_ln117_fu_596_p2          |        or|   0|  0|   2|           1|           1|
    |ap_return                   |    select|   0|  0|  12|           1|          12|
    |select_ln117_10_fu_857_p3   |    select|   0|  0|   4|           1|           4|
    |select_ln117_11_fu_912_p3   |    select|   0|  0|   4|           1|           4|
    |select_ln117_12_fu_924_p3   |    select|   0|  0|   4|           1|           4|
    |select_ln117_13_fu_935_p3   |    select|   0|  0|   4|           1|           4|
    |select_ln117_14_fu_953_p3   |    select|   0|  0|   6|           1|           5|
    |select_ln117_15_fu_961_p3   |    select|   0|  0|   5|           1|           5|
    |select_ln117_16_fu_969_p3   |    select|   0|  0|   5|           1|           5|
    |select_ln117_17_fu_1013_p3  |    select|   0|  0|   5|           1|           5|
    |select_ln117_18_fu_1025_p3  |    select|   0|  0|   5|           1|           5|
    |select_ln117_19_fu_1036_p3  |    select|   0|  0|   5|           1|           5|
    |select_ln117_1_fu_704_p3    |    select|   0|  0|   2|           1|           2|
    |select_ln117_20_fu_1050_p3  |    select|   0|  0|   5|           1|           5|
    |select_ln117_21_fu_1063_p3  |    select|   0|  0|   5|           1|           5|
    |select_ln117_22_fu_1071_p3  |    select|   0|  0|   5|           1|           5|
    |select_ln117_23_fu_1107_p3  |    select|   0|  0|   5|           1|           5|
    |select_ln117_24_fu_1120_p3  |    select|   0|  0|   5|           1|           5|
    |select_ln117_25_fu_1132_p3  |    select|   0|  0|   5|           1|           5|
    |select_ln117_26_fu_1140_p3  |    select|   0|  0|   5|           1|           5|
    |select_ln117_2_fu_722_p3    |    select|   0|  0|   4|           1|           3|
    |select_ln117_3_fu_734_p3    |    select|   0|  0|   3|           1|           3|
    |select_ln117_4_fu_742_p3    |    select|   0|  0|   3|           1|           3|
    |select_ln117_5_fu_801_p3    |    select|   0|  0|   3|           1|           3|
    |select_ln117_6_fu_817_p3    |    select|   0|  0|   5|           1|           4|
    |select_ln117_7_fu_824_p3    |    select|   0|  0|   4|           1|           4|
    |select_ln117_8_fu_837_p3    |    select|   0|  0|   4|           1|           4|
    |select_ln117_9_fu_849_p3    |    select|   0|  0|   4|           1|           4|
    |select_ln117_fu_693_p3      |    select|   0|  0|   3|           1|           2|
    |tmp_fu_1168_p62             |    select|   0|  0|   5|           1|           5|
    |xor_ln104_10_fu_874_p2      |       xor|   0|  0|   2|           1|           2|
    |xor_ln104_11_fu_981_p2      |       xor|   0|  0|   2|           1|           2|
    |xor_ln104_12_fu_569_p2      |       xor|   0|  0|   2|           1|           2|
    |xor_ln104_13_fu_1079_p2     |       xor|   0|  0|   2|           1|           2|
    |xor_ln104_14_fu_585_p2      |       xor|   0|  0|   2|           1|           2|
    |xor_ln104_1_fu_602_p2       |       xor|   0|  0|   2|           1|           2|
    |xor_ln104_2_fu_514_p2       |       xor|   0|  0|   2|           1|           2|
    |xor_ln104_3_fu_612_p2       |       xor|   0|  0|   2|           1|           2|
    |xor_ln104_4_fu_627_p2       |       xor|   0|  0|   2|           1|           2|
    |xor_ln104_5_fu_537_p2       |       xor|   0|  0|   2|           1|           2|
    |xor_ln104_6_fu_553_p2       |       xor|   0|  0|   2|           1|           2|
    |xor_ln104_7_fu_642_p2       |       xor|   0|  0|   2|           1|           2|
    |xor_ln104_8_fu_764_p2       |       xor|   0|  0|   2|           1|           2|
    |xor_ln104_9_fu_869_p2       |       xor|   0|  0|   2|           1|           2|
    |xor_ln104_fu_508_p2         |       xor|   0|  0|   2|           1|           2|
    +----------------------------+----------+----+---+----+------------+------------+
    |Total                       |          |   0|  0|1037|         640|         528|
    +----------------------------+----------+----+---+----+------------+------------+

    * Multiplexer: 
    N/A

    * Register: 
    +-------------------------------------+----+----+-----+-----------+
    |                 Name                | FF | LUT| Bits| Const Bits|
    +-------------------------------------+----+----+-----+-----------+
    |and_ln102_10_reg_1621                |   1|   0|    1|          0|
    |and_ln102_11_reg_1560                |   1|   0|    1|          0|
    |and_ln102_12_reg_1637                |   1|   0|    1|          0|
    |and_ln102_1_reg_1485                 |   1|   0|    1|          0|
    |and_ln102_2_reg_1490                 |   1|   0|    1|          0|
    |and_ln102_3_reg_1535                 |   1|   0|    1|          0|
    |and_ln102_3_reg_1535_pp0_iter3_reg   |   1|   0|    1|          0|
    |and_ln102_4_reg_1548                 |   1|   0|    1|          0|
    |and_ln102_5_reg_1501                 |   1|   0|    1|          0|
    |and_ln102_6_reg_1508                 |   1|   0|    1|          0|
    |and_ln102_7_reg_1555                 |   1|   0|    1|          0|
    |and_ln102_9_reg_1598                 |   1|   0|    1|          0|
    |and_ln102_reg_1479                   |   1|   0|    1|          0|
    |and_ln104_2_reg_1530                 |   1|   0|    1|          0|
    |and_ln104_3_reg_1542                 |   1|   0|    1|          0|
    |and_ln104_3_reg_1542_pp0_iter3_reg   |   1|   0|    1|          0|
    |and_ln104_4_reg_1496                 |   1|   0|    1|          0|
    |and_ln104_7_reg_1514                 |   1|   0|    1|          0|
    |icmp_ln86_10_reg_1366                |   1|   0|    1|          0|
    |icmp_ln86_11_reg_1372                |   1|   0|    1|          0|
    |icmp_ln86_12_reg_1378                |   1|   0|    1|          0|
    |icmp_ln86_12_reg_1378_pp0_iter1_reg  |   1|   0|    1|          0|
    |icmp_ln86_13_reg_1385                |   1|   0|    1|          0|
    |icmp_ln86_14_reg_1391                |   1|   0|    1|          0|
    |icmp_ln86_15_reg_1397                |   1|   0|    1|          0|
    |icmp_ln86_15_reg_1397_pp0_iter1_reg  |   1|   0|    1|          0|
    |icmp_ln86_16_reg_1402                |   1|   0|    1|          0|
    |icmp_ln86_16_reg_1402_pp0_iter1_reg  |   1|   0|    1|          0|
    |icmp_ln86_17_reg_1407                |   1|   0|    1|          0|
    |icmp_ln86_18_reg_1412                |   1|   0|    1|          0|
    |icmp_ln86_19_reg_1417                |   1|   0|    1|          0|
    |icmp_ln86_1_reg_1312                 |   1|   0|    1|          0|
    |icmp_ln86_1_reg_1312_pp0_iter1_reg   |   1|   0|    1|          0|
    |icmp_ln86_20_reg_1422                |   1|   0|    1|          0|
    |icmp_ln86_21_reg_1427                |   1|   0|    1|          0|
    |icmp_ln86_22_reg_1432                |   1|   0|    1|          0|
    |icmp_ln86_23_reg_1437                |   1|   0|    1|          0|
    |icmp_ln86_24_reg_1442                |   1|   0|    1|          0|
    |icmp_ln86_25_reg_1447                |   1|   0|    1|          0|
    |icmp_ln86_26_reg_1452                |   1|   0|    1|          0|
    |icmp_ln86_27_reg_1457                |   1|   0|    1|          0|
    |icmp_ln86_28_reg_1462                |   1|   0|    1|          0|
    |icmp_ln86_2_reg_1318                 |   1|   0|    1|          0|
    |icmp_ln86_3_reg_1323                 |   1|   0|    1|          0|
    |icmp_ln86_3_reg_1323_pp0_iter1_reg   |   1|   0|    1|          0|
    |icmp_ln86_4_reg_1329                 |   1|   0|    1|          0|
    |icmp_ln86_4_reg_1329_pp0_iter1_reg   |   1|   0|    1|          0|
    |icmp_ln86_5_reg_1335                 |   1|   0|    1|          0|
    |icmp_ln86_5_reg_1335_pp0_iter1_reg   |   1|   0|    1|          0|
    |icmp_ln86_6_reg_1342                 |   1|   0|    1|          0|
    |icmp_ln86_7_reg_1348                 |   1|   0|    1|          0|
    |icmp_ln86_7_reg_1348_pp0_iter1_reg   |   1|   0|    1|          0|
    |icmp_ln86_8_reg_1354                 |   1|   0|    1|          0|
    |icmp_ln86_9_reg_1360                 |   1|   0|    1|          0|
    |icmp_ln86_reg_1304                   |   1|   0|    1|          0|
    |icmp_ln86_reg_1304_pp0_iter1_reg     |   1|   0|    1|          0|
    |or_ln117_10_reg_1604                 |   1|   0|    1|          0|
    |or_ln117_12_reg_1614                 |   1|   0|    1|          0|
    |or_ln117_16_reg_1590                 |   1|   0|    1|          0|
    |or_ln117_18_reg_1631                 |   1|   0|    1|          0|
    |or_ln117_22_reg_1643                 |   1|   0|    1|          0|
    |or_ln117_26_reg_1655                 |   1|   0|    1|          0|
    |or_ln117_4_reg_1566                  |   1|   0|    1|          0|
    |or_ln117_6_reg_1576                  |   1|   0|    1|          0|
    |or_ln117_8_reg_1582                  |   1|   0|    1|          0|
    |or_ln117_reg_1520                    |   1|   0|    1|          0|
    |select_ln117_10_reg_1609             |   4|   0|    4|          0|
    |select_ln117_16_reg_1626             |   5|   0|    5|          0|
    |select_ln117_22_reg_1650             |   5|   0|    5|          0|
    |select_ln117_26_reg_1661             |   5|   0|    5|          0|
    |select_ln117_4_reg_1571              |   3|   0|    3|          0|
    |x_0_val_int_reg                      |  18|   0|   18|          0|
    |x_10_val_int_reg                     |  18|   0|   18|          0|
    |x_12_val_int_reg                     |  18|   0|   18|          0|
    |x_13_val_int_reg                     |  18|   0|   18|          0|
    |x_14_val_int_reg                     |  18|   0|   18|          0|
    |x_15_val_int_reg                     |  18|   0|   18|          0|
    |x_1_val_int_reg                      |  18|   0|   18|          0|
    |x_2_val_int_reg                      |  18|   0|   18|          0|
    |x_3_val_int_reg                      |  18|   0|   18|          0|
    |x_4_val_int_reg                      |  18|   0|   18|          0|
    |x_5_val_int_reg                      |  18|   0|   18|          0|
    |x_6_val_int_reg                      |  18|   0|   18|          0|
    |x_7_val_int_reg                      |  18|   0|   18|          0|
    |x_9_val_int_reg                      |  18|   0|   18|          0|
    |xor_ln104_2_reg_1473                 |   1|   0|    1|          0|
    |xor_ln104_2_reg_1473_pp0_iter1_reg   |   1|   0|    1|          0|
    |xor_ln104_reg_1467                   |   1|   0|    1|          0|
    |and_ln102_11_reg_1560                |  64|  32|    1|          0|
    |and_ln102_4_reg_1548                 |  64|  32|    1|          0|
    |and_ln102_5_reg_1501                 |  64|  32|    1|          0|
    |and_ln104_7_reg_1514                 |  64|  32|    1|          0|
    |icmp_ln86_10_reg_1366                |  64|  32|    1|          0|
    |icmp_ln86_11_reg_1372                |  64|  32|    1|          0|
    |icmp_ln86_13_reg_1385                |  64|  32|    1|          0|
    |icmp_ln86_17_reg_1407                |  64|  32|    1|          0|
    |icmp_ln86_18_reg_1412                |  64|  32|    1|          0|
    |icmp_ln86_19_reg_1417                |  64|  32|    1|          0|
    |icmp_ln86_20_reg_1422                |  64|  32|    1|          0|
    |icmp_ln86_21_reg_1427                |  64|  32|    1|          0|
    |icmp_ln86_22_reg_1432                |  64|  32|    1|          0|
    |icmp_ln86_23_reg_1437                |  64|  32|    1|          0|
    |icmp_ln86_24_reg_1442                |  64|  32|    1|          0|
    |icmp_ln86_25_reg_1447                |  64|  32|    1|          0|
    |icmp_ln86_26_reg_1452                |  64|  32|    1|          0|
    |icmp_ln86_27_reg_1457                |  64|  32|    1|          0|
    |icmp_ln86_28_reg_1462                |  64|  32|    1|          0|
    |icmp_ln86_8_reg_1354                 |  64|  32|    1|          0|
    |icmp_ln86_9_reg_1360                 |  64|  32|    1|          0|
    |or_ln117_16_reg_1590                 |  64|  32|    1|          0|
    +-------------------------------------+----+----+-----+-----------+
    |Total                                |1751| 704|  365|          0|
    +-------------------------------------+----+----+-----+-----------+



================================================================
== Interface
================================================================
* Summary: 
+-----------+-----+-----+------------+-------------------+--------------+
| RTL Ports | Dir | Bits|  Protocol  |   Source Object   |    C Type    |
+-----------+-----+-----+------------+-------------------+--------------+
|ap_clk     |   in|    1|  ap_ctrl_hs|  decision_function|  return value|
|ap_rst     |   in|    1|  ap_ctrl_hs|  decision_function|  return value|
|ap_return  |  out|   12|  ap_ctrl_hs|  decision_function|  return value|
|ap_ce      |   in|    1|  ap_ctrl_hs|  decision_function|  return value|
|x_0_val    |   in|   18|     ap_none|            x_0_val|        scalar|
|x_1_val    |   in|   18|     ap_none|            x_1_val|        scalar|
|x_2_val    |   in|   18|     ap_none|            x_2_val|        scalar|
|x_3_val    |   in|   18|     ap_none|            x_3_val|        scalar|
|x_4_val    |   in|   18|     ap_none|            x_4_val|        scalar|
|x_5_val    |   in|   18|     ap_none|            x_5_val|        scalar|
|x_6_val    |   in|   18|     ap_none|            x_6_val|        scalar|
|x_7_val    |   in|   18|     ap_none|            x_7_val|        scalar|
|x_9_val    |   in|   18|     ap_none|            x_9_val|        scalar|
|x_10_val   |   in|   18|     ap_none|           x_10_val|        scalar|
|x_12_val   |   in|   18|     ap_none|           x_12_val|        scalar|
|x_13_val   |   in|   18|     ap_none|           x_13_val|        scalar|
|x_14_val   |   in|   18|     ap_none|           x_14_val|        scalar|
|x_15_val   |   in|   18|     ap_none|           x_15_val|        scalar|
+-----------+-----+-----+------------+-------------------+--------------+

