

================================================================
== Vitis HLS Report for 'decision_function_38'
================================================================
* Date:           Tue Mar 11 16:17:09 2025

* Version:        2024.2 (Build 5238294 on Nov  8 2024)
* Project:        my_prj
* Solution:       solution1 (Vivado IP Flow Target)
* Product family: zynq
* Target device:  xc7z020-clg400-1


================================================================
== Performance Estimates
================================================================
+ Timing: 
    * Summary: 
    +--------+---------+----------+------------+
    |  Clock |  Target | Estimated| Uncertainty|
    +--------+---------+----------+------------+
    |ap_clk  |  5.00 ns|  3.645 ns|     1.35 ns|
    +--------+---------+----------+------------+

+ Latency: 
    * Summary: 
    +---------+---------+-----------+-----------+-----+-----+---------+
    |  Latency (cycles) |   Latency (absolute)  |  Interval | Pipeline|
    |   min   |   max   |    min    |    max    | min | max |   Type  |
    +---------+---------+-----------+-----------+-----+-----+---------+
    |        7|        7|  35.000 ns|  35.000 ns|    1|    1|      yes|
    +---------+---------+-----------+-----------+-----+-----+---------+

    + Detail: 
        * Instance: 
        N/A

        * Loop: 
        N/A



================================================================
== Utilization Estimates
================================================================
* Summary: 
+-----------------+---------+-----+--------+-------+-----+
|       Name      | BRAM_18K| DSP |   FF   |  LUT  | URAM|
+-----------------+---------+-----+--------+-------+-----+
|DSP              |        -|    -|       -|      -|    -|
|Expression       |        -|    -|       0|   1067|    -|
|FIFO             |        -|    -|       -|      -|    -|
|Instance         |        -|    -|       0|    138|    -|
|Memory           |        -|    -|       -|      -|    -|
|Multiplexer      |        -|    -|       -|      -|    -|
|Register         |        -|    -|    1823|    768|    -|
+-----------------+---------+-----+--------+-------+-----+
|Total            |        0|    0|    1823|   1973|    0|
+-----------------+---------+-----+--------+-------+-----+
|Available        |      280|  220|  106400|  53200|    0|
+-----------------+---------+-----+--------+-------+-----+
|Utilization (%)  |        0|    0|       1|      3|    0|
+-----------------+---------+-----+--------+-------+-----+

+ Detail: 
    * Instance: 
    +------------------------------+-------------------------+---------+----+---+-----+-----+
    |           Instance           |          Module         | BRAM_18K| DSP| FF| LUT | URAM|
    +------------------------------+-------------------------+---------+----+---+-----+-----+
    |sparsemux_63_5_12_1_1_x_U783  |sparsemux_63_5_12_1_1_x  |        0|   0|  0|  138|    0|
    +------------------------------+-------------------------+---------+----+---+-----+-----+
    |Total                         |                         |        0|   0|  0|  138|    0|
    +------------------------------+-------------------------+---------+----+---+-----+-----+

    * DSP: 
    N/A

    * Memory: 
    N/A

    * FIFO: 
    N/A

    * Expression: 
    +------------------------------+----------+----+---+----+------------+------------+
    |         Variable Name        | Operation| DSP| FF| LUT| Bitwidth P0| Bitwidth P1|
    +------------------------------+----------+----+---+----+------------+------------+
    |and_ln102_1037_fu_508_p2      |       and|   0|  0|   2|           1|           1|
    |and_ln102_1038_fu_522_p2      |       and|   0|  0|   2|           1|           1|
    |and_ln102_1039_fu_584_p2      |       and|   0|  0|   2|           1|           1|
    |and_ln102_1040_fu_807_p2      |       and|   0|  0|   2|           1|           1|
    |and_ln102_1041_fu_527_p2      |       and|   0|  0|   2|           1|           1|
    |and_ln102_1042_fu_543_p2      |       and|   0|  0|   2|           1|           1|
    |and_ln102_1043_fu_605_p2      |       and|   0|  0|   2|           1|           1|
    |and_ln102_1044_fu_707_p2      |       and|   0|  0|   2|           1|           1|
    |and_ln102_1045_fu_711_p2      |       and|   0|  0|   2|           1|           1|
    |and_ln102_1046_fu_831_p2      |       and|   0|  0|   2|           1|           1|
    |and_ln102_1047_fu_939_p2      |       and|   0|  0|   2|           1|           1|
    |and_ln102_1048_fu_943_p2      |       and|   0|  0|   2|           1|           1|
    |and_ln102_1049_fu_548_p2      |       and|   0|  0|   2|           1|           1|
    |and_ln102_1050_fu_610_p2      |       and|   0|  0|   2|           1|           1|
    |and_ln102_1051_fu_619_p2      |       and|   0|  0|   2|           1|           1|
    |and_ln102_1052_fu_715_p2      |       and|   0|  0|   2|           1|           1|
    |and_ln102_1053_fu_724_p2      |       and|   0|  0|   2|           1|           1|
    |and_ln102_1054_fu_729_p2      |       and|   0|  0|   2|           1|           1|
    |and_ln102_1055_fu_841_p2      |       and|   0|  0|   2|           1|           1|
    |and_ln102_1056_fu_846_p2      |       and|   0|  0|   2|           1|           1|
    |and_ln102_1057_fu_855_p2      |       and|   0|  0|   2|           1|           1|
    |and_ln102_1058_fu_947_p2      |       and|   0|  0|   2|           1|           1|
    |and_ln102_1059_fu_956_p2      |       and|   0|  0|   2|           1|           1|
    |and_ln102_1060_fu_961_p2      |       and|   0|  0|   2|           1|           1|
    |and_ln102_1061_fu_1057_p2     |       and|   0|  0|   2|           1|           1|
    |and_ln102_1062_fu_1062_p2     |       and|   0|  0|   2|           1|           1|
    |and_ln102_1063_fu_1071_p2     |       and|   0|  0|   2|           1|           1|
    |and_ln102_1064_fu_1146_p2     |       and|   0|  0|   2|           1|           1|
    |and_ln102_1065_fu_614_p2      |       and|   0|  0|   2|           1|           1|
    |and_ln102_1066_fu_719_p2      |       and|   0|  0|   2|           1|           1|
    |and_ln102_1067_fu_836_p2      |       and|   0|  0|   2|           1|           1|
    |and_ln102_1068_fu_850_p2      |       and|   0|  0|   2|           1|           1|
    |and_ln102_1069_fu_951_p2      |       and|   0|  0|   2|           1|           1|
    |and_ln102_1070_fu_1052_p2     |       and|   0|  0|   2|           1|           1|
    |and_ln102_1071_fu_1066_p2     |       and|   0|  0|   2|           1|           1|
    |and_ln102_fu_504_p2           |       and|   0|  0|   2|           1|           1|
    |and_ln104_209_fu_517_p2       |       and|   0|  0|   2|           1|           1|
    |and_ln104_210_fu_579_p2       |       and|   0|  0|   2|           1|           1|
    |and_ln104_211_fu_594_p2       |       and|   0|  0|   2|           1|           1|
    |and_ln104_212_fu_816_p2       |       and|   0|  0|   2|           1|           1|
    |and_ln104_213_fu_537_p2       |       and|   0|  0|   2|           1|           1|
    |and_ln104_214_fu_558_p2       |       and|   0|  0|   2|           1|           1|
    |and_ln104_fu_569_p2           |       and|   0|  0|   2|           1|           1|
    |icmp_ln86_1073_fu_324_p2      |      icmp|   0|  0|  25|          18|          12|
    |icmp_ln86_1074_fu_330_p2      |      icmp|   0|  0|  25|          18|          12|
    |icmp_ln86_1075_fu_336_p2      |      icmp|   0|  0|  25|          18|          10|
    |icmp_ln86_1076_fu_342_p2      |      icmp|   0|  0|  25|          18|           8|
    |icmp_ln86_1077_fu_348_p2      |      icmp|   0|  0|  25|          18|           9|
    |icmp_ln86_1078_fu_354_p2      |      icmp|   0|  0|  25|          18|          11|
    |icmp_ln86_1079_fu_360_p2      |      icmp|   0|  0|  25|          18|          10|
    |icmp_ln86_1080_fu_366_p2      |      icmp|   0|  0|  25|          18|           8|
    |icmp_ln86_1081_fu_372_p2      |      icmp|   0|  0|  25|          18|           8|
    |icmp_ln86_1082_fu_378_p2      |      icmp|   0|  0|  25|          18|           8|
    |icmp_ln86_1083_fu_384_p2      |      icmp|   0|  0|  25|          18|           8|
    |icmp_ln86_1084_fu_390_p2      |      icmp|   0|  0|  25|          18|           7|
    |icmp_ln86_1085_fu_396_p2      |      icmp|   0|  0|  25|          18|          11|
    |icmp_ln86_1086_fu_402_p2      |      icmp|   0|  0|  25|          18|          11|
    |icmp_ln86_1087_fu_408_p2      |      icmp|   0|  0|  25|          18|           9|
    |icmp_ln86_1088_fu_414_p2      |      icmp|   0|  0|  25|          18|          11|
    |icmp_ln86_1089_fu_420_p2      |      icmp|   0|  0|  25|          18|          10|
    |icmp_ln86_1090_fu_426_p2      |      icmp|   0|  0|  25|          18|           8|
    |icmp_ln86_1091_fu_432_p2      |      icmp|   0|  0|  25|          18|           7|
    |icmp_ln86_1092_fu_438_p2      |      icmp|   0|  0|  25|          18|           8|
    |icmp_ln86_1093_fu_444_p2      |      icmp|   0|  0|  25|          18|           8|
    |icmp_ln86_1094_fu_450_p2      |      icmp|   0|  0|  25|          18|          10|
    |icmp_ln86_1095_fu_456_p2      |      icmp|   0|  0|  25|          18|           8|
    |icmp_ln86_1096_fu_462_p2      |      icmp|   0|  0|  25|          18|          10|
    |icmp_ln86_1097_fu_468_p2      |      icmp|   0|  0|  25|          18|          10|
    |icmp_ln86_1098_fu_474_p2      |      icmp|   0|  0|  25|          18|           9|
    |icmp_ln86_1099_fu_480_p2      |      icmp|   0|  0|  25|          18|           8|
    |icmp_ln86_1100_fu_486_p2      |      icmp|   0|  0|  25|          18|          13|
    |icmp_ln86_1101_fu_492_p2      |      icmp|   0|  0|  25|          18|           4|
    |icmp_ln86_fu_318_p2           |      icmp|   0|  0|  25|          18|          10|
    |or_ln117_1000_fu_1088_p2      |        or|   0|  0|   2|           1|           1|
    |or_ln117_1001_fu_1100_p2      |        or|   0|  0|   2|           1|           1|
    |or_ln117_1002_fu_1112_p2      |        or|   0|  0|   2|           1|           1|
    |or_ln117_1003_fu_1126_p2      |        or|   0|  0|   2|           1|           1|
    |or_ln117_1004_fu_1150_p2      |        or|   0|  0|   2|           1|           1|
    |or_ln117_1005_fu_1155_p2      |        or|   0|  0|   2|           1|           1|
    |or_ln117_977_fu_638_p2        |        or|   0|  0|   2|           1|           1|
    |or_ln117_978_fu_650_p2        |        or|   0|  0|   2|           1|           1|
    |or_ln117_979_fu_668_p2        |        or|   0|  0|   2|           1|           1|
    |or_ln117_980_fu_734_p2        |        or|   0|  0|   2|           1|           1|
    |or_ln117_981_fu_688_p2        |        or|   0|  0|   2|           1|           1|
    |or_ln117_982_fu_746_p2        |        or|   0|  0|   2|           1|           1|
    |or_ln117_983_fu_694_p2        |        or|   0|  0|   2|           1|           1|
    |or_ln117_984_fu_770_p2        |        or|   0|  0|   2|           1|           1|
    |or_ln117_985_fu_782_p2        |        or|   0|  0|   2|           1|           1|
    |or_ln117_986_fu_860_p2        |        or|   0|  0|   2|           1|           1|
    |or_ln117_987_fu_803_p2        |        or|   0|  0|   2|           1|           1|
    |or_ln117_988_fu_872_p2        |        or|   0|  0|   2|           1|           1|
    |or_ln117_989_fu_884_p2        |        or|   0|  0|   2|           1|           1|
    |or_ln117_990_fu_896_p2        |        or|   0|  0|   2|           1|           1|
    |or_ln117_991_fu_698_p2        |        or|   0|  0|   2|           1|           1|
    |or_ln117_992_fu_966_p2        |        or|   0|  0|   2|           1|           1|
    |or_ln117_993_fu_929_p2        |        or|   0|  0|   2|           1|           1|
    |or_ln117_994_fu_978_p2        |        or|   0|  0|   2|           1|           1|
    |or_ln117_995_fu_990_p2        |        or|   0|  0|   2|           1|           1|
    |or_ln117_996_fu_1002_p2       |        or|   0|  0|   2|           1|           1|
    |or_ln117_997_fu_1016_p2       |        or|   0|  0|   2|           1|           1|
    |or_ln117_998_fu_1076_p2       |        or|   0|  0|   2|           1|           1|
    |or_ln117_999_fu_1038_p2       |        or|   0|  0|   2|           1|           1|
    |or_ln117_fu_624_p2            |        or|   0|  0|   2|           1|           1|
    |ap_return                     |    select|   0|  0|  12|           1|          12|
    |select_ln117_1041_fu_656_p3   |    select|   0|  0|   2|           1|           2|
    |select_ln117_1042_fu_672_p3   |    select|   0|  0|   4|           1|           3|
    |select_ln117_1043_fu_680_p3   |    select|   0|  0|   3|           1|           3|
    |select_ln117_1044_fu_739_p3   |    select|   0|  0|   3|           1|           3|
    |select_ln117_1045_fu_751_p3   |    select|   0|  0|   3|           1|           3|
    |select_ln117_1046_fu_762_p3   |    select|   0|  0|   5|           1|           4|
    |select_ln117_1047_fu_775_p3   |    select|   0|  0|   4|           1|           4|
    |select_ln117_1048_fu_787_p3   |    select|   0|  0|   4|           1|           4|
    |select_ln117_1049_fu_795_p3   |    select|   0|  0|   4|           1|           4|
    |select_ln117_1050_fu_865_p3   |    select|   0|  0|   4|           1|           4|
    |select_ln117_1051_fu_877_p3   |    select|   0|  0|   4|           1|           4|
    |select_ln117_1052_fu_888_p3   |    select|   0|  0|   4|           1|           4|
    |select_ln117_1053_fu_902_p3   |    select|   0|  0|   4|           1|           4|
    |select_ln117_1054_fu_914_p3   |    select|   0|  0|   6|           1|           5|
    |select_ln117_1055_fu_922_p3   |    select|   0|  0|   5|           1|           5|
    |select_ln117_1056_fu_971_p3   |    select|   0|  0|   5|           1|           5|
    |select_ln117_1057_fu_983_p3   |    select|   0|  0|   5|           1|           5|
    |select_ln117_1058_fu_994_p3   |    select|   0|  0|   5|           1|           5|
    |select_ln117_1059_fu_1008_p3  |    select|   0|  0|   5|           1|           5|
    |select_ln117_1060_fu_1022_p3  |    select|   0|  0|   5|           1|           5|
    |select_ln117_1061_fu_1030_p3  |    select|   0|  0|   5|           1|           5|
    |select_ln117_1062_fu_1081_p3  |    select|   0|  0|   5|           1|           5|
    |select_ln117_1063_fu_1093_p3  |    select|   0|  0|   5|           1|           5|
    |select_ln117_1064_fu_1104_p3  |    select|   0|  0|   5|           1|           5|
    |select_ln117_1065_fu_1118_p3  |    select|   0|  0|   5|           1|           5|
    |select_ln117_1066_fu_1130_p3  |    select|   0|  0|   5|           1|           5|
    |select_ln117_1067_fu_1138_p3  |    select|   0|  0|   5|           1|           5|
    |select_ln117_fu_642_p3        |    select|   0|  0|   3|           1|           2|
    |tmp_fu_1166_p64               |    select|   0|  0|   5|           1|           5|
    |xor_ln104_517_fu_564_p2       |       xor|   0|  0|   2|           1|           2|
    |xor_ln104_518_fu_512_p2       |       xor|   0|  0|   2|           1|           2|
    |xor_ln104_519_fu_574_p2       |       xor|   0|  0|   2|           1|           2|
    |xor_ln104_520_fu_589_p2       |       xor|   0|  0|   2|           1|           2|
    |xor_ln104_521_fu_811_p2       |       xor|   0|  0|   2|           1|           2|
    |xor_ln104_522_fu_532_p2       |       xor|   0|  0|   2|           1|           2|
    |xor_ln104_523_fu_600_p2       |       xor|   0|  0|   2|           1|           2|
    |xor_ln104_524_fu_702_p2       |       xor|   0|  0|   2|           1|           2|
    |xor_ln104_525_fu_821_p2       |       xor|   0|  0|   2|           1|           2|
    |xor_ln104_526_fu_826_p2       |       xor|   0|  0|   2|           1|           2|
    |xor_ln104_527_fu_934_p2       |       xor|   0|  0|   2|           1|           2|
    |xor_ln104_528_fu_1042_p2      |       xor|   0|  0|   2|           1|           2|
    |xor_ln104_529_fu_1047_p2      |       xor|   0|  0|   2|           1|           2|
    |xor_ln104_530_fu_553_p2       |       xor|   0|  0|   2|           1|           2|
    |xor_ln104_fu_498_p2           |       xor|   0|  0|   2|           1|           2|
    |xor_ln117_fu_629_p2           |       xor|   0|  0|   2|           2|           1|
    +------------------------------+----------+----+---+----+------------+------------+
    |Total                         |          |   0|  0|1067|         660|         515|
    +------------------------------+----------+----+---+----+------------+------------+

    * Multiplexer: 
    N/A

    * Register: 
    +---------------------------------------+----+----+-----+-----------+
    |                  Name                 | FF | LUT| Bits| Const Bits|
    +---------------------------------------+----+----+-----+-----------+
    |and_ln102_1037_reg_1484                |   1|   0|    1|          0|
    |and_ln102_1038_reg_1491                |   1|   0|    1|          0|
    |and_ln102_1039_reg_1531                |   1|   0|    1|          0|
    |and_ln102_1039_reg_1531_pp0_iter3_reg  |   1|   0|    1|          0|
    |and_ln102_1040_reg_1605                |   1|   0|    1|          0|
    |and_ln102_1041_reg_1497                |   1|   0|    1|          0|
    |and_ln102_1042_reg_1504                |   1|   0|    1|          0|
    |and_ln102_1043_reg_1544                |   1|   0|    1|          0|
    |and_ln102_1045_reg_1582                |   1|   0|    1|          0|
    |and_ln102_1046_reg_1617                |   1|   0|    1|          0|
    |and_ln102_1048_reg_1633                |   1|   0|    1|          0|
    |and_ln102_1049_reg_1510                |   1|   0|    1|          0|
    |and_ln102_reg_1478                     |   1|   0|    1|          0|
    |and_ln104_210_reg_1526                 |   1|   0|    1|          0|
    |and_ln104_211_reg_1538                 |   1|   0|    1|          0|
    |and_ln104_211_reg_1538_pp0_iter3_reg   |   1|   0|    1|          0|
    |and_ln104_212_reg_1611                 |   1|   0|    1|          0|
    |and_ln104_212_reg_1611_pp0_iter5_reg   |   1|   0|    1|          0|
    |and_ln104_214_reg_1520                 |   1|   0|    1|          0|
    |icmp_ln86_1073_reg_1313                |   1|   0|    1|          0|
    |icmp_ln86_1073_reg_1313_pp0_iter1_reg  |   1|   0|    1|          0|
    |icmp_ln86_1074_reg_1319                |   1|   0|    1|          0|
    |icmp_ln86_1075_reg_1325                |   1|   0|    1|          0|
    |icmp_ln86_1075_reg_1325_pp0_iter1_reg  |   1|   0|    1|          0|
    |icmp_ln86_1076_reg_1331                |   1|   0|    1|          0|
    |icmp_ln86_1076_reg_1331_pp0_iter1_reg  |   1|   0|    1|          0|
    |icmp_ln86_1077_reg_1337                |   1|   0|    1|          0|
    |icmp_ln86_1078_reg_1343                |   1|   0|    1|          0|
    |icmp_ln86_1079_reg_1349                |   1|   0|    1|          0|
    |icmp_ln86_1079_reg_1349_pp0_iter1_reg  |   1|   0|    1|          0|
    |icmp_ln86_1080_reg_1355                |   1|   0|    1|          0|
    |icmp_ln86_1081_reg_1361                |   1|   0|    1|          0|
    |icmp_ln86_1082_reg_1367                |   1|   0|    1|          0|
    |icmp_ln86_1083_reg_1373                |   1|   0|    1|          0|
    |icmp_ln86_1084_reg_1379                |   1|   0|    1|          0|
    |icmp_ln86_1085_reg_1385                |   1|   0|    1|          0|
    |icmp_ln86_1086_reg_1391                |   1|   0|    1|          0|
    |icmp_ln86_1087_reg_1397                |   1|   0|    1|          0|
    |icmp_ln86_1087_reg_1397_pp0_iter1_reg  |   1|   0|    1|          0|
    |icmp_ln86_1088_reg_1402                |   1|   0|    1|          0|
    |icmp_ln86_1088_reg_1402_pp0_iter1_reg  |   1|   0|    1|          0|
    |icmp_ln86_1089_reg_1407                |   1|   0|    1|          0|
    |icmp_ln86_1090_reg_1412                |   1|   0|    1|          0|
    |icmp_ln86_1091_reg_1417                |   1|   0|    1|          0|
    |icmp_ln86_1092_reg_1422                |   1|   0|    1|          0|
    |icmp_ln86_1093_reg_1427                |   1|   0|    1|          0|
    |icmp_ln86_1094_reg_1432                |   1|   0|    1|          0|
    |icmp_ln86_1095_reg_1437                |   1|   0|    1|          0|
    |icmp_ln86_1096_reg_1442                |   1|   0|    1|          0|
    |icmp_ln86_1097_reg_1447                |   1|   0|    1|          0|
    |icmp_ln86_1098_reg_1452                |   1|   0|    1|          0|
    |icmp_ln86_1099_reg_1457                |   1|   0|    1|          0|
    |icmp_ln86_1100_reg_1462                |   1|   0|    1|          0|
    |icmp_ln86_1101_reg_1467                |   1|   0|    1|          0|
    |icmp_ln86_reg_1306                     |   1|   0|    1|          0|
    |icmp_ln86_reg_1306_pp0_iter1_reg       |   1|   0|    1|          0|
    |or_ln117_1003_reg_1657                 |   1|   0|    1|          0|
    |or_ln117_979_reg_1549                  |   1|   0|    1|          0|
    |or_ln117_981_reg_1559                  |   1|   0|    1|          0|
    |or_ln117_983_reg_1565                  |   1|   0|    1|          0|
    |or_ln117_985_reg_1588                  |   1|   0|    1|          0|
    |or_ln117_987_reg_1598                  |   1|   0|    1|          0|
    |or_ln117_991_reg_1573                  |   1|   0|    1|          0|
    |or_ln117_993_reg_1627                  |   1|   0|    1|          0|
    |or_ln117_997_reg_1639                  |   1|   0|    1|          0|
    |or_ln117_999_reg_1649                  |   1|   0|    1|          0|
    |select_ln117_1043_reg_1554             |   3|   0|    3|          0|
    |select_ln117_1049_reg_1593             |   4|   0|    4|          0|
    |select_ln117_1055_reg_1622             |   5|   0|    5|          0|
    |select_ln117_1061_reg_1644             |   5|   0|    5|          0|
    |select_ln117_1067_reg_1663             |   5|   0|    5|          0|
    |x_0_val_int_reg                        |  18|   0|   18|          0|
    |x_11_val_int_reg                       |  18|   0|   18|          0|
    |x_12_val_int_reg                       |  18|   0|   18|          0|
    |x_13_val_int_reg                       |  18|   0|   18|          0|
    |x_14_val_int_reg                       |  18|   0|   18|          0|
    |x_15_val_int_reg                       |  18|   0|   18|          0|
    |x_1_val_int_reg                        |  18|   0|   18|          0|
    |x_2_val_int_reg                        |  18|   0|   18|          0|
    |x_3_val_int_reg                        |  18|   0|   18|          0|
    |x_5_val_int_reg                        |  18|   0|   18|          0|
    |x_7_val_int_reg                        |  18|   0|   18|          0|
    |xor_ln104_reg_1472                     |   1|   0|    1|          0|
    |and_ln102_1037_reg_1484                |  64|  32|    1|          0|
    |and_ln102_1041_reg_1497                |  64|  32|    1|          0|
    |and_ln104_214_reg_1520                 |  64|  32|    1|          0|
    |icmp_ln86_1077_reg_1337                |  64|  32|    1|          0|
    |icmp_ln86_1080_reg_1355                |  64|  32|    1|          0|
    |icmp_ln86_1081_reg_1361                |  64|  32|    1|          0|
    |icmp_ln86_1082_reg_1367                |  64|  32|    1|          0|
    |icmp_ln86_1083_reg_1373                |  64|  32|    1|          0|
    |icmp_ln86_1084_reg_1379                |  64|  32|    1|          0|
    |icmp_ln86_1085_reg_1385                |  64|  32|    1|          0|
    |icmp_ln86_1089_reg_1407                |  64|  32|    1|          0|
    |icmp_ln86_1090_reg_1412                |  64|  32|    1|          0|
    |icmp_ln86_1091_reg_1417                |  64|  32|    1|          0|
    |icmp_ln86_1092_reg_1422                |  64|  32|    1|          0|
    |icmp_ln86_1093_reg_1427                |  64|  32|    1|          0|
    |icmp_ln86_1094_reg_1432                |  64|  32|    1|          0|
    |icmp_ln86_1095_reg_1437                |  64|  32|    1|          0|
    |icmp_ln86_1096_reg_1442                |  64|  32|    1|          0|
    |icmp_ln86_1097_reg_1447                |  64|  32|    1|          0|
    |icmp_ln86_1098_reg_1452                |  64|  32|    1|          0|
    |icmp_ln86_1099_reg_1457                |  64|  32|    1|          0|
    |icmp_ln86_1100_reg_1462                |  64|  32|    1|          0|
    |icmp_ln86_1101_reg_1467                |  64|  32|    1|          0|
    |or_ln117_991_reg_1573                  |  64|  32|    1|          0|
    +---------------------------------------+----+----+-----+-----------+
    |Total                                  |1823| 768|  311|          0|
    +---------------------------------------+----+----+-----+-----------+



================================================================
== Interface
================================================================
* Summary: 
+-----------+-----+-----+------------+----------------------+--------------+
| RTL Ports | Dir | Bits|  Protocol  |     Source Object    |    C Type    |
+-----------+-----+-----+------------+----------------------+--------------+
|ap_clk     |   in|    1|  ap_ctrl_hs|  decision_function.38|  return value|
|ap_rst     |   in|    1|  ap_ctrl_hs|  decision_function.38|  return value|
|ap_return  |  out|   12|  ap_ctrl_hs|  decision_function.38|  return value|
|ap_ce      |   in|    1|  ap_ctrl_hs|  decision_function.38|  return value|
|x_0_val    |   in|   18|     ap_none|               x_0_val|        scalar|
|x_1_val    |   in|   18|     ap_none|               x_1_val|        scalar|
|x_2_val    |   in|   18|     ap_none|               x_2_val|        scalar|
|x_3_val    |   in|   18|     ap_none|               x_3_val|        scalar|
|x_5_val    |   in|   18|     ap_none|               x_5_val|        scalar|
|x_7_val    |   in|   18|     ap_none|               x_7_val|        scalar|
|x_11_val   |   in|   18|     ap_none|              x_11_val|        scalar|
|x_12_val   |   in|   18|     ap_none|              x_12_val|        scalar|
|x_13_val   |   in|   18|     ap_none|              x_13_val|        scalar|
|x_14_val   |   in|   18|     ap_none|              x_14_val|        scalar|
|x_15_val   |   in|   18|     ap_none|              x_15_val|        scalar|
+-----------+-----+-----+------------+----------------------+--------------+

