

================================================================
== Vitis HLS Report for 'decision_function_93'
================================================================
* Date:           Tue Mar 11 16:16:54 2025

* Version:        2024.2 (Build 5238294 on Nov  8 2024)
* Project:        my_prj
* Solution:       solution1 (Vivado IP Flow Target)
* Product family: zynq
* Target device:  xc7z020-clg400-1


================================================================
== Performance Estimates
================================================================
+ Timing: 
    * Summary: 
    +--------+---------+----------+------------+
    |  Clock |  Target | Estimated| Uncertainty|
    +--------+---------+----------+------------+
    |ap_clk  |  5.00 ns|  3.645 ns|     1.35 ns|
    +--------+---------+----------+------------+

+ Latency: 
    * Summary: 
    +---------+---------+-----------+-----------+-----+-----+---------+
    |  Latency (cycles) |   Latency (absolute)  |  Interval | Pipeline|
    |   min   |   max   |    min    |    max    | min | max |   Type  |
    +---------+---------+-----------+-----------+-----+-----+---------+
    |        8|        8|  40.000 ns|  40.000 ns|    1|    1|      yes|
    +---------+---------+-----------+-----------+-----+-----+---------+

    + Detail: 
        * Instance: 
        N/A

        * Loop: 
        N/A



================================================================
== Utilization Estimates
================================================================
* Summary: 
+-----------------+---------+-----+--------+-------+-----+
|       Name      | BRAM_18K| DSP |   FF   |  LUT  | URAM|
+-----------------+---------+-----+--------+-------+-----+
|DSP              |        -|    -|       -|      -|    -|
|Expression       |        -|    -|       0|   1065|    -|
|FIFO             |        -|    -|       -|      -|    -|
|Instance         |        -|    -|       0|    142|    -|
|Memory           |        -|    -|       -|      -|    -|
|Multiplexer      |        -|    -|       -|      -|    -|
|Register         |        -|    -|    1675|    704|    -|
+-----------------+---------+-----+--------+-------+-----+
|Total            |        0|    0|    1675|   1911|    0|
+-----------------+---------+-----+--------+-------+-----+
|Available        |      280|  220|  106400|  53200|    0|
+-----------------+---------+-----+--------+-------+-----+
|Utilization (%)  |        0|    0|       1|      3|    0|
+-----------------+---------+-----+--------+-------+-----+

+ Detail: 
    * Instance: 
    +-------------------------------+--------------------------+---------+----+---+-----+-----+
    |            Instance           |          Module          | BRAM_18K| DSP| FF| LUT | URAM|
    +-------------------------------+--------------------------+---------+----+---+-----+-----+
    |sparsemux_65_5_11_1_1_x0_U144  |sparsemux_65_5_11_1_1_x0  |        0|   0|  0|  142|    0|
    +-------------------------------+--------------------------+---------+----+---+-----+-----+
    |Total                          |                          |        0|   0|  0|  142|    0|
    +-------------------------------+--------------------------+---------+----+---+-----+-----+

    * DSP: 
    N/A

    * Memory: 
    N/A

    * FIFO: 
    N/A

    * Expression: 
    +-----------------------------+----------+----+---+----+------------+------------+
    |        Variable Name        | Operation| DSP| FF| LUT| Bitwidth P0| Bitwidth P1|
    +-----------------------------+----------+----+---+----+------------+------------+
    |and_ln102_212_fu_484_p2      |       and|   0|  0|   2|           1|           1|
    |and_ln102_213_fu_510_p2      |       and|   0|  0|   2|           1|           1|
    |and_ln102_214_fu_722_p2      |       and|   0|  0|   2|           1|           1|
    |and_ln102_215_fu_853_p2      |       and|   0|  0|   2|           1|           1|
    |and_ln102_216_fu_515_p2      |       and|   0|  0|   2|           1|           1|
    |and_ln102_217_fu_524_p2      |       and|   0|  0|   2|           1|           1|
    |and_ln102_218_fu_617_p2      |       and|   0|  0|   2|           1|           1|
    |and_ln102_219_fu_621_p2      |       and|   0|  0|   2|           1|           1|
    |and_ln102_220_fu_746_p2      |       and|   0|  0|   2|           1|           1|
    |and_ln102_221_fu_874_p2      |       and|   0|  0|   2|           1|           1|
    |and_ln102_222_fu_878_p2      |       and|   0|  0|   2|           1|           1|
    |and_ln102_223_fu_1082_p2     |       and|   0|  0|   2|           1|           1|
    |and_ln102_224_fu_529_p2      |       and|   0|  0|   2|           1|           1|
    |and_ln102_225_fu_534_p2      |       and|   0|  0|   2|           1|           1|
    |and_ln102_226_fu_539_p2      |       and|   0|  0|   2|           1|           1|
    |and_ln102_227_fu_626_p2      |       and|   0|  0|   2|           1|           1|
    |and_ln102_228_fu_630_p2      |       and|   0|  0|   2|           1|           1|
    |and_ln102_229_fu_635_p2      |       and|   0|  0|   2|           1|           1|
    |and_ln102_230_fu_640_p2      |       and|   0|  0|   2|           1|           1|
    |and_ln102_231_fu_751_p2      |       and|   0|  0|   2|           1|           1|
    |and_ln102_232_fu_756_p2      |       and|   0|  0|   2|           1|           1|
    |and_ln102_233_fu_761_p2      |       and|   0|  0|   2|           1|           1|
    |and_ln102_234_fu_765_p2      |       and|   0|  0|   2|           1|           1|
    |and_ln102_235_fu_770_p2      |       and|   0|  0|   2|           1|           1|
    |and_ln102_236_fu_883_p2      |       and|   0|  0|   2|           1|           1|
    |and_ln102_237_fu_887_p2      |       and|   0|  0|   2|           1|           1|
    |and_ln102_238_fu_892_p2      |       and|   0|  0|   2|           1|           1|
    |and_ln102_239_fu_897_p2      |       and|   0|  0|   2|           1|           1|
    |and_ln102_240_fu_988_p2      |       and|   0|  0|   2|           1|           1|
    |and_ln102_241_fu_993_p2      |       and|   0|  0|   2|           1|           1|
    |and_ln102_242_fu_998_p2      |       and|   0|  0|   2|           1|           1|
    |and_ln102_243_fu_1002_p2     |       and|   0|  0|   2|           1|           1|
    |and_ln102_244_fu_1007_p2     |       and|   0|  0|   2|           1|           1|
    |and_ln102_245_fu_1086_p2     |       and|   0|  0|   2|           1|           1|
    |and_ln102_246_fu_1121_p2     |       and|   0|  0|   2|           1|           1|
    |and_ln102_247_fu_1126_p2     |       and|   0|  0|   2|           1|           1|
    |and_ln102_fu_597_p2          |       and|   0|  0|   2|           1|           1|
    |and_ln104_31_fu_849_p2       |       and|   0|  0|   2|           1|           1|
    |and_ln104_32_fu_505_p2       |       and|   0|  0|   2|           1|           1|
    |and_ln104_33_fu_612_p2       |       and|   0|  0|   2|           1|           1|
    |and_ln104_34_fu_731_p2       |       and|   0|  0|   2|           1|           1|
    |and_ln104_35_fu_863_p2       |       and|   0|  0|   2|           1|           1|
    |and_ln104_fu_495_p2          |       and|   0|  0|   2|           1|           1|
    |icmp_ln86_171_fu_310_p2      |      icmp|   0|  0|  25|          18|           9|
    |icmp_ln86_172_fu_316_p2      |      icmp|   0|  0|  25|          18|          11|
    |icmp_ln86_173_fu_322_p2      |      icmp|   0|  0|  25|          18|           6|
    |icmp_ln86_174_fu_328_p2      |      icmp|   0|  0|  25|          18|           7|
    |icmp_ln86_175_fu_334_p2      |      icmp|   0|  0|  25|          18|           8|
    |icmp_ln86_176_fu_340_p2      |      icmp|   0|  0|  25|          18|           9|
    |icmp_ln86_177_fu_346_p2      |      icmp|   0|  0|  25|          18|          12|
    |icmp_ln86_178_fu_352_p2      |      icmp|   0|  0|  25|          18|           8|
    |icmp_ln86_179_fu_358_p2      |      icmp|   0|  0|  25|          18|           9|
    |icmp_ln86_180_fu_364_p2      |      icmp|   0|  0|  25|          18|          10|
    |icmp_ln86_181_fu_370_p2      |      icmp|   0|  0|  25|          18|          10|
    |icmp_ln86_182_fu_376_p2      |      icmp|   0|  0|  25|          18|           7|
    |icmp_ln86_183_fu_382_p2      |      icmp|   0|  0|  25|          18|          12|
    |icmp_ln86_184_fu_388_p2      |      icmp|   0|  0|  25|          18|          11|
    |icmp_ln86_185_fu_394_p2      |      icmp|   0|  0|  25|          18|           9|
    |icmp_ln86_186_fu_400_p2      |      icmp|   0|  0|  25|          18|           8|
    |icmp_ln86_187_fu_406_p2      |      icmp|   0|  0|  25|          18|           9|
    |icmp_ln86_188_fu_412_p2      |      icmp|   0|  0|  25|          18|           9|
    |icmp_ln86_189_fu_418_p2      |      icmp|   0|  0|  25|          18|           2|
    |icmp_ln86_190_fu_424_p2      |      icmp|   0|  0|  25|          18|          10|
    |icmp_ln86_191_fu_430_p2      |      icmp|   0|  0|  25|          18|           9|
    |icmp_ln86_192_fu_436_p2      |      icmp|   0|  0|  25|          18|           9|
    |icmp_ln86_193_fu_442_p2      |      icmp|   0|  0|  25|          18|          12|
    |icmp_ln86_194_fu_448_p2      |      icmp|   0|  0|  25|          18|          12|
    |icmp_ln86_195_fu_454_p2      |      icmp|   0|  0|  25|          18|           8|
    |icmp_ln86_196_fu_460_p2      |      icmp|   0|  0|  25|          18|          11|
    |icmp_ln86_197_fu_466_p2      |      icmp|   0|  0|  25|          18|           7|
    |icmp_ln86_198_fu_472_p2      |      icmp|   0|  0|  25|          18|           8|
    |icmp_ln86_199_fu_478_p2      |      icmp|   0|  0|  25|          18|          11|
    |icmp_ln86_fu_304_p2          |      icmp|   0|  0|  25|          18|           9|
    |or_ln117_153_fu_645_p2       |        or|   0|  0|   2|           1|           1|
    |or_ln117_154_fu_587_p2       |        or|   0|  0|   2|           1|           1|
    |or_ln117_155_fu_657_p2       |        or|   0|  0|   2|           1|           1|
    |or_ln117_156_fu_681_p2       |        or|   0|  0|   2|           1|           1|
    |or_ln117_157_fu_693_p2       |        or|   0|  0|   2|           1|           1|
    |or_ln117_158_fu_775_p2       |        or|   0|  0|   2|           1|           1|
    |or_ln117_159_fu_714_p2       |        or|   0|  0|   2|           1|           1|
    |or_ln117_160_fu_787_p2       |        or|   0|  0|   2|           1|           1|
    |or_ln117_161_fu_799_p2       |        or|   0|  0|   2|           1|           1|
    |or_ln117_162_fu_811_p2       |        or|   0|  0|   2|           1|           1|
    |or_ln117_163_fu_718_p2       |        or|   0|  0|   2|           1|           1|
    |or_ln117_164_fu_902_p2       |        or|   0|  0|   2|           1|           1|
    |or_ln117_165_fu_844_p2       |        or|   0|  0|   2|           1|           1|
    |or_ln117_166_fu_914_p2       |        or|   0|  0|   2|           1|           1|
    |or_ln117_167_fu_926_p2       |        or|   0|  0|   2|           1|           1|
    |or_ln117_168_fu_938_p2       |        or|   0|  0|   2|           1|           1|
    |or_ln117_169_fu_952_p2       |        or|   0|  0|   2|           1|           1|
    |or_ln117_170_fu_1012_p2      |        or|   0|  0|   2|           1|           1|
    |or_ln117_171_fu_974_p2       |        or|   0|  0|   2|           1|           1|
    |or_ln117_172_fu_1024_p2      |        or|   0|  0|   2|           1|           1|
    |or_ln117_173_fu_1036_p2      |        or|   0|  0|   2|           1|           1|
    |or_ln117_174_fu_1048_p2      |        or|   0|  0|   2|           1|           1|
    |or_ln117_175_fu_1062_p2      |        or|   0|  0|   2|           1|           1|
    |or_ln117_176_fu_1091_p2      |        or|   0|  0|   2|           1|           1|
    |or_ln117_177_fu_1096_p2      |        or|   0|  0|   2|           1|           1|
    |or_ln117_178_fu_1131_p2      |        or|   0|  0|   2|           1|           1|
    |or_ln117_179_fu_1279_p2      |        or|   0|  0|   2|           1|           1|
    |or_ln117_fu_554_p2           |        or|   0|  0|   2|           1|           1|
    |ap_return                    |    select|   0|  0|  11|           1|          11|
    |select_ln117_169_fu_568_p3   |    select|   0|  0|   2|           1|           2|
    |select_ln117_170_fu_580_p3   |    select|   0|  0|   4|           1|           3|
    |select_ln117_171_fu_650_p3   |    select|   0|  0|   3|           1|           3|
    |select_ln117_172_fu_662_p3   |    select|   0|  0|   3|           1|           3|
    |select_ln117_173_fu_669_p3   |    select|   0|  0|   3|           1|           3|
    |select_ln117_174_fu_686_p3   |    select|   0|  0|   5|           1|           4|
    |select_ln117_175_fu_698_p3   |    select|   0|  0|   4|           1|           4|
    |select_ln117_176_fu_706_p3   |    select|   0|  0|   4|           1|           4|
    |select_ln117_177_fu_780_p3   |    select|   0|  0|   4|           1|           4|
    |select_ln117_178_fu_792_p3   |    select|   0|  0|   4|           1|           4|
    |select_ln117_179_fu_803_p3   |    select|   0|  0|   4|           1|           4|
    |select_ln117_180_fu_817_p3   |    select|   0|  0|   4|           1|           4|
    |select_ln117_181_fu_825_p3   |    select|   0|  0|   4|           1|           4|
    |select_ln117_182_fu_837_p3   |    select|   0|  0|   6|           1|           5|
    |select_ln117_183_fu_907_p3   |    select|   0|  0|   5|           1|           5|
    |select_ln117_184_fu_919_p3   |    select|   0|  0|   5|           1|           5|
    |select_ln117_185_fu_930_p3   |    select|   0|  0|   5|           1|           5|
    |select_ln117_186_fu_944_p3   |    select|   0|  0|   5|           1|           5|
    |select_ln117_187_fu_958_p3   |    select|   0|  0|   5|           1|           5|
    |select_ln117_188_fu_966_p3   |    select|   0|  0|   5|           1|           5|
    |select_ln117_189_fu_1017_p3  |    select|   0|  0|   5|           1|           5|
    |select_ln117_190_fu_1029_p3  |    select|   0|  0|   5|           1|           5|
    |select_ln117_191_fu_1040_p3  |    select|   0|  0|   5|           1|           5|
    |select_ln117_192_fu_1054_p3  |    select|   0|  0|   5|           1|           5|
    |select_ln117_193_fu_1066_p3  |    select|   0|  0|   5|           1|           5|
    |select_ln117_194_fu_1074_p3  |    select|   0|  0|   5|           1|           5|
    |select_ln117_195_fu_1101_p3  |    select|   0|  0|   5|           1|           5|
    |select_ln117_196_fu_1108_p3  |    select|   0|  0|   5|           1|           5|
    |select_ln117_fu_560_p3       |    select|   0|  0|   3|           1|           2|
    |tmp_fu_1143_p66              |    select|   0|  0|   5|           1|           5|
    |xor_ln104_81_fu_490_p2       |       xor|   0|  0|   2|           1|           2|
    |xor_ln104_82_fu_602_p2       |       xor|   0|  0|   2|           1|           2|
    |xor_ln104_83_fu_500_p2       |       xor|   0|  0|   2|           1|           2|
    |xor_ln104_84_fu_607_p2       |       xor|   0|  0|   2|           1|           2|
    |xor_ln104_85_fu_726_p2       |       xor|   0|  0|   2|           1|           2|
    |xor_ln104_86_fu_858_p2       |       xor|   0|  0|   2|           1|           2|
    |xor_ln104_87_fu_519_p2       |       xor|   0|  0|   2|           1|           2|
    |xor_ln104_88_fu_736_p2       |       xor|   0|  0|   2|           1|           2|
    |xor_ln104_89_fu_741_p2       |       xor|   0|  0|   2|           1|           2|
    |xor_ln104_90_fu_869_p2       |       xor|   0|  0|   2|           1|           2|
    |xor_ln104_91_fu_978_p2       |       xor|   0|  0|   2|           1|           2|
    |xor_ln104_92_fu_983_p2       |       xor|   0|  0|   2|           1|           2|
    |xor_ln104_93_fu_1116_p2      |       xor|   0|  0|   2|           1|           2|
    |xor_ln104_fu_592_p2          |       xor|   0|  0|   2|           1|           2|
    |xor_ln117_fu_544_p2          |       xor|   0|  0|   2|           2|           1|
    +-----------------------------+----------+----+---+----+------------+------------+
    |Total                        |          |   0|  0|1065|         658|         511|
    +-----------------------------+----------+----+---+----+------------+------------+

    * Multiplexer: 
    N/A

    * Register: 
    +--------------------------------------+----+----+-----+-----------+
    |                 Name                 | FF | LUT| Bits| Const Bits|
    +--------------------------------------+----+----+-----+-----------+
    |and_ln102_212_reg_1459                |   1|   0|    1|          0|
    |and_ln102_212_reg_1459_pp0_iter1_reg  |   1|   0|    1|          0|
    |and_ln102_213_reg_1479                |   1|   0|    1|          0|
    |and_ln102_213_reg_1479_pp0_iter2_reg  |   1|   0|    1|          0|
    |and_ln102_214_reg_1558                |   1|   0|    1|          0|
    |and_ln102_215_reg_1586                |   1|   0|    1|          0|
    |and_ln102_217_reg_1486                |   1|   0|    1|          0|
    |and_ln102_219_reg_1525                |   1|   0|    1|          0|
    |and_ln102_220_reg_1570                |   1|   0|    1|          0|
    |and_ln102_222_reg_1598                |   1|   0|    1|          0|
    |and_ln102_reg_1508                    |   1|   0|    1|          0|
    |and_ln102_reg_1508_pp0_iter3_reg      |   1|   0|    1|          0|
    |and_ln104_32_reg_1474                 |   1|   0|    1|          0|
    |and_ln104_33_reg_1520                 |   1|   0|    1|          0|
    |and_ln104_34_reg_1564                 |   1|   0|    1|          0|
    |and_ln104_34_reg_1564_pp0_iter4_reg   |   1|   0|    1|          0|
    |and_ln104_35_reg_1592                 |   1|   0|    1|          0|
    |and_ln104_reg_1468                    |   1|   0|    1|          0|
    |icmp_ln86_171_reg_1296                |   1|   0|    1|          0|
    |icmp_ln86_171_reg_1296_pp0_iter1_reg  |   1|   0|    1|          0|
    |icmp_ln86_172_reg_1307                |   1|   0|    1|          0|
    |icmp_ln86_172_reg_1307_pp0_iter1_reg  |   1|   0|    1|          0|
    |icmp_ln86_173_reg_1314                |   1|   0|    1|          0|
    |icmp_ln86_174_reg_1319                |   1|   0|    1|          0|
    |icmp_ln86_174_reg_1319_pp0_iter1_reg  |   1|   0|    1|          0|
    |icmp_ln86_175_reg_1325                |   1|   0|    1|          0|
    |icmp_ln86_176_reg_1331                |   1|   0|    1|          0|
    |icmp_ln86_177_reg_1337                |   1|   0|    1|          0|
    |icmp_ln86_178_reg_1343                |   1|   0|    1|          0|
    |icmp_ln86_179_reg_1349                |   1|   0|    1|          0|
    |icmp_ln86_180_reg_1355                |   1|   0|    1|          0|
    |icmp_ln86_181_reg_1361                |   1|   0|    1|          0|
    |icmp_ln86_182_reg_1367                |   1|   0|    1|          0|
    |icmp_ln86_183_reg_1373                |   1|   0|    1|          0|
    |icmp_ln86_184_reg_1379                |   1|   0|    1|          0|
    |icmp_ln86_185_reg_1384                |   1|   0|    1|          0|
    |icmp_ln86_186_reg_1389                |   1|   0|    1|          0|
    |icmp_ln86_186_reg_1389_pp0_iter1_reg  |   1|   0|    1|          0|
    |icmp_ln86_187_reg_1394                |   1|   0|    1|          0|
    |icmp_ln86_187_reg_1394_pp0_iter1_reg  |   1|   0|    1|          0|
    |icmp_ln86_188_reg_1399                |   1|   0|    1|          0|
    |icmp_ln86_188_reg_1399_pp0_iter1_reg  |   1|   0|    1|          0|
    |icmp_ln86_189_reg_1404                |   1|   0|    1|          0|
    |icmp_ln86_190_reg_1409                |   1|   0|    1|          0|
    |icmp_ln86_191_reg_1414                |   1|   0|    1|          0|
    |icmp_ln86_192_reg_1419                |   1|   0|    1|          0|
    |icmp_ln86_193_reg_1424                |   1|   0|    1|          0|
    |icmp_ln86_194_reg_1429                |   1|   0|    1|          0|
    |icmp_ln86_195_reg_1434                |   1|   0|    1|          0|
    |icmp_ln86_196_reg_1439                |   1|   0|    1|          0|
    |icmp_ln86_197_reg_1444                |   1|   0|    1|          0|
    |icmp_ln86_198_reg_1449                |   1|   0|    1|          0|
    |icmp_ln86_199_reg_1454                |   1|   0|    1|          0|
    |icmp_ln86_reg_1290                    |   1|   0|    1|          0|
    |icmp_ln86_reg_1290_pp0_iter1_reg      |   1|   0|    1|          0|
    |or_ln117_154_reg_1496                 |   1|   0|    1|          0|
    |or_ln117_157_reg_1531                 |   1|   0|    1|          0|
    |or_ln117_159_reg_1541                 |   1|   0|    1|          0|
    |or_ln117_163_reg_1548                 |   1|   0|    1|          0|
    |or_ln117_165_reg_1580                 |   1|   0|    1|          0|
    |or_ln117_169_reg_1604                 |   1|   0|    1|          0|
    |or_ln117_171_reg_1614                 |   1|   0|    1|          0|
    |or_ln117_175_reg_1622                 |   1|   0|    1|          0|
    |or_ln117_177_reg_1633                 |   1|   0|    1|          0|
    |select_ln117_170_reg_1491             |   3|   0|    3|          0|
    |select_ln117_176_reg_1536             |   4|   0|    4|          0|
    |select_ln117_182_reg_1575             |   5|   0|    5|          0|
    |select_ln117_188_reg_1609             |   5|   0|    5|          0|
    |select_ln117_194_reg_1628             |   5|   0|    5|          0|
    |select_ln117_196_reg_1638             |   5|   0|    5|          0|
    |tmp_reg_1643                          |  11|   0|   11|          0|
    |x_0_val_int_reg                       |  18|   0|   18|          0|
    |x_10_val_int_reg                      |  18|   0|   18|          0|
    |x_14_val_int_reg                      |  18|   0|   18|          0|
    |x_15_val_int_reg                      |  18|   0|   18|          0|
    |x_2_val_int_reg                       |  18|   0|   18|          0|
    |x_3_val_int_reg                       |  18|   0|   18|          0|
    |x_5_val_int_reg                       |  18|   0|   18|          0|
    |x_6_val_int_reg                       |  18|   0|   18|          0|
    |x_7_val_int_reg                       |  18|   0|   18|          0|
    |xor_ln104_82_reg_1515                 |   1|   0|    1|          0|
    |xor_ln104_82_reg_1515_pp0_iter3_reg   |   1|   0|    1|          0|
    |xor_ln104_reg_1502                    |   1|   0|    1|          0|
    |and_ln104_35_reg_1592                 |  64|  32|    1|          0|
    |icmp_ln86_175_reg_1325                |  64|  32|    1|          0|
    |icmp_ln86_176_reg_1331                |  64|  32|    1|          0|
    |icmp_ln86_178_reg_1343                |  64|  32|    1|          0|
    |icmp_ln86_179_reg_1349                |  64|  32|    1|          0|
    |icmp_ln86_180_reg_1355                |  64|  32|    1|          0|
    |icmp_ln86_181_reg_1361                |  64|  32|    1|          0|
    |icmp_ln86_182_reg_1367                |  64|  32|    1|          0|
    |icmp_ln86_183_reg_1373                |  64|  32|    1|          0|
    |icmp_ln86_189_reg_1404                |  64|  32|    1|          0|
    |icmp_ln86_190_reg_1409                |  64|  32|    1|          0|
    |icmp_ln86_191_reg_1414                |  64|  32|    1|          0|
    |icmp_ln86_192_reg_1419                |  64|  32|    1|          0|
    |icmp_ln86_193_reg_1424                |  64|  32|    1|          0|
    |icmp_ln86_194_reg_1429                |  64|  32|    1|          0|
    |icmp_ln86_195_reg_1434                |  64|  32|    1|          0|
    |icmp_ln86_196_reg_1439                |  64|  32|    1|          0|
    |icmp_ln86_197_reg_1444                |  64|  32|    1|          0|
    |icmp_ln86_198_reg_1449                |  64|  32|    1|          0|
    |icmp_ln86_199_reg_1454                |  64|  32|    1|          0|
    |or_ln117_163_reg_1548                 |  64|  32|    1|          0|
    |xor_ln104_reg_1502                    |  64|  32|    1|          0|
    +--------------------------------------+----+----+-----+-----------+
    |Total                                 |1675| 704|  289|          0|
    +--------------------------------------+----+----+-----+-----------+



================================================================
== Interface
================================================================
* Summary: 
+-----------+-----+-----+------------+----------------------+--------------+
| RTL Ports | Dir | Bits|  Protocol  |     Source Object    |    C Type    |
+-----------+-----+-----+------------+----------------------+--------------+
|ap_clk     |   in|    1|  ap_ctrl_hs|  decision_function.93|  return value|
|ap_rst     |   in|    1|  ap_ctrl_hs|  decision_function.93|  return value|
|ap_return  |  out|   11|  ap_ctrl_hs|  decision_function.93|  return value|
|ap_ce      |   in|    1|  ap_ctrl_hs|  decision_function.93|  return value|
|x_0_val    |   in|   18|     ap_none|               x_0_val|        scalar|
|x_2_val    |   in|   18|     ap_none|               x_2_val|        scalar|
|x_3_val    |   in|   18|     ap_none|               x_3_val|        scalar|
|x_5_val    |   in|   18|     ap_none|               x_5_val|        scalar|
|x_6_val    |   in|   18|     ap_none|               x_6_val|        scalar|
|x_7_val    |   in|   18|     ap_none|               x_7_val|        scalar|
|x_10_val   |   in|   18|     ap_none|              x_10_val|        scalar|
|x_14_val   |   in|   18|     ap_none|              x_14_val|        scalar|
|x_15_val   |   in|   18|     ap_none|              x_15_val|        scalar|
+-----------+-----+-----+------------+----------------------+--------------+

