

================================================================
== Vitis HLS Report for 'decision_function_110'
================================================================
* Date:           Tue Mar 11 16:17:28 2025

* Version:        2024.2 (Build 5238294 on Nov  8 2024)
* Project:        my_prj
* Solution:       solution1 (Vivado IP Flow Target)
* Product family: zynq
* Target device:  xc7z020-clg400-1


================================================================
== Performance Estimates
================================================================
+ Timing: 
    * Summary: 
    +--------+---------+----------+------------+
    |  Clock |  Target | Estimated| Uncertainty|
    +--------+---------+----------+------------+
    |ap_clk  |  5.00 ns|  3.645 ns|     1.35 ns|
    +--------+---------+----------+------------+

+ Latency: 
    * Summary: 
    +---------+---------+-----------+-----------+-----+-----+---------+
    |  Latency (cycles) |   Latency (absolute)  |  Interval | Pipeline|
    |   min   |   max   |    min    |    max    | min | max |   Type  |
    +---------+---------+-----------+-----------+-----+-----+---------+
    |        7|        7|  35.000 ns|  35.000 ns|    1|    1|      yes|
    +---------+---------+-----------+-----------+-----+-----+---------+

    + Detail: 
        * Instance: 
        N/A

        * Loop: 
        N/A



================================================================
== Utilization Estimates
================================================================
* Summary: 
+-----------------+---------+-----+--------+-------+-----+
|       Name      | BRAM_18K| DSP |   FF   |  LUT  | URAM|
+-----------------+---------+-----+--------+-------+-----+
|DSP              |        -|    -|       -|      -|    -|
|Expression       |        -|    -|       0|   1079|    -|
|FIFO             |        -|    -|       -|      -|    -|
|Instance         |        -|    -|       0|    142|    -|
|Memory           |        -|    -|       -|      -|    -|
|Multiplexer      |        -|    -|       -|      -|    -|
|Register         |        -|    -|    1786|    768|    -|
+-----------------+---------+-----+--------+-------+-----+
|Total            |        0|    0|    1786|   1989|    0|
+-----------------+---------+-----+--------+-------+-----+
|Available        |      280|  220|  106400|  53200|    0|
+-----------------+---------+-----+--------+-------+-----+
|Utilization (%)  |        0|    0|       1|      3|    0|
+-----------------+---------+-----+--------+-------+-----+

+ Detail: 
    * Instance: 
    +---------------------------------+---------------------------+---------+----+---+-----+-----+
    |             Instance            |           Module          | BRAM_18K| DSP| FF| LUT | URAM|
    +---------------------------------+---------------------------+---------+----+---+-----+-----+
    |sparsemux_65_5_12_1_1_x28_U1411  |sparsemux_65_5_12_1_1_x28  |        0|   0|  0|  142|    0|
    +---------------------------------+---------------------------+---------+----+---+-----+-----+
    |Total                            |                           |        0|   0|  0|  142|    0|
    +---------------------------------+---------------------------+---------+----+---+-----+-----+

    * DSP: 
    N/A

    * Memory: 
    N/A

    * FIFO: 
    N/A

    * Expression: 
    +------------------------------+----------+----+---+----+------------+------------+
    |         Variable Name        | Operation| DSP| FF| LUT| Bitwidth P0| Bitwidth P1|
    +------------------------------+----------+----+---+----+------------+------------+
    |and_ln102_2092_fu_691_p2      |       and|   0|  0|   2|           1|           1|
    |and_ln102_2093_fu_508_p2      |       and|   0|  0|   2|           1|           1|
    |and_ln102_2094_fu_559_p2      |       and|   0|  0|   2|           1|           1|
    |and_ln102_2095_fu_705_p2      |       and|   0|  0|   2|           1|           1|
    |and_ln102_2096_fu_825_p2      |       and|   0|  0|   2|           1|           1|
    |and_ln102_2097_fu_522_p2      |       and|   0|  0|   2|           1|           1|
    |and_ln102_2098_fu_532_p2      |       and|   0|  0|   2|           1|           1|
    |and_ln102_2099_fu_578_p2      |       and|   0|  0|   2|           1|           1|
    |and_ln102_2100_fu_715_p2      |       and|   0|  0|   2|           1|           1|
    |and_ln102_2101_fu_719_p2      |       and|   0|  0|   2|           1|           1|
    |and_ln102_2102_fu_849_p2      |       and|   0|  0|   2|           1|           1|
    |and_ln102_2103_fu_967_p2      |       and|   0|  0|   2|           1|           1|
    |and_ln102_2104_fu_1060_p2     |       and|   0|  0|   2|           1|           1|
    |and_ln102_2105_fu_583_p2      |       and|   0|  0|   2|           1|           1|
    |and_ln102_2106_fu_537_p2      |       and|   0|  0|   2|           1|           1|
    |and_ln102_2107_fu_542_p2      |       and|   0|  0|   2|           1|           1|
    |and_ln102_2108_fu_587_p2      |       and|   0|  0|   2|           1|           1|
    |and_ln102_2109_fu_591_p2      |       and|   0|  0|   2|           1|           1|
    |and_ln102_2110_fu_596_p2      |       and|   0|  0|   2|           1|           1|
    |and_ln102_2111_fu_724_p2      |       and|   0|  0|   2|           1|           1|
    |and_ln102_2112_fu_728_p2      |       and|   0|  0|   2|           1|           1|
    |and_ln102_2113_fu_733_p2      |       and|   0|  0|   2|           1|           1|
    |and_ln102_2114_fu_738_p2      |       and|   0|  0|   2|           1|           1|
    |and_ln102_2115_fu_854_p2      |       and|   0|  0|   2|           1|           1|
    |and_ln102_2116_fu_859_p2      |       and|   0|  0|   2|           1|           1|
    |and_ln102_2117_fu_864_p2      |       and|   0|  0|   2|           1|           1|
    |and_ln102_2118_fu_868_p2      |       and|   0|  0|   2|           1|           1|
    |and_ln102_2119_fu_873_p2      |       and|   0|  0|   2|           1|           1|
    |and_ln102_2120_fu_971_p2      |       and|   0|  0|   2|           1|           1|
    |and_ln102_2121_fu_975_p2      |       and|   0|  0|   2|           1|           1|
    |and_ln102_2122_fu_980_p2      |       and|   0|  0|   2|           1|           1|
    |and_ln102_2123_fu_985_p2      |       and|   0|  0|   2|           1|           1|
    |and_ln102_2124_fu_1064_p2     |       and|   0|  0|   2|           1|           1|
    |and_ln102_2125_fu_1069_p2     |       and|   0|  0|   2|           1|           1|
    |and_ln102_2126_fu_1074_p2     |       and|   0|  0|   2|           1|           1|
    |and_ln102_2127_fu_1136_p2     |       and|   0|  0|   2|           1|           1|
    |and_ln102_2128_fu_1141_p2     |       and|   0|  0|   2|           1|           1|
    |and_ln102_fu_492_p2           |       and|   0|  0|   2|           1|           1|
    |and_ln104_341_fu_700_p2       |       and|   0|  0|   2|           1|           1|
    |and_ln104_342_fu_517_p2       |       and|   0|  0|   2|           1|           1|
    |and_ln104_343_fu_568_p2       |       and|   0|  0|   2|           1|           1|
    |and_ln104_344_fu_820_p2       |       and|   0|  0|   2|           1|           1|
    |and_ln104_345_fu_834_p2       |       and|   0|  0|   2|           1|           1|
    |and_ln104_fu_503_p2           |       and|   0|  0|   2|           1|           1|
    |icmp_ln86_1870_fu_312_p2      |      icmp|   0|  0|  25|          18|           8|
    |icmp_ln86_1871_fu_318_p2      |      icmp|   0|  0|  25|          18|           5|
    |icmp_ln86_1872_fu_324_p2      |      icmp|   0|  0|  25|          18|          11|
    |icmp_ln86_1873_fu_330_p2      |      icmp|   0|  0|  25|          18|          10|
    |icmp_ln86_1874_fu_336_p2      |      icmp|   0|  0|  25|          18|           9|
    |icmp_ln86_1875_fu_342_p2      |      icmp|   0|  0|  25|          18|           9|
    |icmp_ln86_1876_fu_348_p2      |      icmp|   0|  0|  25|          18|          10|
    |icmp_ln86_1877_fu_354_p2      |      icmp|   0|  0|  25|          18|          10|
    |icmp_ln86_1878_fu_360_p2      |      icmp|   0|  0|  25|          18|           6|
    |icmp_ln86_1879_fu_366_p2      |      icmp|   0|  0|  25|          18|           6|
    |icmp_ln86_1880_fu_372_p2      |      icmp|   0|  0|  25|          18|           9|
    |icmp_ln86_1881_fu_378_p2      |      icmp|   0|  0|  25|          18|           9|
    |icmp_ln86_1882_fu_384_p2      |      icmp|   0|  0|  25|          18|           6|
    |icmp_ln86_1883_fu_390_p2      |      icmp|   0|  0|  25|          18|           7|
    |icmp_ln86_1884_fu_396_p2      |      icmp|   0|  0|  25|          18|          11|
    |icmp_ln86_1885_fu_402_p2      |      icmp|   0|  0|  25|          18|          10|
    |icmp_ln86_1886_fu_408_p2      |      icmp|   0|  0|  25|          18|          10|
    |icmp_ln86_1887_fu_414_p2      |      icmp|   0|  0|  25|          18|          10|
    |icmp_ln86_1888_fu_420_p2      |      icmp|   0|  0|  25|          18|          11|
    |icmp_ln86_1889_fu_426_p2      |      icmp|   0|  0|  25|          18|          12|
    |icmp_ln86_1890_fu_432_p2      |      icmp|   0|  0|  25|          18|          11|
    |icmp_ln86_1891_fu_438_p2      |      icmp|   0|  0|  25|          18|          12|
    |icmp_ln86_1892_fu_444_p2      |      icmp|   0|  0|  25|          18|           8|
    |icmp_ln86_1893_fu_450_p2      |      icmp|   0|  0|  25|          18|           7|
    |icmp_ln86_1894_fu_456_p2      |      icmp|   0|  0|  25|          18|          11|
    |icmp_ln86_1895_fu_462_p2      |      icmp|   0|  0|  25|          18|          12|
    |icmp_ln86_1896_fu_468_p2      |      icmp|   0|  0|  25|          18|           8|
    |icmp_ln86_1897_fu_474_p2      |      icmp|   0|  0|  25|          18|          10|
    |icmp_ln86_1898_fu_480_p2      |      icmp|   0|  0|  25|          18|           6|
    |icmp_ln86_1899_fu_486_p2      |      icmp|   0|  0|  25|          18|           9|
    |icmp_ln86_fu_306_p2           |      icmp|   0|  0|  25|          18|          10|
    |or_ln117_1651_fu_629_p2       |        or|   0|  0|   2|           1|           1|
    |or_ln117_1652_fu_641_p2       |        or|   0|  0|   2|           1|           1|
    |or_ln117_1653_fu_653_p2       |        or|   0|  0|   2|           1|           1|
    |or_ln117_1654_fu_743_p2       |        or|   0|  0|   2|           1|           1|
    |or_ln117_1655_fu_686_p2       |        or|   0|  0|   2|           1|           1|
    |or_ln117_1656_fu_755_p2       |        or|   0|  0|   2|           1|           1|
    |or_ln117_1657_fu_767_p2       |        or|   0|  0|   2|           1|           1|
    |or_ln117_1658_fu_779_p2       |        or|   0|  0|   2|           1|           1|
    |or_ln117_1659_fu_793_p2       |        or|   0|  0|   2|           1|           1|
    |or_ln117_1660_fu_878_p2       |        or|   0|  0|   2|           1|           1|
    |or_ln117_1661_fu_894_p2       |        or|   0|  0|   2|           1|           1|
    |or_ln117_1662_fu_906_p2       |        or|   0|  0|   2|           1|           1|
    |or_ln117_1663_fu_918_p2       |        or|   0|  0|   2|           1|           1|
    |or_ln117_1664_fu_932_p2       |        or|   0|  0|   2|           1|           1|
    |or_ln117_1665_fu_990_p2       |        or|   0|  0|   2|           1|           1|
    |or_ln117_1666_fu_952_p2       |        or|   0|  0|   2|           1|           1|
    |or_ln117_1667_fu_1002_p2      |        or|   0|  0|   2|           1|           1|
    |or_ln117_1668_fu_958_p2       |        or|   0|  0|   2|           1|           1|
    |or_ln117_1669_fu_1022_p2      |        or|   0|  0|   2|           1|           1|
    |or_ln117_1670_fu_1034_p2      |        or|   0|  0|   2|           1|           1|
    |or_ln117_1671_fu_1079_p2      |        or|   0|  0|   2|           1|           1|
    |or_ln117_1672_fu_1084_p2      |        or|   0|  0|   2|           1|           1|
    |or_ln117_1673_fu_1095_p2      |        or|   0|  0|   2|           1|           1|
    |or_ln117_1674_fu_1109_p2      |        or|   0|  0|   2|           1|           1|
    |or_ln117_1675_fu_1146_p2      |        or|   0|  0|   2|           1|           1|
    |or_ln117_fu_548_p2            |        or|   0|  0|   2|           1|           1|
    |agg_result_fu_1158_p66        |    select|   0|  0|   5|           1|           5|
    |select_ln117_1817_fu_618_p3   |    select|   0|  0|   2|           1|           2|
    |select_ln117_1818_fu_634_p3   |    select|   0|  0|   4|           1|           3|
    |select_ln117_1819_fu_645_p3   |    select|   0|  0|   3|           1|           3|
    |select_ln117_1820_fu_659_p3   |    select|   0|  0|   3|           1|           3|
    |select_ln117_1821_fu_667_p3   |    select|   0|  0|   3|           1|           3|
    |select_ln117_1822_fu_679_p3   |    select|   0|  0|   5|           1|           4|
    |select_ln117_1823_fu_748_p3   |    select|   0|  0|   4|           1|           4|
    |select_ln117_1824_fu_760_p3   |    select|   0|  0|   4|           1|           4|
    |select_ln117_1825_fu_771_p3   |    select|   0|  0|   4|           1|           4|
    |select_ln117_1826_fu_785_p3   |    select|   0|  0|   4|           1|           4|
    |select_ln117_1827_fu_799_p3   |    select|   0|  0|   4|           1|           4|
    |select_ln117_1828_fu_807_p3   |    select|   0|  0|   4|           1|           4|
    |select_ln117_1829_fu_883_p3   |    select|   0|  0|   4|           1|           4|
    |select_ln117_1830_fu_899_p3   |    select|   0|  0|   6|           1|           5|
    |select_ln117_1831_fu_910_p3   |    select|   0|  0|   5|           1|           5|
    |select_ln117_1832_fu_924_p3   |    select|   0|  0|   5|           1|           5|
    |select_ln117_1833_fu_936_p3   |    select|   0|  0|   5|           1|           5|
    |select_ln117_1834_fu_944_p3   |    select|   0|  0|   5|           1|           5|
    |select_ln117_1835_fu_995_p3   |    select|   0|  0|   5|           1|           5|
    |select_ln117_1836_fu_1007_p3  |    select|   0|  0|   5|           1|           5|
    |select_ln117_1837_fu_1014_p3  |    select|   0|  0|   5|           1|           5|
    |select_ln117_1838_fu_1027_p3  |    select|   0|  0|   5|           1|           5|
    |select_ln117_1839_fu_1039_p3  |    select|   0|  0|   5|           1|           5|
    |select_ln117_1840_fu_1047_p3  |    select|   0|  0|   5|           1|           5|
    |select_ln117_1841_fu_1088_p3  |    select|   0|  0|   5|           1|           5|
    |select_ln117_1842_fu_1101_p3  |    select|   0|  0|   5|           1|           5|
    |select_ln117_1843_fu_1115_p3  |    select|   0|  0|   5|           1|           5|
    |select_ln117_1844_fu_1123_p3  |    select|   0|  0|   5|           1|           5|
    |select_ln117_fu_611_p3        |    select|   0|  0|   3|           1|           2|
    |xor_ln104_887_fu_498_p2       |       xor|   0|  0|   2|           1|           2|
    |xor_ln104_888_fu_695_p2       |       xor|   0|  0|   2|           1|           2|
    |xor_ln104_889_fu_512_p2       |       xor|   0|  0|   2|           1|           2|
    |xor_ln104_890_fu_563_p2       |       xor|   0|  0|   2|           1|           2|
    |xor_ln104_891_fu_815_p2       |       xor|   0|  0|   2|           1|           2|
    |xor_ln104_892_fu_829_p2       |       xor|   0|  0|   2|           1|           2|
    |xor_ln104_893_fu_527_p2       |       xor|   0|  0|   2|           1|           2|
    |xor_ln104_894_fu_573_p2       |       xor|   0|  0|   2|           1|           2|
    |xor_ln104_895_fu_710_p2       |       xor|   0|  0|   2|           1|           2|
    |xor_ln104_896_fu_839_p2       |       xor|   0|  0|   2|           1|           2|
    |xor_ln104_897_fu_844_p2       |       xor|   0|  0|   2|           1|           2|
    |xor_ln104_898_fu_962_p2       |       xor|   0|  0|   2|           1|           2|
    |xor_ln104_899_fu_1055_p2      |       xor|   0|  0|   2|           1|           2|
    |xor_ln104_900_fu_1131_p2      |       xor|   0|  0|   2|           1|           2|
    |xor_ln104_fu_554_p2           |       xor|   0|  0|   2|           1|           2|
    |xor_ln117_fu_601_p2           |       xor|   0|  0|   2|           2|           1|
    +------------------------------+----------+----+---+----+------------+------------+
    |Total                         |          |   0|  0|1079|         675|         512|
    +------------------------------+----------+----+---+----+------------+------------+

    * Multiplexer: 
    N/A

    * Register: 
    +---------------------------------------+----+----+-----+-----------+
    |                  Name                 | FF | LUT| Bits| Const Bits|
    +---------------------------------------+----+----+-----+-----------+
    |and_ln102_2092_reg_1547                |   1|   0|    1|          0|
    |and_ln102_2093_reg_1484                |   1|   0|    1|          0|
    |and_ln102_2094_reg_1519                |   1|   0|    1|          0|
    |and_ln102_2095_reg_1559                |   1|   0|    1|          0|
    |and_ln102_2096_reg_1586                |   1|   0|    1|          0|
    |and_ln102_2096_reg_1586_pp0_iter5_reg  |   1|   0|    1|          0|
    |and_ln102_2097_reg_1496                |   1|   0|    1|          0|
    |and_ln102_2098_reg_1502                |   1|   0|    1|          0|
    |and_ln102_2099_reg_1531                |   1|   0|    1|          0|
    |and_ln102_2101_reg_1565                |   1|   0|    1|          0|
    |and_ln102_2102_reg_1599                |   1|   0|    1|          0|
    |and_ln102_reg_1468                     |   1|   0|    1|          0|
    |and_ln104_341_reg_1553                 |   1|   0|    1|          0|
    |and_ln104_342_reg_1491                 |   1|   0|    1|          0|
    |and_ln104_343_reg_1525                 |   1|   0|    1|          0|
    |and_ln104_343_reg_1525_pp0_iter3_reg   |   1|   0|    1|          0|
    |and_ln104_344_reg_1581                 |   1|   0|    1|          0|
    |and_ln104_345_reg_1593                 |   1|   0|    1|          0|
    |and_ln104_reg_1478                     |   1|   0|    1|          0|
    |icmp_ln86_1870_reg_1305                |   1|   0|    1|          0|
    |icmp_ln86_1871_reg_1310                |   1|   0|    1|          0|
    |icmp_ln86_1872_reg_1316                |   1|   0|    1|          0|
    |icmp_ln86_1873_reg_1322                |   1|   0|    1|          0|
    |icmp_ln86_1873_reg_1322_pp0_iter1_reg  |   1|   0|    1|          0|
    |icmp_ln86_1874_reg_1328                |   1|   0|    1|          0|
    |icmp_ln86_1875_reg_1334                |   1|   0|    1|          0|
    |icmp_ln86_1876_reg_1340                |   1|   0|    1|          0|
    |icmp_ln86_1877_reg_1346                |   1|   0|    1|          0|
    |icmp_ln86_1877_reg_1346_pp0_iter1_reg  |   1|   0|    1|          0|
    |icmp_ln86_1878_reg_1352                |   1|   0|    1|          0|
    |icmp_ln86_1879_reg_1358                |   1|   0|    1|          0|
    |icmp_ln86_1880_reg_1364                |   1|   0|    1|          0|
    |icmp_ln86_1881_reg_1370                |   1|   0|    1|          0|
    |icmp_ln86_1882_reg_1376                |   1|   0|    1|          0|
    |icmp_ln86_1883_reg_1382                |   1|   0|    1|          0|
    |icmp_ln86_1884_reg_1388                |   1|   0|    1|          0|
    |icmp_ln86_1884_reg_1388_pp0_iter1_reg  |   1|   0|    1|          0|
    |icmp_ln86_1885_reg_1393                |   1|   0|    1|          0|
    |icmp_ln86_1886_reg_1398                |   1|   0|    1|          0|
    |icmp_ln86_1886_reg_1398_pp0_iter1_reg  |   1|   0|    1|          0|
    |icmp_ln86_1887_reg_1403                |   1|   0|    1|          0|
    |icmp_ln86_1887_reg_1403_pp0_iter1_reg  |   1|   0|    1|          0|
    |icmp_ln86_1888_reg_1408                |   1|   0|    1|          0|
    |icmp_ln86_1889_reg_1413                |   1|   0|    1|          0|
    |icmp_ln86_1890_reg_1418                |   1|   0|    1|          0|
    |icmp_ln86_1891_reg_1423                |   1|   0|    1|          0|
    |icmp_ln86_1892_reg_1428                |   1|   0|    1|          0|
    |icmp_ln86_1893_reg_1433                |   1|   0|    1|          0|
    |icmp_ln86_1894_reg_1438                |   1|   0|    1|          0|
    |icmp_ln86_1895_reg_1443                |   1|   0|    1|          0|
    |icmp_ln86_1896_reg_1448                |   1|   0|    1|          0|
    |icmp_ln86_1897_reg_1453                |   1|   0|    1|          0|
    |icmp_ln86_1898_reg_1458                |   1|   0|    1|          0|
    |icmp_ln86_1899_reg_1463                |   1|   0|    1|          0|
    |icmp_ln86_reg_1294                     |   1|   0|    1|          0|
    |or_ln117_1655_reg_1541                 |   1|   0|    1|          0|
    |or_ln117_1659_reg_1571                 |   1|   0|    1|          0|
    |or_ln117_1664_reg_1604                 |   1|   0|    1|          0|
    |or_ln117_1666_reg_1614                 |   1|   0|    1|          0|
    |or_ln117_1668_reg_1620                 |   1|   0|    1|          0|
    |or_ln117_1668_reg_1620_pp0_iter5_reg   |   1|   0|    1|          0|
    |or_ln117_1670_reg_1628                 |   1|   0|    1|          0|
    |or_ln117_1674_reg_1638                 |   1|   0|    1|          0|
    |or_ln117_reg_1508                      |   1|   0|    1|          0|
    |select_ln117_1822_reg_1536             |   4|   0|    4|          0|
    |select_ln117_1828_reg_1576             |   4|   0|    4|          0|
    |select_ln117_1834_reg_1609             |   5|   0|    5|          0|
    |select_ln117_1840_reg_1633             |   5|   0|    5|          0|
    |select_ln117_1844_reg_1643             |   5|   0|    5|          0|
    |x_10_val_int_reg                       |  18|   0|   18|          0|
    |x_11_val_int_reg                       |  18|   0|   18|          0|
    |x_13_val_int_reg                       |  18|   0|   18|          0|
    |x_14_val_int_reg                       |  18|   0|   18|          0|
    |x_15_val_int_reg                       |  18|   0|   18|          0|
    |x_2_val_int_reg                        |  18|   0|   18|          0|
    |x_3_val_int_reg                        |  18|   0|   18|          0|
    |x_4_val_int_reg                        |  18|   0|   18|          0|
    |x_7_val_int_reg                        |  18|   0|   18|          0|
    |xor_ln104_reg_1513                     |   1|   0|    1|          0|
    |and_ln102_reg_1468                     |  64|  32|    1|          0|
    |and_ln104_345_reg_1593                 |  64|  32|    1|          0|
    |icmp_ln86_1871_reg_1310                |  64|  32|    1|          0|
    |icmp_ln86_1874_reg_1328                |  64|  32|    1|          0|
    |icmp_ln86_1875_reg_1334                |  64|  32|    1|          0|
    |icmp_ln86_1878_reg_1352                |  64|  32|    1|          0|
    |icmp_ln86_1879_reg_1358                |  64|  32|    1|          0|
    |icmp_ln86_1880_reg_1364                |  64|  32|    1|          0|
    |icmp_ln86_1881_reg_1370                |  64|  32|    1|          0|
    |icmp_ln86_1882_reg_1376                |  64|  32|    1|          0|
    |icmp_ln86_1883_reg_1382                |  64|  32|    1|          0|
    |icmp_ln86_1888_reg_1408                |  64|  32|    1|          0|
    |icmp_ln86_1889_reg_1413                |  64|  32|    1|          0|
    |icmp_ln86_1890_reg_1418                |  64|  32|    1|          0|
    |icmp_ln86_1891_reg_1423                |  64|  32|    1|          0|
    |icmp_ln86_1892_reg_1428                |  64|  32|    1|          0|
    |icmp_ln86_1893_reg_1433                |  64|  32|    1|          0|
    |icmp_ln86_1894_reg_1438                |  64|  32|    1|          0|
    |icmp_ln86_1895_reg_1443                |  64|  32|    1|          0|
    |icmp_ln86_1896_reg_1448                |  64|  32|    1|          0|
    |icmp_ln86_1897_reg_1453                |  64|  32|    1|          0|
    |icmp_ln86_1898_reg_1458                |  64|  32|    1|          0|
    |icmp_ln86_1899_reg_1463                |  64|  32|    1|          0|
    |icmp_ln86_reg_1294                     |  64|  32|    1|          0|
    +---------------------------------------+----+----+-----+-----------+
    |Total                                  |1786| 768|  274|          0|
    +---------------------------------------+----+----+-----+-----------+



================================================================
== Interface
================================================================
* Summary: 
+-----------+-----+-----+------------+-----------------------+--------------+
| RTL Ports | Dir | Bits|  Protocol  |     Source Object     |    C Type    |
+-----------+-----+-----+------------+-----------------------+--------------+
|ap_clk     |   in|    1|  ap_ctrl_hs|  decision_function.110|  return value|
|ap_rst     |   in|    1|  ap_ctrl_hs|  decision_function.110|  return value|
|ap_return  |  out|   12|  ap_ctrl_hs|  decision_function.110|  return value|
|ap_ce      |   in|    1|  ap_ctrl_hs|  decision_function.110|  return value|
|x_2_val    |   in|   18|     ap_none|                x_2_val|        scalar|
|x_3_val    |   in|   18|     ap_none|                x_3_val|        scalar|
|x_4_val    |   in|   18|     ap_none|                x_4_val|        scalar|
|x_7_val    |   in|   18|     ap_none|                x_7_val|        scalar|
|x_10_val   |   in|   18|     ap_none|               x_10_val|        scalar|
|x_11_val   |   in|   18|     ap_none|               x_11_val|        scalar|
|x_13_val   |   in|   18|     ap_none|               x_13_val|        scalar|
|x_14_val   |   in|   18|     ap_none|               x_14_val|        scalar|
|x_15_val   |   in|   18|     ap_none|               x_15_val|        scalar|
+-----------+-----+-----+------------+-----------------------+--------------+

