

================================================================
== Vitis HLS Report for 'decision_function_30'
================================================================
* Date:           Tue Mar 11 16:17:12 2025

* Version:        2024.2 (Build 5238294 on Nov  8 2024)
* Project:        my_prj
* Solution:       solution1 (Vivado IP Flow Target)
* Product family: zynq
* Target device:  xc7z020-clg400-1


================================================================
== Performance Estimates
================================================================
+ Timing: 
    * Summary: 
    +--------+---------+----------+------------+
    |  Clock |  Target | Estimated| Uncertainty|
    +--------+---------+----------+------------+
    |ap_clk  |  5.00 ns|  3.454 ns|     1.35 ns|
    +--------+---------+----------+------------+

+ Latency: 
    * Summary: 
    +---------+---------+-----------+-----------+-----+-----+---------+
    |  Latency (cycles) |   Latency (absolute)  |  Interval | Pipeline|
    |   min   |   max   |    min    |    max    | min | max |   Type  |
    +---------+---------+-----------+-----------+-----+-----+---------+
    |        7|        7|  35.000 ns|  35.000 ns|    1|    1|      yes|
    +---------+---------+-----------+-----------+-----+-----+---------+

    + Detail: 
        * Instance: 
        N/A

        * Loop: 
        N/A



================================================================
== Utilization Estimates
================================================================
* Summary: 
+-----------------+---------+-----+--------+-------+-----+
|       Name      | BRAM_18K| DSP |   FF   |  LUT  | URAM|
+-----------------+---------+-----+--------+-------+-----+
|DSP              |        -|    -|       -|      -|    -|
|Expression       |        -|    -|       0|    759|    -|
|FIFO             |        -|    -|       -|      -|    -|
|Instance         |        -|    -|       0|    113|    -|
|Memory           |        -|    -|       -|      -|    -|
|Multiplexer      |        -|    -|       -|      -|    -|
|Register         |        -|    -|    1256|    480|    -|
+-----------------+---------+-----+--------+-------+-----+
|Total            |        0|    0|    1256|   1352|    0|
+-----------------+---------+-----+--------+-------+-----+
|Available        |      280|  220|  106400|  53200|    0|
+-----------------+---------+-----+--------+-------+-----+
|Utilization (%)  |        0|    0|       1|      2|    0|
+-----------------+---------+-----+--------+-------+-----+

+ Detail: 
    * Instance: 
    +----------------------------+-----------------------+---------+----+---+-----+-----+
    |          Instance          |         Module        | BRAM_18K| DSP| FF| LUT | URAM|
    +----------------------------+-----------------------+---------+----+---+-----+-----+
    |sparsemux_47_5_13_1_1_U876  |sparsemux_47_5_13_1_1  |        0|   0|  0|  113|    0|
    +----------------------------+-----------------------+---------+----+---+-----+-----+
    |Total                       |                       |        0|   0|  0|  113|    0|
    +----------------------------+-----------------------+---------+----+---+-----+-----+

    * DSP: 
    N/A

    * Memory: 
    N/A

    * FIFO: 
    N/A

    * Expression: 
    +----------------------------+----------+----+---+----+------------+------------+
    |        Variable Name       | Operation| DSP| FF| LUT| Bitwidth P0| Bitwidth P1|
    +----------------------------+----------+----+---+----+------------+------------+
    |and_ln102_817_fu_436_p2     |       and|   0|  0|   2|           1|           1|
    |and_ln102_818_fu_450_p2     |       and|   0|  0|   2|           1|           1|
    |and_ln102_819_fu_455_p2     |       and|   0|  0|   2|           1|           1|
    |and_ln102_820_fu_469_p2     |       and|   0|  0|   2|           1|           1|
    |and_ln102_821_fu_485_p2     |       and|   0|  0|   2|           1|           1|
    |and_ln102_822_fu_549_p2     |       and|   0|  0|   2|           1|           1|
    |and_ln102_823_fu_490_p2     |       and|   0|  0|   2|           1|           1|
    |and_ln102_824_fu_660_p2     |       and|   0|  0|   2|           1|           1|
    |and_ln102_825_fu_506_p2     |       and|   0|  0|   2|           1|           1|
    |and_ln102_826_fu_854_p2     |       and|   0|  0|   2|           1|           1|
    |and_ln102_827_fu_554_p2     |       and|   0|  0|   2|           1|           1|
    |and_ln102_828_fu_563_p2     |       and|   0|  0|   2|           1|           1|
    |and_ln102_829_fu_664_p2     |       and|   0|  0|   2|           1|           1|
    |and_ln102_830_fu_673_p2     |       and|   0|  0|   2|           1|           1|
    |and_ln102_831_fu_678_p2     |       and|   0|  0|   2|           1|           1|
    |and_ln102_832_fu_761_p2     |       and|   0|  0|   2|           1|           1|
    |and_ln102_833_fu_770_p2     |       and|   0|  0|   2|           1|           1|
    |and_ln102_834_fu_775_p2     |       and|   0|  0|   2|           1|           1|
    |and_ln102_835_fu_858_p2     |       and|   0|  0|   2|           1|           1|
    |and_ln102_836_fu_898_p2     |       and|   0|  0|   2|           1|           1|
    |and_ln102_837_fu_558_p2     |       and|   0|  0|   2|           1|           1|
    |and_ln102_838_fu_668_p2     |       and|   0|  0|   2|           1|           1|
    |and_ln102_839_fu_765_p2     |       and|   0|  0|   2|           1|           1|
    |and_ln102_840_fu_893_p2     |       and|   0|  0|   2|           1|           1|
    |and_ln102_fu_432_p2         |       and|   0|  0|   2|           1|           1|
    |and_ln104_167_fu_445_p2     |       and|   0|  0|   2|           1|           1|
    |and_ln104_168_fu_539_p2     |       and|   0|  0|   2|           1|           1|
    |and_ln104_169_fu_464_p2     |       and|   0|  0|   2|           1|           1|
    |and_ln104_170_fu_479_p2     |       and|   0|  0|   2|           1|           1|
    |and_ln104_171_fu_500_p2     |       and|   0|  0|   2|           1|           1|
    |and_ln104_172_fu_516_p2     |       and|   0|  0|   2|           1|           1|
    |and_ln104_fu_426_p2         |       and|   0|  0|   2|           1|           1|
    |icmp_ln86_845_fu_286_p2     |      icmp|   0|  0|  25|          18|          12|
    |icmp_ln86_846_fu_292_p2     |      icmp|   0|  0|  25|          18|          11|
    |icmp_ln86_847_fu_298_p2     |      icmp|   0|  0|  25|          18|          12|
    |icmp_ln86_848_fu_304_p2     |      icmp|   0|  0|  25|          18|          12|
    |icmp_ln86_850_fu_318_p2     |      icmp|   0|  0|  25|          18|          11|
    |icmp_ln86_851_fu_324_p2     |      icmp|   0|  0|  25|          18|          12|
    |icmp_ln86_852_fu_330_p2     |      icmp|   0|  0|  25|          18|          12|
    |icmp_ln86_853_fu_336_p2     |      icmp|   0|  0|  25|          18|           9|
    |icmp_ln86_854_fu_342_p2     |      icmp|   0|  0|  25|          18|          10|
    |icmp_ln86_855_fu_348_p2     |      icmp|   0|  0|  25|          18|           9|
    |icmp_ln86_856_fu_354_p2     |      icmp|   0|  0|  25|          18|          11|
    |icmp_ln86_857_fu_360_p2     |      icmp|   0|  0|  25|          18|           9|
    |icmp_ln86_858_fu_366_p2     |      icmp|   0|  0|  25|          18|          10|
    |icmp_ln86_859_fu_372_p2     |      icmp|   0|  0|  25|          18|          12|
    |icmp_ln86_860_fu_378_p2     |      icmp|   0|  0|  25|          18|          12|
    |icmp_ln86_861_fu_384_p2     |      icmp|   0|  0|  25|          18|          11|
    |icmp_ln86_862_fu_390_p2     |      icmp|   0|  0|  25|          18|          10|
    |icmp_ln86_863_fu_396_p2     |      icmp|   0|  0|  25|          18|          10|
    |icmp_ln86_864_fu_402_p2     |      icmp|   0|  0|  25|          18|          12|
    |icmp_ln86_865_fu_408_p2     |      icmp|   0|  0|  25|          18|           5|
    |icmp_ln86_fu_280_p2         |      icmp|   0|  0|  25|          18|          12|
    |or_ln117_777_fu_528_p2      |        or|   0|  0|   2|           1|           1|
    |or_ln117_778_fu_583_p2      |        or|   0|  0|   2|           1|           1|
    |or_ln117_779_fu_599_p2      |        or|   0|  0|   2|           1|           1|
    |or_ln117_780_fu_611_p2      |        or|   0|  0|   2|           1|           1|
    |or_ln117_781_fu_625_p2      |        or|   0|  0|   2|           1|           1|
    |or_ln117_782_fu_682_p2      |        or|   0|  0|   2|           1|           1|
    |or_ln117_783_fu_645_p2      |        or|   0|  0|   2|           1|           1|
    |or_ln117_784_fu_698_p2      |        or|   0|  0|   2|           1|           1|
    |or_ln117_785_fu_651_p2      |        or|   0|  0|   2|           1|           1|
    |or_ln117_786_fu_718_p2      |        or|   0|  0|   2|           1|           1|
    |or_ln117_787_fu_730_p2      |        or|   0|  0|   2|           1|           1|
    |or_ln117_788_fu_779_p2      |        or|   0|  0|   2|           1|           1|
    |or_ln117_789_fu_750_p2      |        or|   0|  0|   2|           1|           1|
    |or_ln117_790_fu_791_p2      |        or|   0|  0|   2|           1|           1|
    |or_ln117_791_fu_807_p2      |        or|   0|  0|   2|           1|           1|
    |or_ln117_792_fu_819_p2      |        or|   0|  0|   2|           1|           1|
    |or_ln117_793_fu_833_p2      |        or|   0|  0|   2|           1|           1|
    |or_ln117_794_fu_863_p2      |        or|   0|  0|   2|           1|           1|
    |or_ln117_795_fu_868_p2      |        or|   0|  0|   2|           1|           1|
    |or_ln117_796_fu_903_p2      |        or|   0|  0|   2|           1|           1|
    |or_ln117_797_fu_1015_p2     |        or|   0|  0|   2|           1|           1|
    |or_ln117_798_fu_568_p2      |        or|   0|  0|   2|           1|           1|
    |or_ln117_fu_522_p2          |        or|   0|  0|   2|           1|           1|
    |ap_return                   |    select|   0|  0|  13|           1|          13|
    |select_ln117_820_fu_588_p3  |    select|   0|  0|   2|           1|           2|
    |select_ln117_821_fu_603_p3  |    select|   0|  0|   4|           1|           3|
    |select_ln117_822_fu_617_p3  |    select|   0|  0|   3|           1|           3|
    |select_ln117_823_fu_629_p3  |    select|   0|  0|   3|           1|           3|
    |select_ln117_824_fu_637_p3  |    select|   0|  0|   3|           1|           3|
    |select_ln117_825_fu_690_p3  |    select|   0|  0|   5|           1|           4|
    |select_ln117_826_fu_703_p3  |    select|   0|  0|   4|           1|           4|
    |select_ln117_827_fu_710_p3  |    select|   0|  0|   4|           1|           4|
    |select_ln117_828_fu_723_p3  |    select|   0|  0|   4|           1|           4|
    |select_ln117_829_fu_734_p3  |    select|   0|  0|   4|           1|           4|
    |select_ln117_830_fu_742_p3  |    select|   0|  0|   4|           1|           4|
    |select_ln117_831_fu_784_p3  |    select|   0|  0|   4|           1|           4|
    |select_ln117_832_fu_796_p3  |    select|   0|  0|   4|           1|           4|
    |select_ln117_833_fu_811_p3  |    select|   0|  0|   6|           1|           5|
    |select_ln117_834_fu_825_p3  |    select|   0|  0|   5|           1|           5|
    |select_ln117_835_fu_838_p3  |    select|   0|  0|   5|           1|           5|
    |select_ln117_836_fu_846_p3  |    select|   0|  0|   5|           1|           5|
    |select_ln117_837_fu_873_p3  |    select|   0|  0|   5|           1|           5|
    |select_ln117_838_fu_880_p3  |    select|   0|  0|   5|           1|           5|
    |select_ln117_fu_576_p3      |    select|   0|  0|   3|           1|           2|
    |tmp_fu_915_p48              |    select|   0|  0|   5|           1|           5|
    |xor_ln104_408_fu_420_p2     |       xor|   0|  0|   2|           1|           2|
    |xor_ln104_409_fu_440_p2     |       xor|   0|  0|   2|           1|           2|
    |xor_ln104_410_fu_534_p2     |       xor|   0|  0|   2|           1|           2|
    |xor_ln104_411_fu_459_p2     |       xor|   0|  0|   2|           1|           2|
    |xor_ln104_412_fu_474_p2     |       xor|   0|  0|   2|           1|           2|
    |xor_ln104_413_fu_544_p2     |       xor|   0|  0|   2|           1|           2|
    |xor_ln104_414_fu_655_p2     |       xor|   0|  0|   2|           1|           2|
    |xor_ln104_415_fu_495_p2     |       xor|   0|  0|   2|           1|           2|
    |xor_ln104_416_fu_756_p2     |       xor|   0|  0|   2|           1|           2|
    |xor_ln104_417_fu_511_p2     |       xor|   0|  0|   2|           1|           2|
    |xor_ln104_418_fu_888_p2     |       xor|   0|  0|   2|           1|           2|
    |xor_ln104_fu_414_p2         |       xor|   0|  0|   2|           1|           2|
    +----------------------------+----------+----+---+----+------------+------------+
    |Total                       |          |   0|  0| 759|         467|         399|
    +----------------------------+----------+----+---+----+------------+------------+

    * Multiplexer: 
    N/A

    * Register: 
    +--------------------------------------+----+----+-----+-----------+
    |                 Name                 | FF | LUT| Bits| Const Bits|
    +--------------------------------------+----+----+-----+-----------+
    |and_ln102_818_reg_1166                |   1|   0|    1|          0|
    |and_ln102_821_reg_1186                |   1|   0|    1|          0|
    |and_ln102_822_reg_1223                |   1|   0|    1|          0|
    |and_ln102_824_reg_1251                |   1|   0|    1|          0|
    |and_ln102_reg_1160                    |   1|   0|    1|          0|
    |and_ln104_168_reg_1218                |   1|   0|    1|          0|
    |and_ln104_169_reg_1172                |   1|   0|    1|          0|
    |and_ln104_170_reg_1179                |   1|   0|    1|          0|
    |and_ln104_171_reg_1192                |   1|   0|    1|          0|
    |and_ln104_171_reg_1192_pp0_iter2_reg  |   1|   0|    1|          0|
    |and_ln104_172_reg_1198                |   1|   0|    1|          0|
    |and_ln104_reg_1154                    |   1|   0|    1|          0|
    |icmp_ln86_845_reg_1032                |   1|   0|    1|          0|
    |icmp_ln86_846_reg_1037                |   1|   0|    1|          0|
    |icmp_ln86_846_reg_1037_pp0_iter1_reg  |   1|   0|    1|          0|
    |icmp_ln86_847_reg_1044                |   1|   0|    1|          0|
    |icmp_ln86_847_reg_1044_pp0_iter1_reg  |   1|   0|    1|          0|
    |icmp_ln86_848_reg_1050                |   1|   0|    1|          0|
    |icmp_ln86_850_reg_1062                |   1|   0|    1|          0|
    |icmp_ln86_850_reg_1062_pp0_iter1_reg  |   1|   0|    1|          0|
    |icmp_ln86_851_reg_1068                |   1|   0|    1|          0|
    |icmp_ln86_852_reg_1074                |   1|   0|    1|          0|
    |icmp_ln86_853_reg_1080                |   1|   0|    1|          0|
    |icmp_ln86_854_reg_1086                |   1|   0|    1|          0|
    |icmp_ln86_855_reg_1092                |   1|   0|    1|          0|
    |icmp_ln86_856_reg_1098                |   1|   0|    1|          0|
    |icmp_ln86_856_reg_1098_pp0_iter1_reg  |   1|   0|    1|          0|
    |icmp_ln86_857_reg_1103                |   1|   0|    1|          0|
    |icmp_ln86_857_reg_1103_pp0_iter1_reg  |   1|   0|    1|          0|
    |icmp_ln86_858_reg_1108                |   1|   0|    1|          0|
    |icmp_ln86_859_reg_1113                |   1|   0|    1|          0|
    |icmp_ln86_860_reg_1118                |   1|   0|    1|          0|
    |icmp_ln86_861_reg_1123                |   1|   0|    1|          0|
    |icmp_ln86_862_reg_1128                |   1|   0|    1|          0|
    |icmp_ln86_863_reg_1133                |   1|   0|    1|          0|
    |icmp_ln86_864_reg_1138                |   1|   0|    1|          0|
    |icmp_ln86_865_reg_1143                |   1|   0|    1|          0|
    |icmp_ln86_reg_1026                    |   1|   0|    1|          0|
    |icmp_ln86_reg_1026_pp0_iter1_reg      |   1|   0|    1|          0|
    |or_ln117_777_reg_1209                 |   1|   0|    1|          0|
    |or_ln117_781_reg_1228                 |   1|   0|    1|          0|
    |or_ln117_783_reg_1238                 |   1|   0|    1|          0|
    |or_ln117_785_reg_1244                 |   1|   0|    1|          0|
    |or_ln117_787_reg_1256                 |   1|   0|    1|          0|
    |or_ln117_789_reg_1267                 |   1|   0|    1|          0|
    |or_ln117_793_reg_1273                 |   1|   0|    1|          0|
    |or_ln117_795_reg_1285                 |   1|   0|    1|          0|
    |or_ln117_reg_1204                     |   1|   0|    1|          0|
    |select_ln117_824_reg_1233             |   3|   0|    3|          0|
    |select_ln117_830_reg_1262             |   4|   0|    4|          0|
    |select_ln117_836_reg_1280             |   5|   0|    5|          0|
    |select_ln117_838_reg_1290             |   5|   0|    5|          0|
    |tmp_2_reg_1056                        |   1|   0|    1|          0|
    |tmp_reg_1295                          |  13|   0|   13|          0|
    |x_10_val_int_reg                      |  18|   0|   18|          0|
    |x_12_val_int_reg                      |  18|   0|   18|          0|
    |x_13_val_int_reg                      |  18|   0|   18|          0|
    |x_14_val_int_reg                      |  18|   0|   18|          0|
    |x_15_val_int_reg                      |  18|   0|   18|          0|
    |x_1_val_int_reg                       |  18|   0|   18|          0|
    |x_2_val_int_reg                       |  18|   0|   18|          0|
    |x_3_val_int_reg                       |  18|   0|   18|          0|
    |x_4_val_int_reg                       |  18|   0|   18|          0|
    |x_6_val_int_reg                       |  18|   0|   18|          0|
    |x_7_val_int_reg                       |  18|   0|   18|          0|
    |x_9_val_int_reg                       |  18|   0|   18|          0|
    |xor_ln104_reg_1148                    |   1|   0|    1|          0|
    |and_ln104_169_reg_1172                |  64|  32|    1|          0|
    |and_ln104_170_reg_1179                |  64|  32|    1|          0|
    |and_ln104_172_reg_1198                |  64|  32|    1|          0|
    |icmp_ln86_851_reg_1068                |  64|  32|    1|          0|
    |icmp_ln86_853_reg_1080                |  64|  32|    1|          0|
    |icmp_ln86_855_reg_1092                |  64|  32|    1|          0|
    |icmp_ln86_858_reg_1108                |  64|  32|    1|          0|
    |icmp_ln86_859_reg_1113                |  64|  32|    1|          0|
    |icmp_ln86_860_reg_1118                |  64|  32|    1|          0|
    |icmp_ln86_861_reg_1123                |  64|  32|    1|          0|
    |icmp_ln86_862_reg_1128                |  64|  32|    1|          0|
    |icmp_ln86_863_reg_1133                |  64|  32|    1|          0|
    |icmp_ln86_864_reg_1138                |  64|  32|    1|          0|
    |icmp_ln86_865_reg_1143                |  64|  32|    1|          0|
    |or_ln117_793_reg_1273                 |  64|  32|    1|          0|
    +--------------------------------------+----+----+-----+-----------+
    |Total                                 |1256| 480|  311|          0|
    +--------------------------------------+----+----+-----+-----------+



================================================================
== Interface
================================================================
* Summary: 
+-----------+-----+-----+------------+----------------------+--------------+
| RTL Ports | Dir | Bits|  Protocol  |     Source Object    |    C Type    |
+-----------+-----+-----+------------+----------------------+--------------+
|ap_clk     |   in|    1|  ap_ctrl_hs|  decision_function.30|  return value|
|ap_rst     |   in|    1|  ap_ctrl_hs|  decision_function.30|  return value|
|ap_return  |  out|   13|  ap_ctrl_hs|  decision_function.30|  return value|
|ap_ce      |   in|    1|  ap_ctrl_hs|  decision_function.30|  return value|
|x_1_val    |   in|   18|     ap_none|               x_1_val|        scalar|
|x_2_val    |   in|   18|     ap_none|               x_2_val|        scalar|
|x_3_val    |   in|   18|     ap_none|               x_3_val|        scalar|
|x_4_val    |   in|   18|     ap_none|               x_4_val|        scalar|
|x_6_val    |   in|   18|     ap_none|               x_6_val|        scalar|
|x_7_val    |   in|   18|     ap_none|               x_7_val|        scalar|
|x_9_val    |   in|   18|     ap_none|               x_9_val|        scalar|
|x_10_val   |   in|   18|     ap_none|              x_10_val|        scalar|
|x_12_val   |   in|   18|     ap_none|              x_12_val|        scalar|
|x_13_val   |   in|   18|     ap_none|              x_13_val|        scalar|
|x_14_val   |   in|   18|     ap_none|              x_14_val|        scalar|
|x_15_val   |   in|   18|     ap_none|              x_15_val|        scalar|
+-----------+-----+-----+------------+----------------------+--------------+

