

================================================================
== Vitis HLS Report for 'decision_function_101'
================================================================
* Date:           Tue Mar 11 16:17:32 2025

* Version:        2024.2 (Build 5238294 on Nov  8 2024)
* Project:        my_prj
* Solution:       solution1 (Vivado IP Flow Target)
* Product family: zynq
* Target device:  xc7z020-clg400-1


================================================================
== Performance Estimates
================================================================
+ Timing: 
    * Summary: 
    +--------+---------+----------+------------+
    |  Clock |  Target | Estimated| Uncertainty|
    +--------+---------+----------+------------+
    |ap_clk  |  5.00 ns|  3.645 ns|     1.35 ns|
    +--------+---------+----------+------------+

+ Latency: 
    * Summary: 
    +---------+---------+-----------+-----------+-----+-----+---------+
    |  Latency (cycles) |   Latency (absolute)  |  Interval | Pipeline|
    |   min   |   max   |    min    |    max    | min | max |   Type  |
    +---------+---------+-----------+-----------+-----+-----+---------+
    |        7|        7|  35.000 ns|  35.000 ns|    1|    1|      yes|
    +---------+---------+-----------+-----------+-----+-----+---------+

    + Detail: 
        * Instance: 
        N/A

        * Loop: 
        N/A



================================================================
== Utilization Estimates
================================================================
* Summary: 
+-----------------+---------+-----+--------+-------+-----+
|       Name      | BRAM_18K| DSP |   FF   |  LUT  | URAM|
+-----------------+---------+-----+--------+-------+-----+
|DSP              |        -|    -|       -|      -|    -|
|Expression       |        -|    -|       0|   1079|    -|
|FIFO             |        -|    -|       -|      -|    -|
|Instance         |        -|    -|       0|    142|    -|
|Memory           |        -|    -|       -|      -|    -|
|Multiplexer      |        -|    -|       -|      -|    -|
|Register         |        -|    -|    1840|    768|    -|
+-----------------+---------+-----+--------+-------+-----+
|Total            |        0|    0|    1840|   1989|    0|
+-----------------+---------+-----+--------+-------+-----+
|Available        |      280|  220|  106400|  53200|    0|
+-----------------+---------+-----+--------+-------+-----+
|Utilization (%)  |        0|    0|       1|      3|    0|
+-----------------+---------+-----+--------+-------+-----+

+ Detail: 
    * Instance: 
    +---------------------------------+---------------------------+---------+----+---+-----+-----+
    |             Instance            |           Module          | BRAM_18K| DSP| FF| LUT | URAM|
    +---------------------------------+---------------------------+---------+----+---+-----+-----+
    |sparsemux_65_5_11_1_1_x27_U1531  |sparsemux_65_5_11_1_1_x27  |        0|   0|  0|  142|    0|
    +---------------------------------+---------------------------+---------+----+---+-----+-----+
    |Total                            |                           |        0|   0|  0|  142|    0|
    +---------------------------------+---------------------------+---------+----+---+-----+-----+

    * DSP: 
    N/A

    * Memory: 
    N/A

    * FIFO: 
    N/A

    * Expression: 
    +------------------------------+----------+----+---+----+------------+------------+
    |         Variable Name        | Operation| DSP| FF| LUT| Bitwidth P0| Bitwidth P1|
    +------------------------------+----------+----+---+----+------------+------------+
    |and_ln102_2402_fu_715_p2      |       and|   0|  0|   2|           1|           1|
    |and_ln102_2403_fu_532_p2      |       and|   0|  0|   2|           1|           1|
    |and_ln102_2404_fu_583_p2      |       and|   0|  0|   2|           1|           1|
    |and_ln102_2405_fu_729_p2      |       and|   0|  0|   2|           1|           1|
    |and_ln102_2406_fu_849_p2      |       and|   0|  0|   2|           1|           1|
    |and_ln102_2407_fu_546_p2      |       and|   0|  0|   2|           1|           1|
    |and_ln102_2408_fu_556_p2      |       and|   0|  0|   2|           1|           1|
    |and_ln102_2409_fu_602_p2      |       and|   0|  0|   2|           1|           1|
    |and_ln102_2410_fu_739_p2      |       and|   0|  0|   2|           1|           1|
    |and_ln102_2411_fu_743_p2      |       and|   0|  0|   2|           1|           1|
    |and_ln102_2412_fu_873_p2      |       and|   0|  0|   2|           1|           1|
    |and_ln102_2413_fu_991_p2      |       and|   0|  0|   2|           1|           1|
    |and_ln102_2414_fu_1084_p2     |       and|   0|  0|   2|           1|           1|
    |and_ln102_2415_fu_607_p2      |       and|   0|  0|   2|           1|           1|
    |and_ln102_2416_fu_561_p2      |       and|   0|  0|   2|           1|           1|
    |and_ln102_2417_fu_566_p2      |       and|   0|  0|   2|           1|           1|
    |and_ln102_2418_fu_611_p2      |       and|   0|  0|   2|           1|           1|
    |and_ln102_2419_fu_615_p2      |       and|   0|  0|   2|           1|           1|
    |and_ln102_2420_fu_620_p2      |       and|   0|  0|   2|           1|           1|
    |and_ln102_2421_fu_748_p2      |       and|   0|  0|   2|           1|           1|
    |and_ln102_2422_fu_752_p2      |       and|   0|  0|   2|           1|           1|
    |and_ln102_2423_fu_757_p2      |       and|   0|  0|   2|           1|           1|
    |and_ln102_2424_fu_762_p2      |       and|   0|  0|   2|           1|           1|
    |and_ln102_2425_fu_878_p2      |       and|   0|  0|   2|           1|           1|
    |and_ln102_2426_fu_883_p2      |       and|   0|  0|   2|           1|           1|
    |and_ln102_2427_fu_888_p2      |       and|   0|  0|   2|           1|           1|
    |and_ln102_2428_fu_892_p2      |       and|   0|  0|   2|           1|           1|
    |and_ln102_2429_fu_897_p2      |       and|   0|  0|   2|           1|           1|
    |and_ln102_2430_fu_995_p2      |       and|   0|  0|   2|           1|           1|
    |and_ln102_2431_fu_999_p2      |       and|   0|  0|   2|           1|           1|
    |and_ln102_2432_fu_1004_p2     |       and|   0|  0|   2|           1|           1|
    |and_ln102_2433_fu_1009_p2     |       and|   0|  0|   2|           1|           1|
    |and_ln102_2434_fu_1088_p2     |       and|   0|  0|   2|           1|           1|
    |and_ln102_2435_fu_1093_p2     |       and|   0|  0|   2|           1|           1|
    |and_ln102_2436_fu_1098_p2     |       and|   0|  0|   2|           1|           1|
    |and_ln102_2437_fu_1160_p2     |       and|   0|  0|   2|           1|           1|
    |and_ln102_2438_fu_1165_p2     |       and|   0|  0|   2|           1|           1|
    |and_ln102_fu_516_p2           |       and|   0|  0|   2|           1|           1|
    |and_ln104_387_fu_724_p2       |       and|   0|  0|   2|           1|           1|
    |and_ln104_388_fu_541_p2       |       and|   0|  0|   2|           1|           1|
    |and_ln104_389_fu_592_p2       |       and|   0|  0|   2|           1|           1|
    |and_ln104_390_fu_844_p2       |       and|   0|  0|   2|           1|           1|
    |and_ln104_391_fu_858_p2       |       and|   0|  0|   2|           1|           1|
    |and_ln104_fu_527_p2           |       and|   0|  0|   2|           1|           1|
    |icmp_ln86_2123_fu_336_p2      |      icmp|   0|  0|  25|          18|           6|
    |icmp_ln86_2124_fu_342_p2      |      icmp|   0|  0|  25|          18|           8|
    |icmp_ln86_2125_fu_348_p2      |      icmp|   0|  0|  25|          18|           7|
    |icmp_ln86_2126_fu_354_p2      |      icmp|   0|  0|  25|          18|          10|
    |icmp_ln86_2127_fu_360_p2      |      icmp|   0|  0|  25|          18|           9|
    |icmp_ln86_2128_fu_366_p2      |      icmp|   0|  0|  25|          18|          10|
    |icmp_ln86_2129_fu_372_p2      |      icmp|   0|  0|  25|          18|           9|
    |icmp_ln86_2130_fu_378_p2      |      icmp|   0|  0|  25|          18|           9|
    |icmp_ln86_2131_fu_384_p2      |      icmp|   0|  0|  25|          18|          11|
    |icmp_ln86_2132_fu_390_p2      |      icmp|   0|  0|  25|          18|           6|
    |icmp_ln86_2133_fu_396_p2      |      icmp|   0|  0|  25|          18|           9|
    |icmp_ln86_2134_fu_402_p2      |      icmp|   0|  0|  25|          18|          12|
    |icmp_ln86_2135_fu_408_p2      |      icmp|   0|  0|  25|          18|           9|
    |icmp_ln86_2136_fu_414_p2      |      icmp|   0|  0|  25|          18|           9|
    |icmp_ln86_2137_fu_420_p2      |      icmp|   0|  0|  25|          18|           9|
    |icmp_ln86_2138_fu_426_p2      |      icmp|   0|  0|  25|          18|          10|
    |icmp_ln86_2139_fu_432_p2      |      icmp|   0|  0|  25|          18|          10|
    |icmp_ln86_2140_fu_438_p2      |      icmp|   0|  0|  25|          18|          10|
    |icmp_ln86_2141_fu_444_p2      |      icmp|   0|  0|  25|          18|           8|
    |icmp_ln86_2142_fu_450_p2      |      icmp|   0|  0|  25|          18|          12|
    |icmp_ln86_2143_fu_456_p2      |      icmp|   0|  0|  25|          18|           9|
    |icmp_ln86_2144_fu_462_p2      |      icmp|   0|  0|  25|          18|           9|
    |icmp_ln86_2145_fu_468_p2      |      icmp|   0|  0|  25|          18|           5|
    |icmp_ln86_2146_fu_474_p2      |      icmp|   0|  0|  25|          18|           6|
    |icmp_ln86_2147_fu_480_p2      |      icmp|   0|  0|  25|          18|          10|
    |icmp_ln86_2148_fu_486_p2      |      icmp|   0|  0|  25|          18|           9|
    |icmp_ln86_2149_fu_492_p2      |      icmp|   0|  0|  25|          18|           9|
    |icmp_ln86_2150_fu_498_p2      |      icmp|   0|  0|  25|          18|          10|
    |icmp_ln86_2151_fu_504_p2      |      icmp|   0|  0|  25|          18|           8|
    |icmp_ln86_2152_fu_510_p2      |      icmp|   0|  0|  25|          18|          10|
    |icmp_ln86_fu_330_p2           |      icmp|   0|  0|  25|          18|           9|
    |or_ln117_1886_fu_653_p2       |        or|   0|  0|   2|           1|           1|
    |or_ln117_1887_fu_665_p2       |        or|   0|  0|   2|           1|           1|
    |or_ln117_1888_fu_677_p2       |        or|   0|  0|   2|           1|           1|
    |or_ln117_1889_fu_767_p2       |        or|   0|  0|   2|           1|           1|
    |or_ln117_1890_fu_710_p2       |        or|   0|  0|   2|           1|           1|
    |or_ln117_1891_fu_779_p2       |        or|   0|  0|   2|           1|           1|
    |or_ln117_1892_fu_791_p2       |        or|   0|  0|   2|           1|           1|
    |or_ln117_1893_fu_803_p2       |        or|   0|  0|   2|           1|           1|
    |or_ln117_1894_fu_817_p2       |        or|   0|  0|   2|           1|           1|
    |or_ln117_1895_fu_902_p2       |        or|   0|  0|   2|           1|           1|
    |or_ln117_1896_fu_918_p2       |        or|   0|  0|   2|           1|           1|
    |or_ln117_1897_fu_930_p2       |        or|   0|  0|   2|           1|           1|
    |or_ln117_1898_fu_942_p2       |        or|   0|  0|   2|           1|           1|
    |or_ln117_1899_fu_956_p2       |        or|   0|  0|   2|           1|           1|
    |or_ln117_1900_fu_1014_p2      |        or|   0|  0|   2|           1|           1|
    |or_ln117_1901_fu_976_p2       |        or|   0|  0|   2|           1|           1|
    |or_ln117_1902_fu_1026_p2      |        or|   0|  0|   2|           1|           1|
    |or_ln117_1903_fu_982_p2       |        or|   0|  0|   2|           1|           1|
    |or_ln117_1904_fu_1046_p2      |        or|   0|  0|   2|           1|           1|
    |or_ln117_1905_fu_1058_p2      |        or|   0|  0|   2|           1|           1|
    |or_ln117_1906_fu_1103_p2      |        or|   0|  0|   2|           1|           1|
    |or_ln117_1907_fu_1108_p2      |        or|   0|  0|   2|           1|           1|
    |or_ln117_1908_fu_1119_p2      |        or|   0|  0|   2|           1|           1|
    |or_ln117_1909_fu_1133_p2      |        or|   0|  0|   2|           1|           1|
    |or_ln117_1910_fu_1170_p2      |        or|   0|  0|   2|           1|           1|
    |or_ln117_fu_572_p2            |        or|   0|  0|   2|           1|           1|
    |agg_result_fu_1182_p66        |    select|   0|  0|   5|           1|           5|
    |select_ln117_2062_fu_642_p3   |    select|   0|  0|   2|           1|           2|
    |select_ln117_2063_fu_658_p3   |    select|   0|  0|   4|           1|           3|
    |select_ln117_2064_fu_669_p3   |    select|   0|  0|   3|           1|           3|
    |select_ln117_2065_fu_683_p3   |    select|   0|  0|   3|           1|           3|
    |select_ln117_2066_fu_691_p3   |    select|   0|  0|   3|           1|           3|
    |select_ln117_2067_fu_703_p3   |    select|   0|  0|   5|           1|           4|
    |select_ln117_2068_fu_772_p3   |    select|   0|  0|   4|           1|           4|
    |select_ln117_2069_fu_784_p3   |    select|   0|  0|   4|           1|           4|
    |select_ln117_2070_fu_795_p3   |    select|   0|  0|   4|           1|           4|
    |select_ln117_2071_fu_809_p3   |    select|   0|  0|   4|           1|           4|
    |select_ln117_2072_fu_823_p3   |    select|   0|  0|   4|           1|           4|
    |select_ln117_2073_fu_831_p3   |    select|   0|  0|   4|           1|           4|
    |select_ln117_2074_fu_907_p3   |    select|   0|  0|   4|           1|           4|
    |select_ln117_2075_fu_923_p3   |    select|   0|  0|   6|           1|           5|
    |select_ln117_2076_fu_934_p3   |    select|   0|  0|   5|           1|           5|
    |select_ln117_2077_fu_948_p3   |    select|   0|  0|   5|           1|           5|
    |select_ln117_2078_fu_960_p3   |    select|   0|  0|   5|           1|           5|
    |select_ln117_2079_fu_968_p3   |    select|   0|  0|   5|           1|           5|
    |select_ln117_2080_fu_1019_p3  |    select|   0|  0|   5|           1|           5|
    |select_ln117_2081_fu_1031_p3  |    select|   0|  0|   5|           1|           5|
    |select_ln117_2082_fu_1038_p3  |    select|   0|  0|   5|           1|           5|
    |select_ln117_2083_fu_1051_p3  |    select|   0|  0|   5|           1|           5|
    |select_ln117_2084_fu_1063_p3  |    select|   0|  0|   5|           1|           5|
    |select_ln117_2085_fu_1071_p3  |    select|   0|  0|   5|           1|           5|
    |select_ln117_2086_fu_1112_p3  |    select|   0|  0|   5|           1|           5|
    |select_ln117_2087_fu_1125_p3  |    select|   0|  0|   5|           1|           5|
    |select_ln117_2088_fu_1139_p3  |    select|   0|  0|   5|           1|           5|
    |select_ln117_2089_fu_1147_p3  |    select|   0|  0|   5|           1|           5|
    |select_ln117_fu_635_p3        |    select|   0|  0|   3|           1|           2|
    |xor_ln104_1007_fu_522_p2      |       xor|   0|  0|   2|           1|           2|
    |xor_ln104_1008_fu_719_p2      |       xor|   0|  0|   2|           1|           2|
    |xor_ln104_1009_fu_536_p2      |       xor|   0|  0|   2|           1|           2|
    |xor_ln104_1010_fu_587_p2      |       xor|   0|  0|   2|           1|           2|
    |xor_ln104_1011_fu_839_p2      |       xor|   0|  0|   2|           1|           2|
    |xor_ln104_1012_fu_853_p2      |       xor|   0|  0|   2|           1|           2|
    |xor_ln104_1013_fu_551_p2      |       xor|   0|  0|   2|           1|           2|
    |xor_ln104_1014_fu_597_p2      |       xor|   0|  0|   2|           1|           2|
    |xor_ln104_1015_fu_734_p2      |       xor|   0|  0|   2|           1|           2|
    |xor_ln104_1016_fu_863_p2      |       xor|   0|  0|   2|           1|           2|
    |xor_ln104_1017_fu_868_p2      |       xor|   0|  0|   2|           1|           2|
    |xor_ln104_1018_fu_986_p2      |       xor|   0|  0|   2|           1|           2|
    |xor_ln104_1019_fu_1079_p2     |       xor|   0|  0|   2|           1|           2|
    |xor_ln104_1020_fu_1155_p2     |       xor|   0|  0|   2|           1|           2|
    |xor_ln104_fu_578_p2           |       xor|   0|  0|   2|           1|           2|
    |xor_ln117_fu_625_p2           |       xor|   0|  0|   2|           2|           1|
    +------------------------------+----------+----+---+----+------------+------------+
    |Total                         |          |   0|  0|1079|         675|         506|
    +------------------------------+----------+----+---+----+------------+------------+

    * Multiplexer: 
    N/A

    * Register: 
    +---------------------------------------+----+----+-----+-----------+
    |                  Name                 | FF | LUT| Bits| Const Bits|
    +---------------------------------------+----+----+-----+-----------+
    |and_ln102_2402_reg_1571                |   1|   0|    1|          0|
    |and_ln102_2403_reg_1508                |   1|   0|    1|          0|
    |and_ln102_2404_reg_1543                |   1|   0|    1|          0|
    |and_ln102_2405_reg_1583                |   1|   0|    1|          0|
    |and_ln102_2406_reg_1610                |   1|   0|    1|          0|
    |and_ln102_2406_reg_1610_pp0_iter5_reg  |   1|   0|    1|          0|
    |and_ln102_2407_reg_1520                |   1|   0|    1|          0|
    |and_ln102_2408_reg_1526                |   1|   0|    1|          0|
    |and_ln102_2409_reg_1555                |   1|   0|    1|          0|
    |and_ln102_2411_reg_1589                |   1|   0|    1|          0|
    |and_ln102_2412_reg_1623                |   1|   0|    1|          0|
    |and_ln102_reg_1492                     |   1|   0|    1|          0|
    |and_ln104_387_reg_1577                 |   1|   0|    1|          0|
    |and_ln104_388_reg_1515                 |   1|   0|    1|          0|
    |and_ln104_389_reg_1549                 |   1|   0|    1|          0|
    |and_ln104_389_reg_1549_pp0_iter3_reg   |   1|   0|    1|          0|
    |and_ln104_390_reg_1605                 |   1|   0|    1|          0|
    |and_ln104_391_reg_1617                 |   1|   0|    1|          0|
    |and_ln104_reg_1502                     |   1|   0|    1|          0|
    |icmp_ln86_2123_reg_1329                |   1|   0|    1|          0|
    |icmp_ln86_2124_reg_1334                |   1|   0|    1|          0|
    |icmp_ln86_2125_reg_1340                |   1|   0|    1|          0|
    |icmp_ln86_2126_reg_1346                |   1|   0|    1|          0|
    |icmp_ln86_2126_reg_1346_pp0_iter1_reg  |   1|   0|    1|          0|
    |icmp_ln86_2127_reg_1352                |   1|   0|    1|          0|
    |icmp_ln86_2128_reg_1358                |   1|   0|    1|          0|
    |icmp_ln86_2129_reg_1364                |   1|   0|    1|          0|
    |icmp_ln86_2130_reg_1370                |   1|   0|    1|          0|
    |icmp_ln86_2130_reg_1370_pp0_iter1_reg  |   1|   0|    1|          0|
    |icmp_ln86_2131_reg_1376                |   1|   0|    1|          0|
    |icmp_ln86_2132_reg_1382                |   1|   0|    1|          0|
    |icmp_ln86_2133_reg_1388                |   1|   0|    1|          0|
    |icmp_ln86_2134_reg_1394                |   1|   0|    1|          0|
    |icmp_ln86_2135_reg_1400                |   1|   0|    1|          0|
    |icmp_ln86_2136_reg_1406                |   1|   0|    1|          0|
    |icmp_ln86_2137_reg_1412                |   1|   0|    1|          0|
    |icmp_ln86_2137_reg_1412_pp0_iter1_reg  |   1|   0|    1|          0|
    |icmp_ln86_2138_reg_1417                |   1|   0|    1|          0|
    |icmp_ln86_2139_reg_1422                |   1|   0|    1|          0|
    |icmp_ln86_2139_reg_1422_pp0_iter1_reg  |   1|   0|    1|          0|
    |icmp_ln86_2140_reg_1427                |   1|   0|    1|          0|
    |icmp_ln86_2140_reg_1427_pp0_iter1_reg  |   1|   0|    1|          0|
    |icmp_ln86_2141_reg_1432                |   1|   0|    1|          0|
    |icmp_ln86_2142_reg_1437                |   1|   0|    1|          0|
    |icmp_ln86_2143_reg_1442                |   1|   0|    1|          0|
    |icmp_ln86_2144_reg_1447                |   1|   0|    1|          0|
    |icmp_ln86_2145_reg_1452                |   1|   0|    1|          0|
    |icmp_ln86_2146_reg_1457                |   1|   0|    1|          0|
    |icmp_ln86_2147_reg_1462                |   1|   0|    1|          0|
    |icmp_ln86_2148_reg_1467                |   1|   0|    1|          0|
    |icmp_ln86_2149_reg_1472                |   1|   0|    1|          0|
    |icmp_ln86_2150_reg_1477                |   1|   0|    1|          0|
    |icmp_ln86_2151_reg_1482                |   1|   0|    1|          0|
    |icmp_ln86_2152_reg_1487                |   1|   0|    1|          0|
    |icmp_ln86_reg_1318                     |   1|   0|    1|          0|
    |or_ln117_1890_reg_1565                 |   1|   0|    1|          0|
    |or_ln117_1894_reg_1595                 |   1|   0|    1|          0|
    |or_ln117_1899_reg_1628                 |   1|   0|    1|          0|
    |or_ln117_1901_reg_1638                 |   1|   0|    1|          0|
    |or_ln117_1903_reg_1644                 |   1|   0|    1|          0|
    |or_ln117_1903_reg_1644_pp0_iter5_reg   |   1|   0|    1|          0|
    |or_ln117_1905_reg_1652                 |   1|   0|    1|          0|
    |or_ln117_1909_reg_1662                 |   1|   0|    1|          0|
    |or_ln117_reg_1532                      |   1|   0|    1|          0|
    |select_ln117_2067_reg_1560             |   4|   0|    4|          0|
    |select_ln117_2073_reg_1600             |   4|   0|    4|          0|
    |select_ln117_2079_reg_1633             |   5|   0|    5|          0|
    |select_ln117_2085_reg_1657             |   5|   0|    5|          0|
    |select_ln117_2089_reg_1667             |   5|   0|    5|          0|
    |x_0_val_int_reg                        |  18|   0|   18|          0|
    |x_10_val_int_reg                       |  18|   0|   18|          0|
    |x_12_val_int_reg                       |  18|   0|   18|          0|
    |x_14_val_int_reg                       |  18|   0|   18|          0|
    |x_15_val_int_reg                       |  18|   0|   18|          0|
    |x_1_val_int_reg                        |  18|   0|   18|          0|
    |x_2_val_int_reg                        |  18|   0|   18|          0|
    |x_3_val_int_reg                        |  18|   0|   18|          0|
    |x_4_val_int_reg                        |  18|   0|   18|          0|
    |x_5_val_int_reg                        |  18|   0|   18|          0|
    |x_6_val_int_reg                        |  18|   0|   18|          0|
    |x_7_val_int_reg                        |  18|   0|   18|          0|
    |xor_ln104_reg_1537                     |   1|   0|    1|          0|
    |and_ln102_reg_1492                     |  64|  32|    1|          0|
    |and_ln104_391_reg_1617                 |  64|  32|    1|          0|
    |icmp_ln86_2124_reg_1334                |  64|  32|    1|          0|
    |icmp_ln86_2127_reg_1352                |  64|  32|    1|          0|
    |icmp_ln86_2128_reg_1358                |  64|  32|    1|          0|
    |icmp_ln86_2131_reg_1376                |  64|  32|    1|          0|
    |icmp_ln86_2132_reg_1382                |  64|  32|    1|          0|
    |icmp_ln86_2133_reg_1388                |  64|  32|    1|          0|
    |icmp_ln86_2134_reg_1394                |  64|  32|    1|          0|
    |icmp_ln86_2135_reg_1400                |  64|  32|    1|          0|
    |icmp_ln86_2136_reg_1406                |  64|  32|    1|          0|
    |icmp_ln86_2141_reg_1432                |  64|  32|    1|          0|
    |icmp_ln86_2142_reg_1437                |  64|  32|    1|          0|
    |icmp_ln86_2143_reg_1442                |  64|  32|    1|          0|
    |icmp_ln86_2144_reg_1447                |  64|  32|    1|          0|
    |icmp_ln86_2145_reg_1452                |  64|  32|    1|          0|
    |icmp_ln86_2146_reg_1457                |  64|  32|    1|          0|
    |icmp_ln86_2147_reg_1462                |  64|  32|    1|          0|
    |icmp_ln86_2148_reg_1467                |  64|  32|    1|          0|
    |icmp_ln86_2149_reg_1472                |  64|  32|    1|          0|
    |icmp_ln86_2150_reg_1477                |  64|  32|    1|          0|
    |icmp_ln86_2151_reg_1482                |  64|  32|    1|          0|
    |icmp_ln86_2152_reg_1487                |  64|  32|    1|          0|
    |icmp_ln86_reg_1318                     |  64|  32|    1|          0|
    +---------------------------------------+----+----+-----+-----------+
    |Total                                  |1840| 768|  328|          0|
    +---------------------------------------+----+----+-----+-----------+



================================================================
== Interface
================================================================
* Summary: 
+-----------+-----+-----+------------+-----------------------+--------------+
| RTL Ports | Dir | Bits|  Protocol  |     Source Object     |    C Type    |
+-----------+-----+-----+------------+-----------------------+--------------+
|ap_clk     |   in|    1|  ap_ctrl_hs|  decision_function.101|  return value|
|ap_rst     |   in|    1|  ap_ctrl_hs|  decision_function.101|  return value|
|ap_return  |  out|   11|  ap_ctrl_hs|  decision_function.101|  return value|
|ap_ce      |   in|    1|  ap_ctrl_hs|  decision_function.101|  return value|
|x_0_val    |   in|   18|     ap_none|                x_0_val|        scalar|
|x_1_val    |   in|   18|     ap_none|                x_1_val|        scalar|
|x_2_val    |   in|   18|     ap_none|                x_2_val|        scalar|
|x_3_val    |   in|   18|     ap_none|                x_3_val|        scalar|
|x_4_val    |   in|   18|     ap_none|                x_4_val|        scalar|
|x_5_val    |   in|   18|     ap_none|                x_5_val|        scalar|
|x_6_val    |   in|   18|     ap_none|                x_6_val|        scalar|
|x_7_val    |   in|   18|     ap_none|                x_7_val|        scalar|
|x_10_val   |   in|   18|     ap_none|               x_10_val|        scalar|
|x_12_val   |   in|   18|     ap_none|               x_12_val|        scalar|
|x_14_val   |   in|   18|     ap_none|               x_14_val|        scalar|
|x_15_val   |   in|   18|     ap_none|               x_15_val|        scalar|
+-----------+-----+-----+------------+-----------------------+--------------+

