

================================================================
== Vitis HLS Report for 'decision_function_64'
================================================================
* Date:           Tue Mar 11 16:17:01 2025

* Version:        2024.2 (Build 5238294 on Nov  8 2024)
* Project:        my_prj
* Solution:       solution1 (Vivado IP Flow Target)
* Product family: zynq
* Target device:  xc7z020-clg400-1


================================================================
== Performance Estimates
================================================================
+ Timing: 
    * Summary: 
    +--------+---------+----------+------------+
    |  Clock |  Target | Estimated| Uncertainty|
    +--------+---------+----------+------------+
    |ap_clk  |  5.00 ns|  3.645 ns|     1.35 ns|
    +--------+---------+----------+------------+

+ Latency: 
    * Summary: 
    +---------+---------+-----------+-----------+-----+-----+---------+
    |  Latency (cycles) |   Latency (absolute)  |  Interval | Pipeline|
    |   min   |   max   |    min    |    max    | min | max |   Type  |
    +---------+---------+-----------+-----------+-----+-----+---------+
    |        7|        7|  35.000 ns|  35.000 ns|    1|    1|      yes|
    +---------+---------+-----------+-----------+-----+-----+---------+

    + Detail: 
        * Instance: 
        N/A

        * Loop: 
        N/A



================================================================
== Utilization Estimates
================================================================
* Summary: 
+-----------------+---------+-----+--------+-------+-----+
|       Name      | BRAM_18K| DSP |   FF   |  LUT  | URAM|
+-----------------+---------+-----+--------+-------+-----+
|DSP              |        -|    -|       -|      -|    -|
|Expression       |        -|    -|       0|   1052|    -|
|FIFO             |        -|    -|       -|      -|    -|
|Instance         |        -|    -|       0|    142|    -|
|Memory           |        -|    -|       -|      -|    -|
|Multiplexer      |        -|    -|       -|      -|    -|
|Register         |        -|    -|    1741|    736|    -|
+-----------------+---------+-----+--------+-------+-----+
|Total            |        0|    0|    1741|   1930|    0|
+-----------------+---------+-----+--------+-------+-----+
|Available        |      280|  220|  106400|  53200|    0|
+-----------------+---------+-----+--------+-------+-----+
|Utilization (%)  |        0|    0|       1|      3|    0|
+-----------------+---------+-----+--------+-------+-----+

+ Detail: 
    * Instance: 
    +--------------------------------+---------------------------+---------+----+---+-----+-----+
    |            Instance            |           Module          | BRAM_18K| DSP| FF| LUT | URAM|
    +--------------------------------+---------------------------+---------+----+---+-----+-----+
    |sparsemux_65_5_12_1_1_x12_U467  |sparsemux_65_5_12_1_1_x12  |        0|   0|  0|  142|    0|
    +--------------------------------+---------------------------+---------+----+---+-----+-----+
    |Total                           |                           |        0|   0|  0|  142|    0|
    +--------------------------------+---------------------------+---------+----+---+-----+-----+

    * DSP: 
    N/A

    * Memory: 
    N/A

    * FIFO: 
    N/A

    * Expression: 
    +------------------------------+----------+----+---+----+------------+------------+
    |         Variable Name        | Operation| DSP| FF| LUT| Bitwidth P0| Bitwidth P1|
    +------------------------------+----------+----+---+----+------------+------------+
    |and_ln102_1279_fu_691_p2      |       and|   0|  0|   2|           1|           1|
    |and_ln102_1280_fu_508_p2      |       and|   0|  0|   2|           1|           1|
    |and_ln102_1281_fu_559_p2      |       and|   0|  0|   2|           1|           1|
    |and_ln102_1282_fu_705_p2      |       and|   0|  0|   2|           1|           1|
    |and_ln102_1283_fu_825_p2      |       and|   0|  0|   2|           1|           1|
    |and_ln102_1284_fu_522_p2      |       and|   0|  0|   2|           1|           1|
    |and_ln102_1285_fu_532_p2      |       and|   0|  0|   2|           1|           1|
    |and_ln102_1286_fu_578_p2      |       and|   0|  0|   2|           1|           1|
    |and_ln102_1287_fu_715_p2      |       and|   0|  0|   2|           1|           1|
    |and_ln102_1288_fu_719_p2      |       and|   0|  0|   2|           1|           1|
    |and_ln102_1289_fu_849_p2      |       and|   0|  0|   2|           1|           1|
    |and_ln102_1290_fu_967_p2      |       and|   0|  0|   2|           1|           1|
    |and_ln102_1291_fu_1055_p2     |       and|   0|  0|   2|           1|           1|
    |and_ln102_1292_fu_583_p2      |       and|   0|  0|   2|           1|           1|
    |and_ln102_1293_fu_537_p2      |       and|   0|  0|   2|           1|           1|
    |and_ln102_1294_fu_542_p2      |       and|   0|  0|   2|           1|           1|
    |and_ln102_1295_fu_587_p2      |       and|   0|  0|   2|           1|           1|
    |and_ln102_1296_fu_591_p2      |       and|   0|  0|   2|           1|           1|
    |and_ln102_1297_fu_596_p2      |       and|   0|  0|   2|           1|           1|
    |and_ln102_1298_fu_724_p2      |       and|   0|  0|   2|           1|           1|
    |and_ln102_1299_fu_728_p2      |       and|   0|  0|   2|           1|           1|
    |and_ln102_1300_fu_733_p2      |       and|   0|  0|   2|           1|           1|
    |and_ln102_1301_fu_738_p2      |       and|   0|  0|   2|           1|           1|
    |and_ln102_1302_fu_854_p2      |       and|   0|  0|   2|           1|           1|
    |and_ln102_1303_fu_859_p2      |       and|   0|  0|   2|           1|           1|
    |and_ln102_1304_fu_864_p2      |       and|   0|  0|   2|           1|           1|
    |and_ln102_1305_fu_868_p2      |       and|   0|  0|   2|           1|           1|
    |and_ln102_1306_fu_873_p2      |       and|   0|  0|   2|           1|           1|
    |and_ln102_1307_fu_971_p2      |       and|   0|  0|   2|           1|           1|
    |and_ln102_1308_fu_975_p2      |       and|   0|  0|   2|           1|           1|
    |and_ln102_1309_fu_980_p2      |       and|   0|  0|   2|           1|           1|
    |and_ln102_1310_fu_985_p2      |       and|   0|  0|   2|           1|           1|
    |and_ln102_1311_fu_1059_p2     |       and|   0|  0|   2|           1|           1|
    |and_ln102_1312_fu_1063_p2     |       and|   0|  0|   2|           1|           1|
    |and_ln102_1313_fu_1068_p2     |       and|   0|  0|   2|           1|           1|
    |and_ln102_1314_fu_1130_p2     |       and|   0|  0|   2|           1|           1|
    |and_ln102_1315_fu_1135_p2     |       and|   0|  0|   2|           1|           1|
    |and_ln102_fu_492_p2           |       and|   0|  0|   2|           1|           1|
    |and_ln104_185_fu_700_p2       |       and|   0|  0|   2|           1|           1|
    |and_ln104_186_fu_517_p2       |       and|   0|  0|   2|           1|           1|
    |and_ln104_187_fu_568_p2       |       and|   0|  0|   2|           1|           1|
    |and_ln104_188_fu_820_p2       |       and|   0|  0|   2|           1|           1|
    |and_ln104_189_fu_834_p2       |       and|   0|  0|   2|           1|           1|
    |and_ln104_fu_503_p2           |       and|   0|  0|   2|           1|           1|
    |icmp_ln86_1030_fu_318_p2      |      icmp|   0|  0|  25|          18|           9|
    |icmp_ln86_1031_fu_324_p2      |      icmp|   0|  0|  25|          18|           9|
    |icmp_ln86_1032_fu_330_p2      |      icmp|   0|  0|  25|          18|          10|
    |icmp_ln86_1033_fu_336_p2      |      icmp|   0|  0|  25|          18|          10|
    |icmp_ln86_1034_fu_342_p2      |      icmp|   0|  0|  25|          18|           9|
    |icmp_ln86_1035_fu_348_p2      |      icmp|   0|  0|  25|          18|          12|
    |icmp_ln86_1036_fu_354_p2      |      icmp|   0|  0|  25|          18|          12|
    |icmp_ln86_1037_fu_360_p2      |      icmp|   0|  0|  25|          18|          10|
    |icmp_ln86_1038_fu_366_p2      |      icmp|   0|  0|  25|          18|          11|
    |icmp_ln86_1039_fu_372_p2      |      icmp|   0|  0|  25|          18|          12|
    |icmp_ln86_1040_fu_378_p2      |      icmp|   0|  0|  25|          18|           7|
    |icmp_ln86_1041_fu_384_p2      |      icmp|   0|  0|  25|          18|          11|
    |icmp_ln86_1042_fu_390_p2      |      icmp|   0|  0|  25|          18|          11|
    |icmp_ln86_1043_fu_396_p2      |      icmp|   0|  0|  25|          18|          12|
    |icmp_ln86_1044_fu_402_p2      |      icmp|   0|  0|  25|          18|          11|
    |icmp_ln86_1045_fu_408_p2      |      icmp|   0|  0|  25|          18|           9|
    |icmp_ln86_1046_fu_414_p2      |      icmp|   0|  0|  25|          18|          11|
    |icmp_ln86_1047_fu_420_p2      |      icmp|   0|  0|  25|          18|          12|
    |icmp_ln86_1048_fu_426_p2      |      icmp|   0|  0|  25|          18|          11|
    |icmp_ln86_1049_fu_432_p2      |      icmp|   0|  0|  25|          18|          12|
    |icmp_ln86_1050_fu_438_p2      |      icmp|   0|  0|  25|          18|          12|
    |icmp_ln86_1051_fu_444_p2      |      icmp|   0|  0|  25|          18|          10|
    |icmp_ln86_1052_fu_450_p2      |      icmp|   0|  0|  25|          18|          10|
    |icmp_ln86_1053_fu_456_p2      |      icmp|   0|  0|  25|          18|          12|
    |icmp_ln86_1054_fu_462_p2      |      icmp|   0|  0|  25|          18|           8|
    |icmp_ln86_1055_fu_468_p2      |      icmp|   0|  0|  25|          18|          11|
    |icmp_ln86_1056_fu_474_p2      |      icmp|   0|  0|  25|          18|          11|
    |icmp_ln86_1057_fu_480_p2      |      icmp|   0|  0|  25|          18|          11|
    |icmp_ln86_1058_fu_486_p2      |      icmp|   0|  0|  25|          18|          10|
    |icmp_ln86_fu_312_p2           |      icmp|   0|  0|  25|          18|          12|
    |or_ln117_904_fu_629_p2        |        or|   0|  0|   2|           1|           1|
    |or_ln117_905_fu_641_p2        |        or|   0|  0|   2|           1|           1|
    |or_ln117_906_fu_653_p2        |        or|   0|  0|   2|           1|           1|
    |or_ln117_907_fu_743_p2        |        or|   0|  0|   2|           1|           1|
    |or_ln117_908_fu_686_p2        |        or|   0|  0|   2|           1|           1|
    |or_ln117_909_fu_755_p2        |        or|   0|  0|   2|           1|           1|
    |or_ln117_910_fu_767_p2        |        or|   0|  0|   2|           1|           1|
    |or_ln117_911_fu_779_p2        |        or|   0|  0|   2|           1|           1|
    |or_ln117_912_fu_793_p2        |        or|   0|  0|   2|           1|           1|
    |or_ln117_913_fu_878_p2        |        or|   0|  0|   2|           1|           1|
    |or_ln117_914_fu_894_p2        |        or|   0|  0|   2|           1|           1|
    |or_ln117_915_fu_906_p2        |        or|   0|  0|   2|           1|           1|
    |or_ln117_916_fu_918_p2        |        or|   0|  0|   2|           1|           1|
    |or_ln117_917_fu_932_p2        |        or|   0|  0|   2|           1|           1|
    |or_ln117_918_fu_990_p2        |        or|   0|  0|   2|           1|           1|
    |or_ln117_919_fu_952_p2        |        or|   0|  0|   2|           1|           1|
    |or_ln117_920_fu_1002_p2       |        or|   0|  0|   2|           1|           1|
    |or_ln117_921_fu_958_p2        |        or|   0|  0|   2|           1|           1|
    |or_ln117_922_fu_1022_p2       |        or|   0|  0|   2|           1|           1|
    |or_ln117_923_fu_1034_p2       |        or|   0|  0|   2|           1|           1|
    |or_ln117_924_fu_1073_p2       |        or|   0|  0|   2|           1|           1|
    |or_ln117_925_fu_1078_p2       |        or|   0|  0|   2|           1|           1|
    |or_ln117_926_fu_1089_p2       |        or|   0|  0|   2|           1|           1|
    |or_ln117_927_fu_1103_p2       |        or|   0|  0|   2|           1|           1|
    |or_ln117_928_fu_1140_p2       |        or|   0|  0|   2|           1|           1|
    |or_ln117_fu_548_p2            |        or|   0|  0|   2|           1|           1|
    |agg_result_fu_1152_p66        |    select|   0|  0|   5|           1|           5|
    |select_ln117_1008_fu_618_p3   |    select|   0|  0|   2|           1|           2|
    |select_ln117_1009_fu_634_p3   |    select|   0|  0|   4|           1|           3|
    |select_ln117_1010_fu_645_p3   |    select|   0|  0|   3|           1|           3|
    |select_ln117_1011_fu_659_p3   |    select|   0|  0|   3|           1|           3|
    |select_ln117_1012_fu_667_p3   |    select|   0|  0|   3|           1|           3|
    |select_ln117_1013_fu_679_p3   |    select|   0|  0|   5|           1|           4|
    |select_ln117_1014_fu_748_p3   |    select|   0|  0|   4|           1|           4|
    |select_ln117_1015_fu_760_p3   |    select|   0|  0|   4|           1|           4|
    |select_ln117_1016_fu_771_p3   |    select|   0|  0|   4|           1|           4|
    |select_ln117_1017_fu_785_p3   |    select|   0|  0|   4|           1|           4|
    |select_ln117_1018_fu_799_p3   |    select|   0|  0|   4|           1|           4|
    |select_ln117_1019_fu_807_p3   |    select|   0|  0|   4|           1|           4|
    |select_ln117_1020_fu_883_p3   |    select|   0|  0|   4|           1|           4|
    |select_ln117_1021_fu_899_p3   |    select|   0|  0|   6|           1|           5|
    |select_ln117_1022_fu_910_p3   |    select|   0|  0|   5|           1|           5|
    |select_ln117_1023_fu_924_p3   |    select|   0|  0|   5|           1|           5|
    |select_ln117_1024_fu_936_p3   |    select|   0|  0|   5|           1|           5|
    |select_ln117_1025_fu_944_p3   |    select|   0|  0|   5|           1|           5|
    |select_ln117_1026_fu_995_p3   |    select|   0|  0|   5|           1|           5|
    |select_ln117_1027_fu_1007_p3  |    select|   0|  0|   5|           1|           5|
    |select_ln117_1028_fu_1014_p3  |    select|   0|  0|   5|           1|           5|
    |select_ln117_1029_fu_1027_p3  |    select|   0|  0|   5|           1|           5|
    |select_ln117_1030_fu_1039_p3  |    select|   0|  0|   5|           1|           5|
    |select_ln117_1031_fu_1047_p3  |    select|   0|  0|   5|           1|           5|
    |select_ln117_1032_fu_1082_p3  |    select|   0|  0|   5|           1|           5|
    |select_ln117_1033_fu_1095_p3  |    select|   0|  0|   5|           1|           5|
    |select_ln117_1034_fu_1109_p3  |    select|   0|  0|   5|           1|           5|
    |select_ln117_1035_fu_1117_p3  |    select|   0|  0|   5|           1|           5|
    |select_ln117_fu_611_p3        |    select|   0|  0|   3|           1|           2|
    |xor_ln104_487_fu_498_p2       |       xor|   0|  0|   2|           1|           2|
    |xor_ln104_488_fu_695_p2       |       xor|   0|  0|   2|           1|           2|
    |xor_ln104_489_fu_512_p2       |       xor|   0|  0|   2|           1|           2|
    |xor_ln104_490_fu_563_p2       |       xor|   0|  0|   2|           1|           2|
    |xor_ln104_491_fu_815_p2       |       xor|   0|  0|   2|           1|           2|
    |xor_ln104_492_fu_829_p2       |       xor|   0|  0|   2|           1|           2|
    |xor_ln104_493_fu_527_p2       |       xor|   0|  0|   2|           1|           2|
    |xor_ln104_494_fu_573_p2       |       xor|   0|  0|   2|           1|           2|
    |xor_ln104_495_fu_710_p2       |       xor|   0|  0|   2|           1|           2|
    |xor_ln104_496_fu_839_p2       |       xor|   0|  0|   2|           1|           2|
    |xor_ln104_497_fu_844_p2       |       xor|   0|  0|   2|           1|           2|
    |xor_ln104_498_fu_962_p2       |       xor|   0|  0|   2|           1|           2|
    |xor_ln104_499_fu_1125_p2      |       xor|   0|  0|   2|           1|           2|
    |xor_ln104_fu_554_p2           |       xor|   0|  0|   2|           1|           2|
    |xor_ln117_fu_601_p2           |       xor|   0|  0|   2|           2|           1|
    +------------------------------+----------+----+---+----+------------+------------+
    |Total                         |          |   0|  0|1052|         656|         545|
    +------------------------------+----------+----+---+----+------------+------------+

    * Multiplexer: 
    N/A

    * Register: 
    +---------------------------------------+----+----+-----+-----------+
    |                  Name                 | FF | LUT| Bits| Const Bits|
    +---------------------------------------+----+----+-----+-----------+
    |and_ln102_1279_reg_1536                |   1|   0|    1|          0|
    |and_ln102_1280_reg_1473                |   1|   0|    1|          0|
    |and_ln102_1281_reg_1508                |   1|   0|    1|          0|
    |and_ln102_1282_reg_1548                |   1|   0|    1|          0|
    |and_ln102_1283_reg_1575                |   1|   0|    1|          0|
    |and_ln102_1283_reg_1575_pp0_iter5_reg  |   1|   0|    1|          0|
    |and_ln102_1284_reg_1485                |   1|   0|    1|          0|
    |and_ln102_1285_reg_1491                |   1|   0|    1|          0|
    |and_ln102_1286_reg_1520                |   1|   0|    1|          0|
    |and_ln102_1288_reg_1554                |   1|   0|    1|          0|
    |and_ln102_1289_reg_1593                |   1|   0|    1|          0|
    |and_ln102_reg_1457                     |   1|   0|    1|          0|
    |and_ln104_185_reg_1542                 |   1|   0|    1|          0|
    |and_ln104_186_reg_1480                 |   1|   0|    1|          0|
    |and_ln104_187_reg_1514                 |   1|   0|    1|          0|
    |and_ln104_187_reg_1514_pp0_iter3_reg   |   1|   0|    1|          0|
    |and_ln104_188_reg_1570                 |   1|   0|    1|          0|
    |and_ln104_189_reg_1582                 |   1|   0|    1|          0|
    |and_ln104_reg_1467                     |   1|   0|    1|          0|
    |icmp_ln86_1030_reg_1299                |   1|   0|    1|          0|
    |icmp_ln86_1031_reg_1304                |   1|   0|    1|          0|
    |icmp_ln86_1032_reg_1310                |   1|   0|    1|          0|
    |icmp_ln86_1033_reg_1316                |   1|   0|    1|          0|
    |icmp_ln86_1033_reg_1316_pp0_iter1_reg  |   1|   0|    1|          0|
    |icmp_ln86_1034_reg_1322                |   1|   0|    1|          0|
    |icmp_ln86_1035_reg_1328                |   1|   0|    1|          0|
    |icmp_ln86_1036_reg_1334                |   1|   0|    1|          0|
    |icmp_ln86_1037_reg_1340                |   1|   0|    1|          0|
    |icmp_ln86_1037_reg_1340_pp0_iter1_reg  |   1|   0|    1|          0|
    |icmp_ln86_1038_reg_1346                |   1|   0|    1|          0|
    |icmp_ln86_1039_reg_1352                |   1|   0|    1|          0|
    |icmp_ln86_1040_reg_1358                |   1|   0|    1|          0|
    |icmp_ln86_1041_reg_1365                |   1|   0|    1|          0|
    |icmp_ln86_1042_reg_1371                |   1|   0|    1|          0|
    |icmp_ln86_1043_reg_1377                |   1|   0|    1|          0|
    |icmp_ln86_1043_reg_1377_pp0_iter1_reg  |   1|   0|    1|          0|
    |icmp_ln86_1044_reg_1382                |   1|   0|    1|          0|
    |icmp_ln86_1045_reg_1387                |   1|   0|    1|          0|
    |icmp_ln86_1045_reg_1387_pp0_iter1_reg  |   1|   0|    1|          0|
    |icmp_ln86_1046_reg_1392                |   1|   0|    1|          0|
    |icmp_ln86_1046_reg_1392_pp0_iter1_reg  |   1|   0|    1|          0|
    |icmp_ln86_1047_reg_1397                |   1|   0|    1|          0|
    |icmp_ln86_1048_reg_1402                |   1|   0|    1|          0|
    |icmp_ln86_1049_reg_1407                |   1|   0|    1|          0|
    |icmp_ln86_1050_reg_1412                |   1|   0|    1|          0|
    |icmp_ln86_1051_reg_1417                |   1|   0|    1|          0|
    |icmp_ln86_1052_reg_1422                |   1|   0|    1|          0|
    |icmp_ln86_1053_reg_1427                |   1|   0|    1|          0|
    |icmp_ln86_1054_reg_1432                |   1|   0|    1|          0|
    |icmp_ln86_1055_reg_1437                |   1|   0|    1|          0|
    |icmp_ln86_1056_reg_1442                |   1|   0|    1|          0|
    |icmp_ln86_1057_reg_1447                |   1|   0|    1|          0|
    |icmp_ln86_1058_reg_1452                |   1|   0|    1|          0|
    |icmp_ln86_reg_1288                     |   1|   0|    1|          0|
    |or_ln117_908_reg_1530                  |   1|   0|    1|          0|
    |or_ln117_912_reg_1560                  |   1|   0|    1|          0|
    |or_ln117_917_reg_1598                  |   1|   0|    1|          0|
    |or_ln117_919_reg_1608                  |   1|   0|    1|          0|
    |or_ln117_921_reg_1614                  |   1|   0|    1|          0|
    |or_ln117_921_reg_1614_pp0_iter5_reg    |   1|   0|    1|          0|
    |or_ln117_923_reg_1622                  |   1|   0|    1|          0|
    |or_ln117_927_reg_1632                  |   1|   0|    1|          0|
    |or_ln117_reg_1497                      |   1|   0|    1|          0|
    |select_ln117_1013_reg_1525             |   4|   0|    4|          0|
    |select_ln117_1019_reg_1565             |   4|   0|    4|          0|
    |select_ln117_1025_reg_1603             |   5|   0|    5|          0|
    |select_ln117_1031_reg_1627             |   5|   0|    5|          0|
    |select_ln117_1035_reg_1637             |   5|   0|    5|          0|
    |x_0_val_int_reg                        |  18|   0|   18|          0|
    |x_11_val_int_reg                       |  18|   0|   18|          0|
    |x_14_val_int_reg                       |  18|   0|   18|          0|
    |x_15_val_int_reg                       |  18|   0|   18|          0|
    |x_1_val_int_reg                        |  18|   0|   18|          0|
    |x_2_val_int_reg                        |  18|   0|   18|          0|
    |x_3_val_int_reg                        |  18|   0|   18|          0|
    |x_5_val_int_reg                        |  18|   0|   18|          0|
    |x_6_val_int_reg                        |  18|   0|   18|          0|
    |x_7_val_int_reg                        |  18|   0|   18|          0|
    |xor_ln104_497_reg_1588                 |   1|   0|    1|          0|
    |xor_ln104_497_reg_1588_pp0_iter5_reg   |   1|   0|    1|          0|
    |xor_ln104_reg_1502                     |   1|   0|    1|          0|
    |and_ln102_reg_1457                     |  64|  32|    1|          0|
    |and_ln104_189_reg_1582                 |  64|  32|    1|          0|
    |icmp_ln86_1031_reg_1304                |  64|  32|    1|          0|
    |icmp_ln86_1034_reg_1322                |  64|  32|    1|          0|
    |icmp_ln86_1035_reg_1328                |  64|  32|    1|          0|
    |icmp_ln86_1038_reg_1346                |  64|  32|    1|          0|
    |icmp_ln86_1039_reg_1352                |  64|  32|    1|          0|
    |icmp_ln86_1040_reg_1358                |  64|  32|    1|          0|
    |icmp_ln86_1041_reg_1365                |  64|  32|    1|          0|
    |icmp_ln86_1042_reg_1371                |  64|  32|    1|          0|
    |icmp_ln86_1047_reg_1397                |  64|  32|    1|          0|
    |icmp_ln86_1048_reg_1402                |  64|  32|    1|          0|
    |icmp_ln86_1049_reg_1407                |  64|  32|    1|          0|
    |icmp_ln86_1050_reg_1412                |  64|  32|    1|          0|
    |icmp_ln86_1051_reg_1417                |  64|  32|    1|          0|
    |icmp_ln86_1052_reg_1422                |  64|  32|    1|          0|
    |icmp_ln86_1053_reg_1427                |  64|  32|    1|          0|
    |icmp_ln86_1054_reg_1432                |  64|  32|    1|          0|
    |icmp_ln86_1055_reg_1437                |  64|  32|    1|          0|
    |icmp_ln86_1056_reg_1442                |  64|  32|    1|          0|
    |icmp_ln86_1057_reg_1447                |  64|  32|    1|          0|
    |icmp_ln86_1058_reg_1452                |  64|  32|    1|          0|
    |icmp_ln86_reg_1288                     |  64|  32|    1|          0|
    +---------------------------------------+----+----+-----+-----------+
    |Total                                  |1741| 736|  292|          0|
    +---------------------------------------+----+----+-----+-----------+



================================================================
== Interface
================================================================
* Summary: 
+-----------+-----+-----+------------+----------------------+--------------+
| RTL Ports | Dir | Bits|  Protocol  |     Source Object    |    C Type    |
+-----------+-----+-----+------------+----------------------+--------------+
|ap_clk     |   in|    1|  ap_ctrl_hs|  decision_function.64|  return value|
|ap_rst     |   in|    1|  ap_ctrl_hs|  decision_function.64|  return value|
|ap_return  |  out|   12|  ap_ctrl_hs|  decision_function.64|  return value|
|ap_ce      |   in|    1|  ap_ctrl_hs|  decision_function.64|  return value|
|x_0_val    |   in|   18|     ap_none|               x_0_val|        scalar|
|x_1_val    |   in|   18|     ap_none|               x_1_val|        scalar|
|x_2_val    |   in|   18|     ap_none|               x_2_val|        scalar|
|x_3_val    |   in|   18|     ap_none|               x_3_val|        scalar|
|x_5_val    |   in|   18|     ap_none|               x_5_val|        scalar|
|x_6_val    |   in|   18|     ap_none|               x_6_val|        scalar|
|x_7_val    |   in|   18|     ap_none|               x_7_val|        scalar|
|x_11_val   |   in|   18|     ap_none|              x_11_val|        scalar|
|x_14_val   |   in|   18|     ap_none|              x_14_val|        scalar|
|x_15_val   |   in|   18|     ap_none|              x_15_val|        scalar|
+-----------+-----+-----+------------+----------------------+--------------+

