

================================================================
== Vitis HLS Report for 'tree_scores'
================================================================
* Date:           Tue Mar 11 16:17:37 2025

* Version:        2024.2 (Build 5238294 on Nov  8 2024)
* Project:        my_prj
* Solution:       solution1 (Vivado IP Flow Target)
* Product family: zynq
* Target device:  xc7z020-clg400-1


================================================================
== Performance Estimates
================================================================
+ Timing: 
    * Summary: 
    +--------+---------+----------+------------+
    |  Clock |  Target | Estimated| Uncertainty|
    +--------+---------+----------+------------+
    |ap_clk  |  5.00 ns|  3.645 ns|     1.35 ns|
    +--------+---------+----------+------------+

+ Latency: 
    * Summary: 
    +---------+---------+-----------+-----------+-----+-----+---------+
    |  Latency (cycles) |   Latency (absolute)  |  Interval | Pipeline|
    |   min   |   max   |    min    |    max    | min | max |   Type  |
    +---------+---------+-----------+-----------+-----+-----+---------+
    |        9|        9|  45.000 ns|  45.000 ns|    1|    1|      yes|
    +---------+---------+-----------+-----------+-----+-----+---------+

    + Detail: 
        * Instance: 
        +-----------------------------------+-----------------------+---------+---------+-----------+-----------+-----+-----+---------+
        |                                   |                       |  Latency (cycles) |   Latency (absolute)  |  Interval | Pipeline|
        |              Instance             |         Module        |   min   |   max   |    min    |    max    | min | max |   Type  |
        +-----------------------------------+-----------------------+---------+---------+-----------+-----------+-----+-----+---------+
        |grp_decision_function_65_fu_374    |decision_function_65   |        8|        8|  40.000 ns|  40.000 ns|    1|    1|      yes|
        |grp_decision_function_32_fu_386    |decision_function_32   |        8|        8|  40.000 ns|  40.000 ns|    1|    1|      yes|
        |grp_decision_function_10_fu_406    |decision_function_10   |        8|        8|  40.000 ns|  40.000 ns|    1|    1|      yes|
        |grp_decision_function_93_fu_428    |decision_function_93   |        8|        8|  40.000 ns|  40.000 ns|    1|    1|      yes|
        |grp_decision_function_89_fu_450    |decision_function_89   |        8|        8|  40.000 ns|  40.000 ns|    1|    1|      yes|
        |grp_decision_function_79_fu_474    |decision_function_79   |        8|        8|  40.000 ns|  40.000 ns|    1|    1|      yes|
        |grp_decision_function_27_fu_494    |decision_function_27   |        8|        8|  40.000 ns|  40.000 ns|    1|    1|      yes|
        |grp_decision_function_16_fu_524    |decision_function_16   |        8|        8|  40.000 ns|  40.000 ns|    1|    1|      yes|
        |grp_decision_function_14_fu_554    |decision_function_14   |        8|        8|  40.000 ns|  40.000 ns|    1|    1|      yes|
        |grp_decision_function_5_fu_584     |decision_function_5    |        8|        8|  40.000 ns|  40.000 ns|    1|    1|      yes|
        |grp_decision_function_3_fu_608     |decision_function_3    |        8|        8|  40.000 ns|  40.000 ns|    1|    1|      yes|
        |grp_decision_function_117_fu_640   |decision_function_117  |        8|        8|  40.000 ns|  40.000 ns|    1|    1|      yes|
        |grp_decision_function_114_fu_672   |decision_function_114  |        8|        8|  40.000 ns|  40.000 ns|    1|    1|      yes|
        |grp_decision_function_113_fu_696   |decision_function_113  |        8|        8|  40.000 ns|  40.000 ns|    1|    1|      yes|
        |grp_decision_function_112_fu_720   |decision_function_112  |        8|        8|  40.000 ns|  40.000 ns|    1|    1|      yes|
        |grp_decision_function_102_fu_746   |decision_function_102  |        8|        8|  40.000 ns|  40.000 ns|    1|    1|      yes|
        |grp_decision_function_124_fu_770   |decision_function_124  |        7|        7|  35.000 ns|  35.000 ns|    1|    1|      yes|
        |grp_decision_function_123_fu_779   |decision_function_123  |        7|        7|  35.000 ns|  35.000 ns|    1|    1|      yes|
        |grp_decision_function_87_fu_793    |decision_function_87   |        7|        7|  35.000 ns|  35.000 ns|    1|    1|      yes|
        |grp_decision_function_76_fu_804    |decision_function_76   |        7|        7|  35.000 ns|  35.000 ns|    1|    1|      yes|
        |grp_decision_function_54_fu_815    |decision_function_54   |        7|        7|  35.000 ns|  35.000 ns|    1|    1|      yes|
        |grp_decision_function_43_fu_825    |decision_function_43   |        7|        7|  35.000 ns|  35.000 ns|    1|    1|      yes|
        |grp_decision_function_21_fu_842    |decision_function_21   |        7|        7|  35.000 ns|  35.000 ns|    1|    1|      yes|
        |grp_decision_function_122_fu_854   |decision_function_122  |        7|        7|  35.000 ns|  35.000 ns|    1|    1|      yes|
        |grp_decision_function_111_fu_867   |decision_function_111  |        7|        7|  35.000 ns|  35.000 ns|    1|    1|      yes|
        |grp_decision_function_100_fu_882   |decision_function_100  |        7|        7|  35.000 ns|  35.000 ns|    1|    1|      yes|
        |grp_decision_function_94_fu_895    |decision_function_94   |        7|        7|  35.000 ns|  35.000 ns|    1|    1|      yes|
        |grp_decision_function_92_fu_908    |decision_function_92   |        7|        7|  35.000 ns|  35.000 ns|    1|    1|      yes|
        |grp_decision_function_91_fu_923    |decision_function_91   |        7|        7|  35.000 ns|  35.000 ns|    1|    1|      yes|
        |grp_decision_function_90_fu_938    |decision_function_90   |        7|        7|  35.000 ns|  35.000 ns|    1|    1|      yes|
        |grp_decision_function_88_fu_953    |decision_function_88   |        7|        7|  35.000 ns|  35.000 ns|    1|    1|      yes|
        |grp_decision_function_86_fu_968    |decision_function_86   |        7|        7|  35.000 ns|  35.000 ns|    1|    1|      yes|
        |grp_decision_function_85_fu_980    |decision_function_85   |        7|        7|  35.000 ns|  35.000 ns|    1|    1|      yes|
        |grp_decision_function_84_fu_994    |decision_function_84   |        7|        7|  35.000 ns|  35.000 ns|    1|    1|      yes|
        |grp_decision_function_83_fu_1008   |decision_function_83   |        7|        7|  35.000 ns|  35.000 ns|    1|    1|      yes|
        |grp_decision_function_82_fu_1021   |decision_function_82   |        7|        7|  35.000 ns|  35.000 ns|    1|    1|      yes|
        |grp_decision_function_81_fu_1035   |decision_function_81   |        7|        7|  35.000 ns|  35.000 ns|    1|    1|      yes|
        |grp_decision_function_80_fu_1047   |decision_function_80   |        7|        7|  35.000 ns|  35.000 ns|    1|    1|      yes|
        |grp_decision_function_78_fu_1063   |decision_function_78   |        7|        7|  35.000 ns|  35.000 ns|    1|    1|      yes|
        |grp_decision_function_77_fu_1079   |decision_function_77   |        7|        7|  35.000 ns|  35.000 ns|    1|    1|      yes|
        |grp_decision_function_75_fu_1093   |decision_function_75   |        7|        7|  35.000 ns|  35.000 ns|    1|    1|      yes|
        |grp_decision_function_74_fu_1109   |decision_function_74   |        7|        7|  35.000 ns|  35.000 ns|    1|    1|      yes|
        |grp_decision_function_73_fu_1125   |decision_function_73   |        7|        7|  35.000 ns|  35.000 ns|    1|    1|      yes|
        |grp_decision_function_72_fu_1140   |decision_function_72   |        7|        7|  35.000 ns|  35.000 ns|    1|    1|      yes|
        |grp_decision_function_71_fu_1155   |decision_function_71   |        7|        7|  35.000 ns|  35.000 ns|    1|    1|      yes|
        |grp_decision_function_70_fu_1168   |decision_function_70   |        7|        7|  35.000 ns|  35.000 ns|    1|    1|      yes|
        |grp_decision_function_69_fu_1182   |decision_function_69   |        7|        7|  35.000 ns|  35.000 ns|    1|    1|      yes|
        |grp_decision_function_68_fu_1198   |decision_function_68   |        7|        7|  35.000 ns|  35.000 ns|    1|    1|      yes|
        |grp_decision_function_67_fu_1215   |decision_function_67   |        7|        7|  35.000 ns|  35.000 ns|    1|    1|      yes|
        |grp_decision_function_66_fu_1229   |decision_function_66   |        7|        7|  35.000 ns|  35.000 ns|    1|    1|      yes|
        |grp_decision_function_64_fu_1244   |decision_function_64   |        7|        7|  35.000 ns|  35.000 ns|    1|    1|      yes|
        |grp_decision_function_63_fu_1258   |decision_function_63   |        7|        7|  35.000 ns|  35.000 ns|    1|    1|      yes|
        |grp_decision_function_62_fu_1274   |decision_function_62   |        7|        7|  35.000 ns|  35.000 ns|    1|    1|      yes|
        |grp_decision_function_61_fu_1287   |decision_function_61   |        7|        7|  35.000 ns|  35.000 ns|    1|    1|      yes|
        |grp_decision_function_60_fu_1300   |decision_function_60   |        7|        7|  35.000 ns|  35.000 ns|    1|    1|      yes|
        |grp_decision_function_59_fu_1313   |decision_function_59   |        7|        7|  35.000 ns|  35.000 ns|    1|    1|      yes|
        |grp_decision_function_58_fu_1324   |decision_function_58   |        7|        7|  35.000 ns|  35.000 ns|    1|    1|      yes|
        |grp_decision_function_57_fu_1341   |decision_function_57   |        7|        7|  35.000 ns|  35.000 ns|    1|    1|      yes|
        |grp_decision_function_56_fu_1355   |decision_function_56   |        7|        7|  35.000 ns|  35.000 ns|    1|    1|      yes|
        |grp_decision_function_55_fu_1370   |decision_function_55   |        6|        6|  30.000 ns|  30.000 ns|    1|    1|      yes|
        |grp_decision_function_53_fu_1385   |decision_function_53   |        7|        7|  35.000 ns|  35.000 ns|    1|    1|      yes|
        |grp_decision_function_52_fu_1400   |decision_function_52   |        7|        7|  35.000 ns|  35.000 ns|    1|    1|      yes|
        |grp_decision_function_51_fu_1417   |decision_function_51   |        7|        7|  35.000 ns|  35.000 ns|    1|    1|      yes|
        |grp_decision_function_50_fu_1431   |decision_function_50   |        7|        7|  35.000 ns|  35.000 ns|    1|    1|      yes|
        |grp_decision_function_49_fu_1448   |decision_function_49   |        7|        7|  35.000 ns|  35.000 ns|    1|    1|      yes|
        |grp_decision_function_48_fu_1464   |decision_function_48   |        7|        7|  35.000 ns|  35.000 ns|    1|    1|      yes|
        |grp_decision_function_47_fu_1481   |decision_function_47   |        7|        7|  35.000 ns|  35.000 ns|    1|    1|      yes|
        |grp_decision_function_46_fu_1497   |decision_function_46   |        7|        7|  35.000 ns|  35.000 ns|    1|    1|      yes|
        |grp_decision_function_45_fu_1513   |decision_function_45   |        7|        7|  35.000 ns|  35.000 ns|    1|    1|      yes|
        |grp_decision_function_44_fu_1529   |decision_function_44   |        7|        7|  35.000 ns|  35.000 ns|    1|    1|      yes|
        |grp_decision_function_42_fu_1543   |decision_function_42   |        7|        7|  35.000 ns|  35.000 ns|    1|    1|      yes|
        |grp_decision_function_41_fu_1560   |decision_function_41   |        7|        7|  35.000 ns|  35.000 ns|    1|    1|      yes|
        |grp_decision_function_40_fu_1576   |decision_function_40   |        7|        7|  35.000 ns|  35.000 ns|    1|    1|      yes|
        |grp_decision_function_39_fu_1592   |decision_function_39   |        7|        7|  35.000 ns|  35.000 ns|    1|    1|      yes|
        |grp_decision_function_38_fu_1608   |decision_function_38   |        7|        7|  35.000 ns|  35.000 ns|    1|    1|      yes|
        |grp_decision_function_37_fu_1623   |decision_function_37   |        7|        7|  35.000 ns|  35.000 ns|    1|    1|      yes|
        |grp_decision_function_36_fu_1641   |decision_function_36   |        7|        7|  35.000 ns|  35.000 ns|    1|    1|      yes|
        |grp_decision_function_35_fu_1659   |decision_function_35   |        7|        7|  35.000 ns|  35.000 ns|    1|    1|      yes|
        |grp_decision_function_34_fu_1674   |decision_function_34   |        7|        7|  35.000 ns|  35.000 ns|    1|    1|      yes|
        |grp_decision_function_33_fu_1686   |decision_function_33   |        7|        7|  35.000 ns|  35.000 ns|    1|    1|      yes|
        |grp_decision_function_31_fu_1704   |decision_function_31   |        7|        7|  35.000 ns|  35.000 ns|    1|    1|      yes|
        |grp_decision_function_30_fu_1715   |decision_function_30   |        7|        7|  35.000 ns|  35.000 ns|    1|    1|      yes|
        |grp_decision_function_29_fu_1731   |decision_function_29   |        7|        7|  35.000 ns|  35.000 ns|    1|    1|      yes|
        |grp_decision_function_28_fu_1746   |decision_function_28   |        7|        7|  35.000 ns|  35.000 ns|    1|    1|      yes|
        |grp_decision_function_26_fu_1762   |decision_function_26   |        7|        7|  35.000 ns|  35.000 ns|    1|    1|      yes|
        |grp_decision_function_25_fu_1779   |decision_function_25   |        7|        7|  35.000 ns|  35.000 ns|    1|    1|      yes|
        |grp_decision_function_24_fu_1792   |decision_function_24   |        7|        7|  35.000 ns|  35.000 ns|    1|    1|      yes|
        |grp_decision_function_23_fu_1808   |decision_function_23   |        7|        7|  35.000 ns|  35.000 ns|    1|    1|      yes|
        |grp_decision_function_22_fu_1825   |decision_function_22   |        7|        7|  35.000 ns|  35.000 ns|    1|    1|      yes|
        |grp_decision_function_20_fu_1839   |decision_function_20   |        7|        7|  35.000 ns|  35.000 ns|    1|    1|      yes|
        |grp_decision_function_19_fu_1856   |decision_function_19   |        6|        6|  30.000 ns|  30.000 ns|    1|    1|      yes|
        |grp_decision_function_18_fu_1873   |decision_function_18   |        7|        7|  35.000 ns|  35.000 ns|    1|    1|      yes|
        |grp_decision_function_17_fu_1889   |decision_function_17   |        7|        7|  35.000 ns|  35.000 ns|    1|    1|      yes|
        |grp_decision_function_15_fu_1906   |decision_function_15   |        7|        7|  35.000 ns|  35.000 ns|    1|    1|      yes|
        |grp_decision_function_13_fu_1921   |decision_function_13   |        7|        7|  35.000 ns|  35.000 ns|    1|    1|      yes|
        |grp_decision_function_12_fu_1935   |decision_function_12   |        7|        7|  35.000 ns|  35.000 ns|    1|    1|      yes|
        |grp_decision_function_11_fu_1953   |decision_function_11   |        6|        6|  30.000 ns|  30.000 ns|    1|    1|      yes|
        |grp_decision_function_9_fu_1967    |decision_function_9    |        7|        7|  35.000 ns|  35.000 ns|    1|    1|      yes|
        |grp_decision_function_8_fu_1984    |decision_function_8    |        7|        7|  35.000 ns|  35.000 ns|    1|    1|      yes|
        |grp_decision_function_7_fu_2000    |decision_function_7    |        7|        7|  35.000 ns|  35.000 ns|    1|    1|      yes|
        |grp_decision_function_6_fu_2014    |decision_function_6    |        7|        7|  35.000 ns|  35.000 ns|    1|    1|      yes|
        |grp_decision_function_4_fu_2029    |decision_function_4    |        6|        6|  30.000 ns|  30.000 ns|    1|    1|      yes|
        |grp_decision_function_2_fu_2045    |decision_function_2    |        7|        7|  35.000 ns|  35.000 ns|    1|    1|      yes|
        |grp_decision_function_1_fu_2062    |decision_function_1    |        7|        7|  35.000 ns|  35.000 ns|    1|    1|      yes|
        |grp_decision_function_fu_2078      |decision_function      |        7|        7|  35.000 ns|  35.000 ns|    1|    1|      yes|
        |grp_decision_function_121_fu_2096  |decision_function_121  |        7|        7|  35.000 ns|  35.000 ns|    1|    1|      yes|
        |grp_decision_function_120_fu_2109  |decision_function_120  |        7|        7|  35.000 ns|  35.000 ns|    1|    1|      yes|
        |grp_decision_function_119_fu_2124  |decision_function_119  |        7|        7|  35.000 ns|  35.000 ns|    1|    1|      yes|
        |grp_decision_function_118_fu_2141  |decision_function_118  |        7|        7|  35.000 ns|  35.000 ns|    1|    1|      yes|
        |grp_decision_function_116_fu_2156  |decision_function_116  |        7|        7|  35.000 ns|  35.000 ns|    1|    1|      yes|
        |grp_decision_function_115_fu_2170  |decision_function_115  |        7|        7|  35.000 ns|  35.000 ns|    1|    1|      yes|
        |grp_decision_function_110_fu_2184  |decision_function_110  |        7|        7|  35.000 ns|  35.000 ns|    1|    1|      yes|
        |grp_decision_function_109_fu_2197  |decision_function_109  |        7|        7|  35.000 ns|  35.000 ns|    1|    1|      yes|
        |grp_decision_function_108_fu_2213  |decision_function_108  |        6|        6|  30.000 ns|  30.000 ns|    1|    1|      yes|
        |grp_decision_function_107_fu_2225  |decision_function_107  |        7|        7|  35.000 ns|  35.000 ns|    1|    1|      yes|
        |grp_decision_function_106_fu_2241  |decision_function_106  |        7|        7|  35.000 ns|  35.000 ns|    1|    1|      yes|
        |grp_decision_function_105_fu_2257  |decision_function_105  |        7|        7|  35.000 ns|  35.000 ns|    1|    1|      yes|
        |grp_decision_function_104_fu_2275  |decision_function_104  |        7|        7|  35.000 ns|  35.000 ns|    1|    1|      yes|
        |grp_decision_function_103_fu_2291  |decision_function_103  |        6|        6|  30.000 ns|  30.000 ns|    1|    1|      yes|
        |grp_decision_function_101_fu_2308  |decision_function_101  |        7|        7|  35.000 ns|  35.000 ns|    1|    1|      yes|
        |grp_decision_function_99_fu_2324   |decision_function_99   |        7|        7|  35.000 ns|  35.000 ns|    1|    1|      yes|
        |grp_decision_function_98_fu_2342   |decision_function_98   |        7|        7|  35.000 ns|  35.000 ns|    1|    1|      yes|
        |grp_decision_function_97_fu_2360   |decision_function_97   |        7|        7|  35.000 ns|  35.000 ns|    1|    1|      yes|
        |grp_decision_function_96_fu_2375   |decision_function_96   |        7|        7|  35.000 ns|  35.000 ns|    1|    1|      yes|
        |grp_decision_function_95_fu_2391   |decision_function_95   |        7|        7|  35.000 ns|  35.000 ns|    1|    1|      yes|
        +-----------------------------------+-----------------------+---------+---------+-----------+-----------+-----+-----+---------+

        * Loop: 
        N/A



================================================================
== Utilization Estimates
================================================================
* Summary: 
+-----------------+---------+-----+--------+--------+-----+
|       Name      | BRAM_18K| DSP |   FF   |   LUT  | URAM|
+-----------------+---------+-----+--------+--------+-----+
|DSP              |        -|    -|       -|       -|    -|
|Expression       |        -|    -|       -|       -|    -|
|FIFO             |        -|    -|       -|       -|    -|
|Instance         |        -|    -|  220297|  240708|    -|
|Memory           |        -|    -|       -|       -|    -|
|Multiplexer      |        -|    -|       0|    1750|    -|
|Register         |        -|    -|    2863|       -|    -|
+-----------------+---------+-----+--------+--------+-----+
|Total            |        0|    0|  223160|  242458|    0|
+-----------------+---------+-----+--------+--------+-----+
|Available        |      280|  220|  106400|   53200|    0|
+-----------------+---------+-----+--------+--------+-----+
|Utilization (%)  |        0|    0|     209|     455|    0|
+-----------------+---------+-----+--------+--------+-----+

+ Detail: 
    * Instance: 
    +-----------------------------------+-----------------------+---------+----+------+------+-----+
    |              Instance             |         Module        | BRAM_18K| DSP|  FF  |  LUT | URAM|
    +-----------------------------------+-----------------------+---------+----+------+------+-----+
    |grp_decision_function_fu_2078      |decision_function      |        0|   0|  1751|  1875|    0|
    |grp_decision_function_1_fu_2062    |decision_function_1    |        0|   0|  1841|  1973|    0|
    |grp_decision_function_10_fu_406    |decision_function_10   |        0|   0|  1863|  2007|    0|
    |grp_decision_function_100_fu_882   |decision_function_100  |        0|   0|  1786|  1989|    0|
    |grp_decision_function_101_fu_2308  |decision_function_101  |        0|   0|  1840|  1989|    0|
    |grp_decision_function_102_fu_746   |decision_function_102  |        0|   0|  1818|  1973|    0|
    |grp_decision_function_103_fu_2291  |decision_function_103  |        0|   0|  1401|  1572|    0|
    |grp_decision_function_104_fu_2275  |decision_function_104  |        0|   0|  1591|  1801|    0|
    |grp_decision_function_105_fu_2257  |decision_function_105  |        0|   0|  1623|  1729|    0|
    |grp_decision_function_106_fu_2241  |decision_function_106  |        0|   0|  1590|  1777|    0|
    |grp_decision_function_107_fu_2225  |decision_function_107  |        0|   0|  1840|  1987|    0|
    |grp_decision_function_108_fu_2213  |decision_function_108  |        0|   0|  1507|  1787|    0|
    |grp_decision_function_109_fu_2197  |decision_function_109  |        0|   0|  1840|  1989|    0|
    |grp_decision_function_11_fu_1953   |decision_function_11   |        0|   0|  1347|  1538|    0|
    |grp_decision_function_110_fu_2184  |decision_function_110  |        0|   0|  1786|  1989|    0|
    |grp_decision_function_111_fu_867   |decision_function_111  |        0|   0|  1822|  1989|    0|
    |grp_decision_function_112_fu_720   |decision_function_112  |        0|   0|  1713|  1939|    0|
    |grp_decision_function_113_fu_696   |decision_function_113  |        0|   0|  1692|  1875|    0|
    |grp_decision_function_114_fu_672   |decision_function_114  |        0|   0|  1694|  1938|    0|
    |grp_decision_function_115_fu_2170  |decision_function_115  |        0|   0|  1803|  1964|    0|
    |grp_decision_function_116_fu_2156  |decision_function_116  |        0|   0|  1804|  1989|    0|
    |grp_decision_function_117_fu_640   |decision_function_117  |        0|   0|  1699|  1843|    0|
    |grp_decision_function_118_fu_2141  |decision_function_118  |        0|   0|  1822|  1989|    0|
    |grp_decision_function_119_fu_2124  |decision_function_119  |        0|   0|  2052|  2057|    0|
    |grp_decision_function_12_fu_1935   |decision_function_12   |        0|   0|  1876|  1989|    0|
    |grp_decision_function_120_fu_2109  |decision_function_120  |        0|   0|  1822|  1989|    0|
    |grp_decision_function_121_fu_2096  |decision_function_121  |        0|   0|  1786|  1989|    0|
    |grp_decision_function_122_fu_854   |decision_function_122  |        0|   0|  1786|  1989|    0|
    |grp_decision_function_123_fu_779   |decision_function_123  |        0|   0|  1804|  1989|    0|
    |grp_decision_function_124_fu_770   |decision_function_124  |        0|   0|  1650|  1905|    0|
    |grp_decision_function_13_fu_1921   |decision_function_13   |        0|   0|  1804|  1989|    0|
    |grp_decision_function_14_fu_554    |decision_function_14   |        0|   0|  1737|  1827|    0|
    |grp_decision_function_15_fu_1906   |decision_function_15   |        0|   0|  1822|  1989|    0|
    |grp_decision_function_16_fu_524    |decision_function_16   |        0|   0|  1618|  1808|    0|
    |grp_decision_function_17_fu_1889   |decision_function_17   |        0|   0|  1790|  1892|    0|
    |grp_decision_function_18_fu_1873   |decision_function_18   |        0|   0|  1840|  1989|    0|
    |grp_decision_function_19_fu_1856   |decision_function_19   |        0|   0|  1470|  1687|    0|
    |grp_decision_function_2_fu_2045    |decision_function_2    |        0|   0|  1858|  1989|    0|
    |grp_decision_function_20_fu_1839   |decision_function_20   |        0|   0|  1597|  1740|    0|
    |grp_decision_function_21_fu_842    |decision_function_21   |        0|   0|  1768|  1989|    0|
    |grp_decision_function_22_fu_1825   |decision_function_22   |        0|   0|  1804|  1989|    0|
    |grp_decision_function_23_fu_1808   |decision_function_23   |        0|   0|  1793|  1932|    0|
    |grp_decision_function_24_fu_1792   |decision_function_24   |        0|   0|  2029|  1983|    0|
    |grp_decision_function_25_fu_1779   |decision_function_25   |        0|   0|  1788|  1977|    0|
    |grp_decision_function_26_fu_1762   |decision_function_26   |        0|   0|  1857|  1937|    0|
    |grp_decision_function_27_fu_494    |decision_function_27   |        0|   0|  1935|  2009|    0|
    |grp_decision_function_28_fu_1746   |decision_function_28   |        0|   0|  1840|  1989|    0|
    |grp_decision_function_29_fu_1731   |decision_function_29   |        0|   0|  1362|  1440|    0|
    |grp_decision_function_3_fu_608     |decision_function_3    |        0|   0|  1892|  1975|    0|
    |grp_decision_function_30_fu_1715   |decision_function_30   |        0|   0|  1256|  1352|    0|
    |grp_decision_function_31_fu_1704   |decision_function_31   |        0|   0|  1750|  1989|    0|
    |grp_decision_function_32_fu_386    |decision_function_32   |        0|   0|  1659|  1939|    0|
    |grp_decision_function_33_fu_1686   |decision_function_33   |        0|   0|  1876|  1987|    0|
    |grp_decision_function_34_fu_1674   |decision_function_34   |        0|   0|  1768|  1989|    0|
    |grp_decision_function_35_fu_1659   |decision_function_35   |        0|   0|  1757|  1932|    0|
    |grp_decision_function_36_fu_1641   |decision_function_36   |        0|   0|  1807|  1923|    0|
    |grp_decision_function_37_fu_1623   |decision_function_37   |        0|   0|  2070|  2057|    0|
    |grp_decision_function_38_fu_1608   |decision_function_38   |        0|   0|  1823|  1973|    0|
    |grp_decision_function_39_fu_1592   |decision_function_39   |        0|   0|  1840|  1989|    0|
    |grp_decision_function_4_fu_2029    |decision_function_4    |        0|   0|  1251|  1454|    0|
    |grp_decision_function_40_fu_1576   |decision_function_40   |        0|   0|  1840|  1976|    0|
    |grp_decision_function_41_fu_1560   |decision_function_41   |        0|   0|  1840|  1989|    0|
    |grp_decision_function_42_fu_1543   |decision_function_42   |        0|   0|  1795|  1930|    0|
    |grp_decision_function_43_fu_825    |decision_function_43   |        0|   0|  1858|  1989|    0|
    |grp_decision_function_44_fu_1529   |decision_function_44   |        0|   0|  1804|  1989|    0|
    |grp_decision_function_45_fu_1513   |decision_function_45   |        0|   0|  1840|  1989|    0|
    |grp_decision_function_46_fu_1497   |decision_function_46   |        0|   0|  1904|  1994|    0|
    |grp_decision_function_47_fu_1481   |decision_function_47   |        0|   0|  1647|  1857|    0|
    |grp_decision_function_48_fu_1464   |decision_function_48   |        0|   0|  1793|  1932|    0|
    |grp_decision_function_49_fu_1448   |decision_function_49   |        0|   0|  1840|  1989|    0|
    |grp_decision_function_5_fu_584     |decision_function_5    |        0|   0|  1820|  1975|    0|
    |grp_decision_function_50_fu_1431   |decision_function_50   |        0|   0|  1858|  1989|    0|
    |grp_decision_function_51_fu_1417   |decision_function_51   |        0|   0|  1545|  1726|    0|
    |grp_decision_function_52_fu_1400   |decision_function_52   |        0|   0|  1858|  1989|    0|
    |grp_decision_function_53_fu_1385   |decision_function_53   |        0|   0|  1822|  1989|    0|
    |grp_decision_function_54_fu_815    |decision_function_54   |        0|   0|  1732|  1989|    0|
    |grp_decision_function_55_fu_1370   |decision_function_55   |        0|   0|  1493|  1687|    0|
    |grp_decision_function_56_fu_1355   |decision_function_56   |        0|   0|  1758|  1930|    0|
    |grp_decision_function_57_fu_1341   |decision_function_57   |        0|   0|  1804|  1976|    0|
    |grp_decision_function_58_fu_1324   |decision_function_58   |        0|   0|  1857|  1964|    0|
    |grp_decision_function_59_fu_1313   |decision_function_59   |        0|   0|  1750|  1989|    0|
    |grp_decision_function_6_fu_2014    |decision_function_6    |        0|   0|  1561|  1732|    0|
    |grp_decision_function_60_fu_1300   |decision_function_60   |        0|   0|  1786|  1988|    0|
    |grp_decision_function_61_fu_1287   |decision_function_61   |        0|   0|  1786|  1989|    0|
    |grp_decision_function_62_fu_1274   |decision_function_62   |        0|   0|  1593|  1831|    0|
    |grp_decision_function_63_fu_1258   |decision_function_63   |        0|   0|  1651|  1844|    0|
    |grp_decision_function_64_fu_1244   |decision_function_64   |        0|   0|  1741|  1930|    0|
    |grp_decision_function_65_fu_374    |decision_function_65   |        0|   0|  1586|  1915|    0|
    |grp_decision_function_66_fu_1229   |decision_function_66   |        0|   0|  1695|  1900|    0|
    |grp_decision_function_67_fu_1215   |decision_function_67   |        0|   0|  1804|  1989|    0|
    |grp_decision_function_68_fu_1198   |decision_function_68   |        0|   0|  1858|  1978|    0|
    |grp_decision_function_69_fu_1182   |decision_function_69   |        0|   0|  1840|  1964|    0|
    |grp_decision_function_7_fu_2000    |decision_function_7    |        0|   0|  1804|  1989|    0|
    |grp_decision_function_70_fu_1168   |decision_function_70   |        0|   0|  1737|  1907|    0|
    |grp_decision_function_71_fu_1155   |decision_function_71   |        0|   0|  1786|  1989|    0|
    |grp_decision_function_72_fu_1140   |decision_function_72   |        0|   0|  1822|  1989|    0|
    |grp_decision_function_73_fu_1125   |decision_function_73   |        0|   0|  1822|  1989|    0|
    |grp_decision_function_74_fu_1109   |decision_function_74   |        0|   0|  1840|  1989|    0|
    |grp_decision_function_75_fu_1093   |decision_function_75   |        0|   0|  1840|  1989|    0|
    |grp_decision_function_76_fu_804    |decision_function_76   |        0|   0|  1685|  1932|    0|
    |grp_decision_function_77_fu_1079   |decision_function_77   |        0|   0|  1740|  1918|    0|
    |grp_decision_function_78_fu_1063   |decision_function_78   |        0|   0|  1840|  1989|    0|
    |grp_decision_function_79_fu_474    |decision_function_79   |        0|   0|  1846|  2010|    0|
    |grp_decision_function_8_fu_1984    |decision_function_8    |        0|   0|  1840|  1989|    0|
    |grp_decision_function_80_fu_1047   |decision_function_80   |        0|   0|  1840|  1989|    0|
    |grp_decision_function_81_fu_1035   |decision_function_81   |        0|   0|  1768|  1989|    0|
    |grp_decision_function_82_fu_1021   |decision_function_82   |        0|   0|  1804|  1977|    0|
    |grp_decision_function_83_fu_1008   |decision_function_83   |        0|   0|  1786|  1989|    0|
    |grp_decision_function_84_fu_994    |decision_function_84   |        0|   0|  1804|  1989|    0|
    |grp_decision_function_85_fu_980    |decision_function_85   |        0|   0|  1739|  1932|    0|
    |grp_decision_function_86_fu_968    |decision_function_86   |        0|   0|  1768|  1989|    0|
    |grp_decision_function_87_fu_793    |decision_function_87   |        0|   0|  1750|  1989|    0|
    |grp_decision_function_88_fu_953    |decision_function_88   |        0|   0|  1822|  1989|    0|
    |grp_decision_function_89_fu_450    |decision_function_89   |        0|   0|  1880|  2004|    0|
    |grp_decision_function_9_fu_1967    |decision_function_9    |        0|   0|  1732|  1840|    0|
    |grp_decision_function_90_fu_938    |decision_function_90   |        0|   0|  1822|  1989|    0|
    |grp_decision_function_91_fu_923    |decision_function_91   |        0|   0|  1822|  1989|    0|
    |grp_decision_function_92_fu_908    |decision_function_92   |        0|   0|  1822|  1989|    0|
    |grp_decision_function_93_fu_428    |decision_function_93   |        0|   0|  1675|  1911|    0|
    |grp_decision_function_94_fu_895    |decision_function_94   |        0|   0|  1653|  1808|    0|
    |grp_decision_function_95_fu_2391   |decision_function_95   |        0|   0|  1641|  1718|    0|
    |grp_decision_function_96_fu_2375   |decision_function_96   |        0|   0|  1840|  1989|    0|
    |grp_decision_function_97_fu_2360   |decision_function_97   |        0|   0|  1906|  1963|    0|
    |grp_decision_function_98_fu_2342   |decision_function_98   |        0|   0|  1876|  1989|    0|
    |grp_decision_function_99_fu_2324   |decision_function_99   |        0|   0|  1876|  1989|    0|
    +-----------------------------------+-----------------------+---------+----+------+------+-----+
    |Total                              |                       |        0|   0|220297|240708|    0|
    +-----------------------------------+-----------------------+---------+----+------+------+-----+

    * DSP: 
    N/A

    * Memory: 
    N/A

    * FIFO: 
    N/A

    * Expression: 
    N/A

    * Multiplexer: 
    +---------------+----+-----------+-----+-----------+
    |      Name     | LUT| Input Size| Bits| Total Bits|
    +---------------+----+-----------+-----+-----------+
    |ap_return_0    |  14|          3|   18|         54|
    |ap_return_1    |  14|          3|   18|         54|
    |ap_return_10   |  14|          3|   18|         54|
    |ap_return_100  |  14|          3|   18|         54|
    |ap_return_101  |  14|          3|   18|         54|
    |ap_return_102  |  14|          3|   18|         54|
    |ap_return_103  |  14|          3|   18|         54|
    |ap_return_104  |  14|          3|   18|         54|
    |ap_return_105  |  14|          3|   18|         54|
    |ap_return_106  |  14|          3|   18|         54|
    |ap_return_107  |  14|          3|   18|         54|
    |ap_return_108  |  14|          3|   18|         54|
    |ap_return_109  |  14|          3|   18|         54|
    |ap_return_11   |  14|          3|   18|         54|
    |ap_return_110  |  14|          3|   18|         54|
    |ap_return_111  |  14|          3|   18|         54|
    |ap_return_112  |  14|          3|   18|         54|
    |ap_return_113  |  14|          3|   18|         54|
    |ap_return_114  |  14|          3|   18|         54|
    |ap_return_115  |  14|          3|   18|         54|
    |ap_return_116  |  14|          3|   18|         54|
    |ap_return_117  |  14|          3|   18|         54|
    |ap_return_118  |  14|          3|   18|         54|
    |ap_return_119  |  14|          3|   18|         54|
    |ap_return_12   |  14|          3|   18|         54|
    |ap_return_120  |  14|          3|   18|         54|
    |ap_return_121  |  14|          3|   18|         54|
    |ap_return_122  |  14|          3|   18|         54|
    |ap_return_123  |  14|          3|   18|         54|
    |ap_return_124  |  14|          3|   18|         54|
    |ap_return_13   |  14|          3|   18|         54|
    |ap_return_14   |  14|          3|   18|         54|
    |ap_return_15   |  14|          3|   18|         54|
    |ap_return_16   |  14|          3|   18|         54|
    |ap_return_17   |  14|          3|   18|         54|
    |ap_return_18   |  14|          3|   18|         54|
    |ap_return_19   |  14|          3|   18|         54|
    |ap_return_2    |  14|          3|   18|         54|
    |ap_return_20   |  14|          3|   18|         54|
    |ap_return_21   |  14|          3|   18|         54|
    |ap_return_22   |  14|          3|   18|         54|
    |ap_return_23   |  14|          3|   18|         54|
    |ap_return_24   |  14|          3|   18|         54|
    |ap_return_25   |  14|          3|   18|         54|
    |ap_return_26   |  14|          3|   18|         54|
    |ap_return_27   |  14|          3|   18|         54|
    |ap_return_28   |  14|          3|   18|         54|
    |ap_return_29   |  14|          3|   18|         54|
    |ap_return_3    |  14|          3|   18|         54|
    |ap_return_30   |  14|          3|   18|         54|
    |ap_return_31   |  14|          3|   18|         54|
    |ap_return_32   |  14|          3|   18|         54|
    |ap_return_33   |  14|          3|   18|         54|
    |ap_return_34   |  14|          3|   18|         54|
    |ap_return_35   |  14|          3|   18|         54|
    |ap_return_36   |  14|          3|   18|         54|
    |ap_return_37   |  14|          3|   18|         54|
    |ap_return_38   |  14|          3|   18|         54|
    |ap_return_39   |  14|          3|   18|         54|
    |ap_return_4    |  14|          3|   18|         54|
    |ap_return_40   |  14|          3|   18|         54|
    |ap_return_41   |  14|          3|   18|         54|
    |ap_return_42   |  14|          3|   18|         54|
    |ap_return_43   |  14|          3|   18|         54|
    |ap_return_44   |  14|          3|   18|         54|
    |ap_return_45   |  14|          3|   18|         54|
    |ap_return_46   |  14|          3|   18|         54|
    |ap_return_47   |  14|          3|   18|         54|
    |ap_return_48   |  14|          3|   18|         54|
    |ap_return_49   |  14|          3|   18|         54|
    |ap_return_5    |  14|          3|   18|         54|
    |ap_return_50   |  14|          3|   18|         54|
    |ap_return_51   |  14|          3|   18|         54|
    |ap_return_52   |  14|          3|   18|         54|
    |ap_return_53   |  14|          3|   18|         54|
    |ap_return_54   |  14|          3|   18|         54|
    |ap_return_55   |  14|          3|   18|         54|
    |ap_return_56   |  14|          3|   18|         54|
    |ap_return_57   |  14|          3|   18|         54|
    |ap_return_58   |  14|          3|   18|         54|
    |ap_return_59   |  14|          3|   18|         54|
    |ap_return_6    |  14|          3|   18|         54|
    |ap_return_60   |  14|          3|   18|         54|
    |ap_return_61   |  14|          3|   18|         54|
    |ap_return_62   |  14|          3|   18|         54|
    |ap_return_63   |  14|          3|   18|         54|
    |ap_return_64   |  14|          3|   18|         54|
    |ap_return_65   |  14|          3|   18|         54|
    |ap_return_66   |  14|          3|   18|         54|
    |ap_return_67   |  14|          3|   18|         54|
    |ap_return_68   |  14|          3|   18|         54|
    |ap_return_69   |  14|          3|   18|         54|
    |ap_return_7    |  14|          3|   18|         54|
    |ap_return_70   |  14|          3|   18|         54|
    |ap_return_71   |  14|          3|   18|         54|
    |ap_return_72   |  14|          3|   18|         54|
    |ap_return_73   |  14|          3|   18|         54|
    |ap_return_74   |  14|          3|   18|         54|
    |ap_return_75   |  14|          3|   18|         54|
    |ap_return_76   |  14|          3|   18|         54|
    |ap_return_77   |  14|          3|   18|         54|
    |ap_return_78   |  14|          3|   18|         54|
    |ap_return_79   |  14|          3|   18|         54|
    |ap_return_8    |  14|          3|   18|         54|
    |ap_return_80   |  14|          3|   18|         54|
    |ap_return_81   |  14|          3|   18|         54|
    |ap_return_82   |  14|          3|   18|         54|
    |ap_return_83   |  14|          3|   18|         54|
    |ap_return_84   |  14|          3|   18|         54|
    |ap_return_85   |  14|          3|   18|         54|
    |ap_return_86   |  14|          3|   18|         54|
    |ap_return_87   |  14|          3|   18|         54|
    |ap_return_88   |  14|          3|   18|         54|
    |ap_return_89   |  14|          3|   18|         54|
    |ap_return_9    |  14|          3|   18|         54|
    |ap_return_90   |  14|          3|   18|         54|
    |ap_return_91   |  14|          3|   18|         54|
    |ap_return_92   |  14|          3|   18|         54|
    |ap_return_93   |  14|          3|   18|         54|
    |ap_return_94   |  14|          3|   18|         54|
    |ap_return_95   |  14|          3|   18|         54|
    |ap_return_96   |  14|          3|   18|         54|
    |ap_return_97   |  14|          3|   18|         54|
    |ap_return_98   |  14|          3|   18|         54|
    |ap_return_99   |  14|          3|   18|         54|
    +---------------+----+-----------+-----+-----------+
    |Total          |1750|        375| 2250|       6750|
    +---------------+----+-----------+-----+-----------+

    * Register: 
    +----------------------------+----+----+-----+-----------+
    |            Name            | FF | LUT| Bits| Const Bits|
    +----------------------------+----+----+-----+-----------+
    |ap_ce_reg                   |   1|   0|    1|          0|
    |ap_return_0_int_reg         |  18|   0|   18|          0|
    |ap_return_100_int_reg       |  18|   0|   18|          0|
    |ap_return_101_int_reg       |  18|   0|   18|          0|
    |ap_return_102_int_reg       |  18|   0|   18|          0|
    |ap_return_103_int_reg       |  18|   0|   18|          0|
    |ap_return_104_int_reg       |  18|   0|   18|          0|
    |ap_return_105_int_reg       |  18|   0|   18|          0|
    |ap_return_106_int_reg       |  18|   0|   18|          0|
    |ap_return_107_int_reg       |  18|   0|   18|          0|
    |ap_return_108_int_reg       |  18|   0|   18|          0|
    |ap_return_109_int_reg       |  18|   0|   18|          0|
    |ap_return_10_int_reg        |  18|   0|   18|          0|
    |ap_return_110_int_reg       |  18|   0|   18|          0|
    |ap_return_111_int_reg       |  18|   0|   18|          0|
    |ap_return_112_int_reg       |  18|   0|   18|          0|
    |ap_return_113_int_reg       |  18|   0|   18|          0|
    |ap_return_114_int_reg       |  18|   0|   18|          0|
    |ap_return_115_int_reg       |  18|   0|   18|          0|
    |ap_return_116_int_reg       |  18|   0|   18|          0|
    |ap_return_117_int_reg       |  18|   0|   18|          0|
    |ap_return_118_int_reg       |  18|   0|   18|          0|
    |ap_return_119_int_reg       |  18|   0|   18|          0|
    |ap_return_11_int_reg        |  18|   0|   18|          0|
    |ap_return_120_int_reg       |  18|   0|   18|          0|
    |ap_return_121_int_reg       |  18|   0|   18|          0|
    |ap_return_122_int_reg       |  18|   0|   18|          0|
    |ap_return_123_int_reg       |  18|   0|   18|          0|
    |ap_return_124_int_reg       |  18|   0|   18|          0|
    |ap_return_12_int_reg        |  18|   0|   18|          0|
    |ap_return_13_int_reg        |  18|   0|   18|          0|
    |ap_return_14_int_reg        |  18|   0|   18|          0|
    |ap_return_15_int_reg        |  18|   0|   18|          0|
    |ap_return_16_int_reg        |  18|   0|   18|          0|
    |ap_return_17_int_reg        |  18|   0|   18|          0|
    |ap_return_18_int_reg        |  18|   0|   18|          0|
    |ap_return_19_int_reg        |  18|   0|   18|          0|
    |ap_return_1_int_reg         |  18|   0|   18|          0|
    |ap_return_20_int_reg        |  18|   0|   18|          0|
    |ap_return_21_int_reg        |  18|   0|   18|          0|
    |ap_return_22_int_reg        |  18|   0|   18|          0|
    |ap_return_23_int_reg        |  18|   0|   18|          0|
    |ap_return_24_int_reg        |  18|   0|   18|          0|
    |ap_return_25_int_reg        |  18|   0|   18|          0|
    |ap_return_26_int_reg        |  18|   0|   18|          0|
    |ap_return_27_int_reg        |  18|   0|   18|          0|
    |ap_return_28_int_reg        |  18|   0|   18|          0|
    |ap_return_29_int_reg        |  18|   0|   18|          0|
    |ap_return_2_int_reg         |  18|   0|   18|          0|
    |ap_return_30_int_reg        |  18|   0|   18|          0|
    |ap_return_31_int_reg        |  18|   0|   18|          0|
    |ap_return_32_int_reg        |  18|   0|   18|          0|
    |ap_return_33_int_reg        |  18|   0|   18|          0|
    |ap_return_34_int_reg        |  18|   0|   18|          0|
    |ap_return_35_int_reg        |  18|   0|   18|          0|
    |ap_return_36_int_reg        |  18|   0|   18|          0|
    |ap_return_37_int_reg        |  18|   0|   18|          0|
    |ap_return_38_int_reg        |  18|   0|   18|          0|
    |ap_return_39_int_reg        |  18|   0|   18|          0|
    |ap_return_3_int_reg         |  18|   0|   18|          0|
    |ap_return_40_int_reg        |  18|   0|   18|          0|
    |ap_return_41_int_reg        |  18|   0|   18|          0|
    |ap_return_42_int_reg        |  18|   0|   18|          0|
    |ap_return_43_int_reg        |  18|   0|   18|          0|
    |ap_return_44_int_reg        |  18|   0|   18|          0|
    |ap_return_45_int_reg        |  18|   0|   18|          0|
    |ap_return_46_int_reg        |  18|   0|   18|          0|
    |ap_return_47_int_reg        |  18|   0|   18|          0|
    |ap_return_48_int_reg        |  18|   0|   18|          0|
    |ap_return_49_int_reg        |  18|   0|   18|          0|
    |ap_return_4_int_reg         |  18|   0|   18|          0|
    |ap_return_50_int_reg        |  18|   0|   18|          0|
    |ap_return_51_int_reg        |  18|   0|   18|          0|
    |ap_return_52_int_reg        |  18|   0|   18|          0|
    |ap_return_53_int_reg        |  18|   0|   18|          0|
    |ap_return_54_int_reg        |  18|   0|   18|          0|
    |ap_return_55_int_reg        |  18|   0|   18|          0|
    |ap_return_56_int_reg        |  18|   0|   18|          0|
    |ap_return_57_int_reg        |  18|   0|   18|          0|
    |ap_return_58_int_reg        |  18|   0|   18|          0|
    |ap_return_59_int_reg        |  18|   0|   18|          0|
    |ap_return_5_int_reg         |  18|   0|   18|          0|
    |ap_return_60_int_reg        |  18|   0|   18|          0|
    |ap_return_61_int_reg        |  18|   0|   18|          0|
    |ap_return_62_int_reg        |  18|   0|   18|          0|
    |ap_return_63_int_reg        |  18|   0|   18|          0|
    |ap_return_64_int_reg        |  18|   0|   18|          0|
    |ap_return_65_int_reg        |  18|   0|   18|          0|
    |ap_return_66_int_reg        |  18|   0|   18|          0|
    |ap_return_67_int_reg        |  18|   0|   18|          0|
    |ap_return_68_int_reg        |  18|   0|   18|          0|
    |ap_return_69_int_reg        |  18|   0|   18|          0|
    |ap_return_6_int_reg         |  18|   0|   18|          0|
    |ap_return_70_int_reg        |  18|   0|   18|          0|
    |ap_return_71_int_reg        |  18|   0|   18|          0|
    |ap_return_72_int_reg        |  18|   0|   18|          0|
    |ap_return_73_int_reg        |  18|   0|   18|          0|
    |ap_return_74_int_reg        |  18|   0|   18|          0|
    |ap_return_75_int_reg        |  18|   0|   18|          0|
    |ap_return_76_int_reg        |  18|   0|   18|          0|
    |ap_return_77_int_reg        |  18|   0|   18|          0|
    |ap_return_78_int_reg        |  18|   0|   18|          0|
    |ap_return_79_int_reg        |  18|   0|   18|          0|
    |ap_return_7_int_reg         |  18|   0|   18|          0|
    |ap_return_80_int_reg        |  18|   0|   18|          0|
    |ap_return_81_int_reg        |  18|   0|   18|          0|
    |ap_return_82_int_reg        |  18|   0|   18|          0|
    |ap_return_83_int_reg        |  18|   0|   18|          0|
    |ap_return_84_int_reg        |  18|   0|   18|          0|
    |ap_return_85_int_reg        |  18|   0|   18|          0|
    |ap_return_86_int_reg        |  18|   0|   18|          0|
    |ap_return_87_int_reg        |  18|   0|   18|          0|
    |ap_return_88_int_reg        |  18|   0|   18|          0|
    |ap_return_89_int_reg        |  18|   0|   18|          0|
    |ap_return_8_int_reg         |  18|   0|   18|          0|
    |ap_return_90_int_reg        |  18|   0|   18|          0|
    |ap_return_91_int_reg        |  18|   0|   18|          0|
    |ap_return_92_int_reg        |  18|   0|   18|          0|
    |ap_return_93_int_reg        |  18|   0|   18|          0|
    |ap_return_94_int_reg        |  18|   0|   18|          0|
    |ap_return_95_int_reg        |  18|   0|   18|          0|
    |ap_return_96_int_reg        |  18|   0|   18|          0|
    |ap_return_97_int_reg        |  18|   0|   18|          0|
    |ap_return_98_int_reg        |  18|   0|   18|          0|
    |ap_return_99_int_reg        |  18|   0|   18|          0|
    |ap_return_9_int_reg         |  18|   0|   18|          0|
    |ref_tmp106_reg_5098         |  12|   0|   12|          0|
    |ref_tmp111_reg_5103         |  11|   0|   11|          0|
    |ref_tmp43_reg_5078          |  12|   0|   12|          0|
    |ref_tmp75_reg_5083          |  12|   0|   12|          0|
    |ref_tmp83_reg_5088          |  13|   0|   13|          0|
    |ref_tmp89_reg_5093          |  12|   0|   12|          0|
    |x_0_val105_int_reg          |  18|   0|   18|          0|
    |x_0_val105_read_reg_4975    |  18|   0|   18|          0|
    |x_10_val938_int_reg         |  18|   0|   18|          0|
    |x_10_val938_read_reg_4142   |  18|   0|   18|          0|
    |x_11_val1029_int_reg        |  18|   0|   18|          0|
    |x_11_val1029_read_reg_4048  |  18|   0|   18|          0|
    |x_12_val1114_int_reg        |  18|   0|   18|          0|
    |x_12_val1114_read_reg_3960  |  18|   0|   18|          0|
    |x_13_val1166_int_reg        |  18|   0|   18|          0|
    |x_13_val1166_read_reg_3905  |  18|   0|   18|          0|
    |x_14_val1292_int_reg        |  18|   0|   18|          0|
    |x_14_val1292_read_reg_3776  |  18|   0|   18|          0|
    |x_15_val1413_int_reg        |  18|   0|   18|          0|
    |x_15_val1413_read_reg_3651  |  18|   0|   18|          0|
    |x_1_val212_int_reg          |  18|   0|   18|          0|
    |x_1_val212_read_reg_4870    |  18|   0|   18|          0|
    |x_2_val318_int_reg          |  18|   0|   18|          0|
    |x_2_val318_read_reg_4765    |  18|   0|   18|          0|
    |x_3_val448_int_reg          |  18|   0|   18|          0|
    |x_3_val448_read_reg_4639    |  18|   0|   18|          0|
    |x_4_val532_int_reg          |  18|   0|   18|          0|
    |x_4_val532_read_reg_4556    |  18|   0|   18|          0|
    |x_5_val617_int_reg          |  18|   0|   18|          0|
    |x_5_val617_read_reg_4470    |  18|   0|   18|          0|
    |x_6_val702_int_reg          |  18|   0|   18|          0|
    |x_6_val702_read_reg_4384    |  18|   0|   18|          0|
    |x_7_val782_int_reg          |  18|   0|   18|          0|
    |x_7_val782_read_reg_4302    |  18|   0|   18|          0|
    |x_9_val857_int_reg          |  18|   0|   18|          0|
    |x_9_val857_read_reg_4225    |  18|   0|   18|          0|
    +----------------------------+----+----+-----+-----------+
    |Total                       |2863|   0| 2863|          0|
    +----------------------------+----+----+-----+-----------+



================================================================
== Interface
================================================================
* Summary: 
+---------------+-----+-----+------------+--------------+--------------+
|   RTL Ports   | Dir | Bits|  Protocol  | Source Object|    C Type    |
+---------------+-----+-----+------------+--------------+--------------+
|ap_clk         |   in|    1|  ap_ctrl_hs|   tree_scores|  return value|
|ap_rst         |   in|    1|  ap_ctrl_hs|   tree_scores|  return value|
|ap_return_0    |  out|   18|  ap_ctrl_hs|   tree_scores|  return value|
|ap_return_1    |  out|   18|  ap_ctrl_hs|   tree_scores|  return value|
|ap_return_2    |  out|   18|  ap_ctrl_hs|   tree_scores|  return value|
|ap_return_3    |  out|   18|  ap_ctrl_hs|   tree_scores|  return value|
|ap_return_4    |  out|   18|  ap_ctrl_hs|   tree_scores|  return value|
|ap_return_5    |  out|   18|  ap_ctrl_hs|   tree_scores|  return value|
|ap_return_6    |  out|   18|  ap_ctrl_hs|   tree_scores|  return value|
|ap_return_7    |  out|   18|  ap_ctrl_hs|   tree_scores|  return value|
|ap_return_8    |  out|   18|  ap_ctrl_hs|   tree_scores|  return value|
|ap_return_9    |  out|   18|  ap_ctrl_hs|   tree_scores|  return value|
|ap_return_10   |  out|   18|  ap_ctrl_hs|   tree_scores|  return value|
|ap_return_11   |  out|   18|  ap_ctrl_hs|   tree_scores|  return value|
|ap_return_12   |  out|   18|  ap_ctrl_hs|   tree_scores|  return value|
|ap_return_13   |  out|   18|  ap_ctrl_hs|   tree_scores|  return value|
|ap_return_14   |  out|   18|  ap_ctrl_hs|   tree_scores|  return value|
|ap_return_15   |  out|   18|  ap_ctrl_hs|   tree_scores|  return value|
|ap_return_16   |  out|   18|  ap_ctrl_hs|   tree_scores|  return value|
|ap_return_17   |  out|   18|  ap_ctrl_hs|   tree_scores|  return value|
|ap_return_18   |  out|   18|  ap_ctrl_hs|   tree_scores|  return value|
|ap_return_19   |  out|   18|  ap_ctrl_hs|   tree_scores|  return value|
|ap_return_20   |  out|   18|  ap_ctrl_hs|   tree_scores|  return value|
|ap_return_21   |  out|   18|  ap_ctrl_hs|   tree_scores|  return value|
|ap_return_22   |  out|   18|  ap_ctrl_hs|   tree_scores|  return value|
|ap_return_23   |  out|   18|  ap_ctrl_hs|   tree_scores|  return value|
|ap_return_24   |  out|   18|  ap_ctrl_hs|   tree_scores|  return value|
|ap_return_25   |  out|   18|  ap_ctrl_hs|   tree_scores|  return value|
|ap_return_26   |  out|   18|  ap_ctrl_hs|   tree_scores|  return value|
|ap_return_27   |  out|   18|  ap_ctrl_hs|   tree_scores|  return value|
|ap_return_28   |  out|   18|  ap_ctrl_hs|   tree_scores|  return value|
|ap_return_29   |  out|   18|  ap_ctrl_hs|   tree_scores|  return value|
|ap_return_30   |  out|   18|  ap_ctrl_hs|   tree_scores|  return value|
|ap_return_31   |  out|   18|  ap_ctrl_hs|   tree_scores|  return value|
|ap_return_32   |  out|   18|  ap_ctrl_hs|   tree_scores|  return value|
|ap_return_33   |  out|   18|  ap_ctrl_hs|   tree_scores|  return value|
|ap_return_34   |  out|   18|  ap_ctrl_hs|   tree_scores|  return value|
|ap_return_35   |  out|   18|  ap_ctrl_hs|   tree_scores|  return value|
|ap_return_36   |  out|   18|  ap_ctrl_hs|   tree_scores|  return value|
|ap_return_37   |  out|   18|  ap_ctrl_hs|   tree_scores|  return value|
|ap_return_38   |  out|   18|  ap_ctrl_hs|   tree_scores|  return value|
|ap_return_39   |  out|   18|  ap_ctrl_hs|   tree_scores|  return value|
|ap_return_40   |  out|   18|  ap_ctrl_hs|   tree_scores|  return value|
|ap_return_41   |  out|   18|  ap_ctrl_hs|   tree_scores|  return value|
|ap_return_42   |  out|   18|  ap_ctrl_hs|   tree_scores|  return value|
|ap_return_43   |  out|   18|  ap_ctrl_hs|   tree_scores|  return value|
|ap_return_44   |  out|   18|  ap_ctrl_hs|   tree_scores|  return value|
|ap_return_45   |  out|   18|  ap_ctrl_hs|   tree_scores|  return value|
|ap_return_46   |  out|   18|  ap_ctrl_hs|   tree_scores|  return value|
|ap_return_47   |  out|   18|  ap_ctrl_hs|   tree_scores|  return value|
|ap_return_48   |  out|   18|  ap_ctrl_hs|   tree_scores|  return value|
|ap_return_49   |  out|   18|  ap_ctrl_hs|   tree_scores|  return value|
|ap_return_50   |  out|   18|  ap_ctrl_hs|   tree_scores|  return value|
|ap_return_51   |  out|   18|  ap_ctrl_hs|   tree_scores|  return value|
|ap_return_52   |  out|   18|  ap_ctrl_hs|   tree_scores|  return value|
|ap_return_53   |  out|   18|  ap_ctrl_hs|   tree_scores|  return value|
|ap_return_54   |  out|   18|  ap_ctrl_hs|   tree_scores|  return value|
|ap_return_55   |  out|   18|  ap_ctrl_hs|   tree_scores|  return value|
|ap_return_56   |  out|   18|  ap_ctrl_hs|   tree_scores|  return value|
|ap_return_57   |  out|   18|  ap_ctrl_hs|   tree_scores|  return value|
|ap_return_58   |  out|   18|  ap_ctrl_hs|   tree_scores|  return value|
|ap_return_59   |  out|   18|  ap_ctrl_hs|   tree_scores|  return value|
|ap_return_60   |  out|   18|  ap_ctrl_hs|   tree_scores|  return value|
|ap_return_61   |  out|   18|  ap_ctrl_hs|   tree_scores|  return value|
|ap_return_62   |  out|   18|  ap_ctrl_hs|   tree_scores|  return value|
|ap_return_63   |  out|   18|  ap_ctrl_hs|   tree_scores|  return value|
|ap_return_64   |  out|   18|  ap_ctrl_hs|   tree_scores|  return value|
|ap_return_65   |  out|   18|  ap_ctrl_hs|   tree_scores|  return value|
|ap_return_66   |  out|   18|  ap_ctrl_hs|   tree_scores|  return value|
|ap_return_67   |  out|   18|  ap_ctrl_hs|   tree_scores|  return value|
|ap_return_68   |  out|   18|  ap_ctrl_hs|   tree_scores|  return value|
|ap_return_69   |  out|   18|  ap_ctrl_hs|   tree_scores|  return value|
|ap_return_70   |  out|   18|  ap_ctrl_hs|   tree_scores|  return value|
|ap_return_71   |  out|   18|  ap_ctrl_hs|   tree_scores|  return value|
|ap_return_72   |  out|   18|  ap_ctrl_hs|   tree_scores|  return value|
|ap_return_73   |  out|   18|  ap_ctrl_hs|   tree_scores|  return value|
|ap_return_74   |  out|   18|  ap_ctrl_hs|   tree_scores|  return value|
|ap_return_75   |  out|   18|  ap_ctrl_hs|   tree_scores|  return value|
|ap_return_76   |  out|   18|  ap_ctrl_hs|   tree_scores|  return value|
|ap_return_77   |  out|   18|  ap_ctrl_hs|   tree_scores|  return value|
|ap_return_78   |  out|   18|  ap_ctrl_hs|   tree_scores|  return value|
|ap_return_79   |  out|   18|  ap_ctrl_hs|   tree_scores|  return value|
|ap_return_80   |  out|   18|  ap_ctrl_hs|   tree_scores|  return value|
|ap_return_81   |  out|   18|  ap_ctrl_hs|   tree_scores|  return value|
|ap_return_82   |  out|   18|  ap_ctrl_hs|   tree_scores|  return value|
|ap_return_83   |  out|   18|  ap_ctrl_hs|   tree_scores|  return value|
|ap_return_84   |  out|   18|  ap_ctrl_hs|   tree_scores|  return value|
|ap_return_85   |  out|   18|  ap_ctrl_hs|   tree_scores|  return value|
|ap_return_86   |  out|   18|  ap_ctrl_hs|   tree_scores|  return value|
|ap_return_87   |  out|   18|  ap_ctrl_hs|   tree_scores|  return value|
|ap_return_88   |  out|   18|  ap_ctrl_hs|   tree_scores|  return value|
|ap_return_89   |  out|   18|  ap_ctrl_hs|   tree_scores|  return value|
|ap_return_90   |  out|   18|  ap_ctrl_hs|   tree_scores|  return value|
|ap_return_91   |  out|   18|  ap_ctrl_hs|   tree_scores|  return value|
|ap_return_92   |  out|   18|  ap_ctrl_hs|   tree_scores|  return value|
|ap_return_93   |  out|   18|  ap_ctrl_hs|   tree_scores|  return value|
|ap_return_94   |  out|   18|  ap_ctrl_hs|   tree_scores|  return value|
|ap_return_95   |  out|   18|  ap_ctrl_hs|   tree_scores|  return value|
|ap_return_96   |  out|   18|  ap_ctrl_hs|   tree_scores|  return value|
|ap_return_97   |  out|   18|  ap_ctrl_hs|   tree_scores|  return value|
|ap_return_98   |  out|   18|  ap_ctrl_hs|   tree_scores|  return value|
|ap_return_99   |  out|   18|  ap_ctrl_hs|   tree_scores|  return value|
|ap_return_100  |  out|   18|  ap_ctrl_hs|   tree_scores|  return value|
|ap_return_101  |  out|   18|  ap_ctrl_hs|   tree_scores|  return value|
|ap_return_102  |  out|   18|  ap_ctrl_hs|   tree_scores|  return value|
|ap_return_103  |  out|   18|  ap_ctrl_hs|   tree_scores|  return value|
|ap_return_104  |  out|   18|  ap_ctrl_hs|   tree_scores|  return value|
|ap_return_105  |  out|   18|  ap_ctrl_hs|   tree_scores|  return value|
|ap_return_106  |  out|   18|  ap_ctrl_hs|   tree_scores|  return value|
|ap_return_107  |  out|   18|  ap_ctrl_hs|   tree_scores|  return value|
|ap_return_108  |  out|   18|  ap_ctrl_hs|   tree_scores|  return value|
|ap_return_109  |  out|   18|  ap_ctrl_hs|   tree_scores|  return value|
|ap_return_110  |  out|   18|  ap_ctrl_hs|   tree_scores|  return value|
|ap_return_111  |  out|   18|  ap_ctrl_hs|   tree_scores|  return value|
|ap_return_112  |  out|   18|  ap_ctrl_hs|   tree_scores|  return value|
|ap_return_113  |  out|   18|  ap_ctrl_hs|   tree_scores|  return value|
|ap_return_114  |  out|   18|  ap_ctrl_hs|   tree_scores|  return value|
|ap_return_115  |  out|   18|  ap_ctrl_hs|   tree_scores|  return value|
|ap_return_116  |  out|   18|  ap_ctrl_hs|   tree_scores|  return value|
|ap_return_117  |  out|   18|  ap_ctrl_hs|   tree_scores|  return value|
|ap_return_118  |  out|   18|  ap_ctrl_hs|   tree_scores|  return value|
|ap_return_119  |  out|   18|  ap_ctrl_hs|   tree_scores|  return value|
|ap_return_120  |  out|   18|  ap_ctrl_hs|   tree_scores|  return value|
|ap_return_121  |  out|   18|  ap_ctrl_hs|   tree_scores|  return value|
|ap_return_122  |  out|   18|  ap_ctrl_hs|   tree_scores|  return value|
|ap_return_123  |  out|   18|  ap_ctrl_hs|   tree_scores|  return value|
|ap_return_124  |  out|   18|  ap_ctrl_hs|   tree_scores|  return value|
|ap_ce          |   in|    1|  ap_ctrl_hs|   tree_scores|  return value|
|x_0_val105     |   in|   18|     ap_none|    x_0_val105|        scalar|
|x_1_val212     |   in|   18|     ap_none|    x_1_val212|        scalar|
|x_2_val318     |   in|   18|     ap_none|    x_2_val318|        scalar|
|x_3_val448     |   in|   18|     ap_none|    x_3_val448|        scalar|
|x_4_val532     |   in|   18|     ap_none|    x_4_val532|        scalar|
|x_5_val617     |   in|   18|     ap_none|    x_5_val617|        scalar|
|x_6_val702     |   in|   18|     ap_none|    x_6_val702|        scalar|
|x_7_val782     |   in|   18|     ap_none|    x_7_val782|        scalar|
|x_9_val857     |   in|   18|     ap_none|    x_9_val857|        scalar|
|x_10_val938    |   in|   18|     ap_none|   x_10_val938|        scalar|
|x_11_val1029   |   in|   18|     ap_none|  x_11_val1029|        scalar|
|x_12_val1114   |   in|   18|     ap_none|  x_12_val1114|        scalar|
|x_13_val1166   |   in|   18|     ap_none|  x_13_val1166|        scalar|
|x_14_val1292   |   in|   18|     ap_none|  x_14_val1292|        scalar|
|x_15_val1413   |   in|   18|     ap_none|  x_15_val1413|        scalar|
+---------------+-----+-----+------------+--------------+--------------+

