/home/minh/Documents/UTU-Doctorate/control_theory/hls4ml-tutorial/model_3.1/hls4ml_prj/myproject_prj/solution1/.autopilot/db/myproject.pp.0.cpp:29313:5: warning: Added loop label VITIS_LOOP_676_1:   [xilinx-label-all-loops]
    for (unsigned i = low; i != high+1; ++i) {
    ^~~
    VITIS_LOOP_676_1: 
/home/minh/Documents/UTU-Doctorate/control_theory/hls4ml-tutorial/model_3.1/hls4ml_prj/myproject_prj/solution1/.autopilot/db/myproject.pp.0.cpp:29313:5: note: FIX-IT applied suggested code changes
/home/minh/Documents/UTU-Doctorate/control_theory/hls4ml-tutorial/model_3.1/hls4ml_prj/myproject_prj/solution1/.autopilot/db/myproject.pp.0.cpp:29327:5: warning: Added loop label VITIS_LOOP_690_1:   [xilinx-label-all-loops]
    for (unsigned i = low; i != high+1; ++i) {
    ^~~
    VITIS_LOOP_690_1: 
/home/minh/Documents/UTU-Doctorate/control_theory/hls4ml-tutorial/model_3.1/hls4ml_prj/myproject_prj/solution1/.autopilot/db/myproject.pp.0.cpp:29327:5: note: FIX-IT applied suggested code changes
/home/minh/Documents/UTU-Doctorate/control_theory/hls4ml-tutorial/model_3.1/hls4ml_prj/myproject_prj/solution1/.autopilot/db/myproject.pp.0.cpp:29341:5: warning: Added loop label VITIS_LOOP_704_1:   [xilinx-label-all-loops]
    for (unsigned i = low; i != high+1; ++i) {
    ^~~
    VITIS_LOOP_704_1: 
/home/minh/Documents/UTU-Doctorate/control_theory/hls4ml-tutorial/model_3.1/hls4ml_prj/myproject_prj/solution1/.autopilot/db/myproject.pp.0.cpp:29341:5: note: FIX-IT applied suggested code changes
/home/minh/Documents/UTU-Doctorate/control_theory/hls4ml-tutorial/model_3.1/hls4ml_prj/myproject_prj/solution1/.autopilot/db/myproject.pp.0.cpp:30963:7: warning: Added loop label VITIS_LOOP_1248_1:   [xilinx-label-all-loops]
      for (i = 0; i < __N - 1; ++i) {
      ^~~
      VITIS_LOOP_1248_1: 
/home/minh/Documents/UTU-Doctorate/control_theory/hls4ml-tutorial/model_3.1/hls4ml_prj/myproject_prj/solution1/.autopilot/db/myproject.pp.0.cpp:30963:7: note: FIX-IT applied suggested code changes
/home/minh/Documents/UTU-Doctorate/control_theory/hls4ml-tutorial/model_3.1/hls4ml_prj/myproject_prj/solution1/.autopilot/db/myproject.pp.0.cpp:32950:9: warning: Added loop label VITIS_LOOP_27_1:   [xilinx-label-all-loops]
        for (unsigned i = 0; i < N; i++) {
        ^~~
        VITIS_LOOP_27_1: 
/home/minh/Documents/UTU-Doctorate/control_theory/hls4ml-tutorial/model_3.1/hls4ml_prj/myproject_prj/solution1/.autopilot/db/myproject.pp.0.cpp:32950:9: note: FIX-IT applied suggested code changes
/home/minh/Documents/UTU-Doctorate/control_theory/hls4ml-tutorial/model_3.1/hls4ml_prj/myproject_prj/solution1/.autopilot/db/myproject.pp.0.cpp:32963:9: warning: Added loop label VITIS_LOOP_40_1:   [xilinx-label-all-loops]
        for (size_t i = 0; i < N; i++) {
        ^~~
        VITIS_LOOP_40_1: 
/home/minh/Documents/UTU-Doctorate/control_theory/hls4ml-tutorial/model_3.1/hls4ml_prj/myproject_prj/solution1/.autopilot/db/myproject.pp.0.cpp:32963:9: note: FIX-IT applied suggested code changes
/home/minh/Documents/UTU-Doctorate/control_theory/hls4ml-tutorial/model_3.1/hls4ml_prj/myproject_prj/solution1/.autopilot/db/myproject.pp.0.cpp:56163:5: warning: Added loop label VITIS_LOOP_265_1:   [xilinx-label-all-loops]
    for (typename std::vector<src_T>::const_iterator i = in_begin; i != in_end; ++i) {
    ^~~
    VITIS_LOOP_265_1: 
/home/minh/Documents/UTU-Doctorate/control_theory/hls4ml-tutorial/model_3.1/hls4ml_prj/myproject_prj/solution1/.autopilot/db/myproject.pp.0.cpp:56163:5: note: FIX-IT applied suggested code changes
/home/minh/Documents/UTU-Doctorate/control_theory/hls4ml-tutorial/model_3.1/hls4ml_prj/myproject_prj/solution1/.autopilot/db/myproject.pp.0.cpp:56173:5: warning: Added loop label VITIS_LOOP_275_1:   [xilinx-label-all-loops]
    for (auto i = 0; i < SIZE; i++)
    ^~~
    VITIS_LOOP_275_1: 
/home/minh/Documents/UTU-Doctorate/control_theory/hls4ml-tutorial/model_3.1/hls4ml_prj/myproject_prj/solution1/.autopilot/db/myproject.pp.0.cpp:56173:5: note: FIX-IT applied suggested code changes
/home/minh/Documents/UTU-Doctorate/control_theory/hls4ml-tutorial/model_3.1/hls4ml_prj/myproject_prj/solution1/.autopilot/db/myproject.pp.0.cpp:56184:5: warning: Added loop label VITIS_LOOP_286_1:   [xilinx-label-all-loops]
    for (int i = 0; i < SIZE; i++) {
    ^~~
    VITIS_LOOP_286_1: 
/home/minh/Documents/UTU-Doctorate/control_theory/hls4ml-tutorial/model_3.1/hls4ml_prj/myproject_prj/solution1/.autopilot/db/myproject.pp.0.cpp:56184:5: note: FIX-IT applied suggested code changes
/home/minh/Documents/UTU-Doctorate/control_theory/hls4ml-tutorial/model_3.1/hls4ml_prj/myproject_prj/solution1/.autopilot/db/myproject.pp.0.cpp:56191:5: warning: Added loop label VITIS_LOOP_293_1:   [xilinx-label-all-loops]
    for (int i = 0; i < SIZE / res_T::size; i++) {
    ^~~
    VITIS_LOOP_293_1: 
/home/minh/Documents/UTU-Doctorate/control_theory/hls4ml-tutorial/model_3.1/hls4ml_prj/myproject_prj/solution1/.autopilot/db/myproject.pp.0.cpp:56191:5: note: FIX-IT applied suggested code changes
/home/minh/Documents/UTU-Doctorate/control_theory/hls4ml-tutorial/model_3.1/hls4ml_prj/myproject_prj/solution1/.autopilot/db/myproject.pp.0.cpp:56193:9: warning: Added loop label VITIS_LOOP_295_2:   [xilinx-label-all-loops]
        for (int j = 0; j < res_T::size; j++) {
        ^~~
        VITIS_LOOP_295_2: 
/home/minh/Documents/UTU-Doctorate/control_theory/hls4ml-tutorial/model_3.1/hls4ml_prj/myproject_prj/solution1/.autopilot/db/myproject.pp.0.cpp:56193:9: note: FIX-IT applied suggested code changes
/home/minh/Documents/UTU-Doctorate/control_theory/hls4ml-tutorial/model_3.1/hls4ml_prj/myproject_prj/solution1/.autopilot/db/myproject.pp.0.cpp:56205:5: warning: Added loop label VITIS_LOOP_307_1:   [xilinx-label-all-loops]
    for (int i = 0; i < SIZE / data_T::size; i++) {
    ^~~
    VITIS_LOOP_307_1: 
/home/minh/Documents/UTU-Doctorate/control_theory/hls4ml-tutorial/model_3.1/hls4ml_prj/myproject_prj/solution1/.autopilot/db/myproject.pp.0.cpp:56205:5: note: FIX-IT applied suggested code changes
/home/minh/Documents/UTU-Doctorate/control_theory/hls4ml-tutorial/model_3.1/hls4ml_prj/myproject_prj/solution1/.autopilot/db/myproject.pp.0.cpp:56207:9: warning: Added loop label VITIS_LOOP_309_2:   [xilinx-label-all-loops]
        for (int j = 0; j < data_T::size; j++) {
        ^~~
        VITIS_LOOP_309_2: 
/home/minh/Documents/UTU-Doctorate/control_theory/hls4ml-tutorial/model_3.1/hls4ml_prj/myproject_prj/solution1/.autopilot/db/myproject.pp.0.cpp:56207:9: note: FIX-IT applied suggested code changes
/home/minh/Documents/UTU-Doctorate/control_theory/hls4ml-tutorial/model_3.1/hls4ml_prj/myproject_prj/solution1/.autopilot/db/myproject.pp.0.cpp:56222:5: warning: Added loop label VITIS_LOOP_324_1:   [xilinx-label-all-loops]
    for (int ii = 0; ii < nrows; ii++) {
    ^~~
    VITIS_LOOP_324_1: 
/home/minh/Documents/UTU-Doctorate/control_theory/hls4ml-tutorial/model_3.1/hls4ml_prj/myproject_prj/solution1/.autopilot/db/myproject.pp.0.cpp:56222:5: note: FIX-IT applied suggested code changes
/home/minh/Documents/UTU-Doctorate/control_theory/hls4ml-tutorial/model_3.1/hls4ml_prj/myproject_prj/solution1/.autopilot/db/myproject.pp.0.cpp:56242:5: warning: Added loop label VITIS_LOOP_344_1:   [xilinx-label-all-loops]
    for (int ii = 0; ii < nrows; ii++) {
    ^~~
    VITIS_LOOP_344_1: 
/home/minh/Documents/UTU-Doctorate/control_theory/hls4ml-tutorial/model_3.1/hls4ml_prj/myproject_prj/solution1/.autopilot/db/myproject.pp.0.cpp:56242:5: note: FIX-IT applied suggested code changes
/home/minh/Documents/UTU-Doctorate/control_theory/hls4ml-tutorial/model_3.1/hls4ml_prj/myproject_prj/solution1/.autopilot/db/myproject.pp.0.cpp:56243:9: warning: Added loop label VITIS_LOOP_345_2:   [xilinx-label-all-loops]
        for (int jj = 0; jj < ncols; jj++) {
        ^~~
        VITIS_LOOP_345_2: 
/home/minh/Documents/UTU-Doctorate/control_theory/hls4ml-tutorial/model_3.1/hls4ml_prj/myproject_prj/solution1/.autopilot/db/myproject.pp.0.cpp:56243:9: note: FIX-IT applied suggested code changes
/home/minh/Documents/UTU-Doctorate/control_theory/hls4ml-tutorial/model_3.1/hls4ml_prj/myproject_prj/solution1/.autopilot/db/myproject.pp.0.cpp:56258:5: warning: Added loop label VITIS_LOOP_360_1:   [xilinx-label-all-loops]
    for (int ii = 0; ii < N_IN; ii++) {
    ^~~
    VITIS_LOOP_360_1: 
/home/minh/Documents/UTU-Doctorate/control_theory/hls4ml-tutorial/model_3.1/hls4ml_prj/myproject_prj/solution1/.autopilot/db/myproject.pp.0.cpp:56258:5: note: FIX-IT applied suggested code changes
/home/minh/Documents/UTU-Doctorate/control_theory/hls4ml-tutorial/model_3.1/hls4ml_prj/myproject_prj/solution1/.autopilot/db/myproject.pp.0.cpp:56265:5: warning: Added loop label VITIS_LOOP_367_1:   [xilinx-label-all-loops]
    for (int ii = 0; ii < N_IN; ii++) {
    ^~~
    VITIS_LOOP_367_1: 
/home/minh/Documents/UTU-Doctorate/control_theory/hls4ml-tutorial/model_3.1/hls4ml_prj/myproject_prj/solution1/.autopilot/db/myproject.pp.0.cpp:56265:5: note: FIX-IT applied suggested code changes
/home/minh/Documents/UTU-Doctorate/control_theory/hls4ml-tutorial/model_3.1/hls4ml_prj/myproject_prj/solution1/.autopilot/db/myproject.pp.0.cpp:56575:5: warning: Added loop label VITIS_LOOP_136_1:   [xilinx-label-all-loops]
    for (int ii = 0; ii < CONFIG_T::out_width / CONFIG_T::reuse_factor; ii++) {
    ^~~
    VITIS_LOOP_136_1: 
/home/minh/Documents/UTU-Doctorate/control_theory/hls4ml-tutorial/model_3.1/hls4ml_prj/myproject_prj/solution1/.autopilot/db/myproject.pp.0.cpp:56575:5: note: FIX-IT applied suggested code changes
/home/minh/Documents/UTU-Doctorate/control_theory/hls4ml-tutorial/model_3.1/hls4ml_prj/myproject_prj/solution1/.autopilot/db/myproject.pp.0.cpp:56576:9: warning: Added loop label VITIS_LOOP_137_2:   [xilinx-label-all-loops]
        for (int ff = 0; ff < CONFIG_T::n_filt; ff++) {
        ^~~
        VITIS_LOOP_137_2: 
/home/minh/Documents/UTU-Doctorate/control_theory/hls4ml-tutorial/model_3.1/hls4ml_prj/myproject_prj/solution1/.autopilot/db/myproject.pp.0.cpp:56576:9: note: FIX-IT applied suggested code changes
/home/minh/Documents/UTU-Doctorate/control_theory/hls4ml-tutorial/model_3.1/hls4ml_prj/myproject_prj/solution1/.autopilot/db/myproject.pp.0.cpp:56597:5: warning: Added loop label VITIS_LOOP_158_3:   [xilinx-label-all-loops]
    for (int ii = 0; ii < CONFIG_T::out_width / CONFIG_T::reuse_factor; ii++) {
    ^~~
    VITIS_LOOP_158_3: 
/home/minh/Documents/UTU-Doctorate/control_theory/hls4ml-tutorial/model_3.1/hls4ml_prj/myproject_prj/solution1/.autopilot/db/myproject.pp.0.cpp:56597:5: note: FIX-IT applied suggested code changes
/home/minh/Documents/UTU-Doctorate/control_theory/hls4ml-tutorial/model_3.1/hls4ml_prj/myproject_prj/solution1/.autopilot/db/myproject.pp.0.cpp:56598:9: warning: Added loop label VITIS_LOOP_159_4:   [xilinx-label-all-loops]
        for (int ff = 0; ff < CONFIG_T::n_filt; ff++) {
        ^~~
        VITIS_LOOP_159_4: 
/home/minh/Documents/UTU-Doctorate/control_theory/hls4ml-tutorial/model_3.1/hls4ml_prj/myproject_prj/solution1/.autopilot/db/myproject.pp.0.cpp:56598:9: note: FIX-IT applied suggested code changes
/home/minh/Documents/UTU-Doctorate/control_theory/hls4ml-tutorial/model_3.1/hls4ml_prj/myproject_prj/solution1/.autopilot/db/myproject.pp.0.cpp:56886:2: warning: Added loop label VITIS_LOOP_31_1:   [xilinx-label-all-loops]
 for (int ii = 0; ii < CONFIG_T::n_in; ii++) {
 ^~~
 VITIS_LOOP_31_1: 
/home/minh/Documents/UTU-Doctorate/control_theory/hls4ml-tutorial/model_3.1/hls4ml_prj/myproject_prj/solution1/.autopilot/db/myproject.pp.0.cpp:56886:2: note: FIX-IT applied suggested code changes
/home/minh/Documents/UTU-Doctorate/control_theory/hls4ml-tutorial/model_3.1/hls4ml_prj/myproject_prj/solution1/.autopilot/db/myproject.pp.0.cpp:56898:5: warning: Added loop label VITIS_LOOP_43_1:   [xilinx-label-all-loops]
    for (int ii = 0; ii < CONFIG_T::n_in; ii++) {
    ^~~
    VITIS_LOOP_43_1: 
/home/minh/Documents/UTU-Doctorate/control_theory/hls4ml-tutorial/model_3.1/hls4ml_prj/myproject_prj/solution1/.autopilot/db/myproject.pp.0.cpp:56898:5: note: FIX-IT applied suggested code changes
/home/minh/Documents/UTU-Doctorate/control_theory/hls4ml-tutorial/model_3.1/hls4ml_prj/myproject_prj/solution1/.autopilot/db/myproject.pp.0.cpp:56912:5: warning: Added loop label VITIS_LOOP_57_1:   [xilinx-label-all-loops]
    for (int ii = 0; ii < CONFIG_T::n_in; ii++) {
    ^~~
    VITIS_LOOP_57_1: 
/home/minh/Documents/UTU-Doctorate/control_theory/hls4ml-tutorial/model_3.1/hls4ml_prj/myproject_prj/solution1/.autopilot/db/myproject.pp.0.cpp:56912:5: note: FIX-IT applied suggested code changes
/home/minh/Documents/UTU-Doctorate/control_theory/hls4ml-tutorial/model_3.1/hls4ml_prj/myproject_prj/solution1/.autopilot/db/myproject.pp.0.cpp:56939:5: warning: Added loop label VITIS_LOOP_84_1:   [xilinx-label-all-loops]
    for (int ii = 0; ii < N_TABLE; ii++) {
    ^~~
    VITIS_LOOP_84_1: 
/home/minh/Documents/UTU-Doctorate/control_theory/hls4ml-tutorial/model_3.1/hls4ml_prj/myproject_prj/solution1/.autopilot/db/myproject.pp.0.cpp:56939:5: note: FIX-IT applied suggested code changes
/home/minh/Documents/UTU-Doctorate/control_theory/hls4ml-tutorial/model_3.1/hls4ml_prj/myproject_prj/solution1/.autopilot/db/myproject.pp.0.cpp:56969:5: warning: Added loop label VITIS_LOOP_114_1:   [xilinx-label-all-loops]
    for (int ii = 0; ii < CONFIG_T::n_in; ii++) {
    ^~~
    VITIS_LOOP_114_1: 
/home/minh/Documents/UTU-Doctorate/control_theory/hls4ml-tutorial/model_3.1/hls4ml_prj/myproject_prj/solution1/.autopilot/db/myproject.pp.0.cpp:56969:5: note: FIX-IT applied suggested code changes
/home/minh/Documents/UTU-Doctorate/control_theory/hls4ml-tutorial/model_3.1/hls4ml_prj/myproject_prj/solution1/.autopilot/db/myproject.pp.0.cpp:57006:5: warning: Added loop label VITIS_LOOP_151_1:   [xilinx-label-all-loops]
    for (unsigned i = 0; i < CONFIG_T::table_size; i++) {
    ^~~
    VITIS_LOOP_151_1: 
/home/minh/Documents/UTU-Doctorate/control_theory/hls4ml-tutorial/model_3.1/hls4ml_prj/myproject_prj/solution1/.autopilot/db/myproject.pp.0.cpp:57006:5: note: FIX-IT applied suggested code changes
/home/minh/Documents/UTU-Doctorate/control_theory/hls4ml-tutorial/model_3.1/hls4ml_prj/myproject_prj/solution1/.autopilot/db/myproject.pp.0.cpp:57017:5: warning: Added loop label VITIS_LOOP_162_1:   [xilinx-label-all-loops]
    for (unsigned i = 0; i < CONFIG_T::table_size; i++) {
    ^~~
    VITIS_LOOP_162_1: 
/home/minh/Documents/UTU-Doctorate/control_theory/hls4ml-tutorial/model_3.1/hls4ml_prj/myproject_prj/solution1/.autopilot/db/myproject.pp.0.cpp:57017:5: note: FIX-IT applied suggested code changes
/home/minh/Documents/UTU-Doctorate/control_theory/hls4ml-tutorial/model_3.1/hls4ml_prj/myproject_prj/solution1/.autopilot/db/myproject.pp.0.cpp:57050:5: warning: Added loop label VITIS_LOOP_195_1:   [xilinx-label-all-loops]
    for (unsigned i = 0; i < CONFIG_T::n_in; i++) {
    ^~~
    VITIS_LOOP_195_1: 
/home/minh/Documents/UTU-Doctorate/control_theory/hls4ml-tutorial/model_3.1/hls4ml_prj/myproject_prj/solution1/.autopilot/db/myproject.pp.0.cpp:57050:5: note: FIX-IT applied suggested code changes
/home/minh/Documents/UTU-Doctorate/control_theory/hls4ml-tutorial/model_3.1/hls4ml_prj/myproject_prj/solution1/.autopilot/db/myproject.pp.0.cpp:57064:5: warning: Added loop label VITIS_LOOP_209_2:   [xilinx-label-all-loops]
    for (unsigned i = 0; i < CONFIG_T::n_in; i++) {
    ^~~
    VITIS_LOOP_209_2: 
/home/minh/Documents/UTU-Doctorate/control_theory/hls4ml-tutorial/model_3.1/hls4ml_prj/myproject_prj/solution1/.autopilot/db/myproject.pp.0.cpp:57064:5: note: FIX-IT applied suggested code changes
/home/minh/Documents/UTU-Doctorate/control_theory/hls4ml-tutorial/model_3.1/hls4ml_prj/myproject_prj/solution1/.autopilot/db/myproject.pp.0.cpp:57098:5: warning: Added loop label VITIS_LOOP_243_1:   [xilinx-label-all-loops]
    for (unsigned i = 0; i < CONFIG_T::n_in; i++) {
    ^~~
    VITIS_LOOP_243_1: 
/home/minh/Documents/UTU-Doctorate/control_theory/hls4ml-tutorial/model_3.1/hls4ml_prj/myproject_prj/solution1/.autopilot/db/myproject.pp.0.cpp:57098:5: note: FIX-IT applied suggested code changes
/home/minh/Documents/UTU-Doctorate/control_theory/hls4ml-tutorial/model_3.1/hls4ml_prj/myproject_prj/solution1/.autopilot/db/myproject.pp.0.cpp:57107:5: warning: Added loop label VITIS_LOOP_252_2:   [xilinx-label-all-loops]
    for (unsigned i = 0; i < CONFIG_T::n_in; i++) {
    ^~~
    VITIS_LOOP_252_2: 
/home/minh/Documents/UTU-Doctorate/control_theory/hls4ml-tutorial/model_3.1/hls4ml_prj/myproject_prj/solution1/.autopilot/db/myproject.pp.0.cpp:57107:5: note: FIX-IT applied suggested code changes
/home/minh/Documents/UTU-Doctorate/control_theory/hls4ml-tutorial/model_3.1/hls4ml_prj/myproject_prj/solution1/.autopilot/db/myproject.pp.0.cpp:57121:5: warning: Added loop label VITIS_LOOP_266_3:   [xilinx-label-all-loops]
    for (unsigned i = 0; i < CONFIG_T::n_in; i++) {
    ^~~
    VITIS_LOOP_266_3: 
/home/minh/Documents/UTU-Doctorate/control_theory/hls4ml-tutorial/model_3.1/hls4ml_prj/myproject_prj/solution1/.autopilot/db/myproject.pp.0.cpp:57121:5: note: FIX-IT applied suggested code changes
/home/minh/Documents/UTU-Doctorate/control_theory/hls4ml-tutorial/model_3.1/hls4ml_prj/myproject_prj/solution1/.autopilot/db/myproject.pp.0.cpp:57128:5: warning: Added loop label VITIS_LOOP_273_1:   [xilinx-label-all-loops]
    for (int ii = 0; ii < N_TABLE; ii++) {
    ^~~
    VITIS_LOOP_273_1: 
/home/minh/Documents/UTU-Doctorate/control_theory/hls4ml-tutorial/model_3.1/hls4ml_prj/myproject_prj/solution1/.autopilot/db/myproject.pp.0.cpp:57128:5: note: FIX-IT applied suggested code changes
/home/minh/Documents/UTU-Doctorate/control_theory/hls4ml-tutorial/model_3.1/hls4ml_prj/myproject_prj/solution1/.autopilot/db/myproject.pp.0.cpp:57141:5: warning: Added loop label VITIS_LOOP_286_1:   [xilinx-label-all-loops]
    for (int ii = 0; ii < N_TABLE; ii++) {
    ^~~
    VITIS_LOOP_286_1: 
/home/minh/Documents/UTU-Doctorate/control_theory/hls4ml-tutorial/model_3.1/hls4ml_prj/myproject_prj/solution1/.autopilot/db/myproject.pp.0.cpp:57141:5: note: FIX-IT applied suggested code changes
/home/minh/Documents/UTU-Doctorate/control_theory/hls4ml-tutorial/model_3.1/hls4ml_prj/myproject_prj/solution1/.autopilot/db/myproject.pp.0.cpp:57178:5: warning: Added loop label VITIS_LOOP_323_1:   [xilinx-label-all-loops]
    for (int ii = 0; ii < CONFIG_T::n_in; ii++) {
    ^~~
    VITIS_LOOP_323_1: 
/home/minh/Documents/UTU-Doctorate/control_theory/hls4ml-tutorial/model_3.1/hls4ml_prj/myproject_prj/solution1/.autopilot/db/myproject.pp.0.cpp:57178:5: note: FIX-IT applied suggested code changes
/home/minh/Documents/UTU-Doctorate/control_theory/hls4ml-tutorial/model_3.1/hls4ml_prj/myproject_prj/solution1/.autopilot/db/myproject.pp.0.cpp:57183:5: warning: Added loop label VITIS_LOOP_328_2:   [xilinx-label-all-loops]
    for (int ii = 0; ii < CONFIG_T::n_in; ii++) {
    ^~~
    VITIS_LOOP_328_2: 
/home/minh/Documents/UTU-Doctorate/control_theory/hls4ml-tutorial/model_3.1/hls4ml_prj/myproject_prj/solution1/.autopilot/db/myproject.pp.0.cpp:57183:5: note: FIX-IT applied suggested code changes
/home/minh/Documents/UTU-Doctorate/control_theory/hls4ml-tutorial/model_3.1/hls4ml_prj/myproject_prj/solution1/.autopilot/db/myproject.pp.0.cpp:57184:9: warning: Added loop label VITIS_LOOP_329_3:   [xilinx-label-all-loops]
        for (int jj = 0; jj < CONFIG_T::n_in; jj++) {
        ^~~
        VITIS_LOOP_329_3: 
/home/minh/Documents/UTU-Doctorate/control_theory/hls4ml-tutorial/model_3.1/hls4ml_prj/myproject_prj/solution1/.autopilot/db/myproject.pp.0.cpp:57184:9: note: FIX-IT applied suggested code changes
/home/minh/Documents/UTU-Doctorate/control_theory/hls4ml-tutorial/model_3.1/hls4ml_prj/myproject_prj/solution1/.autopilot/db/myproject.pp.0.cpp:57201:5: warning: Added loop label VITIS_LOOP_346_4:   [xilinx-label-all-loops]
    for (int ii = 0; ii < CONFIG_T::n_in; ii++) {
    ^~~
    VITIS_LOOP_346_4: 
/home/minh/Documents/UTU-Doctorate/control_theory/hls4ml-tutorial/model_3.1/hls4ml_prj/myproject_prj/solution1/.autopilot/db/myproject.pp.0.cpp:57201:5: note: FIX-IT applied suggested code changes
/home/minh/Documents/UTU-Doctorate/control_theory/hls4ml-tutorial/model_3.1/hls4ml_prj/myproject_prj/solution1/.autopilot/db/myproject.pp.0.cpp:57214:5: warning: Added loop label VITIS_LOOP_359_1:   [xilinx-label-all-loops]
    for (int i = 0; i < CONFIG_T::n_in; i++) {
    ^~~
    VITIS_LOOP_359_1: 
/home/minh/Documents/UTU-Doctorate/control_theory/hls4ml-tutorial/model_3.1/hls4ml_prj/myproject_prj/solution1/.autopilot/db/myproject.pp.0.cpp:57214:5: note: FIX-IT applied suggested code changes
/home/minh/Documents/UTU-Doctorate/control_theory/hls4ml-tutorial/model_3.1/hls4ml_prj/myproject_prj/solution1/.autopilot/db/myproject.pp.0.cpp:57222:5: warning: Added loop label VITIS_LOOP_367_2:   [xilinx-label-all-loops]
    for (int i = 1; i < CONFIG_T::n_in; i++) {
    ^~~
    VITIS_LOOP_367_2: 
/home/minh/Documents/UTU-Doctorate/control_theory/hls4ml-tutorial/model_3.1/hls4ml_prj/myproject_prj/solution1/.autopilot/db/myproject.pp.0.cpp:57222:5: note: FIX-IT applied suggested code changes
/home/minh/Documents/UTU-Doctorate/control_theory/hls4ml-tutorial/model_3.1/hls4ml_prj/myproject_prj/solution1/.autopilot/db/myproject.pp.0.cpp:57257:5: warning: Added loop label VITIS_LOOP_402_1:   [xilinx-label-all-loops]
    for (int ii = 0; ii < N_TABLE; ii++) {
    ^~~
    VITIS_LOOP_402_1: 
/home/minh/Documents/UTU-Doctorate/control_theory/hls4ml-tutorial/model_3.1/hls4ml_prj/myproject_prj/solution1/.autopilot/db/myproject.pp.0.cpp:57257:5: note: FIX-IT applied suggested code changes
/home/minh/Documents/UTU-Doctorate/control_theory/hls4ml-tutorial/model_3.1/hls4ml_prj/myproject_prj/solution1/.autopilot/db/myproject.pp.0.cpp:57287:5: warning: Added loop label VITIS_LOOP_432_1:   [xilinx-label-all-loops]
    for (int ii = 0; ii < CONFIG_T::n_in; ii++) {
    ^~~
    VITIS_LOOP_432_1: 
/home/minh/Documents/UTU-Doctorate/control_theory/hls4ml-tutorial/model_3.1/hls4ml_prj/myproject_prj/solution1/.autopilot/db/myproject.pp.0.cpp:57287:5: note: FIX-IT applied suggested code changes
/home/minh/Documents/UTU-Doctorate/control_theory/hls4ml-tutorial/model_3.1/hls4ml_prj/myproject_prj/solution1/.autopilot/db/myproject.pp.0.cpp:57314:2: warning: Added loop label VITIS_LOOP_459_1:   [xilinx-label-all-loops]
 for (int ii = 0; ii < CONFIG_T::n_in; ii++) {
 ^~~
 VITIS_LOOP_459_1: 
/home/minh/Documents/UTU-Doctorate/control_theory/hls4ml-tutorial/model_3.1/hls4ml_prj/myproject_prj/solution1/.autopilot/db/myproject.pp.0.cpp:57314:2: note: FIX-IT applied suggested code changes
/home/minh/Documents/UTU-Doctorate/control_theory/hls4ml-tutorial/model_3.1/hls4ml_prj/myproject_prj/solution1/.autopilot/db/myproject.pp.0.cpp:57328:2: warning: Added loop label VITIS_LOOP_473_1:   [xilinx-label-all-loops]
 for (int ii = 0; ii < CONFIG_T::n_in; ii++) {
 ^~~
 VITIS_LOOP_473_1: 
/home/minh/Documents/UTU-Doctorate/control_theory/hls4ml-tutorial/model_3.1/hls4ml_prj/myproject_prj/solution1/.autopilot/db/myproject.pp.0.cpp:57328:2: note: FIX-IT applied suggested code changes
/home/minh/Documents/UTU-Doctorate/control_theory/hls4ml-tutorial/model_3.1/hls4ml_prj/myproject_prj/solution1/.autopilot/db/myproject.pp.0.cpp:57344:5: warning: Added loop label VITIS_LOOP_489_1:   [xilinx-label-all-loops]
    for (int ii = 0; ii < CONFIG_T::n_in; ii++) {
    ^~~
    VITIS_LOOP_489_1: 
/home/minh/Documents/UTU-Doctorate/control_theory/hls4ml-tutorial/model_3.1/hls4ml_prj/myproject_prj/solution1/.autopilot/db/myproject.pp.0.cpp:57344:5: note: FIX-IT applied suggested code changes
/home/minh/Documents/UTU-Doctorate/control_theory/hls4ml-tutorial/model_3.1/hls4ml_prj/myproject_prj/solution1/.autopilot/db/myproject.pp.0.cpp:57362:5: warning: Added loop label VITIS_LOOP_507_1:   [xilinx-label-all-loops]
    for (int ii = 0; ii < CONFIG_T::n_in; ii++) {
    ^~~
    VITIS_LOOP_507_1: 
/home/minh/Documents/UTU-Doctorate/control_theory/hls4ml-tutorial/model_3.1/hls4ml_prj/myproject_prj/solution1/.autopilot/db/myproject.pp.0.cpp:57362:5: note: FIX-IT applied suggested code changes
/home/minh/Documents/UTU-Doctorate/control_theory/hls4ml-tutorial/model_3.1/hls4ml_prj/myproject_prj/solution1/.autopilot/db/myproject.pp.0.cpp:57379:5: warning: Added loop label VITIS_LOOP_524_1:   [xilinx-label-all-loops]
    for (int ii = 0; ii < CONFIG_T::n_in; ii++) {
    ^~~
    VITIS_LOOP_524_1: 
/home/minh/Documents/UTU-Doctorate/control_theory/hls4ml-tutorial/model_3.1/hls4ml_prj/myproject_prj/solution1/.autopilot/db/myproject.pp.0.cpp:57379:5: note: FIX-IT applied suggested code changes
/home/minh/Documents/UTU-Doctorate/control_theory/hls4ml-tutorial/model_3.1/hls4ml_prj/myproject_prj/solution1/.autopilot/db/myproject.pp.0.cpp:57396:5: warning: Added loop label VITIS_LOOP_541_1:   [xilinx-label-all-loops]
    for (int ii = 0; ii < N_TABLE; ii++) {
    ^~~
    VITIS_LOOP_541_1: 
/home/minh/Documents/UTU-Doctorate/control_theory/hls4ml-tutorial/model_3.1/hls4ml_prj/myproject_prj/solution1/.autopilot/db/myproject.pp.0.cpp:57396:5: note: FIX-IT applied suggested code changes
/home/minh/Documents/UTU-Doctorate/control_theory/hls4ml-tutorial/model_3.1/hls4ml_prj/myproject_prj/solution1/.autopilot/db/myproject.pp.0.cpp:57426:5: warning: Added loop label VITIS_LOOP_571_1:   [xilinx-label-all-loops]
    for (int ii = 0; ii < CONFIG_T::n_in; ii++) {
    ^~~
    VITIS_LOOP_571_1: 
/home/minh/Documents/UTU-Doctorate/control_theory/hls4ml-tutorial/model_3.1/hls4ml_prj/myproject_prj/solution1/.autopilot/db/myproject.pp.0.cpp:57426:5: note: FIX-IT applied suggested code changes
/home/minh/Documents/UTU-Doctorate/control_theory/hls4ml-tutorial/model_3.1/hls4ml_prj/myproject_prj/solution1/.autopilot/db/myproject.pp.0.cpp:57445:5: warning: Added loop label VITIS_LOOP_590_1:   [xilinx-label-all-loops]
    for (int ii = 0; ii < N_TABLE; ii++) {
    ^~~
    VITIS_LOOP_590_1: 
/home/minh/Documents/UTU-Doctorate/control_theory/hls4ml-tutorial/model_3.1/hls4ml_prj/myproject_prj/solution1/.autopilot/db/myproject.pp.0.cpp:57445:5: note: FIX-IT applied suggested code changes
/home/minh/Documents/UTU-Doctorate/control_theory/hls4ml-tutorial/model_3.1/hls4ml_prj/myproject_prj/solution1/.autopilot/db/myproject.pp.0.cpp:57475:5: warning: Added loop label VITIS_LOOP_620_1:   [xilinx-label-all-loops]
    for (int ii = 0; ii < CONFIG_T::n_in; ii++) {
    ^~~
    VITIS_LOOP_620_1: 
/home/minh/Documents/UTU-Doctorate/control_theory/hls4ml-tutorial/model_3.1/hls4ml_prj/myproject_prj/solution1/.autopilot/db/myproject.pp.0.cpp:57475:5: note: FIX-IT applied suggested code changes
/home/minh/Documents/UTU-Doctorate/control_theory/hls4ml-tutorial/model_3.1/hls4ml_prj/myproject_prj/solution1/.autopilot/db/myproject.pp.0.cpp:57494:5: warning: Added loop label VITIS_LOOP_639_1:   [xilinx-label-all-loops]
    for (int ii = 0; ii < N_TABLE; ii++) {
    ^~~
    VITIS_LOOP_639_1: 
/home/minh/Documents/UTU-Doctorate/control_theory/hls4ml-tutorial/model_3.1/hls4ml_prj/myproject_prj/solution1/.autopilot/db/myproject.pp.0.cpp:57494:5: note: FIX-IT applied suggested code changes
/home/minh/Documents/UTU-Doctorate/control_theory/hls4ml-tutorial/model_3.1/hls4ml_prj/myproject_prj/solution1/.autopilot/db/myproject.pp.0.cpp:57524:5: warning: Added loop label VITIS_LOOP_669_1:   [xilinx-label-all-loops]
    for (int ii = 0; ii < CONFIG_T::n_in; ii++) {
    ^~~
    VITIS_LOOP_669_1: 
/home/minh/Documents/UTU-Doctorate/control_theory/hls4ml-tutorial/model_3.1/hls4ml_prj/myproject_prj/solution1/.autopilot/db/myproject.pp.0.cpp:57524:5: note: FIX-IT applied suggested code changes
/home/minh/Documents/UTU-Doctorate/control_theory/hls4ml-tutorial/model_3.1/hls4ml_prj/myproject_prj/solution1/.autopilot/db/myproject.pp.0.cpp:57551:5: warning: Added loop label VITIS_LOOP_696_1:   [xilinx-label-all-loops]
    for (int ii = 0; ii < N_TABLE; ii++) {
    ^~~
    VITIS_LOOP_696_1: 
/home/minh/Documents/UTU-Doctorate/control_theory/hls4ml-tutorial/model_3.1/hls4ml_prj/myproject_prj/solution1/.autopilot/db/myproject.pp.0.cpp:57551:5: note: FIX-IT applied suggested code changes
/home/minh/Documents/UTU-Doctorate/control_theory/hls4ml-tutorial/model_3.1/hls4ml_prj/myproject_prj/solution1/.autopilot/db/myproject.pp.0.cpp:57580:5: warning: Added loop label VITIS_LOOP_725_1:   [xilinx-label-all-loops]
    for (int ii = 0; ii < CONFIG_T::n_in; ii++) {
    ^~~
    VITIS_LOOP_725_1: 
/home/minh/Documents/UTU-Doctorate/control_theory/hls4ml-tutorial/model_3.1/hls4ml_prj/myproject_prj/solution1/.autopilot/db/myproject.pp.0.cpp:57580:5: note: FIX-IT applied suggested code changes
/home/minh/Documents/UTU-Doctorate/control_theory/hls4ml-tutorial/model_3.1/hls4ml_prj/myproject_prj/solution1/.autopilot/db/myproject.pp.0.cpp:57601:5: warning: Added loop label VITIS_LOOP_746_1:   [xilinx-label-all-loops]
    for (int ii = 0; ii < CONFIG_T::n_in; ii++) {
    ^~~
    VITIS_LOOP_746_1: 
/home/minh/Documents/UTU-Doctorate/control_theory/hls4ml-tutorial/model_3.1/hls4ml_prj/myproject_prj/solution1/.autopilot/db/myproject.pp.0.cpp:57601:5: note: FIX-IT applied suggested code changes
/home/minh/Documents/UTU-Doctorate/control_theory/hls4ml-tutorial/model_3.1/hls4ml_prj/myproject_prj/solution1/.autopilot/db/myproject.pp.0.cpp:57619:5: warning: Added loop label VITIS_LOOP_764_1:   [xilinx-label-all-loops]
    for (int ii = 0; ii < CONFIG_T::n_in; ii++) {
    ^~~
    VITIS_LOOP_764_1: 
/home/minh/Documents/UTU-Doctorate/control_theory/hls4ml-tutorial/model_3.1/hls4ml_prj/myproject_prj/solution1/.autopilot/db/myproject.pp.0.cpp:57619:5: note: FIX-IT applied suggested code changes
/home/minh/Documents/UTU-Doctorate/control_theory/hls4ml-tutorial/model_3.1/hls4ml_prj/myproject_prj/solution1/.autopilot/db/myproject.pp.0.cpp:57639:5: warning: Added loop label VITIS_LOOP_784_1:   [xilinx-label-all-loops]
    for (int ii = 0; ii < CONFIG_T::n_in; ii++) {
    ^~~
    VITIS_LOOP_784_1: 
/home/minh/Documents/UTU-Doctorate/control_theory/hls4ml-tutorial/model_3.1/hls4ml_prj/myproject_prj/solution1/.autopilot/db/myproject.pp.0.cpp:57639:5: note: FIX-IT applied suggested code changes
/home/minh/Documents/UTU-Doctorate/control_theory/hls4ml-tutorial/model_3.1/hls4ml_prj/myproject_prj/solution1/.autopilot/db/myproject.pp.0.cpp:57735:9: warning: Added loop label VITIS_LOOP_73_1:   [xilinx-label-all-loops]
        for (int i = 0; i < N / data_T::size; i++) {
        ^~~
        VITIS_LOOP_73_1: 
/home/minh/Documents/UTU-Doctorate/control_theory/hls4ml-tutorial/model_3.1/hls4ml_prj/myproject_prj/solution1/.autopilot/db/myproject.pp.0.cpp:57735:9: note: FIX-IT applied suggested code changes
/home/minh/Documents/UTU-Doctorate/control_theory/hls4ml-tutorial/model_3.1/hls4ml_prj/myproject_prj/solution1/.autopilot/db/myproject.pp.0.cpp:57742:13: warning: Added loop label VITIS_LOOP_80_2:   [xilinx-label-all-loops]
            for (int j = 0; j < data_T::size; j++) {
            ^~~
            VITIS_LOOP_80_2: 
/home/minh/Documents/UTU-Doctorate/control_theory/hls4ml-tutorial/model_3.1/hls4ml_prj/myproject_prj/solution1/.autopilot/db/myproject.pp.0.cpp:57742:13: note: FIX-IT applied suggested code changes
/home/minh/Documents/UTU-Doctorate/control_theory/hls4ml-tutorial/model_3.1/hls4ml_prj/myproject_prj/solution1/.autopilot/db/myproject.pp.0.cpp:57751:9: warning: Added loop label VITIS_LOOP_89_3:   [xilinx-label-all-loops]
        for (int i = 0; i < N / data_T::size; i++) {
        ^~~
        VITIS_LOOP_89_3: 
/home/minh/Documents/UTU-Doctorate/control_theory/hls4ml-tutorial/model_3.1/hls4ml_prj/myproject_prj/solution1/.autopilot/db/myproject.pp.0.cpp:57751:9: note: FIX-IT applied suggested code changes
/home/minh/Documents/UTU-Doctorate/control_theory/hls4ml-tutorial/model_3.1/hls4ml_prj/myproject_prj/solution1/.autopilot/db/myproject.pp.0.cpp:57760:13: warning: Added loop label VITIS_LOOP_98_4:   [xilinx-label-all-loops]
            for (int j = 0; j < pack_diff; j++) {
            ^~~
            VITIS_LOOP_98_4: 
/home/minh/Documents/UTU-Doctorate/control_theory/hls4ml-tutorial/model_3.1/hls4ml_prj/myproject_prj/solution1/.autopilot/db/myproject.pp.0.cpp:57760:13: note: FIX-IT applied suggested code changes
/home/minh/Documents/UTU-Doctorate/control_theory/hls4ml-tutorial/model_3.1/hls4ml_prj/myproject_prj/solution1/.autopilot/db/myproject.pp.0.cpp:57764:17: warning: Added loop label VITIS_LOOP_102_5:   [xilinx-label-all-loops]
                for (int k = 0; k < res_T::size; k++) {
                ^~~
                VITIS_LOOP_102_5: 
/home/minh/Documents/UTU-Doctorate/control_theory/hls4ml-tutorial/model_3.1/hls4ml_prj/myproject_prj/solution1/.autopilot/db/myproject.pp.0.cpp:57764:17: note: FIX-IT applied suggested code changes
/home/minh/Documents/UTU-Doctorate/control_theory/hls4ml-tutorial/model_3.1/hls4ml_prj/myproject_prj/solution1/.autopilot/db/myproject.pp.0.cpp:57775:9: warning: Added loop label VITIS_LOOP_113_6:   [xilinx-label-all-loops]
        for (int i = 0; i < N / data_T::size; i++) {
        ^~~
        VITIS_LOOP_113_6: 
/home/minh/Documents/UTU-Doctorate/control_theory/hls4ml-tutorial/model_3.1/hls4ml_prj/myproject_prj/solution1/.autopilot/db/myproject.pp.0.cpp:57775:9: note: FIX-IT applied suggested code changes
/home/minh/Documents/UTU-Doctorate/control_theory/hls4ml-tutorial/model_3.1/hls4ml_prj/myproject_prj/solution1/.autopilot/db/myproject.pp.0.cpp:57779:13: warning: Added loop label VITIS_LOOP_117_7:   [xilinx-label-all-loops]
            for (int j = 0; j < data_T::size; j++) {
            ^~~
            VITIS_LOOP_117_7: 
/home/minh/Documents/UTU-Doctorate/control_theory/hls4ml-tutorial/model_3.1/hls4ml_prj/myproject_prj/solution1/.autopilot/db/myproject.pp.0.cpp:57779:13: note: FIX-IT applied suggested code changes
/home/minh/Documents/UTU-Doctorate/control_theory/hls4ml-tutorial/model_3.1/hls4ml_prj/myproject_prj/solution1/.autopilot/db/myproject.pp.0.cpp:57803:9: warning: Added loop label VITIS_LOOP_141_1:   [xilinx-label-all-loops]
        for (int j = 0; j < n_dupl; j++) {
        ^~~
        VITIS_LOOP_141_1: 
/home/minh/Documents/UTU-Doctorate/control_theory/hls4ml-tutorial/model_3.1/hls4ml_prj/myproject_prj/solution1/.autopilot/db/myproject.pp.0.cpp:57803:9: note: FIX-IT applied suggested code changes
/home/minh/Documents/UTU-Doctorate/control_theory/hls4ml-tutorial/model_3.1/hls4ml_prj/myproject_prj/solution1/.autopilot/db/myproject.pp.0.cpp:57807:13: warning: Added loop label VITIS_LOOP_145_2:   [xilinx-label-all-loops]
            for (int k = 0; k < res_T::size; k++) {
            ^~~
            VITIS_LOOP_145_2: 
/home/minh/Documents/UTU-Doctorate/control_theory/hls4ml-tutorial/model_3.1/hls4ml_prj/myproject_prj/solution1/.autopilot/db/myproject.pp.0.cpp:57807:13: note: FIX-IT applied suggested code changes
/home/minh/Documents/UTU-Doctorate/control_theory/hls4ml-tutorial/model_3.1/hls4ml_prj/myproject_prj/solution1/.autopilot/db/myproject.pp.0.cpp:57826:9: warning: Added loop label VITIS_LOOP_164_1:   [xilinx-label-all-loops]
        for (int k = 0; k < res_T::size; k++) {
        ^~~
        VITIS_LOOP_164_1: 
/home/minh/Documents/UTU-Doctorate/control_theory/hls4ml-tutorial/model_3.1/hls4ml_prj/myproject_prj/solution1/.autopilot/db/myproject.pp.0.cpp:57826:9: note: FIX-IT applied suggested code changes
/home/minh/Documents/UTU-Doctorate/control_theory/hls4ml-tutorial/model_3.1/hls4ml_prj/myproject_prj/solution1/.autopilot/db/myproject.pp.0.cpp:57849:2: warning: Added loop label VITIS_LOOP_187_1:   [xilinx-label-all-loops]
 for (int i = 0; i < CONFIG_T::height * CONFIG_T::width / data_T::size; i++) {
 ^~~
 VITIS_LOOP_187_1: 
/home/minh/Documents/UTU-Doctorate/control_theory/hls4ml-tutorial/model_3.1/hls4ml_prj/myproject_prj/solution1/.autopilot/db/myproject.pp.0.cpp:57849:2: note: FIX-IT applied suggested code changes
/home/minh/Documents/UTU-Doctorate/control_theory/hls4ml-tutorial/model_3.1/hls4ml_prj/myproject_prj/solution1/.autopilot/db/myproject.pp.0.cpp:57852:9: warning: Added loop label VITIS_LOOP_190_2:   [xilinx-label-all-loops]
        for (int j = 0; j < data_T::size; j++) {
        ^~~
        VITIS_LOOP_190_2: 
/home/minh/Documents/UTU-Doctorate/control_theory/hls4ml-tutorial/model_3.1/hls4ml_prj/myproject_prj/solution1/.autopilot/db/myproject.pp.0.cpp:57852:9: note: FIX-IT applied suggested code changes
/home/minh/Documents/UTU-Doctorate/control_theory/hls4ml-tutorial/model_3.1/hls4ml_prj/myproject_prj/solution1/.autopilot/db/myproject.pp.0.cpp:57857:5: warning: Added loop label VITIS_LOOP_195_3:   [xilinx-label-all-loops]
    for (int i = 0; i < CONFIG_T::height * CONFIG_T::width / res_T::size; i++) {
    ^~~
    VITIS_LOOP_195_3: 
/home/minh/Documents/UTU-Doctorate/control_theory/hls4ml-tutorial/model_3.1/hls4ml_prj/myproject_prj/solution1/.autopilot/db/myproject.pp.0.cpp:57857:5: note: FIX-IT applied suggested code changes
/home/minh/Documents/UTU-Doctorate/control_theory/hls4ml-tutorial/model_3.1/hls4ml_prj/myproject_prj/solution1/.autopilot/db/myproject.pp.0.cpp:57861:9: warning: Added loop label VITIS_LOOP_199_4:   [xilinx-label-all-loops]
        for (int j = 0; j < res_T::size; j++) {
        ^~~
        VITIS_LOOP_199_4: 
/home/minh/Documents/UTU-Doctorate/control_theory/hls4ml-tutorial/model_3.1/hls4ml_prj/myproject_prj/solution1/.autopilot/db/myproject.pp.0.cpp:57861:9: note: FIX-IT applied suggested code changes
/home/minh/Documents/UTU-Doctorate/control_theory/hls4ml-tutorial/model_3.1/hls4ml_prj/myproject_prj/solution1/.autopilot/db/myproject.pp.0.cpp:58075:9: warning: Added loop label VITIS_LOOP_213_1:   [xilinx-label-all-loops]
        for (unsigned j = 0; j < data_T::size; j++) {
        ^~~
        VITIS_LOOP_213_1: 
/home/minh/Documents/UTU-Doctorate/control_theory/hls4ml-tutorial/model_3.1/hls4ml_prj/myproject_prj/solution1/.autopilot/db/myproject.pp.0.cpp:58075:9: note: FIX-IT applied suggested code changes
/home/minh/Documents/UTU-Doctorate/control_theory/hls4ml-tutorial/model_3.1/hls4ml_prj/myproject_prj/solution1/.autopilot/db/myproject.pp.0.cpp:58084:9: warning: Added loop label VITIS_LOOP_222_2:   [xilinx-label-all-loops]
        for (unsigned j = 0; j < data_T::size; j++) {
        ^~~
        VITIS_LOOP_222_2: 
/home/minh/Documents/UTU-Doctorate/control_theory/hls4ml-tutorial/model_3.1/hls4ml_prj/myproject_prj/solution1/.autopilot/db/myproject.pp.0.cpp:58084:9: note: FIX-IT applied suggested code changes
/home/minh/Documents/UTU-Doctorate/control_theory/hls4ml-tutorial/model_3.1/hls4ml_prj/myproject_prj/solution1/.autopilot/db/myproject.pp.0.cpp:58190:5: warning: Added loop label VITIS_LOOP_328_1:   [xilinx-label-all-loops]
    for (int i = 0; i < CONFIG_T::n_in / res_T::size; i++) {
    ^~~
    VITIS_LOOP_328_1: 
/home/minh/Documents/UTU-Doctorate/control_theory/hls4ml-tutorial/model_3.1/hls4ml_prj/myproject_prj/solution1/.autopilot/db/myproject.pp.0.cpp:58190:5: note: FIX-IT applied suggested code changes
/home/minh/Documents/UTU-Doctorate/control_theory/hls4ml-tutorial/model_3.1/hls4ml_prj/myproject_prj/solution1/.autopilot/db/myproject.pp.0.cpp:58195:9: warning: Added loop label VITIS_LOOP_333_2:   [xilinx-label-all-loops]
        for (int i = 0; i < res_T::size; i++) {
        ^~~
        VITIS_LOOP_333_2: 
/home/minh/Documents/UTU-Doctorate/control_theory/hls4ml-tutorial/model_3.1/hls4ml_prj/myproject_prj/solution1/.autopilot/db/myproject.pp.0.cpp:58195:9: note: FIX-IT applied suggested code changes
/home/minh/Documents/UTU-Doctorate/control_theory/hls4ml-tutorial/model_3.1/hls4ml_prj/myproject_prj/solution1/.autopilot/db/myproject.pp.0.cpp:58203:9: warning: Added loop label VITIS_LOOP_341_3:   [xilinx-label-all-loops]
        for (int i = 1; i < res_T::size; i++) {
        ^~~
        VITIS_LOOP_341_3: 
/home/minh/Documents/UTU-Doctorate/control_theory/hls4ml-tutorial/model_3.1/hls4ml_prj/myproject_prj/solution1/.autopilot/db/myproject.pp.0.cpp:58203:9: note: FIX-IT applied suggested code changes
/home/minh/Documents/UTU-Doctorate/control_theory/hls4ml-tutorial/model_3.1/hls4ml_prj/myproject_prj/solution1/.autopilot/db/myproject.pp.0.cpp:58781:9: error: Resource with core_name: ROM_nP_BRAM pragma is ignored, because this core doesn't exist at all  [clang-diagnostic-error]
#pragma HLS RESOURCE variable=weights core=ROM_nP_BRAM
        ^
/home/minh/Documents/UTU-Doctorate/control_theory/hls4ml-tutorial/model_3.1/hls4ml_prj/myproject_prj/solution1/.autopilot/db/myproject.pp.0.cpp:58855:9: error: Resource with core_name: ROM_nP_BRAM pragma is ignored, because this core doesn't exist at all  [clang-diagnostic-error]
#pragma HLS RESOURCE variable=weights core=ROM_nP_BRAM
        ^
/home/minh/Documents/UTU-Doctorate/control_theory/hls4ml-tutorial/model_3.1/hls4ml_prj/myproject_prj/solution1/.autopilot/db/myproject.pp.0.cpp:58937:9: error: Resource with core_name: ROM_nP_BRAM pragma is ignored, because this core doesn't exist at all  [clang-diagnostic-error]
#pragma HLS RESOURCE variable=weights core=ROM_nP_BRAM
        ^
/home/minh/Documents/UTU-Doctorate/control_theory/hls4ml-tutorial/model_3.1/hls4ml_prj/myproject_prj/solution1/.autopilot/db/myproject.pp.0.cpp:59110:5: warning: Added loop label VITIS_LOOP_14_1:   [xilinx-label-all-loops]
    for (unsigned k = 0; k < CONFIG_T::n_out; k++) {
    ^~~
    VITIS_LOOP_14_1: 
/home/minh/Documents/UTU-Doctorate/control_theory/hls4ml-tutorial/model_3.1/hls4ml_prj/myproject_prj/solution1/.autopilot/db/myproject.pp.0.cpp:59110:5: note: FIX-IT applied suggested code changes
/home/minh/Documents/UTU-Doctorate/control_theory/hls4ml-tutorial/model_3.1/hls4ml_prj/myproject_prj/solution1/.autopilot/db/myproject.pp.0.cpp:59170:9: warning: Added loop label VITIS_LOOP_74_1:   [xilinx-label-all-loops]
        for (int im = 0; im < CONFIG_T::n_out; im++) {
        ^~~
        VITIS_LOOP_74_1: 
/home/minh/Documents/UTU-Doctorate/control_theory/hls4ml-tutorial/model_3.1/hls4ml_prj/myproject_prj/solution1/.autopilot/db/myproject.pp.0.cpp:59170:9: note: FIX-IT applied suggested code changes
