

================================================================
== Vitis HLS Report for 'relu_ap_fixed_12_10_5_3_0_ap_ufixed_9_7_5_3_0_ReLU_config11_s'
================================================================
* Date:           Mon Mar 10 19:11:46 2025

* Version:        2024.2 (Build 5238294 on Nov  8 2024)
* Project:        myproject_prj
* Solution:       solution1 (Vivado IP Flow Target)
* Product family: zynq
* Target device:  xc7z020-clg400-1


================================================================
== Performance Estimates
================================================================
+ Timing: 
    * Summary: 
    +--------+---------+----------+------------+
    |  Clock |  Target | Estimated| Uncertainty|
    +--------+---------+----------+------------+
    |ap_clk  |  5.00 ns|  2.514 ns|     1.35 ns|
    +--------+---------+----------+------------+

+ Latency: 
    * Summary: 
    +---------+---------+----------+----------+-----+-----+---------+
    |  Latency (cycles) |  Latency (absolute) |  Interval | Pipeline|
    |   min   |   max   |    min   |    max   | min | max |   Type  |
    +---------+---------+----------+----------+-----+-----+---------+
    |        0|        0|      0 ns|      0 ns|    1|    1|      yes|
    +---------+---------+----------+----------+-----+-----+---------+

    + Detail: 
        * Instance: 
        N/A

        * Loop: 
        N/A

============================================================
+ Verbose Summary: Synthesis Manager
============================================================
InlineROM: 1
ExposeGlobal: 0
============================================================
+ Verbose Summary: CDFG Model
============================================================
IsTopModel: 0
ResetActiveHigh: 1
IsCombinational: 0
IsDatapathOnly: 0
HasWiredReturn: 1
HasMFsm: 2
HasVarLatency: 0
IsPipeline: 1
IsRtlPipelined: 0
IsInstanceOverlapped: 0
IsDontTouch: 0
HasImplIP: 0
IsGatedGlobalClock: 0

+ Individual pipeline summary: 
  * Pipeline-0: initiation interval (II) = 1, depth = 1


============================================================
+ Verbose Summary: Schedule
============================================================
* Number of FSM states : 1
* Pipeline : 1
  Pipeline-0 : II = 1, D = 1, States = { 1 }
* Dataflow Pipeline: 0

* FSM state transitions: 
1 --> 

* FSM state operations: 

State 1 <SV = 0> <Delay = 2.51>
ST_1 : Operation 2 [1/1] (0.00ns)   --->   "%specpipeline_ln39 = specpipeline void @_ssdm_op_SpecPipeline, i32 4294967295, i32 0, i32 0, i32 0, void @empty_0" [firmware/nnet_utils/nnet_activation.h:39->firmware/myproject.cpp:60]   --->   Operation 2 'specpipeline' 'specpipeline_ln39' <Predicate = true> <Delay = 0.00>
ST_1 : Operation 3 [1/1] (0.00ns)   --->   "%layer8_out_31_val_read = read i12 @_ssdm_op_Read.ap_auto.i12, i12 %layer8_out_31_val" [firmware/nnet_utils/nnet_activation.h:42->firmware/myproject.cpp:60]   --->   Operation 3 'read' 'layer8_out_31_val_read' <Predicate = true> <Delay = 0.00>
ST_1 : Operation 4 [1/1] (0.00ns)   --->   "%layer8_out_28_val_read = read i12 @_ssdm_op_Read.ap_auto.i12, i12 %layer8_out_28_val" [firmware/nnet_utils/nnet_activation.h:42->firmware/myproject.cpp:60]   --->   Operation 4 'read' 'layer8_out_28_val_read' <Predicate = true> <Delay = 0.00>
ST_1 : Operation 5 [1/1] (0.00ns)   --->   "%layer8_out_24_val_read = read i12 @_ssdm_op_Read.ap_auto.i12, i12 %layer8_out_24_val" [firmware/nnet_utils/nnet_activation.h:42->firmware/myproject.cpp:60]   --->   Operation 5 'read' 'layer8_out_24_val_read' <Predicate = true> <Delay = 0.00>
ST_1 : Operation 6 [1/1] (0.00ns)   --->   "%layer8_out_21_val_read = read i12 @_ssdm_op_Read.ap_auto.i12, i12 %layer8_out_21_val" [firmware/nnet_utils/nnet_activation.h:42->firmware/myproject.cpp:60]   --->   Operation 6 'read' 'layer8_out_21_val_read' <Predicate = true> <Delay = 0.00>
ST_1 : Operation 7 [1/1] (0.00ns)   --->   "%layer8_out_18_val_read = read i12 @_ssdm_op_Read.ap_auto.i12, i12 %layer8_out_18_val" [firmware/nnet_utils/nnet_activation.h:42->firmware/myproject.cpp:60]   --->   Operation 7 'read' 'layer8_out_18_val_read' <Predicate = true> <Delay = 0.00>
ST_1 : Operation 8 [1/1] (0.00ns)   --->   "%layer8_out_15_val_read = read i12 @_ssdm_op_Read.ap_auto.i12, i12 %layer8_out_15_val" [firmware/nnet_utils/nnet_activation.h:42->firmware/myproject.cpp:60]   --->   Operation 8 'read' 'layer8_out_15_val_read' <Predicate = true> <Delay = 0.00>
ST_1 : Operation 9 [1/1] (0.00ns)   --->   "%layer8_out_12_val_read = read i12 @_ssdm_op_Read.ap_auto.i12, i12 %layer8_out_12_val" [firmware/nnet_utils/nnet_activation.h:42->firmware/myproject.cpp:60]   --->   Operation 9 'read' 'layer8_out_12_val_read' <Predicate = true> <Delay = 0.00>
ST_1 : Operation 10 [1/1] (0.00ns)   --->   "%layer8_out_8_val_read = read i12 @_ssdm_op_Read.ap_auto.i12, i12 %layer8_out_8_val" [firmware/nnet_utils/nnet_activation.h:42->firmware/myproject.cpp:60]   --->   Operation 10 'read' 'layer8_out_8_val_read' <Predicate = true> <Delay = 0.00>
ST_1 : Operation 11 [1/1] (0.00ns)   --->   "%layer8_out_4_val_read = read i12 @_ssdm_op_Read.ap_auto.i12, i12 %layer8_out_4_val" [firmware/nnet_utils/nnet_activation.h:42->firmware/myproject.cpp:60]   --->   Operation 11 'read' 'layer8_out_4_val_read' <Predicate = true> <Delay = 0.00>
ST_1 : Operation 12 [1/1] (0.00ns)   --->   "%layer8_out_3_val_read = read i12 @_ssdm_op_Read.ap_auto.i12, i12 %layer8_out_3_val" [firmware/nnet_utils/nnet_activation.h:42->firmware/myproject.cpp:60]   --->   Operation 12 'read' 'layer8_out_3_val_read' <Predicate = true> <Delay = 0.00>
ST_1 : Operation 13 [1/1] (0.00ns)   --->   "%layer8_out_2_val_read = read i12 @_ssdm_op_Read.ap_auto.i12, i12 %layer8_out_2_val" [firmware/nnet_utils/nnet_activation.h:42->firmware/myproject.cpp:60]   --->   Operation 13 'read' 'layer8_out_2_val_read' <Predicate = true> <Delay = 0.00>
ST_1 : Operation 14 [1/1] (0.00ns)   --->   "%layer8_out_1_val_read = read i12 @_ssdm_op_Read.ap_auto.i12, i12 %layer8_out_1_val" [firmware/nnet_utils/nnet_activation.h:42->firmware/myproject.cpp:60]   --->   Operation 14 'read' 'layer8_out_1_val_read' <Predicate = true> <Delay = 0.00>
ST_1 : Operation 15 [1/1] (0.00ns)   --->   "%layer8_out_0_val_read = read i12 @_ssdm_op_Read.ap_auto.i12, i12 %layer8_out_0_val" [firmware/nnet_utils/nnet_activation.h:42->firmware/myproject.cpp:60]   --->   Operation 15 'read' 'layer8_out_0_val_read' <Predicate = true> <Delay = 0.00>
ST_1 : Operation 16 [1/1] (1.54ns)   --->   "%icmp_ln45 = icmp_sgt  i12 %layer8_out_0_val_read, i12 0" [firmware/nnet_utils/nnet_activation.h:45->firmware/myproject.cpp:60]   --->   Operation 16 'icmp' 'icmp_ln45' <Predicate = true> <Delay = 1.54> <CoreInst = "Cmp">   --->   Core 9 'Cmp' <Latency = 0> <II = 1> <Delay = 1.54> <FuncUnit> <Opcode : 'seteq' 'setne' 'setle' 'setge' 'setlt' 'setgt'> <InPorts = 2> <OutPorts = 1>
ST_1 : Operation 17 [1/1] (0.00ns)   --->   "%trunc_ln46 = trunc i12 %layer8_out_0_val_read" [firmware/nnet_utils/nnet_activation.h:46->firmware/myproject.cpp:60]   --->   Operation 17 'trunc' 'trunc_ln46' <Predicate = (icmp_ln45)> <Delay = 0.00>
ST_1 : Operation 18 [1/1] (0.96ns)   --->   "%select_ln45 = select i1 %icmp_ln45, i9 %trunc_ln46, i9 0" [firmware/nnet_utils/nnet_activation.h:45->firmware/myproject.cpp:60]   --->   Operation 18 'select' 'select_ln45' <Predicate = true> <Delay = 0.96> <CoreInst = "Sel">   --->   Core 73 'Sel' <Latency = 0> <II = 1> <Delay = 0.96> <FuncUnit> <Opcode : 'select'> <InPorts = 3> <OutPorts = 1>
ST_1 : Operation 19 [1/1] (1.54ns)   --->   "%icmp_ln45_29 = icmp_sgt  i12 %layer8_out_1_val_read, i12 0" [firmware/nnet_utils/nnet_activation.h:45->firmware/myproject.cpp:60]   --->   Operation 19 'icmp' 'icmp_ln45_29' <Predicate = true> <Delay = 1.54> <CoreInst = "Cmp">   --->   Core 9 'Cmp' <Latency = 0> <II = 1> <Delay = 1.54> <FuncUnit> <Opcode : 'seteq' 'setne' 'setle' 'setge' 'setlt' 'setgt'> <InPorts = 2> <OutPorts = 1>
ST_1 : Operation 20 [1/1] (0.00ns)   --->   "%trunc_ln46_29 = trunc i12 %layer8_out_1_val_read" [firmware/nnet_utils/nnet_activation.h:46->firmware/myproject.cpp:60]   --->   Operation 20 'trunc' 'trunc_ln46_29' <Predicate = (icmp_ln45_29)> <Delay = 0.00>
ST_1 : Operation 21 [1/1] (0.96ns)   --->   "%select_ln45_29 = select i1 %icmp_ln45_29, i9 %trunc_ln46_29, i9 0" [firmware/nnet_utils/nnet_activation.h:45->firmware/myproject.cpp:60]   --->   Operation 21 'select' 'select_ln45_29' <Predicate = true> <Delay = 0.96> <CoreInst = "Sel">   --->   Core 73 'Sel' <Latency = 0> <II = 1> <Delay = 0.96> <FuncUnit> <Opcode : 'select'> <InPorts = 3> <OutPorts = 1>
ST_1 : Operation 22 [1/1] (1.54ns)   --->   "%icmp_ln45_30 = icmp_sgt  i12 %layer8_out_2_val_read, i12 0" [firmware/nnet_utils/nnet_activation.h:45->firmware/myproject.cpp:60]   --->   Operation 22 'icmp' 'icmp_ln45_30' <Predicate = true> <Delay = 1.54> <CoreInst = "Cmp">   --->   Core 9 'Cmp' <Latency = 0> <II = 1> <Delay = 1.54> <FuncUnit> <Opcode : 'seteq' 'setne' 'setle' 'setge' 'setlt' 'setgt'> <InPorts = 2> <OutPorts = 1>
ST_1 : Operation 23 [1/1] (0.00ns)   --->   "%trunc_ln46_30 = trunc i12 %layer8_out_2_val_read" [firmware/nnet_utils/nnet_activation.h:46->firmware/myproject.cpp:60]   --->   Operation 23 'trunc' 'trunc_ln46_30' <Predicate = (icmp_ln45_30)> <Delay = 0.00>
ST_1 : Operation 24 [1/1] (0.96ns)   --->   "%select_ln45_30 = select i1 %icmp_ln45_30, i9 %trunc_ln46_30, i9 0" [firmware/nnet_utils/nnet_activation.h:45->firmware/myproject.cpp:60]   --->   Operation 24 'select' 'select_ln45_30' <Predicate = true> <Delay = 0.96> <CoreInst = "Sel">   --->   Core 73 'Sel' <Latency = 0> <II = 1> <Delay = 0.96> <FuncUnit> <Opcode : 'select'> <InPorts = 3> <OutPorts = 1>
ST_1 : Operation 25 [1/1] (1.54ns)   --->   "%icmp_ln45_31 = icmp_sgt  i12 %layer8_out_3_val_read, i12 0" [firmware/nnet_utils/nnet_activation.h:45->firmware/myproject.cpp:60]   --->   Operation 25 'icmp' 'icmp_ln45_31' <Predicate = true> <Delay = 1.54> <CoreInst = "Cmp">   --->   Core 9 'Cmp' <Latency = 0> <II = 1> <Delay = 1.54> <FuncUnit> <Opcode : 'seteq' 'setne' 'setle' 'setge' 'setlt' 'setgt'> <InPorts = 2> <OutPorts = 1>
ST_1 : Operation 26 [1/1] (0.00ns)   --->   "%trunc_ln46_31 = trunc i12 %layer8_out_3_val_read" [firmware/nnet_utils/nnet_activation.h:46->firmware/myproject.cpp:60]   --->   Operation 26 'trunc' 'trunc_ln46_31' <Predicate = (icmp_ln45_31)> <Delay = 0.00>
ST_1 : Operation 27 [1/1] (0.96ns)   --->   "%select_ln45_31 = select i1 %icmp_ln45_31, i9 %trunc_ln46_31, i9 0" [firmware/nnet_utils/nnet_activation.h:45->firmware/myproject.cpp:60]   --->   Operation 27 'select' 'select_ln45_31' <Predicate = true> <Delay = 0.96> <CoreInst = "Sel">   --->   Core 73 'Sel' <Latency = 0> <II = 1> <Delay = 0.96> <FuncUnit> <Opcode : 'select'> <InPorts = 3> <OutPorts = 1>
ST_1 : Operation 28 [1/1] (1.54ns)   --->   "%icmp_ln45_32 = icmp_sgt  i12 %layer8_out_4_val_read, i12 0" [firmware/nnet_utils/nnet_activation.h:45->firmware/myproject.cpp:60]   --->   Operation 28 'icmp' 'icmp_ln45_32' <Predicate = true> <Delay = 1.54> <CoreInst = "Cmp">   --->   Core 9 'Cmp' <Latency = 0> <II = 1> <Delay = 1.54> <FuncUnit> <Opcode : 'seteq' 'setne' 'setle' 'setge' 'setlt' 'setgt'> <InPorts = 2> <OutPorts = 1>
ST_1 : Operation 29 [1/1] (0.00ns)   --->   "%trunc_ln46_32 = trunc i12 %layer8_out_4_val_read" [firmware/nnet_utils/nnet_activation.h:46->firmware/myproject.cpp:60]   --->   Operation 29 'trunc' 'trunc_ln46_32' <Predicate = (icmp_ln45_32)> <Delay = 0.00>
ST_1 : Operation 30 [1/1] (0.96ns)   --->   "%select_ln45_32 = select i1 %icmp_ln45_32, i9 %trunc_ln46_32, i9 0" [firmware/nnet_utils/nnet_activation.h:45->firmware/myproject.cpp:60]   --->   Operation 30 'select' 'select_ln45_32' <Predicate = true> <Delay = 0.96> <CoreInst = "Sel">   --->   Core 73 'Sel' <Latency = 0> <II = 1> <Delay = 0.96> <FuncUnit> <Opcode : 'select'> <InPorts = 3> <OutPorts = 1>
ST_1 : Operation 31 [1/1] (1.54ns)   --->   "%icmp_ln45_33 = icmp_sgt  i12 %layer8_out_8_val_read, i12 0" [firmware/nnet_utils/nnet_activation.h:45->firmware/myproject.cpp:60]   --->   Operation 31 'icmp' 'icmp_ln45_33' <Predicate = true> <Delay = 1.54> <CoreInst = "Cmp">   --->   Core 9 'Cmp' <Latency = 0> <II = 1> <Delay = 1.54> <FuncUnit> <Opcode : 'seteq' 'setne' 'setle' 'setge' 'setlt' 'setgt'> <InPorts = 2> <OutPorts = 1>
ST_1 : Operation 32 [1/1] (0.00ns)   --->   "%trunc_ln46_33 = trunc i12 %layer8_out_8_val_read" [firmware/nnet_utils/nnet_activation.h:46->firmware/myproject.cpp:60]   --->   Operation 32 'trunc' 'trunc_ln46_33' <Predicate = (icmp_ln45_33)> <Delay = 0.00>
ST_1 : Operation 33 [1/1] (0.96ns)   --->   "%select_ln45_33 = select i1 %icmp_ln45_33, i9 %trunc_ln46_33, i9 0" [firmware/nnet_utils/nnet_activation.h:45->firmware/myproject.cpp:60]   --->   Operation 33 'select' 'select_ln45_33' <Predicate = true> <Delay = 0.96> <CoreInst = "Sel">   --->   Core 73 'Sel' <Latency = 0> <II = 1> <Delay = 0.96> <FuncUnit> <Opcode : 'select'> <InPorts = 3> <OutPorts = 1>
ST_1 : Operation 34 [1/1] (1.54ns)   --->   "%icmp_ln45_34 = icmp_sgt  i12 %layer8_out_12_val_read, i12 0" [firmware/nnet_utils/nnet_activation.h:45->firmware/myproject.cpp:60]   --->   Operation 34 'icmp' 'icmp_ln45_34' <Predicate = true> <Delay = 1.54> <CoreInst = "Cmp">   --->   Core 9 'Cmp' <Latency = 0> <II = 1> <Delay = 1.54> <FuncUnit> <Opcode : 'seteq' 'setne' 'setle' 'setge' 'setlt' 'setgt'> <InPorts = 2> <OutPorts = 1>
ST_1 : Operation 35 [1/1] (0.00ns)   --->   "%trunc_ln46_34 = trunc i12 %layer8_out_12_val_read" [firmware/nnet_utils/nnet_activation.h:46->firmware/myproject.cpp:60]   --->   Operation 35 'trunc' 'trunc_ln46_34' <Predicate = (icmp_ln45_34)> <Delay = 0.00>
ST_1 : Operation 36 [1/1] (0.96ns)   --->   "%select_ln45_34 = select i1 %icmp_ln45_34, i9 %trunc_ln46_34, i9 0" [firmware/nnet_utils/nnet_activation.h:45->firmware/myproject.cpp:60]   --->   Operation 36 'select' 'select_ln45_34' <Predicate = true> <Delay = 0.96> <CoreInst = "Sel">   --->   Core 73 'Sel' <Latency = 0> <II = 1> <Delay = 0.96> <FuncUnit> <Opcode : 'select'> <InPorts = 3> <OutPorts = 1>
ST_1 : Operation 37 [1/1] (1.54ns)   --->   "%icmp_ln45_35 = icmp_sgt  i12 %layer8_out_15_val_read, i12 0" [firmware/nnet_utils/nnet_activation.h:45->firmware/myproject.cpp:60]   --->   Operation 37 'icmp' 'icmp_ln45_35' <Predicate = true> <Delay = 1.54> <CoreInst = "Cmp">   --->   Core 9 'Cmp' <Latency = 0> <II = 1> <Delay = 1.54> <FuncUnit> <Opcode : 'seteq' 'setne' 'setle' 'setge' 'setlt' 'setgt'> <InPorts = 2> <OutPorts = 1>
ST_1 : Operation 38 [1/1] (0.00ns)   --->   "%trunc_ln46_35 = trunc i12 %layer8_out_15_val_read" [firmware/nnet_utils/nnet_activation.h:46->firmware/myproject.cpp:60]   --->   Operation 38 'trunc' 'trunc_ln46_35' <Predicate = (icmp_ln45_35)> <Delay = 0.00>
ST_1 : Operation 39 [1/1] (0.96ns)   --->   "%select_ln45_35 = select i1 %icmp_ln45_35, i9 %trunc_ln46_35, i9 0" [firmware/nnet_utils/nnet_activation.h:45->firmware/myproject.cpp:60]   --->   Operation 39 'select' 'select_ln45_35' <Predicate = true> <Delay = 0.96> <CoreInst = "Sel">   --->   Core 73 'Sel' <Latency = 0> <II = 1> <Delay = 0.96> <FuncUnit> <Opcode : 'select'> <InPorts = 3> <OutPorts = 1>
ST_1 : Operation 40 [1/1] (1.54ns)   --->   "%icmp_ln45_36 = icmp_sgt  i12 %layer8_out_18_val_read, i12 0" [firmware/nnet_utils/nnet_activation.h:45->firmware/myproject.cpp:60]   --->   Operation 40 'icmp' 'icmp_ln45_36' <Predicate = true> <Delay = 1.54> <CoreInst = "Cmp">   --->   Core 9 'Cmp' <Latency = 0> <II = 1> <Delay = 1.54> <FuncUnit> <Opcode : 'seteq' 'setne' 'setle' 'setge' 'setlt' 'setgt'> <InPorts = 2> <OutPorts = 1>
ST_1 : Operation 41 [1/1] (0.00ns)   --->   "%trunc_ln46_36 = trunc i12 %layer8_out_18_val_read" [firmware/nnet_utils/nnet_activation.h:46->firmware/myproject.cpp:60]   --->   Operation 41 'trunc' 'trunc_ln46_36' <Predicate = (icmp_ln45_36)> <Delay = 0.00>
ST_1 : Operation 42 [1/1] (0.96ns)   --->   "%select_ln45_36 = select i1 %icmp_ln45_36, i9 %trunc_ln46_36, i9 0" [firmware/nnet_utils/nnet_activation.h:45->firmware/myproject.cpp:60]   --->   Operation 42 'select' 'select_ln45_36' <Predicate = true> <Delay = 0.96> <CoreInst = "Sel">   --->   Core 73 'Sel' <Latency = 0> <II = 1> <Delay = 0.96> <FuncUnit> <Opcode : 'select'> <InPorts = 3> <OutPorts = 1>
ST_1 : Operation 43 [1/1] (1.54ns)   --->   "%icmp_ln45_37 = icmp_sgt  i12 %layer8_out_21_val_read, i12 0" [firmware/nnet_utils/nnet_activation.h:45->firmware/myproject.cpp:60]   --->   Operation 43 'icmp' 'icmp_ln45_37' <Predicate = true> <Delay = 1.54> <CoreInst = "Cmp">   --->   Core 9 'Cmp' <Latency = 0> <II = 1> <Delay = 1.54> <FuncUnit> <Opcode : 'seteq' 'setne' 'setle' 'setge' 'setlt' 'setgt'> <InPorts = 2> <OutPorts = 1>
ST_1 : Operation 44 [1/1] (0.00ns)   --->   "%trunc_ln46_37 = trunc i12 %layer8_out_21_val_read" [firmware/nnet_utils/nnet_activation.h:46->firmware/myproject.cpp:60]   --->   Operation 44 'trunc' 'trunc_ln46_37' <Predicate = (icmp_ln45_37)> <Delay = 0.00>
ST_1 : Operation 45 [1/1] (0.96ns)   --->   "%select_ln45_37 = select i1 %icmp_ln45_37, i9 %trunc_ln46_37, i9 0" [firmware/nnet_utils/nnet_activation.h:45->firmware/myproject.cpp:60]   --->   Operation 45 'select' 'select_ln45_37' <Predicate = true> <Delay = 0.96> <CoreInst = "Sel">   --->   Core 73 'Sel' <Latency = 0> <II = 1> <Delay = 0.96> <FuncUnit> <Opcode : 'select'> <InPorts = 3> <OutPorts = 1>
ST_1 : Operation 46 [1/1] (1.54ns)   --->   "%icmp_ln45_38 = icmp_sgt  i12 %layer8_out_24_val_read, i12 0" [firmware/nnet_utils/nnet_activation.h:45->firmware/myproject.cpp:60]   --->   Operation 46 'icmp' 'icmp_ln45_38' <Predicate = true> <Delay = 1.54> <CoreInst = "Cmp">   --->   Core 9 'Cmp' <Latency = 0> <II = 1> <Delay = 1.54> <FuncUnit> <Opcode : 'seteq' 'setne' 'setle' 'setge' 'setlt' 'setgt'> <InPorts = 2> <OutPorts = 1>
ST_1 : Operation 47 [1/1] (0.00ns)   --->   "%trunc_ln46_38 = trunc i12 %layer8_out_24_val_read" [firmware/nnet_utils/nnet_activation.h:46->firmware/myproject.cpp:60]   --->   Operation 47 'trunc' 'trunc_ln46_38' <Predicate = (icmp_ln45_38)> <Delay = 0.00>
ST_1 : Operation 48 [1/1] (0.96ns)   --->   "%select_ln45_38 = select i1 %icmp_ln45_38, i9 %trunc_ln46_38, i9 0" [firmware/nnet_utils/nnet_activation.h:45->firmware/myproject.cpp:60]   --->   Operation 48 'select' 'select_ln45_38' <Predicate = true> <Delay = 0.96> <CoreInst = "Sel">   --->   Core 73 'Sel' <Latency = 0> <II = 1> <Delay = 0.96> <FuncUnit> <Opcode : 'select'> <InPorts = 3> <OutPorts = 1>
ST_1 : Operation 49 [1/1] (1.54ns)   --->   "%icmp_ln45_39 = icmp_sgt  i12 %layer8_out_28_val_read, i12 0" [firmware/nnet_utils/nnet_activation.h:45->firmware/myproject.cpp:60]   --->   Operation 49 'icmp' 'icmp_ln45_39' <Predicate = true> <Delay = 1.54> <CoreInst = "Cmp">   --->   Core 9 'Cmp' <Latency = 0> <II = 1> <Delay = 1.54> <FuncUnit> <Opcode : 'seteq' 'setne' 'setle' 'setge' 'setlt' 'setgt'> <InPorts = 2> <OutPorts = 1>
ST_1 : Operation 50 [1/1] (0.00ns)   --->   "%trunc_ln46_39 = trunc i12 %layer8_out_28_val_read" [firmware/nnet_utils/nnet_activation.h:46->firmware/myproject.cpp:60]   --->   Operation 50 'trunc' 'trunc_ln46_39' <Predicate = (icmp_ln45_39)> <Delay = 0.00>
ST_1 : Operation 51 [1/1] (0.96ns)   --->   "%select_ln45_39 = select i1 %icmp_ln45_39, i9 %trunc_ln46_39, i9 0" [firmware/nnet_utils/nnet_activation.h:45->firmware/myproject.cpp:60]   --->   Operation 51 'select' 'select_ln45_39' <Predicate = true> <Delay = 0.96> <CoreInst = "Sel">   --->   Core 73 'Sel' <Latency = 0> <II = 1> <Delay = 0.96> <FuncUnit> <Opcode : 'select'> <InPorts = 3> <OutPorts = 1>
ST_1 : Operation 52 [1/1] (1.54ns)   --->   "%icmp_ln45_40 = icmp_sgt  i12 %layer8_out_31_val_read, i12 0" [firmware/nnet_utils/nnet_activation.h:45->firmware/myproject.cpp:60]   --->   Operation 52 'icmp' 'icmp_ln45_40' <Predicate = true> <Delay = 1.54> <CoreInst = "Cmp">   --->   Core 9 'Cmp' <Latency = 0> <II = 1> <Delay = 1.54> <FuncUnit> <Opcode : 'seteq' 'setne' 'setle' 'setge' 'setlt' 'setgt'> <InPorts = 2> <OutPorts = 1>
ST_1 : Operation 53 [1/1] (0.00ns)   --->   "%trunc_ln46_40 = trunc i12 %layer8_out_31_val_read" [firmware/nnet_utils/nnet_activation.h:46->firmware/myproject.cpp:60]   --->   Operation 53 'trunc' 'trunc_ln46_40' <Predicate = (icmp_ln45_40)> <Delay = 0.00>
ST_1 : Operation 54 [1/1] (0.96ns)   --->   "%select_ln45_40 = select i1 %icmp_ln45_40, i9 %trunc_ln46_40, i9 0" [firmware/nnet_utils/nnet_activation.h:45->firmware/myproject.cpp:60]   --->   Operation 54 'select' 'select_ln45_40' <Predicate = true> <Delay = 0.96> <CoreInst = "Sel">   --->   Core 73 'Sel' <Latency = 0> <II = 1> <Delay = 0.96> <FuncUnit> <Opcode : 'select'> <InPorts = 3> <OutPorts = 1>
ST_1 : Operation 55 [1/1] (0.00ns)   --->   "%mrv = insertvalue i117 <undef>, i9 %select_ln45" [firmware/nnet_utils/nnet_activation.h:45->firmware/myproject.cpp:60]   --->   Operation 55 'insertvalue' 'mrv' <Predicate = true> <Delay = 0.00>
ST_1 : Operation 56 [1/1] (0.00ns)   --->   "%mrv_1 = insertvalue i117 %mrv, i9 %select_ln45_29" [firmware/nnet_utils/nnet_activation.h:45->firmware/myproject.cpp:60]   --->   Operation 56 'insertvalue' 'mrv_1' <Predicate = true> <Delay = 0.00>
ST_1 : Operation 57 [1/1] (0.00ns)   --->   "%mrv_2 = insertvalue i117 %mrv_1, i9 %select_ln45_30" [firmware/nnet_utils/nnet_activation.h:45->firmware/myproject.cpp:60]   --->   Operation 57 'insertvalue' 'mrv_2' <Predicate = true> <Delay = 0.00>
ST_1 : Operation 58 [1/1] (0.00ns)   --->   "%mrv_3 = insertvalue i117 %mrv_2, i9 %select_ln45_31" [firmware/nnet_utils/nnet_activation.h:45->firmware/myproject.cpp:60]   --->   Operation 58 'insertvalue' 'mrv_3' <Predicate = true> <Delay = 0.00>
ST_1 : Operation 59 [1/1] (0.00ns)   --->   "%mrv_4 = insertvalue i117 %mrv_3, i9 %select_ln45_32" [firmware/nnet_utils/nnet_activation.h:45->firmware/myproject.cpp:60]   --->   Operation 59 'insertvalue' 'mrv_4' <Predicate = true> <Delay = 0.00>
ST_1 : Operation 60 [1/1] (0.00ns)   --->   "%mrv_5 = insertvalue i117 %mrv_4, i9 %select_ln45_33" [firmware/nnet_utils/nnet_activation.h:45->firmware/myproject.cpp:60]   --->   Operation 60 'insertvalue' 'mrv_5' <Predicate = true> <Delay = 0.00>
ST_1 : Operation 61 [1/1] (0.00ns)   --->   "%mrv_6 = insertvalue i117 %mrv_5, i9 %select_ln45_34" [firmware/nnet_utils/nnet_activation.h:45->firmware/myproject.cpp:60]   --->   Operation 61 'insertvalue' 'mrv_6' <Predicate = true> <Delay = 0.00>
ST_1 : Operation 62 [1/1] (0.00ns)   --->   "%mrv_7 = insertvalue i117 %mrv_6, i9 %select_ln45_35" [firmware/nnet_utils/nnet_activation.h:45->firmware/myproject.cpp:60]   --->   Operation 62 'insertvalue' 'mrv_7' <Predicate = true> <Delay = 0.00>
ST_1 : Operation 63 [1/1] (0.00ns)   --->   "%mrv_8 = insertvalue i117 %mrv_7, i9 %select_ln45_36" [firmware/nnet_utils/nnet_activation.h:45->firmware/myproject.cpp:60]   --->   Operation 63 'insertvalue' 'mrv_8' <Predicate = true> <Delay = 0.00>
ST_1 : Operation 64 [1/1] (0.00ns)   --->   "%mrv_9 = insertvalue i117 %mrv_8, i9 %select_ln45_37" [firmware/nnet_utils/nnet_activation.h:45->firmware/myproject.cpp:60]   --->   Operation 64 'insertvalue' 'mrv_9' <Predicate = true> <Delay = 0.00>
ST_1 : Operation 65 [1/1] (0.00ns)   --->   "%mrv_10 = insertvalue i117 %mrv_9, i9 %select_ln45_38" [firmware/nnet_utils/nnet_activation.h:45->firmware/myproject.cpp:60]   --->   Operation 65 'insertvalue' 'mrv_10' <Predicate = true> <Delay = 0.00>
ST_1 : Operation 66 [1/1] (0.00ns)   --->   "%mrv_11 = insertvalue i117 %mrv_10, i9 %select_ln45_39" [firmware/nnet_utils/nnet_activation.h:45->firmware/myproject.cpp:60]   --->   Operation 66 'insertvalue' 'mrv_11' <Predicate = true> <Delay = 0.00>
ST_1 : Operation 67 [1/1] (0.00ns)   --->   "%mrv_12 = insertvalue i117 %mrv_11, i9 %select_ln45_40" [firmware/nnet_utils/nnet_activation.h:45->firmware/myproject.cpp:60]   --->   Operation 67 'insertvalue' 'mrv_12' <Predicate = true> <Delay = 0.00>
ST_1 : Operation 68 [1/1] (0.00ns)   --->   "%ret_ln45 = ret i117 %mrv_12" [firmware/nnet_utils/nnet_activation.h:45->firmware/myproject.cpp:60]   --->   Operation 68 'ret' 'ret_ln45' <Predicate = true> <Delay = 0.00>


============================================================
+ Verbose Summary: Binding
============================================================
STG Binding: 
---------------- STG Properties BEGIN ----------------
- Is combinational: 1
- Is one-state seq: 0
- Is datapath-only: 0
- Is pipelined: 1
- Is top level: 0
Port [ Return ] is wired: 1; IO mode=ap_ctrl_hs:ce=0
Port [ layer8_out_0_val]:  wired=1; compound=0; hidden=0; nouse=0; global=0; static=0; extern=0; dir=0; type=0; pingpong=0; private_global=0; IO mode=ap_none:ce=0
Port [ layer8_out_1_val]:  wired=1; compound=0; hidden=0; nouse=0; global=0; static=0; extern=0; dir=0; type=0; pingpong=0; private_global=0; IO mode=ap_none:ce=0
Port [ layer8_out_2_val]:  wired=1; compound=0; hidden=0; nouse=0; global=0; static=0; extern=0; dir=0; type=0; pingpong=0; private_global=0; IO mode=ap_none:ce=0
Port [ layer8_out_3_val]:  wired=1; compound=0; hidden=0; nouse=0; global=0; static=0; extern=0; dir=0; type=0; pingpong=0; private_global=0; IO mode=ap_none:ce=0
Port [ layer8_out_4_val]:  wired=1; compound=0; hidden=0; nouse=0; global=0; static=0; extern=0; dir=0; type=0; pingpong=0; private_global=0; IO mode=ap_none:ce=0
Port [ layer8_out_8_val]:  wired=1; compound=0; hidden=0; nouse=0; global=0; static=0; extern=0; dir=0; type=0; pingpong=0; private_global=0; IO mode=ap_none:ce=0
Port [ layer8_out_12_val]:  wired=1; compound=0; hidden=0; nouse=0; global=0; static=0; extern=0; dir=0; type=0; pingpong=0; private_global=0; IO mode=ap_none:ce=0
Port [ layer8_out_15_val]:  wired=1; compound=0; hidden=0; nouse=0; global=0; static=0; extern=0; dir=0; type=0; pingpong=0; private_global=0; IO mode=ap_none:ce=0
Port [ layer8_out_18_val]:  wired=1; compound=0; hidden=0; nouse=0; global=0; static=0; extern=0; dir=0; type=0; pingpong=0; private_global=0; IO mode=ap_none:ce=0
Port [ layer8_out_21_val]:  wired=1; compound=0; hidden=0; nouse=0; global=0; static=0; extern=0; dir=0; type=0; pingpong=0; private_global=0; IO mode=ap_none:ce=0
Port [ layer8_out_24_val]:  wired=1; compound=0; hidden=0; nouse=0; global=0; static=0; extern=0; dir=0; type=0; pingpong=0; private_global=0; IO mode=ap_none:ce=0
Port [ layer8_out_28_val]:  wired=1; compound=0; hidden=0; nouse=0; global=0; static=0; extern=0; dir=0; type=0; pingpong=0; private_global=0; IO mode=ap_none:ce=0
Port [ layer8_out_31_val]:  wired=1; compound=0; hidden=0; nouse=0; global=0; static=0; extern=0; dir=0; type=0; pingpong=0; private_global=0; IO mode=ap_none:ce=0
---------------- STG Properties END ------------------

---------------- Datapath Model BEGIN ----------------

<LifeTime>
<method=bitvector/>
specpipeline_ln39      (specpipeline) [ 00]
layer8_out_31_val_read (read        ) [ 00]
layer8_out_28_val_read (read        ) [ 00]
layer8_out_24_val_read (read        ) [ 00]
layer8_out_21_val_read (read        ) [ 00]
layer8_out_18_val_read (read        ) [ 00]
layer8_out_15_val_read (read        ) [ 00]
layer8_out_12_val_read (read        ) [ 00]
layer8_out_8_val_read  (read        ) [ 00]
layer8_out_4_val_read  (read        ) [ 00]
layer8_out_3_val_read  (read        ) [ 00]
layer8_out_2_val_read  (read        ) [ 00]
layer8_out_1_val_read  (read        ) [ 00]
layer8_out_0_val_read  (read        ) [ 00]
icmp_ln45              (icmp        ) [ 01]
trunc_ln46             (trunc       ) [ 00]
select_ln45            (select      ) [ 00]
icmp_ln45_29           (icmp        ) [ 01]
trunc_ln46_29          (trunc       ) [ 00]
select_ln45_29         (select      ) [ 00]
icmp_ln45_30           (icmp        ) [ 01]
trunc_ln46_30          (trunc       ) [ 00]
select_ln45_30         (select      ) [ 00]
icmp_ln45_31           (icmp        ) [ 01]
trunc_ln46_31          (trunc       ) [ 00]
select_ln45_31         (select      ) [ 00]
icmp_ln45_32           (icmp        ) [ 01]
trunc_ln46_32          (trunc       ) [ 00]
select_ln45_32         (select      ) [ 00]
icmp_ln45_33           (icmp        ) [ 01]
trunc_ln46_33          (trunc       ) [ 00]
select_ln45_33         (select      ) [ 00]
icmp_ln45_34           (icmp        ) [ 01]
trunc_ln46_34          (trunc       ) [ 00]
select_ln45_34         (select      ) [ 00]
icmp_ln45_35           (icmp        ) [ 01]
trunc_ln46_35          (trunc       ) [ 00]
select_ln45_35         (select      ) [ 00]
icmp_ln45_36           (icmp        ) [ 01]
trunc_ln46_36          (trunc       ) [ 00]
select_ln45_36         (select      ) [ 00]
icmp_ln45_37           (icmp        ) [ 01]
trunc_ln46_37          (trunc       ) [ 00]
select_ln45_37         (select      ) [ 00]
icmp_ln45_38           (icmp        ) [ 01]
trunc_ln46_38          (trunc       ) [ 00]
select_ln45_38         (select      ) [ 00]
icmp_ln45_39           (icmp        ) [ 01]
trunc_ln46_39          (trunc       ) [ 00]
select_ln45_39         (select      ) [ 00]
icmp_ln45_40           (icmp        ) [ 01]
trunc_ln46_40          (trunc       ) [ 00]
select_ln45_40         (select      ) [ 00]
mrv                    (insertvalue ) [ 00]
mrv_1                  (insertvalue ) [ 00]
mrv_2                  (insertvalue ) [ 00]
mrv_3                  (insertvalue ) [ 00]
mrv_4                  (insertvalue ) [ 00]
mrv_5                  (insertvalue ) [ 00]
mrv_6                  (insertvalue ) [ 00]
mrv_7                  (insertvalue ) [ 00]
mrv_8                  (insertvalue ) [ 00]
mrv_9                  (insertvalue ) [ 00]
mrv_10                 (insertvalue ) [ 00]
mrv_11                 (insertvalue ) [ 00]
mrv_12                 (insertvalue ) [ 00]
ret_ln45               (ret         ) [ 00]
</LifeTime>

<model>

<comp_list>
<comp id="0" class="1000" name="layer8_out_0_val">
<pin_list>
<pin id="1" dir="1" index="0" bw="1" slack="0"/>
</pin_list>
<bind>
<StgValue><ssdm name="layer8_out_0_val"/></StgValue>
</bind>
</comp>

<comp id="2" class="1000" name="layer8_out_1_val">
<pin_list>
<pin id="3" dir="1" index="0" bw="1" slack="0"/>
</pin_list>
<bind>
<StgValue><ssdm name="layer8_out_1_val"/></StgValue>
</bind>
</comp>

<comp id="4" class="1000" name="layer8_out_2_val">
<pin_list>
<pin id="5" dir="1" index="0" bw="1" slack="0"/>
</pin_list>
<bind>
<StgValue><ssdm name="layer8_out_2_val"/></StgValue>
</bind>
</comp>

<comp id="6" class="1000" name="layer8_out_3_val">
<pin_list>
<pin id="7" dir="1" index="0" bw="1" slack="0"/>
</pin_list>
<bind>
<StgValue><ssdm name="layer8_out_3_val"/></StgValue>
</bind>
</comp>

<comp id="8" class="1000" name="layer8_out_4_val">
<pin_list>
<pin id="9" dir="1" index="0" bw="1" slack="0"/>
</pin_list>
<bind>
<StgValue><ssdm name="layer8_out_4_val"/></StgValue>
</bind>
</comp>

<comp id="10" class="1000" name="layer8_out_8_val">
<pin_list>
<pin id="11" dir="1" index="0" bw="1" slack="0"/>
</pin_list>
<bind>
<StgValue><ssdm name="layer8_out_8_val"/></StgValue>
</bind>
</comp>

<comp id="12" class="1000" name="layer8_out_12_val">
<pin_list>
<pin id="13" dir="1" index="0" bw="1" slack="0"/>
</pin_list>
<bind>
<StgValue><ssdm name="layer8_out_12_val"/></StgValue>
</bind>
</comp>

<comp id="14" class="1000" name="layer8_out_15_val">
<pin_list>
<pin id="15" dir="1" index="0" bw="1" slack="0"/>
</pin_list>
<bind>
<StgValue><ssdm name="layer8_out_15_val"/></StgValue>
</bind>
</comp>

<comp id="16" class="1000" name="layer8_out_18_val">
<pin_list>
<pin id="17" dir="1" index="0" bw="1" slack="0"/>
</pin_list>
<bind>
<StgValue><ssdm name="layer8_out_18_val"/></StgValue>
</bind>
</comp>

<comp id="18" class="1000" name="layer8_out_21_val">
<pin_list>
<pin id="19" dir="1" index="0" bw="1" slack="0"/>
</pin_list>
<bind>
<StgValue><ssdm name="layer8_out_21_val"/></StgValue>
</bind>
</comp>

<comp id="20" class="1000" name="layer8_out_24_val">
<pin_list>
<pin id="21" dir="1" index="0" bw="1" slack="0"/>
</pin_list>
<bind>
<StgValue><ssdm name="layer8_out_24_val"/></StgValue>
</bind>
</comp>

<comp id="22" class="1000" name="layer8_out_28_val">
<pin_list>
<pin id="23" dir="1" index="0" bw="1" slack="0"/>
</pin_list>
<bind>
<StgValue><ssdm name="layer8_out_28_val"/></StgValue>
</bind>
</comp>

<comp id="24" class="1000" name="layer8_out_31_val">
<pin_list>
<pin id="25" dir="1" index="0" bw="1" slack="0"/>
</pin_list>
<bind>
<StgValue><ssdm name="layer8_out_31_val"/></StgValue>
</bind>
</comp>

<comp id="26" class="1001" name="const_26">
<pin_list>
<pin id="27" dir="1" index="0" bw="1" slack="2147483647"/>
</pin_list>
<bind>
<StgValue><ssdm name="_ssdm_op_SpecPipeline"/></StgValue>
</bind>
</comp>

<comp id="28" class="1001" name="const_28">
<pin_list>
<pin id="29" dir="1" index="0" bw="1" slack="2147483647"/>
</pin_list>
<bind>
<StgValue><ssdm name=""/></StgValue>
</bind>
</comp>

<comp id="30" class="1001" name="const_30">
<pin_list>
<pin id="31" dir="1" index="0" bw="1" slack="2147483647"/>
</pin_list>
<bind>
<StgValue><ssdm name=""/></StgValue>
</bind>
</comp>

<comp id="32" class="1001" name="const_32">
<pin_list>
<pin id="33" dir="1" index="0" bw="1" slack="2147483647"/>
</pin_list>
<bind>
<StgValue><ssdm name="empty_0"/></StgValue>
</bind>
</comp>

<comp id="34" class="1001" name="const_34">
<pin_list>
<pin id="35" dir="1" index="0" bw="1" slack="0"/>
</pin_list>
<bind>
<StgValue><ssdm name="_ssdm_op_Read.ap_auto.i12"/></StgValue>
</bind>
</comp>

<comp id="36" class="1001" name="const_36">
<pin_list>
<pin id="37" dir="1" index="0" bw="1" slack="0"/>
</pin_list>
<bind>
<StgValue><ssdm name=""/></StgValue>
</bind>
</comp>

<comp id="38" class="1001" name="const_38">
<pin_list>
<pin id="39" dir="1" index="0" bw="1" slack="0"/>
</pin_list>
<bind>
<StgValue><ssdm name=""/></StgValue>
</bind>
</comp>

<comp id="40" class="1001" name="const_40">
<pin_list>
<pin id="41" dir="1" index="0" bw="1" slack="0"/>
</pin_list>
<bind>
<StgValue><ssdm name=""/></StgValue>
</bind>
</comp>

<comp id="42" class="1004" name="layer8_out_31_val_read_read_fu_42">
<pin_list>
<pin id="43" dir="0" index="0" bw="12" slack="0"/>
<pin id="44" dir="0" index="1" bw="12" slack="0"/>
<pin id="45" dir="1" index="2" bw="12" slack="0"/>
</pin_list>
<bind>
<opcode="read(1150) " fcode="read"/>
<opset="layer8_out_31_val_read/1 "/>
</bind>
</comp>

<comp id="48" class="1004" name="layer8_out_28_val_read_read_fu_48">
<pin_list>
<pin id="49" dir="0" index="0" bw="12" slack="0"/>
<pin id="50" dir="0" index="1" bw="12" slack="0"/>
<pin id="51" dir="1" index="2" bw="12" slack="0"/>
</pin_list>
<bind>
<opcode="read(1150) " fcode="read"/>
<opset="layer8_out_28_val_read/1 "/>
</bind>
</comp>

<comp id="54" class="1004" name="layer8_out_24_val_read_read_fu_54">
<pin_list>
<pin id="55" dir="0" index="0" bw="12" slack="0"/>
<pin id="56" dir="0" index="1" bw="12" slack="0"/>
<pin id="57" dir="1" index="2" bw="12" slack="0"/>
</pin_list>
<bind>
<opcode="read(1150) " fcode="read"/>
<opset="layer8_out_24_val_read/1 "/>
</bind>
</comp>

<comp id="60" class="1004" name="layer8_out_21_val_read_read_fu_60">
<pin_list>
<pin id="61" dir="0" index="0" bw="12" slack="0"/>
<pin id="62" dir="0" index="1" bw="12" slack="0"/>
<pin id="63" dir="1" index="2" bw="12" slack="0"/>
</pin_list>
<bind>
<opcode="read(1150) " fcode="read"/>
<opset="layer8_out_21_val_read/1 "/>
</bind>
</comp>

<comp id="66" class="1004" name="layer8_out_18_val_read_read_fu_66">
<pin_list>
<pin id="67" dir="0" index="0" bw="12" slack="0"/>
<pin id="68" dir="0" index="1" bw="12" slack="0"/>
<pin id="69" dir="1" index="2" bw="12" slack="0"/>
</pin_list>
<bind>
<opcode="read(1150) " fcode="read"/>
<opset="layer8_out_18_val_read/1 "/>
</bind>
</comp>

<comp id="72" class="1004" name="layer8_out_15_val_read_read_fu_72">
<pin_list>
<pin id="73" dir="0" index="0" bw="12" slack="0"/>
<pin id="74" dir="0" index="1" bw="12" slack="0"/>
<pin id="75" dir="1" index="2" bw="12" slack="0"/>
</pin_list>
<bind>
<opcode="read(1150) " fcode="read"/>
<opset="layer8_out_15_val_read/1 "/>
</bind>
</comp>

<comp id="78" class="1004" name="layer8_out_12_val_read_read_fu_78">
<pin_list>
<pin id="79" dir="0" index="0" bw="12" slack="0"/>
<pin id="80" dir="0" index="1" bw="12" slack="0"/>
<pin id="81" dir="1" index="2" bw="12" slack="0"/>
</pin_list>
<bind>
<opcode="read(1150) " fcode="read"/>
<opset="layer8_out_12_val_read/1 "/>
</bind>
</comp>

<comp id="84" class="1004" name="layer8_out_8_val_read_read_fu_84">
<pin_list>
<pin id="85" dir="0" index="0" bw="12" slack="0"/>
<pin id="86" dir="0" index="1" bw="12" slack="0"/>
<pin id="87" dir="1" index="2" bw="12" slack="0"/>
</pin_list>
<bind>
<opcode="read(1150) " fcode="read"/>
<opset="layer8_out_8_val_read/1 "/>
</bind>
</comp>

<comp id="90" class="1004" name="layer8_out_4_val_read_read_fu_90">
<pin_list>
<pin id="91" dir="0" index="0" bw="12" slack="0"/>
<pin id="92" dir="0" index="1" bw="12" slack="0"/>
<pin id="93" dir="1" index="2" bw="12" slack="0"/>
</pin_list>
<bind>
<opcode="read(1150) " fcode="read"/>
<opset="layer8_out_4_val_read/1 "/>
</bind>
</comp>

<comp id="96" class="1004" name="layer8_out_3_val_read_read_fu_96">
<pin_list>
<pin id="97" dir="0" index="0" bw="12" slack="0"/>
<pin id="98" dir="0" index="1" bw="12" slack="0"/>
<pin id="99" dir="1" index="2" bw="12" slack="0"/>
</pin_list>
<bind>
<opcode="read(1150) " fcode="read"/>
<opset="layer8_out_3_val_read/1 "/>
</bind>
</comp>

<comp id="102" class="1004" name="layer8_out_2_val_read_read_fu_102">
<pin_list>
<pin id="103" dir="0" index="0" bw="12" slack="0"/>
<pin id="104" dir="0" index="1" bw="12" slack="0"/>
<pin id="105" dir="1" index="2" bw="12" slack="0"/>
</pin_list>
<bind>
<opcode="read(1150) " fcode="read"/>
<opset="layer8_out_2_val_read/1 "/>
</bind>
</comp>

<comp id="108" class="1004" name="layer8_out_1_val_read_read_fu_108">
<pin_list>
<pin id="109" dir="0" index="0" bw="12" slack="0"/>
<pin id="110" dir="0" index="1" bw="12" slack="0"/>
<pin id="111" dir="1" index="2" bw="12" slack="0"/>
</pin_list>
<bind>
<opcode="read(1150) " fcode="read"/>
<opset="layer8_out_1_val_read/1 "/>
</bind>
</comp>

<comp id="114" class="1004" name="layer8_out_0_val_read_read_fu_114">
<pin_list>
<pin id="115" dir="0" index="0" bw="12" slack="0"/>
<pin id="116" dir="0" index="1" bw="12" slack="0"/>
<pin id="117" dir="1" index="2" bw="12" slack="0"/>
</pin_list>
<bind>
<opcode="read(1150) " fcode="read"/>
<opset="layer8_out_0_val_read/1 "/>
</bind>
</comp>

<comp id="120" class="1004" name="icmp_ln45_fu_120">
<pin_list>
<pin id="121" dir="0" index="0" bw="12" slack="0"/>
<pin id="122" dir="0" index="1" bw="1" slack="0"/>
<pin id="123" dir="1" index="2" bw="1" slack="0"/>
</pin_list>
<bind>
<opcode="icmp(45) " fcode="icmp"/>
<opset="icmp_ln45/1 "/>
</bind>
</comp>

<comp id="126" class="1004" name="trunc_ln46_fu_126">
<pin_list>
<pin id="127" dir="0" index="0" bw="12" slack="0"/>
<pin id="128" dir="1" index="1" bw="9" slack="0"/>
</pin_list>
<bind>
<opcode="trunc(33) " fcode="trunc"/>
<opset="trunc_ln46/1 "/>
</bind>
</comp>

<comp id="130" class="1004" name="select_ln45_fu_130">
<pin_list>
<pin id="131" dir="0" index="0" bw="1" slack="0"/>
<pin id="132" dir="0" index="1" bw="9" slack="0"/>
<pin id="133" dir="0" index="2" bw="1" slack="0"/>
<pin id="134" dir="1" index="3" bw="9" slack="0"/>
</pin_list>
<bind>
<opcode="select(49) " fcode="select"/>
<opset="select_ln45/1 "/>
</bind>
</comp>

<comp id="138" class="1004" name="icmp_ln45_29_fu_138">
<pin_list>
<pin id="139" dir="0" index="0" bw="12" slack="0"/>
<pin id="140" dir="0" index="1" bw="1" slack="0"/>
<pin id="141" dir="1" index="2" bw="1" slack="0"/>
</pin_list>
<bind>
<opcode="icmp(45) " fcode="icmp"/>
<opset="icmp_ln45_29/1 "/>
</bind>
</comp>

<comp id="144" class="1004" name="trunc_ln46_29_fu_144">
<pin_list>
<pin id="145" dir="0" index="0" bw="12" slack="0"/>
<pin id="146" dir="1" index="1" bw="9" slack="0"/>
</pin_list>
<bind>
<opcode="trunc(33) " fcode="trunc"/>
<opset="trunc_ln46_29/1 "/>
</bind>
</comp>

<comp id="148" class="1004" name="select_ln45_29_fu_148">
<pin_list>
<pin id="149" dir="0" index="0" bw="1" slack="0"/>
<pin id="150" dir="0" index="1" bw="9" slack="0"/>
<pin id="151" dir="0" index="2" bw="1" slack="0"/>
<pin id="152" dir="1" index="3" bw="9" slack="0"/>
</pin_list>
<bind>
<opcode="select(49) " fcode="select"/>
<opset="select_ln45_29/1 "/>
</bind>
</comp>

<comp id="156" class="1004" name="icmp_ln45_30_fu_156">
<pin_list>
<pin id="157" dir="0" index="0" bw="12" slack="0"/>
<pin id="158" dir="0" index="1" bw="1" slack="0"/>
<pin id="159" dir="1" index="2" bw="1" slack="0"/>
</pin_list>
<bind>
<opcode="icmp(45) " fcode="icmp"/>
<opset="icmp_ln45_30/1 "/>
</bind>
</comp>

<comp id="162" class="1004" name="trunc_ln46_30_fu_162">
<pin_list>
<pin id="163" dir="0" index="0" bw="12" slack="0"/>
<pin id="164" dir="1" index="1" bw="9" slack="0"/>
</pin_list>
<bind>
<opcode="trunc(33) " fcode="trunc"/>
<opset="trunc_ln46_30/1 "/>
</bind>
</comp>

<comp id="166" class="1004" name="select_ln45_30_fu_166">
<pin_list>
<pin id="167" dir="0" index="0" bw="1" slack="0"/>
<pin id="168" dir="0" index="1" bw="9" slack="0"/>
<pin id="169" dir="0" index="2" bw="1" slack="0"/>
<pin id="170" dir="1" index="3" bw="9" slack="0"/>
</pin_list>
<bind>
<opcode="select(49) " fcode="select"/>
<opset="select_ln45_30/1 "/>
</bind>
</comp>

<comp id="174" class="1004" name="icmp_ln45_31_fu_174">
<pin_list>
<pin id="175" dir="0" index="0" bw="12" slack="0"/>
<pin id="176" dir="0" index="1" bw="1" slack="0"/>
<pin id="177" dir="1" index="2" bw="1" slack="0"/>
</pin_list>
<bind>
<opcode="icmp(45) " fcode="icmp"/>
<opset="icmp_ln45_31/1 "/>
</bind>
</comp>

<comp id="180" class="1004" name="trunc_ln46_31_fu_180">
<pin_list>
<pin id="181" dir="0" index="0" bw="12" slack="0"/>
<pin id="182" dir="1" index="1" bw="9" slack="0"/>
</pin_list>
<bind>
<opcode="trunc(33) " fcode="trunc"/>
<opset="trunc_ln46_31/1 "/>
</bind>
</comp>

<comp id="184" class="1004" name="select_ln45_31_fu_184">
<pin_list>
<pin id="185" dir="0" index="0" bw="1" slack="0"/>
<pin id="186" dir="0" index="1" bw="9" slack="0"/>
<pin id="187" dir="0" index="2" bw="1" slack="0"/>
<pin id="188" dir="1" index="3" bw="9" slack="0"/>
</pin_list>
<bind>
<opcode="select(49) " fcode="select"/>
<opset="select_ln45_31/1 "/>
</bind>
</comp>

<comp id="192" class="1004" name="icmp_ln45_32_fu_192">
<pin_list>
<pin id="193" dir="0" index="0" bw="12" slack="0"/>
<pin id="194" dir="0" index="1" bw="1" slack="0"/>
<pin id="195" dir="1" index="2" bw="1" slack="0"/>
</pin_list>
<bind>
<opcode="icmp(45) " fcode="icmp"/>
<opset="icmp_ln45_32/1 "/>
</bind>
</comp>

<comp id="198" class="1004" name="trunc_ln46_32_fu_198">
<pin_list>
<pin id="199" dir="0" index="0" bw="12" slack="0"/>
<pin id="200" dir="1" index="1" bw="9" slack="0"/>
</pin_list>
<bind>
<opcode="trunc(33) " fcode="trunc"/>
<opset="trunc_ln46_32/1 "/>
</bind>
</comp>

<comp id="202" class="1004" name="select_ln45_32_fu_202">
<pin_list>
<pin id="203" dir="0" index="0" bw="1" slack="0"/>
<pin id="204" dir="0" index="1" bw="9" slack="0"/>
<pin id="205" dir="0" index="2" bw="1" slack="0"/>
<pin id="206" dir="1" index="3" bw="9" slack="0"/>
</pin_list>
<bind>
<opcode="select(49) " fcode="select"/>
<opset="select_ln45_32/1 "/>
</bind>
</comp>

<comp id="210" class="1004" name="icmp_ln45_33_fu_210">
<pin_list>
<pin id="211" dir="0" index="0" bw="12" slack="0"/>
<pin id="212" dir="0" index="1" bw="1" slack="0"/>
<pin id="213" dir="1" index="2" bw="1" slack="0"/>
</pin_list>
<bind>
<opcode="icmp(45) " fcode="icmp"/>
<opset="icmp_ln45_33/1 "/>
</bind>
</comp>

<comp id="216" class="1004" name="trunc_ln46_33_fu_216">
<pin_list>
<pin id="217" dir="0" index="0" bw="12" slack="0"/>
<pin id="218" dir="1" index="1" bw="9" slack="0"/>
</pin_list>
<bind>
<opcode="trunc(33) " fcode="trunc"/>
<opset="trunc_ln46_33/1 "/>
</bind>
</comp>

<comp id="220" class="1004" name="select_ln45_33_fu_220">
<pin_list>
<pin id="221" dir="0" index="0" bw="1" slack="0"/>
<pin id="222" dir="0" index="1" bw="9" slack="0"/>
<pin id="223" dir="0" index="2" bw="1" slack="0"/>
<pin id="224" dir="1" index="3" bw="9" slack="0"/>
</pin_list>
<bind>
<opcode="select(49) " fcode="select"/>
<opset="select_ln45_33/1 "/>
</bind>
</comp>

<comp id="228" class="1004" name="icmp_ln45_34_fu_228">
<pin_list>
<pin id="229" dir="0" index="0" bw="12" slack="0"/>
<pin id="230" dir="0" index="1" bw="1" slack="0"/>
<pin id="231" dir="1" index="2" bw="1" slack="0"/>
</pin_list>
<bind>
<opcode="icmp(45) " fcode="icmp"/>
<opset="icmp_ln45_34/1 "/>
</bind>
</comp>

<comp id="234" class="1004" name="trunc_ln46_34_fu_234">
<pin_list>
<pin id="235" dir="0" index="0" bw="12" slack="0"/>
<pin id="236" dir="1" index="1" bw="9" slack="0"/>
</pin_list>
<bind>
<opcode="trunc(33) " fcode="trunc"/>
<opset="trunc_ln46_34/1 "/>
</bind>
</comp>

<comp id="238" class="1004" name="select_ln45_34_fu_238">
<pin_list>
<pin id="239" dir="0" index="0" bw="1" slack="0"/>
<pin id="240" dir="0" index="1" bw="9" slack="0"/>
<pin id="241" dir="0" index="2" bw="1" slack="0"/>
<pin id="242" dir="1" index="3" bw="9" slack="0"/>
</pin_list>
<bind>
<opcode="select(49) " fcode="select"/>
<opset="select_ln45_34/1 "/>
</bind>
</comp>

<comp id="246" class="1004" name="icmp_ln45_35_fu_246">
<pin_list>
<pin id="247" dir="0" index="0" bw="12" slack="0"/>
<pin id="248" dir="0" index="1" bw="1" slack="0"/>
<pin id="249" dir="1" index="2" bw="1" slack="0"/>
</pin_list>
<bind>
<opcode="icmp(45) " fcode="icmp"/>
<opset="icmp_ln45_35/1 "/>
</bind>
</comp>

<comp id="252" class="1004" name="trunc_ln46_35_fu_252">
<pin_list>
<pin id="253" dir="0" index="0" bw="12" slack="0"/>
<pin id="254" dir="1" index="1" bw="9" slack="0"/>
</pin_list>
<bind>
<opcode="trunc(33) " fcode="trunc"/>
<opset="trunc_ln46_35/1 "/>
</bind>
</comp>

<comp id="256" class="1004" name="select_ln45_35_fu_256">
<pin_list>
<pin id="257" dir="0" index="0" bw="1" slack="0"/>
<pin id="258" dir="0" index="1" bw="9" slack="0"/>
<pin id="259" dir="0" index="2" bw="1" slack="0"/>
<pin id="260" dir="1" index="3" bw="9" slack="0"/>
</pin_list>
<bind>
<opcode="select(49) " fcode="select"/>
<opset="select_ln45_35/1 "/>
</bind>
</comp>

<comp id="264" class="1004" name="icmp_ln45_36_fu_264">
<pin_list>
<pin id="265" dir="0" index="0" bw="12" slack="0"/>
<pin id="266" dir="0" index="1" bw="1" slack="0"/>
<pin id="267" dir="1" index="2" bw="1" slack="0"/>
</pin_list>
<bind>
<opcode="icmp(45) " fcode="icmp"/>
<opset="icmp_ln45_36/1 "/>
</bind>
</comp>

<comp id="270" class="1004" name="trunc_ln46_36_fu_270">
<pin_list>
<pin id="271" dir="0" index="0" bw="12" slack="0"/>
<pin id="272" dir="1" index="1" bw="9" slack="0"/>
</pin_list>
<bind>
<opcode="trunc(33) " fcode="trunc"/>
<opset="trunc_ln46_36/1 "/>
</bind>
</comp>

<comp id="274" class="1004" name="select_ln45_36_fu_274">
<pin_list>
<pin id="275" dir="0" index="0" bw="1" slack="0"/>
<pin id="276" dir="0" index="1" bw="9" slack="0"/>
<pin id="277" dir="0" index="2" bw="1" slack="0"/>
<pin id="278" dir="1" index="3" bw="9" slack="0"/>
</pin_list>
<bind>
<opcode="select(49) " fcode="select"/>
<opset="select_ln45_36/1 "/>
</bind>
</comp>

<comp id="282" class="1004" name="icmp_ln45_37_fu_282">
<pin_list>
<pin id="283" dir="0" index="0" bw="12" slack="0"/>
<pin id="284" dir="0" index="1" bw="1" slack="0"/>
<pin id="285" dir="1" index="2" bw="1" slack="0"/>
</pin_list>
<bind>
<opcode="icmp(45) " fcode="icmp"/>
<opset="icmp_ln45_37/1 "/>
</bind>
</comp>

<comp id="288" class="1004" name="trunc_ln46_37_fu_288">
<pin_list>
<pin id="289" dir="0" index="0" bw="12" slack="0"/>
<pin id="290" dir="1" index="1" bw="9" slack="0"/>
</pin_list>
<bind>
<opcode="trunc(33) " fcode="trunc"/>
<opset="trunc_ln46_37/1 "/>
</bind>
</comp>

<comp id="292" class="1004" name="select_ln45_37_fu_292">
<pin_list>
<pin id="293" dir="0" index="0" bw="1" slack="0"/>
<pin id="294" dir="0" index="1" bw="9" slack="0"/>
<pin id="295" dir="0" index="2" bw="1" slack="0"/>
<pin id="296" dir="1" index="3" bw="9" slack="0"/>
</pin_list>
<bind>
<opcode="select(49) " fcode="select"/>
<opset="select_ln45_37/1 "/>
</bind>
</comp>

<comp id="300" class="1004" name="icmp_ln45_38_fu_300">
<pin_list>
<pin id="301" dir="0" index="0" bw="12" slack="0"/>
<pin id="302" dir="0" index="1" bw="1" slack="0"/>
<pin id="303" dir="1" index="2" bw="1" slack="0"/>
</pin_list>
<bind>
<opcode="icmp(45) " fcode="icmp"/>
<opset="icmp_ln45_38/1 "/>
</bind>
</comp>

<comp id="306" class="1004" name="trunc_ln46_38_fu_306">
<pin_list>
<pin id="307" dir="0" index="0" bw="12" slack="0"/>
<pin id="308" dir="1" index="1" bw="9" slack="0"/>
</pin_list>
<bind>
<opcode="trunc(33) " fcode="trunc"/>
<opset="trunc_ln46_38/1 "/>
</bind>
</comp>

<comp id="310" class="1004" name="select_ln45_38_fu_310">
<pin_list>
<pin id="311" dir="0" index="0" bw="1" slack="0"/>
<pin id="312" dir="0" index="1" bw="9" slack="0"/>
<pin id="313" dir="0" index="2" bw="1" slack="0"/>
<pin id="314" dir="1" index="3" bw="9" slack="0"/>
</pin_list>
<bind>
<opcode="select(49) " fcode="select"/>
<opset="select_ln45_38/1 "/>
</bind>
</comp>

<comp id="318" class="1004" name="icmp_ln45_39_fu_318">
<pin_list>
<pin id="319" dir="0" index="0" bw="12" slack="0"/>
<pin id="320" dir="0" index="1" bw="1" slack="0"/>
<pin id="321" dir="1" index="2" bw="1" slack="0"/>
</pin_list>
<bind>
<opcode="icmp(45) " fcode="icmp"/>
<opset="icmp_ln45_39/1 "/>
</bind>
</comp>

<comp id="324" class="1004" name="trunc_ln46_39_fu_324">
<pin_list>
<pin id="325" dir="0" index="0" bw="12" slack="0"/>
<pin id="326" dir="1" index="1" bw="9" slack="0"/>
</pin_list>
<bind>
<opcode="trunc(33) " fcode="trunc"/>
<opset="trunc_ln46_39/1 "/>
</bind>
</comp>

<comp id="328" class="1004" name="select_ln45_39_fu_328">
<pin_list>
<pin id="329" dir="0" index="0" bw="1" slack="0"/>
<pin id="330" dir="0" index="1" bw="9" slack="0"/>
<pin id="331" dir="0" index="2" bw="1" slack="0"/>
<pin id="332" dir="1" index="3" bw="9" slack="0"/>
</pin_list>
<bind>
<opcode="select(49) " fcode="select"/>
<opset="select_ln45_39/1 "/>
</bind>
</comp>

<comp id="336" class="1004" name="icmp_ln45_40_fu_336">
<pin_list>
<pin id="337" dir="0" index="0" bw="12" slack="0"/>
<pin id="338" dir="0" index="1" bw="1" slack="0"/>
<pin id="339" dir="1" index="2" bw="1" slack="0"/>
</pin_list>
<bind>
<opcode="icmp(45) " fcode="icmp"/>
<opset="icmp_ln45_40/1 "/>
</bind>
</comp>

<comp id="342" class="1004" name="trunc_ln46_40_fu_342">
<pin_list>
<pin id="343" dir="0" index="0" bw="12" slack="0"/>
<pin id="344" dir="1" index="1" bw="9" slack="0"/>
</pin_list>
<bind>
<opcode="trunc(33) " fcode="trunc"/>
<opset="trunc_ln46_40/1 "/>
</bind>
</comp>

<comp id="346" class="1004" name="select_ln45_40_fu_346">
<pin_list>
<pin id="347" dir="0" index="0" bw="1" slack="0"/>
<pin id="348" dir="0" index="1" bw="9" slack="0"/>
<pin id="349" dir="0" index="2" bw="1" slack="0"/>
<pin id="350" dir="1" index="3" bw="9" slack="0"/>
</pin_list>
<bind>
<opcode="select(49) " fcode="select"/>
<opset="select_ln45_40/1 "/>
</bind>
</comp>

<comp id="354" class="1004" name="mrv_fu_354">
<pin_list>
<pin id="355" dir="0" index="0" bw="117" slack="0"/>
<pin id="356" dir="0" index="1" bw="9" slack="0"/>
<pin id="357" dir="1" index="2" bw="117" slack="0"/>
</pin_list>
<bind>
<opcode="insertvalue(57) " fcode="insertvalue"/>
<opset="mrv/1 "/>
</bind>
</comp>

<comp id="360" class="1004" name="mrv_1_fu_360">
<pin_list>
<pin id="361" dir="0" index="0" bw="117" slack="0"/>
<pin id="362" dir="0" index="1" bw="9" slack="0"/>
<pin id="363" dir="1" index="2" bw="117" slack="0"/>
</pin_list>
<bind>
<opcode="insertvalue(57) " fcode="insertvalue"/>
<opset="mrv_1/1 "/>
</bind>
</comp>

<comp id="366" class="1004" name="mrv_2_fu_366">
<pin_list>
<pin id="367" dir="0" index="0" bw="117" slack="0"/>
<pin id="368" dir="0" index="1" bw="9" slack="0"/>
<pin id="369" dir="1" index="2" bw="117" slack="0"/>
</pin_list>
<bind>
<opcode="insertvalue(57) " fcode="insertvalue"/>
<opset="mrv_2/1 "/>
</bind>
</comp>

<comp id="372" class="1004" name="mrv_3_fu_372">
<pin_list>
<pin id="373" dir="0" index="0" bw="117" slack="0"/>
<pin id="374" dir="0" index="1" bw="9" slack="0"/>
<pin id="375" dir="1" index="2" bw="117" slack="0"/>
</pin_list>
<bind>
<opcode="insertvalue(57) " fcode="insertvalue"/>
<opset="mrv_3/1 "/>
</bind>
</comp>

<comp id="378" class="1004" name="mrv_4_fu_378">
<pin_list>
<pin id="379" dir="0" index="0" bw="117" slack="0"/>
<pin id="380" dir="0" index="1" bw="9" slack="0"/>
<pin id="381" dir="1" index="2" bw="117" slack="0"/>
</pin_list>
<bind>
<opcode="insertvalue(57) " fcode="insertvalue"/>
<opset="mrv_4/1 "/>
</bind>
</comp>

<comp id="384" class="1004" name="mrv_5_fu_384">
<pin_list>
<pin id="385" dir="0" index="0" bw="117" slack="0"/>
<pin id="386" dir="0" index="1" bw="9" slack="0"/>
<pin id="387" dir="1" index="2" bw="117" slack="0"/>
</pin_list>
<bind>
<opcode="insertvalue(57) " fcode="insertvalue"/>
<opset="mrv_5/1 "/>
</bind>
</comp>

<comp id="390" class="1004" name="mrv_6_fu_390">
<pin_list>
<pin id="391" dir="0" index="0" bw="117" slack="0"/>
<pin id="392" dir="0" index="1" bw="9" slack="0"/>
<pin id="393" dir="1" index="2" bw="117" slack="0"/>
</pin_list>
<bind>
<opcode="insertvalue(57) " fcode="insertvalue"/>
<opset="mrv_6/1 "/>
</bind>
</comp>

<comp id="396" class="1004" name="mrv_7_fu_396">
<pin_list>
<pin id="397" dir="0" index="0" bw="117" slack="0"/>
<pin id="398" dir="0" index="1" bw="9" slack="0"/>
<pin id="399" dir="1" index="2" bw="117" slack="0"/>
</pin_list>
<bind>
<opcode="insertvalue(57) " fcode="insertvalue"/>
<opset="mrv_7/1 "/>
</bind>
</comp>

<comp id="402" class="1004" name="mrv_8_fu_402">
<pin_list>
<pin id="403" dir="0" index="0" bw="117" slack="0"/>
<pin id="404" dir="0" index="1" bw="9" slack="0"/>
<pin id="405" dir="1" index="2" bw="117" slack="0"/>
</pin_list>
<bind>
<opcode="insertvalue(57) " fcode="insertvalue"/>
<opset="mrv_8/1 "/>
</bind>
</comp>

<comp id="408" class="1004" name="mrv_9_fu_408">
<pin_list>
<pin id="409" dir="0" index="0" bw="117" slack="0"/>
<pin id="410" dir="0" index="1" bw="9" slack="0"/>
<pin id="411" dir="1" index="2" bw="117" slack="0"/>
</pin_list>
<bind>
<opcode="insertvalue(57) " fcode="insertvalue"/>
<opset="mrv_9/1 "/>
</bind>
</comp>

<comp id="414" class="1004" name="mrv_10_fu_414">
<pin_list>
<pin id="415" dir="0" index="0" bw="117" slack="0"/>
<pin id="416" dir="0" index="1" bw="9" slack="0"/>
<pin id="417" dir="1" index="2" bw="117" slack="0"/>
</pin_list>
<bind>
<opcode="insertvalue(57) " fcode="insertvalue"/>
<opset="mrv_10/1 "/>
</bind>
</comp>

<comp id="420" class="1004" name="mrv_11_fu_420">
<pin_list>
<pin id="421" dir="0" index="0" bw="117" slack="0"/>
<pin id="422" dir="0" index="1" bw="9" slack="0"/>
<pin id="423" dir="1" index="2" bw="117" slack="0"/>
</pin_list>
<bind>
<opcode="insertvalue(57) " fcode="insertvalue"/>
<opset="mrv_11/1 "/>
</bind>
</comp>

<comp id="426" class="1004" name="mrv_12_fu_426">
<pin_list>
<pin id="427" dir="0" index="0" bw="117" slack="0"/>
<pin id="428" dir="0" index="1" bw="9" slack="0"/>
<pin id="429" dir="1" index="2" bw="117" slack="2147483647"/>
</pin_list>
<bind>
<opcode="insertvalue(57) " fcode="insertvalue"/>
<opset="mrv_12/1 "/>
</bind>
</comp>

</comp_list>

<net_list>
<net id="46"><net_src comp="34" pin="0"/><net_sink comp="42" pin=0"/></net>

<net id="47"><net_src comp="24" pin="0"/><net_sink comp="42" pin=1"/></net>

<net id="52"><net_src comp="34" pin="0"/><net_sink comp="48" pin=0"/></net>

<net id="53"><net_src comp="22" pin="0"/><net_sink comp="48" pin=1"/></net>

<net id="58"><net_src comp="34" pin="0"/><net_sink comp="54" pin=0"/></net>

<net id="59"><net_src comp="20" pin="0"/><net_sink comp="54" pin=1"/></net>

<net id="64"><net_src comp="34" pin="0"/><net_sink comp="60" pin=0"/></net>

<net id="65"><net_src comp="18" pin="0"/><net_sink comp="60" pin=1"/></net>

<net id="70"><net_src comp="34" pin="0"/><net_sink comp="66" pin=0"/></net>

<net id="71"><net_src comp="16" pin="0"/><net_sink comp="66" pin=1"/></net>

<net id="76"><net_src comp="34" pin="0"/><net_sink comp="72" pin=0"/></net>

<net id="77"><net_src comp="14" pin="0"/><net_sink comp="72" pin=1"/></net>

<net id="82"><net_src comp="34" pin="0"/><net_sink comp="78" pin=0"/></net>

<net id="83"><net_src comp="12" pin="0"/><net_sink comp="78" pin=1"/></net>

<net id="88"><net_src comp="34" pin="0"/><net_sink comp="84" pin=0"/></net>

<net id="89"><net_src comp="10" pin="0"/><net_sink comp="84" pin=1"/></net>

<net id="94"><net_src comp="34" pin="0"/><net_sink comp="90" pin=0"/></net>

<net id="95"><net_src comp="8" pin="0"/><net_sink comp="90" pin=1"/></net>

<net id="100"><net_src comp="34" pin="0"/><net_sink comp="96" pin=0"/></net>

<net id="101"><net_src comp="6" pin="0"/><net_sink comp="96" pin=1"/></net>

<net id="106"><net_src comp="34" pin="0"/><net_sink comp="102" pin=0"/></net>

<net id="107"><net_src comp="4" pin="0"/><net_sink comp="102" pin=1"/></net>

<net id="112"><net_src comp="34" pin="0"/><net_sink comp="108" pin=0"/></net>

<net id="113"><net_src comp="2" pin="0"/><net_sink comp="108" pin=1"/></net>

<net id="118"><net_src comp="34" pin="0"/><net_sink comp="114" pin=0"/></net>

<net id="119"><net_src comp="0" pin="0"/><net_sink comp="114" pin=1"/></net>

<net id="124"><net_src comp="114" pin="2"/><net_sink comp="120" pin=0"/></net>

<net id="125"><net_src comp="36" pin="0"/><net_sink comp="120" pin=1"/></net>

<net id="129"><net_src comp="114" pin="2"/><net_sink comp="126" pin=0"/></net>

<net id="135"><net_src comp="120" pin="2"/><net_sink comp="130" pin=0"/></net>

<net id="136"><net_src comp="126" pin="1"/><net_sink comp="130" pin=1"/></net>

<net id="137"><net_src comp="38" pin="0"/><net_sink comp="130" pin=2"/></net>

<net id="142"><net_src comp="108" pin="2"/><net_sink comp="138" pin=0"/></net>

<net id="143"><net_src comp="36" pin="0"/><net_sink comp="138" pin=1"/></net>

<net id="147"><net_src comp="108" pin="2"/><net_sink comp="144" pin=0"/></net>

<net id="153"><net_src comp="138" pin="2"/><net_sink comp="148" pin=0"/></net>

<net id="154"><net_src comp="144" pin="1"/><net_sink comp="148" pin=1"/></net>

<net id="155"><net_src comp="38" pin="0"/><net_sink comp="148" pin=2"/></net>

<net id="160"><net_src comp="102" pin="2"/><net_sink comp="156" pin=0"/></net>

<net id="161"><net_src comp="36" pin="0"/><net_sink comp="156" pin=1"/></net>

<net id="165"><net_src comp="102" pin="2"/><net_sink comp="162" pin=0"/></net>

<net id="171"><net_src comp="156" pin="2"/><net_sink comp="166" pin=0"/></net>

<net id="172"><net_src comp="162" pin="1"/><net_sink comp="166" pin=1"/></net>

<net id="173"><net_src comp="38" pin="0"/><net_sink comp="166" pin=2"/></net>

<net id="178"><net_src comp="96" pin="2"/><net_sink comp="174" pin=0"/></net>

<net id="179"><net_src comp="36" pin="0"/><net_sink comp="174" pin=1"/></net>

<net id="183"><net_src comp="96" pin="2"/><net_sink comp="180" pin=0"/></net>

<net id="189"><net_src comp="174" pin="2"/><net_sink comp="184" pin=0"/></net>

<net id="190"><net_src comp="180" pin="1"/><net_sink comp="184" pin=1"/></net>

<net id="191"><net_src comp="38" pin="0"/><net_sink comp="184" pin=2"/></net>

<net id="196"><net_src comp="90" pin="2"/><net_sink comp="192" pin=0"/></net>

<net id="197"><net_src comp="36" pin="0"/><net_sink comp="192" pin=1"/></net>

<net id="201"><net_src comp="90" pin="2"/><net_sink comp="198" pin=0"/></net>

<net id="207"><net_src comp="192" pin="2"/><net_sink comp="202" pin=0"/></net>

<net id="208"><net_src comp="198" pin="1"/><net_sink comp="202" pin=1"/></net>

<net id="209"><net_src comp="38" pin="0"/><net_sink comp="202" pin=2"/></net>

<net id="214"><net_src comp="84" pin="2"/><net_sink comp="210" pin=0"/></net>

<net id="215"><net_src comp="36" pin="0"/><net_sink comp="210" pin=1"/></net>

<net id="219"><net_src comp="84" pin="2"/><net_sink comp="216" pin=0"/></net>

<net id="225"><net_src comp="210" pin="2"/><net_sink comp="220" pin=0"/></net>

<net id="226"><net_src comp="216" pin="1"/><net_sink comp="220" pin=1"/></net>

<net id="227"><net_src comp="38" pin="0"/><net_sink comp="220" pin=2"/></net>

<net id="232"><net_src comp="78" pin="2"/><net_sink comp="228" pin=0"/></net>

<net id="233"><net_src comp="36" pin="0"/><net_sink comp="228" pin=1"/></net>

<net id="237"><net_src comp="78" pin="2"/><net_sink comp="234" pin=0"/></net>

<net id="243"><net_src comp="228" pin="2"/><net_sink comp="238" pin=0"/></net>

<net id="244"><net_src comp="234" pin="1"/><net_sink comp="238" pin=1"/></net>

<net id="245"><net_src comp="38" pin="0"/><net_sink comp="238" pin=2"/></net>

<net id="250"><net_src comp="72" pin="2"/><net_sink comp="246" pin=0"/></net>

<net id="251"><net_src comp="36" pin="0"/><net_sink comp="246" pin=1"/></net>

<net id="255"><net_src comp="72" pin="2"/><net_sink comp="252" pin=0"/></net>

<net id="261"><net_src comp="246" pin="2"/><net_sink comp="256" pin=0"/></net>

<net id="262"><net_src comp="252" pin="1"/><net_sink comp="256" pin=1"/></net>

<net id="263"><net_src comp="38" pin="0"/><net_sink comp="256" pin=2"/></net>

<net id="268"><net_src comp="66" pin="2"/><net_sink comp="264" pin=0"/></net>

<net id="269"><net_src comp="36" pin="0"/><net_sink comp="264" pin=1"/></net>

<net id="273"><net_src comp="66" pin="2"/><net_sink comp="270" pin=0"/></net>

<net id="279"><net_src comp="264" pin="2"/><net_sink comp="274" pin=0"/></net>

<net id="280"><net_src comp="270" pin="1"/><net_sink comp="274" pin=1"/></net>

<net id="281"><net_src comp="38" pin="0"/><net_sink comp="274" pin=2"/></net>

<net id="286"><net_src comp="60" pin="2"/><net_sink comp="282" pin=0"/></net>

<net id="287"><net_src comp="36" pin="0"/><net_sink comp="282" pin=1"/></net>

<net id="291"><net_src comp="60" pin="2"/><net_sink comp="288" pin=0"/></net>

<net id="297"><net_src comp="282" pin="2"/><net_sink comp="292" pin=0"/></net>

<net id="298"><net_src comp="288" pin="1"/><net_sink comp="292" pin=1"/></net>

<net id="299"><net_src comp="38" pin="0"/><net_sink comp="292" pin=2"/></net>

<net id="304"><net_src comp="54" pin="2"/><net_sink comp="300" pin=0"/></net>

<net id="305"><net_src comp="36" pin="0"/><net_sink comp="300" pin=1"/></net>

<net id="309"><net_src comp="54" pin="2"/><net_sink comp="306" pin=0"/></net>

<net id="315"><net_src comp="300" pin="2"/><net_sink comp="310" pin=0"/></net>

<net id="316"><net_src comp="306" pin="1"/><net_sink comp="310" pin=1"/></net>

<net id="317"><net_src comp="38" pin="0"/><net_sink comp="310" pin=2"/></net>

<net id="322"><net_src comp="48" pin="2"/><net_sink comp="318" pin=0"/></net>

<net id="323"><net_src comp="36" pin="0"/><net_sink comp="318" pin=1"/></net>

<net id="327"><net_src comp="48" pin="2"/><net_sink comp="324" pin=0"/></net>

<net id="333"><net_src comp="318" pin="2"/><net_sink comp="328" pin=0"/></net>

<net id="334"><net_src comp="324" pin="1"/><net_sink comp="328" pin=1"/></net>

<net id="335"><net_src comp="38" pin="0"/><net_sink comp="328" pin=2"/></net>

<net id="340"><net_src comp="42" pin="2"/><net_sink comp="336" pin=0"/></net>

<net id="341"><net_src comp="36" pin="0"/><net_sink comp="336" pin=1"/></net>

<net id="345"><net_src comp="42" pin="2"/><net_sink comp="342" pin=0"/></net>

<net id="351"><net_src comp="336" pin="2"/><net_sink comp="346" pin=0"/></net>

<net id="352"><net_src comp="342" pin="1"/><net_sink comp="346" pin=1"/></net>

<net id="353"><net_src comp="38" pin="0"/><net_sink comp="346" pin=2"/></net>

<net id="358"><net_src comp="40" pin="0"/><net_sink comp="354" pin=0"/></net>

<net id="359"><net_src comp="130" pin="3"/><net_sink comp="354" pin=1"/></net>

<net id="364"><net_src comp="354" pin="2"/><net_sink comp="360" pin=0"/></net>

<net id="365"><net_src comp="148" pin="3"/><net_sink comp="360" pin=1"/></net>

<net id="370"><net_src comp="360" pin="2"/><net_sink comp="366" pin=0"/></net>

<net id="371"><net_src comp="166" pin="3"/><net_sink comp="366" pin=1"/></net>

<net id="376"><net_src comp="366" pin="2"/><net_sink comp="372" pin=0"/></net>

<net id="377"><net_src comp="184" pin="3"/><net_sink comp="372" pin=1"/></net>

<net id="382"><net_src comp="372" pin="2"/><net_sink comp="378" pin=0"/></net>

<net id="383"><net_src comp="202" pin="3"/><net_sink comp="378" pin=1"/></net>

<net id="388"><net_src comp="378" pin="2"/><net_sink comp="384" pin=0"/></net>

<net id="389"><net_src comp="220" pin="3"/><net_sink comp="384" pin=1"/></net>

<net id="394"><net_src comp="384" pin="2"/><net_sink comp="390" pin=0"/></net>

<net id="395"><net_src comp="238" pin="3"/><net_sink comp="390" pin=1"/></net>

<net id="400"><net_src comp="390" pin="2"/><net_sink comp="396" pin=0"/></net>

<net id="401"><net_src comp="256" pin="3"/><net_sink comp="396" pin=1"/></net>

<net id="406"><net_src comp="396" pin="2"/><net_sink comp="402" pin=0"/></net>

<net id="407"><net_src comp="274" pin="3"/><net_sink comp="402" pin=1"/></net>

<net id="412"><net_src comp="402" pin="2"/><net_sink comp="408" pin=0"/></net>

<net id="413"><net_src comp="292" pin="3"/><net_sink comp="408" pin=1"/></net>

<net id="418"><net_src comp="408" pin="2"/><net_sink comp="414" pin=0"/></net>

<net id="419"><net_src comp="310" pin="3"/><net_sink comp="414" pin=1"/></net>

<net id="424"><net_src comp="414" pin="2"/><net_sink comp="420" pin=0"/></net>

<net id="425"><net_src comp="328" pin="3"/><net_sink comp="420" pin=1"/></net>

<net id="430"><net_src comp="420" pin="2"/><net_sink comp="426" pin=0"/></net>

<net id="431"><net_src comp="346" pin="3"/><net_sink comp="426" pin=1"/></net>

</net_list>

</model> 
---------------- Datapath Model END ------------------

* FSMD analyzer results:
  - Output states:
 - Input state : 
	Port: relu<ap_fixed<12, 10, 5, 3, 0>, ap_ufixed<9, 7, 5, 3, 0>, ReLU_config11> : layer8_out_0_val | {1 }
	Port: relu<ap_fixed<12, 10, 5, 3, 0>, ap_ufixed<9, 7, 5, 3, 0>, ReLU_config11> : layer8_out_1_val | {1 }
	Port: relu<ap_fixed<12, 10, 5, 3, 0>, ap_ufixed<9, 7, 5, 3, 0>, ReLU_config11> : layer8_out_2_val | {1 }
	Port: relu<ap_fixed<12, 10, 5, 3, 0>, ap_ufixed<9, 7, 5, 3, 0>, ReLU_config11> : layer8_out_3_val | {1 }
	Port: relu<ap_fixed<12, 10, 5, 3, 0>, ap_ufixed<9, 7, 5, 3, 0>, ReLU_config11> : layer8_out_4_val | {1 }
	Port: relu<ap_fixed<12, 10, 5, 3, 0>, ap_ufixed<9, 7, 5, 3, 0>, ReLU_config11> : layer8_out_8_val | {1 }
	Port: relu<ap_fixed<12, 10, 5, 3, 0>, ap_ufixed<9, 7, 5, 3, 0>, ReLU_config11> : layer8_out_12_val | {1 }
	Port: relu<ap_fixed<12, 10, 5, 3, 0>, ap_ufixed<9, 7, 5, 3, 0>, ReLU_config11> : layer8_out_15_val | {1 }
	Port: relu<ap_fixed<12, 10, 5, 3, 0>, ap_ufixed<9, 7, 5, 3, 0>, ReLU_config11> : layer8_out_18_val | {1 }
	Port: relu<ap_fixed<12, 10, 5, 3, 0>, ap_ufixed<9, 7, 5, 3, 0>, ReLU_config11> : layer8_out_21_val | {1 }
	Port: relu<ap_fixed<12, 10, 5, 3, 0>, ap_ufixed<9, 7, 5, 3, 0>, ReLU_config11> : layer8_out_24_val | {1 }
	Port: relu<ap_fixed<12, 10, 5, 3, 0>, ap_ufixed<9, 7, 5, 3, 0>, ReLU_config11> : layer8_out_28_val | {1 }
	Port: relu<ap_fixed<12, 10, 5, 3, 0>, ap_ufixed<9, 7, 5, 3, 0>, ReLU_config11> : layer8_out_31_val | {1 }
  - Chain level:
	State 1
		select_ln45 : 1
		select_ln45_29 : 1
		select_ln45_30 : 1
		select_ln45_31 : 1
		select_ln45_32 : 1
		select_ln45_33 : 1
		select_ln45_34 : 1
		select_ln45_35 : 1
		select_ln45_36 : 1
		select_ln45_37 : 1
		select_ln45_38 : 1
		select_ln45_39 : 1
		select_ln45_40 : 1
		mrv : 2
		mrv_1 : 3
		mrv_2 : 4
		mrv_3 : 5
		mrv_4 : 6
		mrv_5 : 7
		mrv_6 : 8
		mrv_7 : 9
		mrv_8 : 10
		mrv_9 : 11
		mrv_10 : 12
		mrv_11 : 13
		mrv_12 : 14
		ret_ln45 : 15


============================================================
+ Verbose Summary: Datapath Resource usage 
============================================================

* Functional unit list:
|----------|-----------------------------------|---------|---------|
| Operation|          Functional Unit          |    FF   |   LUT   |
|----------|-----------------------------------|---------|---------|
|          |          icmp_ln45_fu_120         |    0    |    12   |
|          |        icmp_ln45_29_fu_138        |    0    |    12   |
|          |        icmp_ln45_30_fu_156        |    0    |    12   |
|          |        icmp_ln45_31_fu_174        |    0    |    12   |
|          |        icmp_ln45_32_fu_192        |    0    |    12   |
|          |        icmp_ln45_33_fu_210        |    0    |    12   |
|   icmp   |        icmp_ln45_34_fu_228        |    0    |    12   |
|          |        icmp_ln45_35_fu_246        |    0    |    12   |
|          |        icmp_ln45_36_fu_264        |    0    |    12   |
|          |        icmp_ln45_37_fu_282        |    0    |    12   |
|          |        icmp_ln45_38_fu_300        |    0    |    12   |
|          |        icmp_ln45_39_fu_318        |    0    |    12   |
|          |        icmp_ln45_40_fu_336        |    0    |    12   |
|----------|-----------------------------------|---------|---------|
|          |         select_ln45_fu_130        |    0    |    9    |
|          |       select_ln45_29_fu_148       |    0    |    9    |
|          |       select_ln45_30_fu_166       |    0    |    9    |
|          |       select_ln45_31_fu_184       |    0    |    9    |
|          |       select_ln45_32_fu_202       |    0    |    9    |
|          |       select_ln45_33_fu_220       |    0    |    9    |
|  select  |       select_ln45_34_fu_238       |    0    |    9    |
|          |       select_ln45_35_fu_256       |    0    |    9    |
|          |       select_ln45_36_fu_274       |    0    |    9    |
|          |       select_ln45_37_fu_292       |    0    |    9    |
|          |       select_ln45_38_fu_310       |    0    |    9    |
|          |       select_ln45_39_fu_328       |    0    |    9    |
|          |       select_ln45_40_fu_346       |    0    |    9    |
|----------|-----------------------------------|---------|---------|
|          | layer8_out_31_val_read_read_fu_42 |    0    |    0    |
|          | layer8_out_28_val_read_read_fu_48 |    0    |    0    |
|          | layer8_out_24_val_read_read_fu_54 |    0    |    0    |
|          | layer8_out_21_val_read_read_fu_60 |    0    |    0    |
|          | layer8_out_18_val_read_read_fu_66 |    0    |    0    |
|          | layer8_out_15_val_read_read_fu_72 |    0    |    0    |
|   read   | layer8_out_12_val_read_read_fu_78 |    0    |    0    |
|          |  layer8_out_8_val_read_read_fu_84 |    0    |    0    |
|          |  layer8_out_4_val_read_read_fu_90 |    0    |    0    |
|          |  layer8_out_3_val_read_read_fu_96 |    0    |    0    |
|          | layer8_out_2_val_read_read_fu_102 |    0    |    0    |
|          | layer8_out_1_val_read_read_fu_108 |    0    |    0    |
|          | layer8_out_0_val_read_read_fu_114 |    0    |    0    |
|----------|-----------------------------------|---------|---------|
|          |         trunc_ln46_fu_126         |    0    |    0    |
|          |        trunc_ln46_29_fu_144       |    0    |    0    |
|          |        trunc_ln46_30_fu_162       |    0    |    0    |
|          |        trunc_ln46_31_fu_180       |    0    |    0    |
|          |        trunc_ln46_32_fu_198       |    0    |    0    |
|          |        trunc_ln46_33_fu_216       |    0    |    0    |
|   trunc  |        trunc_ln46_34_fu_234       |    0    |    0    |
|          |        trunc_ln46_35_fu_252       |    0    |    0    |
|          |        trunc_ln46_36_fu_270       |    0    |    0    |
|          |        trunc_ln46_37_fu_288       |    0    |    0    |
|          |        trunc_ln46_38_fu_306       |    0    |    0    |
|          |        trunc_ln46_39_fu_324       |    0    |    0    |
|          |        trunc_ln46_40_fu_342       |    0    |    0    |
|----------|-----------------------------------|---------|---------|
|          |             mrv_fu_354            |    0    |    0    |
|          |            mrv_1_fu_360           |    0    |    0    |
|          |            mrv_2_fu_366           |    0    |    0    |
|          |            mrv_3_fu_372           |    0    |    0    |
|          |            mrv_4_fu_378           |    0    |    0    |
|          |            mrv_5_fu_384           |    0    |    0    |
|insertvalue|            mrv_6_fu_390           |    0    |    0    |
|          |            mrv_7_fu_396           |    0    |    0    |
|          |            mrv_8_fu_402           |    0    |    0    |
|          |            mrv_9_fu_408           |    0    |    0    |
|          |           mrv_10_fu_414           |    0    |    0    |
|          |           mrv_11_fu_420           |    0    |    0    |
|          |           mrv_12_fu_426           |    0    |    0    |
|----------|-----------------------------------|---------|---------|
|   Total  |                                   |    0    |   273   |
|----------|-----------------------------------|---------|---------|

Memories:
N/A

* Register list:
N/A

* Multiplexer (MUX) list: 
|--------|------|------|------|--------|
|  Comp  |  Pin | Size |  BW  | S x BW |
|--------|------|------|------|--------|
|  Total |      |      |      |    0   |
|--------|------|------|------|--------|



* Summary:
+-----------+--------+--------+
|           |   FF   |   LUT  |
+-----------+--------+--------+
|  Function |    0   |   273  |
|   Memory  |    -   |    -   |
|Multiplexer|    -   |    -   |
|  Register |    -   |    -   |
+-----------+--------+--------+
|   Total   |    0   |   273  |
+-----------+--------+--------+
